<Event xmlns='http://schemas.microsoft.com/win/2004/08/events/event'><System><Provider Name='Microsoft-Windows-Sysmon' Guid='{5770385f-c22a-43e0-bf4c-06f5698ffbd9}'/><EventID>11</EventID><Version>2</Version><Level>4</Level><Task>11</Task><Opcode>0</Opcode><Keywords>0x8000000000000000</Keywords><TimeCreated SystemTime='2020-05-18T07:22:14.987594800Z'/><EventRecordID>3749</EventRecordID><Correlation/><Execution ProcessID='1036' ThreadID='1524'/><Channel>Microsoft-Windows-Sysmon/Operational</Channel><Computer>DESKTOP-P84STH6</Computer><Security UserID='S-1-5-18'/></System><EventData><Data Name='RuleName'>DLL</Data><Data Name='UtcTime'>2020-05-18 07:22:14.987</Data><Data Name='ProcessGuid'>{5d3d98af-375d-5ec2-0000-00103c1c0301}</Data><Data Name='ProcessId'>572</Data><Data Name='Image'>C:\Windows\system32\cleanmgr.exe</Data><Data Name='TargetFilename'>C:\Users\NS\AppData\Local\Temp\E165B920-19E7-45EE-94E7-C30974DBDBA0\FfuProvider.dll</Data><Data Name='CreationUtcTime'>2020-05-18 07:22:14.953</Data></EventData></Event><Event xmlns='http://schemas.microsoft.com/win/2004/08/events/event'><System><Provider Name='Microsoft-Windows-Sysmon' Guid='{5770385f-c22a-43e0-bf4c-06f5698ffbd9}'/><EventID>11</EventID><Version>2</Version><Level>4</Level><Task>11</Task><Opcode>0</Opcode><Keywords>0x8000000000000000</Keywords><TimeCreated SystemTime='2020-05-18T07:22:13.966819500Z'/><EventRecordID>3748</EventRecordID><Correlation/><Execution ProcessID='1036' ThreadID='1524'/><Channel>Microsoft-Windows-Sysmon/Operational</Channel><Computer>DESKTOP-P84STH6</Computer><Security UserID='S-1-5-18'/></System><EventData><Data Name='RuleName'>DLL</Data><Data Name='UtcTime'>2020-05-18 07:22:13.966</Data><Data Name='ProcessGuid'>{5d3d98af-375d-5ec2-0000-00103c1c0301}</Data><Data Name='ProcessId'>572</Data><Data Name='Image'>C:\Windows\system32\cleanmgr.exe</Data><Data Name='TargetFilename'>C:\Users\NS\AppData\Local\Temp\E165B920-19E7-45EE-94E7-C30974DBDBA0\DmiProvider.dll</Data><Data Name='CreationUtcTime'>2020-05-18 07:22:13.965</Data></EventData></Event><Event xmlns='http://schemas.microsoft.com/win/2004/08/events/event'><System><Provider Name='Microsoft-Windows-Sysmon' Guid='{5770385f-c22a-43e0-bf4c-06f5698ffbd9}'/><EventID>11</EventID><Version>2</Version><Level>4</Level><Task>11</Task><Opcode>0</Opcode><Keywords>0x8000000000000000</Keywords><TimeCreated SystemTime='2020-05-18T07:22:13.892831000Z'/><EventRecordID>3747</EventRecordID><Correlation/><Execution ProcessID='1036' ThreadID='1524'/><Channel>Microsoft-Windows-Sysmon/Operational</Channel><Computer>DESKTOP-P84STH6</Computer><Security UserID='S-1-5-18'/></System><EventData><Data Name='RuleName'>DLL</Data><Data Name='UtcTime'>2020-05-18 07:22:13.892</Data><Data Name='ProcessGuid'>{5d3d98af-375d-5ec2-0000-00103c1c0301}</Data><Data Name='ProcessId'>572</Data><Data Name='Image'>C:\Windows\system32\cleanmgr.exe</Data><Data Name='TargetFilename'>C:\Users\NS\AppData\Local\Temp\E165B920-19E7-45EE-94E7-C30974DBDBA0\DismProv.dll</Data><Data Name='CreationUtcTime'>2020-05-18 07:22:13.892</Data></EventData></Event><Event xmlns='http://schemas.microsoft.com/win/2004/08/events/event'><System><Provider Name='Microsoft-Windows-Sysmon' Guid='{5770385f-c22a-43e0-bf4c-06f5698ffbd9}'/><EventID>11</EventID><Version>2</Version><Level>4</Level><Task>11</Task><Opcode>0</Opcode><Keywords>0x8000000000000000</Keywords><TimeCreated SystemTime='2020-05-18T07:22:13.823630200Z'/><EventRecordID>3746</EventRecordID><Correlation/><Execution ProcessID='1036' ThreadID='1524'/><Channel>Microsoft-Windows-Sysmon/Operational</Channel><Computer>DESKTOP-P84STH6</Computer><Security UserID='S-1-5-18'/></System><EventData><Data Name='RuleName'>EXE</Data><Data Name='UtcTime'>2020-05-18 07:22:13.823</Data><Data Name='ProcessGuid'>{5d3d98af-375d-5ec2-0000-00103c1c0301}</Data><Data Name='ProcessId'>572</Data><Data Name='Image'>C:\Windows\system32\cleanmgr.exe</Data><Data Name='TargetFilename'>C:\Users\NS\AppData\Local\Temp\E165B920-19E7-45EE-94E7-C30974DBDBA0\DismHost.exe</Data><Data Name='CreationUtcTime'>2020-05-18 07:22:13.822</Data></EventData></Event><Event xmlns='http://schemas.microsoft.com/win/2004/08/events/event'><System><Provider Name='Microsoft-Windows-Sysmon' Guid='{5770385f-c22a-43e0-bf4c-06f5698ffbd9}'/><EventID>11</EventID><Version>2</Version><Level>4</Level><Task>11</Task><Opcode>0</Opcode><Keywords>0x8000000000000000</Keywords><TimeCreated SystemTime='2020-05-18T07:22:13.733347200Z'/><EventRecordID>3745</EventRecordID><Correlation/><Execution ProcessID='1036' ThreadID='1524'/><Channel>Microsoft-Windows-Sysmon/Operational</Channel><Computer>DESKTOP-P84STH6</Computer><Security UserID='S-1-5-18'/></System><EventData><Data Name='RuleName'>DLL</Data><Data Name='UtcTime'>2020-05-18 07:22:13.732</Data><Data Name='ProcessGuid'>{5d3d98af-375d-5ec2-0000-00103c1c0301}</Data><Data Name='ProcessId'>572</Data><Data Name='Image'>C:\Windows\system32\cleanmgr.exe</Data><Data Name='TargetFilename'>C:\Users\NS\AppData\Local\Temp\E165B920-19E7-45EE-94E7-C30974DBDBA0\DismCorePS.dll</Data><Data Name='CreationUtcTime'>2020-05-18 07:22:13.732</Data></EventData></Event><Event xmlns='http://schemas.microsoft.com/win/2004/08/events/event'><System><Provider Name='Microsoft-Windows-Sysmon' Guid='{5770385f-c22a-43e0-bf4c-06f5698ffbd9}'/><EventID>11</EventID><Version>2</Version><Level>4</Level><Task>11</Task><Opcode>0</Opcode><Keywords>0x8000000000000000</Keywords><TimeCreated SystemTime='2020-05-18T07:22:13.624926900Z'/><EventRecordID>3744</EventRecordID><Correlation/><Execution ProcessID='1036' ThreadID='1524'/><Channel>Microsoft-Windows-Sysmon/Operational</Channel><Computer>DESKTOP-P84STH6</Computer><Security UserID='S-1-5-18'/></System><EventData><Data Name='RuleName'>DLL</Data><Data Name='UtcTime'>2020-05-18 07:22:13.624</Data><Data Name='ProcessGuid'>{5d3d98af-375d-5ec2-0000-00103c1c0301}</Data><Data Name='ProcessId'>572</Data><Data Name='Image'>C:\Windows\system32\cleanmgr.exe</Data><Data Name='TargetFilename'>C:\Users\NS\AppData\Local\Temp\E165B920-19E7-45EE-94E7-C30974DBDBA0\DismCore.dll</Data><Data Name='CreationUtcTime'>2020-05-18 07:22:13.624</Data></EventData></Event><Event xmlns='http://schemas.microsoft.com/win/2004/08/events/event'><System><Provider Name='Microsoft-Windows-Sysmon' Guid='{5770385f-c22a-43e0-bf4c-06f5698ffbd9}'/><EventID>11</EventID><Version>2</Version><Level>4</Level><Task>11</Task><Opcode>0</Opcode><Keywords>0x8000000000000000</Keywords><TimeCreated SystemTime='2020-05-18T07:22:13.479154800Z'/><EventRecordID>3743</EventRecordID><Correlation/><Execution ProcessID='1036' ThreadID='1524'/><Channel>Microsoft-Windows-Sysmon/Operational</Channel><Computer>DESKTOP-P84STH6</Computer><Security UserID='S-1-5-18'/></System><EventData><Data Name='RuleName'>DLL</Data><Data Name='UtcTime'>2020-05-18 07:22:13.478</Data><Data Name='ProcessGuid'>{5d3d98af-375d-5ec2-0000-00103c1c0301}</Data><Data Name='ProcessId'>572</Data><Data Name='Image'>C:\Windows\system32\cleanmgr.exe</Data><Data Name='TargetFilename'>C:\Users\NS\AppData\Local\Temp\E165B920-19E7-45EE-94E7-C30974DBDBA0\CbsProvider.dll</Data><Data Name='CreationUtcTime'>2020-05-18 07:22:13.443</Data></EventData></Event><Event xmlns='http://schemas.microsoft.com/win/2004/08/events/event'><System><Provider Name='Microsoft-Windows-Sysmon' Guid='{5770385f-c22a-43e0-bf4c-06f5698ffbd9}'/><EventID>11</EventID><Version>2</Version><Level>4</Level><Task>11</Task><Opcode>0</Opcode><Keywords>0x8000000000000000</Keywords><TimeCreated SystemTime='2020-05-18T07:22:13.398379100Z'/><EventRecordID>3742</EventRecordID><Correlation/><Execution ProcessID='1036' ThreadID='1524'/><Channel>Microsoft-Windows-Sysmon/Operational</Channel><Computer>DESKTOP-P84STH6</Computer><Security UserID='S-1-5-18'/></System><EventData><Data Name='RuleName'>DLL</Data><Data Name='UtcTime'>2020-05-18 07:22:13.397</Data><Data Name='ProcessGuid'>{5d3d98af-375d-5ec2-0000-00103c1c0301}</Data><Data Name='ProcessId'>572</Data><Data Name='Image'>C:\Windows\system32\cleanmgr.exe</Data><Data Name='TargetFilename'>C:\Users\NS\AppData\Local\Temp\E165B920-19E7-45EE-94E7-C30974DBDBA0\AssocProvider.dll</Data><Data Name='CreationUtcTime'>2020-05-18 07:22:13.397</Data></EventData></Event><Event xmlns='http://schemas.microsoft.com/win/2004/08/events/event'><System><Provider Name='Microsoft-Windows-Sysmon' Guid='{5770385f-c22a-43e0-bf4c-06f5698ffbd9}'/><EventID>11</EventID><Version>2</Version><Level>4</Level><Task>11</Task><Opcode>0</Opcode><Keywords>0x8000000000000000</Keywords><TimeCreated SystemTime='2020-05-18T07:22:13.246388400Z'/><EventRecordID>3741</EventRecordID><Correlation/><Execution ProcessID='1036' ThreadID='1524'/><Channel>Microsoft-Windows-Sysmon/Operational</Channel><Computer>DESKTOP-P84STH6</Computer><Security UserID='S-1-5-18'/></System><EventData><Data Name='RuleName'>DLL</Data><Data Name='UtcTime'>2020-05-18 07:22:13.245</Data><Data Name='ProcessGuid'>{5d3d98af-375d-5ec2-0000-00103c1c0301}</Data><Data Name='ProcessId'>572</Data><Data Name='Image'>C:\Windows\system32\cleanmgr.exe</Data><Data Name='TargetFilename'>C:\Users\NS\AppData\Local\Temp\E165B920-19E7-45EE-94E7-C30974DBDBA0\AppxProvider.dll</Data><Data Name='CreationUtcTime'>2020-05-18 07:22:13.245</Data></EventData></Event><Event xmlns='http://schemas.microsoft.com/win/2004/08/events/event'><System><Provider Name='Microsoft-Windows-Sysmon' Guid='{5770385f-c22a-43e0-bf4c-06f5698ffbd9}'/><EventID>1</EventID><Version>5</Version><Level>4</Level><Task>1</Task><Opcode>0</Opcode><Keywords>0x8000000000000000</Keywords><TimeCreated SystemTime='2020-05-18T07:21:51.769245100Z'/><EventRecordID>3740</EventRecordID><Correlation/><Execution ProcessID='1036' ThreadID='1524'/><Channel>Microsoft-Windows-Sysmon/Operational</Channel><Computer>DESKTOP-P84STH6</Computer><Security UserID='S-1-5-18'/></System><EventData><Data Name='RuleName'></Data><Data Name='UtcTime'>2020-05-18 07:21:51.762</Data><Data Name='ProcessGuid'>{5d3d98af-378f-5ec2-0000-001091100701}</Data><Data Name='ProcessId'>648</Data><Data Name='Image'>C:\Windows\Microsoft.NET\Framework64\v4.0.30319\ngentask.exe</Data><Data Name='FileVersion'>4.8.3752.0 built by: NET48REL1</Data><Data Name='Description'>Microsoft .NET Framework optimization service</Data><Data Name='Product'>Microsoft® .NET Framework</Data><Data Name='Company'>Microsoft Corporation</Data><Data Name='OriginalFileName'>NGenTask.exe</Data><Data Name='CommandLine'>"C:\Windows\Microsoft.NET\Framework64\v4.0.30319\NGenTask.exe" /RuntimeWide /StopEvent:640</Data><Data Name='CurrentDirectory'>C:\Windows\system32\</Data><Data Name='User'>NT AUTHORITY\SYSTEM</Data><Data Name='LogonGuid'>{5d3d98af-2299-5ec2-0000-0020e7030000}</Data><Data Name='LogonId'>0x3e7</Data><Data Name='TerminalSessionId'>0</Data><Data Name='IntegrityLevel'>System</Data><Data Name='Hashes'>MD5=6E4B6D2AF6D99DCC1DE0E097EA51D43A,SHA256=C4DB063D8DE31C0A64D172950F857509EE97BAA488D8678D48EB6E75B17527B0,IMPHASH=00000000000000000000000000000000</Data><Data Name='ParentProcessGuid'>{5d3d98af-375e-5ec2-0000-0010722f0301}</Data><Data Name='ParentProcessId'>5140</Data><Data Name='ParentImage'>C:\Windows\System32\taskhostw.exe</Data><Data Name='ParentCommandLine'>taskhostw.exe</Data></EventData></Event><Event xmlns='http://schemas.microsoft.com/win/2004/08/events/event'><System><Provider Name='Microsoft-Windows-Sysmon' Guid='{5770385f-c22a-43e0-bf4c-06f5698ffbd9}'/><EventID>1</EventID><Version>5</Version><Level>4</Level><Task>1</Task><Opcode>0</Opcode><Keywords>0x8000000000000000</Keywords><TimeCreated SystemTime='2020-05-18T07:21:51.761667700Z'/><EventRecordID>3739</EventRecordID><Correlation/><Execution ProcessID='1036' ThreadID='1524'/><Channel>Microsoft-Windows-Sysmon/Operational</Channel><Computer>DESKTOP-P84STH6</Computer><Security UserID='S-1-5-18'/></System><EventData><Data Name='RuleName'></Data><Data Name='UtcTime'>2020-05-18 07:21:51.753</Data><Data Name='ProcessGuid'>{5d3d98af-378f-5ec2-0000-001026100701}</Data><Data Name='ProcessId'>1796</Data><Data Name='Image'>C:\Windows\Microsoft.NET\Framework\v4.0.30319\ngentask.exe</Data><Data Name='FileVersion'>4.8.3752.0 built by: NET48REL1</Data><Data Name='Description'>Microsoft .NET Framework optimization service</Data><Data Name='Product'>Microsoft® .NET Framework</Data><Data Name='Company'>Microsoft Corporation</Data><Data Name='OriginalFileName'>NGenTask.exe</Data><Data Name='CommandLine'>"C:\Windows\Microsoft.NET\Framework\v4.0.30319\NGenTask.exe" /RuntimeWide /StopEvent:632</Data><Data Name='CurrentDirectory'>C:\Windows\system32\</Data><Data Name='User'>NT AUTHORITY\SYSTEM</Data><Data Name='LogonGuid'>{5d3d98af-2299-5ec2-0000-0020e7030000}</Data><Data Name='LogonId'>0x3e7</Data><Data Name='TerminalSessionId'>0</Data><Data Name='IntegrityLevel'>System</Data><Data Name='Hashes'>MD5=80D254018DB7CBC1EF9DC58F30D997B9,SHA256=4583B06DA707A1B0BDE4D0848BB5BDE9441E71AA2593AAC2BC5C4555B66030C1,IMPHASH=F34D5F2D4577ED6D9CEEC516C1F5A744</Data><Data Name='ParentProcessGuid'>{5d3d98af-375e-5ec2-0000-0010722f0301}</Data><Data Name='ParentProcessId'>5140</Data><Data Name='ParentImage'>C:\Windows\System32\taskhostw.exe</Data><Data Name='ParentCommandLine'>taskhostw.exe</Data></EventData></Event><Event xmlns='http://schemas.microsoft.com/win/2004/08/events/event'><System><Provider Name='Microsoft-Windows-Sysmon' Guid='{5770385f-c22a-43e0-bf4c-06f5698ffbd9}'/><EventID>13</EventID><Version>2</Version><Level>4</Level><Task>13</Task><Opcode>0</Opcode><Keywords>0x8000000000000000</Keywords><TimeCreated SystemTime='2020-05-18T07:21:39.979575200Z'/><EventRecordID>3738</EventRecordID><Correlation/><Execution ProcessID='1036' ThreadID='1524'/><Channel>Microsoft-Windows-Sysmon/Operational</Channel><Computer>DESKTOP-P84STH6</Computer><Security UserID='S-1-5-18'/></System><EventData><Data Name='RuleName'>Tamper-Winlogon</Data><Data Name='EventType'>SetValue</Data><Data Name='UtcTime'>2020-05-18 07:21:39.977</Data><Data Name='ProcessGuid'>{5d3d98af-375d-5ec2-0000-0010b51f0301}</Data><Data Name='ProcessId'>5904</Data><Data Name='Image'>C:\Windows\servicing\TrustedInstaller.exe</Data><Data Name='TargetObject'>HKLM\System\CurrentControlSet\Control\Winlogon\Notifications\Components\TrustedInstaller\Events</Data><Data Name='Details'>(Empty)</Data></EventData></Event><Event xmlns='http://schemas.microsoft.com/win/2004/08/events/event'><System><Provider Name='Microsoft-Windows-Sysmon' Guid='{5770385f-c22a-43e0-bf4c-06f5698ffbd9}'/><EventID>13</EventID><Version>2</Version><Level>4</Level><Task>13</Task><Opcode>0</Opcode><Keywords>0x8000000000000000</Keywords><TimeCreated SystemTime='2020-05-18T07:21:29.038702100Z'/><EventRecordID>3737</EventRecordID><Correlation/><Execution ProcessID='1036' ThreadID='1524'/><Channel>Microsoft-Windows-Sysmon/Operational</Channel><Computer>DESKTOP-P84STH6</Computer><Security UserID='S-1-5-18'/></System><EventData><Data Name='RuleName'>Tamper-Winlogon</Data><Data Name='EventType'>SetValue</Data><Data Name='UtcTime'>2020-05-18 07:21:29.037</Data><Data Name='ProcessGuid'>{5d3d98af-375d-5ec2-0000-0010b51f0301}</Data><Data Name='ProcessId'>5904</Data><Data Name='Image'>C:\Windows\servicing\TrustedInstaller.exe</Data><Data Name='TargetObject'>HKLM\System\CurrentControlSet\Control\Winlogon\Notifications\Components\TrustedInstaller\Events</Data><Data Name='Details'>CreateSession</Data></EventData></Event><Event xmlns='http://schemas.microsoft.com/win/2004/08/events/event'><System><Provider Name='Microsoft-Windows-Sysmon' Guid='{5770385f-c22a-43e0-bf4c-06f5698ffbd9}'/><EventID>13</EventID><Version>2</Version><Level>4</Level><Task>13</Task><Opcode>0</Opcode><Keywords>0x8000000000000000</Keywords><TimeCreated SystemTime='2020-05-18T07:21:28.634243200Z'/><EventRecordID>3736</EventRecordID><Correlation/><Execution ProcessID='1036' ThreadID='1524'/><Channel>Microsoft-Windows-Sysmon/Operational</Channel><Computer>DESKTOP-P84STH6</Computer><Security UserID='S-1-5-18'/></System><EventData><Data Name='RuleName'>Tamper-Winlogon</Data><Data Name='EventType'>SetValue</Data><Data Name='UtcTime'>2020-05-18 07:21:28.632</Data><Data Name='ProcessGuid'>{5d3d98af-375d-5ec2-0000-0010b51f0301}</Data><Data Name='ProcessId'>5904</Data><Data Name='Image'>C:\Windows\servicing\TrustedInstaller.exe</Data><Data Name='TargetObject'>HKLM\System\CurrentControlSet\Control\Winlogon\Notifications\Components\TrustedInstaller\Events</Data><Data Name='Details'>(Empty)</Data></EventData></Event><Event xmlns='http://schemas.microsoft.com/win/2004/08/events/event'><System><Provider Name='Microsoft-Windows-Sysmon' Guid='{5770385f-c22a-43e0-bf4c-06f5698ffbd9}'/><EventID>13</EventID><Version>2</Version><Level>4</Level><Task>13</Task><Opcode>0</Opcode><Keywords>0x8000000000000000</Keywords><TimeCreated SystemTime='2020-05-18T07:21:23.274642100Z'/><EventRecordID>3735</EventRecordID><Correlation/><Execution ProcessID='1036' ThreadID='1524'/><Channel>Microsoft-Windows-Sysmon/Operational</Channel><Computer>DESKTOP-P84STH6</Computer><Security UserID='S-1-5-18'/></System><EventData><Data Name='RuleName'>Tamper-Winlogon</Data><Data Name='EventType'>SetValue</Data><Data Name='UtcTime'>2020-05-18 07:21:23.273</Data><Data Name='ProcessGuid'>{5d3d98af-375d-5ec2-0000-0010b51f0301}</Data><Data Name='ProcessId'>5904</Data><Data Name='Image'>C:\Windows\servicing\TrustedInstaller.exe</Data><Data Name='TargetObject'>HKLM\System\CurrentControlSet\Control\Winlogon\Notifications\Components\TrustedInstaller\Events</Data><Data Name='Details'>CreateSession</Data></EventData></Event><Event xmlns='http://schemas.microsoft.com/win/2004/08/events/event'><System><Provider Name='Microsoft-Windows-Sysmon' Guid='{5770385f-c22a-43e0-bf4c-06f5698ffbd9}'/><EventID>1</EventID><Version>5</Version><Level>4</Level><Task>1</Task><Opcode>0</Opcode><Keywords>0x8000000000000000</Keywords><TimeCreated SystemTime='2020-05-18T07:21:02.041806700Z'/><EventRecordID>3734</EventRecordID><Correlation/><Execution ProcessID='1036' ThreadID='1524'/><Channel>Microsoft-Windows-Sysmon/Operational</Channel><Computer>DESKTOP-P84STH6</Computer><Security UserID='S-1-5-18'/></System><EventData><Data Name='RuleName'></Data><Data Name='UtcTime'>2020-05-18 07:21:02.037</Data><Data Name='ProcessGuid'>{5d3d98af-375e-5ec2-0000-0010722f0301}</Data><Data Name='ProcessId'>5140</Data><Data Name='Image'>C:\Windows\System32\taskhostw.exe</Data><Data Name='FileVersion'>10.0.18362.387 (WinBuild.160101.0800)</Data><Data Name='Description'>Host Process for Windows Tasks</Data><Data Name='Product'>Microsoft® Windows® Operating System</Data><Data Name='Company'>Microsoft Corporation</Data><Data Name='OriginalFileName'>taskhostw.exe</Data><Data Name='CommandLine'>taskhostw.exe</Data><Data Name='CurrentDirectory'>C:\Windows\system32\</Data><Data Name='User'>NT AUTHORITY\SYSTEM</Data><Data Name='LogonGuid'>{5d3d98af-2299-5ec2-0000-0020e7030000}</Data><Data Name='LogonId'>0x3e7</Data><Data Name='TerminalSessionId'>0</Data><Data Name='IntegrityLevel'>System</Data><Data Name='Hashes'>MD5=8AC325C757FA721B272ECEA19EBCF745,SHA256=0BEC3128B241FA533DC5A9D3F62AA41323D205DEFC30DCDE228C5ECC2D1E50A9,IMPHASH=9CB27CAED52CB0AFFB32788922A0D083</Data><Data Name='ParentProcessGuid'>{5d3d98af-229a-5ec2-0000-001051ce0000}</Data><Data Name='ParentProcessId'>264</Data><Data Name='ParentImage'>C:\Windows\System32\svchost.exe</Data><Data Name='ParentCommandLine'>C:\Windows\system32\svchost.exe -k netsvcs -p</Data></EventData></Event><Event xmlns='http://schemas.microsoft.com/win/2004/08/events/event'><System><Provider Name='Microsoft-Windows-Sysmon' Guid='{5770385f-c22a-43e0-bf4c-06f5698ffbd9}'/><EventID>1</EventID><Version>5</Version><Level>4</Level><Task>1</Task><Opcode>0</Opcode><Keywords>0x8000000000000000</Keywords><TimeCreated SystemTime='2020-05-18T07:21:01.292253700Z'/><EventRecordID>3733</EventRecordID><Correlation/><Execution ProcessID='1036' ThreadID='1524'/><Channel>Microsoft-Windows-Sysmon/Operational</Channel><Computer>DESKTOP-P84STH6</Computer><Security UserID='S-1-5-18'/></System><EventData><Data Name='RuleName'></Data><Data Name='UtcTime'>2020-05-18 07:21:01.281</Data><Data Name='ProcessGuid'>{5d3d98af-375d-5ec2-0000-00107c230301}</Data><Data Name='ProcessId'>236</Data><Data Name='Image'>C:\Windows\WinSxS\amd64_microsoft-windows-servicingstack_31bf3856ad364e35_10.0.18362.411_none_5f53d2d858cf8961\TiWorker.exe</Data><Data Name='FileVersion'>10.0.18362.1 (WinBuild.160101.0800)</Data><Data Name='Description'>Windows Modules Installer Worker</Data><Data Name='Product'>Microsoft® Windows® Operating System</Data><Data Name='Company'>Microsoft Corporation</Data><Data Name='OriginalFileName'>TiWorker.exe</Data><Data Name='CommandLine'>C:\Windows\winsxs\amd64_microsoft-windows-servicingstack_31bf3856ad364e35_10.0.18362.411_none_5f53d2d858cf8961\TiWorker.exe -Embedding</Data><Data Name='CurrentDirectory'>C:\Windows\system32\</Data><Data Name='User'>NT AUTHORITY\SYSTEM</Data><Data Name='LogonGuid'>{5d3d98af-2299-5ec2-0000-0020e7030000}</Data><Data Name='LogonId'>0x3e7</Data><Data Name='TerminalSessionId'>0</Data><Data Name='IntegrityLevel'>System</Data><Data Name='Hashes'>MD5=0ECD172646FE879F84FF33DA8FFA9373,SHA256=C26DC49916EE8298F8A8CBF8ACE62A4538775F8D8D5B33322A316BA7555616B6,IMPHASH=5C119443B09CF04CA999CBD8CA2382AC</Data><Data Name='ParentProcessGuid'>{5d3d98af-2299-5ec2-0000-0010ce6b0000}</Data><Data Name='ParentProcessId'>688</Data><Data Name='ParentImage'>C:\Windows\System32\svchost.exe</Data><Data Name='ParentCommandLine'>C:\Windows\system32\svchost.exe -k DcomLaunch -p</Data></EventData></Event><Event xmlns='http://schemas.microsoft.com/win/2004/08/events/event'><System><Provider Name='Microsoft-Windows-Sysmon' Guid='{5770385f-c22a-43e0-bf4c-06f5698ffbd9}'/><EventID>1</EventID><Version>5</Version><Level>4</Level><Task>1</Task><Opcode>0</Opcode><Keywords>0x8000000000000000</Keywords><TimeCreated SystemTime='2020-05-18T07:21:01.242694900Z'/><EventRecordID>3732</EventRecordID><Correlation/><Execution ProcessID='1036' ThreadID='1524'/><Channel>Microsoft-Windows-Sysmon/Operational</Channel><Computer>DESKTOP-P84STH6</Computer><Security UserID='S-1-5-18'/></System><EventData><Data Name='RuleName'></Data><Data Name='UtcTime'>2020-05-18 07:21:01.233</Data><Data Name='ProcessGuid'>{5d3d98af-375d-5ec2-0000-0010b51f0301}</Data><Data Name='ProcessId'>5904</Data><Data Name='Image'>C:\Windows\servicing\TrustedInstaller.exe</Data><Data Name='FileVersion'>10.0.18362.1 (WinBuild.160101.0800)</Data><Data Name='Description'>Windows Modules Installer</Data><Data Name='Product'>Microsoft® Windows® Operating System</Data><Data Name='Company'>Microsoft Corporation</Data><Data Name='OriginalFileName'>TrustedInstaller.exe</Data><Data Name='CommandLine'>C:\Windows\servicing\TrustedInstaller.exe</Data><Data Name='CurrentDirectory'>C:\Windows\system32\</Data><Data Name='User'>NT AUTHORITY\SYSTEM</Data><Data Name='LogonGuid'>{5d3d98af-2299-5ec2-0000-0020e7030000}</Data><Data Name='LogonId'>0x3e7</Data><Data Name='TerminalSessionId'>0</Data><Data Name='IntegrityLevel'>System</Data><Data Name='Hashes'>MD5=8B5AFFC4987F9AE41DF15940C6EF66CB,SHA256=520273402F22ADA8948F8E1CB0899D0A5B1BC01CFF787747C1227945B336E4C5,IMPHASH=88851E233BD15333933A93A6EDD4788A</Data><Data Name='ParentProcessGuid'>{5d3d98af-2298-5ec2-0000-00102d550000}</Data><Data Name='ParentProcessId'>556</Data><Data Name='ParentImage'>C:\Windows\System32\services.exe</Data><Data Name='ParentCommandLine'>C:\Windows\system32\services.exe</Data></EventData></Event><Event xmlns='http://schemas.microsoft.com/win/2004/08/events/event'><System><Provider Name='Microsoft-Windows-Sysmon' Guid='{5770385f-c22a-43e0-bf4c-06f5698ffbd9}'/><EventID>1</EventID><Version>5</Version><Level>4</Level><Task>1</Task><Opcode>0</Opcode><Keywords>0x8000000000000000</Keywords><TimeCreated SystemTime='2020-05-18T07:21:01.118058900Z'/><EventRecordID>3731</EventRecordID><Correlation/><Execution ProcessID='1036' ThreadID='1524'/><Channel>Microsoft-Windows-Sysmon/Operational</Channel><Computer>DESKTOP-P84STH6</Computer><Security UserID='S-1-5-18'/></System><EventData><Data Name='RuleName'></Data><Data Name='UtcTime'>2020-05-18 07:21:01.096</Data><Data Name='ProcessGuid'>{5d3d98af-375d-5ec2-0000-00103c1c0301}</Data><Data Name='ProcessId'>572</Data><Data Name='Image'>C:\Windows\System32\cleanmgr.exe</Data><Data Name='FileVersion'>10.0.18362.1 (WinBuild.160101.0800)</Data><Data Name='Description'>Disk Space Cleanup Manager for Windows</Data><Data Name='Product'>Microsoft® Windows® Operating System</Data><Data Name='Company'>Microsoft Corporation</Data><Data Name='OriginalFileName'>CLEANMGR.DLL</Data><Data Name='CommandLine'>C:\Windows\system32\cleanmgr.exe /autoclean /d C:</Data><Data Name='CurrentDirectory'>C:\Windows\system32\</Data><Data Name='User'>DESKTOP-P84STH6\NS</Data><Data Name='LogonGuid'>{5d3d98af-22a5-5ec2-0000-00202e0f0300}</Data><Data Name='LogonId'>0x30f2e</Data><Data Name='TerminalSessionId'>1</Data><Data Name='IntegrityLevel'>High</Data><Data Name='Hashes'>MD5=1920470998932423575D36C07F8BC97E,SHA256=B8555DF84BE369161FD26A72C416E981DE1259C319C9BD08E576F24DD43C8684,IMPHASH=01C3E0BDF36CDCCD09EE9D71D7D7A4F1</Data><Data Name='ParentProcessGuid'>{5d3d98af-229a-5ec2-0000-001051ce0000}</Data><Data Name='ParentProcessId'>264</Data><Data Name='ParentImage'>C:\Windows\System32\svchost.exe</Data><Data Name='ParentCommandLine'>C:\Windows\system32\svchost.exe -k netsvcs -p</Data></EventData></Event><Event xmlns='http://schemas.microsoft.com/win/2004/08/events/event'><System><Provider Name='Microsoft-Windows-Sysmon' Guid='{5770385f-c22a-43e0-bf4c-06f5698ffbd9}'/><EventID>1</EventID><Version>5</Version><Level>4</Level><Task>1</Task><Opcode>0</Opcode><Keywords>0x8000000000000000</Keywords><TimeCreated SystemTime='2020-05-18T07:21:00.991223400Z'/><EventRecordID>3730</EventRecordID><Correlation/><Execution ProcessID='1036' ThreadID='1524'/><Channel>Microsoft-Windows-Sysmon/Operational</Channel><Computer>DESKTOP-P84STH6</Computer><Security UserID='S-1-5-18'/></System><EventData><Data Name='RuleName'></Data><Data Name='UtcTime'>2020-05-18 07:21:00.858</Data><Data Name='ProcessGuid'>{5d3d98af-375c-5ec2-0000-0010e31a0301}</Data><Data Name='ProcessId'>2696</Data><Data Name='Image'>C:\Windows\System32\taskhostw.exe</Data><Data Name='FileVersion'>10.0.18362.387 (WinBuild.160101.0800)</Data><Data Name='Description'>Host Process for Windows Tasks</Data><Data Name='Product'>Microsoft® Windows® Operating System</Data><Data Name='Company'>Microsoft Corporation</Data><Data Name='OriginalFileName'>taskhostw.exe</Data><Data Name='CommandLine'>taskhostw.exe Install $(Arg0)</Data><Data Name='CurrentDirectory'>C:\Windows\system32\</Data><Data Name='User'>DESKTOP-P84STH6\NS</Data><Data Name='LogonGuid'>{5d3d98af-22a5-5ec2-0000-0020710f0300}</Data><Data Name='LogonId'>0x30f71</Data><Data Name='TerminalSessionId'>1</Data><Data Name='IntegrityLevel'>Medium</Data><Data Name='Hashes'>MD5=8AC325C757FA721B272ECEA19EBCF745,SHA256=0BEC3128B241FA533DC5A9D3F62AA41323D205DEFC30DCDE228C5ECC2D1E50A9,IMPHASH=9CB27CAED52CB0AFFB32788922A0D083</Data><Data Name='ParentProcessGuid'>{5d3d98af-229a-5ec2-0000-001051ce0000}</Data><Data Name='ParentProcessId'>264</Data><Data Name='ParentImage'>C:\Windows\System32\svchost.exe</Data><Data Name='ParentCommandLine'>C:\Windows\system32\svchost.exe -k netsvcs -p</Data></EventData></Event><Event xmlns='http://schemas.microsoft.com/win/2004/08/events/event'><System><Provider Name='Microsoft-Windows-Sysmon' Guid='{5770385f-c22a-43e0-bf4c-06f5698ffbd9}'/><EventID>22</EventID><Version>5</Version><Level>4</Level><Task>22</Task><Opcode>0</Opcode><Keywords>0x8000000000000000</Keywords><TimeCreated SystemTime='2020-05-18T07:16:58.088195100Z'/><EventRecordID>3729</EventRecordID><Correlation/><Execution ProcessID='1036' ThreadID='2544'/><Channel>Microsoft-Windows-Sysmon/Operational</Channel><Computer>DESKTOP-P84STH6</Computer><Security UserID='S-1-5-18'/></System><EventData><Data Name='RuleName'></Data><Data Name='UtcTime'>2020-05-18 07:16:57.189</Data><Data Name='ProcessGuid'>{5d3d98af-22fa-5ec2-0000-001066790e00}</Data><Data Name='ProcessId'>6816</Data><Data Name='QueryName'>pgw.udn.com.tw</Data><Data Name='QueryStatus'>0</Data><Data Name='QueryResults'>type:  5 pgw.udn.com.tw.edgekey.net;type:  5 e5026.b.akamaiedge.net;163.28.224.195;</Data><Data Name='Image'>C:\Program Files (x86)\Google\Chrome\Application\chrome.exe</Data></EventData></Event><Event xmlns='http://schemas.microsoft.com/win/2004/08/events/event'><System><Provider Name='Microsoft-Windows-Sysmon' Guid='{5770385f-c22a-43e0-bf4c-06f5698ffbd9}'/><EventID>22</EventID><Version>5</Version><Level>4</Level><Task>22</Task><Opcode>0</Opcode><Keywords>0x8000000000000000</Keywords><TimeCreated SystemTime='2020-05-18T07:16:32.794230100Z'/><EventRecordID>3728</EventRecordID><Correlation/><Execution ProcessID='1036' ThreadID='2544'/><Channel>Microsoft-Windows-Sysmon/Operational</Channel><Computer>DESKTOP-P84STH6</Computer><Security UserID='S-1-5-18'/></System><EventData><Data Name='RuleName'></Data><Data Name='UtcTime'>2020-05-18 07:16:31.653</Data><Data Name='ProcessGuid'>{5d3d98af-22fa-5ec2-0000-001066790e00}</Data><Data Name='ProcessId'>6816</Data><Data Name='QueryName'>d.agkn.com</Data><Data Name='QueryStatus'>0</Data><Data Name='QueryResults'>type:  5 data.agkn.com;type:  5 d2ctznuk6ro1vp.cloudfront.net;13.35.37.14;13.35.37.23;13.35.37.99;13.35.37.57;</Data><Data Name='Image'>C:\Program Files (x86)\Google\Chrome\Application\chrome.exe</Data></EventData></Event><Event xmlns='http://schemas.microsoft.com/win/2004/08/events/event'><System><Provider Name='Microsoft-Windows-Sysmon' Guid='{5770385f-c22a-43e0-bf4c-06f5698ffbd9}'/><EventID>22</EventID><Version>5</Version><Level>4</Level><Task>22</Task><Opcode>0</Opcode><Keywords>0x8000000000000000</Keywords><TimeCreated SystemTime='2020-05-18T07:16:32.794059400Z'/><EventRecordID>3727</EventRecordID><Correlation/><Execution ProcessID='1036' ThreadID='2544'/><Channel>Microsoft-Windows-Sysmon/Operational</Channel><Computer>DESKTOP-P84STH6</Computer><Security UserID='S-1-5-18'/></System><EventData><Data Name='RuleName'></Data><Data Name='UtcTime'>2020-05-18 07:16:31.634</Data><Data Name='ProcessGuid'>{5d3d98af-22fa-5ec2-0000-001066790e00}</Data><Data Name='ProcessId'>6816</Data><Data Name='QueryName'>cc.adingo.jp</Data><Data Name='QueryStatus'>0</Data><Data Name='QueryResults'>54.85.202.116;52.72.195.204;3.217.164.228;34.206.225.118;54.164.34.2;3.225.92.69;100.25.225.218;54.242.44.147;</Data><Data Name='Image'>C:\Program Files (x86)\Google\Chrome\Application\chrome.exe</Data></EventData></Event><Event xmlns='http://schemas.microsoft.com/win/2004/08/events/event'><System><Provider Name='Microsoft-Windows-Sysmon' Guid='{5770385f-c22a-43e0-bf4c-06f5698ffbd9}'/><EventID>5</EventID><Version>3</Version><Level>4</Level><Task>5</Task><Opcode>0</Opcode><Keywords>0x8000000000000000</Keywords><TimeCreated SystemTime='2020-05-18T07:16:01.944726000Z'/><EventRecordID>3726</EventRecordID><Correlation/><Execution ProcessID='1036' ThreadID='1524'/><Channel>Microsoft-Windows-Sysmon/Operational</Channel><Computer>DESKTOP-P84STH6</Computer><Security UserID='S-1-5-18'/></System><EventData><Data Name='RuleName'></Data><Data Name='UtcTime'>2020-05-18 07:16:01.935</Data><Data Name='ProcessGuid'>{5d3d98af-35c8-5ec2-0000-0010bec70101}</Data><Data Name='ProcessId'>2468</Data><Data Name='Image'>C:\Users\NS\AppData\Local\Temp\95EB8453-0691-4255-BFCC-A39F9E88DE04\DismHost.exe</Data></EventData></Event><Event xmlns='http://schemas.microsoft.com/win/2004/08/events/event'><System><Provider Name='Microsoft-Windows-Sysmon' Guid='{5770385f-c22a-43e0-bf4c-06f5698ffbd9}'/><EventID>22</EventID><Version>5</Version><Level>4</Level><Task>22</Task><Opcode>0</Opcode><Keywords>0x8000000000000000</Keywords><TimeCreated SystemTime='2020-05-18T07:15:07.363617700Z'/><EventRecordID>3725</EventRecordID><Correlation/><Execution ProcessID='1036' ThreadID='2544'/><Channel>Microsoft-Windows-Sysmon/Operational</Channel><Computer>DESKTOP-P84STH6</Computer><Security UserID='S-1-5-18'/></System><EventData><Data Name='RuleName'></Data><Data Name='UtcTime'>2020-05-18 07:15:06.619</Data><Data Name='ProcessGuid'>{5d3d98af-22fa-5ec2-0000-001066790e00}</Data><Data Name='ProcessId'>6816</Data><Data Name='QueryName'>uggtswckqmvnvu</Data><Data Name='QueryStatus'>123</Data><Data Name='QueryResults'></Data><Data Name='Image'>C:\Program Files (x86)\Google\Chrome\Application\chrome.exe</Data></EventData></Event><Event xmlns='http://schemas.microsoft.com/win/2004/08/events/event'><System><Provider Name='Microsoft-Windows-Sysmon' Guid='{5770385f-c22a-43e0-bf4c-06f5698ffbd9}'/><EventID>22</EventID><Version>5</Version><Level>4</Level><Task>22</Task><Opcode>0</Opcode><Keywords>0x8000000000000000</Keywords><TimeCreated SystemTime='2020-05-18T07:15:07.363528500Z'/><EventRecordID>3724</EventRecordID><Correlation/><Execution ProcessID='1036' ThreadID='2544'/><Channel>Microsoft-Windows-Sysmon/Operational</Channel><Computer>DESKTOP-P84STH6</Computer><Security UserID='S-1-5-18'/></System><EventData><Data Name='RuleName'></Data><Data Name='UtcTime'>2020-05-18 07:15:06.616</Data><Data Name='ProcessGuid'>{5d3d98af-22fa-5ec2-0000-001066790e00}</Data><Data Name='ProcessId'>6816</Data><Data Name='QueryName'>yoxpmtvlimlaa</Data><Data Name='QueryStatus'>123</Data><Data Name='QueryResults'></Data><Data Name='Image'>C:\Program Files (x86)\Google\Chrome\Application\chrome.exe</Data></EventData></Event><Event xmlns='http://schemas.microsoft.com/win/2004/08/events/event'><System><Provider Name='Microsoft-Windows-Sysmon' Guid='{5770385f-c22a-43e0-bf4c-06f5698ffbd9}'/><EventID>22</EventID><Version>5</Version><Level>4</Level><Task>22</Task><Opcode>0</Opcode><Keywords>0x8000000000000000</Keywords><TimeCreated SystemTime='2020-05-18T07:15:07.363059100Z'/><EventRecordID>3723</EventRecordID><Correlation/><Execution ProcessID='1036' ThreadID='2544'/><Channel>Microsoft-Windows-Sysmon/Operational</Channel><Computer>DESKTOP-P84STH6</Computer><Security UserID='S-1-5-18'/></System><EventData><Data Name='RuleName'></Data><Data Name='UtcTime'>2020-05-18 07:15:06.610</Data><Data Name='ProcessGuid'>{5d3d98af-22fa-5ec2-0000-001066790e00}</Data><Data Name='ProcessId'>6816</Data><Data Name='QueryName'>tjtzxliwqc</Data><Data Name='QueryStatus'>123</Data><Data Name='QueryResults'></Data><Data Name='Image'>C:\Program Files (x86)\Google\Chrome\Application\chrome.exe</Data></EventData></Event><Event xmlns='http://schemas.microsoft.com/win/2004/08/events/event'><System><Provider Name='Microsoft-Windows-Sysmon' Guid='{5770385f-c22a-43e0-bf4c-06f5698ffbd9}'/><EventID>1</EventID><Version>5</Version><Level>4</Level><Task>1</Task><Opcode>0</Opcode><Keywords>0x8000000000000000</Keywords><TimeCreated SystemTime='2020-05-18T07:14:17.705454400Z'/><EventRecordID>3722</EventRecordID><Correlation/><Execution ProcessID='1036' ThreadID='1524'/><Channel>Microsoft-Windows-Sysmon/Operational</Channel><Computer>DESKTOP-P84STH6</Computer><Security UserID='S-1-5-18'/></System><EventData><Data Name='RuleName'></Data><Data Name='UtcTime'>2020-05-18 07:14:16.449</Data><Data Name='ProcessGuid'>{5d3d98af-35c8-5ec2-0000-0010bec70101}</Data><Data Name='ProcessId'>2468</Data><Data Name='Image'>C:\Users\NS\AppData\Local\Temp\95EB8453-0691-4255-BFCC-A39F9E88DE04\DismHost.exe</Data><Data Name='FileVersion'>10.0.18362.1 (WinBuild.160101.0800)</Data><Data Name='Description'>Dism Host Servicing Process</Data><Data Name='Product'>Microsoft® Windows® Operating System</Data><Data Name='Company'>Microsoft Corporation</Data><Data Name='OriginalFileName'>DismHost.exe</Data><Data Name='CommandLine'>C:\Users\NS\AppData\Local\Temp\95EB8453-0691-4255-BFCC-A39F9E88DE04\dismhost.exe {39763ACA-97A3-4266-A5D2-0C8733F7A649}</Data><Data Name='CurrentDirectory'>C:\Windows\system32\</Data><Data Name='User'>DESKTOP-P84STH6\NS</Data><Data Name='LogonGuid'>{5d3d98af-22a5-5ec2-0000-00202e0f0300}</Data><Data Name='LogonId'>0x30f2e</Data><Data Name='TerminalSessionId'>1</Data><Data Name='IntegrityLevel'>High</Data><Data Name='Hashes'>MD5=B5E80BA4CE0781E4B9129AB4D86AB4A9,SHA256=5108587A0713975BBD79A0E1A56B0DD0D0E63D89D7B681D1E0BF7979E21080B0,IMPHASH=A1A2F440F1D9FAC0ABD77A4ECF28BAA4</Data><Data Name='ParentProcessGuid'>{5d3d98af-3547-5ec2-0000-00105b5bff00}</Data><Data Name='ParentProcessId'>6772</Data><Data Name='ParentImage'>C:\Windows\System32\cleanmgr.exe</Data><Data Name='ParentCommandLine'>C:\Windows\system32\cleanmgr.exe /autoclean /d C:</Data></EventData></Event><Event xmlns='http://schemas.microsoft.com/win/2004/08/events/event'><System><Provider Name='Microsoft-Windows-Sysmon' Guid='{5770385f-c22a-43e0-bf4c-06f5698ffbd9}'/><EventID>11</EventID><Version>2</Version><Level>4</Level><Task>11</Task><Opcode>0</Opcode><Keywords>0x8000000000000000</Keywords><TimeCreated SystemTime='2020-05-18T07:14:16.408520400Z'/><EventRecordID>3721</EventRecordID><Correlation/><Execution ProcessID='1036' ThreadID='1524'/><Channel>Microsoft-Windows-Sysmon/Operational</Channel><Computer>DESKTOP-P84STH6</Computer><Security UserID='S-1-5-18'/></System><EventData><Data Name='RuleName'>DLL</Data><Data Name='UtcTime'>2020-05-18 07:14:16.400</Data><Data Name='ProcessGuid'>{5d3d98af-3547-5ec2-0000-00105b5bff00}</Data><Data Name='ProcessId'>6772</Data><Data Name='Image'>C:\Windows\system32\cleanmgr.exe</Data><Data Name='TargetFilename'>C:\Users\NS\AppData\Local\Temp\95EB8453-0691-4255-BFCC-A39F9E88DE04\WimProvider.dll</Data><Data Name='CreationUtcTime'>2020-05-18 07:14:16.400</Data></EventData></Event><Event xmlns='http://schemas.microsoft.com/win/2004/08/events/event'><System><Provider Name='Microsoft-Windows-Sysmon' Guid='{5770385f-c22a-43e0-bf4c-06f5698ffbd9}'/><EventID>11</EventID><Version>2</Version><Level>4</Level><Task>11</Task><Opcode>0</Opcode><Keywords>0x8000000000000000</Keywords><TimeCreated SystemTime='2020-05-18T07:14:16.343806100Z'/><EventRecordID>3720</EventRecordID><Correlation/><Execution ProcessID='1036' ThreadID='1524'/><Channel>Microsoft-Windows-Sysmon/Operational</Channel><Computer>DESKTOP-P84STH6</Computer><Security UserID='S-1-5-18'/></System><EventData><Data Name='RuleName'>DLL</Data><Data Name='UtcTime'>2020-05-18 07:14:16.342</Data><Data Name='ProcessGuid'>{5d3d98af-3547-5ec2-0000-00105b5bff00}</Data><Data Name='ProcessId'>6772</Data><Data Name='Image'>C:\Windows\system32\cleanmgr.exe</Data><Data Name='TargetFilename'>C:\Users\NS\AppData\Local\Temp\95EB8453-0691-4255-BFCC-A39F9E88DE04\VhdProvider.dll</Data><Data Name='CreationUtcTime'>2020-05-18 07:14:16.342</Data></EventData></Event><Event xmlns='http://schemas.microsoft.com/win/2004/08/events/event'><System><Provider Name='Microsoft-Windows-Sysmon' Guid='{5770385f-c22a-43e0-bf4c-06f5698ffbd9}'/><EventID>11</EventID><Version>2</Version><Level>4</Level><Task>11</Task><Opcode>0</Opcode><Keywords>0x8000000000000000</Keywords><TimeCreated SystemTime='2020-05-18T07:14:10.995595800Z'/><EventRecordID>3719</EventRecordID><Correlation/><Execution ProcessID='1036' ThreadID='1524'/><Channel>Microsoft-Windows-Sysmon/Operational</Channel><Computer>DESKTOP-P84STH6</Computer><Security UserID='S-1-5-18'/></System><EventData><Data Name='RuleName'>DLL</Data><Data Name='UtcTime'>2020-05-18 07:14:10.995</Data><Data Name='ProcessGuid'>{5d3d98af-3547-5ec2-0000-00105b5bff00}</Data><Data Name='ProcessId'>6772</Data><Data Name='Image'>C:\Windows\system32\cleanmgr.exe</Data><Data Name='TargetFilename'>C:\Users\NS\AppData\Local\Temp\95EB8453-0691-4255-BFCC-A39F9E88DE04\UnattendProvider.dll</Data><Data Name='CreationUtcTime'>2020-05-18 07:14:10.994</Data></EventData></Event><Event xmlns='http://schemas.microsoft.com/win/2004/08/events/event'><System><Provider Name='Microsoft-Windows-Sysmon' Guid='{5770385f-c22a-43e0-bf4c-06f5698ffbd9}'/><EventID>11</EventID><Version>2</Version><Level>4</Level><Task>11</Task><Opcode>0</Opcode><Keywords>0x8000000000000000</Keywords><TimeCreated SystemTime='2020-05-18T07:14:10.360180100Z'/><EventRecordID>3718</EventRecordID><Correlation/><Execution ProcessID='1036' ThreadID='1524'/><Channel>Microsoft-Windows-Sysmon/Operational</Channel><Computer>DESKTOP-P84STH6</Computer><Security UserID='S-1-5-18'/></System><EventData><Data Name='RuleName'>DLL</Data><Data Name='UtcTime'>2020-05-18 07:14:10.360</Data><Data Name='ProcessGuid'>{5d3d98af-3547-5ec2-0000-00105b5bff00}</Data><Data Name='ProcessId'>6772</Data><Data Name='Image'>C:\Windows\system32\cleanmgr.exe</Data><Data Name='TargetFilename'>C:\Users\NS\AppData\Local\Temp\95EB8453-0691-4255-BFCC-A39F9E88DE04\TransmogProvider.dll</Data><Data Name='CreationUtcTime'>2020-05-18 07:14:10.358</Data></EventData></Event><Event xmlns='http://schemas.microsoft.com/win/2004/08/events/event'><System><Provider Name='Microsoft-Windows-Sysmon' Guid='{5770385f-c22a-43e0-bf4c-06f5698ffbd9}'/><EventID>11</EventID><Version>2</Version><Level>4</Level><Task>11</Task><Opcode>0</Opcode><Keywords>0x8000000000000000</Keywords><TimeCreated SystemTime='2020-05-18T07:14:09.967647700Z'/><EventRecordID>3717</EventRecordID><Correlation/><Execution ProcessID='1036' ThreadID='1524'/><Channel>Microsoft-Windows-Sysmon/Operational</Channel><Computer>DESKTOP-P84STH6</Computer><Security UserID='S-1-5-18'/></System><EventData><Data Name='RuleName'>DLL</Data><Data Name='UtcTime'>2020-05-18 07:14:09.967</Data><Data Name='ProcessGuid'>{5d3d98af-3547-5ec2-0000-00105b5bff00}</Data><Data Name='ProcessId'>6772</Data><Data Name='Image'>C:\Windows\system32\cleanmgr.exe</Data><Data Name='TargetFilename'>C:\Users\NS\AppData\Local\Temp\95EB8453-0691-4255-BFCC-A39F9E88DE04\SysprepProvider.dll</Data><Data Name='CreationUtcTime'>2020-05-18 07:14:09.967</Data></EventData></Event><Event xmlns='http://schemas.microsoft.com/win/2004/08/events/event'><System><Provider Name='Microsoft-Windows-Sysmon' Guid='{5770385f-c22a-43e0-bf4c-06f5698ffbd9}'/><EventID>11</EventID><Version>2</Version><Level>4</Level><Task>11</Task><Opcode>0</Opcode><Keywords>0x8000000000000000</Keywords><TimeCreated SystemTime='2020-05-18T07:14:09.804049100Z'/><EventRecordID>3716</EventRecordID><Correlation/><Execution ProcessID='1036' ThreadID='1524'/><Channel>Microsoft-Windows-Sysmon/Operational</Channel><Computer>DESKTOP-P84STH6</Computer><Security UserID='S-1-5-18'/></System><EventData><Data Name='RuleName'>DLL</Data><Data Name='UtcTime'>2020-05-18 07:14:09.803</Data><Data Name='ProcessGuid'>{5d3d98af-3547-5ec2-0000-00105b5bff00}</Data><Data Name='ProcessId'>6772</Data><Data Name='Image'>C:\Windows\system32\cleanmgr.exe</Data><Data Name='TargetFilename'>C:\Users\NS\AppData\Local\Temp\95EB8453-0691-4255-BFCC-A39F9E88DE04\SmiProvider.dll</Data><Data Name='CreationUtcTime'>2020-05-18 07:14:09.803</Data></EventData></Event><Event xmlns='http://schemas.microsoft.com/win/2004/08/events/event'><System><Provider Name='Microsoft-Windows-Sysmon' Guid='{5770385f-c22a-43e0-bf4c-06f5698ffbd9}'/><EventID>11</EventID><Version>2</Version><Level>4</Level><Task>11</Task><Opcode>0</Opcode><Keywords>0x8000000000000000</Keywords><TimeCreated SystemTime='2020-05-18T07:14:09.520769800Z'/><EventRecordID>3715</EventRecordID><Correlation/><Execution ProcessID='1036' ThreadID='1524'/><Channel>Microsoft-Windows-Sysmon/Operational</Channel><Computer>DESKTOP-P84STH6</Computer><Security UserID='S-1-5-18'/></System><EventData><Data Name='RuleName'>DLL</Data><Data Name='UtcTime'>2020-05-18 07:14:09.520</Data><Data Name='ProcessGuid'>{5d3d98af-3547-5ec2-0000-00105b5bff00}</Data><Data Name='ProcessId'>6772</Data><Data Name='Image'>C:\Windows\system32\cleanmgr.exe</Data><Data Name='TargetFilename'>C:\Users\NS\AppData\Local\Temp\95EB8453-0691-4255-BFCC-A39F9E88DE04\SetupPlatformProvider.dll</Data><Data Name='CreationUtcTime'>2020-05-18 07:14:09.520</Data></EventData></Event><Event xmlns='http://schemas.microsoft.com/win/2004/08/events/event'><System><Provider Name='Microsoft-Windows-Sysmon' Guid='{5770385f-c22a-43e0-bf4c-06f5698ffbd9}'/><EventID>11</EventID><Version>2</Version><Level>4</Level><Task>11</Task><Opcode>0</Opcode><Keywords>0x8000000000000000</Keywords><TimeCreated SystemTime='2020-05-18T07:14:08.827450800Z'/><EventRecordID>3714</EventRecordID><Correlation/><Execution ProcessID='1036' ThreadID='1524'/><Channel>Microsoft-Windows-Sysmon/Operational</Channel><Computer>DESKTOP-P84STH6</Computer><Security UserID='S-1-5-18'/></System><EventData><Data Name='RuleName'>DLL</Data><Data Name='UtcTime'>2020-05-18 07:14:08.826</Data><Data Name='ProcessGuid'>{5d3d98af-3547-5ec2-0000-00105b5bff00}</Data><Data Name='ProcessId'>6772</Data><Data Name='Image'>C:\Windows\system32\cleanmgr.exe</Data><Data Name='TargetFilename'>C:\Users\NS\AppData\Local\Temp\95EB8453-0691-4255-BFCC-A39F9E88DE04\ProvProvider.dll</Data><Data Name='CreationUtcTime'>2020-05-18 07:14:08.656</Data></EventData></Event><Event xmlns='http://schemas.microsoft.com/win/2004/08/events/event'><System><Provider Name='Microsoft-Windows-Sysmon' Guid='{5770385f-c22a-43e0-bf4c-06f5698ffbd9}'/><EventID>11</EventID><Version>2</Version><Level>4</Level><Task>11</Task><Opcode>0</Opcode><Keywords>0x8000000000000000</Keywords><TimeCreated SystemTime='2020-05-18T07:14:08.288702500Z'/><EventRecordID>3713</EventRecordID><Correlation/><Execution ProcessID='1036' ThreadID='1524'/><Channel>Microsoft-Windows-Sysmon/Operational</Channel><Computer>DESKTOP-P84STH6</Computer><Security UserID='S-1-5-18'/></System><EventData><Data Name='RuleName'>DLL</Data><Data Name='UtcTime'>2020-05-18 07:14:08.288</Data><Data Name='ProcessGuid'>{5d3d98af-3547-5ec2-0000-00105b5bff00}</Data><Data Name='ProcessId'>6772</Data><Data Name='Image'>C:\Windows\system32\cleanmgr.exe</Data><Data Name='TargetFilename'>C:\Users\NS\AppData\Local\Temp\95EB8453-0691-4255-BFCC-A39F9E88DE04\OSProvider.dll</Data><Data Name='CreationUtcTime'>2020-05-18 07:14:08.284</Data></EventData></Event><Event xmlns='http://schemas.microsoft.com/win/2004/08/events/event'><System><Provider Name='Microsoft-Windows-Sysmon' Guid='{5770385f-c22a-43e0-bf4c-06f5698ffbd9}'/><EventID>11</EventID><Version>2</Version><Level>4</Level><Task>11</Task><Opcode>0</Opcode><Keywords>0x8000000000000000</Keywords><TimeCreated SystemTime='2020-05-18T07:14:08.019211100Z'/><EventRecordID>3712</EventRecordID><Correlation/><Execution ProcessID='1036' ThreadID='1524'/><Channel>Microsoft-Windows-Sysmon/Operational</Channel><Computer>DESKTOP-P84STH6</Computer><Security UserID='S-1-5-18'/></System><EventData><Data Name='RuleName'>DLL</Data><Data Name='UtcTime'>2020-05-18 07:14:08.018</Data><Data Name='ProcessGuid'>{5d3d98af-3547-5ec2-0000-00105b5bff00}</Data><Data Name='ProcessId'>6772</Data><Data Name='Image'>C:\Windows\system32\cleanmgr.exe</Data><Data Name='TargetFilename'>C:\Users\NS\AppData\Local\Temp\95EB8453-0691-4255-BFCC-A39F9E88DE04\OfflineSetupProvider.dll</Data><Data Name='CreationUtcTime'>2020-05-18 07:14:08.012</Data></EventData></Event><Event xmlns='http://schemas.microsoft.com/win/2004/08/events/event'><System><Provider Name='Microsoft-Windows-Sysmon' Guid='{5770385f-c22a-43e0-bf4c-06f5698ffbd9}'/><EventID>11</EventID><Version>2</Version><Level>4</Level><Task>11</Task><Opcode>0</Opcode><Keywords>0x8000000000000000</Keywords><TimeCreated SystemTime='2020-05-18T07:14:07.758215000Z'/><EventRecordID>3711</EventRecordID><Correlation/><Execution ProcessID='1036' ThreadID='1524'/><Channel>Microsoft-Windows-Sysmon/Operational</Channel><Computer>DESKTOP-P84STH6</Computer><Security UserID='S-1-5-18'/></System><EventData><Data Name='RuleName'>DLL</Data><Data Name='UtcTime'>2020-05-18 07:14:07.758</Data><Data Name='ProcessGuid'>{5d3d98af-3547-5ec2-0000-00105b5bff00}</Data><Data Name='ProcessId'>6772</Data><Data Name='Image'>C:\Windows\system32\cleanmgr.exe</Data><Data Name='TargetFilename'>C:\Users\NS\AppData\Local\Temp\95EB8453-0691-4255-BFCC-A39F9E88DE04\MsiProvider.dll</Data><Data Name='CreationUtcTime'>2020-05-18 07:14:07.756</Data></EventData></Event><Event xmlns='http://schemas.microsoft.com/win/2004/08/events/event'><System><Provider Name='Microsoft-Windows-Sysmon' Guid='{5770385f-c22a-43e0-bf4c-06f5698ffbd9}'/><EventID>11</EventID><Version>2</Version><Level>4</Level><Task>11</Task><Opcode>0</Opcode><Keywords>0x8000000000000000</Keywords><TimeCreated SystemTime='2020-05-18T07:14:07.664951200Z'/><EventRecordID>3710</EventRecordID><Correlation/><Execution ProcessID='1036' ThreadID='1524'/><Channel>Microsoft-Windows-Sysmon/Operational</Channel><Computer>DESKTOP-P84STH6</Computer><Security UserID='S-1-5-18'/></System><EventData><Data Name='RuleName'>DLL</Data><Data Name='UtcTime'>2020-05-18 07:14:07.664</Data><Data Name='ProcessGuid'>{5d3d98af-3547-5ec2-0000-00105b5bff00}</Data><Data Name='ProcessId'>6772</Data><Data Name='Image'>C:\Windows\system32\cleanmgr.exe</Data><Data Name='TargetFilename'>C:\Users\NS\AppData\Local\Temp\95EB8453-0691-4255-BFCC-A39F9E88DE04\LogProvider.dll</Data><Data Name='CreationUtcTime'>2020-05-18 07:14:07.664</Data></EventData></Event><Event xmlns='http://schemas.microsoft.com/win/2004/08/events/event'><System><Provider Name='Microsoft-Windows-Sysmon' Guid='{5770385f-c22a-43e0-bf4c-06f5698ffbd9}'/><EventID>11</EventID><Version>2</Version><Level>4</Level><Task>11</Task><Opcode>0</Opcode><Keywords>0x8000000000000000</Keywords><TimeCreated SystemTime='2020-05-18T07:14:07.362727200Z'/><EventRecordID>3709</EventRecordID><Correlation/><Execution ProcessID='1036' ThreadID='1524'/><Channel>Microsoft-Windows-Sysmon/Operational</Channel><Computer>DESKTOP-P84STH6</Computer><Security UserID='S-1-5-18'/></System><EventData><Data Name='RuleName'>DLL</Data><Data Name='UtcTime'>2020-05-18 07:14:07.362</Data><Data Name='ProcessGuid'>{5d3d98af-3547-5ec2-0000-00105b5bff00}</Data><Data Name='ProcessId'>6772</Data><Data Name='Image'>C:\Windows\system32\cleanmgr.exe</Data><Data Name='TargetFilename'>C:\Users\NS\AppData\Local\Temp\95EB8453-0691-4255-BFCC-A39F9E88DE04\IntlProvider.dll</Data><Data Name='CreationUtcTime'>2020-05-18 07:14:07.362</Data></EventData></Event>