<Event xmlns='http://schemas.microsoft.com/win/2004/08/events/event'><System><Provider Name='Microsoft-Windows-Sysmon' Guid='{5770385f-c22a-43e0-bf4c-06f5698ffbd9}'/><EventID>22</EventID><Version>5</Version><Level>4</Level><Task>22</Task><Opcode>0</Opcode><Keywords>0x8000000000000000</Keywords><TimeCreated SystemTime='2020-05-18T06:52:32.101445900Z'/><EventRecordID>3639</EventRecordID><Correlation/><Execution ProcessID='1036' ThreadID='2544'/><Channel>Microsoft-Windows-Sysmon/Operational</Channel><Computer>DESKTOP-P84STH6</Computer><Security UserID='S-1-5-18'/></System><EventData><Data Name='RuleName'></Data><Data Name='UtcTime'>2020-05-18 06:52:31.598</Data><Data Name='ProcessGuid'>{5d3d98af-22fa-5ec2-0000-001066790e00}</Data><Data Name='ProcessId'>6816</Data><Data Name='QueryName'>calendar.google.com</Data><Data Name='QueryStatus'>0</Data><Data Name='QueryResults'>172.217.160.78;</Data><Data Name='Image'>C:\Program Files (x86)\Google\Chrome\Application\chrome.exe</Data></EventData></Event><Event xmlns='http://schemas.microsoft.com/win/2004/08/events/event'><System><Provider Name='Microsoft-Windows-Sysmon' Guid='{5770385f-c22a-43e0-bf4c-06f5698ffbd9}'/><EventID>22</EventID><Version>5</Version><Level>4</Level><Task>22</Task><Opcode>0</Opcode><Keywords>0x8000000000000000</Keywords><TimeCreated SystemTime='2020-05-18T06:52:32.101144100Z'/><EventRecordID>3638</EventRecordID><Correlation/><Execution ProcessID='1036' ThreadID='2544'/><Channel>Microsoft-Windows-Sysmon/Operational</Channel><Computer>DESKTOP-P84STH6</Computer><Security UserID='S-1-5-18'/></System><EventData><Data Name='RuleName'></Data><Data Name='UtcTime'>2020-05-18 06:52:31.177</Data><Data Name='ProcessGuid'>{5d3d98af-22fa-5ec2-0000-001066790e00}</Data><Data Name='ProcessId'>6816</Data><Data Name='QueryName'>d.agkn.com</Data><Data Name='QueryStatus'>0</Data><Data Name='QueryResults'>type:  5 data.agkn.com;type:  5 d2ctznuk6ro1vp.cloudfront.net;13.35.7.30;13.35.7.52;13.35.7.15;13.35.7.92;</Data><Data Name='Image'>C:\Program Files (x86)\Google\Chrome\Application\chrome.exe</Data></EventData></Event><Event xmlns='http://schemas.microsoft.com/win/2004/08/events/event'><System><Provider Name='Microsoft-Windows-Sysmon' Guid='{5770385f-c22a-43e0-bf4c-06f5698ffbd9}'/><EventID>22</EventID><Version>5</Version><Level>4</Level><Task>22</Task><Opcode>0</Opcode><Keywords>0x8000000000000000</Keywords><TimeCreated SystemTime='2020-05-18T06:52:31.102112000Z'/><EventRecordID>3637</EventRecordID><Correlation/><Execution ProcessID='1036' ThreadID='2544'/><Channel>Microsoft-Windows-Sysmon/Operational</Channel><Computer>DESKTOP-P84STH6</Computer><Security UserID='S-1-5-18'/></System><EventData><Data Name='RuleName'></Data><Data Name='UtcTime'>2020-05-18 06:52:31.010</Data><Data Name='ProcessGuid'>{5d3d98af-22fa-5ec2-0000-001066790e00}</Data><Data Name='ProcessId'>6816</Data><Data Name='QueryName'>stockinfo</Data><Data Name='QueryStatus'>123</Data><Data Name='QueryResults'></Data><Data Name='Image'>C:\Program Files (x86)\Google\Chrome\Application\chrome.exe</Data></EventData></Event><Event xmlns='http://schemas.microsoft.com/win/2004/08/events/event'><System><Provider Name='Microsoft-Windows-Sysmon' Guid='{5770385f-c22a-43e0-bf4c-06f5698ffbd9}'/><EventID>22</EventID><Version>5</Version><Level>4</Level><Task>22</Task><Opcode>0</Opcode><Keywords>0x8000000000000000</Keywords><TimeCreated SystemTime='2020-05-18T06:52:31.102013600Z'/><EventRecordID>3636</EventRecordID><Correlation/><Execution ProcessID='1036' ThreadID='2544'/><Channel>Microsoft-Windows-Sysmon/Operational</Channel><Computer>DESKTOP-P84STH6</Computer><Security UserID='S-1-5-18'/></System><EventData><Data Name='RuleName'></Data><Data Name='UtcTime'>2020-05-18 06:52:30.803</Data><Data Name='ProcessGuid'>{5d3d98af-22fa-5ec2-0000-001066790e00}</Data><Data Name='ProcessId'>6816</Data><Data Name='QueryName'>goodinfo.tw</Data><Data Name='QueryStatus'>0</Data><Data Name='QueryResults'>60.250.203.149;</Data><Data Name='Image'>C:\Program Files (x86)\Google\Chrome\Application\chrome.exe</Data></EventData></Event><Event xmlns='http://schemas.microsoft.com/win/2004/08/events/event'><System><Provider Name='Microsoft-Windows-Sysmon' Guid='{5770385f-c22a-43e0-bf4c-06f5698ffbd9}'/><EventID>1</EventID><Version>5</Version><Level>4</Level><Task>1</Task><Opcode>0</Opcode><Keywords>0x8000000000000000</Keywords><TimeCreated SystemTime='2020-05-18T06:52:28.230862800Z'/><EventRecordID>3635</EventRecordID><Correlation/><Execution ProcessID='1036' ThreadID='1524'/><Channel>Microsoft-Windows-Sysmon/Operational</Channel><Computer>DESKTOP-P84STH6</Computer><Security UserID='S-1-5-18'/></System><EventData><Data Name='RuleName'></Data><Data Name='UtcTime'>2020-05-18 06:52:28.219</Data><Data Name='ProcessGuid'>{5d3d98af-30ac-5ec2-0000-00102f90fb00}</Data><Data Name='ProcessId'>2076</Data><Data Name='Image'>C:\Windows\System32\svchost.exe</Data><Data Name='FileVersion'>10.0.18362.1 (WinBuild.160101.0800)</Data><Data Name='Description'>Host Process for Windows Services</Data><Data Name='Product'>Microsoft® Windows® Operating System</Data><Data Name='Company'>Microsoft Corporation</Data><Data Name='OriginalFileName'>svchost.exe</Data><Data Name='CommandLine'>C:\Windows\System32\svchost.exe -k wsappx -p</Data><Data Name='CurrentDirectory'>C:\Windows\system32\</Data><Data Name='User'>NT AUTHORITY\SYSTEM</Data><Data Name='LogonGuid'>{5d3d98af-2299-5ec2-0000-0020e7030000}</Data><Data Name='LogonId'>0x3e7</Data><Data Name='TerminalSessionId'>0</Data><Data Name='IntegrityLevel'>System</Data><Data Name='Hashes'>MD5=9520A99E77D6196D0D09833146424113,SHA256=DD191A5B23DF92E12A8852291F9FB5ED594B76A28A5A464418442584AFD1E048,IMPHASH=247B9220E5D9B720A82B2C8B5069AD69</Data><Data Name='ParentProcessGuid'>{5d3d98af-2298-5ec2-0000-00102d550000}</Data><Data Name='ParentProcessId'>556</Data><Data Name='ParentImage'>C:\Windows\System32\services.exe</Data><Data Name='ParentCommandLine'>C:\Windows\system32\services.exe</Data></EventData></Event><Event xmlns='http://schemas.microsoft.com/win/2004/08/events/event'><System><Provider Name='Microsoft-Windows-Sysmon' Guid='{5770385f-c22a-43e0-bf4c-06f5698ffbd9}'/><EventID>22</EventID><Version>5</Version><Level>4</Level><Task>22</Task><Opcode>0</Opcode><Keywords>0x8000000000000000</Keywords><TimeCreated SystemTime='2020-05-18T06:52:25.667066400Z'/><EventRecordID>3634</EventRecordID><Correlation/><Execution ProcessID='1036' ThreadID='2544'/><Channel>Microsoft-Windows-Sysmon/Operational</Channel><Computer>DESKTOP-P84STH6</Computer><Security UserID='S-1-5-18'/></System><EventData><Data Name='RuleName'></Data><Data Name='UtcTime'>2020-05-18 06:52:24.807</Data><Data Name='ProcessGuid'>{5d3d98af-22fa-5ec2-0000-001066790e00}</Data><Data Name='ProcessId'>6816</Data><Data Name='QueryName'>histock</Data><Data Name='QueryStatus'>123</Data><Data Name='QueryResults'></Data><Data Name='Image'>C:\Program Files (x86)\Google\Chrome\Application\chrome.exe</Data></EventData></Event><Event xmlns='http://schemas.microsoft.com/win/2004/08/events/event'><System><Provider Name='Microsoft-Windows-Sysmon' Guid='{5770385f-c22a-43e0-bf4c-06f5698ffbd9}'/><EventID>22</EventID><Version>5</Version><Level>4</Level><Task>22</Task><Opcode>0</Opcode><Keywords>0x8000000000000000</Keywords><TimeCreated SystemTime='2020-05-18T06:52:23.574547400Z'/><EventRecordID>3633</EventRecordID><Correlation/><Execution ProcessID='1036' ThreadID='2544'/><Channel>Microsoft-Windows-Sysmon/Operational</Channel><Computer>DESKTOP-P84STH6</Computer><Security UserID='S-1-5-18'/></System><EventData><Data Name='RuleName'></Data><Data Name='UtcTime'>2020-05-18 06:52:23.021</Data><Data Name='ProcessGuid'>{5d3d98af-22fa-5ec2-0000-001066790e00}</Data><Data Name='ProcessId'>6816</Data><Data Name='QueryName'>histock.tw</Data><Data Name='QueryStatus'>0</Data><Data Name='QueryResults'>54.200.125.79;</Data><Data Name='Image'>C:\Program Files (x86)\Google\Chrome\Application\chrome.exe</Data></EventData></Event><Event xmlns='http://schemas.microsoft.com/win/2004/08/events/event'><System><Provider Name='Microsoft-Windows-Sysmon' Guid='{5770385f-c22a-43e0-bf4c-06f5698ffbd9}'/><EventID>22</EventID><Version>5</Version><Level>4</Level><Task>22</Task><Opcode>0</Opcode><Keywords>0x8000000000000000</Keywords><TimeCreated SystemTime='2020-05-18T06:52:12.725075700Z'/><EventRecordID>3632</EventRecordID><Correlation/><Execution ProcessID='1036' ThreadID='2544'/><Channel>Microsoft-Windows-Sysmon/Operational</Channel><Computer>DESKTOP-P84STH6</Computer><Security UserID='S-1-5-18'/></System><EventData><Data Name='RuleName'></Data><Data Name='UtcTime'>2020-05-18 06:52:11.778</Data><Data Name='ProcessGuid'>{5d3d98af-22fa-5ec2-0000-001066790e00}</Data><Data Name='ProcessId'>6816</Data><Data Name='QueryName'>xn--pss28cy49e</Data><Data Name='QueryStatus'>123</Data><Data Name='QueryResults'></Data><Data Name='Image'>C:\Program Files (x86)\Google\Chrome\Application\chrome.exe</Data></EventData></Event><Event xmlns='http://schemas.microsoft.com/win/2004/08/events/event'><System><Provider Name='Microsoft-Windows-Sysmon' Guid='{5770385f-c22a-43e0-bf4c-06f5698ffbd9}'/><EventID>22</EventID><Version>5</Version><Level>4</Level><Task>22</Task><Opcode>0</Opcode><Keywords>0x8000000000000000</Keywords><TimeCreated SystemTime='2020-05-18T06:52:05.574279500Z'/><EventRecordID>3631</EventRecordID><Correlation/><Execution ProcessID='1036' ThreadID='2544'/><Channel>Microsoft-Windows-Sysmon/Operational</Channel><Computer>DESKTOP-P84STH6</Computer><Security UserID='S-1-5-18'/></System><EventData><Data Name='RuleName'></Data><Data Name='UtcTime'>2020-05-18 06:52:04.509</Data><Data Name='ProcessGuid'>{5d3d98af-22fa-5ec2-0000-001066790e00}</Data><Data Name='ProcessId'>6816</Data><Data Name='QueryName'>xn--7hvvi</Data><Data Name='QueryStatus'>123</Data><Data Name='QueryResults'></Data><Data Name='Image'>C:\Program Files (x86)\Google\Chrome\Application\chrome.exe</Data></EventData></Event><Event xmlns='http://schemas.microsoft.com/win/2004/08/events/event'><System><Provider Name='Microsoft-Windows-Sysmon' Guid='{5770385f-c22a-43e0-bf4c-06f5698ffbd9}'/><EventID>22</EventID><Version>5</Version><Level>4</Level><Task>22</Task><Opcode>0</Opcode><Keywords>0x8000000000000000</Keywords><TimeCreated SystemTime='2020-05-18T06:51:59.064027600Z'/><EventRecordID>3630</EventRecordID><Correlation/><Execution ProcessID='1036' ThreadID='2544'/><Channel>Microsoft-Windows-Sysmon/Operational</Channel><Computer>DESKTOP-P84STH6</Computer><Security UserID='S-1-5-18'/></System><EventData><Data Name='RuleName'></Data><Data Name='UtcTime'>2020-05-18 06:51:58.347</Data><Data Name='ProcessGuid'>{5d3d98af-22fa-5ec2-0000-001066790e00}</Data><Data Name='ProcessId'>6816</Data><Data Name='QueryName'>www.google.com</Data><Data Name='QueryStatus'>0</Data><Data Name='QueryResults'>216.58.200.36;</Data><Data Name='Image'>C:\Program Files (x86)\Google\Chrome\Application\chrome.exe</Data></EventData></Event><Event xmlns='http://schemas.microsoft.com/win/2004/08/events/event'><System><Provider Name='Microsoft-Windows-Sysmon' Guid='{5770385f-c22a-43e0-bf4c-06f5698ffbd9}'/><EventID>22</EventID><Version>5</Version><Level>4</Level><Task>22</Task><Opcode>0</Opcode><Keywords>0x8000000000000000</Keywords><TimeCreated SystemTime='2020-05-18T06:48:00.018684200Z'/><EventRecordID>3629</EventRecordID><Correlation/><Execution ProcessID='1036' ThreadID='2544'/><Channel>Microsoft-Windows-Sysmon/Operational</Channel><Computer>DESKTOP-P84STH6</Computer><Security UserID='S-1-5-18'/></System><EventData><Data Name='RuleName'></Data><Data Name='UtcTime'>2020-05-18 06:47:59.016</Data><Data Name='ProcessGuid'>{5d3d98af-22fa-5ec2-0000-001066790e00}</Data><Data Name='ProcessId'>6816</Data><Data Name='QueryName'>beap-bc.yahoo.com</Data><Data Name='QueryStatus'>0</Data><Data Name='QueryResults'>type:  5 edge.gycpi.b.yahoodns.net;119.161.14.18;119.161.16.12;119.161.14.17;119.161.16.11;</Data><Data Name='Image'>C:\Program Files (x86)\Google\Chrome\Application\chrome.exe</Data></EventData></Event><Event xmlns='http://schemas.microsoft.com/win/2004/08/events/event'><System><Provider Name='Microsoft-Windows-Sysmon' Guid='{5770385f-c22a-43e0-bf4c-06f5698ffbd9}'/><EventID>22</EventID><Version>5</Version><Level>4</Level><Task>22</Task><Opcode>0</Opcode><Keywords>0x8000000000000000</Keywords><TimeCreated SystemTime='2020-05-18T06:47:52.105634600Z'/><EventRecordID>3628</EventRecordID><Correlation/><Execution ProcessID='1036' ThreadID='2544'/><Channel>Microsoft-Windows-Sysmon/Operational</Channel><Computer>DESKTOP-P84STH6</Computer><Security UserID='S-1-5-18'/></System><EventData><Data Name='RuleName'></Data><Data Name='UtcTime'>2020-05-18 06:47:51.238</Data><Data Name='ProcessGuid'>{5d3d98af-22fa-5ec2-0000-001066790e00}</Data><Data Name='ProcessId'>6816</Data><Data Name='QueryName'>as.y.atwola.com</Data><Data Name='QueryStatus'>0</Data><Data Name='QueryResults'>type:  5 cs670.wpc.thetacdn.net;type:  5 cs670.lb.wpc.apr-1b09e.edgecastdns.net;type:  5 cs1935.wpc.thetacdn.net;152.199.5.13;</Data><Data Name='Image'>C:\Program Files (x86)\Google\Chrome\Application\chrome.exe</Data></EventData></Event><Event xmlns='http://schemas.microsoft.com/win/2004/08/events/event'><System><Provider Name='Microsoft-Windows-Sysmon' Guid='{5770385f-c22a-43e0-bf4c-06f5698ffbd9}'/><EventID>22</EventID><Version>5</Version><Level>4</Level><Task>22</Task><Opcode>0</Opcode><Keywords>0x8000000000000000</Keywords><TimeCreated SystemTime='2020-05-18T06:47:50.186719500Z'/><EventRecordID>3627</EventRecordID><Correlation/><Execution ProcessID='1036' ThreadID='2544'/><Channel>Microsoft-Windows-Sysmon/Operational</Channel><Computer>DESKTOP-P84STH6</Computer><Security UserID='S-1-5-18'/></System><EventData><Data Name='RuleName'></Data><Data Name='UtcTime'>2020-05-18 06:47:49.798</Data><Data Name='ProcessGuid'>{5d3d98af-22fa-5ec2-0000-001066790e00}</Data><Data Name='ProcessId'>6816</Data><Data Name='QueryName'>udc.yahoo.com</Data><Data Name='QueryStatus'>0</Data><Data Name='QueryResults'>type:  5 ds-geoycpi-uno-lite.gycpi.b.yahoodns.net;119.161.16.12;119.161.14.17;119.161.14.18;119.161.16.11;</Data><Data Name='Image'>C:\Program Files (x86)\Google\Chrome\Application\chrome.exe</Data></EventData></Event><Event xmlns='http://schemas.microsoft.com/win/2004/08/events/event'><System><Provider Name='Microsoft-Windows-Sysmon' Guid='{5770385f-c22a-43e0-bf4c-06f5698ffbd9}'/><EventID>22</EventID><Version>5</Version><Level>4</Level><Task>22</Task><Opcode>0</Opcode><Keywords>0x8000000000000000</Keywords><TimeCreated SystemTime='2020-05-18T06:47:50.186555900Z'/><EventRecordID>3626</EventRecordID><Correlation/><Execution ProcessID='1036' ThreadID='2544'/><Channel>Microsoft-Windows-Sysmon/Operational</Channel><Computer>DESKTOP-P84STH6</Computer><Security UserID='S-1-5-18'/></System><EventData><Data Name='RuleName'></Data><Data Name='UtcTime'>2020-05-18 06:47:49.134</Data><Data Name='ProcessGuid'>{5d3d98af-22fa-5ec2-0000-001066790e00}</Data><Data Name='ProcessId'>6816</Data><Data Name='QueryName'>yui-s.yahooapis.com</Data><Data Name='QueryStatus'>0</Data><Data Name='QueryResults'>type:  5 edge.gycpi.b.yahoodns.net;119.161.14.18;119.161.16.12;119.161.16.11;119.161.14.17;</Data><Data Name='Image'>C:\Program Files (x86)\Google\Chrome\Application\chrome.exe</Data></EventData></Event><Event xmlns='http://schemas.microsoft.com/win/2004/08/events/event'><System><Provider Name='Microsoft-Windows-Sysmon' Guid='{5770385f-c22a-43e0-bf4c-06f5698ffbd9}'/><EventID>22</EventID><Version>5</Version><Level>4</Level><Task>22</Task><Opcode>0</Opcode><Keywords>0x8000000000000000</Keywords><TimeCreated SystemTime='2020-05-18T06:47:50.186425000Z'/><EventRecordID>3625</EventRecordID><Correlation/><Execution ProcessID='1036' ThreadID='2544'/><Channel>Microsoft-Windows-Sysmon/Operational</Channel><Computer>DESKTOP-P84STH6</Computer><Security UserID='S-1-5-18'/></System><EventData><Data Name='RuleName'></Data><Data Name='UtcTime'>2020-05-18 06:47:49.118</Data><Data Name='ProcessGuid'>{5d3d98af-22fa-5ec2-0000-001066790e00}</Data><Data Name='ProcessId'>6816</Data><Data Name='QueryName'>sec.yimg.com</Data><Data Name='QueryStatus'>0</Data><Data Name='QueryResults'>type:  5 edge.gycpi.b.yahoodns.net;119.161.14.18;119.161.16.12;119.161.16.11;119.161.14.17;</Data><Data Name='Image'>C:\Program Files (x86)\Google\Chrome\Application\chrome.exe</Data></EventData></Event><Event xmlns='http://schemas.microsoft.com/win/2004/08/events/event'><System><Provider Name='Microsoft-Windows-Sysmon' Guid='{5770385f-c22a-43e0-bf4c-06f5698ffbd9}'/><EventID>22</EventID><Version>5</Version><Level>4</Level><Task>22</Task><Opcode>0</Opcode><Keywords>0x8000000000000000</Keywords><TimeCreated SystemTime='2020-05-18T06:47:50.186317900Z'/><EventRecordID>3624</EventRecordID><Correlation/><Execution ProcessID='1036' ThreadID='2544'/><Channel>Microsoft-Windows-Sysmon/Operational</Channel><Computer>DESKTOP-P84STH6</Computer><Security UserID='S-1-5-18'/></System><EventData><Data Name='RuleName'></Data><Data Name='UtcTime'>2020-05-18 06:47:49.102</Data><Data Name='ProcessGuid'>{5d3d98af-22fa-5ec2-0000-001066790e00}</Data><Data Name='ProcessId'>6816</Data><Data Name='QueryName'>s.yimg.com</Data><Data Name='QueryStatus'>0</Data><Data Name='QueryResults'>type:  5 edge.gycpi.b.yahoodns.net;119.161.14.18;</Data><Data Name='Image'>C:\Program Files (x86)\Google\Chrome\Application\chrome.exe</Data></EventData></Event><Event xmlns='http://schemas.microsoft.com/win/2004/08/events/event'><System><Provider Name='Microsoft-Windows-Sysmon' Guid='{5770385f-c22a-43e0-bf4c-06f5698ffbd9}'/><EventID>22</EventID><Version>5</Version><Level>4</Level><Task>22</Task><Opcode>0</Opcode><Keywords>0x8000000000000000</Keywords><TimeCreated SystemTime='2020-05-18T06:47:15.780836900Z'/><EventRecordID>3623</EventRecordID><Correlation/><Execution ProcessID='1036' ThreadID='2544'/><Channel>Microsoft-Windows-Sysmon/Operational</Channel><Computer>DESKTOP-P84STH6</Computer><Security UserID='S-1-5-18'/></System><EventData><Data Name='RuleName'></Data><Data Name='UtcTime'>2020-05-18 06:47:15.592</Data><Data Name='ProcessGuid'>{5d3d98af-22fa-5ec2-0000-001066790e00}</Data><Data Name='ProcessId'>6816</Data><Data Name='QueryName'>s3-symbol-logo.tradingview.com</Data><Data Name='QueryStatus'>0</Data><Data Name='QueryResults'>type:  5 dgpfe1xgdia62.cloudfront.net;13.35.163.111;13.35.163.11;13.35.163.95;13.35.163.27;</Data><Data Name='Image'>C:\Program Files (x86)\Google\Chrome\Application\chrome.exe</Data></EventData></Event><Event xmlns='http://schemas.microsoft.com/win/2004/08/events/event'><System><Provider Name='Microsoft-Windows-Sysmon' Guid='{5770385f-c22a-43e0-bf4c-06f5698ffbd9}'/><EventID>22</EventID><Version>5</Version><Level>4</Level><Task>22</Task><Opcode>0</Opcode><Keywords>0x8000000000000000</Keywords><TimeCreated SystemTime='2020-05-18T06:46:42.517288400Z'/><EventRecordID>3622</EventRecordID><Correlation/><Execution ProcessID='1036' ThreadID='2544'/><Channel>Microsoft-Windows-Sysmon/Operational</Channel><Computer>DESKTOP-P84STH6</Computer><Security UserID='S-1-5-18'/></System><EventData><Data Name='RuleName'></Data><Data Name='UtcTime'>2020-05-18 06:46:41.489</Data><Data Name='ProcessGuid'>{5d3d98af-22fa-5ec2-0000-001066790e00}</Data><Data Name='ProcessId'>6816</Data><Data Name='QueryName'>s3.tradingview.com</Data><Data Name='QueryStatus'>0</Data><Data Name='QueryResults'>type:  5 d33t3vvu2t2yu5.cloudfront.net;13.35.7.72;13.35.7.110;13.35.7.61;13.35.7.99;</Data><Data Name='Image'>C:\Program Files (x86)\Google\Chrome\Application\chrome.exe</Data></EventData></Event><Event xmlns='http://schemas.microsoft.com/win/2004/08/events/event'><System><Provider Name='Microsoft-Windows-Sysmon' Guid='{5770385f-c22a-43e0-bf4c-06f5698ffbd9}'/><EventID>22</EventID><Version>5</Version><Level>4</Level><Task>22</Task><Opcode>0</Opcode><Keywords>0x8000000000000000</Keywords><TimeCreated SystemTime='2020-05-18T06:46:33.334595700Z'/><EventRecordID>3621</EventRecordID><Correlation/><Execution ProcessID='1036' ThreadID='2544'/><Channel>Microsoft-Windows-Sysmon/Operational</Channel><Computer>DESKTOP-P84STH6</Computer><Security UserID='S-1-5-18'/></System><EventData><Data Name='RuleName'></Data><Data Name='UtcTime'>2020-05-18 06:46:32.935</Data><Data Name='ProcessGuid'>{5d3d98af-22fa-5ec2-0000-001066790e00}</Data><Data Name='ProcessId'>6816</Data><Data Name='QueryName'>rum-collector-2.pingdom.net</Data><Data Name='QueryStatus'>0</Data><Data Name='QueryResults'>type:  5 prod-dem-collector-elb-611025824.eu-west-1.elb.amazonaws.com;34.250.128.129;52.30.151.94;34.250.196.193;52.215.241.11;34.254.39.11;52.51.126.166;</Data><Data Name='Image'>C:\Program Files (x86)\Google\Chrome\Application\chrome.exe</Data></EventData></Event><Event xmlns='http://schemas.microsoft.com/win/2004/08/events/event'><System><Provider Name='Microsoft-Windows-Sysmon' Guid='{5770385f-c22a-43e0-bf4c-06f5698ffbd9}'/><EventID>22</EventID><Version>5</Version><Level>4</Level><Task>22</Task><Opcode>0</Opcode><Keywords>0x8000000000000000</Keywords><TimeCreated SystemTime='2020-05-18T06:46:31.343175700Z'/><EventRecordID>3620</EventRecordID><Correlation/><Execution ProcessID='1036' ThreadID='2544'/><Channel>Microsoft-Windows-Sysmon/Operational</Channel><Computer>DESKTOP-P84STH6</Computer><Security UserID='S-1-5-18'/></System><EventData><Data Name='RuleName'></Data><Data Name='UtcTime'>2020-05-18 06:46:30.902</Data><Data Name='ProcessGuid'>{5d3d98af-22fa-5ec2-0000-001066790e00}</Data><Data Name='ProcessId'>6816</Data><Data Name='QueryName'>snowplow-pixel.tradingview.com</Data><Data Name='QueryStatus'>0</Data><Data Name='QueryResults'>type:  5 d3eoj4w8upvzh3.cloudfront.net;13.35.163.66;13.35.163.61;13.35.163.6;13.35.163.90;</Data><Data Name='Image'>C:\Program Files (x86)\Google\Chrome\Application\chrome.exe</Data></EventData></Event><Event xmlns='http://schemas.microsoft.com/win/2004/08/events/event'><System><Provider Name='Microsoft-Windows-Sysmon' Guid='{5770385f-c22a-43e0-bf4c-06f5698ffbd9}'/><EventID>22</EventID><Version>5</Version><Level>4</Level><Task>22</Task><Opcode>0</Opcode><Keywords>0x8000000000000000</Keywords><TimeCreated SystemTime='2020-05-18T06:46:30.439398000Z'/><EventRecordID>3619</EventRecordID><Correlation/><Execution ProcessID='1036' ThreadID='2544'/><Channel>Microsoft-Windows-Sysmon/Operational</Channel><Computer>DESKTOP-P84STH6</Computer><Security UserID='S-1-5-18'/></System><EventData><Data Name='RuleName'></Data><Data Name='UtcTime'>2020-05-18 06:46:29.634</Data><Data Name='ProcessGuid'>{5d3d98af-22fa-5ec2-0000-001066790e00}</Data><Data Name='ProcessId'>6816</Data><Data Name='QueryName'>pushstream.tradingview.com</Data><Data Name='QueryStatus'>0</Data><Data Name='QueryResults'>type:  5 pushstream-us.tradingview.com;209.58.134.231;</Data><Data Name='Image'>C:\Program Files (x86)\Google\Chrome\Application\chrome.exe</Data></EventData></Event><Event xmlns='http://schemas.microsoft.com/win/2004/08/events/event'><System><Provider Name='Microsoft-Windows-Sysmon' Guid='{5770385f-c22a-43e0-bf4c-06f5698ffbd9}'/><EventID>22</EventID><Version>5</Version><Level>4</Level><Task>22</Task><Opcode>0</Opcode><Keywords>0x8000000000000000</Keywords><TimeCreated SystemTime='2020-05-18T06:46:30.439284100Z'/><EventRecordID>3618</EventRecordID><Correlation/><Execution ProcessID='1036' ThreadID='2544'/><Channel>Microsoft-Windows-Sysmon/Operational</Channel><Computer>DESKTOP-P84STH6</Computer><Security UserID='S-1-5-18'/></System><EventData><Data Name='RuleName'></Data><Data Name='UtcTime'>2020-05-18 06:46:29.377</Data><Data Name='ProcessGuid'>{5d3d98af-22fa-5ec2-0000-001066790e00}</Data><Data Name='ProcessId'>6816</Data><Data Name='QueryName'>rum-static.pingdom.net</Data><Data Name='QueryStatus'>0</Data><Data Name='QueryResults'>104.20.21.239;104.20.20.239;</Data><Data Name='Image'>C:\Program Files (x86)\Google\Chrome\Application\chrome.exe</Data></EventData></Event><Event xmlns='http://schemas.microsoft.com/win/2004/08/events/event'><System><Provider Name='Microsoft-Windows-Sysmon' Guid='{5770385f-c22a-43e0-bf4c-06f5698ffbd9}'/><EventID>22</EventID><Version>5</Version><Level>4</Level><Task>22</Task><Opcode>0</Opcode><Keywords>0x8000000000000000</Keywords><TimeCreated SystemTime='2020-05-18T06:46:29.583033200Z'/><EventRecordID>3617</EventRecordID><Correlation/><Execution ProcessID='1036' ThreadID='2544'/><Channel>Microsoft-Windows-Sysmon/Operational</Channel><Computer>DESKTOP-P84STH6</Computer><Security UserID='S-1-5-18'/></System><EventData><Data Name='RuleName'></Data><Data Name='UtcTime'>2020-05-18 06:46:28.437</Data><Data Name='ProcessGuid'>{5d3d98af-22fa-5ec2-0000-001066790e00}</Data><Data Name='ProcessId'>6816</Data><Data Name='QueryName'>news-headlines.tradingview.com</Data><Data Name='QueryStatus'>0</Data><Data Name='QueryResults'>type:  5 news-headlines-us.tradingview.com;209.58.134.249;</Data><Data Name='Image'>C:\Program Files (x86)\Google\Chrome\Application\chrome.exe</Data></EventData></Event><Event xmlns='http://schemas.microsoft.com/win/2004/08/events/event'><System><Provider Name='Microsoft-Windows-Sysmon' Guid='{5770385f-c22a-43e0-bf4c-06f5698ffbd9}'/><EventID>22</EventID><Version>5</Version><Level>4</Level><Task>22</Task><Opcode>0</Opcode><Keywords>0x8000000000000000</Keywords><TimeCreated SystemTime='2020-05-18T06:46:29.582414600Z'/><EventRecordID>3616</EventRecordID><Correlation/><Execution ProcessID='1036' ThreadID='2544'/><Channel>Microsoft-Windows-Sysmon/Operational</Channel><Computer>DESKTOP-P84STH6</Computer><Security UserID='S-1-5-18'/></System><EventData><Data Name='RuleName'></Data><Data Name='UtcTime'>2020-05-18 06:46:28.391</Data><Data Name='ProcessGuid'>{5d3d98af-22fa-5ec2-0000-001066790e00}</Data><Data Name='ProcessId'>6816</Data><Data Name='QueryName'>chartevents-reuters.tradingview.com</Data><Data Name='QueryStatus'>0</Data><Data Name='QueryResults'>type:  5 chartevents-reuters-us.tradingview.com;209.58.134.248;</Data><Data Name='Image'>C:\Program Files (x86)\Google\Chrome\Application\chrome.exe</Data></EventData></Event><Event xmlns='http://schemas.microsoft.com/win/2004/08/events/event'><System><Provider Name='Microsoft-Windows-Sysmon' Guid='{5770385f-c22a-43e0-bf4c-06f5698ffbd9}'/><EventID>22</EventID><Version>5</Version><Level>4</Level><Task>22</Task><Opcode>0</Opcode><Keywords>0x8000000000000000</Keywords><TimeCreated SystemTime='2020-05-18T06:46:28.380946000Z'/><EventRecordID>3615</EventRecordID><Correlation/><Execution ProcessID='1036' ThreadID='2544'/><Channel>Microsoft-Windows-Sysmon/Operational</Channel><Computer>DESKTOP-P84STH6</Computer><Security UserID='S-1-5-18'/></System><EventData><Data Name='RuleName'></Data><Data Name='UtcTime'>2020-05-18 06:46:27.649</Data><Data Name='ProcessGuid'>{5d3d98af-22fa-5ec2-0000-001066790e00}</Data><Data Name='ProcessId'>6816</Data><Data Name='QueryName'>data.tradingview.com</Data><Data Name='QueryStatus'>0</Data><Data Name='QueryResults'>type:  5 data-us.tradingview.com;34.216.77.186;</Data><Data Name='Image'>C:\Program Files (x86)\Google\Chrome\Application\chrome.exe</Data></EventData></Event><Event xmlns='http://schemas.microsoft.com/win/2004/08/events/event'><System><Provider Name='Microsoft-Windows-Sysmon' Guid='{5770385f-c22a-43e0-bf4c-06f5698ffbd9}'/><EventID>22</EventID><Version>5</Version><Level>4</Level><Task>22</Task><Opcode>0</Opcode><Keywords>0x8000000000000000</Keywords><TimeCreated SystemTime='2020-05-18T06:46:28.380807800Z'/><EventRecordID>3614</EventRecordID><Correlation/><Execution ProcessID='1036' ThreadID='2544'/><Channel>Microsoft-Windows-Sysmon/Operational</Channel><Computer>DESKTOP-P84STH6</Computer><Security UserID='S-1-5-18'/></System><EventData><Data Name='RuleName'></Data><Data Name='UtcTime'>2020-05-18 06:46:27.405</Data><Data Name='ProcessGuid'>{5d3d98af-22fa-5ec2-0000-001066790e00}</Data><Data Name='ProcessId'>6816</Data><Data Name='QueryName'>s3.amazonaws.com</Data><Data Name='QueryStatus'>0</Data><Data Name='QueryResults'>type:  5 s3-1.amazonaws.com;52.217.36.254;</Data><Data Name='Image'>C:\Program Files (x86)\Google\Chrome\Application\chrome.exe</Data></EventData></Event><Event xmlns='http://schemas.microsoft.com/win/2004/08/events/event'><System><Provider Name='Microsoft-Windows-Sysmon' Guid='{5770385f-c22a-43e0-bf4c-06f5698ffbd9}'/><EventID>22</EventID><Version>5</Version><Level>4</Level><Task>22</Task><Opcode>0</Opcode><Keywords>0x8000000000000000</Keywords><TimeCreated SystemTime='2020-05-18T06:46:27.331505500Z'/><EventRecordID>3613</EventRecordID><Correlation/><Execution ProcessID='1036' ThreadID='2544'/><Channel>Microsoft-Windows-Sysmon/Operational</Channel><Computer>DESKTOP-P84STH6</Computer><Security UserID='S-1-5-18'/></System><EventData><Data Name='RuleName'></Data><Data Name='UtcTime'>2020-05-18 06:46:26.593</Data><Data Name='ProcessGuid'>{5d3d98af-22fa-5ec2-0000-001066790e00}</Data><Data Name='ProcessId'>6816</Data><Data Name='QueryName'>tw.tradingview.com</Data><Data Name='QueryStatus'>0</Data><Data Name='QueryResults'>type:  5 d1q9ljqir4kc24.cloudfront.net;13.35.163.37;13.35.163.42;13.35.163.78;13.35.163.66;</Data><Data Name='Image'>C:\Program Files (x86)\Google\Chrome\Application\chrome.exe</Data></EventData></Event><Event xmlns='http://schemas.microsoft.com/win/2004/08/events/event'><System><Provider Name='Microsoft-Windows-Sysmon' Guid='{5770385f-c22a-43e0-bf4c-06f5698ffbd9}'/><EventID>22</EventID><Version>5</Version><Level>4</Level><Task>22</Task><Opcode>0</Opcode><Keywords>0x8000000000000000</Keywords><TimeCreated SystemTime='2020-05-18T06:46:27.331407300Z'/><EventRecordID>3612</EventRecordID><Correlation/><Execution ProcessID='1036' ThreadID='2544'/><Channel>Microsoft-Windows-Sysmon/Operational</Channel><Computer>DESKTOP-P84STH6</Computer><Security UserID='S-1-5-18'/></System><EventData><Data Name='RuleName'></Data><Data Name='UtcTime'>2020-05-18 06:46:26.457</Data><Data Name='ProcessGuid'>{5d3d98af-22fa-5ec2-0000-001066790e00}</Data><Data Name='ProcessId'>6816</Data><Data Name='QueryName'>adservice.google.com.tw</Data><Data Name='QueryStatus'>0</Data><Data Name='QueryResults'>type:  5 pagead46.l.doubleclick.net;172.217.24.2;</Data><Data Name='Image'>C:\Program Files (x86)\Google\Chrome\Application\chrome.exe</Data></EventData></Event><Event xmlns='http://schemas.microsoft.com/win/2004/08/events/event'><System><Provider Name='Microsoft-Windows-Sysmon' Guid='{5770385f-c22a-43e0-bf4c-06f5698ffbd9}'/><EventID>22</EventID><Version>5</Version><Level>4</Level><Task>22</Task><Opcode>0</Opcode><Keywords>0x8000000000000000</Keywords><TimeCreated SystemTime='2020-05-18T06:46:27.331245700Z'/><EventRecordID>3611</EventRecordID><Correlation/><Execution ProcessID='1036' ThreadID='2544'/><Channel>Microsoft-Windows-Sysmon/Operational</Channel><Computer>DESKTOP-P84STH6</Computer><Security UserID='S-1-5-18'/></System><EventData><Data Name='RuleName'></Data><Data Name='UtcTime'>2020-05-18 06:46:26.327</Data><Data Name='ProcessGuid'>{5d3d98af-22fa-5ec2-0000-001066790e00}</Data><Data Name='ProcessId'>6816</Data><Data Name='QueryName'>hotlist.tradingview.com</Data><Data Name='QueryStatus'>0</Data><Data Name='QueryResults'>type:  5 hotlist-us.tradingview.com;23.82.129.67;</Data><Data Name='Image'>C:\Program Files (x86)\Google\Chrome\Application\chrome.exe</Data></EventData></Event><Event xmlns='http://schemas.microsoft.com/win/2004/08/events/event'><System><Provider Name='Microsoft-Windows-Sysmon' Guid='{5770385f-c22a-43e0-bf4c-06f5698ffbd9}'/><EventID>22</EventID><Version>5</Version><Level>4</Level><Task>22</Task><Opcode>0</Opcode><Keywords>0x8000000000000000</Keywords><TimeCreated SystemTime='2020-05-18T06:46:11.784957200Z'/><EventRecordID>3610</EventRecordID><Correlation/><Execution ProcessID='1036' ThreadID='2544'/><Channel>Microsoft-Windows-Sysmon/Operational</Channel><Computer>DESKTOP-P84STH6</Computer><Security UserID='S-1-5-18'/></System><EventData><Data Name='RuleName'></Data><Data Name='UtcTime'>2020-05-18 06:46:10.893</Data><Data Name='ProcessGuid'>{5d3d98af-22fa-5ec2-0000-001066790e00}</Data><Data Name='ProcessId'>6816</Data><Data Name='QueryName'>bpi.rtactivate.com</Data><Data Name='QueryStatus'>0</Data><Data Name='QueryResults'>type:  5 rtactivateloadbalancer-2076579973.us-east-1.elb.amazonaws.com;3.225.208.248;18.207.146.85;34.206.167.54;54.86.126.56;54.87.17.89;18.214.74.27;3.233.193.169;34.192.69.218;</Data><Data Name='Image'>C:\Program Files (x86)\Google\Chrome\Application\chrome.exe</Data></EventData></Event><Event xmlns='http://schemas.microsoft.com/win/2004/08/events/event'><System><Provider Name='Microsoft-Windows-Sysmon' Guid='{5770385f-c22a-43e0-bf4c-06f5698ffbd9}'/><EventID>22</EventID><Version>5</Version><Level>4</Level><Task>22</Task><Opcode>0</Opcode><Keywords>0x8000000000000000</Keywords><TimeCreated SystemTime='2020-05-18T06:46:10.863401100Z'/><EventRecordID>3609</EventRecordID><Correlation/><Execution ProcessID='1036' ThreadID='2544'/><Channel>Microsoft-Windows-Sysmon/Operational</Channel><Computer>DESKTOP-P84STH6</Computer><Security UserID='S-1-5-18'/></System><EventData><Data Name='RuleName'></Data><Data Name='UtcTime'>2020-05-18 06:46:10.393</Data><Data Name='ProcessGuid'>{5d3d98af-22fa-5ec2-0000-001066790e00}</Data><Data Name='ProcessId'>6816</Data><Data Name='QueryName'>contextual.media.net</Data><Data Name='QueryStatus'>0</Data><Data Name='QueryResults'>163.28.224.31;</Data><Data Name='Image'>C:\Program Files (x86)\Google\Chrome\Application\chrome.exe</Data></EventData></Event><Event xmlns='http://schemas.microsoft.com/win/2004/08/events/event'><System><Provider Name='Microsoft-Windows-Sysmon' Guid='{5770385f-c22a-43e0-bf4c-06f5698ffbd9}'/><EventID>22</EventID><Version>5</Version><Level>4</Level><Task>22</Task><Opcode>0</Opcode><Keywords>0x8000000000000000</Keywords><TimeCreated SystemTime='2020-05-18T06:46:10.863266600Z'/><EventRecordID>3608</EventRecordID><Correlation/><Execution ProcessID='1036' ThreadID='2544'/><Channel>Microsoft-Windows-Sysmon/Operational</Channel><Computer>DESKTOP-P84STH6</Computer><Security UserID='S-1-5-18'/></System><EventData><Data Name='RuleName'></Data><Data Name='UtcTime'>2020-05-18 06:46:10.360</Data><Data Name='ProcessGuid'>{5d3d98af-22fa-5ec2-0000-001066790e00}</Data><Data Name='ProcessId'>6816</Data><Data Name='QueryName'>live.rezync.com</Data><Data Name='QueryStatus'>0</Data><Data Name='QueryResults'>type:  5 prod-zync-elb-150989390.us-west-2.elb.amazonaws.com;34.223.216.170;34.211.124.254;35.160.67.124;35.165.126.152;35.167.111.199;54.149.148.28;</Data><Data Name='Image'>C:\Program Files (x86)\Google\Chrome\Application\chrome.exe</Data></EventData></Event><Event xmlns='http://schemas.microsoft.com/win/2004/08/events/event'><System><Provider Name='Microsoft-Windows-Sysmon' Guid='{5770385f-c22a-43e0-bf4c-06f5698ffbd9}'/><EventID>22</EventID><Version>5</Version><Level>4</Level><Task>22</Task><Opcode>0</Opcode><Keywords>0x8000000000000000</Keywords><TimeCreated SystemTime='2020-05-18T06:46:10.863107900Z'/><EventRecordID>3607</EventRecordID><Correlation/><Execution ProcessID='1036' ThreadID='2544'/><Channel>Microsoft-Windows-Sysmon/Operational</Channel><Computer>DESKTOP-P84STH6</Computer><Security UserID='S-1-5-18'/></System><EventData><Data Name='RuleName'></Data><Data Name='UtcTime'>2020-05-18 06:46:10.301</Data><Data Name='ProcessGuid'>{5d3d98af-22fa-5ec2-0000-001066790e00}</Data><Data Name='ProcessId'>6816</Data><Data Name='QueryName'>beacon.krxd.net</Data><Data Name='QueryStatus'>0</Data><Data Name='QueryResults'>type:  5 beacon-pdx-prod.krxd.net;type:  5 prod-pdx-beacon-1406086907.us-west-2.elb.amazonaws.com;54.203.173.213;35.163.236.8;34.215.220.8;54.148.184.106;52.89.48.241;34.210.164.121;54.68.12.63;54.69.179.158;</Data><Data Name='Image'>C:\Program Files (x86)\Google\Chrome\Application\chrome.exe</Data></EventData></Event><Event xmlns='http://schemas.microsoft.com/win/2004/08/events/event'><System><Provider Name='Microsoft-Windows-Sysmon' Guid='{5770385f-c22a-43e0-bf4c-06f5698ffbd9}'/><EventID>22</EventID><Version>5</Version><Level>4</Level><Task>22</Task><Opcode>0</Opcode><Keywords>0x8000000000000000</Keywords><TimeCreated SystemTime='2020-05-18T06:46:10.863017300Z'/><EventRecordID>3606</EventRecordID><Correlation/><Execution ProcessID='1036' ThreadID='2544'/><Channel>Microsoft-Windows-Sysmon/Operational</Channel><Computer>DESKTOP-P84STH6</Computer><Security UserID='S-1-5-18'/></System><EventData><Data Name='RuleName'></Data><Data Name='UtcTime'>2020-05-18 06:46:10.301</Data><Data Name='ProcessGuid'>{5d3d98af-22fa-5ec2-0000-001066790e00}</Data><Data Name='ProcessId'>6816</Data><Data Name='QueryName'>aa.agkn.com</Data><Data Name='QueryStatus'>0</Data><Data Name='QueryResults'>type:  5 aa-agkn-com-https-51506257.ap-northeast-1.elb.amazonaws.com;52.199.209.60;52.69.237.132;52.69.237.223;52.196.43.180;52.193.121.3;13.114.27.244;54.95.176.124;54.238.255.53;</Data><Data Name='Image'>C:\Program Files (x86)\Google\Chrome\Application\chrome.exe</Data></EventData></Event><Event xmlns='http://schemas.microsoft.com/win/2004/08/events/event'><System><Provider Name='Microsoft-Windows-Sysmon' Guid='{5770385f-c22a-43e0-bf4c-06f5698ffbd9}'/><EventID>22</EventID><Version>5</Version><Level>4</Level><Task>22</Task><Opcode>0</Opcode><Keywords>0x8000000000000000</Keywords><TimeCreated SystemTime='2020-05-18T06:46:10.862784400Z'/><EventRecordID>3605</EventRecordID><Correlation/><Execution ProcessID='1036' ThreadID='2544'/><Channel>Microsoft-Windows-Sysmon/Operational</Channel><Computer>DESKTOP-P84STH6</Computer><Security UserID='S-1-5-18'/></System><EventData><Data Name='RuleName'></Data><Data Name='UtcTime'>2020-05-18 06:46:10.137</Data><Data Name='ProcessGuid'>{5d3d98af-22fa-5ec2-0000-001066790e00}</Data><Data Name='ProcessId'>6816</Data><Data Name='QueryName'>soma.smaato.net</Data><Data Name='QueryStatus'>0</Data><Data Name='QueryResults'>52.221.163.190;52.74.231.143;52.74.198.255;52.74.252.114;52.76.184.180;52.74.42.3;52.221.73.0;52.76.17.143;</Data><Data Name='Image'>C:\Program Files (x86)\Google\Chrome\Application\chrome.exe</Data></EventData></Event><Event xmlns='http://schemas.microsoft.com/win/2004/08/events/event'><System><Provider Name='Microsoft-Windows-Sysmon' Guid='{5770385f-c22a-43e0-bf4c-06f5698ffbd9}'/><EventID>22</EventID><Version>5</Version><Level>4</Level><Task>22</Task><Opcode>0</Opcode><Keywords>0x8000000000000000</Keywords><TimeCreated SystemTime='2020-05-18T06:46:10.862695600Z'/><EventRecordID>3604</EventRecordID><Correlation/><Execution ProcessID='1036' ThreadID='2544'/><Channel>Microsoft-Windows-Sysmon/Operational</Channel><Computer>DESKTOP-P84STH6</Computer><Security UserID='S-1-5-18'/></System><EventData><Data Name='RuleName'></Data><Data Name='UtcTime'>2020-05-18 06:46:10.114</Data><Data Name='ProcessGuid'>{5d3d98af-22fa-5ec2-0000-001066790e00}</Data><Data Name='ProcessId'>6816</Data><Data Name='QueryName'>stags.bluekai.com</Data><Data Name='QueryStatus'>0</Data><Data Name='QueryResults'>type:  5 tags.bluekai.com.edgekey.net;type:  5 e13541.x.akamaiedge.net;104.94.50.51;</Data><Data Name='Image'>C:\Program Files (x86)\Google\Chrome\Application\chrome.exe</Data></EventData></Event><Event xmlns='http://schemas.microsoft.com/win/2004/08/events/event'><System><Provider Name='Microsoft-Windows-Sysmon' Guid='{5770385f-c22a-43e0-bf4c-06f5698ffbd9}'/><EventID>22</EventID><Version>5</Version><Level>4</Level><Task>22</Task><Opcode>0</Opcode><Keywords>0x8000000000000000</Keywords><TimeCreated SystemTime='2020-05-18T06:46:10.862451200Z'/><EventRecordID>3603</EventRecordID><Correlation/><Execution ProcessID='1036' ThreadID='2544'/><Channel>Microsoft-Windows-Sysmon/Operational</Channel><Computer>DESKTOP-P84STH6</Computer><Security UserID='S-1-5-18'/></System><EventData><Data Name='RuleName'></Data><Data Name='UtcTime'>2020-05-18 06:46:09.932</Data><Data Name='ProcessGuid'>{5d3d98af-22fa-5ec2-0000-001066790e00}</Data><Data Name='ProcessId'>6816</Data><Data Name='QueryName'>ads.yahoo.com</Data><Data Name='QueryStatus'>0</Data><Data Name='QueryResults'>type:  5 ds-geoycpi-uno.gycpi.b.yahoodns.net;119.161.16.12;119.161.16.11;119.161.14.17;119.161.14.18;</Data><Data Name='Image'>C:\Program Files (x86)\Google\Chrome\Application\chrome.exe</Data></EventData></Event><Event xmlns='http://schemas.microsoft.com/win/2004/08/events/event'><System><Provider Name='Microsoft-Windows-Sysmon' Guid='{5770385f-c22a-43e0-bf4c-06f5698ffbd9}'/><EventID>22</EventID><Version>5</Version><Level>4</Level><Task>22</Task><Opcode>0</Opcode><Keywords>0x8000000000000000</Keywords><TimeCreated SystemTime='2020-05-18T06:46:09.688911700Z'/><EventRecordID>3602</EventRecordID><Correlation/><Execution ProcessID='1036' ThreadID='2544'/><Channel>Microsoft-Windows-Sysmon/Operational</Channel><Computer>DESKTOP-P84STH6</Computer><Security UserID='S-1-5-18'/></System><EventData><Data Name='RuleName'></Data><Data Name='UtcTime'>2020-05-18 06:46:08.747</Data><Data Name='ProcessGuid'>{5d3d98af-22fa-5ec2-0000-001066790e00}</Data><Data Name='ProcessId'>6816</Data><Data Name='QueryName'>accounts.google.com</Data><Data Name='QueryStatus'>0</Data><Data Name='QueryResults'>172.217.27.141;</Data><Data Name='Image'>C:\Program Files (x86)\Google\Chrome\Application\chrome.exe</Data></EventData></Event><Event xmlns='http://schemas.microsoft.com/win/2004/08/events/event'><System><Provider Name='Microsoft-Windows-Sysmon' Guid='{5770385f-c22a-43e0-bf4c-06f5698ffbd9}'/><EventID>22</EventID><Version>5</Version><Level>4</Level><Task>22</Task><Opcode>0</Opcode><Keywords>0x8000000000000000</Keywords><TimeCreated SystemTime='2020-05-18T06:46:07.671054100Z'/><EventRecordID>3601</EventRecordID><Correlation/><Execution ProcessID='1036' ThreadID='2544'/><Channel>Microsoft-Windows-Sysmon/Operational</Channel><Computer>DESKTOP-P84STH6</Computer><Security UserID='S-1-5-18'/></System><EventData><Data Name='RuleName'></Data><Data Name='UtcTime'>2020-05-18 06:46:06.719</Data><Data Name='ProcessGuid'>{5d3d98af-22fa-5ec2-0000-001066790e00}</Data><Data Name='ProcessId'>6816</Data><Data Name='QueryName'>20815068p.rfihub.com</Data><Data Name='QueryStatus'>0</Data><Data Name='QueryResults'>type:  5 a.rfihub.com;type:  5 a.rfihub.com.akadns.net;type:  5 a-us-west.rfihub.com.akadns.net;205.210.187.128;</Data><Data Name='Image'>C:\Program Files (x86)\Google\Chrome\Application\chrome.exe</Data></EventData></Event><Event xmlns='http://schemas.microsoft.com/win/2004/08/events/event'><System><Provider Name='Microsoft-Windows-Sysmon' Guid='{5770385f-c22a-43e0-bf4c-06f5698ffbd9}'/><EventID>22</EventID><Version>5</Version><Level>4</Level><Task>22</Task><Opcode>0</Opcode><Keywords>0x8000000000000000</Keywords><TimeCreated SystemTime='2020-05-18T06:46:05.566416900Z'/><EventRecordID>3600</EventRecordID><Correlation/><Execution ProcessID='1036' ThreadID='2544'/><Channel>Microsoft-Windows-Sysmon/Operational</Channel><Computer>DESKTOP-P84STH6</Computer><Security UserID='S-1-5-18'/></System><EventData><Data Name='RuleName'></Data><Data Name='UtcTime'>2020-05-18 06:46:05.009</Data><Data Name='ProcessGuid'>{5d3d98af-22fa-5ec2-0000-001066790e00}</Data><Data Name='ProcessId'>6816</Data><Data Name='QueryName'>cdn.etorostatic.com</Data><Data Name='QueryStatus'>0</Data><Data Name='QueryResults'>type:  5 cdn.etoro.akadns.net;type:  5 wildcard.etorostatic.com.edgekey.net;type:  5 e11746.g.akamaiedge.net;104.94.61.210;</Data><Data Name='Image'>C:\Program Files (x86)\Google\Chrome\Application\chrome.exe</Data></EventData></Event><Event xmlns='http://schemas.microsoft.com/win/2004/08/events/event'><System><Provider Name='Microsoft-Windows-Sysmon' Guid='{5770385f-c22a-43e0-bf4c-06f5698ffbd9}'/><EventID>22</EventID><Version>5</Version><Level>4</Level><Task>22</Task><Opcode>0</Opcode><Keywords>0x8000000000000000</Keywords><TimeCreated SystemTime='2020-05-18T06:46:05.566245800Z'/><EventRecordID>3599</EventRecordID><Correlation/><Execution ProcessID='1036' ThreadID='2544'/><Channel>Microsoft-Windows-Sysmon/Operational</Channel><Computer>DESKTOP-P84STH6</Computer><Security UserID='S-1-5-18'/></System><EventData><Data Name='RuleName'></Data><Data Name='UtcTime'>2020-05-18 06:46:04.893</Data><Data Name='ProcessGuid'>{5d3d98af-22fa-5ec2-0000-001066790e00}</Data><Data Name='ProcessId'>6816</Data><Data Name='QueryName'>a.rfihub.com</Data><Data Name='QueryStatus'>0</Data><Data Name='QueryResults'>type:  5 a.rfihub.com.akadns.net;type:  5 a-us-west.rfihub.com.akadns.net;198.8.71.128;</Data><Data Name='Image'>C:\Program Files (x86)\Google\Chrome\Application\chrome.exe</Data></EventData></Event><Event xmlns='http://schemas.microsoft.com/win/2004/08/events/event'><System><Provider Name='Microsoft-Windows-Sysmon' Guid='{5770385f-c22a-43e0-bf4c-06f5698ffbd9}'/><EventID>22</EventID><Version>5</Version><Level>4</Level><Task>22</Task><Opcode>0</Opcode><Keywords>0x8000000000000000</Keywords><TimeCreated SystemTime='2020-05-18T06:46:05.566156300Z'/><EventRecordID>3598</EventRecordID><Correlation/><Execution ProcessID='1036' ThreadID='2544'/><Channel>Microsoft-Windows-Sysmon/Operational</Channel><Computer>DESKTOP-P84STH6</Computer><Security UserID='S-1-5-18'/></System><EventData><Data Name='RuleName'></Data><Data Name='UtcTime'>2020-05-18 06:46:04.892</Data><Data Name='ProcessGuid'>{5d3d98af-22fa-5ec2-0000-001066790e00}</Data><Data Name='ProcessId'>6816</Data><Data Name='QueryName'>analytics.twitter.com</Data><Data Name='QueryStatus'>0</Data><Data Name='QueryResults'>type:  5 ads.twitter.com;type:  5 s.twitter.com;104.244.42.3;104.244.42.195;104.244.42.67;104.244.42.131;</Data><Data Name='Image'>C:\Program Files (x86)\Google\Chrome\Application\chrome.exe</Data></EventData></Event><Event xmlns='http://schemas.microsoft.com/win/2004/08/events/event'><System><Provider Name='Microsoft-Windows-Sysmon' Guid='{5770385f-c22a-43e0-bf4c-06f5698ffbd9}'/><EventID>22</EventID><Version>5</Version><Level>4</Level><Task>22</Task><Opcode>0</Opcode><Keywords>0x8000000000000000</Keywords><TimeCreated SystemTime='2020-05-18T06:46:05.566052000Z'/><EventRecordID>3597</EventRecordID><Correlation/><Execution ProcessID='1036' ThreadID='2544'/><Channel>Microsoft-Windows-Sysmon/Operational</Channel><Computer>DESKTOP-P84STH6</Computer><Security UserID='S-1-5-18'/></System><EventData><Data Name='RuleName'></Data><Data Name='UtcTime'>2020-05-18 06:46:04.690</Data><Data Name='ProcessGuid'>{5d3d98af-22fa-5ec2-0000-001066790e00}</Data><Data Name='ProcessId'>6816</Data><Data Name='QueryName'>s.yimg.com</Data><Data Name='QueryStatus'>0</Data><Data Name='QueryResults'>type:  5 edge.gycpi.b.yahoodns.net;119.161.8.11;119.161.8.12;</Data><Data Name='Image'>C:\Program Files (x86)\Google\Chrome\Application\chrome.exe</Data></EventData></Event><Event xmlns='http://schemas.microsoft.com/win/2004/08/events/event'><System><Provider Name='Microsoft-Windows-Sysmon' Guid='{5770385f-c22a-43e0-bf4c-06f5698ffbd9}'/><EventID>22</EventID><Version>5</Version><Level>4</Level><Task>22</Task><Opcode>0</Opcode><Keywords>0x8000000000000000</Keywords><TimeCreated SystemTime='2020-05-18T06:46:04.702171300Z'/><EventRecordID>3596</EventRecordID><Correlation/><Execution ProcessID='1036' ThreadID='2544'/><Channel>Microsoft-Windows-Sysmon/Operational</Channel><Computer>DESKTOP-P84STH6</Computer><Security UserID='S-1-5-18'/></System><EventData><Data Name='RuleName'></Data><Data Name='UtcTime'>2020-05-18 06:46:04.222</Data><Data Name='ProcessGuid'>{5d3d98af-22fa-5ec2-0000-001066790e00}</Data><Data Name='ProcessId'>6816</Data><Data Name='QueryName'>sdk.dcmn.io</Data><Data Name='QueryStatus'>0</Data><Data Name='QueryResults'>13.227.73.57;13.227.73.70;13.227.73.80;13.227.73.3;</Data><Data Name='Image'>C:\Program Files (x86)\Google\Chrome\Application\chrome.exe</Data></EventData></Event><Event xmlns='http://schemas.microsoft.com/win/2004/08/events/event'><System><Provider Name='Microsoft-Windows-Sysmon' Guid='{5770385f-c22a-43e0-bf4c-06f5698ffbd9}'/><EventID>22</EventID><Version>5</Version><Level>4</Level><Task>22</Task><Opcode>0</Opcode><Keywords>0x8000000000000000</Keywords><TimeCreated SystemTime='2020-05-18T06:46:03.610119700Z'/><EventRecordID>3595</EventRecordID><Correlation/><Execution ProcessID='1036' ThreadID='2544'/><Channel>Microsoft-Windows-Sysmon/Operational</Channel><Computer>DESKTOP-P84STH6</Computer><Security UserID='S-1-5-18'/></System><EventData><Data Name='RuleName'></Data><Data Name='UtcTime'>2020-05-18 06:46:03.026</Data><Data Name='ProcessGuid'>{5d3d98af-22fa-5ec2-0000-001066790e00}</Data><Data Name='ProcessId'>6816</Data><Data Name='QueryName'>t.dcmn.io</Data><Data Name='QueryStatus'>0</Data><Data Name='QueryResults'>54.154.54.154;99.81.230.208;</Data><Data Name='Image'>C:\Program Files (x86)\Google\Chrome\Application\chrome.exe</Data></EventData></Event><Event xmlns='http://schemas.microsoft.com/win/2004/08/events/event'><System><Provider Name='Microsoft-Windows-Sysmon' Guid='{5770385f-c22a-43e0-bf4c-06f5698ffbd9}'/><EventID>22</EventID><Version>5</Version><Level>4</Level><Task>22</Task><Opcode>0</Opcode><Keywords>0x8000000000000000</Keywords><TimeCreated SystemTime='2020-05-18T06:46:03.610032100Z'/><EventRecordID>3594</EventRecordID><Correlation/><Execution ProcessID='1036' ThreadID='2544'/><Channel>Microsoft-Windows-Sysmon/Operational</Channel><Computer>DESKTOP-P84STH6</Computer><Security UserID='S-1-5-18'/></System><EventData><Data Name='RuleName'></Data><Data Name='UtcTime'>2020-05-18 06:46:02.846</Data><Data Name='ProcessGuid'>{5d3d98af-22fa-5ec2-0000-001066790e00}</Data><Data Name='ProcessId'>6816</Data><Data Name='QueryName'>api-js.mixpanel.com</Data><Data Name='QueryStatus'>0</Data><Data Name='QueryResults'>130.211.34.183;107.178.240.159;35.190.25.25;35.186.241.51;</Data><Data Name='Image'>C:\Program Files (x86)\Google\Chrome\Application\chrome.exe</Data></EventData></Event>