<Event xmlns='http://schemas.microsoft.com/win/2004/08/events/event'><System><Provider Name='Microsoft-Windows-Sysmon' Guid='{5770385f-c22a-43e0-bf4c-06f5698ffbd9}'/><EventID>22</EventID><Version>5</Version><Level>4</Level><Task>22</Task><Opcode>0</Opcode><Keywords>0x8000000000000000</Keywords><TimeCreated SystemTime='2020-05-18T06:43:27.134005100Z'/><EventRecordID>3547</EventRecordID><Correlation/><Execution ProcessID='1036' ThreadID='2544'/><Channel>Microsoft-Windows-Sysmon/Operational</Channel><Computer>DESKTOP-P84STH6</Computer><Security UserID='S-1-5-18'/></System><EventData><Data Name='RuleName'></Data><Data Name='UtcTime'>2020-05-18 06:43:26.190</Data><Data Name='ProcessGuid'>{5d3d98af-22fa-5ec2-0000-001066790e00}</Data><Data Name='ProcessId'>6816</Data><Data Name='QueryName'>hotlist.tradingview.com</Data><Data Name='QueryStatus'>0</Data><Data Name='QueryResults'>type:  5 hotlist-us.tradingview.com;207.244.100.121;</Data><Data Name='Image'>C:\Program Files (x86)\Google\Chrome\Application\chrome.exe</Data></EventData></Event><Event xmlns='http://schemas.microsoft.com/win/2004/08/events/event'><System><Provider Name='Microsoft-Windows-Sysmon' Guid='{5770385f-c22a-43e0-bf4c-06f5698ffbd9}'/><EventID>22</EventID><Version>5</Version><Level>4</Level><Task>22</Task><Opcode>0</Opcode><Keywords>0x8000000000000000</Keywords><TimeCreated SystemTime='2020-05-18T06:42:48.035194800Z'/><EventRecordID>3546</EventRecordID><Correlation/><Execution ProcessID='1036' ThreadID='2544'/><Channel>Microsoft-Windows-Sysmon/Operational</Channel><Computer>DESKTOP-P84STH6</Computer><Security UserID='S-1-5-18'/></System><EventData><Data Name='RuleName'></Data><Data Name='UtcTime'>2020-05-18 06:42:47.114</Data><Data Name='ProcessGuid'>{5d3d98af-22fa-5ec2-0000-001066790e00}</Data><Data Name='ProcessId'>6816</Data><Data Name='QueryName'>snowplow-pixel.tradingview.com</Data><Data Name='QueryStatus'>0</Data><Data Name='QueryResults'>type:  5 d3eoj4w8upvzh3.cloudfront.net;13.35.163.61;13.35.163.90;13.35.163.6;13.35.163.66;</Data><Data Name='Image'>C:\Program Files (x86)\Google\Chrome\Application\chrome.exe</Data></EventData></Event><Event xmlns='http://schemas.microsoft.com/win/2004/08/events/event'><System><Provider Name='Microsoft-Windows-Sysmon' Guid='{5770385f-c22a-43e0-bf4c-06f5698ffbd9}'/><EventID>22</EventID><Version>5</Version><Level>4</Level><Task>22</Task><Opcode>0</Opcode><Keywords>0x8000000000000000</Keywords><TimeCreated SystemTime='2020-05-18T06:42:45.053762200Z'/><EventRecordID>3545</EventRecordID><Correlation/><Execution ProcessID='1036' ThreadID='2544'/><Channel>Microsoft-Windows-Sysmon/Operational</Channel><Computer>DESKTOP-P84STH6</Computer><Security UserID='S-1-5-18'/></System><EventData><Data Name='RuleName'></Data><Data Name='UtcTime'>2020-05-18 06:42:44.931</Data><Data Name='ProcessGuid'>{5d3d98af-22fa-5ec2-0000-001066790e00}</Data><Data Name='ProcessId'>6816</Data><Data Name='QueryName'>pushstream.tradingview.com</Data><Data Name='QueryStatus'>0</Data><Data Name='QueryResults'>type:  5 pushstream-us.tradingview.com;192.108.254.77;</Data><Data Name='Image'>C:\Program Files (x86)\Google\Chrome\Application\chrome.exe</Data></EventData></Event><Event xmlns='http://schemas.microsoft.com/win/2004/08/events/event'><System><Provider Name='Microsoft-Windows-Sysmon' Guid='{5770385f-c22a-43e0-bf4c-06f5698ffbd9}'/><EventID>22</EventID><Version>5</Version><Level>4</Level><Task>22</Task><Opcode>0</Opcode><Keywords>0x8000000000000000</Keywords><TimeCreated SystemTime='2020-05-18T06:42:44.114808900Z'/><EventRecordID>3544</EventRecordID><Correlation/><Execution ProcessID='1036' ThreadID='2544'/><Channel>Microsoft-Windows-Sysmon/Operational</Channel><Computer>DESKTOP-P84STH6</Computer><Security UserID='S-1-5-18'/></System><EventData><Data Name='RuleName'></Data><Data Name='UtcTime'>2020-05-18 06:42:43.761</Data><Data Name='ProcessGuid'>{5d3d98af-22fa-5ec2-0000-001066790e00}</Data><Data Name='ProcessId'>6816</Data><Data Name='QueryName'>s3.amazonaws.com</Data><Data Name='QueryStatus'>0</Data><Data Name='QueryResults'>type:  5 s3-1.amazonaws.com;52.216.94.45;</Data><Data Name='Image'>C:\Program Files (x86)\Google\Chrome\Application\chrome.exe</Data></EventData></Event><Event xmlns='http://schemas.microsoft.com/win/2004/08/events/event'><System><Provider Name='Microsoft-Windows-Sysmon' Guid='{5770385f-c22a-43e0-bf4c-06f5698ffbd9}'/><EventID>22</EventID><Version>5</Version><Level>4</Level><Task>22</Task><Opcode>0</Opcode><Keywords>0x8000000000000000</Keywords><TimeCreated SystemTime='2020-05-18T06:42:28.733094200Z'/><EventRecordID>3543</EventRecordID><Correlation/><Execution ProcessID='1036' ThreadID='2544'/><Channel>Microsoft-Windows-Sysmon/Operational</Channel><Computer>DESKTOP-P84STH6</Computer><Security UserID='S-1-5-18'/></System><EventData><Data Name='RuleName'></Data><Data Name='UtcTime'>2020-05-18 06:42:27.905</Data><Data Name='ProcessGuid'>{5d3d98af-22fa-5ec2-0000-001066790e00}</Data><Data Name='ProcessId'>6816</Data><Data Name='QueryName'>translate.googleapis.com</Data><Data Name='QueryStatus'>0</Data><Data Name='QueryResults'>216.58.200.42;</Data><Data Name='Image'>C:\Program Files (x86)\Google\Chrome\Application\chrome.exe</Data></EventData></Event><Event xmlns='http://schemas.microsoft.com/win/2004/08/events/event'><System><Provider Name='Microsoft-Windows-Sysmon' Guid='{5770385f-c22a-43e0-bf4c-06f5698ffbd9}'/><EventID>22</EventID><Version>5</Version><Level>4</Level><Task>22</Task><Opcode>0</Opcode><Keywords>0x8000000000000000</Keywords><TimeCreated SystemTime='2020-05-18T06:42:27.639092100Z'/><EventRecordID>3542</EventRecordID><Correlation/><Execution ProcessID='1036' ThreadID='2544'/><Channel>Microsoft-Windows-Sysmon/Operational</Channel><Computer>DESKTOP-P84STH6</Computer><Security UserID='S-1-5-18'/></System><EventData><Data Name='RuleName'></Data><Data Name='UtcTime'>2020-05-18 06:42:27.046</Data><Data Name='ProcessGuid'>{5d3d98af-22fa-5ec2-0000-001066790e00}</Data><Data Name='ProcessId'>6816</Data><Data Name='QueryName'>data.tradingview.com</Data><Data Name='QueryStatus'>0</Data><Data Name='QueryResults'>type:  5 data-us.tradingview.com;92.38.169.26;</Data><Data Name='Image'>C:\Program Files (x86)\Google\Chrome\Application\chrome.exe</Data></EventData></Event><Event xmlns='http://schemas.microsoft.com/win/2004/08/events/event'><System><Provider Name='Microsoft-Windows-Sysmon' Guid='{5770385f-c22a-43e0-bf4c-06f5698ffbd9}'/><EventID>22</EventID><Version>5</Version><Level>4</Level><Task>22</Task><Opcode>0</Opcode><Keywords>0x8000000000000000</Keywords><TimeCreated SystemTime='2020-05-18T06:42:25.588050500Z'/><EventRecordID>3541</EventRecordID><Correlation/><Execution ProcessID='1036' ThreadID='2544'/><Channel>Microsoft-Windows-Sysmon/Operational</Channel><Computer>DESKTOP-P84STH6</Computer><Security UserID='S-1-5-18'/></System><EventData><Data Name='RuleName'></Data><Data Name='UtcTime'>2020-05-18 06:42:24.911</Data><Data Name='ProcessGuid'>{5d3d98af-22fa-5ec2-0000-001066790e00}</Data><Data Name='ProcessId'>6816</Data><Data Name='QueryName'>tw.tradingview.com</Data><Data Name='QueryStatus'>0</Data><Data Name='QueryResults'>type:  5 d1q9ljqir4kc24.cloudfront.net;13.35.163.37;13.35.163.66;13.35.163.42;13.35.163.78;</Data><Data Name='Image'>C:\Program Files (x86)\Google\Chrome\Application\chrome.exe</Data></EventData></Event><Event xmlns='http://schemas.microsoft.com/win/2004/08/events/event'><System><Provider Name='Microsoft-Windows-Sysmon' Guid='{5770385f-c22a-43e0-bf4c-06f5698ffbd9}'/><EventID>1</EventID><Version>5</Version><Level>4</Level><Task>1</Task><Opcode>0</Opcode><Keywords>0x8000000000000000</Keywords><TimeCreated SystemTime='2020-05-18T06:41:58.520202500Z'/><EventRecordID>3540</EventRecordID><Correlation/><Execution ProcessID='1036' ThreadID='1524'/><Channel>Microsoft-Windows-Sysmon/Operational</Channel><Computer>DESKTOP-P84STH6</Computer><Security UserID='S-1-5-18'/></System><EventData><Data Name='RuleName'></Data><Data Name='UtcTime'>2020-05-18 06:41:58.515</Data><Data Name='ProcessGuid'>{5d3d98af-2e36-5ec2-0000-0010bd97f800}</Data><Data Name='ProcessId'>6064</Data><Data Name='Image'>C:\Program Files (x86)\Google\Update\GoogleUpdate.exe</Data><Data Name='FileVersion'>1.3.35.451</Data><Data Name='Description'>Google Installer</Data><Data Name='Product'>Google Update</Data><Data Name='Company'>Google LLC</Data><Data Name='OriginalFileName'>GoogleUpdate.exe</Data><Data Name='CommandLine'>"C:\Program Files (x86)\Google\Update\GoogleUpdate.exe" /ua /installsource scheduler</Data><Data Name='CurrentDirectory'>C:\Windows\system32\</Data><Data Name='User'>NT AUTHORITY\SYSTEM</Data><Data Name='LogonGuid'>{5d3d98af-2299-5ec2-0000-0020e7030000}</Data><Data Name='LogonId'>0x3e7</Data><Data Name='TerminalSessionId'>0</Data><Data Name='IntegrityLevel'>System</Data><Data Name='Hashes'>MD5=0BCA3F16DD527B4150648EC1E36CB22A,SHA256=B60E92004D394D0B14A8953A2BA29951C79F2F8A6C94F495E3153DFBBEF115B6,IMPHASH=7DF1816239C5BC855600D41210406C5B</Data><Data Name='ParentProcessGuid'>{5d3d98af-229a-5ec2-0000-001051ce0000}</Data><Data Name='ParentProcessId'>264</Data><Data Name='ParentImage'>C:\Windows\System32\svchost.exe</Data><Data Name='ParentCommandLine'>C:\Windows\system32\svchost.exe -k netsvcs -p</Data></EventData></Event><Event xmlns='http://schemas.microsoft.com/win/2004/08/events/event'><System><Provider Name='Microsoft-Windows-Sysmon' Guid='{5770385f-c22a-43e0-bf4c-06f5698ffbd9}'/><EventID>1</EventID><Version>5</Version><Level>4</Level><Task>1</Task><Opcode>0</Opcode><Keywords>0x8000000000000000</Keywords><TimeCreated SystemTime='2020-05-18T06:41:54.613582300Z'/><EventRecordID>3539</EventRecordID><Correlation/><Execution ProcessID='1036' ThreadID='1524'/><Channel>Microsoft-Windows-Sysmon/Operational</Channel><Computer>DESKTOP-P84STH6</Computer><Security UserID='S-1-5-18'/></System><EventData><Data Name='RuleName'></Data><Data Name='UtcTime'>2020-05-18 06:41:54.599</Data><Data Name='ProcessGuid'>{5d3d98af-2e32-5ec2-0000-00104e8ef800}</Data><Data Name='ProcessId'>6608</Data><Data Name='Image'>C:\Windows\System32\dmclient.exe</Data><Data Name='FileVersion'>10.0.18362.1 (WinBuild.160101.0800)</Data><Data Name='Description'>Microsoft Feedback SIUF Deployment Manager Client</Data><Data Name='Product'>Microsoft® Windows® Operating System</Data><Data Name='Company'>Microsoft Corporation</Data><Data Name='OriginalFileName'>dmclient.exe</Data><Data Name='CommandLine'>C:\Windows\system32\dmclient.exe utcwnf</Data><Data Name='CurrentDirectory'>C:\Windows\system32\</Data><Data Name='User'>NT AUTHORITY\SYSTEM</Data><Data Name='LogonGuid'>{5d3d98af-2299-5ec2-0000-0020e7030000}</Data><Data Name='LogonId'>0x3e7</Data><Data Name='TerminalSessionId'>0</Data><Data Name='IntegrityLevel'>System</Data><Data Name='Hashes'>MD5=F75A111BDD09F49FD954AD0C148A123B,SHA256=D9F4EC9052D0C8B799660E7D74B41BA18366016AC361F7A85FE0FBB03637CB47,IMPHASH=8C17DBD4EE43E74FB5E09C8EC8F5271F</Data><Data Name='ParentProcessGuid'>{5d3d98af-229a-5ec2-0000-001051ce0000}</Data><Data Name='ParentProcessId'>264</Data><Data Name='ParentImage'>C:\Windows\System32\svchost.exe</Data><Data Name='ParentCommandLine'>C:\Windows\system32\svchost.exe -k netsvcs -p</Data></EventData></Event><Event xmlns='http://schemas.microsoft.com/win/2004/08/events/event'><System><Provider Name='Microsoft-Windows-Sysmon' Guid='{5770385f-c22a-43e0-bf4c-06f5698ffbd9}'/><EventID>22</EventID><Version>5</Version><Level>4</Level><Task>22</Task><Opcode>0</Opcode><Keywords>0x8000000000000000</Keywords><TimeCreated SystemTime='2020-05-18T06:41:51.425525700Z'/><EventRecordID>3538</EventRecordID><Correlation/><Execution ProcessID='1036' ThreadID='2544'/><Channel>Microsoft-Windows-Sysmon/Operational</Channel><Computer>DESKTOP-P84STH6</Computer><Security UserID='S-1-5-18'/></System><EventData><Data Name='RuleName'></Data><Data Name='UtcTime'>2020-05-18 06:41:50.681</Data><Data Name='ProcessGuid'>{5d3d98af-22fa-5ec2-0000-001066790e00}</Data><Data Name='ProcessId'>6816</Data><Data Name='QueryName'>news-headlines.tradingview.com</Data><Data Name='QueryStatus'>0</Data><Data Name='QueryResults'>type:  5 news-headlines-us.tradingview.com;23.82.129.67;</Data><Data Name='Image'>C:\Program Files (x86)\Google\Chrome\Application\chrome.exe</Data></EventData></Event><Event xmlns='http://schemas.microsoft.com/win/2004/08/events/event'><System><Provider Name='Microsoft-Windows-Sysmon' Guid='{5770385f-c22a-43e0-bf4c-06f5698ffbd9}'/><EventID>22</EventID><Version>5</Version><Level>4</Level><Task>22</Task><Opcode>0</Opcode><Keywords>0x8000000000000000</Keywords><TimeCreated SystemTime='2020-05-18T06:41:40.210477100Z'/><EventRecordID>3537</EventRecordID><Correlation/><Execution ProcessID='1036' ThreadID='2544'/><Channel>Microsoft-Windows-Sysmon/Operational</Channel><Computer>DESKTOP-P84STH6</Computer><Security UserID='S-1-5-18'/></System><EventData><Data Name='RuleName'></Data><Data Name='UtcTime'>2020-05-18 06:41:39.956</Data><Data Name='ProcessGuid'>{5d3d98af-22fa-5ec2-0000-001066790e00}</Data><Data Name='ProcessId'>6816</Data><Data Name='QueryName'>s3.tradingview.com</Data><Data Name='QueryStatus'>0</Data><Data Name='QueryResults'>type:  5 d33t3vvu2t2yu5.cloudfront.net;13.35.7.99;13.35.7.110;13.35.7.72;13.35.7.61;</Data><Data Name='Image'>C:\Program Files (x86)\Google\Chrome\Application\chrome.exe</Data></EventData></Event><Event xmlns='http://schemas.microsoft.com/win/2004/08/events/event'><System><Provider Name='Microsoft-Windows-Sysmon' Guid='{5770385f-c22a-43e0-bf4c-06f5698ffbd9}'/><EventID>22</EventID><Version>5</Version><Level>4</Level><Task>22</Task><Opcode>0</Opcode><Keywords>0x8000000000000000</Keywords><TimeCreated SystemTime='2020-05-18T06:41:40.210338600Z'/><EventRecordID>3536</EventRecordID><Correlation/><Execution ProcessID='1036' ThreadID='2544'/><Channel>Microsoft-Windows-Sysmon/Operational</Channel><Computer>DESKTOP-P84STH6</Computer><Security UserID='S-1-5-18'/></System><EventData><Data Name='RuleName'></Data><Data Name='UtcTime'>2020-05-18 06:41:39.779</Data><Data Name='ProcessGuid'>{5d3d98af-22fa-5ec2-0000-001066790e00}</Data><Data Name='ProcessId'>6816</Data><Data Name='QueryName'>snowplow-pixel.tradingview.com</Data><Data Name='QueryStatus'>0</Data><Data Name='QueryResults'>type:  5 d3eoj4w8upvzh3.cloudfront.net;13.35.163.6;13.35.163.66;13.35.163.90;13.35.163.61;</Data><Data Name='Image'>C:\Program Files (x86)\Google\Chrome\Application\chrome.exe</Data></EventData></Event><Event xmlns='http://schemas.microsoft.com/win/2004/08/events/event'><System><Provider Name='Microsoft-Windows-Sysmon' Guid='{5770385f-c22a-43e0-bf4c-06f5698ffbd9}'/><EventID>22</EventID><Version>5</Version><Level>4</Level><Task>22</Task><Opcode>0</Opcode><Keywords>0x8000000000000000</Keywords><TimeCreated SystemTime='2020-05-18T06:41:37.136432100Z'/><EventRecordID>3535</EventRecordID><Correlation/><Execution ProcessID='1036' ThreadID='2544'/><Channel>Microsoft-Windows-Sysmon/Operational</Channel><Computer>DESKTOP-P84STH6</Computer><Security UserID='S-1-5-18'/></System><EventData><Data Name='RuleName'></Data><Data Name='UtcTime'>2020-05-18 06:41:36.938</Data><Data Name='ProcessGuid'>{5d3d98af-22fa-5ec2-0000-001066790e00}</Data><Data Name='ProcessId'>6816</Data><Data Name='QueryName'>pushstream.tradingview.com</Data><Data Name='QueryStatus'>0</Data><Data Name='QueryResults'>type:  5 pushstream-us.tradingview.com;192.108.254.78;</Data><Data Name='Image'>C:\Program Files (x86)\Google\Chrome\Application\chrome.exe</Data></EventData></Event><Event xmlns='http://schemas.microsoft.com/win/2004/08/events/event'><System><Provider Name='Microsoft-Windows-Sysmon' Guid='{5770385f-c22a-43e0-bf4c-06f5698ffbd9}'/><EventID>22</EventID><Version>5</Version><Level>4</Level><Task>22</Task><Opcode>0</Opcode><Keywords>0x8000000000000000</Keywords><TimeCreated SystemTime='2020-05-18T06:41:36.152711100Z'/><EventRecordID>3534</EventRecordID><Correlation/><Execution ProcessID='1036' ThreadID='2544'/><Channel>Microsoft-Windows-Sysmon/Operational</Channel><Computer>DESKTOP-P84STH6</Computer><Security UserID='S-1-5-18'/></System><EventData><Data Name='RuleName'></Data><Data Name='UtcTime'>2020-05-18 06:41:35.329</Data><Data Name='ProcessGuid'>{5d3d98af-22fa-5ec2-0000-001066790e00}</Data><Data Name='ProcessId'>6816</Data><Data Name='QueryName'>s3.amazonaws.com</Data><Data Name='QueryStatus'>0</Data><Data Name='QueryResults'>type:  5 s3-1.amazonaws.com;52.216.82.163;</Data><Data Name='Image'>C:\Program Files (x86)\Google\Chrome\Application\chrome.exe</Data></EventData></Event><Event xmlns='http://schemas.microsoft.com/win/2004/08/events/event'><System><Provider Name='Microsoft-Windows-Sysmon' Guid='{5770385f-c22a-43e0-bf4c-06f5698ffbd9}'/><EventID>22</EventID><Version>5</Version><Level>4</Level><Task>22</Task><Opcode>0</Opcode><Keywords>0x8000000000000000</Keywords><TimeCreated SystemTime='2020-05-18T06:41:24.399841900Z'/><EventRecordID>3533</EventRecordID><Correlation/><Execution ProcessID='1036' ThreadID='2544'/><Channel>Microsoft-Windows-Sysmon/Operational</Channel><Computer>DESKTOP-P84STH6</Computer><Security UserID='S-1-5-18'/></System><EventData><Data Name='RuleName'></Data><Data Name='UtcTime'>2020-05-18 06:41:23.309</Data><Data Name='ProcessGuid'>{5d3d98af-22fa-5ec2-0000-001066790e00}</Data><Data Name='ProcessId'>6816</Data><Data Name='QueryName'>tw.tradingview.com</Data><Data Name='QueryStatus'>0</Data><Data Name='QueryResults'>type:  5 d1q9ljqir4kc24.cloudfront.net;13.35.163.66;13.35.163.42;13.35.163.37;13.35.163.78;</Data><Data Name='Image'>C:\Program Files (x86)\Google\Chrome\Application\chrome.exe</Data></EventData></Event><Event xmlns='http://schemas.microsoft.com/win/2004/08/events/event'><System><Provider Name='Microsoft-Windows-Sysmon' Guid='{5770385f-c22a-43e0-bf4c-06f5698ffbd9}'/><EventID>22</EventID><Version>5</Version><Level>4</Level><Task>22</Task><Opcode>0</Opcode><Keywords>0x8000000000000000</Keywords><TimeCreated SystemTime='2020-05-18T06:41:22.306344100Z'/><EventRecordID>3532</EventRecordID><Correlation/><Execution ProcessID='1036' ThreadID='2544'/><Channel>Microsoft-Windows-Sysmon/Operational</Channel><Computer>DESKTOP-P84STH6</Computer><Security UserID='S-1-5-18'/></System><EventData><Data Name='RuleName'></Data><Data Name='UtcTime'>2020-05-18 06:41:21.238</Data><Data Name='ProcessGuid'>{5d3d98af-22fa-5ec2-0000-001066790e00}</Data><Data Name='ProcessId'>6816</Data><Data Name='QueryName'>data.tradingview.com</Data><Data Name='QueryStatus'>0</Data><Data Name='QueryResults'>type:  5 data-us.tradingview.com;92.223.69.27;</Data><Data Name='Image'>C:\Program Files (x86)\Google\Chrome\Application\chrome.exe</Data></EventData></Event><Event xmlns='http://schemas.microsoft.com/win/2004/08/events/event'><System><Provider Name='Microsoft-Windows-Sysmon' Guid='{5770385f-c22a-43e0-bf4c-06f5698ffbd9}'/><EventID>22</EventID><Version>5</Version><Level>4</Level><Task>22</Task><Opcode>0</Opcode><Keywords>0x8000000000000000</Keywords><TimeCreated SystemTime='2020-05-18T06:40:37.838500400Z'/><EventRecordID>3531</EventRecordID><Correlation/><Execution ProcessID='1036' ThreadID='2544'/><Channel>Microsoft-Windows-Sysmon/Operational</Channel><Computer>DESKTOP-P84STH6</Computer><Security UserID='S-1-5-18'/></System><EventData><Data Name='RuleName'></Data><Data Name='UtcTime'>2020-05-18 06:40:36.836</Data><Data Name='ProcessGuid'>{5d3d98af-22fa-5ec2-0000-001066790e00}</Data><Data Name='ProcessId'>6816</Data><Data Name='QueryName'>telemetry.tradingview.com</Data><Data Name='QueryStatus'>0</Data><Data Name='QueryResults'>type:  5 prod-telemetry-as.tradingview.com;54.70.12.86;</Data><Data Name='Image'>C:\Program Files (x86)\Google\Chrome\Application\chrome.exe</Data></EventData></Event><Event xmlns='http://schemas.microsoft.com/win/2004/08/events/event'><System><Provider Name='Microsoft-Windows-Sysmon' Guid='{5770385f-c22a-43e0-bf4c-06f5698ffbd9}'/><EventID>22</EventID><Version>5</Version><Level>4</Level><Task>22</Task><Opcode>0</Opcode><Keywords>0x8000000000000000</Keywords><TimeCreated SystemTime='2020-05-18T06:40:30.860351100Z'/><EventRecordID>3530</EventRecordID><Correlation/><Execution ProcessID='1036' ThreadID='2544'/><Channel>Microsoft-Windows-Sysmon/Operational</Channel><Computer>DESKTOP-P84STH6</Computer><Security UserID='S-1-5-18'/></System><EventData><Data Name='RuleName'></Data><Data Name='UtcTime'>2020-05-18 06:40:29.877</Data><Data Name='ProcessGuid'>{5d3d98af-22fa-5ec2-0000-001066790e00}</Data><Data Name='ProcessId'>6816</Data><Data Name='QueryName'>scanner.tradingview.com</Data><Data Name='QueryStatus'>0</Data><Data Name='QueryResults'>type:  5 scanner-us.tradingview.com;192.108.254.93;</Data><Data Name='Image'>C:\Program Files (x86)\Google\Chrome\Application\chrome.exe</Data></EventData></Event><Event xmlns='http://schemas.microsoft.com/win/2004/08/events/event'><System><Provider Name='Microsoft-Windows-Sysmon' Guid='{5770385f-c22a-43e0-bf4c-06f5698ffbd9}'/><EventID>22</EventID><Version>5</Version><Level>4</Level><Task>22</Task><Opcode>0</Opcode><Keywords>0x8000000000000000</Keywords><TimeCreated SystemTime='2020-05-18T06:40:21.988823600Z'/><EventRecordID>3529</EventRecordID><Correlation/><Execution ProcessID='1036' ThreadID='2544'/><Channel>Microsoft-Windows-Sysmon/Operational</Channel><Computer>DESKTOP-P84STH6</Computer><Security UserID='S-1-5-18'/></System><EventData><Data Name='RuleName'></Data><Data Name='UtcTime'>2020-05-18 06:40:21.061</Data><Data Name='ProcessGuid'>{5d3d98af-22fa-5ec2-0000-001066790e00}</Data><Data Name='ProcessId'>6816</Data><Data Name='QueryName'>pine-facade.tradingview.com</Data><Data Name='QueryStatus'>0</Data><Data Name='QueryResults'>type:  5 pine-facade-us.tradingview.com;52.40.106.167;</Data><Data Name='Image'>C:\Program Files (x86)\Google\Chrome\Application\chrome.exe</Data></EventData></Event><Event xmlns='http://schemas.microsoft.com/win/2004/08/events/event'><System><Provider Name='Microsoft-Windows-Sysmon' Guid='{5770385f-c22a-43e0-bf4c-06f5698ffbd9}'/><EventID>22</EventID><Version>5</Version><Level>4</Level><Task>22</Task><Opcode>0</Opcode><Keywords>0x8000000000000000</Keywords><TimeCreated SystemTime='2020-05-18T06:40:20.890179500Z'/><EventRecordID>3528</EventRecordID><Correlation/><Execution ProcessID='1036' ThreadID='2544'/><Channel>Microsoft-Windows-Sysmon/Operational</Channel><Computer>DESKTOP-P84STH6</Computer><Security UserID='S-1-5-18'/></System><EventData><Data Name='RuleName'></Data><Data Name='UtcTime'>2020-05-18 06:40:20.217</Data><Data Name='ProcessGuid'>{5d3d98af-22fa-5ec2-0000-001066790e00}</Data><Data Name='ProcessId'>6816</Data><Data Name='QueryName'>snowplow-pixel.tradingview.com</Data><Data Name='QueryStatus'>0</Data><Data Name='QueryResults'>type:  5 d3eoj4w8upvzh3.cloudfront.net;13.35.163.66;13.35.163.6;13.35.163.90;13.35.163.61;</Data><Data Name='Image'>C:\Program Files (x86)\Google\Chrome\Application\chrome.exe</Data></EventData></Event><Event xmlns='http://schemas.microsoft.com/win/2004/08/events/event'><System><Provider Name='Microsoft-Windows-Sysmon' Guid='{5770385f-c22a-43e0-bf4c-06f5698ffbd9}'/><EventID>22</EventID><Version>5</Version><Level>4</Level><Task>22</Task><Opcode>0</Opcode><Keywords>0x8000000000000000</Keywords><TimeCreated SystemTime='2020-05-18T06:40:20.005351400Z'/><EventRecordID>3527</EventRecordID><Correlation/><Execution ProcessID='1036' ThreadID='2544'/><Channel>Microsoft-Windows-Sysmon/Operational</Channel><Computer>DESKTOP-P84STH6</Computer><Security UserID='S-1-5-18'/></System><EventData><Data Name='RuleName'></Data><Data Name='UtcTime'>2020-05-18 06:40:18.876</Data><Data Name='ProcessGuid'>{5d3d98af-22fa-5ec2-0000-001066790e00}</Data><Data Name='ProcessId'>6816</Data><Data Name='QueryName'>hotlist.tradingview.com</Data><Data Name='QueryStatus'>0</Data><Data Name='QueryResults'>type:  5 hotlist-us.tradingview.com;209.58.134.249;</Data><Data Name='Image'>C:\Program Files (x86)\Google\Chrome\Application\chrome.exe</Data></EventData></Event><Event xmlns='http://schemas.microsoft.com/win/2004/08/events/event'><System><Provider Name='Microsoft-Windows-Sysmon' Guid='{5770385f-c22a-43e0-bf4c-06f5698ffbd9}'/><EventID>22</EventID><Version>5</Version><Level>4</Level><Task>22</Task><Opcode>0</Opcode><Keywords>0x8000000000000000</Keywords><TimeCreated SystemTime='2020-05-18T06:40:20.005245100Z'/><EventRecordID>3526</EventRecordID><Correlation/><Execution ProcessID='1036' ThreadID='2544'/><Channel>Microsoft-Windows-Sysmon/Operational</Channel><Computer>DESKTOP-P84STH6</Computer><Security UserID='S-1-5-18'/></System><EventData><Data Name='RuleName'></Data><Data Name='UtcTime'>2020-05-18 06:40:18.859</Data><Data Name='ProcessGuid'>{5d3d98af-22fa-5ec2-0000-001066790e00}</Data><Data Name='ProcessId'>6816</Data><Data Name='QueryName'>news-headlines.tradingview.com</Data><Data Name='QueryStatus'>0</Data><Data Name='QueryResults'>type:  5 news-headlines-us.tradingview.com;207.244.100.121;</Data><Data Name='Image'>C:\Program Files (x86)\Google\Chrome\Application\chrome.exe</Data></EventData></Event><Event xmlns='http://schemas.microsoft.com/win/2004/08/events/event'><System><Provider Name='Microsoft-Windows-Sysmon' Guid='{5770385f-c22a-43e0-bf4c-06f5698ffbd9}'/><EventID>22</EventID><Version>5</Version><Level>4</Level><Task>22</Task><Opcode>0</Opcode><Keywords>0x8000000000000000</Keywords><TimeCreated SystemTime='2020-05-18T06:40:19.001174600Z'/><EventRecordID>3525</EventRecordID><Correlation/><Execution ProcessID='1036' ThreadID='2544'/><Channel>Microsoft-Windows-Sysmon/Operational</Channel><Computer>DESKTOP-P84STH6</Computer><Security UserID='S-1-5-18'/></System><EventData><Data Name='RuleName'></Data><Data Name='UtcTime'>2020-05-18 06:40:18.845</Data><Data Name='ProcessGuid'>{5d3d98af-22fa-5ec2-0000-001066790e00}</Data><Data Name='ProcessId'>6816</Data><Data Name='QueryName'>chartevents-reuters.tradingview.com</Data><Data Name='QueryStatus'>0</Data><Data Name='QueryResults'>type:  5 chartevents-reuters-us.tradingview.com;149.7.32.213;</Data><Data Name='Image'>C:\Program Files (x86)\Google\Chrome\Application\chrome.exe</Data></EventData></Event><Event xmlns='http://schemas.microsoft.com/win/2004/08/events/event'><System><Provider Name='Microsoft-Windows-Sysmon' Guid='{5770385f-c22a-43e0-bf4c-06f5698ffbd9}'/><EventID>22</EventID><Version>5</Version><Level>4</Level><Task>22</Task><Opcode>0</Opcode><Keywords>0x8000000000000000</Keywords><TimeCreated SystemTime='2020-05-18T06:40:19.001082600Z'/><EventRecordID>3524</EventRecordID><Correlation/><Execution ProcessID='1036' ThreadID='2544'/><Channel>Microsoft-Windows-Sysmon/Operational</Channel><Computer>DESKTOP-P84STH6</Computer><Security UserID='S-1-5-18'/></System><EventData><Data Name='RuleName'></Data><Data Name='UtcTime'>2020-05-18 06:40:17.939</Data><Data Name='ProcessGuid'>{5d3d98af-22fa-5ec2-0000-001066790e00}</Data><Data Name='ProcessId'>6816</Data><Data Name='QueryName'>www.recaptcha.net</Data><Data Name='QueryStatus'>0</Data><Data Name='QueryResults'>172.217.160.99;</Data><Data Name='Image'>C:\Program Files (x86)\Google\Chrome\Application\chrome.exe</Data></EventData></Event><Event xmlns='http://schemas.microsoft.com/win/2004/08/events/event'><System><Provider Name='Microsoft-Windows-Sysmon' Guid='{5770385f-c22a-43e0-bf4c-06f5698ffbd9}'/><EventID>22</EventID><Version>5</Version><Level>4</Level><Task>22</Task><Opcode>0</Opcode><Keywords>0x8000000000000000</Keywords><TimeCreated SystemTime='2020-05-18T06:40:19.000986600Z'/><EventRecordID>3523</EventRecordID><Correlation/><Execution ProcessID='1036' ThreadID='2544'/><Channel>Microsoft-Windows-Sysmon/Operational</Channel><Computer>DESKTOP-P84STH6</Computer><Security UserID='S-1-5-18'/></System><EventData><Data Name='RuleName'></Data><Data Name='UtcTime'>2020-05-18 06:40:17.934</Data><Data Name='ProcessGuid'>{5d3d98af-22fa-5ec2-0000-001066790e00}</Data><Data Name='ProcessId'>6816</Data><Data Name='QueryName'>pushstream.tradingview.com</Data><Data Name='QueryStatus'>0</Data><Data Name='QueryResults'>type:  5 pushstream-us.tradingview.com;23.82.129.71;</Data><Data Name='Image'>C:\Program Files (x86)\Google\Chrome\Application\chrome.exe</Data></EventData></Event><Event xmlns='http://schemas.microsoft.com/win/2004/08/events/event'><System><Provider Name='Microsoft-Windows-Sysmon' Guid='{5770385f-c22a-43e0-bf4c-06f5698ffbd9}'/><EventID>22</EventID><Version>5</Version><Level>4</Level><Task>22</Task><Opcode>0</Opcode><Keywords>0x8000000000000000</Keywords><TimeCreated SystemTime='2020-05-18T06:40:17.869548100Z'/><EventRecordID>3522</EventRecordID><Correlation/><Execution ProcessID='1036' ThreadID='2544'/><Channel>Microsoft-Windows-Sysmon/Operational</Channel><Computer>DESKTOP-P84STH6</Computer><Security UserID='S-1-5-18'/></System><EventData><Data Name='RuleName'></Data><Data Name='UtcTime'>2020-05-18 06:40:17.556</Data><Data Name='ProcessGuid'>{5d3d98af-22fa-5ec2-0000-001066790e00}</Data><Data Name='ProcessId'>6816</Data><Data Name='QueryName'>data.tradingview.com</Data><Data Name='QueryStatus'>0</Data><Data Name='QueryResults'>type:  5 data-us.tradingview.com;192.108.254.88;</Data><Data Name='Image'>C:\Program Files (x86)\Google\Chrome\Application\chrome.exe</Data></EventData></Event><Event xmlns='http://schemas.microsoft.com/win/2004/08/events/event'><System><Provider Name='Microsoft-Windows-Sysmon' Guid='{5770385f-c22a-43e0-bf4c-06f5698ffbd9}'/><EventID>22</EventID><Version>5</Version><Level>4</Level><Task>22</Task><Opcode>0</Opcode><Keywords>0x8000000000000000</Keywords><TimeCreated SystemTime='2020-05-18T06:40:16.900351100Z'/><EventRecordID>3521</EventRecordID><Correlation/><Execution ProcessID='1036' ThreadID='2544'/><Channel>Microsoft-Windows-Sysmon/Operational</Channel><Computer>DESKTOP-P84STH6</Computer><Security UserID='S-1-5-18'/></System><EventData><Data Name='RuleName'></Data><Data Name='UtcTime'>2020-05-18 06:40:15.956</Data><Data Name='ProcessGuid'>{5d3d98af-22fa-5ec2-0000-001066790e00}</Data><Data Name='ProcessId'>6816</Data><Data Name='QueryName'>s3.tradingview.com</Data><Data Name='QueryStatus'>0</Data><Data Name='QueryResults'>type:  5 d33t3vvu2t2yu5.cloudfront.net;13.35.7.72;13.35.7.99;13.35.7.110;13.35.7.61;</Data><Data Name='Image'>C:\Program Files (x86)\Google\Chrome\Application\chrome.exe</Data></EventData></Event><Event xmlns='http://schemas.microsoft.com/win/2004/08/events/event'><System><Provider Name='Microsoft-Windows-Sysmon' Guid='{5770385f-c22a-43e0-bf4c-06f5698ffbd9}'/><EventID>22</EventID><Version>5</Version><Level>4</Level><Task>22</Task><Opcode>0</Opcode><Keywords>0x8000000000000000</Keywords><TimeCreated SystemTime='2020-05-18T06:40:16.042895700Z'/><EventRecordID>3520</EventRecordID><Correlation/><Execution ProcessID='1036' ThreadID='2544'/><Channel>Microsoft-Windows-Sysmon/Operational</Channel><Computer>DESKTOP-P84STH6</Computer><Security UserID='S-1-5-18'/></System><EventData><Data Name='RuleName'></Data><Data Name='UtcTime'>2020-05-18 06:40:15.505</Data><Data Name='ProcessGuid'>{5d3d98af-22fa-5ec2-0000-001066790e00}</Data><Data Name='ProcessId'>6816</Data><Data Name='QueryName'>s3.amazonaws.com</Data><Data Name='QueryStatus'>0</Data><Data Name='QueryResults'>type:  5 s3-1.amazonaws.com;52.217.1.62;</Data><Data Name='Image'>C:\Program Files (x86)\Google\Chrome\Application\chrome.exe</Data></EventData></Event><Event xmlns='http://schemas.microsoft.com/win/2004/08/events/event'><System><Provider Name='Microsoft-Windows-Sysmon' Guid='{5770385f-c22a-43e0-bf4c-06f5698ffbd9}'/><EventID>22</EventID><Version>5</Version><Level>4</Level><Task>22</Task><Opcode>0</Opcode><Keywords>0x8000000000000000</Keywords><TimeCreated SystemTime='2020-05-18T06:40:16.042441200Z'/><EventRecordID>3519</EventRecordID><Correlation/><Execution ProcessID='1036' ThreadID='2544'/><Channel>Microsoft-Windows-Sysmon/Operational</Channel><Computer>DESKTOP-P84STH6</Computer><Security UserID='S-1-5-18'/></System><EventData><Data Name='RuleName'></Data><Data Name='UtcTime'>2020-05-18 06:40:14.903</Data><Data Name='ProcessGuid'>{5d3d98af-22fa-5ec2-0000-001066790e00}</Data><Data Name='ProcessId'>6816</Data><Data Name='QueryName'>tw.tradingview.com</Data><Data Name='QueryStatus'>0</Data><Data Name='QueryResults'>type:  5 d1q9ljqir4kc24.cloudfront.net;13.35.163.66;13.35.163.37;13.35.163.78;13.35.163.42;</Data><Data Name='Image'>C:\Program Files (x86)\Google\Chrome\Application\chrome.exe</Data></EventData></Event><Event xmlns='http://schemas.microsoft.com/win/2004/08/events/event'><System><Provider Name='Microsoft-Windows-Sysmon' Guid='{5770385f-c22a-43e0-bf4c-06f5698ffbd9}'/><EventID>22</EventID><Version>5</Version><Level>4</Level><Task>22</Task><Opcode>0</Opcode><Keywords>0x8000000000000000</Keywords><TimeCreated SystemTime='2020-05-18T06:40:11.001191600Z'/><EventRecordID>3518</EventRecordID><Correlation/><Execution ProcessID='1036' ThreadID='2544'/><Channel>Microsoft-Windows-Sysmon/Operational</Channel><Computer>DESKTOP-P84STH6</Computer><Security UserID='S-1-5-18'/></System><EventData><Data Name='RuleName'></Data><Data Name='UtcTime'>2020-05-18 06:40:10.433</Data><Data Name='ProcessGuid'>{5d3d98af-22fa-5ec2-0000-001066790e00}</Data><Data Name='ProcessId'>6816</Data><Data Name='QueryName'>ag.innovid.com</Data><Data Name='QueryStatus'>0</Data><Data Name='QueryResults'>type:  5 ag-5-split.ag.innovid.com.akadns.net;type:  5 aws-oreg-cali-virg.ag.innovid.com.akadns.net;type:  5 aragorn-oreg-prod.inbake.com;type:  5 aragornapp-prod-or-lbj.inbake.com;type:  5 servingpr-aragorna-1r7of9fkz4kos-735852295.us-west-2.elb.amazonaws.com;50.112.42.235;34.208.78.93;34.213.22.13;34.211.251.255;35.160.202.25;35.162.78.10;34.209.118.50;54.213.109.122;</Data><Data Name='Image'>C:\Program Files (x86)\Google\Chrome\Application\chrome.exe</Data></EventData></Event><Event xmlns='http://schemas.microsoft.com/win/2004/08/events/event'><System><Provider Name='Microsoft-Windows-Sysmon' Guid='{5770385f-c22a-43e0-bf4c-06f5698ffbd9}'/><EventID>22</EventID><Version>5</Version><Level>4</Level><Task>22</Task><Opcode>0</Opcode><Keywords>0x8000000000000000</Keywords><TimeCreated SystemTime='2020-05-18T06:40:11.001051900Z'/><EventRecordID>3517</EventRecordID><Correlation/><Execution ProcessID='1036' ThreadID='2544'/><Channel>Microsoft-Windows-Sysmon/Operational</Channel><Computer>DESKTOP-P84STH6</Computer><Security UserID='S-1-5-18'/></System><EventData><Data Name='RuleName'></Data><Data Name='UtcTime'>2020-05-18 06:40:10.176</Data><Data Name='ProcessGuid'>{5d3d98af-22fa-5ec2-0000-001066790e00}</Data><Data Name='ProcessId'>6816</Data><Data Name='QueryName'>cc.adingo.jp</Data><Data Name='QueryStatus'>0</Data><Data Name='QueryResults'>34.195.91.242;54.85.202.116;100.25.225.218;3.217.164.228;54.164.34.2;52.72.195.204;54.242.44.147;3.225.92.69;</Data><Data Name='Image'>C:\Program Files (x86)\Google\Chrome\Application\chrome.exe</Data></EventData></Event><Event xmlns='http://schemas.microsoft.com/win/2004/08/events/event'><System><Provider Name='Microsoft-Windows-Sysmon' Guid='{5770385f-c22a-43e0-bf4c-06f5698ffbd9}'/><EventID>22</EventID><Version>5</Version><Level>4</Level><Task>22</Task><Opcode>0</Opcode><Keywords>0x8000000000000000</Keywords><TimeCreated SystemTime='2020-05-18T06:40:11.000932100Z'/><EventRecordID>3516</EventRecordID><Correlation/><Execution ProcessID='1036' ThreadID='2544'/><Channel>Microsoft-Windows-Sysmon/Operational</Channel><Computer>DESKTOP-P84STH6</Computer><Security UserID='S-1-5-18'/></System><EventData><Data Name='RuleName'></Data><Data Name='UtcTime'>2020-05-18 06:40:10.097</Data><Data Name='ProcessGuid'>{5d3d98af-22fa-5ec2-0000-001066790e00}</Data><Data Name='ProcessId'>6816</Data><Data Name='QueryName'>d.agkn.com</Data><Data Name='QueryStatus'>0</Data><Data Name='QueryResults'>type:  5 data.agkn.com;type:  5 d2ctznuk6ro1vp.cloudfront.net;13.35.7.92;13.35.7.30;13.35.7.52;13.35.7.15;</Data><Data Name='Image'>C:\Program Files (x86)\Google\Chrome\Application\chrome.exe</Data></EventData></Event><Event xmlns='http://schemas.microsoft.com/win/2004/08/events/event'><System><Provider Name='Microsoft-Windows-Sysmon' Guid='{5770385f-c22a-43e0-bf4c-06f5698ffbd9}'/><EventID>22</EventID><Version>5</Version><Level>4</Level><Task>22</Task><Opcode>0</Opcode><Keywords>0x8000000000000000</Keywords><TimeCreated SystemTime='2020-05-18T06:40:07.028260900Z'/><EventRecordID>3515</EventRecordID><Correlation/><Execution ProcessID='1036' ThreadID='2544'/><Channel>Microsoft-Windows-Sysmon/Operational</Channel><Computer>DESKTOP-P84STH6</Computer><Security UserID='S-1-5-18'/></System><EventData><Data Name='RuleName'></Data><Data Name='UtcTime'>2020-05-18 06:40:06.554</Data><Data Name='ProcessGuid'>{5d3d98af-22fa-5ec2-0000-001066790e00}</Data><Data Name='ProcessId'>6816</Data><Data Name='QueryName'>content-autofill.googleapis.com</Data><Data Name='QueryStatus'>0</Data><Data Name='QueryResults'>216.58.200.234;</Data><Data Name='Image'>C:\Program Files (x86)\Google\Chrome\Application\chrome.exe</Data></EventData></Event><Event xmlns='http://schemas.microsoft.com/win/2004/08/events/event'><System><Provider Name='Microsoft-Windows-Sysmon' Guid='{5770385f-c22a-43e0-bf4c-06f5698ffbd9}'/><EventID>22</EventID><Version>5</Version><Level>4</Level><Task>22</Task><Opcode>0</Opcode><Keywords>0x8000000000000000</Keywords><TimeCreated SystemTime='2020-05-18T06:40:05.871588500Z'/><EventRecordID>3514</EventRecordID><Correlation/><Execution ProcessID='1036' ThreadID='2544'/><Channel>Microsoft-Windows-Sysmon/Operational</Channel><Computer>DESKTOP-P84STH6</Computer><Security UserID='S-1-5-18'/></System><EventData><Data Name='RuleName'></Data><Data Name='UtcTime'>2020-05-18 06:40:05.775</Data><Data Name='ProcessGuid'>{5d3d98af-22fa-5ec2-0000-001066790e00}</Data><Data Name='ProcessId'>6816</Data><Data Name='QueryName'>v0.wordpress.com</Data><Data Name='QueryStatus'>0</Data><Data Name='QueryResults'>type:  5 lb.wordpress.com;192.0.78.13;192.0.78.12;</Data><Data Name='Image'>C:\Program Files (x86)\Google\Chrome\Application\chrome.exe</Data></EventData></Event><Event xmlns='http://schemas.microsoft.com/win/2004/08/events/event'><System><Provider Name='Microsoft-Windows-Sysmon' Guid='{5770385f-c22a-43e0-bf4c-06f5698ffbd9}'/><EventID>22</EventID><Version>5</Version><Level>4</Level><Task>22</Task><Opcode>0</Opcode><Keywords>0x8000000000000000</Keywords><TimeCreated SystemTime='2020-05-18T06:40:04.858389900Z'/><EventRecordID>3513</EventRecordID><Correlation/><Execution ProcessID='1036' ThreadID='2544'/><Channel>Microsoft-Windows-Sysmon/Operational</Channel><Computer>DESKTOP-P84STH6</Computer><Security UserID='S-1-5-18'/></System><EventData><Data Name='RuleName'></Data><Data Name='UtcTime'>2020-05-18 06:40:03.869</Data><Data Name='ProcessGuid'>{5d3d98af-22fa-5ec2-0000-001066790e00}</Data><Data Name='ProcessId'>6816</Data><Data Name='QueryName'>1on1.today</Data><Data Name='QueryStatus'>0</Data><Data Name='QueryResults'>34.82.31.231;</Data><Data Name='Image'>C:\Program Files (x86)\Google\Chrome\Application\chrome.exe</Data></EventData></Event><Event xmlns='http://schemas.microsoft.com/win/2004/08/events/event'><System><Provider Name='Microsoft-Windows-Sysmon' Guid='{5770385f-c22a-43e0-bf4c-06f5698ffbd9}'/><EventID>22</EventID><Version>5</Version><Level>4</Level><Task>22</Task><Opcode>0</Opcode><Keywords>0x8000000000000000</Keywords><TimeCreated SystemTime='2020-05-18T06:39:40.945114500Z'/><EventRecordID>3512</EventRecordID><Correlation/><Execution ProcessID='1036' ThreadID='2544'/><Channel>Microsoft-Windows-Sysmon/Operational</Channel><Computer>DESKTOP-P84STH6</Computer><Security UserID='S-1-5-18'/></System><EventData><Data Name='RuleName'></Data><Data Name='UtcTime'>2020-05-18 06:39:40.273</Data><Data Name='ProcessGuid'>{5d3d98af-22fa-5ec2-0000-001066790e00}</Data><Data Name='ProcessId'>6816</Data><Data Name='QueryName'>jijfrhgce</Data><Data Name='QueryStatus'>123</Data><Data Name='QueryResults'></Data><Data Name='Image'>C:\Program Files (x86)\Google\Chrome\Application\chrome.exe</Data></EventData></Event><Event xmlns='http://schemas.microsoft.com/win/2004/08/events/event'><System><Provider Name='Microsoft-Windows-Sysmon' Guid='{5770385f-c22a-43e0-bf4c-06f5698ffbd9}'/><EventID>22</EventID><Version>5</Version><Level>4</Level><Task>22</Task><Opcode>0</Opcode><Keywords>0x8000000000000000</Keywords><TimeCreated SystemTime='2020-05-18T06:39:40.944993600Z'/><EventRecordID>3511</EventRecordID><Correlation/><Execution ProcessID='1036' ThreadID='2544'/><Channel>Microsoft-Windows-Sysmon/Operational</Channel><Computer>DESKTOP-P84STH6</Computer><Security UserID='S-1-5-18'/></System><EventData><Data Name='RuleName'></Data><Data Name='UtcTime'>2020-05-18 06:39:40.273</Data><Data Name='ProcessGuid'>{5d3d98af-22fa-5ec2-0000-001066790e00}</Data><Data Name='ProcessId'>6816</Data><Data Name='QueryName'>zrerzhgbspyrqmg</Data><Data Name='QueryStatus'>123</Data><Data Name='QueryResults'></Data><Data Name='Image'>C:\Program Files (x86)\Google\Chrome\Application\chrome.exe</Data></EventData></Event><Event xmlns='http://schemas.microsoft.com/win/2004/08/events/event'><System><Provider Name='Microsoft-Windows-Sysmon' Guid='{5770385f-c22a-43e0-bf4c-06f5698ffbd9}'/><EventID>22</EventID><Version>5</Version><Level>4</Level><Task>22</Task><Opcode>0</Opcode><Keywords>0x8000000000000000</Keywords><TimeCreated SystemTime='2020-05-18T06:39:40.944800600Z'/><EventRecordID>3510</EventRecordID><Correlation/><Execution ProcessID='1036' ThreadID='2544'/><Channel>Microsoft-Windows-Sysmon/Operational</Channel><Computer>DESKTOP-P84STH6</Computer><Security UserID='S-1-5-18'/></System><EventData><Data Name='RuleName'></Data><Data Name='UtcTime'>2020-05-18 06:39:40.257</Data><Data Name='ProcessGuid'>{5d3d98af-22fa-5ec2-0000-001066790e00}</Data><Data Name='ProcessId'>6816</Data><Data Name='QueryName'>yqvqtnnzhdctd</Data><Data Name='QueryStatus'>123</Data><Data Name='QueryResults'></Data><Data Name='Image'>C:\Program Files (x86)\Google\Chrome\Application\chrome.exe</Data></EventData></Event><Event xmlns='http://schemas.microsoft.com/win/2004/08/events/event'><System><Provider Name='Microsoft-Windows-Sysmon' Guid='{5770385f-c22a-43e0-bf4c-06f5698ffbd9}'/><EventID>22</EventID><Version>5</Version><Level>4</Level><Task>22</Task><Opcode>0</Opcode><Keywords>0x8000000000000000</Keywords><TimeCreated SystemTime='2020-05-18T06:39:20.530373000Z'/><EventRecordID>3509</EventRecordID><Correlation/><Execution ProcessID='1036' ThreadID='2544'/><Channel>Microsoft-Windows-Sysmon/Operational</Channel><Computer>DESKTOP-P84STH6</Computer><Security UserID='S-1-5-18'/></System><EventData><Data Name='RuleName'></Data><Data Name='UtcTime'>2020-05-18 06:39:19.870</Data><Data Name='ProcessGuid'>{5d3d98af-22fa-5ec2-0000-001066790e00}</Data><Data Name='ProcessId'>6816</Data><Data Name='QueryName'>ag.innovid.com</Data><Data Name='QueryStatus'>0</Data><Data Name='QueryResults'>type:  5 ag-5-split.ag.innovid.com.akadns.net;type:  5 aws-oreg-cali-virg.ag.innovid.com.akadns.net;type:  5 aragorn-oreg-prod.inbake.com;type:  5 aragornapp-prod-or-lbj.inbake.com;type:  5 servingpr-aragorna-1r7of9fkz4kos-735852295.us-west-2.elb.amazonaws.com;44.228.1.37;52.24.84.125;52.42.217.121;52.89.85.38;34.210.114.153;52.25.226.228;35.163.10.224;52.24.19.120;</Data><Data Name='Image'>C:\Program Files (x86)\Google\Chrome\Application\chrome.exe</Data></EventData></Event><Event xmlns='http://schemas.microsoft.com/win/2004/08/events/event'><System><Provider Name='Microsoft-Windows-Sysmon' Guid='{5770385f-c22a-43e0-bf4c-06f5698ffbd9}'/><EventID>22</EventID><Version>5</Version><Level>4</Level><Task>22</Task><Opcode>0</Opcode><Keywords>0x8000000000000000</Keywords><TimeCreated SystemTime='2020-05-18T06:39:08.838359800Z'/><EventRecordID>3508</EventRecordID><Correlation/><Execution ProcessID='1036' ThreadID='2544'/><Channel>Microsoft-Windows-Sysmon/Operational</Channel><Computer>DESKTOP-P84STH6</Computer><Security UserID='S-1-5-18'/></System><EventData><Data Name='RuleName'></Data><Data Name='UtcTime'>2020-05-18 06:39:08.227</Data><Data Name='ProcessGuid'>{5d3d98af-22fa-5ec2-0000-001066790e00}</Data><Data Name='ProcessId'>6816</Data><Data Name='QueryName'>torimochi.line-apps.com</Data><Data Name='QueryStatus'>0</Data><Data Name='QueryResults'>203.104.150.1;</Data><Data Name='Image'>C:\Program Files (x86)\Google\Chrome\Application\chrome.exe</Data></EventData></Event><Event xmlns='http://schemas.microsoft.com/win/2004/08/events/event'><System><Provider Name='Microsoft-Windows-Sysmon' Guid='{5770385f-c22a-43e0-bf4c-06f5698ffbd9}'/><EventID>22</EventID><Version>5</Version><Level>4</Level><Task>22</Task><Opcode>0</Opcode><Keywords>0x8000000000000000</Keywords><TimeCreated SystemTime='2020-05-18T06:39:06.921699000Z'/><EventRecordID>3507</EventRecordID><Correlation/><Execution ProcessID='1036' ThreadID='2544'/><Channel>Microsoft-Windows-Sysmon/Operational</Channel><Computer>DESKTOP-P84STH6</Computer><Security UserID='S-1-5-18'/></System><EventData><Data Name='RuleName'></Data><Data Name='UtcTime'>2020-05-18 06:39:06.433</Data><Data Name='ProcessGuid'>{5d3d98af-22fa-5ec2-0000-001066790e00}</Data><Data Name='ProcessId'>6816</Data><Data Name='QueryName'>social-plugins.line.me</Data><Data Name='QueryStatus'>0</Data><Data Name='QueryResults'>type:  5 social-plugins.line.me.edgekey.net;type:  5 e1102.d.akamaiedge.net;163.28.224.47;</Data><Data Name='Image'>C:\Program Files (x86)\Google\Chrome\Application\chrome.exe</Data></EventData></Event><Event xmlns='http://schemas.microsoft.com/win/2004/08/events/event'><System><Provider Name='Microsoft-Windows-Sysmon' Guid='{5770385f-c22a-43e0-bf4c-06f5698ffbd9}'/><EventID>22</EventID><Version>5</Version><Level>4</Level><Task>22</Task><Opcode>0</Opcode><Keywords>0x8000000000000000</Keywords><TimeCreated SystemTime='2020-05-18T06:39:05.664396500Z'/><EventRecordID>3506</EventRecordID><Correlation/><Execution ProcessID='1036' ThreadID='2544'/><Channel>Microsoft-Windows-Sysmon/Operational</Channel><Computer>DESKTOP-P84STH6</Computer><Security UserID='S-1-5-18'/></System><EventData><Data Name='RuleName'></Data><Data Name='UtcTime'>2020-05-18 06:39:05.338</Data><Data Name='ProcessGuid'>{5d3d98af-22fa-5ec2-0000-001066790e00}</Data><Data Name='ProcessId'>6816</Data><Data Name='QueryName'>d.line-scdn.net</Data><Data Name='QueryStatus'>0</Data><Data Name='QueryResults'>type:  5 d.line-scdn.net.edgekey.net;type:  5 cac-d.line-scdn.net.line-zero.akadns.net;type:  5 e3998.v.akamaiedge.net;163.28.224.158;</Data><Data Name='Image'>C:\Program Files (x86)\Google\Chrome\Application\chrome.exe</Data></EventData></Event><Event xmlns='http://schemas.microsoft.com/win/2004/08/events/event'><System><Provider Name='Microsoft-Windows-Sysmon' Guid='{5770385f-c22a-43e0-bf4c-06f5698ffbd9}'/><EventID>22</EventID><Version>5</Version><Level>4</Level><Task>22</Task><Opcode>0</Opcode><Keywords>0x8000000000000000</Keywords><TimeCreated SystemTime='2020-05-18T06:39:05.664282300Z'/><EventRecordID>3505</EventRecordID><Correlation/><Execution ProcessID='1036' ThreadID='2544'/><Channel>Microsoft-Windows-Sysmon/Operational</Channel><Computer>DESKTOP-P84STH6</Computer><Security UserID='S-1-5-18'/></System><EventData><Data Name='RuleName'></Data><Data Name='UtcTime'>2020-05-18 06:39:05.336</Data><Data Name='ProcessGuid'>{5d3d98af-22fa-5ec2-0000-001066790e00}</Data><Data Name='ProcessId'>6816</Data><Data Name='QueryName'>i2.wp.com</Data><Data Name='QueryStatus'>0</Data><Data Name='QueryResults'>192.0.77.2;</Data><Data Name='Image'>C:\Program Files (x86)\Google\Chrome\Application\chrome.exe</Data></EventData></Event><Event xmlns='http://schemas.microsoft.com/win/2004/08/events/event'><System><Provider Name='Microsoft-Windows-Sysmon' Guid='{5770385f-c22a-43e0-bf4c-06f5698ffbd9}'/><EventID>22</EventID><Version>5</Version><Level>4</Level><Task>22</Task><Opcode>0</Opcode><Keywords>0x8000000000000000</Keywords><TimeCreated SystemTime='2020-05-18T06:39:05.664198100Z'/><EventRecordID>3504</EventRecordID><Correlation/><Execution ProcessID='1036' ThreadID='2544'/><Channel>Microsoft-Windows-Sysmon/Operational</Channel><Computer>DESKTOP-P84STH6</Computer><Security UserID='S-1-5-18'/></System><EventData><Data Name='RuleName'></Data><Data Name='UtcTime'>2020-05-18 06:39:05.336</Data><Data Name='ProcessGuid'>{5d3d98af-22fa-5ec2-0000-001066790e00}</Data><Data Name='ProcessId'>6816</Data><Data Name='QueryName'>i1.wp.com</Data><Data Name='QueryStatus'>0</Data><Data Name='QueryResults'>192.0.77.2;</Data><Data Name='Image'>C:\Program Files (x86)\Google\Chrome\Application\chrome.exe</Data></EventData></Event><Event xmlns='http://schemas.microsoft.com/win/2004/08/events/event'><System><Provider Name='Microsoft-Windows-Sysmon' Guid='{5770385f-c22a-43e0-bf4c-06f5698ffbd9}'/><EventID>22</EventID><Version>5</Version><Level>4</Level><Task>22</Task><Opcode>0</Opcode><Keywords>0x8000000000000000</Keywords><TimeCreated SystemTime='2020-05-18T06:39:05.664112200Z'/><EventRecordID>3503</EventRecordID><Correlation/><Execution ProcessID='1036' ThreadID='2544'/><Channel>Microsoft-Windows-Sysmon/Operational</Channel><Computer>DESKTOP-P84STH6</Computer><Security UserID='S-1-5-18'/></System><EventData><Data Name='RuleName'></Data><Data Name='UtcTime'>2020-05-18 06:39:05.130</Data><Data Name='ProcessGuid'>{5d3d98af-22fa-5ec2-0000-001066790e00}</Data><Data Name='ProcessId'>6816</Data><Data Name='QueryName'>secure.gravatar.com</Data><Data Name='QueryStatus'>0</Data><Data Name='QueryResults'>192.0.73.2;</Data><Data Name='Image'>C:\Program Files (x86)\Google\Chrome\Application\chrome.exe</Data></EventData></Event>