<Event xmlns='http://schemas.microsoft.com/win/2004/08/events/event'><System><Provider Name='Microsoft-Windows-Sysmon' Guid='{5770385f-c22a-43e0-bf4c-06f5698ffbd9}'/><EventID>1</EventID><Version>5</Version><Level>4</Level><Task>1</Task><Opcode>0</Opcode><Keywords>0x8000000000000000</Keywords><TimeCreated SystemTime='2020-05-18T07:12:06.486287900Z'/><EventRecordID>3670</EventRecordID><Correlation/><Execution ProcessID='1036' ThreadID='1524'/><Channel>Microsoft-Windows-Sysmon/Operational</Channel><Computer>DESKTOP-P84STH6</Computer><Security UserID='S-1-5-18'/></System><EventData><Data Name='RuleName'></Data><Data Name='UtcTime'>2020-05-18 07:12:06.448</Data><Data Name='ProcessGuid'>{5d3d98af-3546-5ec2-0000-0010873eff00}</Data><Data Name='ProcessId'>6384</Data><Data Name='Image'>C:\Windows\System32\rundll32.exe</Data><Data Name='FileVersion'>10.0.18362.1 (WinBuild.160101.0800)</Data><Data Name='Description'>Windows host process (Rundll32)</Data><Data Name='Product'>Microsoft® Windows® Operating System</Data><Data Name='Company'>Microsoft Corporation</Data><Data Name='OriginalFileName'>RUNDLL32.EXE</Data><Data Name='CommandLine'>C:\Windows\system32\rundll32.exe C:\Windows\system32\Windows.StateRepositoryClient.dll,StateRepositoryDoMaintenanceTasks</Data><Data Name='CurrentDirectory'>C:\Windows\system32\</Data><Data Name='User'>NT AUTHORITY\SYSTEM</Data><Data Name='LogonGuid'>{5d3d98af-2299-5ec2-0000-0020e7030000}</Data><Data Name='LogonId'>0x3e7</Data><Data Name='TerminalSessionId'>0</Data><Data Name='IntegrityLevel'>System</Data><Data Name='Hashes'>MD5=F68AF942FD7CCC0E7BAB1A2335D2AD26,SHA256=11064E9EDC605BD5B0C0A505538A0D5FD7DE53883AF342F091687CAE8628ACD0,IMPHASH=F27A7FC3A53E74F45BE370131953896A</Data><Data Name='ParentProcessGuid'>{5d3d98af-229a-5ec2-0000-001051ce0000}</Data><Data Name='ParentProcessId'>264</Data><Data Name='ParentImage'>C:\Windows\System32\svchost.exe</Data><Data Name='ParentCommandLine'>C:\Windows\system32\svchost.exe -k netsvcs -p</Data></EventData></Event><Event xmlns='http://schemas.microsoft.com/win/2004/08/events/event'><System><Provider Name='Microsoft-Windows-Sysmon' Guid='{5770385f-c22a-43e0-bf4c-06f5698ffbd9}'/><EventID>1</EventID><Version>5</Version><Level>4</Level><Task>1</Task><Opcode>0</Opcode><Keywords>0x8000000000000000</Keywords><TimeCreated SystemTime='2020-05-18T07:12:06.400833600Z'/><EventRecordID>3669</EventRecordID><Correlation/><Execution ProcessID='1036' ThreadID='1524'/><Channel>Microsoft-Windows-Sysmon/Operational</Channel><Computer>DESKTOP-P84STH6</Computer><Security UserID='S-1-5-18'/></System><EventData><Data Name='RuleName'></Data><Data Name='UtcTime'>2020-05-18 07:12:06.296</Data><Data Name='ProcessGuid'>{5d3d98af-3546-5ec2-0000-00100035ff00}</Data><Data Name='ProcessId'>948</Data><Data Name='Image'>C:\Windows\System32\lpremove.exe</Data><Data Name='FileVersion'>10.0.18362.1 (WinBuild.160101.0800)</Data><Data Name='Description'>MUI Language pack cleanup</Data><Data Name='Product'>Microsoft® Windows® Operating System</Data><Data Name='Company'>Microsoft Corporation</Data><Data Name='OriginalFileName'>lpremove.exe</Data><Data Name='CommandLine'>C:\Windows\system32\lpremove.exe</Data><Data Name='CurrentDirectory'>C:\Windows\system32\</Data><Data Name='User'>NT AUTHORITY\SYSTEM</Data><Data Name='LogonGuid'>{5d3d98af-2299-5ec2-0000-0020e7030000}</Data><Data Name='LogonId'>0x3e7</Data><Data Name='TerminalSessionId'>0</Data><Data Name='IntegrityLevel'>System</Data><Data Name='Hashes'>MD5=1E92151C94904952F478863EFF6A4224,SHA256=A18EA21BAC4B240095B6E451D523462B5561410B99719103B40EAD9F75136AD0,IMPHASH=2F5F45A66D74ECEB00766597940AB005</Data><Data Name='ParentProcessGuid'>{5d3d98af-229a-5ec2-0000-001051ce0000}</Data><Data Name='ParentProcessId'>264</Data><Data Name='ParentImage'>C:\Windows\System32\svchost.exe</Data><Data Name='ParentCommandLine'>C:\Windows\system32\svchost.exe -k netsvcs -p</Data></EventData></Event><Event xmlns='http://schemas.microsoft.com/win/2004/08/events/event'><System><Provider Name='Microsoft-Windows-Sysmon' Guid='{5770385f-c22a-43e0-bf4c-06f5698ffbd9}'/><EventID>1</EventID><Version>5</Version><Level>4</Level><Task>1</Task><Opcode>0</Opcode><Keywords>0x8000000000000000</Keywords><TimeCreated SystemTime='2020-05-18T07:12:06.136108800Z'/><EventRecordID>3668</EventRecordID><Correlation/><Execution ProcessID='1036' ThreadID='1524'/><Channel>Microsoft-Windows-Sysmon/Operational</Channel><Computer>DESKTOP-P84STH6</Computer><Security UserID='S-1-5-18'/></System><EventData><Data Name='RuleName'></Data><Data Name='UtcTime'>2020-05-18 07:12:06.121</Data><Data Name='ProcessGuid'>{5d3d98af-3546-5ec2-0000-0010d430ff00}</Data><Data Name='ProcessId'>2332</Data><Data Name='Image'>C:\Windows\System32\rundll32.exe</Data><Data Name='FileVersion'>10.0.18362.1 (WinBuild.160101.0800)</Data><Data Name='Description'>Windows host process (Rundll32)</Data><Data Name='Product'>Microsoft® Windows® Operating System</Data><Data Name='Company'>Microsoft Corporation</Data><Data Name='OriginalFileName'>RUNDLL32.EXE</Data><Data Name='CommandLine'>C:\Windows\system32\rundll32.exe Windows.Storage.ApplicationData.dll,CleanupTemporaryState</Data><Data Name='CurrentDirectory'>C:\Windows\system32\</Data><Data Name='User'>NT AUTHORITY\SYSTEM</Data><Data Name='LogonGuid'>{5d3d98af-2299-5ec2-0000-0020e7030000}</Data><Data Name='LogonId'>0x3e7</Data><Data Name='TerminalSessionId'>0</Data><Data Name='IntegrityLevel'>System</Data><Data Name='Hashes'>MD5=F68AF942FD7CCC0E7BAB1A2335D2AD26,SHA256=11064E9EDC605BD5B0C0A505538A0D5FD7DE53883AF342F091687CAE8628ACD0,IMPHASH=F27A7FC3A53E74F45BE370131953896A</Data><Data Name='ParentProcessGuid'>{5d3d98af-229a-5ec2-0000-001051ce0000}</Data><Data Name='ParentProcessId'>264</Data><Data Name='ParentImage'>C:\Windows\System32\svchost.exe</Data><Data Name='ParentCommandLine'>C:\Windows\system32\svchost.exe -k netsvcs -p</Data></EventData></Event><Event xmlns='http://schemas.microsoft.com/win/2004/08/events/event'><System><Provider Name='Microsoft-Windows-Sysmon' Guid='{5770385f-c22a-43e0-bf4c-06f5698ffbd9}'/><EventID>1</EventID><Version>5</Version><Level>4</Level><Task>1</Task><Opcode>0</Opcode><Keywords>0x8000000000000000</Keywords><TimeCreated SystemTime='2020-05-18T07:12:06.112773800Z'/><EventRecordID>3667</EventRecordID><Correlation/><Execution ProcessID='1036' ThreadID='1524'/><Channel>Microsoft-Windows-Sysmon/Operational</Channel><Computer>DESKTOP-P84STH6</Computer><Security UserID='S-1-5-18'/></System><EventData><Data Name='RuleName'></Data><Data Name='UtcTime'>2020-05-18 07:12:06.100</Data><Data Name='ProcessGuid'>{5d3d98af-3546-5ec2-0000-00108c2fff00}</Data><Data Name='ProcessId'>2148</Data><Data Name='Image'>C:\Windows\System32\Defrag.exe</Data><Data Name='FileVersion'>10.0.18362.1 (WinBuild.160101.0800)</Data><Data Name='Description'>Disk Defragmenter Module</Data><Data Name='Product'>Windows Drive Optimizer</Data><Data Name='Company'>Microsoft Corp.</Data><Data Name='OriginalFileName'>Defrag.EXE</Data><Data Name='CommandLine'>C:\Windows\system32\defrag.exe -c -h -o -$</Data><Data Name='CurrentDirectory'>C:\Windows\system32\</Data><Data Name='User'>NT AUTHORITY\SYSTEM</Data><Data Name='LogonGuid'>{5d3d98af-2299-5ec2-0000-0020e7030000}</Data><Data Name='LogonId'>0x3e7</Data><Data Name='TerminalSessionId'>0</Data><Data Name='IntegrityLevel'>System</Data><Data Name='Hashes'>MD5=1EF37E629AB62F327728713D9E964FD5,SHA256=E3682C4487424B3484C57C66D4450B0FC6EF33B12F333487BD52FCFF810EEE24,IMPHASH=C451FEB9457D50EB689BA55A85F91B2C</Data><Data Name='ParentProcessGuid'>{5d3d98af-229a-5ec2-0000-001051ce0000}</Data><Data Name='ParentProcessId'>264</Data><Data Name='ParentImage'>C:\Windows\System32\svchost.exe</Data><Data Name='ParentCommandLine'>C:\Windows\system32\svchost.exe -k netsvcs -p</Data></EventData></Event><Event xmlns='http://schemas.microsoft.com/win/2004/08/events/event'><System><Provider Name='Microsoft-Windows-Sysmon' Guid='{5770385f-c22a-43e0-bf4c-06f5698ffbd9}'/><EventID>1</EventID><Version>5</Version><Level>4</Level><Task>1</Task><Opcode>0</Opcode><Keywords>0x8000000000000000</Keywords><TimeCreated SystemTime='2020-05-18T07:12:06.080925500Z'/><EventRecordID>3666</EventRecordID><Correlation/><Execution ProcessID='1036' ThreadID='1524'/><Channel>Microsoft-Windows-Sysmon/Operational</Channel><Computer>DESKTOP-P84STH6</Computer><Security UserID='S-1-5-18'/></System><EventData><Data Name='RuleName'></Data><Data Name='UtcTime'>2020-05-18 07:12:05.937</Data><Data Name='ProcessGuid'>{5d3d98af-3545-5ec2-0000-0010cd2aff00}</Data><Data Name='ProcessId'>1740</Data><Data Name='Image'>C:\Windows\System32\dstokenclean.exe</Data><Data Name='FileVersion'>10.0.18362.356 (WinBuild.160101.0800)</Data><Data Name='Description'>Data Sharing Service Maintenance Driver</Data><Data Name='Product'>Microsoft® Windows® Operating System</Data><Data Name='Company'>Microsoft Corporation</Data><Data Name='OriginalFileName'>dstokenclean.exe</Data><Data Name='CommandLine'>C:\Windows\system32\dstokenclean.exe</Data><Data Name='CurrentDirectory'>C:\Windows\system32\</Data><Data Name='User'>NT AUTHORITY\SYSTEM</Data><Data Name='LogonGuid'>{5d3d98af-2299-5ec2-0000-0020e7030000}</Data><Data Name='LogonId'>0x3e7</Data><Data Name='TerminalSessionId'>0</Data><Data Name='IntegrityLevel'>System</Data><Data Name='Hashes'>MD5=9CCC45F98105FC0A9888AABC3C6455FA,SHA256=DDE7846E0C8E3C729891C385B92B152753A2B77DFDFFCF941F7E67490129A035,IMPHASH=F1D06B8C52F369E9C51A17B21E2BD700</Data><Data Name='ParentProcessGuid'>{5d3d98af-229a-5ec2-0000-001051ce0000}</Data><Data Name='ParentProcessId'>264</Data><Data Name='ParentImage'>C:\Windows\System32\svchost.exe</Data><Data Name='ParentCommandLine'>C:\Windows\system32\svchost.exe -k netsvcs -p</Data></EventData></Event><Event xmlns='http://schemas.microsoft.com/win/2004/08/events/event'><System><Provider Name='Microsoft-Windows-Sysmon' Guid='{5770385f-c22a-43e0-bf4c-06f5698ffbd9}'/><EventID>1</EventID><Version>5</Version><Level>4</Level><Task>1</Task><Opcode>0</Opcode><Keywords>0x8000000000000000</Keywords><TimeCreated SystemTime='2020-05-18T07:12:05.933292600Z'/><EventRecordID>3665</EventRecordID><Correlation/><Execution ProcessID='1036' ThreadID='1524'/><Channel>Microsoft-Windows-Sysmon/Operational</Channel><Computer>DESKTOP-P84STH6</Computer><Security UserID='S-1-5-18'/></System><EventData><Data Name='RuleName'></Data><Data Name='UtcTime'>2020-05-18 07:12:05.919</Data><Data Name='ProcessGuid'>{5d3d98af-3545-5ec2-0000-0010232aff00}</Data><Data Name='ProcessId'>2124</Data><Data Name='Image'>C:\Windows\WinSxS\amd64_microsoft-windows-servicingstack_31bf3856ad364e35_10.0.18362.411_none_5f53d2d858cf8961\TiWorker.exe</Data><Data Name='FileVersion'>10.0.18362.1 (WinBuild.160101.0800)</Data><Data Name='Description'>Windows Modules Installer Worker</Data><Data Name='Product'>Microsoft® Windows® Operating System</Data><Data Name='Company'>Microsoft Corporation</Data><Data Name='OriginalFileName'>TiWorker.exe</Data><Data Name='CommandLine'>C:\Windows\winsxs\amd64_microsoft-windows-servicingstack_31bf3856ad364e35_10.0.18362.411_none_5f53d2d858cf8961\TiWorker.exe -Embedding</Data><Data Name='CurrentDirectory'>C:\Windows\system32\</Data><Data Name='User'>NT AUTHORITY\SYSTEM</Data><Data Name='LogonGuid'>{5d3d98af-2299-5ec2-0000-0020e7030000}</Data><Data Name='LogonId'>0x3e7</Data><Data Name='TerminalSessionId'>0</Data><Data Name='IntegrityLevel'>System</Data><Data Name='Hashes'>MD5=0ECD172646FE879F84FF33DA8FFA9373,SHA256=C26DC49916EE8298F8A8CBF8ACE62A4538775F8D8D5B33322A316BA7555616B6,IMPHASH=5C119443B09CF04CA999CBD8CA2382AC</Data><Data Name='ParentProcessGuid'>{5d3d98af-2299-5ec2-0000-0010ce6b0000}</Data><Data Name='ParentProcessId'>688</Data><Data Name='ParentImage'>C:\Windows\System32\svchost.exe</Data><Data Name='ParentCommandLine'>C:\Windows\system32\svchost.exe -k DcomLaunch -p</Data></EventData></Event><Event xmlns='http://schemas.microsoft.com/win/2004/08/events/event'><System><Provider Name='Microsoft-Windows-Sysmon' Guid='{5770385f-c22a-43e0-bf4c-06f5698ffbd9}'/><EventID>1</EventID><Version>5</Version><Level>4</Level><Task>1</Task><Opcode>0</Opcode><Keywords>0x8000000000000000</Keywords><TimeCreated SystemTime='2020-05-18T07:12:05.905362900Z'/><EventRecordID>3664</EventRecordID><Correlation/><Execution ProcessID='1036' ThreadID='1524'/><Channel>Microsoft-Windows-Sysmon/Operational</Channel><Computer>DESKTOP-P84STH6</Computer><Security UserID='S-1-5-18'/></System><EventData><Data Name='RuleName'></Data><Data Name='UtcTime'>2020-05-18 07:12:05.808</Data><Data Name='ProcessGuid'>{5d3d98af-3545-5ec2-0000-00108726ff00}</Data><Data Name='ProcessId'>236</Data><Data Name='Image'>C:\Windows\System32\sc.exe</Data><Data Name='FileVersion'>10.0.18362.1 (WinBuild.160101.0800)</Data><Data Name='Description'>Service Control Manager Configuration Tool</Data><Data Name='Product'>Microsoft® Windows® Operating System</Data><Data Name='Company'>Microsoft Corporation</Data><Data Name='OriginalFileName'>sc.exe</Data><Data Name='CommandLine'>C:\Windows\system32\sc.exe start w32time task_started</Data><Data Name='CurrentDirectory'>C:\Windows\system32\</Data><Data Name='User'>NT AUTHORITY\LOCAL SERVICE</Data><Data Name='LogonGuid'>{5d3d98af-229a-5ec2-0000-0020e5030000}</Data><Data Name='LogonId'>0x3e5</Data><Data Name='TerminalSessionId'>0</Data><Data Name='IntegrityLevel'>System</Data><Data Name='Hashes'>MD5=E46C638010C25479F66BACBE8596CA76,SHA256=39C59C362649090B4D34E5C8221C6E86552C07FE2DF3478D591A68B70917BC0A,IMPHASH=35A7FFDE18D444A92D32C8B2879450FF</Data><Data Name='ParentProcessGuid'>{5d3d98af-229a-5ec2-0000-001051ce0000}</Data><Data Name='ParentProcessId'>264</Data><Data Name='ParentImage'>C:\Windows\System32\svchost.exe</Data><Data Name='ParentCommandLine'>C:\Windows\system32\svchost.exe -k netsvcs -p</Data></EventData></Event><Event xmlns='http://schemas.microsoft.com/win/2004/08/events/event'><System><Provider Name='Microsoft-Windows-Sysmon' Guid='{5770385f-c22a-43e0-bf4c-06f5698ffbd9}'/><EventID>1</EventID><Version>5</Version><Level>4</Level><Task>1</Task><Opcode>0</Opcode><Keywords>0x8000000000000000</Keywords><TimeCreated SystemTime='2020-05-18T07:12:05.752641800Z'/><EventRecordID>3663</EventRecordID><Correlation/><Execution ProcessID='1036' ThreadID='1524'/><Channel>Microsoft-Windows-Sysmon/Operational</Channel><Computer>DESKTOP-P84STH6</Computer><Security UserID='S-1-5-18'/></System><EventData><Data Name='RuleName'></Data><Data Name='UtcTime'>2020-05-18 07:12:05.721</Data><Data Name='ProcessGuid'>{5d3d98af-3545-5ec2-0000-00109a24ff00}</Data><Data Name='ProcessId'>4872</Data><Data Name='Image'>C:\Windows\System32\rundll32.exe</Data><Data Name='FileVersion'>10.0.18362.1 (WinBuild.160101.0800)</Data><Data Name='Description'>Windows host process (Rundll32)</Data><Data Name='Product'>Microsoft® Windows® Operating System</Data><Data Name='Company'>Microsoft Corporation</Data><Data Name='OriginalFileName'>RUNDLL32.EXE</Data><Data Name='CommandLine'>C:\Windows\system32\rundll32.exe C:\Windows\system32\AppxDeploymentClient.dll,AppxPreStageCleanupRunTask</Data><Data Name='CurrentDirectory'>C:\Windows\system32\</Data><Data Name='User'>NT AUTHORITY\SYSTEM</Data><Data Name='LogonGuid'>{5d3d98af-2299-5ec2-0000-0020e7030000}</Data><Data Name='LogonId'>0x3e7</Data><Data Name='TerminalSessionId'>0</Data><Data Name='IntegrityLevel'>System</Data><Data Name='Hashes'>MD5=F68AF942FD7CCC0E7BAB1A2335D2AD26,SHA256=11064E9EDC605BD5B0C0A505538A0D5FD7DE53883AF342F091687CAE8628ACD0,IMPHASH=F27A7FC3A53E74F45BE370131953896A</Data><Data Name='ParentProcessGuid'>{5d3d98af-229a-5ec2-0000-001051ce0000}</Data><Data Name='ParentProcessId'>264</Data><Data Name='ParentImage'>C:\Windows\System32\svchost.exe</Data><Data Name='ParentCommandLine'>C:\Windows\system32\svchost.exe -k netsvcs -p</Data></EventData></Event><Event xmlns='http://schemas.microsoft.com/win/2004/08/events/event'><System><Provider Name='Microsoft-Windows-Sysmon' Guid='{5770385f-c22a-43e0-bf4c-06f5698ffbd9}'/><EventID>1</EventID><Version>5</Version><Level>4</Level><Task>1</Task><Opcode>0</Opcode><Keywords>0x8000000000000000</Keywords><TimeCreated SystemTime='2020-05-18T07:12:05.351725500Z'/><EventRecordID>3662</EventRecordID><Correlation/><Execution ProcessID='1036' ThreadID='1524'/><Channel>Microsoft-Windows-Sysmon/Operational</Channel><Computer>DESKTOP-P84STH6</Computer><Security UserID='S-1-5-18'/></System><EventData><Data Name='RuleName'></Data><Data Name='UtcTime'>2020-05-18 07:12:05.326</Data><Data Name='ProcessGuid'>{5d3d98af-3545-5ec2-0000-0010b51fff00}</Data><Data Name='ProcessId'>4024</Data><Data Name='Image'>C:\Windows\servicing\TrustedInstaller.exe</Data><Data Name='FileVersion'>10.0.18362.1 (WinBuild.160101.0800)</Data><Data Name='Description'>Windows Modules Installer</Data><Data Name='Product'>Microsoft® Windows® Operating System</Data><Data Name='Company'>Microsoft Corporation</Data><Data Name='OriginalFileName'>TrustedInstaller.exe</Data><Data Name='CommandLine'>C:\Windows\servicing\TrustedInstaller.exe</Data><Data Name='CurrentDirectory'>C:\Windows\system32\</Data><Data Name='User'>NT AUTHORITY\SYSTEM</Data><Data Name='LogonGuid'>{5d3d98af-2299-5ec2-0000-0020e7030000}</Data><Data Name='LogonId'>0x3e7</Data><Data Name='TerminalSessionId'>0</Data><Data Name='IntegrityLevel'>System</Data><Data Name='Hashes'>MD5=8B5AFFC4987F9AE41DF15940C6EF66CB,SHA256=520273402F22ADA8948F8E1CB0899D0A5B1BC01CFF787747C1227945B336E4C5,IMPHASH=88851E233BD15333933A93A6EDD4788A</Data><Data Name='ParentProcessGuid'>{5d3d98af-2298-5ec2-0000-00102d550000}</Data><Data Name='ParentProcessId'>556</Data><Data Name='ParentImage'>C:\Windows\System32\services.exe</Data><Data Name='ParentCommandLine'>C:\Windows\system32\services.exe</Data></EventData></Event><Event xmlns='http://schemas.microsoft.com/win/2004/08/events/event'><System><Provider Name='Microsoft-Windows-Sysmon' Guid='{5770385f-c22a-43e0-bf4c-06f5698ffbd9}'/><EventID>1</EventID><Version>5</Version><Level>4</Level><Task>1</Task><Opcode>0</Opcode><Keywords>0x8000000000000000</Keywords><TimeCreated SystemTime='2020-05-18T07:12:04.772990800Z'/><EventRecordID>3661</EventRecordID><Correlation/><Execution ProcessID='1036' ThreadID='1524'/><Channel>Microsoft-Windows-Sysmon/Operational</Channel><Computer>DESKTOP-P84STH6</Computer><Security UserID='S-1-5-18'/></System><EventData><Data Name='RuleName'></Data><Data Name='UtcTime'>2020-05-18 07:12:04.753</Data><Data Name='ProcessGuid'>{5d3d98af-3544-5ec2-0000-00101918ff00}</Data><Data Name='ProcessId'>5128</Data><Data Name='Image'>C:\Windows\System32\Speech_OneCore\common\SpeechModelDownload.exe</Data><Data Name='FileVersion'>10.0.18362.387 (WinBuild.160101.0800)</Data><Data Name='Description'>Speech Model Download Executable</Data><Data Name='Product'>Microsoft® Windows® Operating System</Data><Data Name='Company'>Microsoft Corporation</Data><Data Name='OriginalFileName'>SpeechModelDownload.exe</Data><Data Name='CommandLine'>C:\Windows\system32\speech_onecore\common\SpeechModelDownload.exe</Data><Data Name='CurrentDirectory'>C:\Windows\system32\</Data><Data Name='User'>NT AUTHORITY\NETWORK SERVICE</Data><Data Name='LogonGuid'>{5d3d98af-2299-5ec2-0000-0020e4030000}</Data><Data Name='LogonId'>0x3e4</Data><Data Name='TerminalSessionId'>0</Data><Data Name='IntegrityLevel'>System</Data><Data Name='Hashes'>MD5=D2C1C14E9ECC56147DFF8E45622DCB2D,SHA256=E0CDAB81736B81E38E64CB65F9550FBA4B68D2C09B0E64A7A279B13E1E4C033C,IMPHASH=FF88551A00A6BDE9BBBEB2E26E454D9D</Data><Data Name='ParentProcessGuid'>{5d3d98af-229a-5ec2-0000-001051ce0000}</Data><Data Name='ParentProcessId'>264</Data><Data Name='ParentImage'>C:\Windows\System32\svchost.exe</Data><Data Name='ParentCommandLine'>C:\Windows\system32\svchost.exe -k netsvcs -p</Data></EventData></Event><Event xmlns='http://schemas.microsoft.com/win/2004/08/events/event'><System><Provider Name='Microsoft-Windows-Sysmon' Guid='{5770385f-c22a-43e0-bf4c-06f5698ffbd9}'/><EventID>1</EventID><Version>5</Version><Level>4</Level><Task>1</Task><Opcode>0</Opcode><Keywords>0x8000000000000000</Keywords><TimeCreated SystemTime='2020-05-18T07:12:04.756470900Z'/><EventRecordID>3660</EventRecordID><Correlation/><Execution ProcessID='1036' ThreadID='1524'/><Channel>Microsoft-Windows-Sysmon/Operational</Channel><Computer>DESKTOP-P84STH6</Computer><Security UserID='S-1-5-18'/></System><EventData><Data Name='RuleName'></Data><Data Name='UtcTime'>2020-05-18 07:12:04.744</Data><Data Name='ProcessGuid'>{5d3d98af-3544-5ec2-0000-0010c717ff00}</Data><Data Name='ProcessId'>5408</Data><Data Name='Image'>C:\Windows\System32\taskhostw.exe</Data><Data Name='FileVersion'>10.0.18362.387 (WinBuild.160101.0800)</Data><Data Name='Description'>Host Process for Windows Tasks</Data><Data Name='Product'>Microsoft® Windows® Operating System</Data><Data Name='Company'>Microsoft Corporation</Data><Data Name='OriginalFileName'>taskhostw.exe</Data><Data Name='CommandLine'>taskhostw.exe Install $(Arg0)</Data><Data Name='CurrentDirectory'>C:\Windows\system32\</Data><Data Name='User'>DESKTOP-P84STH6\NS</Data><Data Name='LogonGuid'>{5d3d98af-22a5-5ec2-0000-0020710f0300}</Data><Data Name='LogonId'>0x30f71</Data><Data Name='TerminalSessionId'>1</Data><Data Name='IntegrityLevel'>Medium</Data><Data Name='Hashes'>MD5=8AC325C757FA721B272ECEA19EBCF745,SHA256=0BEC3128B241FA533DC5A9D3F62AA41323D205DEFC30DCDE228C5ECC2D1E50A9,IMPHASH=9CB27CAED52CB0AFFB32788922A0D083</Data><Data Name='ParentProcessGuid'>{5d3d98af-229a-5ec2-0000-001051ce0000}</Data><Data Name='ParentProcessId'>264</Data><Data Name='ParentImage'>C:\Windows\System32\svchost.exe</Data><Data Name='ParentCommandLine'>C:\Windows\system32\svchost.exe -k netsvcs -p</Data></EventData></Event><Event xmlns='http://schemas.microsoft.com/win/2004/08/events/event'><System><Provider Name='Microsoft-Windows-Sysmon' Guid='{5770385f-c22a-43e0-bf4c-06f5698ffbd9}'/><EventID>1</EventID><Version>5</Version><Level>4</Level><Task>1</Task><Opcode>0</Opcode><Keywords>0x8000000000000000</Keywords><TimeCreated SystemTime='2020-05-18T07:12:04.747756500Z'/><EventRecordID>3659</EventRecordID><Correlation/><Execution ProcessID='1036' ThreadID='1524'/><Channel>Microsoft-Windows-Sysmon/Operational</Channel><Computer>DESKTOP-P84STH6</Computer><Security UserID='S-1-5-18'/></System><EventData><Data Name='RuleName'></Data><Data Name='UtcTime'>2020-05-18 07:12:04.689</Data><Data Name='ProcessGuid'>{5d3d98af-3544-5ec2-0000-0010e315ff00}</Data><Data Name='ProcessId'>848</Data><Data Name='Image'>C:\Windows\System32\taskhostw.exe</Data><Data Name='FileVersion'>10.0.18362.387 (WinBuild.160101.0800)</Data><Data Name='Description'>Host Process for Windows Tasks</Data><Data Name='Product'>Microsoft® Windows® Operating System</Data><Data Name='Company'>Microsoft Corporation</Data><Data Name='OriginalFileName'>taskhostw.exe</Data><Data Name='CommandLine'>taskhostw.exe -IntegrityCheck</Data><Data Name='CurrentDirectory'>C:\Windows\system32\</Data><Data Name='User'>NT AUTHORITY\SYSTEM</Data><Data Name='LogonGuid'>{5d3d98af-2299-5ec2-0000-0020e7030000}</Data><Data Name='LogonId'>0x3e7</Data><Data Name='TerminalSessionId'>0</Data><Data Name='IntegrityLevel'>System</Data><Data Name='Hashes'>MD5=8AC325C757FA721B272ECEA19EBCF745,SHA256=0BEC3128B241FA533DC5A9D3F62AA41323D205DEFC30DCDE228C5ECC2D1E50A9,IMPHASH=9CB27CAED52CB0AFFB32788922A0D083</Data><Data Name='ParentProcessGuid'>{5d3d98af-229a-5ec2-0000-001051ce0000}</Data><Data Name='ParentProcessId'>264</Data><Data Name='ParentImage'>C:\Windows\System32\svchost.exe</Data><Data Name='ParentCommandLine'>C:\Windows\system32\svchost.exe -k netsvcs -p</Data></EventData></Event><Event xmlns='http://schemas.microsoft.com/win/2004/08/events/event'><System><Provider Name='Microsoft-Windows-Sysmon' Guid='{5770385f-c22a-43e0-bf4c-06f5698ffbd9}'/><EventID>1</EventID><Version>5</Version><Level>4</Level><Task>1</Task><Opcode>0</Opcode><Keywords>0x8000000000000000</Keywords><TimeCreated SystemTime='2020-05-18T07:12:04.659952800Z'/><EventRecordID>3658</EventRecordID><Correlation/><Execution ProcessID='1036' ThreadID='1524'/><Channel>Microsoft-Windows-Sysmon/Operational</Channel><Computer>DESKTOP-P84STH6</Computer><Security UserID='S-1-5-18'/></System><EventData><Data Name='RuleName'></Data><Data Name='UtcTime'>2020-05-18 07:12:04.642</Data><Data Name='ProcessGuid'>{5d3d98af-3544-5ec2-0000-00109913ff00}</Data><Data Name='ProcessId'>6728</Data><Data Name='Image'>C:\Windows\System32\provtool.exe</Data><Data Name='FileVersion'>10.0.18362.329 (WinBuild.160101.0800)</Data><Data Name='Description'>Provisioning package runtime processing tool</Data><Data Name='Product'>Microsoft® Windows® Operating System</Data><Data Name='Company'>Microsoft Corporation</Data><Data Name='OriginalFileName'>provtool</Data><Data Name='CommandLine'>C:\Windows\system32\ProvTool.exe /turn 5 /source LogonIdleTask</Data><Data Name='CurrentDirectory'>C:\Windows\system32\</Data><Data Name='User'>NT AUTHORITY\SYSTEM</Data><Data Name='LogonGuid'>{5d3d98af-2299-5ec2-0000-0020e7030000}</Data><Data Name='LogonId'>0x3e7</Data><Data Name='TerminalSessionId'>0</Data><Data Name='IntegrityLevel'>System</Data><Data Name='Hashes'>MD5=059922B58B75F4B9F286BAC87258B0EF,SHA256=33BAE078921EB8AD794EB2A4EDF08C33D4FBF2E4BC2FA84F07066FC23BBCDA4C,IMPHASH=F7E4CB1D938025DAF4D359E1A9BC607E</Data><Data Name='ParentProcessGuid'>{5d3d98af-229a-5ec2-0000-001051ce0000}</Data><Data Name='ParentProcessId'>264</Data><Data Name='ParentImage'>C:\Windows\System32\svchost.exe</Data><Data Name='ParentCommandLine'>C:\Windows\system32\svchost.exe -k netsvcs -p</Data></EventData></Event><Event xmlns='http://schemas.microsoft.com/win/2004/08/events/event'><System><Provider Name='Microsoft-Windows-Sysmon' Guid='{5770385f-c22a-43e0-bf4c-06f5698ffbd9}'/><EventID>1</EventID><Version>5</Version><Level>4</Level><Task>1</Task><Opcode>0</Opcode><Keywords>0x8000000000000000</Keywords><TimeCreated SystemTime='2020-05-18T07:11:55.098207100Z'/><EventRecordID>3657</EventRecordID><Correlation/><Execution ProcessID='1036' ThreadID='1524'/><Channel>Microsoft-Windows-Sysmon/Operational</Channel><Computer>DESKTOP-P84STH6</Computer><Security UserID='S-1-5-18'/></System><EventData><Data Name='RuleName'></Data><Data Name='UtcTime'>2020-05-18 07:11:55.063</Data><Data Name='ProcessGuid'>{5d3d98af-353b-5ec2-0000-001001dcfe00}</Data><Data Name='ProcessId'>5536</Data><Data Name='Image'>C:\Windows\System32\dmclient.exe</Data><Data Name='FileVersion'>10.0.18362.1 (WinBuild.160101.0800)</Data><Data Name='Description'>Microsoft Feedback SIUF Deployment Manager Client</Data><Data Name='Product'>Microsoft® Windows® Operating System</Data><Data Name='Company'>Microsoft Corporation</Data><Data Name='OriginalFileName'>dmclient.exe</Data><Data Name='CommandLine'>C:\Windows\system32\dmclient.exe utcwnf</Data><Data Name='CurrentDirectory'>C:\Windows\system32\</Data><Data Name='User'>NT AUTHORITY\SYSTEM</Data><Data Name='LogonGuid'>{5d3d98af-2299-5ec2-0000-0020e7030000}</Data><Data Name='LogonId'>0x3e7</Data><Data Name='TerminalSessionId'>0</Data><Data Name='IntegrityLevel'>System</Data><Data Name='Hashes'>MD5=F75A111BDD09F49FD954AD0C148A123B,SHA256=D9F4EC9052D0C8B799660E7D74B41BA18366016AC361F7A85FE0FBB03637CB47,IMPHASH=8C17DBD4EE43E74FB5E09C8EC8F5271F</Data><Data Name='ParentProcessGuid'>{5d3d98af-229a-5ec2-0000-001051ce0000}</Data><Data Name='ParentProcessId'>264</Data><Data Name='ParentImage'>C:\Windows\System32\svchost.exe</Data><Data Name='ParentCommandLine'>C:\Windows\system32\svchost.exe -k netsvcs -p</Data></EventData></Event><Event xmlns='http://schemas.microsoft.com/win/2004/08/events/event'><System><Provider Name='Microsoft-Windows-Sysmon' Guid='{5770385f-c22a-43e0-bf4c-06f5698ffbd9}'/><EventID>1</EventID><Version>5</Version><Level>4</Level><Task>1</Task><Opcode>0</Opcode><Keywords>0x8000000000000000</Keywords><TimeCreated SystemTime='2020-05-18T07:06:09.215822600Z'/><EventRecordID>3656</EventRecordID><Correlation/><Execution ProcessID='1036' ThreadID='1524'/><Channel>Microsoft-Windows-Sysmon/Operational</Channel><Computer>DESKTOP-P84STH6</Computer><Security UserID='S-1-5-18'/></System><EventData><Data Name='RuleName'></Data><Data Name='UtcTime'>2020-05-18 07:06:09.211</Data><Data Name='ProcessGuid'>{5d3d98af-33e1-5ec2-0000-0010821cfe00}</Data><Data Name='ProcessId'>3332</Data><Data Name='Image'>C:\Windows\System32\svchost.exe</Data><Data Name='FileVersion'>10.0.18362.1 (WinBuild.160101.0800)</Data><Data Name='Description'>Host Process for Windows Services</Data><Data Name='Product'>Microsoft® Windows® Operating System</Data><Data Name='Company'>Microsoft Corporation</Data><Data Name='OriginalFileName'>svchost.exe</Data><Data Name='CommandLine'>C:\Windows\System32\svchost.exe -k wsappx -p</Data><Data Name='CurrentDirectory'>C:\Windows\system32\</Data><Data Name='User'>NT AUTHORITY\SYSTEM</Data><Data Name='LogonGuid'>{5d3d98af-2299-5ec2-0000-0020e7030000}</Data><Data Name='LogonId'>0x3e7</Data><Data Name='TerminalSessionId'>0</Data><Data Name='IntegrityLevel'>System</Data><Data Name='Hashes'>MD5=9520A99E77D6196D0D09833146424113,SHA256=DD191A5B23DF92E12A8852291F9FB5ED594B76A28A5A464418442584AFD1E048,IMPHASH=247B9220E5D9B720A82B2C8B5069AD69</Data><Data Name='ParentProcessGuid'>{5d3d98af-2298-5ec2-0000-00102d550000}</Data><Data Name='ParentProcessId'>556</Data><Data Name='ParentImage'>C:\Windows\System32\services.exe</Data><Data Name='ParentCommandLine'>C:\Windows\system32\services.exe</Data></EventData></Event><Event xmlns='http://schemas.microsoft.com/win/2004/08/events/event'><System><Provider Name='Microsoft-Windows-Sysmon' Guid='{5770385f-c22a-43e0-bf4c-06f5698ffbd9}'/><EventID>1</EventID><Version>5</Version><Level>4</Level><Task>1</Task><Opcode>0</Opcode><Keywords>0x8000000000000000</Keywords><TimeCreated SystemTime='2020-05-18T07:06:08.261490200Z'/><EventRecordID>3655</EventRecordID><Correlation/><Execution ProcessID='1036' ThreadID='1524'/><Channel>Microsoft-Windows-Sysmon/Operational</Channel><Computer>DESKTOP-P84STH6</Computer><Security UserID='S-1-5-18'/></System><EventData><Data Name='RuleName'></Data><Data Name='UtcTime'>2020-05-18 07:06:08.252</Data><Data Name='ProcessGuid'>{5d3d98af-33e0-5ec2-0000-001061fcfd00}</Data><Data Name='ProcessId'>2668</Data><Data Name='Image'>C:\Program Files\WindowsApps\Microsoft.MicrosoftOfficeHub_18.2004.1162.0_x64__8wekyb3d8bbwe\LocalBridge.exe</Data><Data Name='FileVersion'>18.2004.1162.0</Data><Data Name='Description'>LocalBridge</Data><Data Name='Product'>LocalBridge</Data><Data Name='Company'></Data><Data Name='OriginalFileName'>LocalBridge.exe</Data><Data Name='CommandLine'>"C:\Program Files\WindowsApps\Microsoft.MicrosoftOfficeHub_18.2004.1162.0_x64__8wekyb3d8bbwe\LocalBridge.exe" /InvokerPRAID: Microsoft.MicrosoftOfficeHub notifications</Data><Data Name='CurrentDirectory'>C:\Windows\system32\</Data><Data Name='User'>DESKTOP-P84STH6\NS</Data><Data Name='LogonGuid'>{5d3d98af-22a5-5ec2-0000-0020710f0300}</Data><Data Name='LogonId'>0x30f71</Data><Data Name='TerminalSessionId'>1</Data><Data Name='IntegrityLevel'>Medium</Data><Data Name='Hashes'>MD5=2E30D096BB1B4BA69136D4484D2B6375,SHA256=D552BE7A8AD94A8958FCA6687CA8AF3B72786745EA4840B97C3410453D00F3CD,IMPHASH=00000000000000000000000000000000</Data><Data Name='ParentProcessGuid'>{5d3d98af-33e0-5ec2-0000-001008f2fd00}</Data><Data Name='ParentProcessId'>1568</Data><Data Name='ParentImage'>C:\Windows\System32\RuntimeBroker.exe</Data><Data Name='ParentCommandLine'>C:\Windows\System32\RuntimeBroker.exe -Embedding</Data></EventData></Event><Event xmlns='http://schemas.microsoft.com/win/2004/08/events/event'><System><Provider Name='Microsoft-Windows-Sysmon' Guid='{5770385f-c22a-43e0-bf4c-06f5698ffbd9}'/><EventID>22</EventID><Version>5</Version><Level>4</Level><Task>22</Task><Opcode>0</Opcode><Keywords>0x8000000000000000</Keywords><TimeCreated SystemTime='2020-05-18T06:57:39.837438000Z'/><EventRecordID>3654</EventRecordID><Correlation/><Execution ProcessID='1036' ThreadID='2544'/><Channel>Microsoft-Windows-Sysmon/Operational</Channel><Computer>DESKTOP-P84STH6</Computer><Security UserID='S-1-5-18'/></System><EventData><Data Name='RuleName'></Data><Data Name='UtcTime'>2020-05-18 06:57:39.216</Data><Data Name='ProcessGuid'>{5d3d98af-22fa-5ec2-0000-001066790e00}</Data><Data Name='ProcessId'>6816</Data><Data Name='QueryName'>code.createjs.com</Data><Data Name='QueryStatus'>0</Data><Data Name='QueryResults'>type:  5 san-download.adobe.com.edgekey.net;type:  5 e4937.dscd.akamaiedge.net;163.28.224.191;</Data><Data Name='Image'>C:\Program Files (x86)\Google\Chrome\Application\chrome.exe</Data></EventData></Event><Event xmlns='http://schemas.microsoft.com/win/2004/08/events/event'><System><Provider Name='Microsoft-Windows-Sysmon' Guid='{5770385f-c22a-43e0-bf4c-06f5698ffbd9}'/><EventID>22</EventID><Version>5</Version><Level>4</Level><Task>22</Task><Opcode>0</Opcode><Keywords>0x8000000000000000</Keywords><TimeCreated SystemTime='2020-05-18T06:57:38.606819000Z'/><EventRecordID>3653</EventRecordID><Correlation/><Execution ProcessID='1036' ThreadID='2544'/><Channel>Microsoft-Windows-Sysmon/Operational</Channel><Computer>DESKTOP-P84STH6</Computer><Security UserID='S-1-5-18'/></System><EventData><Data Name='RuleName'></Data><Data Name='UtcTime'>2020-05-18 06:57:38.080</Data><Data Name='ProcessGuid'>{5d3d98af-22fa-5ec2-0000-001066790e00}</Data><Data Name='ProcessId'>6816</Data><Data Name='QueryName'>cs.nex8.net</Data><Data Name='QueryStatus'>9003</Data><Data Name='QueryResults'></Data><Data Name='Image'>C:\Program Files (x86)\Google\Chrome\Application\chrome.exe</Data></EventData></Event><Event xmlns='http://schemas.microsoft.com/win/2004/08/events/event'><System><Provider Name='Microsoft-Windows-Sysmon' Guid='{5770385f-c22a-43e0-bf4c-06f5698ffbd9}'/><EventID>22</EventID><Version>5</Version><Level>4</Level><Task>22</Task><Opcode>0</Opcode><Keywords>0x8000000000000000</Keywords><TimeCreated SystemTime='2020-05-18T06:57:38.606610700Z'/><EventRecordID>3652</EventRecordID><Correlation/><Execution ProcessID='1036' ThreadID='2544'/><Channel>Microsoft-Windows-Sysmon/Operational</Channel><Computer>DESKTOP-P84STH6</Computer><Security UserID='S-1-5-18'/></System><EventData><Data Name='RuleName'></Data><Data Name='UtcTime'>2020-05-18 06:57:37.957</Data><Data Name='ProcessGuid'>{5d3d98af-22fa-5ec2-0000-001066790e00}</Data><Data Name='ProcessId'>6816</Data><Data Name='QueryName'>cc.adingo.jp</Data><Data Name='QueryStatus'>0</Data><Data Name='QueryResults'>34.206.225.118;54.85.202.116;52.72.195.204;100.25.225.218;54.242.44.147;54.164.34.2;34.195.91.242;3.217.164.228;</Data><Data Name='Image'>C:\Program Files (x86)\Google\Chrome\Application\chrome.exe</Data></EventData></Event><Event xmlns='http://schemas.microsoft.com/win/2004/08/events/event'><System><Provider Name='Microsoft-Windows-Sysmon' Guid='{5770385f-c22a-43e0-bf4c-06f5698ffbd9}'/><EventID>22</EventID><Version>5</Version><Level>4</Level><Task>22</Task><Opcode>0</Opcode><Keywords>0x8000000000000000</Keywords><TimeCreated SystemTime='2020-05-18T06:57:38.606358500Z'/><EventRecordID>3651</EventRecordID><Correlation/><Execution ProcessID='1036' ThreadID='2544'/><Channel>Microsoft-Windows-Sysmon/Operational</Channel><Computer>DESKTOP-P84STH6</Computer><Security UserID='S-1-5-18'/></System><EventData><Data Name='RuleName'></Data><Data Name='UtcTime'>2020-05-18 06:57:37.895</Data><Data Name='ProcessGuid'>{5d3d98af-22fa-5ec2-0000-001066790e00}</Data><Data Name='ProcessId'>6816</Data><Data Name='QueryName'>d.agkn.com</Data><Data Name='QueryStatus'>0</Data><Data Name='QueryResults'>type:  5 data.agkn.com;type:  5 d2ctznuk6ro1vp.cloudfront.net;13.35.7.15;13.35.7.52;13.35.7.30;13.35.7.92;</Data><Data Name='Image'>C:\Program Files (x86)\Google\Chrome\Application\chrome.exe</Data></EventData></Event><Event xmlns='http://schemas.microsoft.com/win/2004/08/events/event'><System><Provider Name='Microsoft-Windows-Sysmon' Guid='{5770385f-c22a-43e0-bf4c-06f5698ffbd9}'/><EventID>22</EventID><Version>5</Version><Level>4</Level><Task>22</Task><Opcode>0</Opcode><Keywords>0x8000000000000000</Keywords><TimeCreated SystemTime='2020-05-18T06:57:38.606182100Z'/><EventRecordID>3650</EventRecordID><Correlation/><Execution ProcessID='1036' ThreadID='2544'/><Channel>Microsoft-Windows-Sysmon/Operational</Channel><Computer>DESKTOP-P84STH6</Computer><Security UserID='S-1-5-18'/></System><EventData><Data Name='RuleName'></Data><Data Name='UtcTime'>2020-05-18 06:57:37.894</Data><Data Name='ProcessGuid'>{5d3d98af-22fa-5ec2-0000-001066790e00}</Data><Data Name='ProcessId'>6816</Data><Data Name='QueryName'>sync.teads.tv</Data><Data Name='QueryStatus'>0</Data><Data Name='QueryResults'>type:  5 sync.teads.tv.edgekey.net;type:  5 e9957.e4.akamaiedge.net;163.28.225.126;</Data><Data Name='Image'>C:\Program Files (x86)\Google\Chrome\Application\chrome.exe</Data></EventData></Event><Event xmlns='http://schemas.microsoft.com/win/2004/08/events/event'><System><Provider Name='Microsoft-Windows-Sysmon' Guid='{5770385f-c22a-43e0-bf4c-06f5698ffbd9}'/><EventID>22</EventID><Version>5</Version><Level>4</Level><Task>22</Task><Opcode>0</Opcode><Keywords>0x8000000000000000</Keywords><TimeCreated SystemTime='2020-05-18T06:57:29.295090300Z'/><EventRecordID>3649</EventRecordID><Correlation/><Execution ProcessID='1036' ThreadID='2544'/><Channel>Microsoft-Windows-Sysmon/Operational</Channel><Computer>DESKTOP-P84STH6</Computer><Security UserID='S-1-5-18'/></System><EventData><Data Name='RuleName'></Data><Data Name='UtcTime'>2020-05-18 06:57:28.510</Data><Data Name='ProcessGuid'>{5d3d98af-22fa-5ec2-0000-001066790e00}</Data><Data Name='ProcessId'>6816</Data><Data Name='QueryName'>i4.achangpro.com</Data><Data Name='QueryStatus'>0</Data><Data Name='QueryResults'>104.22.7.240;104.22.6.240;</Data><Data Name='Image'>C:\Program Files (x86)\Google\Chrome\Application\chrome.exe</Data></EventData></Event><Event xmlns='http://schemas.microsoft.com/win/2004/08/events/event'><System><Provider Name='Microsoft-Windows-Sysmon' Guid='{5770385f-c22a-43e0-bf4c-06f5698ffbd9}'/><EventID>22</EventID><Version>5</Version><Level>4</Level><Task>22</Task><Opcode>0</Opcode><Keywords>0x8000000000000000</Keywords><TimeCreated SystemTime='2020-05-18T06:57:28.266570200Z'/><EventRecordID>3648</EventRecordID><Correlation/><Execution ProcessID='1036' ThreadID='2544'/><Channel>Microsoft-Windows-Sysmon/Operational</Channel><Computer>DESKTOP-P84STH6</Computer><Security UserID='S-1-5-18'/></System><EventData><Data Name='RuleName'></Data><Data Name='UtcTime'>2020-05-18 06:57:27.705</Data><Data Name='ProcessGuid'>{5d3d98af-22fa-5ec2-0000-001066790e00}</Data><Data Name='ProcessId'>6816</Data><Data Name='QueryName'>i0.wp.com</Data><Data Name='QueryStatus'>0</Data><Data Name='QueryResults'>192.0.77.2;</Data><Data Name='Image'>C:\Program Files (x86)\Google\Chrome\Application\chrome.exe</Data></EventData></Event><Event xmlns='http://schemas.microsoft.com/win/2004/08/events/event'><System><Provider Name='Microsoft-Windows-Sysmon' Guid='{5770385f-c22a-43e0-bf4c-06f5698ffbd9}'/><EventID>22</EventID><Version>5</Version><Level>4</Level><Task>22</Task><Opcode>0</Opcode><Keywords>0x8000000000000000</Keywords><TimeCreated SystemTime='2020-05-18T06:56:29.930156300Z'/><EventRecordID>3647</EventRecordID><Correlation/><Execution ProcessID='1036' ThreadID='2544'/><Channel>Microsoft-Windows-Sysmon/Operational</Channel><Computer>DESKTOP-P84STH6</Computer><Security UserID='S-1-5-18'/></System><EventData><Data Name='RuleName'></Data><Data Name='UtcTime'>2020-05-18 06:56:29.263</Data><Data Name='ProcessGuid'>{5d3d98af-22fa-5ec2-0000-001066790e00}</Data><Data Name='ProcessId'>6816</Data><Data Name='QueryName'>www.google.com</Data><Data Name='QueryStatus'>0</Data><Data Name='QueryResults'>172.217.27.132;</Data><Data Name='Image'>C:\Program Files (x86)\Google\Chrome\Application\chrome.exe</Data></EventData></Event><Event xmlns='http://schemas.microsoft.com/win/2004/08/events/event'><System><Provider Name='Microsoft-Windows-Sysmon' Guid='{5770385f-c22a-43e0-bf4c-06f5698ffbd9}'/><EventID>22</EventID><Version>5</Version><Level>4</Level><Task>22</Task><Opcode>0</Opcode><Keywords>0x8000000000000000</Keywords><TimeCreated SystemTime='2020-05-18T06:56:29.118207200Z'/><EventRecordID>3646</EventRecordID><Correlation/><Execution ProcessID='1036' ThreadID='2544'/><Channel>Microsoft-Windows-Sysmon/Operational</Channel><Computer>DESKTOP-P84STH6</Computer><Security UserID='S-1-5-18'/></System><EventData><Data Name='RuleName'></Data><Data Name='UtcTime'>2020-05-18 06:56:27.925</Data><Data Name='ProcessGuid'>{5d3d98af-22fa-5ec2-0000-001066790e00}</Data><Data Name='ProcessId'>6816</Data><Data Name='QueryName'>adservice.google.com.tw</Data><Data Name='QueryStatus'>0</Data><Data Name='QueryResults'>type:  5 pagead46.l.doubleclick.net;172.217.160.66;</Data><Data Name='Image'>C:\Program Files (x86)\Google\Chrome\Application\chrome.exe</Data></EventData></Event><Event xmlns='http://schemas.microsoft.com/win/2004/08/events/event'><System><Provider Name='Microsoft-Windows-Sysmon' Guid='{5770385f-c22a-43e0-bf4c-06f5698ffbd9}'/><EventID>1</EventID><Version>5</Version><Level>4</Level><Task>1</Task><Opcode>0</Opcode><Keywords>0x8000000000000000</Keywords><TimeCreated SystemTime='2020-05-18T06:55:28.385070300Z'/><EventRecordID>3645</EventRecordID><Correlation/><Execution ProcessID='1036' ThreadID='1524'/><Channel>Microsoft-Windows-Sysmon/Operational</Channel><Computer>DESKTOP-P84STH6</Computer><Security UserID='S-1-5-18'/></System><EventData><Data Name='RuleName'></Data><Data Name='UtcTime'>2020-05-18 06:55:28.373</Data><Data Name='ProcessGuid'>{5d3d98af-3160-5ec2-0000-0010728dfc00}</Data><Data Name='ProcessId'>3156</Data><Data Name='Image'>C:\Program Files (x86)\Google\Update\GoogleUpdate.exe</Data><Data Name='FileVersion'>1.3.35.451</Data><Data Name='Description'>Google Installer</Data><Data Name='Product'>Google Update</Data><Data Name='Company'>Google LLC</Data><Data Name='OriginalFileName'>GoogleUpdate.exe</Data><Data Name='CommandLine'>"C:\Program Files (x86)\Google\Update\GoogleUpdate.exe" /ua /installsource scheduler</Data><Data Name='CurrentDirectory'>C:\Windows\system32\</Data><Data Name='User'>NT AUTHORITY\SYSTEM</Data><Data Name='LogonGuid'>{5d3d98af-2299-5ec2-0000-0020e7030000}</Data><Data Name='LogonId'>0x3e7</Data><Data Name='TerminalSessionId'>0</Data><Data Name='IntegrityLevel'>System</Data><Data Name='Hashes'>MD5=0BCA3F16DD527B4150648EC1E36CB22A,SHA256=B60E92004D394D0B14A8953A2BA29951C79F2F8A6C94F495E3153DFBBEF115B6,IMPHASH=7DF1816239C5BC855600D41210406C5B</Data><Data Name='ParentProcessGuid'>{5d3d98af-229a-5ec2-0000-001051ce0000}</Data><Data Name='ParentProcessId'>264</Data><Data Name='ParentImage'>C:\Windows\System32\svchost.exe</Data><Data Name='ParentCommandLine'>C:\Windows\system32\svchost.exe -k netsvcs -p</Data></EventData></Event><Event xmlns='http://schemas.microsoft.com/win/2004/08/events/event'><System><Provider Name='Microsoft-Windows-Sysmon' Guid='{5770385f-c22a-43e0-bf4c-06f5698ffbd9}'/><EventID>22</EventID><Version>5</Version><Level>4</Level><Task>22</Task><Opcode>0</Opcode><Keywords>0x8000000000000000</Keywords><TimeCreated SystemTime='2020-05-18T06:53:34.968650000Z'/><EventRecordID>3644</EventRecordID><Correlation/><Execution ProcessID='1036' ThreadID='2544'/><Channel>Microsoft-Windows-Sysmon/Operational</Channel><Computer>DESKTOP-P84STH6</Computer><Security UserID='S-1-5-18'/></System><EventData><Data Name='RuleName'></Data><Data Name='UtcTime'>2020-05-18 06:53:33.991</Data><Data Name='ProcessGuid'>{5d3d98af-22fa-5ec2-0000-001066790e00}</Data><Data Name='ProcessId'>6816</Data><Data Name='QueryName'>i.imgur.com</Data><Data Name='QueryStatus'>0</Data><Data Name='QueryResults'>type:  5 ipv4.imgur.map.fastly.net;151.101.24.193;</Data><Data Name='Image'>C:\Program Files (x86)\Google\Chrome\Application\chrome.exe</Data></EventData></Event><Event xmlns='http://schemas.microsoft.com/win/2004/08/events/event'><System><Provider Name='Microsoft-Windows-Sysmon' Guid='{5770385f-c22a-43e0-bf4c-06f5698ffbd9}'/><EventID>1</EventID><Version>5</Version><Level>4</Level><Task>1</Task><Opcode>0</Opcode><Keywords>0x8000000000000000</Keywords><TimeCreated SystemTime='2020-05-18T06:52:42.240965100Z'/><EventRecordID>3643</EventRecordID><Correlation/><Execution ProcessID='1036' ThreadID='1524'/><Channel>Microsoft-Windows-Sysmon/Operational</Channel><Computer>DESKTOP-P84STH6</Computer><Security UserID='S-1-5-18'/></System><EventData><Data Name='RuleName'></Data><Data Name='UtcTime'>2020-05-18 06:52:42.236</Data><Data Name='ProcessGuid'>{5d3d98af-30ba-5ec2-0000-0010c9fcfb00}</Data><Data Name='ProcessId'>3300</Data><Data Name='Image'>C:\Program Files\WindowsApps\Microsoft.MicrosoftOfficeHub_18.2004.1162.0_x64__8wekyb3d8bbwe\LocalBridge.exe</Data><Data Name='FileVersion'>18.2004.1162.0</Data><Data Name='Description'>LocalBridge</Data><Data Name='Product'>LocalBridge</Data><Data Name='Company'></Data><Data Name='OriginalFileName'>LocalBridge.exe</Data><Data Name='CommandLine'>"C:\Program Files\WindowsApps\Microsoft.MicrosoftOfficeHub_18.2004.1162.0_x64__8wekyb3d8bbwe\LocalBridge.exe" /InvokerPRAID: Microsoft.MicrosoftOfficeHub notifications</Data><Data Name='CurrentDirectory'>C:\Windows\system32\</Data><Data Name='User'>DESKTOP-P84STH6\NS</Data><Data Name='LogonGuid'>{5d3d98af-22a5-5ec2-0000-0020710f0300}</Data><Data Name='LogonId'>0x30f71</Data><Data Name='TerminalSessionId'>1</Data><Data Name='IntegrityLevel'>Medium</Data><Data Name='Hashes'>MD5=2E30D096BB1B4BA69136D4484D2B6375,SHA256=D552BE7A8AD94A8958FCA6687CA8AF3B72786745EA4840B97C3410453D00F3CD,IMPHASH=00000000000000000000000000000000</Data><Data Name='ParentProcessGuid'>{5d3d98af-30ba-5ec2-0000-00104df2fb00}</Data><Data Name='ParentProcessId'>4072</Data><Data Name='ParentImage'>C:\Windows\System32\RuntimeBroker.exe</Data><Data Name='ParentCommandLine'>C:\Windows\System32\RuntimeBroker.exe -Embedding</Data></EventData></Event><Event xmlns='http://schemas.microsoft.com/win/2004/08/events/event'><System><Provider Name='Microsoft-Windows-Sysmon' Guid='{5770385f-c22a-43e0-bf4c-06f5698ffbd9}'/><EventID>22</EventID><Version>5</Version><Level>4</Level><Task>22</Task><Opcode>0</Opcode><Keywords>0x8000000000000000</Keywords><TimeCreated SystemTime='2020-05-18T06:52:40.205777800Z'/><EventRecordID>3642</EventRecordID><Correlation/><Execution ProcessID='1036' ThreadID='2544'/><Channel>Microsoft-Windows-Sysmon/Operational</Channel><Computer>DESKTOP-P84STH6</Computer><Security UserID='S-1-5-18'/></System><EventData><Data Name='RuleName'></Data><Data Name='UtcTime'>2020-05-18 06:52:39.213</Data><Data Name='ProcessGuid'>{5d3d98af-22fa-5ec2-0000-001066790e00}</Data><Data Name='ProcessId'>6816</Data><Data Name='QueryName'>img.youtube.com</Data><Data Name='QueryStatus'>0</Data><Data Name='QueryResults'>type:  5 ytimg.l.google.com;216.58.200.238;172.217.160.110;216.58.200.46;172.217.160.78;</Data><Data Name='Image'>C:\Program Files (x86)\Google\Chrome\Application\chrome.exe</Data></EventData></Event><Event xmlns='http://schemas.microsoft.com/win/2004/08/events/event'><System><Provider Name='Microsoft-Windows-Sysmon' Guid='{5770385f-c22a-43e0-bf4c-06f5698ffbd9}'/><EventID>22</EventID><Version>5</Version><Level>4</Level><Task>22</Task><Opcode>0</Opcode><Keywords>0x8000000000000000</Keywords><TimeCreated SystemTime='2020-05-18T06:52:32.101624200Z'/><EventRecordID>3641</EventRecordID><Correlation/><Execution ProcessID='1036' ThreadID='2544'/><Channel>Microsoft-Windows-Sysmon/Operational</Channel><Computer>DESKTOP-P84STH6</Computer><Security UserID='S-1-5-18'/></System><EventData><Data Name='RuleName'></Data><Data Name='UtcTime'>2020-05-18 06:52:31.764</Data><Data Name='ProcessGuid'>{5d3d98af-22fa-5ec2-0000-001066790e00}</Data><Data Name='ProcessId'>6816</Data><Data Name='QueryName'>cc.adingo.jp</Data><Data Name='QueryStatus'>0</Data><Data Name='QueryResults'>54.242.44.147;3.225.92.69;54.85.202.116;34.206.225.118;52.72.195.204;54.164.34.2;3.217.164.228;34.195.91.242;</Data><Data Name='Image'>C:\Program Files (x86)\Google\Chrome\Application\chrome.exe</Data></EventData></Event><Event xmlns='http://schemas.microsoft.com/win/2004/08/events/event'><System><Provider Name='Microsoft-Windows-Sysmon' Guid='{5770385f-c22a-43e0-bf4c-06f5698ffbd9}'/><EventID>22</EventID><Version>5</Version><Level>4</Level><Task>22</Task><Opcode>0</Opcode><Keywords>0x8000000000000000</Keywords><TimeCreated SystemTime='2020-05-18T06:52:32.101535200Z'/><EventRecordID>3640</EventRecordID><Correlation/><Execution ProcessID='1036' ThreadID='2544'/><Channel>Microsoft-Windows-Sysmon/Operational</Channel><Computer>DESKTOP-P84STH6</Computer><Security UserID='S-1-5-18'/></System><EventData><Data Name='RuleName'></Data><Data Name='UtcTime'>2020-05-18 06:52:31.760</Data><Data Name='ProcessGuid'>{5d3d98af-22fa-5ec2-0000-001066790e00}</Data><Data Name='ProcessId'>6816</Data><Data Name='QueryName'>i.imgur.com</Data><Data Name='QueryStatus'>0</Data><Data Name='QueryResults'>type:  5 ipv4.imgur.map.fastly.net;151.101.196.193;</Data><Data Name='Image'>C:\Program Files (x86)\Google\Chrome\Application\chrome.exe</Data></EventData></Event>