<Event xmlns='http://schemas.microsoft.com/win/2004/08/events/event'><System><Provider Name='Microsoft-Windows-Sysmon' Guid='{5770385f-c22a-43e0-bf4c-06f5698ffbd9}'/><EventID>11</EventID><Version>2</Version><Level>4</Level><Task>11</Task><Opcode>0</Opcode><Keywords>0x8000000000000000</Keywords><TimeCreated SystemTime='2020-05-18T07:14:07.067020500Z'/><EventRecordID>3708</EventRecordID><Correlation/><Execution ProcessID='1036' ThreadID='1524'/><Channel>Microsoft-Windows-Sysmon/Operational</Channel><Computer>DESKTOP-P84STH6</Computer><Security UserID='S-1-5-18'/></System><EventData><Data Name='RuleName'>DLL</Data><Data Name='UtcTime'>2020-05-18 07:14:07.063</Data><Data Name='ProcessGuid'>{5d3d98af-3547-5ec2-0000-00105b5bff00}</Data><Data Name='ProcessId'>6772</Data><Data Name='Image'>C:\Windows\system32\cleanmgr.exe</Data><Data Name='TargetFilename'>C:\Users\NS\AppData\Local\Temp\95EB8453-0691-4255-BFCC-A39F9E88DE04\ImagingProvider.dll</Data><Data Name='CreationUtcTime'>2020-05-18 07:14:07.063</Data></EventData></Event><Event xmlns='http://schemas.microsoft.com/win/2004/08/events/event'><System><Provider Name='Microsoft-Windows-Sysmon' Guid='{5770385f-c22a-43e0-bf4c-06f5698ffbd9}'/><EventID>11</EventID><Version>2</Version><Level>4</Level><Task>11</Task><Opcode>0</Opcode><Keywords>0x8000000000000000</Keywords><TimeCreated SystemTime='2020-05-18T07:14:06.992379400Z'/><EventRecordID>3707</EventRecordID><Correlation/><Execution ProcessID='1036' ThreadID='1524'/><Channel>Microsoft-Windows-Sysmon/Operational</Channel><Computer>DESKTOP-P84STH6</Computer><Security UserID='S-1-5-18'/></System><EventData><Data Name='RuleName'>DLL</Data><Data Name='UtcTime'>2020-05-18 07:14:06.988</Data><Data Name='ProcessGuid'>{5d3d98af-3547-5ec2-0000-00105b5bff00}</Data><Data Name='ProcessId'>6772</Data><Data Name='Image'>C:\Windows\system32\cleanmgr.exe</Data><Data Name='TargetFilename'>C:\Users\NS\AppData\Local\Temp\95EB8453-0691-4255-BFCC-A39F9E88DE04\IBSProvider.dll</Data><Data Name='CreationUtcTime'>2020-05-18 07:14:06.988</Data></EventData></Event><Event xmlns='http://schemas.microsoft.com/win/2004/08/events/event'><System><Provider Name='Microsoft-Windows-Sysmon' Guid='{5770385f-c22a-43e0-bf4c-06f5698ffbd9}'/><EventID>11</EventID><Version>2</Version><Level>4</Level><Task>11</Task><Opcode>0</Opcode><Keywords>0x8000000000000000</Keywords><TimeCreated SystemTime='2020-05-18T07:14:06.430985400Z'/><EventRecordID>3706</EventRecordID><Correlation/><Execution ProcessID='1036' ThreadID='1524'/><Channel>Microsoft-Windows-Sysmon/Operational</Channel><Computer>DESKTOP-P84STH6</Computer><Security UserID='S-1-5-18'/></System><EventData><Data Name='RuleName'>DLL</Data><Data Name='UtcTime'>2020-05-18 07:14:06.430</Data><Data Name='ProcessGuid'>{5d3d98af-3547-5ec2-0000-00105b5bff00}</Data><Data Name='ProcessId'>6772</Data><Data Name='Image'>C:\Windows\system32\cleanmgr.exe</Data><Data Name='TargetFilename'>C:\Users\NS\AppData\Local\Temp\95EB8453-0691-4255-BFCC-A39F9E88DE04\GenericProvider.dll</Data><Data Name='CreationUtcTime'>2020-05-18 07:14:06.430</Data></EventData></Event><Event xmlns='http://schemas.microsoft.com/win/2004/08/events/event'><System><Provider Name='Microsoft-Windows-Sysmon' Guid='{5770385f-c22a-43e0-bf4c-06f5698ffbd9}'/><EventID>11</EventID><Version>2</Version><Level>4</Level><Task>11</Task><Opcode>0</Opcode><Keywords>0x8000000000000000</Keywords><TimeCreated SystemTime='2020-05-18T07:14:06.323154300Z'/><EventRecordID>3705</EventRecordID><Correlation/><Execution ProcessID='1036' ThreadID='1524'/><Channel>Microsoft-Windows-Sysmon/Operational</Channel><Computer>DESKTOP-P84STH6</Computer><Security UserID='S-1-5-18'/></System><EventData><Data Name='RuleName'>DLL</Data><Data Name='UtcTime'>2020-05-18 07:14:06.322</Data><Data Name='ProcessGuid'>{5d3d98af-3547-5ec2-0000-00105b5bff00}</Data><Data Name='ProcessId'>6772</Data><Data Name='Image'>C:\Windows\system32\cleanmgr.exe</Data><Data Name='TargetFilename'>C:\Users\NS\AppData\Local\Temp\95EB8453-0691-4255-BFCC-A39F9E88DE04\FolderProvider.dll</Data><Data Name='CreationUtcTime'>2020-05-18 07:14:06.322</Data></EventData></Event><Event xmlns='http://schemas.microsoft.com/win/2004/08/events/event'><System><Provider Name='Microsoft-Windows-Sysmon' Guid='{5770385f-c22a-43e0-bf4c-06f5698ffbd9}'/><EventID>11</EventID><Version>2</Version><Level>4</Level><Task>11</Task><Opcode>0</Opcode><Keywords>0x8000000000000000</Keywords><TimeCreated SystemTime='2020-05-18T07:14:06.135779000Z'/><EventRecordID>3704</EventRecordID><Correlation/><Execution ProcessID='1036' ThreadID='1524'/><Channel>Microsoft-Windows-Sysmon/Operational</Channel><Computer>DESKTOP-P84STH6</Computer><Security UserID='S-1-5-18'/></System><EventData><Data Name='RuleName'>DLL</Data><Data Name='UtcTime'>2020-05-18 07:14:06.132</Data><Data Name='ProcessGuid'>{5d3d98af-3547-5ec2-0000-00105b5bff00}</Data><Data Name='ProcessId'>6772</Data><Data Name='Image'>C:\Windows\system32\cleanmgr.exe</Data><Data Name='TargetFilename'>C:\Users\NS\AppData\Local\Temp\95EB8453-0691-4255-BFCC-A39F9E88DE04\FfuProvider.dll</Data><Data Name='CreationUtcTime'>2020-05-18 07:14:06.132</Data></EventData></Event><Event xmlns='http://schemas.microsoft.com/win/2004/08/events/event'><System><Provider Name='Microsoft-Windows-Sysmon' Guid='{5770385f-c22a-43e0-bf4c-06f5698ffbd9}'/><EventID>11</EventID><Version>2</Version><Level>4</Level><Task>11</Task><Opcode>0</Opcode><Keywords>0x8000000000000000</Keywords><TimeCreated SystemTime='2020-05-18T07:14:05.881621700Z'/><EventRecordID>3703</EventRecordID><Correlation/><Execution ProcessID='1036' ThreadID='1524'/><Channel>Microsoft-Windows-Sysmon/Operational</Channel><Computer>DESKTOP-P84STH6</Computer><Security UserID='S-1-5-18'/></System><EventData><Data Name='RuleName'>DLL</Data><Data Name='UtcTime'>2020-05-18 07:14:05.865</Data><Data Name='ProcessGuid'>{5d3d98af-3547-5ec2-0000-00105b5bff00}</Data><Data Name='ProcessId'>6772</Data><Data Name='Image'>C:\Windows\system32\cleanmgr.exe</Data><Data Name='TargetFilename'>C:\Users\NS\AppData\Local\Temp\95EB8453-0691-4255-BFCC-A39F9E88DE04\DmiProvider.dll</Data><Data Name='CreationUtcTime'>2020-05-18 07:14:05.865</Data></EventData></Event><Event xmlns='http://schemas.microsoft.com/win/2004/08/events/event'><System><Provider Name='Microsoft-Windows-Sysmon' Guid='{5770385f-c22a-43e0-bf4c-06f5698ffbd9}'/><EventID>11</EventID><Version>2</Version><Level>4</Level><Task>11</Task><Opcode>0</Opcode><Keywords>0x8000000000000000</Keywords><TimeCreated SystemTime='2020-05-18T07:14:05.881019000Z'/><EventRecordID>3702</EventRecordID><Correlation/><Execution ProcessID='1036' ThreadID='1524'/><Channel>Microsoft-Windows-Sysmon/Operational</Channel><Computer>DESKTOP-P84STH6</Computer><Security UserID='S-1-5-18'/></System><EventData><Data Name='RuleName'>DLL</Data><Data Name='UtcTime'>2020-05-18 07:14:05.860</Data><Data Name='ProcessGuid'>{5d3d98af-3547-5ec2-0000-00105b5bff00}</Data><Data Name='ProcessId'>6772</Data><Data Name='Image'>C:\Windows\system32\cleanmgr.exe</Data><Data Name='TargetFilename'>C:\Users\NS\AppData\Local\Temp\95EB8453-0691-4255-BFCC-A39F9E88DE04\DismProv.dll</Data><Data Name='CreationUtcTime'>2020-05-18 07:14:05.860</Data></EventData></Event><Event xmlns='http://schemas.microsoft.com/win/2004/08/events/event'><System><Provider Name='Microsoft-Windows-Sysmon' Guid='{5770385f-c22a-43e0-bf4c-06f5698ffbd9}'/><EventID>11</EventID><Version>2</Version><Level>4</Level><Task>11</Task><Opcode>0</Opcode><Keywords>0x8000000000000000</Keywords><TimeCreated SystemTime='2020-05-18T07:14:05.844349000Z'/><EventRecordID>3701</EventRecordID><Correlation/><Execution ProcessID='1036' ThreadID='1524'/><Channel>Microsoft-Windows-Sysmon/Operational</Channel><Computer>DESKTOP-P84STH6</Computer><Security UserID='S-1-5-18'/></System><EventData><Data Name='RuleName'>EXE</Data><Data Name='UtcTime'>2020-05-18 07:14:05.841</Data><Data Name='ProcessGuid'>{5d3d98af-3547-5ec2-0000-00105b5bff00}</Data><Data Name='ProcessId'>6772</Data><Data Name='Image'>C:\Windows\system32\cleanmgr.exe</Data><Data Name='TargetFilename'>C:\Users\NS\AppData\Local\Temp\95EB8453-0691-4255-BFCC-A39F9E88DE04\DismHost.exe</Data><Data Name='CreationUtcTime'>2020-05-18 07:14:05.841</Data></EventData></Event><Event xmlns='http://schemas.microsoft.com/win/2004/08/events/event'><System><Provider Name='Microsoft-Windows-Sysmon' Guid='{5770385f-c22a-43e0-bf4c-06f5698ffbd9}'/><EventID>11</EventID><Version>2</Version><Level>4</Level><Task>11</Task><Opcode>0</Opcode><Keywords>0x8000000000000000</Keywords><TimeCreated SystemTime='2020-05-18T07:14:05.767846400Z'/><EventRecordID>3700</EventRecordID><Correlation/><Execution ProcessID='1036' ThreadID='1524'/><Channel>Microsoft-Windows-Sysmon/Operational</Channel><Computer>DESKTOP-P84STH6</Computer><Security UserID='S-1-5-18'/></System><EventData><Data Name='RuleName'>DLL</Data><Data Name='UtcTime'>2020-05-18 07:14:05.766</Data><Data Name='ProcessGuid'>{5d3d98af-3547-5ec2-0000-00105b5bff00}</Data><Data Name='ProcessId'>6772</Data><Data Name='Image'>C:\Windows\system32\cleanmgr.exe</Data><Data Name='TargetFilename'>C:\Users\NS\AppData\Local\Temp\95EB8453-0691-4255-BFCC-A39F9E88DE04\DismCorePS.dll</Data><Data Name='CreationUtcTime'>2020-05-18 07:14:05.766</Data></EventData></Event><Event xmlns='http://schemas.microsoft.com/win/2004/08/events/event'><System><Provider Name='Microsoft-Windows-Sysmon' Guid='{5770385f-c22a-43e0-bf4c-06f5698ffbd9}'/><EventID>11</EventID><Version>2</Version><Level>4</Level><Task>11</Task><Opcode>0</Opcode><Keywords>0x8000000000000000</Keywords><TimeCreated SystemTime='2020-05-18T07:14:05.700264900Z'/><EventRecordID>3699</EventRecordID><Correlation/><Execution ProcessID='1036' ThreadID='1524'/><Channel>Microsoft-Windows-Sysmon/Operational</Channel><Computer>DESKTOP-P84STH6</Computer><Security UserID='S-1-5-18'/></System><EventData><Data Name='RuleName'>DLL</Data><Data Name='UtcTime'>2020-05-18 07:14:05.698</Data><Data Name='ProcessGuid'>{5d3d98af-3547-5ec2-0000-00105b5bff00}</Data><Data Name='ProcessId'>6772</Data><Data Name='Image'>C:\Windows\system32\cleanmgr.exe</Data><Data Name='TargetFilename'>C:\Users\NS\AppData\Local\Temp\95EB8453-0691-4255-BFCC-A39F9E88DE04\DismCore.dll</Data><Data Name='CreationUtcTime'>2020-05-18 07:14:05.698</Data></EventData></Event><Event xmlns='http://schemas.microsoft.com/win/2004/08/events/event'><System><Provider Name='Microsoft-Windows-Sysmon' Guid='{5770385f-c22a-43e0-bf4c-06f5698ffbd9}'/><EventID>1</EventID><Version>5</Version><Level>4</Level><Task>1</Task><Opcode>0</Opcode><Keywords>0x8000000000000000</Keywords><TimeCreated SystemTime='2020-05-18T07:14:03.344376200Z'/><EventRecordID>3698</EventRecordID><Correlation/><Execution ProcessID='1036' ThreadID='1524'/><Channel>Microsoft-Windows-Sysmon/Operational</Channel><Computer>DESKTOP-P84STH6</Computer><Security UserID='S-1-5-18'/></System><EventData><Data Name='RuleName'></Data><Data Name='UtcTime'>2020-05-18 07:14:03.331</Data><Data Name='ProcessGuid'>{5d3d98af-35bb-5ec2-0000-0010788f0101}</Data><Data Name='ProcessId'>6312</Data><Data Name='Image'>C:\Windows\System32\mcbuilder.exe</Data><Data Name='FileVersion'>10.0.18362.387 (WinBuild.160101.0800)</Data><Data Name='Description'>Resource cache builder tool</Data><Data Name='Product'>Microsoft® Windows® Operating System</Data><Data Name='Company'>Microsoft Corporation</Data><Data Name='OriginalFileName'>mcbuilder.exe</Data><Data Name='CommandLine'>C:\Windows\system32\mcbuilder.exe -s</Data><Data Name='CurrentDirectory'>C:\Windows\system32\</Data><Data Name='User'>NT AUTHORITY\SYSTEM</Data><Data Name='LogonGuid'>{5d3d98af-2299-5ec2-0000-0020e7030000}</Data><Data Name='LogonId'>0x3e7</Data><Data Name='TerminalSessionId'>0</Data><Data Name='IntegrityLevel'>System</Data><Data Name='Hashes'>MD5=D76EFAA44D4B4CB0306E3D3141960F4F,SHA256=F98C4339DA9C0D4BA628FCB9EC02D9407FDA4CB22F8C1F0EC2B9A33BDEE6BA4B,IMPHASH=91CCEB10DE1061E3BF15D1523E5FB7F9</Data><Data Name='ParentProcessGuid'>{5d3d98af-3546-5ec2-0000-00100035ff00}</Data><Data Name='ParentProcessId'>948</Data><Data Name='ParentImage'>C:\Windows\System32\lpremove.exe</Data><Data Name='ParentCommandLine'>C:\Windows\system32\lpremove.exe</Data></EventData></Event><Event xmlns='http://schemas.microsoft.com/win/2004/08/events/event'><System><Provider Name='Microsoft-Windows-Sysmon' Guid='{5770385f-c22a-43e0-bf4c-06f5698ffbd9}'/><EventID>11</EventID><Version>2</Version><Level>4</Level><Task>11</Task><Opcode>0</Opcode><Keywords>0x8000000000000000</Keywords><TimeCreated SystemTime='2020-05-18T07:14:00.959248100Z'/><EventRecordID>3697</EventRecordID><Correlation/><Execution ProcessID='1036' ThreadID='1524'/><Channel>Microsoft-Windows-Sysmon/Operational</Channel><Computer>DESKTOP-P84STH6</Computer><Security UserID='S-1-5-18'/></System><EventData><Data Name='RuleName'>ProcessHostingdotNETCode</Data><Data Name='UtcTime'>2020-05-18 07:14:00.947</Data><Data Name='ProcessGuid'>{5d3d98af-3546-5ec2-0000-00109d49ff00}</Data><Data Name='ProcessId'>3632</Data><Data Name='Image'>C:\Windows\system32\tzsync.exe</Data><Data Name='TargetFilename'>C:\Windows\System32\config\systemprofile\AppData\Local\Microsoft\CLR_v4.0\UsageLogs\tzsync.exe.log</Data><Data Name='CreationUtcTime'>2020-05-18 07:14:00.947</Data></EventData></Event><Event xmlns='http://schemas.microsoft.com/win/2004/08/events/event'><System><Provider Name='Microsoft-Windows-Sysmon' Guid='{5770385f-c22a-43e0-bf4c-06f5698ffbd9}'/><EventID>11</EventID><Version>2</Version><Level>4</Level><Task>11</Task><Opcode>0</Opcode><Keywords>0x8000000000000000</Keywords><TimeCreated SystemTime='2020-05-18T07:14:00.653721800Z'/><EventRecordID>3696</EventRecordID><Correlation/><Execution ProcessID='1036' ThreadID='1524'/><Channel>Microsoft-Windows-Sysmon/Operational</Channel><Computer>DESKTOP-P84STH6</Computer><Security UserID='S-1-5-18'/></System><EventData><Data Name='RuleName'>DLL</Data><Data Name='UtcTime'>2020-05-18 07:14:00.652</Data><Data Name='ProcessGuid'>{5d3d98af-3547-5ec2-0000-00105b5bff00}</Data><Data Name='ProcessId'>6772</Data><Data Name='Image'>C:\Windows\system32\cleanmgr.exe</Data><Data Name='TargetFilename'>C:\Users\NS\AppData\Local\Temp\95EB8453-0691-4255-BFCC-A39F9E88DE04\CbsProvider.dll</Data><Data Name='CreationUtcTime'>2020-05-18 07:14:00.638</Data></EventData></Event><Event xmlns='http://schemas.microsoft.com/win/2004/08/events/event'><System><Provider Name='Microsoft-Windows-Sysmon' Guid='{5770385f-c22a-43e0-bf4c-06f5698ffbd9}'/><EventID>11</EventID><Version>2</Version><Level>4</Level><Task>11</Task><Opcode>0</Opcode><Keywords>0x8000000000000000</Keywords><TimeCreated SystemTime='2020-05-18T07:14:00.634907800Z'/><EventRecordID>3695</EventRecordID><Correlation/><Execution ProcessID='1036' ThreadID='1524'/><Channel>Microsoft-Windows-Sysmon/Operational</Channel><Computer>DESKTOP-P84STH6</Computer><Security UserID='S-1-5-18'/></System><EventData><Data Name='RuleName'>DLL</Data><Data Name='UtcTime'>2020-05-18 07:14:00.633</Data><Data Name='ProcessGuid'>{5d3d98af-3547-5ec2-0000-00105b5bff00}</Data><Data Name='ProcessId'>6772</Data><Data Name='Image'>C:\Windows\system32\cleanmgr.exe</Data><Data Name='TargetFilename'>C:\Users\NS\AppData\Local\Temp\95EB8453-0691-4255-BFCC-A39F9E88DE04\AssocProvider.dll</Data><Data Name='CreationUtcTime'>2020-05-18 07:14:00.633</Data></EventData></Event><Event xmlns='http://schemas.microsoft.com/win/2004/08/events/event'><System><Provider Name='Microsoft-Windows-Sysmon' Guid='{5770385f-c22a-43e0-bf4c-06f5698ffbd9}'/><EventID>11</EventID><Version>2</Version><Level>4</Level><Task>11</Task><Opcode>0</Opcode><Keywords>0x8000000000000000</Keywords><TimeCreated SystemTime='2020-05-18T07:14:00.524730500Z'/><EventRecordID>3694</EventRecordID><Correlation/><Execution ProcessID='1036' ThreadID='1524'/><Channel>Microsoft-Windows-Sysmon/Operational</Channel><Computer>DESKTOP-P84STH6</Computer><Security UserID='S-1-5-18'/></System><EventData><Data Name='RuleName'>DLL</Data><Data Name='UtcTime'>2020-05-18 07:14:00.522</Data><Data Name='ProcessGuid'>{5d3d98af-3547-5ec2-0000-00105b5bff00}</Data><Data Name='ProcessId'>6772</Data><Data Name='Image'>C:\Windows\system32\cleanmgr.exe</Data><Data Name='TargetFilename'>C:\Users\NS\AppData\Local\Temp\95EB8453-0691-4255-BFCC-A39F9E88DE04\AppxProvider.dll</Data><Data Name='CreationUtcTime'>2020-05-18 07:14:00.522</Data></EventData></Event><Event xmlns='http://schemas.microsoft.com/win/2004/08/events/event'><System><Provider Name='Microsoft-Windows-Sysmon' Guid='{5770385f-c22a-43e0-bf4c-06f5698ffbd9}'/><EventID>1</EventID><Version>5</Version><Level>4</Level><Task>1</Task><Opcode>0</Opcode><Keywords>0x8000000000000000</Keywords><TimeCreated SystemTime='2020-05-18T07:12:55.698622200Z'/><EventRecordID>3693</EventRecordID><Correlation/><Execution ProcessID='1036' ThreadID='1524'/><Channel>Microsoft-Windows-Sysmon/Operational</Channel><Computer>DESKTOP-P84STH6</Computer><Security UserID='S-1-5-18'/></System><EventData><Data Name='RuleName'></Data><Data Name='UtcTime'>2020-05-18 07:12:55.683</Data><Data Name='ProcessGuid'>{5d3d98af-3577-5ec2-0000-0010a9760001}</Data><Data Name='ProcessId'>572</Data><Data Name='Image'>C:\Windows\System32\svchost.exe</Data><Data Name='FileVersion'>10.0.18362.1 (WinBuild.160101.0800)</Data><Data Name='Description'>Host Process for Windows Services</Data><Data Name='Product'>Microsoft® Windows® Operating System</Data><Data Name='Company'>Microsoft Corporation</Data><Data Name='OriginalFileName'>svchost.exe</Data><Data Name='CommandLine'>C:\Windows\system32\svchost.exe -k LocalService</Data><Data Name='CurrentDirectory'>C:\Windows\system32\</Data><Data Name='User'>NT AUTHORITY\LOCAL SERVICE</Data><Data Name='LogonGuid'>{5d3d98af-229a-5ec2-0000-0020e5030000}</Data><Data Name='LogonId'>0x3e5</Data><Data Name='TerminalSessionId'>0</Data><Data Name='IntegrityLevel'>System</Data><Data Name='Hashes'>MD5=9520A99E77D6196D0D09833146424113,SHA256=DD191A5B23DF92E12A8852291F9FB5ED594B76A28A5A464418442584AFD1E048,IMPHASH=247B9220E5D9B720A82B2C8B5069AD69</Data><Data Name='ParentProcessGuid'>{5d3d98af-2298-5ec2-0000-00102d550000}</Data><Data Name='ParentProcessId'>556</Data><Data Name='ParentImage'>C:\Windows\System32\services.exe</Data><Data Name='ParentCommandLine'>C:\Windows\system32\services.exe</Data></EventData></Event><Event xmlns='http://schemas.microsoft.com/win/2004/08/events/event'><System><Provider Name='Microsoft-Windows-Sysmon' Guid='{5770385f-c22a-43e0-bf4c-06f5698ffbd9}'/><EventID>11</EventID><Version>2</Version><Level>4</Level><Task>11</Task><Opcode>0</Opcode><Keywords>0x8000000000000000</Keywords><TimeCreated SystemTime='2020-05-18T07:12:42.535646800Z'/><EventRecordID>3692</EventRecordID><Correlation/><Execution ProcessID='1036' ThreadID='1524'/><Channel>Microsoft-Windows-Sysmon/Operational</Channel><Computer>DESKTOP-P84STH6</Computer><Security UserID='S-1-5-18'/></System><EventData><Data Name='RuleName'>ProcessHostingdotNETCode</Data><Data Name='UtcTime'>2020-05-18 07:12:42.534</Data><Data Name='ProcessGuid'>{5d3d98af-3551-5ec2-0000-001091a8ff00}</Data><Data Name='ProcessId'>6156</Data><Data Name='Image'>C:\Windows\System32\sdiagnhost.exe</Data><Data Name='TargetFilename'>C:\Users\NS\AppData\Local\Microsoft\CLR_v4.0\UsageLogs\sdiagnhost.exe.log</Data><Data Name='CreationUtcTime'>2020-05-18 07:12:42.532</Data></EventData></Event><Event xmlns='http://schemas.microsoft.com/win/2004/08/events/event'><System><Provider Name='Microsoft-Windows-Sysmon' Guid='{5770385f-c22a-43e0-bf4c-06f5698ffbd9}'/><EventID>1</EventID><Version>5</Version><Level>4</Level><Task>1</Task><Opcode>0</Opcode><Keywords>0x8000000000000000</Keywords><TimeCreated SystemTime='2020-05-18T07:12:25.991027100Z'/><EventRecordID>3691</EventRecordID><Correlation/><Execution ProcessID='1036' ThreadID='1524'/><Channel>Microsoft-Windows-Sysmon/Operational</Channel><Computer>DESKTOP-P84STH6</Computer><Security UserID='S-1-5-18'/></System><EventData><Data Name='RuleName'></Data><Data Name='UtcTime'>2020-05-18 07:12:25.984</Data><Data Name='ProcessGuid'>{5d3d98af-3559-5ec2-0000-0010eefbff00}</Data><Data Name='ProcessId'>6784</Data><Data Name='Image'>C:\Windows\System32\Defrag.exe</Data><Data Name='FileVersion'>10.0.18362.1 (WinBuild.160101.0800)</Data><Data Name='Description'>Disk Defragmenter Module</Data><Data Name='Product'>Windows Drive Optimizer</Data><Data Name='Company'>Microsoft Corp.</Data><Data Name='OriginalFileName'>Defrag.EXE</Data><Data Name='CommandLine'>"C:\Windows\system32\defrag.exe" -p 3ac -s 00000000000006C4 -b C:</Data><Data Name='CurrentDirectory'>C:\Windows\system32\</Data><Data Name='User'>NT AUTHORITY\SYSTEM</Data><Data Name='LogonGuid'>{5d3d98af-2299-5ec2-0000-0020e7030000}</Data><Data Name='LogonId'>0x3e7</Data><Data Name='TerminalSessionId'>0</Data><Data Name='IntegrityLevel'>System</Data><Data Name='Hashes'>MD5=1EF37E629AB62F327728713D9E964FD5,SHA256=E3682C4487424B3484C57C66D4450B0FC6EF33B12F333487BD52FCFF810EEE24,IMPHASH=C451FEB9457D50EB689BA55A85F91B2C</Data><Data Name='ParentProcessGuid'>{5d3d98af-229a-5ec2-0000-0010fac00000}</Data><Data Name='ParentProcessId'>940</Data><Data Name='ParentImage'>C:\Windows\System32\svchost.exe</Data><Data Name='ParentCommandLine'>C:\Windows\System32\svchost.exe -k LocalSystemNetworkRestricted -p</Data></EventData></Event><Event xmlns='http://schemas.microsoft.com/win/2004/08/events/event'><System><Provider Name='Microsoft-Windows-Sysmon' Guid='{5770385f-c22a-43e0-bf4c-06f5698ffbd9}'/><EventID>11</EventID><Version>2</Version><Level>4</Level><Task>11</Task><Opcode>0</Opcode><Keywords>0x8000000000000000</Keywords><TimeCreated SystemTime='2020-05-18T07:12:19.905015400Z'/><EventRecordID>3690</EventRecordID><Correlation/><Execution ProcessID='1036' ThreadID='1524'/><Channel>Microsoft-Windows-Sysmon/Operational</Channel><Computer>DESKTOP-P84STH6</Computer><Security UserID='S-1-5-18'/></System><EventData><Data Name='RuleName'></Data><Data Name='UtcTime'>2020-05-18 07:12:19.880</Data><Data Name='ProcessGuid'>{5d3d98af-3551-5ec2-0000-001091a8ff00}</Data><Data Name='ProcessId'>6156</Data><Data Name='Image'>C:\Windows\System32\sdiagnhost.exe</Data><Data Name='TargetFilename'>C:\Users\NS\AppData\Local\Temp\__PSScriptPolicyTest_jw5apztv.rc2.ps1</Data><Data Name='CreationUtcTime'>2020-05-18 07:12:19.880</Data></EventData></Event><Event xmlns='http://schemas.microsoft.com/win/2004/08/events/event'><System><Provider Name='Microsoft-Windows-Sysmon' Guid='{5770385f-c22a-43e0-bf4c-06f5698ffbd9}'/><EventID>1</EventID><Version>5</Version><Level>4</Level><Task>1</Task><Opcode>0</Opcode><Keywords>0x8000000000000000</Keywords><TimeCreated SystemTime='2020-05-18T07:12:17.952473000Z'/><EventRecordID>3689</EventRecordID><Correlation/><Execution ProcessID='1036' ThreadID='1524'/><Channel>Microsoft-Windows-Sysmon/Operational</Channel><Computer>DESKTOP-P84STH6</Computer><Security UserID='S-1-5-18'/></System><EventData><Data Name='RuleName'></Data><Data Name='UtcTime'>2020-05-18 07:12:17.891</Data><Data Name='ProcessGuid'>{5d3d98af-3551-5ec2-0000-001091a8ff00}</Data><Data Name='ProcessId'>6156</Data><Data Name='Image'>C:\Windows\System32\sdiagnhost.exe</Data><Data Name='FileVersion'>10.0.18362.1 (WinBuild.160101.0800)</Data><Data Name='Description'>Scripted Diagnostics Native Host</Data><Data Name='Product'>Microsoft® Windows® Operating System</Data><Data Name='Company'>Microsoft Corporation</Data><Data Name='OriginalFileName'>sdiagnhost.exe</Data><Data Name='CommandLine'>C:\Windows\System32\sdiagnhost.exe -Embedding</Data><Data Name='CurrentDirectory'>C:\Windows\system32\</Data><Data Name='User'>DESKTOP-P84STH6\NS</Data><Data Name='LogonGuid'>{5d3d98af-22a5-5ec2-0000-00202e0f0300}</Data><Data Name='LogonId'>0x30f2e</Data><Data Name='TerminalSessionId'>1</Data><Data Name='IntegrityLevel'>High</Data><Data Name='Hashes'>MD5=6458634E67F8AE415A0A871953C04F06,SHA256=DE77562E0BDD86A685D0C930122481F69E6A9EF9F2CB023BCA0DCFEC05D245E5,IMPHASH=88C840A970A1633DCA61E1CD2D926E21</Data><Data Name='ParentProcessGuid'>{5d3d98af-2299-5ec2-0000-0010ce6b0000}</Data><Data Name='ParentProcessId'>688</Data><Data Name='ParentImage'>C:\Windows\System32\svchost.exe</Data><Data Name='ParentCommandLine'>C:\Windows\system32\svchost.exe -k DcomLaunch -p</Data></EventData></Event><Event xmlns='http://schemas.microsoft.com/win/2004/08/events/event'><System><Provider Name='Microsoft-Windows-Sysmon' Guid='{5770385f-c22a-43e0-bf4c-06f5698ffbd9}'/><EventID>11</EventID><Version>2</Version><Level>4</Level><Task>11</Task><Opcode>0</Opcode><Keywords>0x8000000000000000</Keywords><TimeCreated SystemTime='2020-05-18T07:12:14.421370700Z'/><EventRecordID>3688</EventRecordID><Correlation/><Execution ProcessID='1036' ThreadID='1524'/><Channel>Microsoft-Windows-Sysmon/Operational</Channel><Computer>DESKTOP-P84STH6</Computer><Security UserID='S-1-5-18'/></System><EventData><Data Name='RuleName'></Data><Data Name='UtcTime'>2020-05-18 07:12:14.351</Data><Data Name='ProcessGuid'>{5d3d98af-2624-5ec2-0000-00109d775300}</Data><Data Name='ProcessId'>5204</Data><Data Name='Image'>C:\Windows\system32\taskhostw.exe</Data><Data Name='TargetFilename'>C:\Windows\Temp\SDIAG_87542770-4b14-4482-9e85-e09929b2eb24\TS_WERQueue.ps1</Data><Data Name='CreationUtcTime'>2020-05-18 07:12:14.351</Data></EventData></Event><Event xmlns='http://schemas.microsoft.com/win/2004/08/events/event'><System><Provider Name='Microsoft-Windows-Sysmon' Guid='{5770385f-c22a-43e0-bf4c-06f5698ffbd9}'/><EventID>11</EventID><Version>2</Version><Level>4</Level><Task>11</Task><Opcode>0</Opcode><Keywords>0x8000000000000000</Keywords><TimeCreated SystemTime='2020-05-18T07:12:14.193193700Z'/><EventRecordID>3687</EventRecordID><Correlation/><Execution ProcessID='1036' ThreadID='1524'/><Channel>Microsoft-Windows-Sysmon/Operational</Channel><Computer>DESKTOP-P84STH6</Computer><Security UserID='S-1-5-18'/></System><EventData><Data Name='RuleName'></Data><Data Name='UtcTime'>2020-05-18 07:12:14.148</Data><Data Name='ProcessGuid'>{5d3d98af-2624-5ec2-0000-00109d775300}</Data><Data Name='ProcessId'>5204</Data><Data Name='Image'>C:\Windows\system32\taskhostw.exe</Data><Data Name='TargetFilename'>C:\Windows\Temp\SDIAG_87542770-4b14-4482-9e85-e09929b2eb24\TS_InaccurateSystemTime.ps1</Data><Data Name='CreationUtcTime'>2020-05-18 07:12:14.148</Data></EventData></Event><Event xmlns='http://schemas.microsoft.com/win/2004/08/events/event'><System><Provider Name='Microsoft-Windows-Sysmon' Guid='{5770385f-c22a-43e0-bf4c-06f5698ffbd9}'/><EventID>11</EventID><Version>2</Version><Level>4</Level><Task>11</Task><Opcode>0</Opcode><Keywords>0x8000000000000000</Keywords><TimeCreated SystemTime='2020-05-18T07:12:13.768460600Z'/><EventRecordID>3686</EventRecordID><Correlation/><Execution ProcessID='1036' ThreadID='1524'/><Channel>Microsoft-Windows-Sysmon/Operational</Channel><Computer>DESKTOP-P84STH6</Computer><Security UserID='S-1-5-18'/></System><EventData><Data Name='RuleName'></Data><Data Name='UtcTime'>2020-05-18 07:12:13.709</Data><Data Name='ProcessGuid'>{5d3d98af-2624-5ec2-0000-00109d775300}</Data><Data Name='ProcessId'>5204</Data><Data Name='Image'>C:\Windows\system32\taskhostw.exe</Data><Data Name='TargetFilename'>C:\Windows\Temp\SDIAG_87542770-4b14-4482-9e85-e09929b2eb24\TS_DiagnosticHistory.ps1</Data><Data Name='CreationUtcTime'>2020-05-18 07:12:13.709</Data></EventData></Event><Event xmlns='http://schemas.microsoft.com/win/2004/08/events/event'><System><Provider Name='Microsoft-Windows-Sysmon' Guid='{5770385f-c22a-43e0-bf4c-06f5698ffbd9}'/><EventID>11</EventID><Version>2</Version><Level>4</Level><Task>11</Task><Opcode>0</Opcode><Keywords>0x8000000000000000</Keywords><TimeCreated SystemTime='2020-05-18T07:12:13.577393600Z'/><EventRecordID>3685</EventRecordID><Correlation/><Execution ProcessID='1036' ThreadID='1524'/><Channel>Microsoft-Windows-Sysmon/Operational</Channel><Computer>DESKTOP-P84STH6</Computer><Security UserID='S-1-5-18'/></System><EventData><Data Name='RuleName'></Data><Data Name='UtcTime'>2020-05-18 07:12:13.524</Data><Data Name='ProcessGuid'>{5d3d98af-2624-5ec2-0000-00109d775300}</Data><Data Name='ProcessId'>5204</Data><Data Name='Image'>C:\Windows\system32\taskhostw.exe</Data><Data Name='TargetFilename'>C:\Windows\Temp\SDIAG_87542770-4b14-4482-9e85-e09929b2eb24\RS_UserWERQueue.ps1</Data><Data Name='CreationUtcTime'>2020-05-18 07:12:13.524</Data></EventData></Event><Event xmlns='http://schemas.microsoft.com/win/2004/08/events/event'><System><Provider Name='Microsoft-Windows-Sysmon' Guid='{5770385f-c22a-43e0-bf4c-06f5698ffbd9}'/><EventID>11</EventID><Version>2</Version><Level>4</Level><Task>11</Task><Opcode>0</Opcode><Keywords>0x8000000000000000</Keywords><TimeCreated SystemTime='2020-05-18T07:12:13.278743600Z'/><EventRecordID>3684</EventRecordID><Correlation/><Execution ProcessID='1036' ThreadID='1524'/><Channel>Microsoft-Windows-Sysmon/Operational</Channel><Computer>DESKTOP-P84STH6</Computer><Security UserID='S-1-5-18'/></System><EventData><Data Name='RuleName'></Data><Data Name='UtcTime'>2020-05-18 07:12:13.228</Data><Data Name='ProcessGuid'>{5d3d98af-2624-5ec2-0000-00109d775300}</Data><Data Name='ProcessId'>5204</Data><Data Name='Image'>C:\Windows\system32\taskhostw.exe</Data><Data Name='TargetFilename'>C:\Windows\Temp\SDIAG_87542770-4b14-4482-9e85-e09929b2eb24\RS_UserDiagnosticHistory.ps1</Data><Data Name='CreationUtcTime'>2020-05-18 07:12:13.228</Data></EventData></Event><Event xmlns='http://schemas.microsoft.com/win/2004/08/events/event'><System><Provider Name='Microsoft-Windows-Sysmon' Guid='{5770385f-c22a-43e0-bf4c-06f5698ffbd9}'/><EventID>11</EventID><Version>2</Version><Level>4</Level><Task>11</Task><Opcode>0</Opcode><Keywords>0x8000000000000000</Keywords><TimeCreated SystemTime='2020-05-18T07:12:13.118473800Z'/><EventRecordID>3683</EventRecordID><Correlation/><Execution ProcessID='1036' ThreadID='1524'/><Channel>Microsoft-Windows-Sysmon/Operational</Channel><Computer>DESKTOP-P84STH6</Computer><Security UserID='S-1-5-18'/></System><EventData><Data Name='RuleName'></Data><Data Name='UtcTime'>2020-05-18 07:12:13.072</Data><Data Name='ProcessGuid'>{5d3d98af-2624-5ec2-0000-00109d775300}</Data><Data Name='ProcessId'>5204</Data><Data Name='Image'>C:\Windows\system32\taskhostw.exe</Data><Data Name='TargetFilename'>C:\Windows\Temp\SDIAG_87542770-4b14-4482-9e85-e09929b2eb24\RS_SyncSystemTime.ps1</Data><Data Name='CreationUtcTime'>2020-05-18 07:12:13.072</Data></EventData></Event><Event xmlns='http://schemas.microsoft.com/win/2004/08/events/event'><System><Provider Name='Microsoft-Windows-Sysmon' Guid='{5770385f-c22a-43e0-bf4c-06f5698ffbd9}'/><EventID>11</EventID><Version>2</Version><Level>4</Level><Task>11</Task><Opcode>0</Opcode><Keywords>0x8000000000000000</Keywords><TimeCreated SystemTime='2020-05-18T07:12:12.961402800Z'/><EventRecordID>3682</EventRecordID><Correlation/><Execution ProcessID='1036' ThreadID='1524'/><Channel>Microsoft-Windows-Sysmon/Operational</Channel><Computer>DESKTOP-P84STH6</Computer><Security UserID='S-1-5-18'/></System><EventData><Data Name='RuleName'></Data><Data Name='UtcTime'>2020-05-18 07:12:12.890</Data><Data Name='ProcessGuid'>{5d3d98af-2624-5ec2-0000-00109d775300}</Data><Data Name='ProcessId'>5204</Data><Data Name='Image'>C:\Windows\system32\taskhostw.exe</Data><Data Name='TargetFilename'>C:\Windows\Temp\SDIAG_87542770-4b14-4482-9e85-e09929b2eb24\RS_MachineWERQueue.ps1</Data><Data Name='CreationUtcTime'>2020-05-18 07:12:12.890</Data></EventData></Event><Event xmlns='http://schemas.microsoft.com/win/2004/08/events/event'><System><Provider Name='Microsoft-Windows-Sysmon' Guid='{5770385f-c22a-43e0-bf4c-06f5698ffbd9}'/><EventID>11</EventID><Version>2</Version><Level>4</Level><Task>11</Task><Opcode>0</Opcode><Keywords>0x8000000000000000</Keywords><TimeCreated SystemTime='2020-05-18T07:12:12.743821900Z'/><EventRecordID>3681</EventRecordID><Correlation/><Execution ProcessID='1036' ThreadID='1524'/><Channel>Microsoft-Windows-Sysmon/Operational</Channel><Computer>DESKTOP-P84STH6</Computer><Security UserID='S-1-5-18'/></System><EventData><Data Name='RuleName'></Data><Data Name='UtcTime'>2020-05-18 07:12:12.742</Data><Data Name='ProcessGuid'>{5d3d98af-2624-5ec2-0000-00109d775300}</Data><Data Name='ProcessId'>5204</Data><Data Name='Image'>C:\Windows\system32\taskhostw.exe</Data><Data Name='TargetFilename'>C:\Windows\Temp\SDIAG_87542770-4b14-4482-9e85-e09929b2eb24\RS_AdminDiagnosticHistory.ps1</Data><Data Name='CreationUtcTime'>2020-05-18 07:12:12.742</Data></EventData></Event><Event xmlns='http://schemas.microsoft.com/win/2004/08/events/event'><System><Provider Name='Microsoft-Windows-Sysmon' Guid='{5770385f-c22a-43e0-bf4c-06f5698ffbd9}'/><EventID>11</EventID><Version>2</Version><Level>4</Level><Task>11</Task><Opcode>0</Opcode><Keywords>0x8000000000000000</Keywords><TimeCreated SystemTime='2020-05-18T07:12:12.679454300Z'/><EventRecordID>3680</EventRecordID><Correlation/><Execution ProcessID='1036' ThreadID='1524'/><Channel>Microsoft-Windows-Sysmon/Operational</Channel><Computer>DESKTOP-P84STH6</Computer><Security UserID='S-1-5-18'/></System><EventData><Data Name='RuleName'>DLL</Data><Data Name='UtcTime'>2020-05-18 07:12:12.677</Data><Data Name='ProcessGuid'>{5d3d98af-2624-5ec2-0000-00109d775300}</Data><Data Name='ProcessId'>5204</Data><Data Name='Image'>C:\Windows\system32\taskhostw.exe</Data><Data Name='TargetFilename'>C:\Windows\Temp\SDIAG_87542770-4b14-4482-9e85-e09929b2eb24\DiagPackage.dll</Data><Data Name='CreationUtcTime'>2020-05-18 07:12:12.576</Data></EventData></Event><Event xmlns='http://schemas.microsoft.com/win/2004/08/events/event'><System><Provider Name='Microsoft-Windows-Sysmon' Guid='{5770385f-c22a-43e0-bf4c-06f5698ffbd9}'/><EventID>11</EventID><Version>2</Version><Level>4</Level><Task>11</Task><Opcode>0</Opcode><Keywords>0x8000000000000000</Keywords><TimeCreated SystemTime='2020-05-18T07:12:08.547365400Z'/><EventRecordID>3679</EventRecordID><Correlation/><Execution ProcessID='1036' ThreadID='1524'/><Channel>Microsoft-Windows-Sysmon/Operational</Channel><Computer>DESKTOP-P84STH6</Computer><Security UserID='S-1-5-18'/></System><EventData><Data Name='RuleName'></Data><Data Name='UtcTime'>2020-05-18 07:12:08.534</Data><Data Name='ProcessGuid'>{5d3d98af-2624-5ec2-0000-00109d775300}</Data><Data Name='ProcessId'>5204</Data><Data Name='Image'>C:\Windows\system32\taskhostw.exe</Data><Data Name='TargetFilename'>C:\Windows\Temp\SDIAG_87542770-4b14-4482-9e85-e09929b2eb24\CL_Utility.ps1</Data><Data Name='CreationUtcTime'>2020-05-18 07:12:08.533</Data></EventData></Event><Event xmlns='http://schemas.microsoft.com/win/2004/08/events/event'><System><Provider Name='Microsoft-Windows-Sysmon' Guid='{5770385f-c22a-43e0-bf4c-06f5698ffbd9}'/><EventID>1</EventID><Version>5</Version><Level>4</Level><Task>1</Task><Opcode>0</Opcode><Keywords>0x8000000000000000</Keywords><TimeCreated SystemTime='2020-05-18T07:12:07.400579400Z'/><EventRecordID>3678</EventRecordID><Correlation/><Execution ProcessID='1036' ThreadID='1524'/><Channel>Microsoft-Windows-Sysmon/Operational</Channel><Computer>DESKTOP-P84STH6</Computer><Security UserID='S-1-5-18'/></System><EventData><Data Name='RuleName'></Data><Data Name='UtcTime'>2020-05-18 07:12:07.105</Data><Data Name='ProcessGuid'>{5d3d98af-3547-5ec2-0000-00105b5bff00}</Data><Data Name='ProcessId'>6772</Data><Data Name='Image'>C:\Windows\System32\cleanmgr.exe</Data><Data Name='FileVersion'>10.0.18362.1 (WinBuild.160101.0800)</Data><Data Name='Description'>Disk Space Cleanup Manager for Windows</Data><Data Name='Product'>Microsoft® Windows® Operating System</Data><Data Name='Company'>Microsoft Corporation</Data><Data Name='OriginalFileName'>CLEANMGR.DLL</Data><Data Name='CommandLine'>C:\Windows\system32\cleanmgr.exe /autoclean /d C:</Data><Data Name='CurrentDirectory'>C:\Windows\system32\</Data><Data Name='User'>DESKTOP-P84STH6\NS</Data><Data Name='LogonGuid'>{5d3d98af-22a5-5ec2-0000-00202e0f0300}</Data><Data Name='LogonId'>0x30f2e</Data><Data Name='TerminalSessionId'>1</Data><Data Name='IntegrityLevel'>High</Data><Data Name='Hashes'>MD5=1920470998932423575D36C07F8BC97E,SHA256=B8555DF84BE369161FD26A72C416E981DE1259C319C9BD08E576F24DD43C8684,IMPHASH=01C3E0BDF36CDCCD09EE9D71D7D7A4F1</Data><Data Name='ParentProcessGuid'>{5d3d98af-229a-5ec2-0000-001051ce0000}</Data><Data Name='ParentProcessId'>264</Data><Data Name='ParentImage'>C:\Windows\System32\svchost.exe</Data><Data Name='ParentCommandLine'>C:\Windows\system32\svchost.exe -k netsvcs -p</Data></EventData></Event><Event xmlns='http://schemas.microsoft.com/win/2004/08/events/event'><System><Provider Name='Microsoft-Windows-Sysmon' Guid='{5770385f-c22a-43e0-bf4c-06f5698ffbd9}'/><EventID>1</EventID><Version>5</Version><Level>4</Level><Task>1</Task><Opcode>0</Opcode><Keywords>0x8000000000000000</Keywords><TimeCreated SystemTime='2020-05-18T07:12:06.979346800Z'/><EventRecordID>3677</EventRecordID><Correlation/><Execution ProcessID='1036' ThreadID='1524'/><Channel>Microsoft-Windows-Sysmon/Operational</Channel><Computer>DESKTOP-P84STH6</Computer><Security UserID='S-1-5-18'/></System><EventData><Data Name='RuleName'></Data><Data Name='UtcTime'>2020-05-18 07:12:06.955</Data><Data Name='ProcessGuid'>{5d3d98af-3546-5ec2-0000-0010c752ff00}</Data><Data Name='ProcessId'>4296</Data><Data Name='Image'>C:\Windows\System32\dmclient.exe</Data><Data Name='FileVersion'>10.0.18362.1 (WinBuild.160101.0800)</Data><Data Name='Description'>Microsoft Feedback SIUF Deployment Manager Client</Data><Data Name='Product'>Microsoft® Windows® Operating System</Data><Data Name='Company'>Microsoft Corporation</Data><Data Name='OriginalFileName'>dmclient.exe</Data><Data Name='CommandLine'>C:\Windows\system32\dmclient.exe</Data><Data Name='CurrentDirectory'>C:\Windows\system32\</Data><Data Name='User'>NT AUTHORITY\SYSTEM</Data><Data Name='LogonGuid'>{5d3d98af-2299-5ec2-0000-0020e7030000}</Data><Data Name='LogonId'>0x3e7</Data><Data Name='TerminalSessionId'>0</Data><Data Name='IntegrityLevel'>System</Data><Data Name='Hashes'>MD5=F75A111BDD09F49FD954AD0C148A123B,SHA256=D9F4EC9052D0C8B799660E7D74B41BA18366016AC361F7A85FE0FBB03637CB47,IMPHASH=8C17DBD4EE43E74FB5E09C8EC8F5271F</Data><Data Name='ParentProcessGuid'>{5d3d98af-229a-5ec2-0000-001051ce0000}</Data><Data Name='ParentProcessId'>264</Data><Data Name='ParentImage'>C:\Windows\System32\svchost.exe</Data><Data Name='ParentCommandLine'>C:\Windows\system32\svchost.exe -k netsvcs -p</Data></EventData></Event><Event xmlns='http://schemas.microsoft.com/win/2004/08/events/event'><System><Provider Name='Microsoft-Windows-Sysmon' Guid='{5770385f-c22a-43e0-bf4c-06f5698ffbd9}'/><EventID>1</EventID><Version>5</Version><Level>4</Level><Task>1</Task><Opcode>0</Opcode><Keywords>0x8000000000000000</Keywords><TimeCreated SystemTime='2020-05-18T07:12:06.865508600Z'/><EventRecordID>3676</EventRecordID><Correlation/><Execution ProcessID='1036' ThreadID='1524'/><Channel>Microsoft-Windows-Sysmon/Operational</Channel><Computer>DESKTOP-P84STH6</Computer><Security UserID='S-1-5-18'/></System><EventData><Data Name='RuleName'></Data><Data Name='UtcTime'>2020-05-18 07:12:06.837</Data><Data Name='ProcessGuid'>{5d3d98af-3546-5ec2-0000-0010064fff00}</Data><Data Name='ProcessId'>3984</Data><Data Name='Image'>C:\Windows\System32\DiskSnapshot.exe</Data><Data Name='FileVersion'>10.0.18362.1 (WinBuild.160101.0800)</Data><Data Name='Description'>DiskSnapshot.exe</Data><Data Name='Product'>Microsoft® Windows® Operating System</Data><Data Name='Company'>Microsoft Corporation</Data><Data Name='OriginalFileName'>DiskSnapshot.exe</Data><Data Name='CommandLine'>C:\Windows\system32\disksnapshot.exe -z</Data><Data Name='CurrentDirectory'>C:\Windows\system32\</Data><Data Name='User'>NT AUTHORITY\SYSTEM</Data><Data Name='LogonGuid'>{5d3d98af-2299-5ec2-0000-0020e7030000}</Data><Data Name='LogonId'>0x3e7</Data><Data Name='TerminalSessionId'>0</Data><Data Name='IntegrityLevel'>System</Data><Data Name='Hashes'>MD5=C585DA22A4506764748DEFBA4CF8F9EC,SHA256=4A60E5EBF54BC9EDF9F78688ACBDFF19CA8C4AFFE29A836F78CA70396BE848F7,IMPHASH=15AC88C48F1BF6D043A0B93890BE4DF5</Data><Data Name='ParentProcessGuid'>{5d3d98af-229a-5ec2-0000-001051ce0000}</Data><Data Name='ParentProcessId'>264</Data><Data Name='ParentImage'>C:\Windows\System32\svchost.exe</Data><Data Name='ParentCommandLine'>C:\Windows\system32\svchost.exe -k netsvcs -p</Data></EventData></Event><Event xmlns='http://schemas.microsoft.com/win/2004/08/events/event'><System><Provider Name='Microsoft-Windows-Sysmon' Guid='{5770385f-c22a-43e0-bf4c-06f5698ffbd9}'/><EventID>1</EventID><Version>5</Version><Level>4</Level><Task>1</Task><Opcode>0</Opcode><Keywords>0x8000000000000000</Keywords><TimeCreated SystemTime='2020-05-18T07:12:06.829485200Z'/><EventRecordID>3675</EventRecordID><Correlation/><Execution ProcessID='1036' ThreadID='1524'/><Channel>Microsoft-Windows-Sysmon/Operational</Channel><Computer>DESKTOP-P84STH6</Computer><Security UserID='S-1-5-18'/></System><EventData><Data Name='RuleName'></Data><Data Name='UtcTime'>2020-05-18 07:12:06.777</Data><Data Name='ProcessGuid'>{5d3d98af-3546-5ec2-0000-0010954dff00}</Data><Data Name='ProcessId'>640</Data><Data Name='Image'>C:\Windows\System32\WinBioPlugIns\FaceFodUninstaller.exe</Data><Data Name='FileVersion'>?</Data><Data Name='Description'>?</Data><Data Name='Product'>?</Data><Data Name='Company'>?</Data><Data Name='OriginalFileName'>?</Data><Data Name='CommandLine'>C:\Windows\System32\WinBioPlugIns\FaceFodUninstaller.exe</Data><Data Name='CurrentDirectory'>C:\Windows\system32\</Data><Data Name='User'>NT AUTHORITY\SYSTEM</Data><Data Name='LogonGuid'>{5d3d98af-2299-5ec2-0000-0020e7030000}</Data><Data Name='LogonId'>0x3e7</Data><Data Name='TerminalSessionId'>0</Data><Data Name='IntegrityLevel'>System</Data><Data Name='Hashes'>MD5=70B895B331D35B77E1E1761CCC439F00,SHA256=64D3D378C351099F70B371091780FA193B1580E9B11EF4C3F7B5D8F7F4260714,IMPHASH=8E42D519F30FB82D3D8634E53809B646</Data><Data Name='ParentProcessGuid'>{5d3d98af-229a-5ec2-0000-001051ce0000}</Data><Data Name='ParentProcessId'>264</Data><Data Name='ParentImage'>C:\Windows\System32\svchost.exe</Data><Data Name='ParentCommandLine'>C:\Windows\system32\svchost.exe -k netsvcs -p</Data></EventData></Event><Event xmlns='http://schemas.microsoft.com/win/2004/08/events/event'><System><Provider Name='Microsoft-Windows-Sysmon' Guid='{5770385f-c22a-43e0-bf4c-06f5698ffbd9}'/><EventID>1</EventID><Version>5</Version><Level>4</Level><Task>1</Task><Opcode>0</Opcode><Keywords>0x8000000000000000</Keywords><TimeCreated SystemTime='2020-05-18T07:12:06.662622000Z'/><EventRecordID>3674</EventRecordID><Correlation/><Execution ProcessID='1036' ThreadID='1524'/><Channel>Microsoft-Windows-Sysmon/Operational</Channel><Computer>DESKTOP-P84STH6</Computer><Security UserID='S-1-5-18'/></System><EventData><Data Name='RuleName'></Data><Data Name='UtcTime'>2020-05-18 07:12:06.642</Data><Data Name='ProcessGuid'>{5d3d98af-3546-5ec2-0000-00109d49ff00}</Data><Data Name='ProcessId'>3632</Data><Data Name='Image'>C:\Windows\System32\tzsync.exe</Data><Data Name='FileVersion'>10.0.18362.1 (WinBuild.160101.0800)</Data><Data Name='Description'>TimeZone Sync Task</Data><Data Name='Product'>Microsoft® Windows® Operating System</Data><Data Name='Company'>Microsoft Corporation</Data><Data Name='OriginalFileName'>tzsync.exe</Data><Data Name='CommandLine'>C:\Windows\system32\tzsync.exe</Data><Data Name='CurrentDirectory'>C:\Windows\system32\</Data><Data Name='User'>NT AUTHORITY\SYSTEM</Data><Data Name='LogonGuid'>{5d3d98af-2299-5ec2-0000-0020e7030000}</Data><Data Name='LogonId'>0x3e7</Data><Data Name='TerminalSessionId'>0</Data><Data Name='IntegrityLevel'>System</Data><Data Name='Hashes'>MD5=F739247404C7C70C5B4DBCCEC91CF733,SHA256=CC2A37EEF0D031A87BAD220A6E9615E5F68B13E2311DD54560A9BF94BD0DCCCC,IMPHASH=00000000000000000000000000000000</Data><Data Name='ParentProcessGuid'>{5d3d98af-229a-5ec2-0000-001051ce0000}</Data><Data Name='ParentProcessId'>264</Data><Data Name='ParentImage'>C:\Windows\System32\svchost.exe</Data><Data Name='ParentCommandLine'>C:\Windows\system32\svchost.exe -k netsvcs -p</Data></EventData></Event><Event xmlns='http://schemas.microsoft.com/win/2004/08/events/event'><System><Provider Name='Microsoft-Windows-Sysmon' Guid='{5770385f-c22a-43e0-bf4c-06f5698ffbd9}'/><EventID>1</EventID><Version>5</Version><Level>4</Level><Task>1</Task><Opcode>0</Opcode><Keywords>0x8000000000000000</Keywords><TimeCreated SystemTime='2020-05-18T07:12:06.617224800Z'/><EventRecordID>3673</EventRecordID><Correlation/><Execution ProcessID='1036' ThreadID='1524'/><Channel>Microsoft-Windows-Sysmon/Operational</Channel><Computer>DESKTOP-P84STH6</Computer><Security UserID='S-1-5-18'/></System><EventData><Data Name='RuleName'></Data><Data Name='UtcTime'>2020-05-18 07:12:06.601</Data><Data Name='ProcessGuid'>{5d3d98af-3546-5ec2-0000-00106546ff00}</Data><Data Name='ProcessId'>3956</Data><Data Name='Image'>C:\Windows\System32\rundll32.exe</Data><Data Name='FileVersion'>10.0.18362.1 (WinBuild.160101.0800)</Data><Data Name='Description'>Windows host process (Rundll32)</Data><Data Name='Product'>Microsoft® Windows® Operating System</Data><Data Name='Company'>Microsoft Corporation</Data><Data Name='OriginalFileName'>RUNDLL32.EXE</Data><Data Name='CommandLine'>C:\Windows\system32\rundll32.exe Startupscan.dll,SusRunTask</Data><Data Name='CurrentDirectory'>C:\Windows\system32\</Data><Data Name='User'>DESKTOP-P84STH6\NS</Data><Data Name='LogonGuid'>{5d3d98af-22a5-5ec2-0000-0020710f0300}</Data><Data Name='LogonId'>0x30f71</Data><Data Name='TerminalSessionId'>1</Data><Data Name='IntegrityLevel'>Medium</Data><Data Name='Hashes'>MD5=F68AF942FD7CCC0E7BAB1A2335D2AD26,SHA256=11064E9EDC605BD5B0C0A505538A0D5FD7DE53883AF342F091687CAE8628ACD0,IMPHASH=F27A7FC3A53E74F45BE370131953896A</Data><Data Name='ParentProcessGuid'>{5d3d98af-229a-5ec2-0000-001051ce0000}</Data><Data Name='ParentProcessId'>264</Data><Data Name='ParentImage'>C:\Windows\System32\svchost.exe</Data><Data Name='ParentCommandLine'>C:\Windows\system32\svchost.exe -k netsvcs -p</Data></EventData></Event><Event xmlns='http://schemas.microsoft.com/win/2004/08/events/event'><System><Provider Name='Microsoft-Windows-Sysmon' Guid='{5770385f-c22a-43e0-bf4c-06f5698ffbd9}'/><EventID>1</EventID><Version>5</Version><Level>4</Level><Task>1</Task><Opcode>0</Opcode><Keywords>0x8000000000000000</Keywords><TimeCreated SystemTime='2020-05-18T07:12:06.547708500Z'/><EventRecordID>3672</EventRecordID><Correlation/><Execution ProcessID='1036' ThreadID='1524'/><Channel>Microsoft-Windows-Sysmon/Operational</Channel><Computer>DESKTOP-P84STH6</Computer><Security UserID='S-1-5-18'/></System><EventData><Data Name='RuleName'></Data><Data Name='UtcTime'>2020-05-18 07:12:06.527</Data><Data Name='ProcessGuid'>{5d3d98af-3546-5ec2-0000-00105042ff00}</Data><Data Name='ProcessId'>4900</Data><Data Name='Image'>C:\Windows\System32\taskhostw.exe</Data><Data Name='FileVersion'>10.0.18362.387 (WinBuild.160101.0800)</Data><Data Name='Description'>Host Process for Windows Tasks</Data><Data Name='Product'>Microsoft® Windows® Operating System</Data><Data Name='Company'>Microsoft Corporation</Data><Data Name='OriginalFileName'>taskhostw.exe</Data><Data Name='CommandLine'>taskhostw.exe</Data><Data Name='CurrentDirectory'>C:\Windows\system32\</Data><Data Name='User'>NT AUTHORITY\LOCAL SERVICE</Data><Data Name='LogonGuid'>{5d3d98af-229a-5ec2-0000-0020e5030000}</Data><Data Name='LogonId'>0x3e5</Data><Data Name='TerminalSessionId'>0</Data><Data Name='IntegrityLevel'>System</Data><Data Name='Hashes'>MD5=8AC325C757FA721B272ECEA19EBCF745,SHA256=0BEC3128B241FA533DC5A9D3F62AA41323D205DEFC30DCDE228C5ECC2D1E50A9,IMPHASH=9CB27CAED52CB0AFFB32788922A0D083</Data><Data Name='ParentProcessGuid'>{5d3d98af-229a-5ec2-0000-001051ce0000}</Data><Data Name='ParentProcessId'>264</Data><Data Name='ParentImage'>C:\Windows\System32\svchost.exe</Data><Data Name='ParentCommandLine'>C:\Windows\system32\svchost.exe -k netsvcs -p</Data></EventData></Event><Event xmlns='http://schemas.microsoft.com/win/2004/08/events/event'><System><Provider Name='Microsoft-Windows-Sysmon' Guid='{5770385f-c22a-43e0-bf4c-06f5698ffbd9}'/><EventID>1</EventID><Version>5</Version><Level>4</Level><Task>1</Task><Opcode>0</Opcode><Keywords>0x8000000000000000</Keywords><TimeCreated SystemTime='2020-05-18T07:12:06.511556600Z'/><EventRecordID>3671</EventRecordID><Correlation/><Execution ProcessID='1036' ThreadID='1524'/><Channel>Microsoft-Windows-Sysmon/Operational</Channel><Computer>DESKTOP-P84STH6</Computer><Security UserID='S-1-5-18'/></System><EventData><Data Name='RuleName'></Data><Data Name='UtcTime'>2020-05-18 07:12:06.489</Data><Data Name='ProcessGuid'>{5d3d98af-3546-5ec2-0000-00108840ff00}</Data><Data Name='ProcessId'>4932</Data><Data Name='Image'>C:\Windows\System32\rundll32.exe</Data><Data Name='FileVersion'>10.0.18362.1 (WinBuild.160101.0800)</Data><Data Name='Description'>Windows host process (Rundll32)</Data><Data Name='Product'>Microsoft® Windows® Operating System</Data><Data Name='Company'>Microsoft Corporation</Data><Data Name='OriginalFileName'>RUNDLL32.EXE</Data><Data Name='CommandLine'>C:\Windows\system32\rundll32.exe dfdts.dll,DfdGetDefaultPolicyAndSMART</Data><Data Name='CurrentDirectory'>C:\Windows\system32\</Data><Data Name='User'>NT AUTHORITY\SYSTEM</Data><Data Name='LogonGuid'>{5d3d98af-2299-5ec2-0000-0020e7030000}</Data><Data Name='LogonId'>0x3e7</Data><Data Name='TerminalSessionId'>0</Data><Data Name='IntegrityLevel'>System</Data><Data Name='Hashes'>MD5=F68AF942FD7CCC0E7BAB1A2335D2AD26,SHA256=11064E9EDC605BD5B0C0A505538A0D5FD7DE53883AF342F091687CAE8628ACD0,IMPHASH=F27A7FC3A53E74F45BE370131953896A</Data><Data Name='ParentProcessGuid'>{5d3d98af-229a-5ec2-0000-001051ce0000}</Data><Data Name='ParentProcessId'>264</Data><Data Name='ParentImage'>C:\Windows\System32\svchost.exe</Data><Data Name='ParentCommandLine'>C:\Windows\system32\svchost.exe -k netsvcs -p</Data></EventData></Event>