<Event xmlns='http://schemas.microsoft.com/win/2004/08/events/event'><System><Provider Name='Microsoft-Windows-Sysmon' Guid='{5770385f-c22a-43e0-bf4c-06f5698ffbd9}'/><EventID>11</EventID><Version>2</Version><Level>4</Level><Task>11</Task><Opcode>0</Opcode><Keywords>0x8000000000000000</Keywords><TimeCreated SystemTime='2020-05-18T06:21:31.909621400Z'/><EventRecordID>3183</EventRecordID><Correlation/><Execution ProcessID='1036' ThreadID='1524'/><Channel>Microsoft-Windows-Sysmon/Operational</Channel><Computer>DESKTOP-P84STH6</Computer><Security UserID='S-1-5-18'/></System><EventData><Data Name='RuleName'>EXE</Data><Data Name='UtcTime'>2020-05-18 06:21:31.897</Data><Data Name='ProcessGuid'>{5d3d98af-229e-5ec2-0000-0010d1450200}</Data><Data Name='ProcessId'>1856</Data><Data Name='Image'>C:\Windows\system32\svchost.exe</Data><Data Name='TargetFilename'>C:\Program Files\WindowsApps\SpotifyAB.SpotifyMusic_1.132.618.0_x86__zpdnekdrzrea0\SpotifyStartupTask.exe</Data><Data Name='CreationUtcTime'>2020-05-18 06:21:31.897</Data></EventData></Event><Event xmlns='http://schemas.microsoft.com/win/2004/08/events/event'><System><Provider Name='Microsoft-Windows-Sysmon' Guid='{5770385f-c22a-43e0-bf4c-06f5698ffbd9}'/><EventID>11</EventID><Version>2</Version><Level>4</Level><Task>11</Task><Opcode>0</Opcode><Keywords>0x8000000000000000</Keywords><TimeCreated SystemTime='2020-05-18T06:21:31.909069000Z'/><EventRecordID>3182</EventRecordID><Correlation/><Execution ProcessID='1036' ThreadID='1524'/><Channel>Microsoft-Windows-Sysmon/Operational</Channel><Computer>DESKTOP-P84STH6</Computer><Security UserID='S-1-5-18'/></System><EventData><Data Name='RuleName'>EXE</Data><Data Name='UtcTime'>2020-05-18 06:21:31.897</Data><Data Name='ProcessGuid'>{5d3d98af-229e-5ec2-0000-0010d1450200}</Data><Data Name='ProcessId'>1856</Data><Data Name='Image'>C:\Windows\system32\svchost.exe</Data><Data Name='TargetFilename'>C:\Program Files\WindowsApps\SpotifyAB.SpotifyMusic_1.132.618.0_x86__zpdnekdrzrea0\SpotifyMigrator.exe</Data><Data Name='CreationUtcTime'>2020-05-18 06:21:31.897</Data></EventData></Event><Event xmlns='http://schemas.microsoft.com/win/2004/08/events/event'><System><Provider Name='Microsoft-Windows-Sysmon' Guid='{5770385f-c22a-43e0-bf4c-06f5698ffbd9}'/><EventID>11</EventID><Version>2</Version><Level>4</Level><Task>11</Task><Opcode>0</Opcode><Keywords>0x8000000000000000</Keywords><TimeCreated SystemTime='2020-05-18T06:21:31.908521800Z'/><EventRecordID>3181</EventRecordID><Correlation/><Execution ProcessID='1036' ThreadID='1524'/><Channel>Microsoft-Windows-Sysmon/Operational</Channel><Computer>DESKTOP-P84STH6</Computer><Security UserID='S-1-5-18'/></System><EventData><Data Name='RuleName'>EXE</Data><Data Name='UtcTime'>2020-05-18 06:21:31.897</Data><Data Name='ProcessGuid'>{5d3d98af-229e-5ec2-0000-0010d1450200}</Data><Data Name='ProcessId'>1856</Data><Data Name='Image'>C:\Windows\system32\svchost.exe</Data><Data Name='TargetFilename'>C:\Program Files\WindowsApps\SpotifyAB.SpotifyMusic_1.132.618.0_x86__zpdnekdrzrea0\Spotify.exe</Data><Data Name='CreationUtcTime'>2020-05-18 06:21:31.897</Data></EventData></Event><Event xmlns='http://schemas.microsoft.com/win/2004/08/events/event'><System><Provider Name='Microsoft-Windows-Sysmon' Guid='{5770385f-c22a-43e0-bf4c-06f5698ffbd9}'/><EventID>11</EventID><Version>2</Version><Level>4</Level><Task>11</Task><Opcode>0</Opcode><Keywords>0x8000000000000000</Keywords><TimeCreated SystemTime='2020-05-18T06:21:31.907504300Z'/><EventRecordID>3180</EventRecordID><Correlation/><Execution ProcessID='1036' ThreadID='1524'/><Channel>Microsoft-Windows-Sysmon/Operational</Channel><Computer>DESKTOP-P84STH6</Computer><Security UserID='S-1-5-18'/></System><EventData><Data Name='RuleName'>DLL</Data><Data Name='UtcTime'>2020-05-18 06:21:31.897</Data><Data Name='ProcessGuid'>{5d3d98af-229e-5ec2-0000-0010d1450200}</Data><Data Name='ProcessId'>1856</Data><Data Name='Image'>C:\Windows\system32\svchost.exe</Data><Data Name='TargetFilename'>C:\Program Files\WindowsApps\SpotifyAB.SpotifyMusic_1.132.618.0_x86__zpdnekdrzrea0\RuntimeComponent.dll</Data><Data Name='CreationUtcTime'>2020-05-18 06:21:31.897</Data></EventData></Event><Event xmlns='http://schemas.microsoft.com/win/2004/08/events/event'><System><Provider Name='Microsoft-Windows-Sysmon' Guid='{5770385f-c22a-43e0-bf4c-06f5698ffbd9}'/><EventID>22</EventID><Version>5</Version><Level>4</Level><Task>22</Task><Opcode>0</Opcode><Keywords>0x8000000000000000</Keywords><TimeCreated SystemTime='2020-05-18T06:20:50.477163600Z'/><EventRecordID>3179</EventRecordID><Correlation/><Execution ProcessID='1036' ThreadID='2544'/><Channel>Microsoft-Windows-Sysmon/Operational</Channel><Computer>DESKTOP-P84STH6</Computer><Security UserID='S-1-5-18'/></System><EventData><Data Name='RuleName'></Data><Data Name='UtcTime'>2020-05-18 06:20:49.959</Data><Data Name='ProcessGuid'>{5d3d98af-22fa-5ec2-0000-001066790e00}</Data><Data Name='ProcessId'>6816</Data><Data Name='QueryName'>content-autofill.googleapis.com</Data><Data Name='QueryStatus'>0</Data><Data Name='QueryResults'>172.217.24.10;</Data><Data Name='Image'>C:\Program Files (x86)\Google\Chrome\Application\chrome.exe</Data></EventData></Event><Event xmlns='http://schemas.microsoft.com/win/2004/08/events/event'><System><Provider Name='Microsoft-Windows-Sysmon' Guid='{5770385f-c22a-43e0-bf4c-06f5698ffbd9}'/><EventID>22</EventID><Version>5</Version><Level>4</Level><Task>22</Task><Opcode>0</Opcode><Keywords>0x8000000000000000</Keywords><TimeCreated SystemTime='2020-05-18T06:20:48.427463100Z'/><EventRecordID>3178</EventRecordID><Correlation/><Execution ProcessID='1036' ThreadID='2544'/><Channel>Microsoft-Windows-Sysmon/Operational</Channel><Computer>DESKTOP-P84STH6</Computer><Security UserID='S-1-5-18'/></System><EventData><Data Name='RuleName'></Data><Data Name='UtcTime'>2020-05-18 06:20:47.354</Data><Data Name='ProcessGuid'>{5d3d98af-22fa-5ec2-0000-001066790e00}</Data><Data Name='ProcessId'>6816</Data><Data Name='QueryName'>www.capitalfutures.com.tw</Data><Data Name='QueryStatus'>0</Data><Data Name='QueryResults'>211.72.241.215;</Data><Data Name='Image'>C:\Program Files (x86)\Google\Chrome\Application\chrome.exe</Data></EventData></Event><Event xmlns='http://schemas.microsoft.com/win/2004/08/events/event'><System><Provider Name='Microsoft-Windows-Sysmon' Guid='{5770385f-c22a-43e0-bf4c-06f5698ffbd9}'/><EventID>22</EventID><Version>5</Version><Level>4</Level><Task>22</Task><Opcode>0</Opcode><Keywords>0x8000000000000000</Keywords><TimeCreated SystemTime='2020-05-18T06:20:37.530683000Z'/><EventRecordID>3177</EventRecordID><Correlation/><Execution ProcessID='1036' ThreadID='2544'/><Channel>Microsoft-Windows-Sysmon/Operational</Channel><Computer>DESKTOP-P84STH6</Computer><Security UserID='S-1-5-18'/></System><EventData><Data Name='RuleName'></Data><Data Name='UtcTime'>2020-05-18 06:20:37.051</Data><Data Name='ProcessGuid'>{5d3d98af-22fa-5ec2-0000-001066790e00}</Data><Data Name='ProcessId'>6816</Data><Data Name='QueryName'>img.scupio.com</Data><Data Name='QueryStatus'>0</Data><Data Name='QueryResults'>type:  5 d3l4qajda78th8.cloudfront.net;13.35.163.56;13.35.163.49;13.35.163.58;13.35.163.57;</Data><Data Name='Image'>C:\Program Files (x86)\Google\Chrome\Application\chrome.exe</Data></EventData></Event><Event xmlns='http://schemas.microsoft.com/win/2004/08/events/event'><System><Provider Name='Microsoft-Windows-Sysmon' Guid='{5770385f-c22a-43e0-bf4c-06f5698ffbd9}'/><EventID>22</EventID><Version>5</Version><Level>4</Level><Task>22</Task><Opcode>0</Opcode><Keywords>0x8000000000000000</Keywords><TimeCreated SystemTime='2020-05-18T06:20:37.530552300Z'/><EventRecordID>3176</EventRecordID><Correlation/><Execution ProcessID='1036' ThreadID='2544'/><Channel>Microsoft-Windows-Sysmon/Operational</Channel><Computer>DESKTOP-P84STH6</Computer><Security UserID='S-1-5-18'/></System><EventData><Data Name='RuleName'></Data><Data Name='UtcTime'>2020-05-18 06:20:36.420</Data><Data Name='ProcessGuid'>{5d3d98af-22fa-5ec2-0000-001066790e00}</Data><Data Name='ProcessId'>6816</Data><Data Name='QueryName'>www.google.com</Data><Data Name='QueryStatus'>0</Data><Data Name='QueryResults'>172.217.160.100;</Data><Data Name='Image'>C:\Program Files (x86)\Google\Chrome\Application\chrome.exe</Data></EventData></Event><Event xmlns='http://schemas.microsoft.com/win/2004/08/events/event'><System><Provider Name='Microsoft-Windows-Sysmon' Guid='{5770385f-c22a-43e0-bf4c-06f5698ffbd9}'/><EventID>1</EventID><Version>5</Version><Level>4</Level><Task>1</Task><Opcode>0</Opcode><Keywords>0x8000000000000000</Keywords><TimeCreated SystemTime='2020-05-18T06:20:30.007159100Z'/><EventRecordID>3175</EventRecordID><Correlation/><Execution ProcessID='1036' ThreadID='1524'/><Channel>Microsoft-Windows-Sysmon/Operational</Channel><Computer>DESKTOP-P84STH6</Computer><Security UserID='S-1-5-18'/></System><EventData><Data Name='RuleName'></Data><Data Name='UtcTime'>2020-05-18 06:20:29.984</Data><Data Name='ProcessGuid'>{5d3d98af-292d-5ec2-0000-0010ec71de00}</Data><Data Name='ProcessId'>1480</Data><Data Name='Image'>C:\Program Files\Wireshark\dumpcap.exe</Data><Data Name='FileVersion'>3.2.3</Data><Data Name='Description'>Dumpcap</Data><Data Name='Product'>Dumpcap</Data><Data Name='Company'>The Wireshark developer community</Data><Data Name='OriginalFileName'>Dumpcap.exe</Data><Data Name='CommandLine'>"C:\Program Files\Wireshark\dumpcap.exe" -n -i \Device\NPF_{1BF6DE2B-07A9-4FF4-8C4F-79DA555DBF9C} -y EN10MB -Z 5288</Data><Data Name='CurrentDirectory'>C:\Program Files\Wireshark\styles\</Data><Data Name='User'>DESKTOP-P84STH6\NS</Data><Data Name='LogonGuid'>{5d3d98af-22a5-5ec2-0000-0020710f0300}</Data><Data Name='LogonId'>0x30f71</Data><Data Name='TerminalSessionId'>1</Data><Data Name='IntegrityLevel'>Medium</Data><Data Name='Hashes'>MD5=2A801266AB558D2F51333D58F2F3B3B0,SHA256=F74A5A7B97A508E7E241D7A6E77B60F2D3237E55DC74B8684AB5DD87ABF3DBBD,IMPHASH=62C2ADC8A4D23E2D07B7EEB4235EEB0C</Data><Data Name='ParentProcessGuid'>{5d3d98af-2918-5ec2-0000-0010a34cdc00}</Data><Data Name='ParentProcessId'>5288</Data><Data Name='ParentImage'>C:\Program Files\Wireshark\Wireshark.exe</Data><Data Name='ParentCommandLine'>"C:\Program Files\Wireshark\Wireshark.exe" </Data></EventData></Event><Event xmlns='http://schemas.microsoft.com/win/2004/08/events/event'><System><Provider Name='Microsoft-Windows-Sysmon' Guid='{5770385f-c22a-43e0-bf4c-06f5698ffbd9}'/><EventID>11</EventID><Version>2</Version><Level>4</Level><Task>11</Task><Opcode>0</Opcode><Keywords>0x8000000000000000</Keywords><TimeCreated SystemTime='2020-05-18T06:20:18.839443900Z'/><EventRecordID>3174</EventRecordID><Correlation/><Execution ProcessID='1036' ThreadID='1524'/><Channel>Microsoft-Windows-Sysmon/Operational</Channel><Computer>DESKTOP-P84STH6</Computer><Security UserID='S-1-5-18'/></System><EventData><Data Name='RuleName'>EXE</Data><Data Name='UtcTime'>2020-05-18 06:20:18.833</Data><Data Name='ProcessGuid'>{5d3d98af-229e-5ec2-0000-0010d1450200}</Data><Data Name='ProcessId'>1856</Data><Data Name='Image'>C:\Windows\system32\svchost.exe</Data><Data Name='TargetFilename'>C:\Program Files\WindowsApps\Microsoft.XboxSpeechToTextOverlay_1.21.13002.0_x64__8wekyb3d8bbwe\SpeechToTextOverlay64-Retail.exe</Data><Data Name='CreationUtcTime'>2020-05-18 06:20:18.833</Data></EventData></Event><Event xmlns='http://schemas.microsoft.com/win/2004/08/events/event'><System><Provider Name='Microsoft-Windows-Sysmon' Guid='{5770385f-c22a-43e0-bf4c-06f5698ffbd9}'/><EventID>11</EventID><Version>2</Version><Level>4</Level><Task>11</Task><Opcode>0</Opcode><Keywords>0x8000000000000000</Keywords><TimeCreated SystemTime='2020-05-18T06:20:18.783367000Z'/><EventRecordID>3173</EventRecordID><Correlation/><Execution ProcessID='1036' ThreadID='1524'/><Channel>Microsoft-Windows-Sysmon/Operational</Channel><Computer>DESKTOP-P84STH6</Computer><Security UserID='S-1-5-18'/></System><EventData><Data Name='RuleName'>EXE</Data><Data Name='UtcTime'>2020-05-18 06:20:18.770</Data><Data Name='ProcessGuid'>{5d3d98af-229e-5ec2-0000-0010d1450200}</Data><Data Name='ProcessId'>1856</Data><Data Name='Image'>C:\Windows\system32\svchost.exe</Data><Data Name='TargetFilename'>C:\Users\NS\AppData\Local\Microsoft\WindowsApps\Microsoft.XboxGamingOverlay_8wekyb3d8bbwe\GameBarElevatedFT_Alias.exe</Data><Data Name='CreationUtcTime'>2020-05-18 06:20:18.770</Data></EventData></Event><Event xmlns='http://schemas.microsoft.com/win/2004/08/events/event'><System><Provider Name='Microsoft-Windows-Sysmon' Guid='{5770385f-c22a-43e0-bf4c-06f5698ffbd9}'/><EventID>11</EventID><Version>2</Version><Level>4</Level><Task>11</Task><Opcode>0</Opcode><Keywords>0x8000000000000000</Keywords><TimeCreated SystemTime='2020-05-18T06:20:18.779797900Z'/><EventRecordID>3172</EventRecordID><Correlation/><Execution ProcessID='1036' ThreadID='1524'/><Channel>Microsoft-Windows-Sysmon/Operational</Channel><Computer>DESKTOP-P84STH6</Computer><Security UserID='S-1-5-18'/></System><EventData><Data Name='RuleName'>EXE</Data><Data Name='UtcTime'>2020-05-18 06:20:18.770</Data><Data Name='ProcessGuid'>{5d3d98af-229e-5ec2-0000-0010d1450200}</Data><Data Name='ProcessId'>1856</Data><Data Name='Image'>C:\Windows\system32\svchost.exe</Data><Data Name='TargetFilename'>C:\Users\NS\AppData\Local\Microsoft\WindowsApps\GameBarElevatedFT_Alias.exe</Data><Data Name='CreationUtcTime'>2020-05-18 06:20:18.770</Data></EventData></Event><Event xmlns='http://schemas.microsoft.com/win/2004/08/events/event'><System><Provider Name='Microsoft-Windows-Sysmon' Guid='{5770385f-c22a-43e0-bf4c-06f5698ffbd9}'/><EventID>22</EventID><Version>5</Version><Level>4</Level><Task>22</Task><Opcode>0</Opcode><Keywords>0x8000000000000000</Keywords><TimeCreated SystemTime='2020-05-18T06:20:16.833776000Z'/><EventRecordID>3171</EventRecordID><Correlation/><Execution ProcessID='1036' ThreadID='2544'/><Channel>Microsoft-Windows-Sysmon/Operational</Channel><Computer>DESKTOP-P84STH6</Computer><Security UserID='S-1-5-18'/></System><EventData><Data Name='RuleName'></Data><Data Name='UtcTime'>2020-05-18 06:20:15.801</Data><Data Name='ProcessGuid'>{5d3d98af-2918-5ec2-0000-0010a34cdc00}</Data><Data Name='ProcessId'>5288</Data><Data Name='QueryName'>www.wireshark.org</Data><Data Name='QueryStatus'>0</Data><Data Name='QueryResults'>::ffff:104.26.11.240;::ffff:104.26.10.240;</Data><Data Name='Image'>C:\Program Files\Wireshark\Wireshark.exe</Data></EventData></Event><Event xmlns='http://schemas.microsoft.com/win/2004/08/events/event'><System><Provider Name='Microsoft-Windows-Sysmon' Guid='{5770385f-c22a-43e0-bf4c-06f5698ffbd9}'/><EventID>1</EventID><Version>5</Version><Level>4</Level><Task>1</Task><Opcode>0</Opcode><Keywords>0x8000000000000000</Keywords><TimeCreated SystemTime='2020-05-18T06:20:15.529487200Z'/><EventRecordID>3170</EventRecordID><Correlation/><Execution ProcessID='1036' ThreadID='1524'/><Channel>Microsoft-Windows-Sysmon/Operational</Channel><Computer>DESKTOP-P84STH6</Computer><Security UserID='S-1-5-18'/></System><EventData><Data Name='RuleName'></Data><Data Name='UtcTime'>2020-05-18 06:20:15.520</Data><Data Name='ProcessGuid'>{5d3d98af-291f-5ec2-0000-00106be1dc00}</Data><Data Name='ProcessId'>2480</Data><Data Name='Image'>C:\Program Files\Wireshark\dumpcap.exe</Data><Data Name='FileVersion'>3.2.3</Data><Data Name='Description'>Dumpcap</Data><Data Name='Product'>Dumpcap</Data><Data Name='Company'>The Wireshark developer community</Data><Data Name='OriginalFileName'>Dumpcap.exe</Data><Data Name='CommandLine'>"C:\Program Files\Wireshark\dumpcap.exe" -S -Z 5288.dummy</Data><Data Name='CurrentDirectory'>C:\Program Files\Wireshark\styles\</Data><Data Name='User'>DESKTOP-P84STH6\NS</Data><Data Name='LogonGuid'>{5d3d98af-22a5-5ec2-0000-0020710f0300}</Data><Data Name='LogonId'>0x30f71</Data><Data Name='TerminalSessionId'>1</Data><Data Name='IntegrityLevel'>Medium</Data><Data Name='Hashes'>MD5=2A801266AB558D2F51333D58F2F3B3B0,SHA256=F74A5A7B97A508E7E241D7A6E77B60F2D3237E55DC74B8684AB5DD87ABF3DBBD,IMPHASH=62C2ADC8A4D23E2D07B7EEB4235EEB0C</Data><Data Name='ParentProcessGuid'>{5d3d98af-2918-5ec2-0000-0010a34cdc00}</Data><Data Name='ParentProcessId'>5288</Data><Data Name='ParentImage'>C:\Program Files\Wireshark\Wireshark.exe</Data><Data Name='ParentCommandLine'>"C:\Program Files\Wireshark\Wireshark.exe" </Data></EventData></Event><Event xmlns='http://schemas.microsoft.com/win/2004/08/events/event'><System><Provider Name='Microsoft-Windows-Sysmon' Guid='{5770385f-c22a-43e0-bf4c-06f5698ffbd9}'/><EventID>1</EventID><Version>5</Version><Level>4</Level><Task>1</Task><Opcode>0</Opcode><Keywords>0x8000000000000000</Keywords><TimeCreated SystemTime='2020-05-18T06:20:15.376816500Z'/><EventRecordID>3169</EventRecordID><Correlation/><Execution ProcessID='1036' ThreadID='1524'/><Channel>Microsoft-Windows-Sysmon/Operational</Channel><Computer>DESKTOP-P84STH6</Computer><Security UserID='S-1-5-18'/></System><EventData><Data Name='RuleName'></Data><Data Name='UtcTime'>2020-05-18 06:20:15.363</Data><Data Name='ProcessGuid'>{5d3d98af-291f-5ec2-0000-001091d9dc00}</Data><Data Name='ProcessId'>6208</Data><Data Name='Image'>C:\Program Files\Wireshark\dumpcap.exe</Data><Data Name='FileVersion'>3.2.3</Data><Data Name='Description'>Dumpcap</Data><Data Name='Product'>Dumpcap</Data><Data Name='Company'>The Wireshark developer community</Data><Data Name='OriginalFileName'>Dumpcap.exe</Data><Data Name='CommandLine'>"C:\Program Files\Wireshark\dumpcap.exe" -i \Device\NPF_Loopback -L --list-time-stamp-types -Z none</Data><Data Name='CurrentDirectory'>C:\Program Files\Wireshark\styles\</Data><Data Name='User'>DESKTOP-P84STH6\NS</Data><Data Name='LogonGuid'>{5d3d98af-22a5-5ec2-0000-0020710f0300}</Data><Data Name='LogonId'>0x30f71</Data><Data Name='TerminalSessionId'>1</Data><Data Name='IntegrityLevel'>Medium</Data><Data Name='Hashes'>MD5=2A801266AB558D2F51333D58F2F3B3B0,SHA256=F74A5A7B97A508E7E241D7A6E77B60F2D3237E55DC74B8684AB5DD87ABF3DBBD,IMPHASH=62C2ADC8A4D23E2D07B7EEB4235EEB0C</Data><Data Name='ParentProcessGuid'>{5d3d98af-2918-5ec2-0000-0010a34cdc00}</Data><Data Name='ParentProcessId'>5288</Data><Data Name='ParentImage'>C:\Program Files\Wireshark\Wireshark.exe</Data><Data Name='ParentCommandLine'>"C:\Program Files\Wireshark\Wireshark.exe" </Data></EventData></Event><Event xmlns='http://schemas.microsoft.com/win/2004/08/events/event'><System><Provider Name='Microsoft-Windows-Sysmon' Guid='{5770385f-c22a-43e0-bf4c-06f5698ffbd9}'/><EventID>1</EventID><Version>5</Version><Level>4</Level><Task>1</Task><Opcode>0</Opcode><Keywords>0x8000000000000000</Keywords><TimeCreated SystemTime='2020-05-18T06:20:15.235586900Z'/><EventRecordID>3168</EventRecordID><Correlation/><Execution ProcessID='1036' ThreadID='1524'/><Channel>Microsoft-Windows-Sysmon/Operational</Channel><Computer>DESKTOP-P84STH6</Computer><Security UserID='S-1-5-18'/></System><EventData><Data Name='RuleName'></Data><Data Name='UtcTime'>2020-05-18 06:20:15.224</Data><Data Name='ProcessGuid'>{5d3d98af-291f-5ec2-0000-001026d2dc00}</Data><Data Name='ProcessId'>756</Data><Data Name='Image'>C:\Program Files\Wireshark\dumpcap.exe</Data><Data Name='FileVersion'>3.2.3</Data><Data Name='Description'>Dumpcap</Data><Data Name='Product'>Dumpcap</Data><Data Name='Company'>The Wireshark developer community</Data><Data Name='OriginalFileName'>Dumpcap.exe</Data><Data Name='CommandLine'>"C:\Program Files\Wireshark\dumpcap.exe" -i \Device\NPF_{1BF6DE2B-07A9-4FF4-8C4F-79DA555DBF9C} -L --list-time-stamp-types -Z none</Data><Data Name='CurrentDirectory'>C:\Program Files\Wireshark\styles\</Data><Data Name='User'>DESKTOP-P84STH6\NS</Data><Data Name='LogonGuid'>{5d3d98af-22a5-5ec2-0000-0020710f0300}</Data><Data Name='LogonId'>0x30f71</Data><Data Name='TerminalSessionId'>1</Data><Data Name='IntegrityLevel'>Medium</Data><Data Name='Hashes'>MD5=2A801266AB558D2F51333D58F2F3B3B0,SHA256=F74A5A7B97A508E7E241D7A6E77B60F2D3237E55DC74B8684AB5DD87ABF3DBBD,IMPHASH=62C2ADC8A4D23E2D07B7EEB4235EEB0C</Data><Data Name='ParentProcessGuid'>{5d3d98af-2918-5ec2-0000-0010a34cdc00}</Data><Data Name='ParentProcessId'>5288</Data><Data Name='ParentImage'>C:\Program Files\Wireshark\Wireshark.exe</Data><Data Name='ParentCommandLine'>"C:\Program Files\Wireshark\Wireshark.exe" </Data></EventData></Event><Event xmlns='http://schemas.microsoft.com/win/2004/08/events/event'><System><Provider Name='Microsoft-Windows-Sysmon' Guid='{5770385f-c22a-43e0-bf4c-06f5698ffbd9}'/><EventID>1</EventID><Version>5</Version><Level>4</Level><Task>1</Task><Opcode>0</Opcode><Keywords>0x8000000000000000</Keywords><TimeCreated SystemTime='2020-05-18T06:20:15.009391400Z'/><EventRecordID>3167</EventRecordID><Correlation/><Execution ProcessID='1036' ThreadID='1524'/><Channel>Microsoft-Windows-Sysmon/Operational</Channel><Computer>DESKTOP-P84STH6</Computer><Security UserID='S-1-5-18'/></System><EventData><Data Name='RuleName'></Data><Data Name='UtcTime'>2020-05-18 06:20:14.992</Data><Data Name='ProcessGuid'>{5d3d98af-291e-5ec2-0000-00101cc6dc00}</Data><Data Name='ProcessId'>5440</Data><Data Name='Image'>C:\Program Files\Wireshark\dumpcap.exe</Data><Data Name='FileVersion'>3.2.3</Data><Data Name='Description'>Dumpcap</Data><Data Name='Product'>Dumpcap</Data><Data Name='Company'>The Wireshark developer community</Data><Data Name='OriginalFileName'>Dumpcap.exe</Data><Data Name='CommandLine'>"C:\Program Files\Wireshark\dumpcap.exe" -D -Z none</Data><Data Name='CurrentDirectory'>C:\Program Files\Wireshark\styles\</Data><Data Name='User'>DESKTOP-P84STH6\NS</Data><Data Name='LogonGuid'>{5d3d98af-22a5-5ec2-0000-0020710f0300}</Data><Data Name='LogonId'>0x30f71</Data><Data Name='TerminalSessionId'>1</Data><Data Name='IntegrityLevel'>Medium</Data><Data Name='Hashes'>MD5=2A801266AB558D2F51333D58F2F3B3B0,SHA256=F74A5A7B97A508E7E241D7A6E77B60F2D3237E55DC74B8684AB5DD87ABF3DBBD,IMPHASH=62C2ADC8A4D23E2D07B7EEB4235EEB0C</Data><Data Name='ParentProcessGuid'>{5d3d98af-2918-5ec2-0000-0010a34cdc00}</Data><Data Name='ParentProcessId'>5288</Data><Data Name='ParentImage'>C:\Program Files\Wireshark\Wireshark.exe</Data><Data Name='ParentCommandLine'>"C:\Program Files\Wireshark\Wireshark.exe" </Data></EventData></Event><Event xmlns='http://schemas.microsoft.com/win/2004/08/events/event'><System><Provider Name='Microsoft-Windows-Sysmon' Guid='{5770385f-c22a-43e0-bf4c-06f5698ffbd9}'/><EventID>13</EventID><Version>2</Version><Level>4</Level><Task>13</Task><Opcode>0</Opcode><Keywords>0x8000000000000000</Keywords><TimeCreated SystemTime='2020-05-18T06:20:08.490882000Z'/><EventRecordID>3166</EventRecordID><Correlation/><Execution ProcessID='1036' ThreadID='1524'/><Channel>Microsoft-Windows-Sysmon/Operational</Channel><Computer>DESKTOP-P84STH6</Computer><Security UserID='S-1-5-18'/></System><EventData><Data Name='RuleName'>InvDB</Data><Data Name='EventType'>SetValue</Data><Data Name='UtcTime'>2020-05-18 06:20:08.474</Data><Data Name='ProcessGuid'>{5d3d98af-229a-5ec2-0000-0010fac00000}</Data><Data Name='ProcessId'>940</Data><Data Name='Image'>C:\Windows\System32\svchost.exe</Data><Data Name='TargetObject'>HKU\S-1-5-21-223836497-1760142647-788189203-1001\Software\Microsoft\Windows NT\CurrentVersion\AppCompatFlags\Compatibility Assistant\Store\C:\Program Files\Wireshark\Wireshark.exe</Data><Data Name='Details'>Binary Data</Data></EventData></Event><Event xmlns='http://schemas.microsoft.com/win/2004/08/events/event'><System><Provider Name='Microsoft-Windows-Sysmon' Guid='{5770385f-c22a-43e0-bf4c-06f5698ffbd9}'/><EventID>1</EventID><Version>5</Version><Level>4</Level><Task>1</Task><Opcode>0</Opcode><Keywords>0x8000000000000000</Keywords><TimeCreated SystemTime='2020-05-18T06:20:08.375332600Z'/><EventRecordID>3165</EventRecordID><Correlation/><Execution ProcessID='1036' ThreadID='1524'/><Channel>Microsoft-Windows-Sysmon/Operational</Channel><Computer>DESKTOP-P84STH6</Computer><Security UserID='S-1-5-18'/></System><EventData><Data Name='RuleName'></Data><Data Name='UtcTime'>2020-05-18 06:20:08.233</Data><Data Name='ProcessGuid'>{5d3d98af-2918-5ec2-0000-0010a34cdc00}</Data><Data Name='ProcessId'>5288</Data><Data Name='Image'>C:\Program Files\Wireshark\Wireshark.exe</Data><Data Name='FileVersion'>3.2.3</Data><Data Name='Description'>Wireshark</Data><Data Name='Product'>Wireshark</Data><Data Name='Company'>The Wireshark developer community, https://www.wireshark.org/</Data><Data Name='OriginalFileName'>Wireshark.exe</Data><Data Name='CommandLine'>"C:\Program Files\Wireshark\Wireshark.exe" </Data><Data Name='CurrentDirectory'>C:\Program Files\Wireshark\styles\</Data><Data Name='User'>DESKTOP-P84STH6\NS</Data><Data Name='LogonGuid'>{5d3d98af-22a5-5ec2-0000-0020710f0300}</Data><Data Name='LogonId'>0x30f71</Data><Data Name='TerminalSessionId'>1</Data><Data Name='IntegrityLevel'>Medium</Data><Data Name='Hashes'>MD5=CBAFA9A32A9E435B3A02A312316272DD,SHA256=4299797DDBEF619082AACBBD2C3DC37F02B136425ACFABAFE5857F1ACE8B68F5,IMPHASH=6719331FB146F5F4AF5DBC0C1B6F6203</Data><Data Name='ParentProcessGuid'>{5d3d98af-22af-5ec2-0000-0010f5050400}</Data><Data Name='ParentProcessId'>1248</Data><Data Name='ParentImage'>C:\Windows\explorer.exe</Data><Data Name='ParentCommandLine'>C:\Windows\Explorer.EXE</Data></EventData></Event><Event xmlns='http://schemas.microsoft.com/win/2004/08/events/event'><System><Provider Name='Microsoft-Windows-Sysmon' Guid='{5770385f-c22a-43e0-bf4c-06f5698ffbd9}'/><EventID>1</EventID><Version>5</Version><Level>4</Level><Task>1</Task><Opcode>0</Opcode><Keywords>0x8000000000000000</Keywords><TimeCreated SystemTime='2020-05-18T06:20:08.049658100Z'/><EventRecordID>3164</EventRecordID><Correlation/><Execution ProcessID='1036' ThreadID='1524'/><Channel>Microsoft-Windows-Sysmon/Operational</Channel><Computer>DESKTOP-P84STH6</Computer><Security UserID='S-1-5-18'/></System><EventData><Data Name='RuleName'></Data><Data Name='UtcTime'>2020-05-18 06:20:08.030</Data><Data Name='ProcessGuid'>{5d3d98af-2918-5ec2-0000-0010e241dc00}</Data><Data Name='ProcessId'>7040</Data><Data Name='Image'>C:\Windows\System32\smartscreen.exe</Data><Data Name='FileVersion'>10.0.18362.1 (WinBuild.160101.0800)</Data><Data Name='Description'>Windows Defender SmartScreen</Data><Data Name='Product'>Microsoft® Windows® Operating System</Data><Data Name='Company'>Microsoft Corporation</Data><Data Name='OriginalFileName'>smartscreen.exe</Data><Data Name='CommandLine'>C:\Windows\System32\smartscreen.exe -Embedding</Data><Data Name='CurrentDirectory'>C:\Windows\system32\</Data><Data Name='User'>DESKTOP-P84STH6\NS</Data><Data Name='LogonGuid'>{5d3d98af-22a5-5ec2-0000-0020710f0300}</Data><Data Name='LogonId'>0x30f71</Data><Data Name='TerminalSessionId'>1</Data><Data Name='IntegrityLevel'>Medium</Data><Data Name='Hashes'>MD5=98321825F06128D24ADE15AA703E193F,SHA256=111219E1022DCAB31864C35DE32BAF34CE34FA580E2505D91ED1E3430DDFC340,IMPHASH=1CF27DAF6490453338CA3A6A3792FBBF</Data><Data Name='ParentProcessGuid'>{5d3d98af-2299-5ec2-0000-0010ce6b0000}</Data><Data Name='ParentProcessId'>688</Data><Data Name='ParentImage'>C:\Windows\System32\svchost.exe</Data><Data Name='ParentCommandLine'>C:\Windows\system32\svchost.exe -k DcomLaunch -p</Data></EventData></Event><Event xmlns='http://schemas.microsoft.com/win/2004/08/events/event'><System><Provider Name='Microsoft-Windows-Sysmon' Guid='{5770385f-c22a-43e0-bf4c-06f5698ffbd9}'/><EventID>1</EventID><Version>5</Version><Level>4</Level><Task>1</Task><Opcode>0</Opcode><Keywords>0x8000000000000000</Keywords><TimeCreated SystemTime='2020-05-18T06:20:06.064219700Z'/><EventRecordID>3163</EventRecordID><Correlation/><Execution ProcessID='1036' ThreadID='1524'/><Channel>Microsoft-Windows-Sysmon/Operational</Channel><Computer>DESKTOP-P84STH6</Computer><Security UserID='S-1-5-18'/></System><EventData><Data Name='RuleName'></Data><Data Name='UtcTime'>2020-05-18 06:20:06.058</Data><Data Name='ProcessGuid'>{5d3d98af-2916-5ec2-0000-0010e4f3db00}</Data><Data Name='ProcessId'>1740</Data><Data Name='Image'>C:\Windows\System32\rundll32.exe</Data><Data Name='FileVersion'>10.0.18362.1 (WinBuild.160101.0800)</Data><Data Name='Description'>Windows host process (Rundll32)</Data><Data Name='Product'>Microsoft® Windows® Operating System</Data><Data Name='Company'>Microsoft Corporation</Data><Data Name='OriginalFileName'>RUNDLL32.EXE</Data><Data Name='CommandLine'>rundll32.exe AppXDeploymentExtensions.OneCore.dll,ShellRefresh</Data><Data Name='CurrentDirectory'>C:\Windows\system32\</Data><Data Name='User'>DESKTOP-P84STH6\NS</Data><Data Name='LogonGuid'>{5d3d98af-22a5-5ec2-0000-0020710f0300}</Data><Data Name='LogonId'>0x30f71</Data><Data Name='TerminalSessionId'>1</Data><Data Name='IntegrityLevel'>Medium</Data><Data Name='Hashes'>MD5=F68AF942FD7CCC0E7BAB1A2335D2AD26,SHA256=11064E9EDC605BD5B0C0A505538A0D5FD7DE53883AF342F091687CAE8628ACD0,IMPHASH=F27A7FC3A53E74F45BE370131953896A</Data><Data Name='ParentProcessGuid'>{5d3d98af-229e-5ec2-0000-0010d1450200}</Data><Data Name='ParentProcessId'>1856</Data><Data Name='ParentImage'>C:\Windows\System32\svchost.exe</Data><Data Name='ParentCommandLine'>C:\Windows\system32\svchost.exe -k wsappx -p</Data></EventData></Event></Events>