<Event xmlns='http://schemas.microsoft.com/win/2004/08/events/event'><System><Provider Name='Microsoft-Windows-Sysmon' Guid='{5770385f-c22a-43e0-bf4c-06f5698ffbd9}'/><EventID>22</EventID><Version>5</Version><Level>4</Level><Task>22</Task><Opcode>0</Opcode><Keywords>0x8000000000000000</Keywords><TimeCreated SystemTime='2020-05-18T06:46:03.609794400Z'/><EventRecordID>3593</EventRecordID><Correlation/><Execution ProcessID='1036' ThreadID='2544'/><Channel>Microsoft-Windows-Sysmon/Operational</Channel><Computer>DESKTOP-P84STH6</Computer><Security UserID='S-1-5-18'/></System><EventData><Data Name='RuleName'></Data><Data Name='UtcTime'>2020-05-18 06:46:02.621</Data><Data Name='ProcessGuid'>{5d3d98af-22fa-5ec2-0000-001066790e00}</Data><Data Name='ProcessId'>6816</Data><Data Name='QueryName'>etoro-px.s3-eu-west-1.amazonaws.com</Data><Data Name='QueryStatus'>0</Data><Data Name='QueryResults'>type:  5 s3-r-w.eu-west-1.amazonaws.com;52.218.102.96;</Data><Data Name='Image'>C:\Program Files (x86)\Google\Chrome\Application\chrome.exe</Data></EventData></Event><Event xmlns='http://schemas.microsoft.com/win/2004/08/events/event'><System><Provider Name='Microsoft-Windows-Sysmon' Guid='{5770385f-c22a-43e0-bf4c-06f5698ffbd9}'/><EventID>22</EventID><Version>5</Version><Level>4</Level><Task>22</Task><Opcode>0</Opcode><Keywords>0x8000000000000000</Keywords><TimeCreated SystemTime='2020-05-18T06:46:02.631280700Z'/><EventRecordID>3592</EventRecordID><Correlation/><Execution ProcessID='1036' ThreadID='2544'/><Channel>Microsoft-Windows-Sysmon/Operational</Channel><Computer>DESKTOP-P84STH6</Computer><Security UserID='S-1-5-18'/></System><EventData><Data Name='RuleName'></Data><Data Name='UtcTime'>2020-05-18 06:46:02.396</Data><Data Name='ProcessGuid'>{5d3d98af-22fa-5ec2-0000-001066790e00}</Data><Data Name='ProcessId'>6816</Data><Data Name='QueryName'>cdn.mxpnl.com</Data><Data Name='QueryStatus'>0</Data><Data Name='QueryResults'>35.186.235.23;130.211.5.208;</Data><Data Name='Image'>C:\Program Files (x86)\Google\Chrome\Application\chrome.exe</Data></EventData></Event><Event xmlns='http://schemas.microsoft.com/win/2004/08/events/event'><System><Provider Name='Microsoft-Windows-Sysmon' Guid='{5770385f-c22a-43e0-bf4c-06f5698ffbd9}'/><EventID>22</EventID><Version>5</Version><Level>4</Level><Task>22</Task><Opcode>0</Opcode><Keywords>0x8000000000000000</Keywords><TimeCreated SystemTime='2020-05-18T06:46:02.631176400Z'/><EventRecordID>3591</EventRecordID><Correlation/><Execution ProcessID='1036' ThreadID='2544'/><Channel>Microsoft-Windows-Sysmon/Operational</Channel><Computer>DESKTOP-P84STH6</Computer><Security UserID='S-1-5-18'/></System><EventData><Data Name='RuleName'></Data><Data Name='UtcTime'>2020-05-18 06:46:02.376</Data><Data Name='ProcessGuid'>{5d3d98af-22fa-5ec2-0000-001066790e00}</Data><Data Name='ProcessId'>6816</Data><Data Name='QueryName'>push-lightstreamer.cloud.etoro.com</Data><Data Name='QueryStatus'>0</Data><Data Name='QueryResults'>type:  5 push-real.etoro.akadns.net;type:  5 prod-lightstreamer.trafficmanager.net;type:  5 push-hap.cloud.etoro.com;52.178.44.79;</Data><Data Name='Image'>C:\Program Files (x86)\Google\Chrome\Application\chrome.exe</Data></EventData></Event><Event xmlns='http://schemas.microsoft.com/win/2004/08/events/event'><System><Provider Name='Microsoft-Windows-Sysmon' Guid='{5770385f-c22a-43e0-bf4c-06f5698ffbd9}'/><EventID>22</EventID><Version>5</Version><Level>4</Level><Task>22</Task><Opcode>0</Opcode><Keywords>0x8000000000000000</Keywords><TimeCreated SystemTime='2020-05-18T06:46:02.631066500Z'/><EventRecordID>3590</EventRecordID><Correlation/><Execution ProcessID='1036' ThreadID='2544'/><Channel>Microsoft-Windows-Sysmon/Operational</Channel><Computer>DESKTOP-P84STH6</Computer><Security UserID='S-1-5-18'/></System><EventData><Data Name='RuleName'></Data><Data Name='UtcTime'>2020-05-18 06:46:01.781</Data><Data Name='ProcessGuid'>{5d3d98af-22fa-5ec2-0000-001066790e00}</Data><Data Name='ProcessId'>6816</Data><Data Name='QueryName'>etoro-cdn.etorostatic.com</Data><Data Name='QueryStatus'>0</Data><Data Name='QueryResults'>type:  5 etoro-cdn.etoro.akadns.net;type:  5 wildcard.etorostatic.com.edgekey.net;type:  5 e11746.g.akamaiedge.net;104.94.61.210;</Data><Data Name='Image'>C:\Program Files (x86)\Google\Chrome\Application\chrome.exe</Data></EventData></Event><Event xmlns='http://schemas.microsoft.com/win/2004/08/events/event'><System><Provider Name='Microsoft-Windows-Sysmon' Guid='{5770385f-c22a-43e0-bf4c-06f5698ffbd9}'/><EventID>22</EventID><Version>5</Version><Level>4</Level><Task>22</Task><Opcode>0</Opcode><Keywords>0x8000000000000000</Keywords><TimeCreated SystemTime='2020-05-18T06:46:01.610695300Z'/><EventRecordID>3589</EventRecordID><Correlation/><Execution ProcessID='1036' ThreadID='2544'/><Channel>Microsoft-Windows-Sysmon/Operational</Channel><Computer>DESKTOP-P84STH6</Computer><Security UserID='S-1-5-18'/></System><EventData><Data Name='RuleName'></Data><Data Name='UtcTime'>2020-05-18 06:46:00.895</Data><Data Name='ProcessGuid'>{5d3d98af-22fa-5ec2-0000-001066790e00}</Data><Data Name='ProcessId'>6816</Data><Data Name='QueryName'>cx.atdmt.com</Data><Data Name='QueryStatus'>0</Data><Data Name='QueryResults'>type:  5 atlas.c10r.facebook.com;31.13.87.8;</Data><Data Name='Image'>C:\Program Files (x86)\Google\Chrome\Application\chrome.exe</Data></EventData></Event><Event xmlns='http://schemas.microsoft.com/win/2004/08/events/event'><System><Provider Name='Microsoft-Windows-Sysmon' Guid='{5770385f-c22a-43e0-bf4c-06f5698ffbd9}'/><EventID>22</EventID><Version>5</Version><Level>4</Level><Task>22</Task><Opcode>0</Opcode><Keywords>0x8000000000000000</Keywords><TimeCreated SystemTime='2020-05-18T06:45:59.709169500Z'/><EventRecordID>3588</EventRecordID><Correlation/><Execution ProcessID='1036' ThreadID='2544'/><Channel>Microsoft-Windows-Sysmon/Operational</Channel><Computer>DESKTOP-P84STH6</Computer><Security UserID='S-1-5-18'/></System><EventData><Data Name='RuleName'></Data><Data Name='UtcTime'>2020-05-18 06:45:59.372</Data><Data Name='ProcessGuid'>{5d3d98af-22fa-5ec2-0000-001066790e00}</Data><Data Name='ProcessId'>6816</Data><Data Name='QueryName'>etorologsapi.etoro.com</Data><Data Name='QueryStatus'>0</Data><Data Name='QueryResults'>type:  5 etorologsapi.etoro.akadns.net;type:  5 prod-etorologsapi.trafficmanager.net;type:  5 prod-etorologsapi-north.cloudapp.net;40.69.223.253;</Data><Data Name='Image'>C:\Program Files (x86)\Google\Chrome\Application\chrome.exe</Data></EventData></Event><Event xmlns='http://schemas.microsoft.com/win/2004/08/events/event'><System><Provider Name='Microsoft-Windows-Sysmon' Guid='{5770385f-c22a-43e0-bf4c-06f5698ffbd9}'/><EventID>22</EventID><Version>5</Version><Level>4</Level><Task>22</Task><Opcode>0</Opcode><Keywords>0x8000000000000000</Keywords><TimeCreated SystemTime='2020-05-18T06:45:59.709046500Z'/><EventRecordID>3587</EventRecordID><Correlation/><Execution ProcessID='1036' ThreadID='2544'/><Channel>Microsoft-Windows-Sysmon/Operational</Channel><Computer>DESKTOP-P84STH6</Computer><Security UserID='S-1-5-18'/></System><EventData><Data Name='RuleName'></Data><Data Name='UtcTime'>2020-05-18 06:45:59.268</Data><Data Name='ProcessGuid'>{5d3d98af-22fa-5ec2-0000-001066790e00}</Data><Data Name='ProcessId'>6816</Data><Data Name='QueryName'>t.co</Data><Data Name='QueryStatus'>0</Data><Data Name='QueryResults'>104.244.42.197;104.244.42.69;104.244.42.5;104.244.42.133;</Data><Data Name='Image'>C:\Program Files (x86)\Google\Chrome\Application\chrome.exe</Data></EventData></Event><Event xmlns='http://schemas.microsoft.com/win/2004/08/events/event'><System><Provider Name='Microsoft-Windows-Sysmon' Guid='{5770385f-c22a-43e0-bf4c-06f5698ffbd9}'/><EventID>22</EventID><Version>5</Version><Level>4</Level><Task>22</Task><Opcode>0</Opcode><Keywords>0x8000000000000000</Keywords><TimeCreated SystemTime='2020-05-18T06:45:58.654413400Z'/><EventRecordID>3586</EventRecordID><Correlation/><Execution ProcessID='1036' ThreadID='2544'/><Channel>Microsoft-Windows-Sysmon/Operational</Channel><Computer>DESKTOP-P84STH6</Computer><Security UserID='S-1-5-18'/></System><EventData><Data Name='RuleName'></Data><Data Name='UtcTime'>2020-05-18 06:45:58.110</Data><Data Name='ProcessGuid'>{5d3d98af-22fa-5ec2-0000-001066790e00}</Data><Data Name='ProcessId'>6816</Data><Data Name='QueryName'>static.ads-twitter.com</Data><Data Name='QueryStatus'>0</Data><Data Name='QueryResults'>type:  5 platform.twitter.map.fastly.net;151.101.76.157;</Data><Data Name='Image'>C:\Program Files (x86)\Google\Chrome\Application\chrome.exe</Data></EventData></Event><Event xmlns='http://schemas.microsoft.com/win/2004/08/events/event'><System><Provider Name='Microsoft-Windows-Sysmon' Guid='{5770385f-c22a-43e0-bf4c-06f5698ffbd9}'/><EventID>22</EventID><Version>5</Version><Level>4</Level><Task>22</Task><Opcode>0</Opcode><Keywords>0x8000000000000000</Keywords><TimeCreated SystemTime='2020-05-18T06:45:58.654230400Z'/><EventRecordID>3585</EventRecordID><Correlation/><Execution ProcessID='1036' ThreadID='2544'/><Channel>Microsoft-Windows-Sysmon/Operational</Channel><Computer>DESKTOP-P84STH6</Computer><Security UserID='S-1-5-18'/></System><EventData><Data Name='RuleName'></Data><Data Name='UtcTime'>2020-05-18 06:45:57.627</Data><Data Name='ProcessGuid'>{5d3d98af-22fa-5ec2-0000-001066790e00}</Data><Data Name='ProcessId'>6816</Data><Data Name='QueryName'>marketing.etorostatic.com</Data><Data Name='QueryStatus'>0</Data><Data Name='QueryResults'>type:  5 marketing.etoro.akadns.net;type:  5 wildcard.etorostatic.com.edgekey.net;type:  5 e11746.g.akamaiedge.net;104.94.61.210;</Data><Data Name='Image'>C:\Program Files (x86)\Google\Chrome\Application\chrome.exe</Data></EventData></Event><Event xmlns='http://schemas.microsoft.com/win/2004/08/events/event'><System><Provider Name='Microsoft-Windows-Sysmon' Guid='{5770385f-c22a-43e0-bf4c-06f5698ffbd9}'/><EventID>22</EventID><Version>5</Version><Level>4</Level><Task>22</Task><Opcode>0</Opcode><Keywords>0x8000000000000000</Keywords><TimeCreated SystemTime='2020-05-18T06:45:57.735936600Z'/><EventRecordID>3584</EventRecordID><Correlation/><Execution ProcessID='1036' ThreadID='2544'/><Channel>Microsoft-Windows-Sysmon/Operational</Channel><Computer>DESKTOP-P84STH6</Computer><Security UserID='S-1-5-18'/></System><EventData><Data Name='RuleName'></Data><Data Name='UtcTime'>2020-05-18 06:45:56.619</Data><Data Name='ProcessGuid'>{5d3d98af-22fa-5ec2-0000-001066790e00}</Data><Data Name='ProcessId'>6816</Data><Data Name='QueryName'>www.etoro.com</Data><Data Name='QueryStatus'>0</Data><Data Name='QueryResults'>type:  5 www-failover.etoro.akadns.net;type:  5 www.etoro.akadns.net;type:  5 ve5sk.x.incapdns.net;107.154.194.59;</Data><Data Name='Image'>C:\Program Files (x86)\Google\Chrome\Application\chrome.exe</Data></EventData></Event><Event xmlns='http://schemas.microsoft.com/win/2004/08/events/event'><System><Provider Name='Microsoft-Windows-Sysmon' Guid='{5770385f-c22a-43e0-bf4c-06f5698ffbd9}'/><EventID>22</EventID><Version>5</Version><Level>4</Level><Task>22</Task><Opcode>0</Opcode><Keywords>0x8000000000000000</Keywords><TimeCreated SystemTime='2020-05-18T06:44:56.596475100Z'/><EventRecordID>3583</EventRecordID><Correlation/><Execution ProcessID='1036' ThreadID='2544'/><Channel>Microsoft-Windows-Sysmon/Operational</Channel><Computer>DESKTOP-P84STH6</Computer><Security UserID='S-1-5-18'/></System><EventData><Data Name='RuleName'></Data><Data Name='UtcTime'>2020-05-18 06:44:55.915</Data><Data Name='ProcessGuid'>{5d3d98af-22fa-5ec2-0000-001066790e00}</Data><Data Name='ProcessId'>6816</Data><Data Name='QueryName'>certify.alexametrics.com</Data><Data Name='QueryStatus'>0</Data><Data Name='QueryResults'>13.35.163.39;13.35.163.99;13.35.163.89;13.35.163.37;</Data><Data Name='Image'>C:\Program Files (x86)\Google\Chrome\Application\chrome.exe</Data></EventData></Event><Event xmlns='http://schemas.microsoft.com/win/2004/08/events/event'><System><Provider Name='Microsoft-Windows-Sysmon' Guid='{5770385f-c22a-43e0-bf4c-06f5698ffbd9}'/><EventID>22</EventID><Version>5</Version><Level>4</Level><Task>22</Task><Opcode>0</Opcode><Keywords>0x8000000000000000</Keywords><TimeCreated SystemTime='2020-05-18T06:44:55.680394700Z'/><EventRecordID>3582</EventRecordID><Correlation/><Execution ProcessID='1036' ThreadID='2544'/><Channel>Microsoft-Windows-Sysmon/Operational</Channel><Computer>DESKTOP-P84STH6</Computer><Security UserID='S-1-5-18'/></System><EventData><Data Name='RuleName'></Data><Data Name='UtcTime'>2020-05-18 06:44:55.035</Data><Data Name='ProcessGuid'>{5d3d98af-22fa-5ec2-0000-001066790e00}</Data><Data Name='ProcessId'>6816</Data><Data Name='QueryName'>i.imgur.com</Data><Data Name='QueryStatus'>0</Data><Data Name='QueryResults'>type:  5 ipv4.imgur.map.fastly.net;151.101.40.193;</Data><Data Name='Image'>C:\Program Files (x86)\Google\Chrome\Application\chrome.exe</Data></EventData></Event><Event xmlns='http://schemas.microsoft.com/win/2004/08/events/event'><System><Provider Name='Microsoft-Windows-Sysmon' Guid='{5770385f-c22a-43e0-bf4c-06f5698ffbd9}'/><EventID>22</EventID><Version>5</Version><Level>4</Level><Task>22</Task><Opcode>0</Opcode><Keywords>0x8000000000000000</Keywords><TimeCreated SystemTime='2020-05-18T06:44:54.580384700Z'/><EventRecordID>3581</EventRecordID><Correlation/><Execution ProcessID='1036' ThreadID='2544'/><Channel>Microsoft-Windows-Sysmon/Operational</Channel><Computer>DESKTOP-P84STH6</Computer><Security UserID='S-1-5-18'/></System><EventData><Data Name='RuleName'></Data><Data Name='UtcTime'>2020-05-18 06:44:54.144</Data><Data Name='ProcessGuid'>{5d3d98af-22fa-5ec2-0000-001066790e00}</Data><Data Name='ProcessId'>6816</Data><Data Name='QueryName'>imgur.com</Data><Data Name='QueryStatus'>0</Data><Data Name='QueryResults'>151.101.40.193;</Data><Data Name='Image'>C:\Program Files (x86)\Google\Chrome\Application\chrome.exe</Data></EventData></Event><Event xmlns='http://schemas.microsoft.com/win/2004/08/events/event'><System><Provider Name='Microsoft-Windows-Sysmon' Guid='{5770385f-c22a-43e0-bf4c-06f5698ffbd9}'/><EventID>22</EventID><Version>5</Version><Level>4</Level><Task>22</Task><Opcode>0</Opcode><Keywords>0x8000000000000000</Keywords><TimeCreated SystemTime='2020-05-18T06:44:53.642986700Z'/><EventRecordID>3580</EventRecordID><Correlation/><Execution ProcessID='1036' ThreadID='2544'/><Channel>Microsoft-Windows-Sysmon/Operational</Channel><Computer>DESKTOP-P84STH6</Computer><Security UserID='S-1-5-18'/></System><EventData><Data Name='RuleName'></Data><Data Name='UtcTime'>2020-05-18 06:44:52.870</Data><Data Name='ProcessGuid'>{5d3d98af-22fa-5ec2-0000-001066790e00}</Data><Data Name='ProcessId'>6816</Data><Data Name='QueryName'>s.imgur.com</Data><Data Name='QueryStatus'>0</Data><Data Name='QueryResults'>type:  5 ipv4.imgur.map.fastly.net;151.101.24.193;</Data><Data Name='Image'>C:\Program Files (x86)\Google\Chrome\Application\chrome.exe</Data></EventData></Event><Event xmlns='http://schemas.microsoft.com/win/2004/08/events/event'><System><Provider Name='Microsoft-Windows-Sysmon' Guid='{5770385f-c22a-43e0-bf4c-06f5698ffbd9}'/><EventID>22</EventID><Version>5</Version><Level>4</Level><Task>22</Task><Opcode>0</Opcode><Keywords>0x8000000000000000</Keywords><TimeCreated SystemTime='2020-05-18T06:44:53.642893300Z'/><EventRecordID>3579</EventRecordID><Correlation/><Execution ProcessID='1036' ThreadID='2544'/><Channel>Microsoft-Windows-Sysmon/Operational</Channel><Computer>DESKTOP-P84STH6</Computer><Security UserID='S-1-5-18'/></System><EventData><Data Name='RuleName'></Data><Data Name='UtcTime'>2020-05-18 06:44:52.844</Data><Data Name='ProcessGuid'>{5d3d98af-22fa-5ec2-0000-001066790e00}</Data><Data Name='ProcessId'>6816</Data><Data Name='QueryName'>images.ptt.cc</Data><Data Name='QueryStatus'>0</Data><Data Name='QueryResults'>104.31.7.163;104.31.6.163;</Data><Data Name='Image'>C:\Program Files (x86)\Google\Chrome\Application\chrome.exe</Data></EventData></Event><Event xmlns='http://schemas.microsoft.com/win/2004/08/events/event'><System><Provider Name='Microsoft-Windows-Sysmon' Guid='{5770385f-c22a-43e0-bf4c-06f5698ffbd9}'/><EventID>22</EventID><Version>5</Version><Level>4</Level><Task>22</Task><Opcode>0</Opcode><Keywords>0x8000000000000000</Keywords><TimeCreated SystemTime='2020-05-18T06:44:53.642762900Z'/><EventRecordID>3578</EventRecordID><Correlation/><Execution ProcessID='1036' ThreadID='2544'/><Channel>Microsoft-Windows-Sysmon/Operational</Channel><Computer>DESKTOP-P84STH6</Computer><Security UserID='S-1-5-18'/></System><EventData><Data Name='RuleName'></Data><Data Name='UtcTime'>2020-05-18 06:44:52.576</Data><Data Name='ProcessGuid'>{5d3d98af-22fa-5ec2-0000-001066790e00}</Data><Data Name='ProcessId'>6816</Data><Data Name='QueryName'>www.ptt.cc</Data><Data Name='QueryStatus'>0</Data><Data Name='QueryResults'>104.31.6.163;104.31.7.163;</Data><Data Name='Image'>C:\Program Files (x86)\Google\Chrome\Application\chrome.exe</Data></EventData></Event><Event xmlns='http://schemas.microsoft.com/win/2004/08/events/event'><System><Provider Name='Microsoft-Windows-Sysmon' Guid='{5770385f-c22a-43e0-bf4c-06f5698ffbd9}'/><EventID>22</EventID><Version>5</Version><Level>4</Level><Task>22</Task><Opcode>0</Opcode><Keywords>0x8000000000000000</Keywords><TimeCreated SystemTime='2020-05-18T06:44:47.569371900Z'/><EventRecordID>3577</EventRecordID><Correlation/><Execution ProcessID='1036' ThreadID='2544'/><Channel>Microsoft-Windows-Sysmon/Operational</Channel><Computer>DESKTOP-P84STH6</Computer><Security UserID='S-1-5-18'/></System><EventData><Data Name='RuleName'></Data><Data Name='UtcTime'>2020-05-18 06:44:46.634</Data><Data Name='ProcessGuid'>{5d3d98af-22fa-5ec2-0000-001066790e00}</Data><Data Name='ProcessId'>6816</Data><Data Name='QueryName'>data.tradingview.com</Data><Data Name='QueryStatus'>0</Data><Data Name='QueryResults'>type:  5 data-us.tradingview.com;207.244.100.115;</Data><Data Name='Image'>C:\Program Files (x86)\Google\Chrome\Application\chrome.exe</Data></EventData></Event><Event xmlns='http://schemas.microsoft.com/win/2004/08/events/event'><System><Provider Name='Microsoft-Windows-Sysmon' Guid='{5770385f-c22a-43e0-bf4c-06f5698ffbd9}'/><EventID>1</EventID><Version>5</Version><Level>4</Level><Task>1</Task><Opcode>0</Opcode><Keywords>0x8000000000000000</Keywords><TimeCreated SystemTime='2020-05-18T06:44:45.749131400Z'/><EventRecordID>3576</EventRecordID><Correlation/><Execution ProcessID='1036' ThreadID='1524'/><Channel>Microsoft-Windows-Sysmon/Operational</Channel><Computer>DESKTOP-P84STH6</Computer><Security UserID='S-1-5-18'/></System><EventData><Data Name='RuleName'></Data><Data Name='UtcTime'>2020-05-18 06:44:45.736</Data><Data Name='ProcessGuid'>{5d3d98af-2edd-5ec2-0000-00108fb1f900}</Data><Data Name='ProcessId'>2488</Data><Data Name='Image'>C:\Windows\System32\svchost.exe</Data><Data Name='FileVersion'>10.0.18362.1 (WinBuild.160101.0800)</Data><Data Name='Description'>Host Process for Windows Services</Data><Data Name='Product'>Microsoft® Windows® Operating System</Data><Data Name='Company'>Microsoft Corporation</Data><Data Name='OriginalFileName'>svchost.exe</Data><Data Name='CommandLine'>C:\Windows\system32\svchost.exe -k wsappx -p</Data><Data Name='CurrentDirectory'>C:\Windows\system32\</Data><Data Name='User'>NT AUTHORITY\SYSTEM</Data><Data Name='LogonGuid'>{5d3d98af-2299-5ec2-0000-0020e7030000}</Data><Data Name='LogonId'>0x3e7</Data><Data Name='TerminalSessionId'>0</Data><Data Name='IntegrityLevel'>System</Data><Data Name='Hashes'>MD5=9520A99E77D6196D0D09833146424113,SHA256=DD191A5B23DF92E12A8852291F9FB5ED594B76A28A5A464418442584AFD1E048,IMPHASH=247B9220E5D9B720A82B2C8B5069AD69</Data><Data Name='ParentProcessGuid'>{5d3d98af-2298-5ec2-0000-00102d550000}</Data><Data Name='ParentProcessId'>556</Data><Data Name='ParentImage'>C:\Windows\System32\services.exe</Data><Data Name='ParentCommandLine'>C:\Windows\system32\services.exe</Data></EventData></Event><Event xmlns='http://schemas.microsoft.com/win/2004/08/events/event'><System><Provider Name='Microsoft-Windows-Sysmon' Guid='{5770385f-c22a-43e0-bf4c-06f5698ffbd9}'/><EventID>22</EventID><Version>5</Version><Level>4</Level><Task>22</Task><Opcode>0</Opcode><Keywords>0x8000000000000000</Keywords><TimeCreated SystemTime='2020-05-18T06:44:29.075950500Z'/><EventRecordID>3575</EventRecordID><Correlation/><Execution ProcessID='1036' ThreadID='2544'/><Channel>Microsoft-Windows-Sysmon/Operational</Channel><Computer>DESKTOP-P84STH6</Computer><Security UserID='S-1-5-18'/></System><EventData><Data Name='RuleName'></Data><Data Name='UtcTime'>2020-05-18 06:44:28.832</Data><Data Name='ProcessGuid'>{5d3d98af-22fa-5ec2-0000-001066790e00}</Data><Data Name='ProcessId'>6816</Data><Data Name='QueryName'>scontent.xx.fbcdn.net</Data><Data Name='QueryStatus'>0</Data><Data Name='QueryResults'>31.13.87.5;</Data><Data Name='Image'>C:\Program Files (x86)\Google\Chrome\Application\chrome.exe</Data></EventData></Event><Event xmlns='http://schemas.microsoft.com/win/2004/08/events/event'><System><Provider Name='Microsoft-Windows-Sysmon' Guid='{5770385f-c22a-43e0-bf4c-06f5698ffbd9}'/><EventID>22</EventID><Version>5</Version><Level>4</Level><Task>22</Task><Opcode>0</Opcode><Keywords>0x8000000000000000</Keywords><TimeCreated SystemTime='2020-05-18T06:44:29.075859700Z'/><EventRecordID>3574</EventRecordID><Correlation/><Execution ProcessID='1036' ThreadID='2544'/><Channel>Microsoft-Windows-Sysmon/Operational</Channel><Computer>DESKTOP-P84STH6</Computer><Security UserID='S-1-5-18'/></System><EventData><Data Name='RuleName'></Data><Data Name='UtcTime'>2020-05-18 06:44:28.411</Data><Data Name='ProcessGuid'>{5d3d98af-22fa-5ec2-0000-001066790e00}</Data><Data Name='ProcessId'>6816</Data><Data Name='QueryName'>external-tpe1-1.xx.fbcdn.net</Data><Data Name='QueryStatus'>0</Data><Data Name='QueryResults'>type:  5 scontent-tpe1-1.xx.fbcdn.net;31.13.87.5;</Data><Data Name='Image'>C:\Program Files (x86)\Google\Chrome\Application\chrome.exe</Data></EventData></Event><Event xmlns='http://schemas.microsoft.com/win/2004/08/events/event'><System><Provider Name='Microsoft-Windows-Sysmon' Guid='{5770385f-c22a-43e0-bf4c-06f5698ffbd9}'/><EventID>22</EventID><Version>5</Version><Level>4</Level><Task>22</Task><Opcode>0</Opcode><Keywords>0x8000000000000000</Keywords><TimeCreated SystemTime='2020-05-18T06:44:28.136627800Z'/><EventRecordID>3573</EventRecordID><Correlation/><Execution ProcessID='1036' ThreadID='2544'/><Channel>Microsoft-Windows-Sysmon/Operational</Channel><Computer>DESKTOP-P84STH6</Computer><Security UserID='S-1-5-18'/></System><EventData><Data Name='RuleName'></Data><Data Name='UtcTime'>2020-05-18 06:44:27.513</Data><Data Name='ProcessGuid'>{5d3d98af-22fa-5ec2-0000-001066790e00}</Data><Data Name='ProcessId'>6816</Data><Data Name='QueryName'>hotlist.tradingview.com</Data><Data Name='QueryStatus'>0</Data><Data Name='QueryResults'>type:  5 hotlist-us.tradingview.com;209.58.134.248;</Data><Data Name='Image'>C:\Program Files (x86)\Google\Chrome\Application\chrome.exe</Data></EventData></Event><Event xmlns='http://schemas.microsoft.com/win/2004/08/events/event'><System><Provider Name='Microsoft-Windows-Sysmon' Guid='{5770385f-c22a-43e0-bf4c-06f5698ffbd9}'/><EventID>22</EventID><Version>5</Version><Level>4</Level><Task>22</Task><Opcode>0</Opcode><Keywords>0x8000000000000000</Keywords><TimeCreated SystemTime='2020-05-18T06:44:22.612522600Z'/><EventRecordID>3572</EventRecordID><Correlation/><Execution ProcessID='1036' ThreadID='2544'/><Channel>Microsoft-Windows-Sysmon/Operational</Channel><Computer>DESKTOP-P84STH6</Computer><Security UserID='S-1-5-18'/></System><EventData><Data Name='RuleName'></Data><Data Name='UtcTime'>2020-05-18 06:44:22.398</Data><Data Name='ProcessGuid'>{5d3d98af-22fa-5ec2-0000-001066790e00}</Data><Data Name='ProcessId'>6816</Data><Data Name='QueryName'>www.dropbox.com</Data><Data Name='QueryStatus'>0</Data><Data Name='QueryResults'>type:  5 www.dropbox-dns.com;162.125.82.1;</Data><Data Name='Image'>C:\Program Files (x86)\Google\Chrome\Application\chrome.exe</Data></EventData></Event><Event xmlns='http://schemas.microsoft.com/win/2004/08/events/event'><System><Provider Name='Microsoft-Windows-Sysmon' Guid='{5770385f-c22a-43e0-bf4c-06f5698ffbd9}'/><EventID>22</EventID><Version>5</Version><Level>4</Level><Task>22</Task><Opcode>0</Opcode><Keywords>0x8000000000000000</Keywords><TimeCreated SystemTime='2020-05-18T06:44:22.612432800Z'/><EventRecordID>3571</EventRecordID><Correlation/><Execution ProcessID='1036' ThreadID='2544'/><Channel>Microsoft-Windows-Sysmon/Operational</Channel><Computer>DESKTOP-P84STH6</Computer><Security UserID='S-1-5-18'/></System><EventData><Data Name='RuleName'></Data><Data Name='UtcTime'>2020-05-18 06:44:22.352</Data><Data Name='ProcessGuid'>{5d3d98af-22fa-5ec2-0000-001066790e00}</Data><Data Name='ProcessId'>6816</Data><Data Name='QueryName'>cert.int-x3.letsencrypt.org</Data><Data Name='QueryStatus'>0</Data><Data Name='QueryResults'>type:  5 crl.root-x1.letsencrypt.org.edgekey.net;type:  5 e8652.dscx.akamaiedge.net;::ffff:104.94.40.217;</Data><Data Name='Image'>C:\Program Files (x86)\Google\Chrome\Application\chrome.exe</Data></EventData></Event><Event xmlns='http://schemas.microsoft.com/win/2004/08/events/event'><System><Provider Name='Microsoft-Windows-Sysmon' Guid='{5770385f-c22a-43e0-bf4c-06f5698ffbd9}'/><EventID>22</EventID><Version>5</Version><Level>4</Level><Task>22</Task><Opcode>0</Opcode><Keywords>0x8000000000000000</Keywords><TimeCreated SystemTime='2020-05-18T06:44:22.612150600Z'/><EventRecordID>3570</EventRecordID><Correlation/><Execution ProcessID='1036' ThreadID='2544'/><Channel>Microsoft-Windows-Sysmon/Operational</Channel><Computer>DESKTOP-P84STH6</Computer><Security UserID='S-1-5-18'/></System><EventData><Data Name='RuleName'></Data><Data Name='UtcTime'>2020-05-18 06:44:21.647</Data><Data Name='ProcessGuid'>{5d3d98af-22fa-5ec2-0000-001066790e00}</Data><Data Name='ProcessId'>6816</Data><Data Name='QueryName'>d.agkn.com</Data><Data Name='QueryStatus'>0</Data><Data Name='QueryResults'>type:  5 data.agkn.com;type:  5 d2ctznuk6ro1vp.cloudfront.net;13.35.7.15;13.35.7.30;13.35.7.92;13.35.7.52;</Data><Data Name='Image'>C:\Program Files (x86)\Google\Chrome\Application\chrome.exe</Data></EventData></Event><Event xmlns='http://schemas.microsoft.com/win/2004/08/events/event'><System><Provider Name='Microsoft-Windows-Sysmon' Guid='{5770385f-c22a-43e0-bf4c-06f5698ffbd9}'/><EventID>22</EventID><Version>5</Version><Level>4</Level><Task>22</Task><Opcode>0</Opcode><Keywords>0x8000000000000000</Keywords><TimeCreated SystemTime='2020-05-18T06:44:21.731843100Z'/><EventRecordID>3569</EventRecordID><Correlation/><Execution ProcessID='1036' ThreadID='2544'/><Channel>Microsoft-Windows-Sysmon/Operational</Channel><Computer>DESKTOP-P84STH6</Computer><Security UserID='S-1-5-18'/></System><EventData><Data Name='RuleName'></Data><Data Name='UtcTime'>2020-05-18 06:44:21.437</Data><Data Name='ProcessGuid'>{5d3d98af-22fa-5ec2-0000-001066790e00}</Data><Data Name='ProcessId'>6816</Data><Data Name='QueryName'>cc.adingo.jp</Data><Data Name='QueryStatus'>0</Data><Data Name='QueryResults'>34.195.91.242;34.206.225.118;100.25.225.218;3.217.164.228;54.85.202.116;54.164.34.2;54.242.44.147;52.72.195.204;</Data><Data Name='Image'>C:\Program Files (x86)\Google\Chrome\Application\chrome.exe</Data></EventData></Event><Event xmlns='http://schemas.microsoft.com/win/2004/08/events/event'><System><Provider Name='Microsoft-Windows-Sysmon' Guid='{5770385f-c22a-43e0-bf4c-06f5698ffbd9}'/><EventID>22</EventID><Version>5</Version><Level>4</Level><Task>22</Task><Opcode>0</Opcode><Keywords>0x8000000000000000</Keywords><TimeCreated SystemTime='2020-05-18T06:44:21.731058700Z'/><EventRecordID>3568</EventRecordID><Correlation/><Execution ProcessID='1036' ThreadID='2544'/><Channel>Microsoft-Windows-Sysmon/Operational</Channel><Computer>DESKTOP-P84STH6</Computer><Security UserID='S-1-5-18'/></System><EventData><Data Name='RuleName'></Data><Data Name='UtcTime'>2020-05-18 06:44:21.276</Data><Data Name='ProcessGuid'>{5d3d98af-22fa-5ec2-0000-001066790e00}</Data><Data Name='ProcessId'>6816</Data><Data Name='QueryName'>dl.dropboxusercontent.com</Data><Data Name='QueryStatus'>0</Data><Data Name='QueryResults'>type:  5 edge-block-www.dropbox-dns.com;162.125.82.6;</Data><Data Name='Image'>C:\Program Files (x86)\Google\Chrome\Application\chrome.exe</Data></EventData></Event><Event xmlns='http://schemas.microsoft.com/win/2004/08/events/event'><System><Provider Name='Microsoft-Windows-Sysmon' Guid='{5770385f-c22a-43e0-bf4c-06f5698ffbd9}'/><EventID>22</EventID><Version>5</Version><Level>4</Level><Task>22</Task><Opcode>0</Opcode><Keywords>0x8000000000000000</Keywords><TimeCreated SystemTime='2020-05-18T06:44:21.730844100Z'/><EventRecordID>3567</EventRecordID><Correlation/><Execution ProcessID='1036' ThreadID='2544'/><Channel>Microsoft-Windows-Sysmon/Operational</Channel><Computer>DESKTOP-P84STH6</Computer><Security UserID='S-1-5-18'/></System><EventData><Data Name='RuleName'></Data><Data Name='UtcTime'>2020-05-18 06:44:20.621</Data><Data Name='ProcessGuid'>{5d3d98af-22fa-5ec2-0000-001066790e00}</Data><Data Name='ProcessId'>6816</Data><Data Name='QueryName'>dl.dropbox.com</Data><Data Name='QueryStatus'>0</Data><Data Name='QueryResults'>type:  5 edge-block-www.dropbox-dns.com;162.125.82.6;</Data><Data Name='Image'>C:\Program Files (x86)\Google\Chrome\Application\chrome.exe</Data></EventData></Event><Event xmlns='http://schemas.microsoft.com/win/2004/08/events/event'><System><Provider Name='Microsoft-Windows-Sysmon' Guid='{5770385f-c22a-43e0-bf4c-06f5698ffbd9}'/><EventID>22</EventID><Version>5</Version><Level>4</Level><Task>22</Task><Opcode>0</Opcode><Keywords>0x8000000000000000</Keywords><TimeCreated SystemTime='2020-05-18T06:44:20.583061000Z'/><EventRecordID>3566</EventRecordID><Correlation/><Execution ProcessID='1036' ThreadID='2544'/><Channel>Microsoft-Windows-Sysmon/Operational</Channel><Computer>DESKTOP-P84STH6</Computer><Security UserID='S-1-5-18'/></System><EventData><Data Name='RuleName'></Data><Data Name='UtcTime'>2020-05-18 06:44:20.266</Data><Data Name='ProcessGuid'>{5d3d98af-22fa-5ec2-0000-001066790e00}</Data><Data Name='ProcessId'>6816</Data><Data Name='QueryName'>article.adhacker.online</Data><Data Name='QueryStatus'>0</Data><Data Name='QueryResults'>35.201.70.58;</Data><Data Name='Image'>C:\Program Files (x86)\Google\Chrome\Application\chrome.exe</Data></EventData></Event><Event xmlns='http://schemas.microsoft.com/win/2004/08/events/event'><System><Provider Name='Microsoft-Windows-Sysmon' Guid='{5770385f-c22a-43e0-bf4c-06f5698ffbd9}'/><EventID>22</EventID><Version>5</Version><Level>4</Level><Task>22</Task><Opcode>0</Opcode><Keywords>0x8000000000000000</Keywords><TimeCreated SystemTime='2020-05-18T06:44:20.582895700Z'/><EventRecordID>3565</EventRecordID><Correlation/><Execution ProcessID='1036' ThreadID='2544'/><Channel>Microsoft-Windows-Sysmon/Operational</Channel><Computer>DESKTOP-P84STH6</Computer><Security UserID='S-1-5-18'/></System><EventData><Data Name='RuleName'></Data><Data Name='UtcTime'>2020-05-18 06:44:20.056</Data><Data Name='ProcessGuid'>{5d3d98af-22fa-5ec2-0000-001066790e00}</Data><Data Name='ProcessId'>6816</Data><Data Name='QueryName'>power.adhacker.online</Data><Data Name='QueryStatus'>0</Data><Data Name='QueryResults'>34.98.84.89;</Data><Data Name='Image'>C:\Program Files (x86)\Google\Chrome\Application\chrome.exe</Data></EventData></Event><Event xmlns='http://schemas.microsoft.com/win/2004/08/events/event'><System><Provider Name='Microsoft-Windows-Sysmon' Guid='{5770385f-c22a-43e0-bf4c-06f5698ffbd9}'/><EventID>22</EventID><Version>5</Version><Level>4</Level><Task>22</Task><Opcode>0</Opcode><Keywords>0x8000000000000000</Keywords><TimeCreated SystemTime='2020-05-18T06:44:20.582807600Z'/><EventRecordID>3564</EventRecordID><Correlation/><Execution ProcessID='1036' ThreadID='2544'/><Channel>Microsoft-Windows-Sysmon/Operational</Channel><Computer>DESKTOP-P84STH6</Computer><Security UserID='S-1-5-18'/></System><EventData><Data Name='RuleName'></Data><Data Name='UtcTime'>2020-05-18 06:44:19.941</Data><Data Name='ProcessGuid'>{5d3d98af-22fa-5ec2-0000-001066790e00}</Data><Data Name='ProcessId'>6816</Data><Data Name='QueryName'>dl.getdropbox.com</Data><Data Name='QueryStatus'>0</Data><Data Name='QueryResults'>type:  5 edge-misc.dropbox-dns.com;162.125.82.2;</Data><Data Name='Image'>C:\Program Files (x86)\Google\Chrome\Application\chrome.exe</Data></EventData></Event><Event xmlns='http://schemas.microsoft.com/win/2004/08/events/event'><System><Provider Name='Microsoft-Windows-Sysmon' Guid='{5770385f-c22a-43e0-bf4c-06f5698ffbd9}'/><EventID>22</EventID><Version>5</Version><Level>4</Level><Task>22</Task><Opcode>0</Opcode><Keywords>0x8000000000000000</Keywords><TimeCreated SystemTime='2020-05-18T06:44:20.582716400Z'/><EventRecordID>3563</EventRecordID><Correlation/><Execution ProcessID='1036' ThreadID='2544'/><Channel>Microsoft-Windows-Sysmon/Operational</Channel><Computer>DESKTOP-P84STH6</Computer><Security UserID='S-1-5-18'/></System><EventData><Data Name='RuleName'></Data><Data Name='UtcTime'>2020-05-18 06:44:19.859</Data><Data Name='ProcessGuid'>{5d3d98af-22fa-5ec2-0000-001066790e00}</Data><Data Name='ProcessId'>6816</Data><Data Name='QueryName'>content-autofill.googleapis.com</Data><Data Name='QueryStatus'>0</Data><Data Name='QueryResults'>172.217.27.138;</Data><Data Name='Image'>C:\Program Files (x86)\Google\Chrome\Application\chrome.exe</Data></EventData></Event><Event xmlns='http://schemas.microsoft.com/win/2004/08/events/event'><System><Provider Name='Microsoft-Windows-Sysmon' Guid='{5770385f-c22a-43e0-bf4c-06f5698ffbd9}'/><EventID>22</EventID><Version>5</Version><Level>4</Level><Task>22</Task><Opcode>0</Opcode><Keywords>0x8000000000000000</Keywords><TimeCreated SystemTime='2020-05-18T06:44:18.573381900Z'/><EventRecordID>3562</EventRecordID><Correlation/><Execution ProcessID='1036' ThreadID='2544'/><Channel>Microsoft-Windows-Sysmon/Operational</Channel><Computer>DESKTOP-P84STH6</Computer><Security UserID='S-1-5-18'/></System><EventData><Data Name='RuleName'></Data><Data Name='UtcTime'>2020-05-18 06:44:17.793</Data><Data Name='ProcessGuid'>{5d3d98af-22fa-5ec2-0000-001066790e00}</Data><Data Name='ProcessId'>6816</Data><Data Name='QueryName'>www.blogblog.com</Data><Data Name='QueryStatus'>0</Data><Data Name='QueryResults'>type:  5 blogger.l.google.com;216.58.200.41;</Data><Data Name='Image'>C:\Program Files (x86)\Google\Chrome\Application\chrome.exe</Data></EventData></Event><Event xmlns='http://schemas.microsoft.com/win/2004/08/events/event'><System><Provider Name='Microsoft-Windows-Sysmon' Guid='{5770385f-c22a-43e0-bf4c-06f5698ffbd9}'/><EventID>22</EventID><Version>5</Version><Level>4</Level><Task>22</Task><Opcode>0</Opcode><Keywords>0x8000000000000000</Keywords><TimeCreated SystemTime='2020-05-18T06:44:18.573282500Z'/><EventRecordID>3561</EventRecordID><Correlation/><Execution ProcessID='1036' ThreadID='2544'/><Channel>Microsoft-Windows-Sysmon/Operational</Channel><Computer>DESKTOP-P84STH6</Computer><Security UserID='S-1-5-18'/></System><EventData><Data Name='RuleName'></Data><Data Name='UtcTime'>2020-05-18 06:44:17.743</Data><Data Name='ProcessGuid'>{5d3d98af-22fa-5ec2-0000-001066790e00}</Data><Data Name='ProcessId'>6816</Data><Data Name='QueryName'>alliance.breaktime.com.tw</Data><Data Name='QueryStatus'>0</Data><Data Name='QueryResults'>35.244.138.40;</Data><Data Name='Image'>C:\Program Files (x86)\Google\Chrome\Application\chrome.exe</Data></EventData></Event><Event xmlns='http://schemas.microsoft.com/win/2004/08/events/event'><System><Provider Name='Microsoft-Windows-Sysmon' Guid='{5770385f-c22a-43e0-bf4c-06f5698ffbd9}'/><EventID>22</EventID><Version>5</Version><Level>4</Level><Task>22</Task><Opcode>0</Opcode><Keywords>0x8000000000000000</Keywords><TimeCreated SystemTime='2020-05-18T06:44:17.640300800Z'/><EventRecordID>3560</EventRecordID><Correlation/><Execution ProcessID='1036' ThreadID='2544'/><Channel>Microsoft-Windows-Sysmon/Operational</Channel><Computer>DESKTOP-P84STH6</Computer><Security UserID='S-1-5-18'/></System><EventData><Data Name='RuleName'></Data><Data Name='UtcTime'>2020-05-18 06:44:17.551</Data><Data Name='ProcessGuid'>{5d3d98af-22fa-5ec2-0000-001066790e00}</Data><Data Name='ProcessId'>6816</Data><Data Name='QueryName'>lh6.googleusercontent.com</Data><Data Name='QueryStatus'>0</Data><Data Name='QueryResults'>type:  5 googlehosted.l.googleusercontent.com;172.217.27.129;</Data><Data Name='Image'>C:\Program Files (x86)\Google\Chrome\Application\chrome.exe</Data></EventData></Event><Event xmlns='http://schemas.microsoft.com/win/2004/08/events/event'><System><Provider Name='Microsoft-Windows-Sysmon' Guid='{5770385f-c22a-43e0-bf4c-06f5698ffbd9}'/><EventID>22</EventID><Version>5</Version><Level>4</Level><Task>22</Task><Opcode>0</Opcode><Keywords>0x8000000000000000</Keywords><TimeCreated SystemTime='2020-05-18T06:44:17.640210200Z'/><EventRecordID>3559</EventRecordID><Correlation/><Execution ProcessID='1036' ThreadID='2544'/><Channel>Microsoft-Windows-Sysmon/Operational</Channel><Computer>DESKTOP-P84STH6</Computer><Security UserID='S-1-5-18'/></System><EventData><Data Name='RuleName'></Data><Data Name='UtcTime'>2020-05-18 06:44:17.245</Data><Data Name='ProcessGuid'>{5d3d98af-22fa-5ec2-0000-001066790e00}</Data><Data Name='ProcessId'>6816</Data><Data Name='QueryName'>resources.blogblog.com</Data><Data Name='QueryStatus'>0</Data><Data Name='QueryResults'>type:  5 blogger.l.google.com;216.58.200.41;</Data><Data Name='Image'>C:\Program Files (x86)\Google\Chrome\Application\chrome.exe</Data></EventData></Event><Event xmlns='http://schemas.microsoft.com/win/2004/08/events/event'><System><Provider Name='Microsoft-Windows-Sysmon' Guid='{5770385f-c22a-43e0-bf4c-06f5698ffbd9}'/><EventID>22</EventID><Version>5</Version><Level>4</Level><Task>22</Task><Opcode>0</Opcode><Keywords>0x8000000000000000</Keywords><TimeCreated SystemTime='2020-05-18T06:44:17.640123300Z'/><EventRecordID>3558</EventRecordID><Correlation/><Execution ProcessID='1036' ThreadID='2544'/><Channel>Microsoft-Windows-Sysmon/Operational</Channel><Computer>DESKTOP-P84STH6</Computer><Security UserID='S-1-5-18'/></System><EventData><Data Name='RuleName'></Data><Data Name='UtcTime'>2020-05-18 06:44:17.197</Data><Data Name='ProcessGuid'>{5d3d98af-22fa-5ec2-0000-001066790e00}</Data><Data Name='ProcessId'>6816</Data><Data Name='QueryName'>lh3.googleusercontent.com</Data><Data Name='QueryStatus'>0</Data><Data Name='QueryResults'>type:  5 googlehosted.l.googleusercontent.com;172.217.27.129;</Data><Data Name='Image'>C:\Program Files (x86)\Google\Chrome\Application\chrome.exe</Data></EventData></Event><Event xmlns='http://schemas.microsoft.com/win/2004/08/events/event'><System><Provider Name='Microsoft-Windows-Sysmon' Guid='{5770385f-c22a-43e0-bf4c-06f5698ffbd9}'/><EventID>22</EventID><Version>5</Version><Level>4</Level><Task>22</Task><Opcode>0</Opcode><Keywords>0x8000000000000000</Keywords><TimeCreated SystemTime='2020-05-18T06:44:17.640032100Z'/><EventRecordID>3557</EventRecordID><Correlation/><Execution ProcessID='1036' ThreadID='2544'/><Channel>Microsoft-Windows-Sysmon/Operational</Channel><Computer>DESKTOP-P84STH6</Computer><Security UserID='S-1-5-18'/></System><EventData><Data Name='RuleName'></Data><Data Name='UtcTime'>2020-05-18 06:44:17.121</Data><Data Name='ProcessGuid'>{5d3d98af-22fa-5ec2-0000-001066790e00}</Data><Data Name='ProcessId'>6816</Data><Data Name='QueryName'>1.bp.blogspot.com</Data><Data Name='QueryStatus'>0</Data><Data Name='QueryResults'>type:  5 photos-ugc.l.googleusercontent.com;216.58.200.225;</Data><Data Name='Image'>C:\Program Files (x86)\Google\Chrome\Application\chrome.exe</Data></EventData></Event><Event xmlns='http://schemas.microsoft.com/win/2004/08/events/event'><System><Provider Name='Microsoft-Windows-Sysmon' Guid='{5770385f-c22a-43e0-bf4c-06f5698ffbd9}'/><EventID>22</EventID><Version>5</Version><Level>4</Level><Task>22</Task><Opcode>0</Opcode><Keywords>0x8000000000000000</Keywords><TimeCreated SystemTime='2020-05-18T06:44:17.639875600Z'/><EventRecordID>3556</EventRecordID><Correlation/><Execution ProcessID='1036' ThreadID='2544'/><Channel>Microsoft-Windows-Sysmon/Operational</Channel><Computer>DESKTOP-P84STH6</Computer><Security UserID='S-1-5-18'/></System><EventData><Data Name='RuleName'></Data><Data Name='UtcTime'>2020-05-18 06:44:17.102</Data><Data Name='ProcessGuid'>{5d3d98af-22fa-5ec2-0000-001066790e00}</Data><Data Name='ProcessId'>6816</Data><Data Name='QueryName'>www.books.com.tw</Data><Data Name='QueryStatus'>0</Data><Data Name='QueryResults'>type:  5 www.gtm.books.com.tw;113.196.250.30;112.121.96.30;</Data><Data Name='Image'>C:\Program Files (x86)\Google\Chrome\Application\chrome.exe</Data></EventData></Event><Event xmlns='http://schemas.microsoft.com/win/2004/08/events/event'><System><Provider Name='Microsoft-Windows-Sysmon' Guid='{5770385f-c22a-43e0-bf4c-06f5698ffbd9}'/><EventID>22</EventID><Version>5</Version><Level>4</Level><Task>22</Task><Opcode>0</Opcode><Keywords>0x8000000000000000</Keywords><TimeCreated SystemTime='2020-05-18T06:44:17.639779200Z'/><EventRecordID>3555</EventRecordID><Correlation/><Execution ProcessID='1036' ThreadID='2544'/><Channel>Microsoft-Windows-Sysmon/Operational</Channel><Computer>DESKTOP-P84STH6</Computer><Security UserID='S-1-5-18'/></System><EventData><Data Name='RuleName'></Data><Data Name='UtcTime'>2020-05-18 06:44:16.889</Data><Data Name='ProcessGuid'>{5d3d98af-22fa-5ec2-0000-001066790e00}</Data><Data Name='ProcessId'>6816</Data><Data Name='QueryName'>catalyst.breaktime.com.tw</Data><Data Name='QueryStatus'>0</Data><Data Name='QueryResults'>35.201.70.58;</Data><Data Name='Image'>C:\Program Files (x86)\Google\Chrome\Application\chrome.exe</Data></EventData></Event><Event xmlns='http://schemas.microsoft.com/win/2004/08/events/event'><System><Provider Name='Microsoft-Windows-Sysmon' Guid='{5770385f-c22a-43e0-bf4c-06f5698ffbd9}'/><EventID>22</EventID><Version>5</Version><Level>4</Level><Task>22</Task><Opcode>0</Opcode><Keywords>0x8000000000000000</Keywords><TimeCreated SystemTime='2020-05-18T06:44:17.639686600Z'/><EventRecordID>3554</EventRecordID><Correlation/><Execution ProcessID='1036' ThreadID='2544'/><Channel>Microsoft-Windows-Sysmon/Operational</Channel><Computer>DESKTOP-P84STH6</Computer><Security UserID='S-1-5-18'/></System><EventData><Data Name='RuleName'></Data><Data Name='UtcTime'>2020-05-18 06:44:16.753</Data><Data Name='ProcessGuid'>{5d3d98af-22fa-5ec2-0000-001066790e00}</Data><Data Name='ProcessId'>6816</Data><Data Name='QueryName'>www.blogger.com</Data><Data Name='QueryStatus'>0</Data><Data Name='QueryResults'>type:  5 blogger.l.google.com;216.58.200.41;</Data><Data Name='Image'>C:\Program Files (x86)\Google\Chrome\Application\chrome.exe</Data></EventData></Event><Event xmlns='http://schemas.microsoft.com/win/2004/08/events/event'><System><Provider Name='Microsoft-Windows-Sysmon' Guid='{5770385f-c22a-43e0-bf4c-06f5698ffbd9}'/><EventID>22</EventID><Version>5</Version><Level>4</Level><Task>22</Task><Opcode>0</Opcode><Keywords>0x8000000000000000</Keywords><TimeCreated SystemTime='2020-05-18T06:44:17.639505500Z'/><EventRecordID>3553</EventRecordID><Correlation/><Execution ProcessID='1036' ThreadID='2544'/><Channel>Microsoft-Windows-Sysmon/Operational</Channel><Computer>DESKTOP-P84STH6</Computer><Security UserID='S-1-5-18'/></System><EventData><Data Name='RuleName'></Data><Data Name='UtcTime'>2020-05-18 06:44:16.714</Data><Data Name='ProcessGuid'>{5d3d98af-22fa-5ec2-0000-001066790e00}</Data><Data Name='ProcessId'>6816</Data><Data Name='QueryName'>a.breaktime.com.tw</Data><Data Name='QueryStatus'>0</Data><Data Name='QueryResults'>35.201.70.58;</Data><Data Name='Image'>C:\Program Files (x86)\Google\Chrome\Application\chrome.exe</Data></EventData></Event><Event xmlns='http://schemas.microsoft.com/win/2004/08/events/event'><System><Provider Name='Microsoft-Windows-Sysmon' Guid='{5770385f-c22a-43e0-bf4c-06f5698ffbd9}'/><EventID>22</EventID><Version>5</Version><Level>4</Level><Task>22</Task><Opcode>0</Opcode><Keywords>0x8000000000000000</Keywords><TimeCreated SystemTime='2020-05-18T06:44:16.563792800Z'/><EventRecordID>3552</EventRecordID><Correlation/><Execution ProcessID='1036' ThreadID='2544'/><Channel>Microsoft-Windows-Sysmon/Operational</Channel><Computer>DESKTOP-P84STH6</Computer><Security UserID='S-1-5-18'/></System><EventData><Data Name='RuleName'></Data><Data Name='UtcTime'>2020-05-18 06:44:16.098</Data><Data Name='ProcessGuid'>{5d3d98af-22fa-5ec2-0000-001066790e00}</Data><Data Name='ProcessId'>6816</Data><Data Name='QueryName'>finance.ffaarr.com.tw</Data><Data Name='QueryStatus'>0</Data><Data Name='QueryResults'>type:  5 ghs.google.com;172.217.160.115;216.239.32.10;2001:4860:4802:32::a;216.239.34.10;2001:4860:4802:34::a;216.239.36.10;216.239.38.10;</Data><Data Name='Image'>C:\Program Files (x86)\Google\Chrome\Application\chrome.exe</Data></EventData></Event><Event xmlns='http://schemas.microsoft.com/win/2004/08/events/event'><System><Provider Name='Microsoft-Windows-Sysmon' Guid='{5770385f-c22a-43e0-bf4c-06f5698ffbd9}'/><EventID>22</EventID><Version>5</Version><Level>4</Level><Task>22</Task><Opcode>0</Opcode><Keywords>0x8000000000000000</Keywords><TimeCreated SystemTime='2020-05-18T06:44:15.554027800Z'/><EventRecordID>3551</EventRecordID><Correlation/><Execution ProcessID='1036' ThreadID='2544'/><Channel>Microsoft-Windows-Sysmon/Operational</Channel><Computer>DESKTOP-P84STH6</Computer><Security UserID='S-1-5-18'/></System><EventData><Data Name='RuleName'></Data><Data Name='UtcTime'>2020-05-18 06:44:14.684</Data><Data Name='ProcessGuid'>{5d3d98af-22fa-5ec2-0000-001066790e00}</Data><Data Name='ProcessId'>6816</Data><Data Name='QueryName'>xn--mprwn11joac607e</Data><Data Name='QueryStatus'>123</Data><Data Name='QueryResults'></Data><Data Name='Image'>C:\Program Files (x86)\Google\Chrome\Application\chrome.exe</Data></EventData></Event><Event xmlns='http://schemas.microsoft.com/win/2004/08/events/event'><System><Provider Name='Microsoft-Windows-Sysmon' Guid='{5770385f-c22a-43e0-bf4c-06f5698ffbd9}'/><EventID>22</EventID><Version>5</Version><Level>4</Level><Task>22</Task><Opcode>0</Opcode><Keywords>0x8000000000000000</Keywords><TimeCreated SystemTime='2020-05-18T06:43:43.322229300Z'/><EventRecordID>3550</EventRecordID><Correlation/><Execution ProcessID='1036' ThreadID='2544'/><Channel>Microsoft-Windows-Sysmon/Operational</Channel><Computer>DESKTOP-P84STH6</Computer><Security UserID='S-1-5-18'/></System><EventData><Data Name='RuleName'></Data><Data Name='UtcTime'>2020-05-18 06:43:43.095</Data><Data Name='ProcessGuid'>{5d3d98af-22fa-5ec2-0000-001066790e00}</Data><Data Name='ProcessId'>6816</Data><Data Name='QueryName'>apis.google.com</Data><Data Name='QueryStatus'>0</Data><Data Name='QueryResults'>type:  5 plus.l.google.com;172.217.160.110;</Data><Data Name='Image'>C:\Program Files (x86)\Google\Chrome\Application\chrome.exe</Data></EventData></Event><Event xmlns='http://schemas.microsoft.com/win/2004/08/events/event'><System><Provider Name='Microsoft-Windows-Sysmon' Guid='{5770385f-c22a-43e0-bf4c-06f5698ffbd9}'/><EventID>22</EventID><Version>5</Version><Level>4</Level><Task>22</Task><Opcode>0</Opcode><Keywords>0x8000000000000000</Keywords><TimeCreated SystemTime='2020-05-18T06:43:36.322465700Z'/><EventRecordID>3549</EventRecordID><Correlation/><Execution ProcessID='1036' ThreadID='2544'/><Channel>Microsoft-Windows-Sysmon/Operational</Channel><Computer>DESKTOP-P84STH6</Computer><Security UserID='S-1-5-18'/></System><EventData><Data Name='RuleName'></Data><Data Name='UtcTime'>2020-05-18 06:43:35.328</Data><Data Name='ProcessGuid'>{5d3d98af-22fa-5ec2-0000-001066790e00}</Data><Data Name='ProcessId'>6816</Data><Data Name='QueryName'>data.tradingview.com</Data><Data Name='QueryStatus'>0</Data><Data Name='QueryResults'>type:  5 data-us.tradingview.com;92.38.169.28;</Data><Data Name='Image'>C:\Program Files (x86)\Google\Chrome\Application\chrome.exe</Data></EventData></Event><Event xmlns='http://schemas.microsoft.com/win/2004/08/events/event'><System><Provider Name='Microsoft-Windows-Sysmon' Guid='{5770385f-c22a-43e0-bf4c-06f5698ffbd9}'/><EventID>22</EventID><Version>5</Version><Level>4</Level><Task>22</Task><Opcode>0</Opcode><Keywords>0x8000000000000000</Keywords><TimeCreated SystemTime='2020-05-18T06:43:31.693547900Z'/><EventRecordID>3548</EventRecordID><Correlation/><Execution ProcessID='1036' ThreadID='2544'/><Channel>Microsoft-Windows-Sysmon/Operational</Channel><Computer>DESKTOP-P84STH6</Computer><Security UserID='S-1-5-18'/></System><EventData><Data Name='RuleName'></Data><Data Name='UtcTime'>2020-05-18 06:43:30.696</Data><Data Name='ProcessGuid'>{5d3d98af-22fa-5ec2-0000-001066790e00}</Data><Data Name='ProcessId'>6816</Data><Data Name='QueryName'>tw.tradingview.com</Data><Data Name='QueryStatus'>0</Data><Data Name='QueryResults'>type:  5 d1q9ljqir4kc24.cloudfront.net;13.35.163.78;13.35.163.42;13.35.163.37;13.35.163.66;</Data><Data Name='Image'>C:\Program Files (x86)\Google\Chrome\Application\chrome.exe</Data></EventData></Event>