<Event xmlns='http://schemas.microsoft.com/win/2004/08/events/event'><System><Provider Name='Microsoft-Windows-Sysmon' Guid='{5770385f-c22a-43e0-bf4c-06f5698ffbd9}'/><EventID>22</EventID><Version>5</Version><Level>4</Level><Task>22</Task><Opcode>0</Opcode><Keywords>0x8000000000000000</Keywords><TimeCreated SystemTime='2020-05-18T06:22:12.941253100Z'/><EventRecordID>2839</EventRecordID><Correlation/><Execution ProcessID='2844' ThreadID='3988'/><Channel>Microsoft-Windows-Sysmon/Operational</Channel><Computer>DESKTOP-P84STH6</Computer><Security UserID='S-1-5-18'/></System><EventData><Data Name='RuleName'></Data><Data Name='UtcTime'>2020-05-18 06:22:10.227</Data><Data Name='ProcessGuid'>{5d3d98af-2977-5ec2-0000-0010c6e72b00}</Data><Data Name='ProcessId'>3160</Data><Data Name='QueryName'>s2.googleusercontent.com</Data><Data Name='QueryStatus'>0</Data><Data Name='QueryResults'>type:  5 googlehosted.l.googleusercontent.com;172.217.160.65;</Data><Data Name='Image'>C:\Program Files (x86)\Google\Chrome\Application\chrome.exe</Data></EventData></Event><Event xmlns='http://schemas.microsoft.com/win/2004/08/events/event'><System><Provider Name='Microsoft-Windows-Sysmon' Guid='{5770385f-c22a-43e0-bf4c-06f5698ffbd9}'/><EventID>22</EventID><Version>5</Version><Level>4</Level><Task>22</Task><Opcode>0</Opcode><Keywords>0x8000000000000000</Keywords><TimeCreated SystemTime='2020-05-18T06:22:12.941146200Z'/><EventRecordID>2838</EventRecordID><Correlation/><Execution ProcessID='2844' ThreadID='3988'/><Channel>Microsoft-Windows-Sysmon/Operational</Channel><Computer>DESKTOP-P84STH6</Computer><Security UserID='S-1-5-18'/></System><EventData><Data Name='RuleName'></Data><Data Name='UtcTime'>2020-05-18 06:22:10.098</Data><Data Name='ProcessGuid'>{5d3d98af-2977-5ec2-0000-0010c6e72b00}</Data><Data Name='ProcessId'>3160</Data><Data Name='QueryName'>yt3.ggpht.com</Data><Data Name='QueryStatus'>0</Data><Data Name='QueryResults'>type:  5 photos-ugc.l.googleusercontent.com;172.217.160.97;</Data><Data Name='Image'>C:\Program Files (x86)\Google\Chrome\Application\chrome.exe</Data></EventData></Event><Event xmlns='http://schemas.microsoft.com/win/2004/08/events/event'><System><Provider Name='Microsoft-Windows-Sysmon' Guid='{5770385f-c22a-43e0-bf4c-06f5698ffbd9}'/><EventID>22</EventID><Version>5</Version><Level>4</Level><Task>22</Task><Opcode>0</Opcode><Keywords>0x8000000000000000</Keywords><TimeCreated SystemTime='2020-05-18T06:22:09.935841100Z'/><EventRecordID>2837</EventRecordID><Correlation/><Execution ProcessID='2844' ThreadID='3988'/><Channel>Microsoft-Windows-Sysmon/Operational</Channel><Computer>DESKTOP-P84STH6</Computer><Security UserID='S-1-5-18'/></System><EventData><Data Name='RuleName'></Data><Data Name='UtcTime'>2020-05-18 06:22:07.508</Data><Data Name='ProcessGuid'>{5d3d98af-2977-5ec2-0000-0010c6e72b00}</Data><Data Name='ProcessId'>3160</Data><Data Name='QueryName'>youtube</Data><Data Name='QueryStatus'>123</Data><Data Name='QueryResults'></Data><Data Name='Image'>C:\Program Files (x86)\Google\Chrome\Application\chrome.exe</Data></EventData></Event><Event xmlns='http://schemas.microsoft.com/win/2004/08/events/event'><System><Provider Name='Microsoft-Windows-Sysmon' Guid='{5770385f-c22a-43e0-bf4c-06f5698ffbd9}'/><EventID>22</EventID><Version>5</Version><Level>4</Level><Task>22</Task><Opcode>0</Opcode><Keywords>0x8000000000000000</Keywords><TimeCreated SystemTime='2020-05-18T06:22:09.935651100Z'/><EventRecordID>2836</EventRecordID><Correlation/><Execution ProcessID='2844' ThreadID='3988'/><Channel>Microsoft-Windows-Sysmon/Operational</Channel><Computer>DESKTOP-P84STH6</Computer><Security UserID='S-1-5-18'/></System><EventData><Data Name='RuleName'></Data><Data Name='UtcTime'>2020-05-18 06:22:07.098</Data><Data Name='ProcessGuid'>{5d3d98af-2977-5ec2-0000-0010c6e72b00}</Data><Data Name='ProcessId'>3160</Data><Data Name='QueryName'>www.youtube.com</Data><Data Name='QueryStatus'>0</Data><Data Name='QueryResults'>type:  5 youtube-ui.l.google.com;172.217.160.78;216.58.200.238;172.217.27.142;172.217.160.110;172.217.24.14;216.58.200.46;</Data><Data Name='Image'>C:\Program Files (x86)\Google\Chrome\Application\chrome.exe</Data></EventData></Event><Event xmlns='http://schemas.microsoft.com/win/2004/08/events/event'><System><Provider Name='Microsoft-Windows-Sysmon' Guid='{5770385f-c22a-43e0-bf4c-06f5698ffbd9}'/><EventID>22</EventID><Version>5</Version><Level>4</Level><Task>22</Task><Opcode>0</Opcode><Keywords>0x8000000000000000</Keywords><TimeCreated SystemTime='2020-05-18T06:22:08.933216700Z'/><EventRecordID>2835</EventRecordID><Correlation/><Execution ProcessID='2844' ThreadID='3988'/><Channel>Microsoft-Windows-Sysmon/Operational</Channel><Computer>DESKTOP-P84STH6</Computer><Security UserID='S-1-5-18'/></System><EventData><Data Name='RuleName'></Data><Data Name='UtcTime'>2020-05-18 06:22:06.790</Data><Data Name='ProcessGuid'>{5d3d98af-2977-5ec2-0000-0010c6e72b00}</Data><Data Name='ProcessId'>3160</Data><Data Name='QueryName'>adservice.google.com.tw</Data><Data Name='QueryStatus'>0</Data><Data Name='QueryResults'>type:  5 pagead46.l.doubleclick.net;216.58.200.34;</Data><Data Name='Image'>C:\Program Files (x86)\Google\Chrome\Application\chrome.exe</Data></EventData></Event><Event xmlns='http://schemas.microsoft.com/win/2004/08/events/event'><System><Provider Name='Microsoft-Windows-Sysmon' Guid='{5770385f-c22a-43e0-bf4c-06f5698ffbd9}'/><EventID>22</EventID><Version>5</Version><Level>4</Level><Task>22</Task><Opcode>0</Opcode><Keywords>0x8000000000000000</Keywords><TimeCreated SystemTime='2020-05-18T06:22:08.933109600Z'/><EventRecordID>2834</EventRecordID><Correlation/><Execution ProcessID='2844' ThreadID='3988'/><Channel>Microsoft-Windows-Sysmon/Operational</Channel><Computer>DESKTOP-P84STH6</Computer><Security UserID='S-1-5-18'/></System><EventData><Data Name='RuleName'></Data><Data Name='UtcTime'>2020-05-18 06:22:06.756</Data><Data Name='ProcessGuid'>{5d3d98af-2977-5ec2-0000-0010c6e72b00}</Data><Data Name='ProcessId'>3160</Data><Data Name='QueryName'>content-autofill.googleapis.com</Data><Data Name='QueryStatus'>0</Data><Data Name='QueryResults'>172.217.160.106;</Data><Data Name='Image'>C:\Program Files (x86)\Google\Chrome\Application\chrome.exe</Data></EventData></Event><Event xmlns='http://schemas.microsoft.com/win/2004/08/events/event'><System><Provider Name='Microsoft-Windows-Sysmon' Guid='{5770385f-c22a-43e0-bf4c-06f5698ffbd9}'/><EventID>22</EventID><Version>5</Version><Level>4</Level><Task>22</Task><Opcode>0</Opcode><Keywords>0x8000000000000000</Keywords><TimeCreated SystemTime='2020-05-18T06:22:08.932874500Z'/><EventRecordID>2833</EventRecordID><Correlation/><Execution ProcessID='2844' ThreadID='3988'/><Channel>Microsoft-Windows-Sysmon/Operational</Channel><Computer>DESKTOP-P84STH6</Computer><Security UserID='S-1-5-18'/></System><EventData><Data Name='RuleName'></Data><Data Name='UtcTime'>2020-05-18 06:22:06.632</Data><Data Name='ProcessGuid'>{5d3d98af-2977-5ec2-0000-0010c6e72b00}</Data><Data Name='ProcessId'>3160</Data><Data Name='QueryName'>www.google.com.tw</Data><Data Name='QueryStatus'>0</Data><Data Name='QueryResults'>172.217.160.99;</Data><Data Name='Image'>C:\Program Files (x86)\Google\Chrome\Application\chrome.exe</Data></EventData></Event><Event xmlns='http://schemas.microsoft.com/win/2004/08/events/event'><System><Provider Name='Microsoft-Windows-Sysmon' Guid='{5770385f-c22a-43e0-bf4c-06f5698ffbd9}'/><EventID>8</EventID><Version>2</Version><Level>4</Level><Task>8</Task><Opcode>0</Opcode><Keywords>0x8000000000000000</Keywords><TimeCreated SystemTime='2020-05-18T06:22:03.331545200Z'/><EventRecordID>2832</EventRecordID><Correlation/><Execution ProcessID='2844' ThreadID='3992'/><Channel>Microsoft-Windows-Sysmon/Operational</Channel><Computer>DESKTOP-P84STH6</Computer><Security UserID='S-1-5-18'/></System><EventData><Data Name='RuleName'></Data><Data Name='UtcTime'>2020-05-18 06:22:03.327</Data><Data Name='SourceProcessGuid'>{5d3d98af-25af-5ec2-0000-0010242e0900}</Data><Data Name='SourceProcessId'>6556</Data><Data Name='SourceImage'>C:\Windows\System32\VBoxTray.exe</Data><Data Name='TargetProcessGuid'>{5d3d98af-2583-5ec2-0000-001006560000}</Data><Data Name='TargetProcessId'>544</Data><Data Name='TargetImage'>C:\Windows\System32\csrss.exe</Data><Data Name='NewThreadId'>4028</Data><Data Name='StartAddress'>0xFFFFA70BEBC32460</Data><Data Name='StartModule'></Data><Data Name='StartFunction'></Data></EventData></Event><Event xmlns='http://schemas.microsoft.com/win/2004/08/events/event'><System><Provider Name='Microsoft-Windows-Sysmon' Guid='{5770385f-c22a-43e0-bf4c-06f5698ffbd9}'/><EventID>8</EventID><Version>2</Version><Level>4</Level><Task>8</Task><Opcode>0</Opcode><Keywords>0x8000000000000000</Keywords><TimeCreated SystemTime='2020-05-18T06:22:02.481134500Z'/><EventRecordID>2831</EventRecordID><Correlation/><Execution ProcessID='2844' ThreadID='3992'/><Channel>Microsoft-Windows-Sysmon/Operational</Channel><Computer>DESKTOP-P84STH6</Computer><Security UserID='S-1-5-18'/></System><EventData><Data Name='RuleName'></Data><Data Name='UtcTime'>2020-05-18 06:22:02.469</Data><Data Name='SourceProcessGuid'>{5d3d98af-25af-5ec2-0000-0010242e0900}</Data><Data Name='SourceProcessId'>6556</Data><Data Name='SourceImage'>C:\Windows\System32\VBoxTray.exe</Data><Data Name='TargetProcessGuid'>{5d3d98af-2583-5ec2-0000-001006560000}</Data><Data Name='TargetProcessId'>544</Data><Data Name='TargetImage'>C:\Windows\System32\csrss.exe</Data><Data Name='NewThreadId'>3552</Data><Data Name='StartAddress'>0xFFFFA70BEBC32460</Data><Data Name='StartModule'></Data><Data Name='StartFunction'></Data></EventData></Event><Event xmlns='http://schemas.microsoft.com/win/2004/08/events/event'><System><Provider Name='Microsoft-Windows-Sysmon' Guid='{5770385f-c22a-43e0-bf4c-06f5698ffbd9}'/><EventID>22</EventID><Version>5</Version><Level>4</Level><Task>22</Task><Opcode>0</Opcode><Keywords>0x8000000000000000</Keywords><TimeCreated SystemTime='2020-05-18T06:21:54.463796800Z'/><EventRecordID>2830</EventRecordID><Correlation/><Execution ProcessID='2844' ThreadID='3988'/><Channel>Microsoft-Windows-Sysmon/Operational</Channel><Computer>DESKTOP-P84STH6</Computer><Security UserID='S-1-5-18'/></System><EventData><Data Name='RuleName'></Data><Data Name='UtcTime'>2020-05-18 06:21:50.999</Data><Data Name='ProcessGuid'>{5d3d98af-2977-5ec2-0000-0010c6e72b00}</Data><Data Name='ProcessId'>3160</Data><Data Name='QueryName'>uldifwguf</Data><Data Name='QueryStatus'>123</Data><Data Name='QueryResults'></Data><Data Name='Image'>C:\Program Files (x86)\Google\Chrome\Application\chrome.exe</Data></EventData></Event><Event xmlns='http://schemas.microsoft.com/win/2004/08/events/event'><System><Provider Name='Microsoft-Windows-Sysmon' Guid='{5770385f-c22a-43e0-bf4c-06f5698ffbd9}'/><EventID>22</EventID><Version>5</Version><Level>4</Level><Task>22</Task><Opcode>0</Opcode><Keywords>0x8000000000000000</Keywords><TimeCreated SystemTime='2020-05-18T06:21:54.463684400Z'/><EventRecordID>2829</EventRecordID><Correlation/><Execution ProcessID='2844' ThreadID='3988'/><Channel>Microsoft-Windows-Sysmon/Operational</Channel><Computer>DESKTOP-P84STH6</Computer><Security UserID='S-1-5-18'/></System><EventData><Data Name='RuleName'></Data><Data Name='UtcTime'>2020-05-18 06:21:50.999</Data><Data Name='ProcessGuid'>{5d3d98af-2977-5ec2-0000-0010c6e72b00}</Data><Data Name='ProcessId'>3160</Data><Data Name='QueryName'>ffghygiylluxt</Data><Data Name='QueryStatus'>123</Data><Data Name='QueryResults'></Data><Data Name='Image'>C:\Program Files (x86)\Google\Chrome\Application\chrome.exe</Data></EventData></Event><Event xmlns='http://schemas.microsoft.com/win/2004/08/events/event'><System><Provider Name='Microsoft-Windows-Sysmon' Guid='{5770385f-c22a-43e0-bf4c-06f5698ffbd9}'/><EventID>22</EventID><Version>5</Version><Level>4</Level><Task>22</Task><Opcode>0</Opcode><Keywords>0x8000000000000000</Keywords><TimeCreated SystemTime='2020-05-18T06:21:54.463545400Z'/><EventRecordID>2828</EventRecordID><Correlation/><Execution ProcessID='2844' ThreadID='3988'/><Channel>Microsoft-Windows-Sysmon/Operational</Channel><Computer>DESKTOP-P84STH6</Computer><Security UserID='S-1-5-18'/></System><EventData><Data Name='RuleName'></Data><Data Name='UtcTime'>2020-05-18 06:21:50.999</Data><Data Name='ProcessGuid'>{5d3d98af-2977-5ec2-0000-0010c6e72b00}</Data><Data Name='ProcessId'>3160</Data><Data Name='QueryName'>huclhixvuq</Data><Data Name='QueryStatus'>123</Data><Data Name='QueryResults'></Data><Data Name='Image'>C:\Program Files (x86)\Google\Chrome\Application\chrome.exe</Data></EventData></Event><Event xmlns='http://schemas.microsoft.com/win/2004/08/events/event'><System><Provider Name='Microsoft-Windows-Sysmon' Guid='{5770385f-c22a-43e0-bf4c-06f5698ffbd9}'/><EventID>1</EventID><Version>5</Version><Level>4</Level><Task>1</Task><Opcode>0</Opcode><Keywords>0x8000000000000000</Keywords><TimeCreated SystemTime='2020-05-18T06:21:54.160247300Z'/><EventRecordID>2827</EventRecordID><Correlation/><Execution ProcessID='2844' ThreadID='3992'/><Channel>Microsoft-Windows-Sysmon/Operational</Channel><Computer>DESKTOP-P84STH6</Computer><Security UserID='S-1-5-18'/></System><EventData><Data Name='RuleName'></Data><Data Name='UtcTime'>2020-05-18 06:21:54.158</Data><Data Name='ProcessGuid'>{5d3d98af-2982-5ec2-0000-00106e9a2c00}</Data><Data Name='ProcessId'>1048</Data><Data Name='Image'>C:\Users\NS\AppData\Local\Google\Chrome\User Data\SwReporter\81.235.200\software_reporter_tool.exe</Data><Data Name='FileVersion'>81.235.200</Data><Data Name='Description'>Software Reporter Tool</Data><Data Name='Product'>Software Reporter Tool</Data><Data Name='Company'>Google</Data><Data Name='OriginalFileName'>software_reporter_tool.exe</Data><Data Name='CommandLine'>"c:\users\ns\appdata\local\google\chrome\user data\swreporter\81.235.200\software_reporter_tool.exe" --enable-crash-reporting --use-crash-handler-with-id="\\.\pipe\crashpad_7636_JBECYOQMGRNWIEMZ" --sandboxed-process-id=3 --init-done-notifier=1000 --sandbox-mojo-pipe-token=10551323106823469614 --mojo-platform-channel-handle=1020</Data><Data Name='CurrentDirectory'>C:\Users\NS\AppData\Local\Temp\</Data><Data Name='User'>DESKTOP-P84STH6\NS</Data><Data Name='LogonGuid'>{5d3d98af-2592-5ec2-0000-00209cfc0300}</Data><Data Name='LogonId'>0x3fc9c</Data><Data Name='TerminalSessionId'>1</Data><Data Name='IntegrityLevel'>Medium</Data><Data Name='Hashes'>MD5=DACF7102C297E1416ABC3D74D1E2953F,SHA256=5D5052A66282157A05FC9E6502E335DE65477B6C88FB2CC76BA6970EC9C137FE,IMPHASH=BDF52F409C28DEF250DF5D76215B6BF8</Data><Data Name='ParentProcessGuid'>{5d3d98af-2981-5ec2-0000-001001712c00}</Data><Data Name='ParentProcessId'>7636</Data><Data Name='ParentImage'>C:\Users\NS\AppData\Local\Google\Chrome\User Data\SwReporter\81.235.200\software_reporter_tool.exe</Data><Data Name='ParentCommandLine'>"C:\Users\NS\AppData\Local\Google\Chrome\User Data\SwReporter\81.235.200\software_reporter_tool.exe" --engine=2 --scan-locations=1,2,3,4,5,6,7,8,10 --disabled-locations=9,11 --session-id=iVvmYatlyWKZKvI/XhbJCM0katWAW8ubbzXGAn7R --registry-suffix=ESET --enable-crash-reporting --srt-field-trial-group-name=NewCleanerUIExperiment</Data></EventData></Event><Event xmlns='http://schemas.microsoft.com/win/2004/08/events/event'><System><Provider Name='Microsoft-Windows-Sysmon' Guid='{5770385f-c22a-43e0-bf4c-06f5698ffbd9}'/><EventID>11</EventID><Version>2</Version><Level>4</Level><Task>11</Task><Opcode>0</Opcode><Keywords>0x8000000000000000</Keywords><TimeCreated SystemTime='2020-05-18T06:21:54.082930800Z'/><EventRecordID>2826</EventRecordID><Correlation/><Execution ProcessID='2844' ThreadID='3992'/><Channel>Microsoft-Windows-Sysmon/Operational</Channel><Computer>DESKTOP-P84STH6</Computer><Security UserID='S-1-5-18'/></System><EventData><Data Name='RuleName'>DLL</Data><Data Name='UtcTime'>2020-05-18 06:21:54.081</Data><Data Name='ProcessGuid'>{5d3d98af-2981-5ec2-0000-0010c3882c00}</Data><Data Name='ProcessId'>3844</Data><Data Name='Image'>c:\users\ns\appdata\local\google\chrome\user data\swreporter\81.235.200\software_reporter_tool.exe</Data><Data Name='TargetFilename'>C:\Users\NS\AppData\Local\Google\Chrome\User Data\SwReporter\81.235.200\edls_64.dll</Data><Data Name='CreationUtcTime'>2020-05-18 06:15:10.118</Data></EventData></Event><Event xmlns='http://schemas.microsoft.com/win/2004/08/events/event'><System><Provider Name='Microsoft-Windows-Sysmon' Guid='{5770385f-c22a-43e0-bf4c-06f5698ffbd9}'/><EventID>11</EventID><Version>2</Version><Level>4</Level><Task>11</Task><Opcode>0</Opcode><Keywords>0x8000000000000000</Keywords><TimeCreated SystemTime='2020-05-18T06:21:54.081278200Z'/><EventRecordID>2825</EventRecordID><Correlation/><Execution ProcessID='2844' ThreadID='3992'/><Channel>Microsoft-Windows-Sysmon/Operational</Channel><Computer>DESKTOP-P84STH6</Computer><Security UserID='S-1-5-18'/></System><EventData><Data Name='RuleName'>DLL</Data><Data Name='UtcTime'>2020-05-18 06:21:54.080</Data><Data Name='ProcessGuid'>{5d3d98af-2981-5ec2-0000-0010c3882c00}</Data><Data Name='ProcessId'>3844</Data><Data Name='Image'>c:\users\ns\appdata\local\google\chrome\user data\swreporter\81.235.200\software_reporter_tool.exe</Data><Data Name='TargetFilename'>C:\Users\NS\AppData\Local\Google\Chrome\User Data\SwReporter\81.235.200\em001_64.dll</Data><Data Name='CreationUtcTime'>2020-05-18 06:15:10.114</Data></EventData></Event><Event xmlns='http://schemas.microsoft.com/win/2004/08/events/event'><System><Provider Name='Microsoft-Windows-Sysmon' Guid='{5770385f-c22a-43e0-bf4c-06f5698ffbd9}'/><EventID>11</EventID><Version>2</Version><Level>4</Level><Task>11</Task><Opcode>0</Opcode><Keywords>0x8000000000000000</Keywords><TimeCreated SystemTime='2020-05-18T06:21:54.079843500Z'/><EventRecordID>2824</EventRecordID><Correlation/><Execution ProcessID='2844' ThreadID='3992'/><Channel>Microsoft-Windows-Sysmon/Operational</Channel><Computer>DESKTOP-P84STH6</Computer><Security UserID='S-1-5-18'/></System><EventData><Data Name='RuleName'>DLL</Data><Data Name='UtcTime'>2020-05-18 06:21:54.078</Data><Data Name='ProcessGuid'>{5d3d98af-2981-5ec2-0000-0010c3882c00}</Data><Data Name='ProcessId'>3844</Data><Data Name='Image'>c:\users\ns\appdata\local\google\chrome\user data\swreporter\81.235.200\software_reporter_tool.exe</Data><Data Name='TargetFilename'>C:\Users\NS\AppData\Local\Google\Chrome\User Data\SwReporter\81.235.200\em000_64.dll</Data><Data Name='CreationUtcTime'>2020-05-18 06:15:10.111</Data></EventData></Event><Event xmlns='http://schemas.microsoft.com/win/2004/08/events/event'><System><Provider Name='Microsoft-Windows-Sysmon' Guid='{5770385f-c22a-43e0-bf4c-06f5698ffbd9}'/><EventID>11</EventID><Version>2</Version><Level>4</Level><Task>11</Task><Opcode>0</Opcode><Keywords>0x8000000000000000</Keywords><TimeCreated SystemTime='2020-05-18T06:21:54.075065300Z'/><EventRecordID>2823</EventRecordID><Correlation/><Execution ProcessID='2844' ThreadID='3992'/><Channel>Microsoft-Windows-Sysmon/Operational</Channel><Computer>DESKTOP-P84STH6</Computer><Security UserID='S-1-5-18'/></System><EventData><Data Name='RuleName'>DLL</Data><Data Name='UtcTime'>2020-05-18 06:21:54.074</Data><Data Name='ProcessGuid'>{5d3d98af-2981-5ec2-0000-0010c3882c00}</Data><Data Name='ProcessId'>3844</Data><Data Name='Image'>c:\users\ns\appdata\local\google\chrome\user data\swreporter\81.235.200\software_reporter_tool.exe</Data><Data Name='TargetFilename'>C:\Users\NS\AppData\Local\Google\Chrome\User Data\SwReporter\81.235.200\em002_64.dll</Data><Data Name='CreationUtcTime'>2020-05-18 06:15:10.099</Data></EventData></Event><Event xmlns='http://schemas.microsoft.com/win/2004/08/events/event'><System><Provider Name='Microsoft-Windows-Sysmon' Guid='{5770385f-c22a-43e0-bf4c-06f5698ffbd9}'/><EventID>11</EventID><Version>2</Version><Level>4</Level><Task>11</Task><Opcode>0</Opcode><Keywords>0x8000000000000000</Keywords><TimeCreated SystemTime='2020-05-18T06:21:54.071828600Z'/><EventRecordID>2822</EventRecordID><Correlation/><Execution ProcessID='2844' ThreadID='3992'/><Channel>Microsoft-Windows-Sysmon/Operational</Channel><Computer>DESKTOP-P84STH6</Computer><Security UserID='S-1-5-18'/></System><EventData><Data Name='RuleName'>DLL</Data><Data Name='UtcTime'>2020-05-18 06:21:54.071</Data><Data Name='ProcessGuid'>{5d3d98af-2981-5ec2-0000-0010c3882c00}</Data><Data Name='ProcessId'>3844</Data><Data Name='Image'>c:\users\ns\appdata\local\google\chrome\user data\swreporter\81.235.200\software_reporter_tool.exe</Data><Data Name='TargetFilename'>C:\Users\NS\AppData\Local\Google\Chrome\User Data\SwReporter\81.235.200\em003_64.dll</Data><Data Name='CreationUtcTime'>2020-05-18 06:15:10.089</Data></EventData></Event><Event xmlns='http://schemas.microsoft.com/win/2004/08/events/event'><System><Provider Name='Microsoft-Windows-Sysmon' Guid='{5770385f-c22a-43e0-bf4c-06f5698ffbd9}'/><EventID>11</EventID><Version>2</Version><Level>4</Level><Task>11</Task><Opcode>0</Opcode><Keywords>0x8000000000000000</Keywords><TimeCreated SystemTime='2020-05-18T06:21:54.050235500Z'/><EventRecordID>2821</EventRecordID><Correlation/><Execution ProcessID='2844' ThreadID='3992'/><Channel>Microsoft-Windows-Sysmon/Operational</Channel><Computer>DESKTOP-P84STH6</Computer><Security UserID='S-1-5-18'/></System><EventData><Data Name='RuleName'>DLL</Data><Data Name='UtcTime'>2020-05-18 06:21:54.044</Data><Data Name='ProcessGuid'>{5d3d98af-2981-5ec2-0000-0010c3882c00}</Data><Data Name='ProcessId'>3844</Data><Data Name='Image'>c:\users\ns\appdata\local\google\chrome\user data\swreporter\81.235.200\software_reporter_tool.exe</Data><Data Name='TargetFilename'>C:\Users\NS\AppData\Local\Google\Chrome\User Data\SwReporter\81.235.200\em004_64.dll</Data><Data Name='CreationUtcTime'>2020-05-18 06:15:10.007</Data></EventData></Event><Event xmlns='http://schemas.microsoft.com/win/2004/08/events/event'><System><Provider Name='Microsoft-Windows-Sysmon' Guid='{5770385f-c22a-43e0-bf4c-06f5698ffbd9}'/><EventID>11</EventID><Version>2</Version><Level>4</Level><Task>11</Task><Opcode>0</Opcode><Keywords>0x8000000000000000</Keywords><TimeCreated SystemTime='2020-05-18T06:21:54.047470200Z'/><EventRecordID>2820</EventRecordID><Correlation/><Execution ProcessID='2844' ThreadID='3992'/><Channel>Microsoft-Windows-Sysmon/Operational</Channel><Computer>DESKTOP-P84STH6</Computer><Security UserID='S-1-5-18'/></System><EventData><Data Name='RuleName'>DLL</Data><Data Name='UtcTime'>2020-05-18 06:21:54.044</Data><Data Name='ProcessGuid'>{5d3d98af-2981-5ec2-0000-0010c3882c00}</Data><Data Name='ProcessId'>3844</Data><Data Name='Image'>c:\users\ns\appdata\local\google\chrome\user data\swreporter\81.235.200\software_reporter_tool.exe</Data><Data Name='TargetFilename'>C:\Users\NS\AppData\Local\Google\Chrome\User Data\SwReporter\81.235.200\em005_64.dll</Data><Data Name='CreationUtcTime'>2020-05-18 06:15:10.003</Data></EventData></Event><Event xmlns='http://schemas.microsoft.com/win/2004/08/events/event'><System><Provider Name='Microsoft-Windows-Sysmon' Guid='{5770385f-c22a-43e0-bf4c-06f5698ffbd9}'/><EventID>1</EventID><Version>5</Version><Level>4</Level><Task>1</Task><Opcode>0</Opcode><Keywords>0x8000000000000000</Keywords><TimeCreated SystemTime='2020-05-18T06:21:53.957708700Z'/><EventRecordID>2819</EventRecordID><Correlation/><Execution ProcessID='2844' ThreadID='3992'/><Channel>Microsoft-Windows-Sysmon/Operational</Channel><Computer>DESKTOP-P84STH6</Computer><Security UserID='S-1-5-18'/></System><EventData><Data Name='RuleName'></Data><Data Name='UtcTime'>2020-05-18 06:21:53.955</Data><Data Name='ProcessGuid'>{5d3d98af-2981-5ec2-0000-0010c3882c00}</Data><Data Name='ProcessId'>3844</Data><Data Name='Image'>C:\Users\NS\AppData\Local\Google\Chrome\User Data\SwReporter\81.235.200\software_reporter_tool.exe</Data><Data Name='FileVersion'>81.235.200</Data><Data Name='Description'>Software Reporter Tool</Data><Data Name='Product'>Software Reporter Tool</Data><Data Name='Company'>Google</Data><Data Name='OriginalFileName'>software_reporter_tool.exe</Data><Data Name='CommandLine'>"c:\users\ns\appdata\local\google\chrome\user data\swreporter\81.235.200\software_reporter_tool.exe" --enable-crash-reporting --use-crash-handler-with-id="\\.\pipe\crashpad_7636_JBECYOQMGRNWIEMZ" --sandboxed-process-id=2 --init-done-notifier=800 --sandbox-mojo-pipe-token=3423724416573929660 --mojo-platform-channel-handle=776 --engine=2</Data><Data Name='CurrentDirectory'>C:\Users\NS\AppData\Local\Temp\</Data><Data Name='User'>DESKTOP-P84STH6\NS</Data><Data Name='LogonGuid'>{5d3d98af-2592-5ec2-0000-00209cfc0300}</Data><Data Name='LogonId'>0x3fc9c</Data><Data Name='TerminalSessionId'>1</Data><Data Name='IntegrityLevel'>Medium</Data><Data Name='Hashes'>MD5=DACF7102C297E1416ABC3D74D1E2953F,SHA256=5D5052A66282157A05FC9E6502E335DE65477B6C88FB2CC76BA6970EC9C137FE,IMPHASH=BDF52F409C28DEF250DF5D76215B6BF8</Data><Data Name='ParentProcessGuid'>{5d3d98af-2981-5ec2-0000-001001712c00}</Data><Data Name='ParentProcessId'>7636</Data><Data Name='ParentImage'>C:\Users\NS\AppData\Local\Google\Chrome\User Data\SwReporter\81.235.200\software_reporter_tool.exe</Data><Data Name='ParentCommandLine'>"C:\Users\NS\AppData\Local\Google\Chrome\User Data\SwReporter\81.235.200\software_reporter_tool.exe" --engine=2 --scan-locations=1,2,3,4,5,6,7,8,10 --disabled-locations=9,11 --session-id=iVvmYatlyWKZKvI/XhbJCM0katWAW8ubbzXGAn7R --registry-suffix=ESET --enable-crash-reporting --srt-field-trial-group-name=NewCleanerUIExperiment</Data></EventData></Event><Event xmlns='http://schemas.microsoft.com/win/2004/08/events/event'><System><Provider Name='Microsoft-Windows-Sysmon' Guid='{5770385f-c22a-43e0-bf4c-06f5698ffbd9}'/><EventID>1</EventID><Version>5</Version><Level>4</Level><Task>1</Task><Opcode>0</Opcode><Keywords>0x8000000000000000</Keywords><TimeCreated SystemTime='2020-05-18T06:21:53.895687300Z'/><EventRecordID>2818</EventRecordID><Correlation/><Execution ProcessID='2844' ThreadID='3992'/><Channel>Microsoft-Windows-Sysmon/Operational</Channel><Computer>DESKTOP-P84STH6</Computer><Security UserID='S-1-5-18'/></System><EventData><Data Name='RuleName'></Data><Data Name='UtcTime'>2020-05-18 06:21:53.892</Data><Data Name='ProcessGuid'>{5d3d98af-2981-5ec2-0000-0010f17d2c00}</Data><Data Name='ProcessId'>8128</Data><Data Name='Image'>C:\Users\NS\AppData\Local\Google\Chrome\User Data\SwReporter\81.235.200\software_reporter_tool.exe</Data><Data Name='FileVersion'>81.235.200</Data><Data Name='Description'>Software Reporter Tool</Data><Data Name='Product'>Software Reporter Tool</Data><Data Name='Company'>Google</Data><Data Name='OriginalFileName'>software_reporter_tool.exe</Data><Data Name='CommandLine'>"c:\users\ns\appdata\local\google\chrome\user data\swreporter\81.235.200\software_reporter_tool.exe" --crash-handler "--database=c:\users\ns\appdata\local\Google\Software Reporter Tool" --url=https://clients2.google.com/cr/report --annotation=plat=Win32 --annotation=prod=ChromeFoil --annotation=ver=81.235.200 --initial-client-data=0x29c,0x2a0,0x2a4,0x278,0x2a8,0x7ff7838b2910,0x7ff7838b2920,0x7ff7838b2930</Data><Data Name='CurrentDirectory'>C:\Users\NS\AppData\Local\Temp\</Data><Data Name='User'>DESKTOP-P84STH6\NS</Data><Data Name='LogonGuid'>{5d3d98af-2592-5ec2-0000-00209cfc0300}</Data><Data Name='LogonId'>0x3fc9c</Data><Data Name='TerminalSessionId'>1</Data><Data Name='IntegrityLevel'>Medium</Data><Data Name='Hashes'>MD5=DACF7102C297E1416ABC3D74D1E2953F,SHA256=5D5052A66282157A05FC9E6502E335DE65477B6C88FB2CC76BA6970EC9C137FE,IMPHASH=BDF52F409C28DEF250DF5D76215B6BF8</Data><Data Name='ParentProcessGuid'>{5d3d98af-2981-5ec2-0000-001001712c00}</Data><Data Name='ParentProcessId'>7636</Data><Data Name='ParentImage'>C:\Users\NS\AppData\Local\Google\Chrome\User Data\SwReporter\81.235.200\software_reporter_tool.exe</Data><Data Name='ParentCommandLine'>"C:\Users\NS\AppData\Local\Google\Chrome\User Data\SwReporter\81.235.200\software_reporter_tool.exe" --engine=2 --scan-locations=1,2,3,4,5,6,7,8,10 --disabled-locations=9,11 --session-id=iVvmYatlyWKZKvI/XhbJCM0katWAW8ubbzXGAn7R --registry-suffix=ESET --enable-crash-reporting --srt-field-trial-group-name=NewCleanerUIExperiment</Data></EventData></Event><Event xmlns='http://schemas.microsoft.com/win/2004/08/events/event'><System><Provider Name='Microsoft-Windows-Sysmon' Guid='{5770385f-c22a-43e0-bf4c-06f5698ffbd9}'/><EventID>1</EventID><Version>5</Version><Level>4</Level><Task>1</Task><Opcode>0</Opcode><Keywords>0x8000000000000000</Keywords><TimeCreated SystemTime='2020-05-18T06:21:53.843702600Z'/><EventRecordID>2817</EventRecordID><Correlation/><Execution ProcessID='2844' ThreadID='3992'/><Channel>Microsoft-Windows-Sysmon/Operational</Channel><Computer>DESKTOP-P84STH6</Computer><Security UserID='S-1-5-18'/></System><EventData><Data Name='RuleName'></Data><Data Name='UtcTime'>2020-05-18 06:21:53.840</Data><Data Name='ProcessGuid'>{5d3d98af-2981-5ec2-0000-001001712c00}</Data><Data Name='ProcessId'>7636</Data><Data Name='Image'>C:\Users\NS\AppData\Local\Google\Chrome\User Data\SwReporter\81.235.200\software_reporter_tool.exe</Data><Data Name='FileVersion'>81.235.200</Data><Data Name='Description'>Software Reporter Tool</Data><Data Name='Product'>Software Reporter Tool</Data><Data Name='Company'>Google</Data><Data Name='OriginalFileName'>software_reporter_tool.exe</Data><Data Name='CommandLine'>"C:\Users\NS\AppData\Local\Google\Chrome\User Data\SwReporter\81.235.200\software_reporter_tool.exe" --engine=2 --scan-locations=1,2,3,4,5,6,7,8,10 --disabled-locations=9,11 --session-id=iVvmYatlyWKZKvI/XhbJCM0katWAW8ubbzXGAn7R --registry-suffix=ESET --enable-crash-reporting --srt-field-trial-group-name=NewCleanerUIExperiment</Data><Data Name='CurrentDirectory'>C:\Users\NS\AppData\Local\Temp\</Data><Data Name='User'>DESKTOP-P84STH6\NS</Data><Data Name='LogonGuid'>{5d3d98af-2592-5ec2-0000-00209cfc0300}</Data><Data Name='LogonId'>0x3fc9c</Data><Data Name='TerminalSessionId'>1</Data><Data Name='IntegrityLevel'>Medium</Data><Data Name='Hashes'>MD5=DACF7102C297E1416ABC3D74D1E2953F,SHA256=5D5052A66282157A05FC9E6502E335DE65477B6C88FB2CC76BA6970EC9C137FE,IMPHASH=BDF52F409C28DEF250DF5D76215B6BF8</Data><Data Name='ParentProcessGuid'>{5d3d98af-2977-5ec2-0000-001042d52b00}</Data><Data Name='ParentProcessId'>6288</Data><Data Name='ParentImage'>C:\Program Files (x86)\Google\Chrome\Application\chrome.exe</Data><Data Name='ParentCommandLine'>"C:\Program Files (x86)\Google\Chrome\Application\chrome.exe" </Data></EventData></Event><Event xmlns='http://schemas.microsoft.com/win/2004/08/events/event'><System><Provider Name='Microsoft-Windows-Sysmon' Guid='{5770385f-c22a-43e0-bf4c-06f5698ffbd9}'/><EventID>22</EventID><Version>5</Version><Level>4</Level><Task>22</Task><Opcode>0</Opcode><Keywords>0x8000000000000000</Keywords><TimeCreated SystemTime='2020-05-18T06:21:47.993784600Z'/><EventRecordID>2816</EventRecordID><Correlation/><Execution ProcessID='2844' ThreadID='3988'/><Channel>Microsoft-Windows-Sysmon/Operational</Channel><Computer>DESKTOP-P84STH6</Computer><Security UserID='S-1-5-18'/></System><EventData><Data Name='RuleName'></Data><Data Name='UtcTime'>2020-05-18 06:21:46.079</Data><Data Name='ProcessGuid'>{5d3d98af-2977-5ec2-0000-0010c6e72b00}</Data><Data Name='ProcessId'>3160</Data><Data Name='QueryName'>wpad</Data><Data Name='QueryStatus'>123</Data><Data Name='QueryResults'></Data><Data Name='Image'>C:\Program Files (x86)\Google\Chrome\Application\chrome.exe</Data></EventData></Event><Event xmlns='http://schemas.microsoft.com/win/2004/08/events/event'><System><Provider Name='Microsoft-Windows-Sysmon' Guid='{5770385f-c22a-43e0-bf4c-06f5698ffbd9}'/><EventID>22</EventID><Version>5</Version><Level>4</Level><Task>22</Task><Opcode>0</Opcode><Keywords>0x8000000000000000</Keywords><TimeCreated SystemTime='2020-05-18T06:21:47.993677500Z'/><EventRecordID>2815</EventRecordID><Correlation/><Execution ProcessID='2844' ThreadID='3988'/><Channel>Microsoft-Windows-Sysmon/Operational</Channel><Computer>DESKTOP-P84STH6</Computer><Security UserID='S-1-5-18'/></System><EventData><Data Name='RuleName'></Data><Data Name='UtcTime'>2020-05-18 06:21:45.104</Data><Data Name='ProcessGuid'>{5d3d98af-2977-5ec2-0000-0010c6e72b00}</Data><Data Name='ProcessId'>3160</Data><Data Name='QueryName'>ogs.google.com</Data><Data Name='QueryStatus'>0</Data><Data Name='QueryResults'>type:  5 www3.l.google.com;216.58.200.238;</Data><Data Name='Image'>C:\Program Files (x86)\Google\Chrome\Application\chrome.exe</Data></EventData></Event><Event xmlns='http://schemas.microsoft.com/win/2004/08/events/event'><System><Provider Name='Microsoft-Windows-Sysmon' Guid='{5770385f-c22a-43e0-bf4c-06f5698ffbd9}'/><EventID>22</EventID><Version>5</Version><Level>4</Level><Task>22</Task><Opcode>0</Opcode><Keywords>0x8000000000000000</Keywords><TimeCreated SystemTime='2020-05-18T06:21:46.978364700Z'/><EventRecordID>2814</EventRecordID><Correlation/><Execution ProcessID='2844' ThreadID='3988'/><Channel>Microsoft-Windows-Sysmon/Operational</Channel><Computer>DESKTOP-P84STH6</Computer><Security UserID='S-1-5-18'/></System><EventData><Data Name='RuleName'></Data><Data Name='UtcTime'>2020-05-18 06:21:45.075</Data><Data Name='ProcessGuid'>{5d3d98af-2977-5ec2-0000-0010c6e72b00}</Data><Data Name='ProcessId'>3160</Data><Data Name='QueryName'>apis.google.com</Data><Data Name='QueryStatus'>0</Data><Data Name='QueryResults'>type:  5 plus.l.google.com;172.217.160.78;</Data><Data Name='Image'>C:\Program Files (x86)\Google\Chrome\Application\chrome.exe</Data></EventData></Event><Event xmlns='http://schemas.microsoft.com/win/2004/08/events/event'><System><Provider Name='Microsoft-Windows-Sysmon' Guid='{5770385f-c22a-43e0-bf4c-06f5698ffbd9}'/><EventID>22</EventID><Version>5</Version><Level>4</Level><Task>22</Task><Opcode>0</Opcode><Keywords>0x8000000000000000</Keywords><TimeCreated SystemTime='2020-05-18T06:21:46.978120400Z'/><EventRecordID>2813</EventRecordID><Correlation/><Execution ProcessID='2844' ThreadID='3988'/><Channel>Microsoft-Windows-Sysmon/Operational</Channel><Computer>DESKTOP-P84STH6</Computer><Security UserID='S-1-5-18'/></System><EventData><Data Name='RuleName'></Data><Data Name='UtcTime'>2020-05-18 06:21:44.790</Data><Data Name='ProcessGuid'>{5d3d98af-2977-5ec2-0000-0010c6e72b00}</Data><Data Name='ProcessId'>3160</Data><Data Name='QueryName'>accounts.google.com</Data><Data Name='QueryStatus'>0</Data><Data Name='QueryResults'>172.217.160.109;</Data><Data Name='Image'>C:\Program Files (x86)\Google\Chrome\Application\chrome.exe</Data></EventData></Event><Event xmlns='http://schemas.microsoft.com/win/2004/08/events/event'><System><Provider Name='Microsoft-Windows-Sysmon' Guid='{5770385f-c22a-43e0-bf4c-06f5698ffbd9}'/><EventID>22</EventID><Version>5</Version><Level>4</Level><Task>22</Task><Opcode>0</Opcode><Keywords>0x8000000000000000</Keywords><TimeCreated SystemTime='2020-05-18T06:21:46.978044700Z'/><EventRecordID>2812</EventRecordID><Correlation/><Execution ProcessID='2844' ThreadID='3988'/><Channel>Microsoft-Windows-Sysmon/Operational</Channel><Computer>DESKTOP-P84STH6</Computer><Security UserID='S-1-5-18'/></System><EventData><Data Name='RuleName'></Data><Data Name='UtcTime'>2020-05-18 06:21:44.788</Data><Data Name='ProcessGuid'>{5d3d98af-2977-5ec2-0000-0010c6e72b00}</Data><Data Name='ProcessId'>3160</Data><Data Name='QueryName'>www.google.com</Data><Data Name='QueryStatus'>0</Data><Data Name='QueryResults'>172.217.160.100;</Data><Data Name='Image'>C:\Program Files (x86)\Google\Chrome\Application\chrome.exe</Data></EventData></Event><Event xmlns='http://schemas.microsoft.com/win/2004/08/events/event'><System><Provider Name='Microsoft-Windows-Sysmon' Guid='{5770385f-c22a-43e0-bf4c-06f5698ffbd9}'/><EventID>22</EventID><Version>5</Version><Level>4</Level><Task>22</Task><Opcode>0</Opcode><Keywords>0x8000000000000000</Keywords><TimeCreated SystemTime='2020-05-18T06:21:45.977628200Z'/><EventRecordID>2811</EventRecordID><Correlation/><Execution ProcessID='2844' ThreadID='3988'/><Channel>Microsoft-Windows-Sysmon/Operational</Channel><Computer>DESKTOP-P84STH6</Computer><Security UserID='S-1-5-18'/></System><EventData><Data Name='RuleName'></Data><Data Name='UtcTime'>2020-05-18 06:21:43.494</Data><Data Name='ProcessGuid'>{5d3d98af-259a-5ec2-0000-001042c40500}</Data><Data Name='ProcessId'>4864</Data><Data Name='QueryName'>fp-afd.azurefd.us</Data><Data Name='QueryStatus'>0</Data><Data Name='QueryResults'>type:  5 t-0001.msedge.azure.us;type:  5 eafd-defaultvips-3p-gov.usgovtrafficmanager.net;type:  5 eafd-ffgov-sn01.elasticafd.msedge.azure.us;::ffff:52.243.159.155;</Data><Data Name='Image'>C:\Windows\SystemApps\Microsoft.Windows.Cortana_cw5n1h2txyewy\SearchUI.exe</Data></EventData></Event><Event xmlns='http://schemas.microsoft.com/win/2004/08/events/event'><System><Provider Name='Microsoft-Windows-Sysmon' Guid='{5770385f-c22a-43e0-bf4c-06f5698ffbd9}'/><EventID>1</EventID><Version>5</Version><Level>4</Level><Task>1</Task><Opcode>0</Opcode><Keywords>0x8000000000000000</Keywords><TimeCreated SystemTime='2020-05-18T06:21:43.542609900Z'/><EventRecordID>2810</EventRecordID><Correlation/><Execution ProcessID='2844' ThreadID='3992'/><Channel>Microsoft-Windows-Sysmon/Operational</Channel><Computer>DESKTOP-P84STH6</Computer><Security UserID='S-1-5-18'/></System><EventData><Data Name='RuleName'></Data><Data Name='UtcTime'>2020-05-18 06:21:43.536</Data><Data Name='ProcessGuid'>{5d3d98af-2977-5ec2-0000-001002072c00}</Data><Data Name='ProcessId'>2344</Data><Data Name='Image'>C:\Windows\System32\CompPkgSrv.exe</Data><Data Name='FileVersion'>10.0.18362.1 (WinBuild.160101.0800)</Data><Data Name='Description'>Component Package Support Server</Data><Data Name='Product'>Microsoft® Windows® Operating System</Data><Data Name='Company'>Microsoft Corporation</Data><Data Name='OriginalFileName'>CompPkgSrv.exe</Data><Data Name='CommandLine'>C:\Windows\System32\CompPkgSrv.exe -Embedding</Data><Data Name='CurrentDirectory'>C:\Windows\system32\</Data><Data Name='User'>DESKTOP-P84STH6\NS</Data><Data Name='LogonGuid'>{5d3d98af-2592-5ec2-0000-00209cfc0300}</Data><Data Name='LogonId'>0x3fc9c</Data><Data Name='TerminalSessionId'>1</Data><Data Name='IntegrityLevel'>Low</Data><Data Name='Hashes'>MD5=6B61564CE8524ACCA9BCD2CEC6B71AB9,SHA256=87C2892DF8F1F0503763855E4972CD4B85036AE50F1D6F1B910B3AEC47372B07,IMPHASH=F1EC8853335CDCD4147E21F9212709F4</Data><Data Name='ParentProcessGuid'>{5d3d98af-2584-5ec2-0000-001010720000}</Data><Data Name='ParentProcessId'>852</Data><Data Name='ParentImage'>C:\Windows\System32\svchost.exe</Data><Data Name='ParentCommandLine'>C:\Windows\system32\svchost.exe -k DcomLaunch -p</Data></EventData></Event><Event xmlns='http://schemas.microsoft.com/win/2004/08/events/event'><System><Provider Name='Microsoft-Windows-Sysmon' Guid='{5770385f-c22a-43e0-bf4c-06f5698ffbd9}'/><EventID>13</EventID><Version>2</Version><Level>4</Level><Task>13</Task><Opcode>0</Opcode><Keywords>0x8000000000000000</Keywords><TimeCreated SystemTime='2020-05-18T06:21:43.169811900Z'/><EventRecordID>2809</EventRecordID><Correlation/><Execution ProcessID='2844' ThreadID='3992'/><Channel>Microsoft-Windows-Sysmon/Operational</Channel><Computer>DESKTOP-P84STH6</Computer><Security UserID='S-1-5-18'/></System><EventData><Data Name='RuleName'>InvDB</Data><Data Name='EventType'>SetValue</Data><Data Name='UtcTime'>2020-05-18 06:21:43.159</Data><Data Name='ProcessGuid'>{5d3d98af-25a8-5ec2-0000-0010a8320800}</Data><Data Name='ProcessId'>6812</Data><Data Name='Image'>C:\Windows\system32\svchost.exe</Data><Data Name='TargetObject'>HKU\S-1-5-21-223836497-1760142647-788189203-1001\Software\Microsoft\Windows NT\CurrentVersion\AppCompatFlags\Compatibility Assistant\Store\C:\Program Files (x86)\Google\Chrome\Application\chrome.exe</Data><Data Name='Details'>Binary Data</Data></EventData></Event><Event xmlns='http://schemas.microsoft.com/win/2004/08/events/event'><System><Provider Name='Microsoft-Windows-Sysmon' Guid='{5770385f-c22a-43e0-bf4c-06f5698ffbd9}'/><EventID>1</EventID><Version>5</Version><Level>4</Level><Task>1</Task><Opcode>0</Opcode><Keywords>0x8000000000000000</Keywords><TimeCreated SystemTime='2020-05-18T06:21:43.168139400Z'/><EventRecordID>2808</EventRecordID><Correlation/><Execution ProcessID='2844' ThreadID='3992'/><Channel>Microsoft-Windows-Sysmon/Operational</Channel><Computer>DESKTOP-P84STH6</Computer><Security UserID='S-1-5-18'/></System><EventData><Data Name='RuleName'></Data><Data Name='UtcTime'>2020-05-18 06:21:43.160</Data><Data Name='ProcessGuid'>{5d3d98af-2977-5ec2-0000-001042d52b00}</Data><Data Name='ProcessId'>6288</Data><Data Name='Image'>C:\Program Files (x86)\Google\Chrome\Application\chrome.exe</Data><Data Name='FileVersion'>81.0.4044.138</Data><Data Name='Description'>Google Chrome</Data><Data Name='Product'>Google Chrome</Data><Data Name='Company'>Google LLC</Data><Data Name='OriginalFileName'>chrome.exe</Data><Data Name='CommandLine'>"C:\Program Files (x86)\Google\Chrome\Application\chrome.exe" </Data><Data Name='CurrentDirectory'>C:\Program Files (x86)\Google\Chrome\Application\</Data><Data Name='User'>DESKTOP-P84STH6\NS</Data><Data Name='LogonGuid'>{5d3d98af-2592-5ec2-0000-00209cfc0300}</Data><Data Name='LogonId'>0x3fc9c</Data><Data Name='TerminalSessionId'>1</Data><Data Name='IntegrityLevel'>Medium</Data><Data Name='Hashes'>MD5=86933F74660D7C194805276706EC9B00,SHA256=83BA9143274B2F318DF0BB7E112A959C3F9514C9B7F05F049A232A56DEFFED9A,IMPHASH=EACF25055C18024F25A81253CA4CCF62</Data><Data Name='ParentProcessGuid'>{5d3d98af-2593-5ec2-0000-001028620400}</Data><Data Name='ParentProcessId'>4216</Data><Data Name='ParentImage'>C:\Windows\explorer.exe</Data><Data Name='ParentCommandLine'>C:\Windows\Explorer.EXE</Data></EventData></Event><Event xmlns='http://schemas.microsoft.com/win/2004/08/events/event'><System><Provider Name='Microsoft-Windows-Sysmon' Guid='{5770385f-c22a-43e0-bf4c-06f5698ffbd9}'/><EventID>1</EventID><Version>5</Version><Level>4</Level><Task>1</Task><Opcode>0</Opcode><Keywords>0x8000000000000000</Keywords><TimeCreated SystemTime='2020-05-18T06:21:12.409172300Z'/><EventRecordID>2807</EventRecordID><Correlation/><Execution ProcessID='2844' ThreadID='3992'/><Channel>Microsoft-Windows-Sysmon/Operational</Channel><Computer>DESKTOP-P84STH6</Computer><Security UserID='S-1-5-18'/></System><EventData><Data Name='RuleName'></Data><Data Name='UtcTime'>2020-05-18 06:21:12.406</Data><Data Name='ProcessGuid'>{5d3d98af-2958-5ec2-0000-00104d4c2b00}</Data><Data Name='ProcessId'>7424</Data><Data Name='Image'>C:\Program Files\Wireshark\dumpcap.exe</Data><Data Name='FileVersion'>3.2.3</Data><Data Name='Description'>Dumpcap</Data><Data Name='Product'>Dumpcap</Data><Data Name='Company'>The Wireshark developer community</Data><Data Name='OriginalFileName'>Dumpcap.exe</Data><Data Name='CommandLine'>"C:\Program Files\Wireshark\dumpcap.exe" -n -i \Device\NPF_{1BF6DE2B-07A9-4FF4-8C4F-79DA555DBF9C} -y EN10MB -Z 4312</Data><Data Name='CurrentDirectory'>C:\Program Files\Wireshark\styles\</Data><Data Name='User'>DESKTOP-P84STH6\NS</Data><Data Name='LogonGuid'>{5d3d98af-2592-5ec2-0000-00209cfc0300}</Data><Data Name='LogonId'>0x3fc9c</Data><Data Name='TerminalSessionId'>1</Data><Data Name='IntegrityLevel'>Medium</Data><Data Name='Hashes'>MD5=2A801266AB558D2F51333D58F2F3B3B0,SHA256=F74A5A7B97A508E7E241D7A6E77B60F2D3237E55DC74B8684AB5DD87ABF3DBBD,IMPHASH=62C2ADC8A4D23E2D07B7EEB4235EEB0C</Data><Data Name='ParentProcessGuid'>{5d3d98af-27f8-5ec2-0000-0010c17e2700}</Data><Data Name='ParentProcessId'>4312</Data><Data Name='ParentImage'>C:\Program Files\Wireshark\Wireshark.exe</Data><Data Name='ParentCommandLine'>"C:\Program Files\Wireshark\Wireshark.exe" </Data></EventData></Event><Event xmlns='http://schemas.microsoft.com/win/2004/08/events/event'><System><Provider Name='Microsoft-Windows-Sysmon' Guid='{5770385f-c22a-43e0-bf4c-06f5698ffbd9}'/><EventID>1</EventID><Version>5</Version><Level>4</Level><Task>1</Task><Opcode>0</Opcode><Keywords>0x8000000000000000</Keywords><TimeCreated SystemTime='2020-05-18T06:20:07.930145600Z'/><EventRecordID>2806</EventRecordID><Correlation/><Execution ProcessID='2844' ThreadID='3992'/><Channel>Microsoft-Windows-Sysmon/Operational</Channel><Computer>DESKTOP-P84STH6</Computer><Security UserID='S-1-5-18'/></System><EventData><Data Name='RuleName'></Data><Data Name='UtcTime'>2020-05-18 06:20:07.924</Data><Data Name='ProcessGuid'>{5d3d98af-2917-5ec2-0000-00100be92a00}</Data><Data Name='ProcessId'>2400</Data><Data Name='Image'>C:\Windows\WinSxS\amd64_microsoft-windows-servicingstack_31bf3856ad364e35_10.0.18362.411_none_5f53d2d858cf8961\TiWorker.exe</Data><Data Name='FileVersion'>10.0.18362.1 (WinBuild.160101.0800)</Data><Data Name='Description'>Windows Modules Installer Worker</Data><Data Name='Product'>Microsoft® Windows® Operating System</Data><Data Name='Company'>Microsoft Corporation</Data><Data Name='OriginalFileName'>TiWorker.exe</Data><Data Name='CommandLine'>C:\Windows\winsxs\amd64_microsoft-windows-servicingstack_31bf3856ad364e35_10.0.18362.411_none_5f53d2d858cf8961\TiWorker.exe -Embedding</Data><Data Name='CurrentDirectory'>C:\Windows\system32\</Data><Data Name='User'>NT AUTHORITY\SYSTEM</Data><Data Name='LogonGuid'>{5d3d98af-2583-5ec2-0000-0020e7030000}</Data><Data Name='LogonId'>0x3e7</Data><Data Name='TerminalSessionId'>0</Data><Data Name='IntegrityLevel'>System</Data><Data Name='Hashes'>MD5=0ECD172646FE879F84FF33DA8FFA9373,SHA256=C26DC49916EE8298F8A8CBF8ACE62A4538775F8D8D5B33322A316BA7555616B6,IMPHASH=5C119443B09CF04CA999CBD8CA2382AC</Data><Data Name='ParentProcessGuid'>{5d3d98af-2584-5ec2-0000-001010720000}</Data><Data Name='ParentProcessId'>852</Data><Data Name='ParentImage'>C:\Windows\System32\svchost.exe</Data><Data Name='ParentCommandLine'>C:\Windows\system32\svchost.exe -k DcomLaunch -p</Data></EventData></Event><Event xmlns='http://schemas.microsoft.com/win/2004/08/events/event'><System><Provider Name='Microsoft-Windows-Sysmon' Guid='{5770385f-c22a-43e0-bf4c-06f5698ffbd9}'/><EventID>1</EventID><Version>5</Version><Level>4</Level><Task>1</Task><Opcode>0</Opcode><Keywords>0x8000000000000000</Keywords><TimeCreated SystemTime='2020-05-18T06:20:07.744976000Z'/><EventRecordID>2805</EventRecordID><Correlation/><Execution ProcessID='2844' ThreadID='3992'/><Channel>Microsoft-Windows-Sysmon/Operational</Channel><Computer>DESKTOP-P84STH6</Computer><Security UserID='S-1-5-18'/></System><EventData><Data Name='RuleName'></Data><Data Name='UtcTime'>2020-05-18 06:20:07.728</Data><Data Name='ProcessGuid'>{5d3d98af-2917-5ec2-0000-0010c0e52a00}</Data><Data Name='ProcessId'>7172</Data><Data Name='Image'>C:\Windows\servicing\TrustedInstaller.exe</Data><Data Name='FileVersion'>10.0.18362.1 (WinBuild.160101.0800)</Data><Data Name='Description'>Windows Modules Installer</Data><Data Name='Product'>Microsoft® Windows® Operating System</Data><Data Name='Company'>Microsoft Corporation</Data><Data Name='OriginalFileName'>TrustedInstaller.exe</Data><Data Name='CommandLine'>C:\Windows\servicing\TrustedInstaller.exe</Data><Data Name='CurrentDirectory'>C:\Windows\system32\</Data><Data Name='User'>NT AUTHORITY\SYSTEM</Data><Data Name='LogonGuid'>{5d3d98af-2583-5ec2-0000-0020e7030000}</Data><Data Name='LogonId'>0x3e7</Data><Data Name='TerminalSessionId'>0</Data><Data Name='IntegrityLevel'>System</Data><Data Name='Hashes'>MD5=8B5AFFC4987F9AE41DF15940C6EF66CB,SHA256=520273402F22ADA8948F8E1CB0899D0A5B1BC01CFF787747C1227945B336E4C5,IMPHASH=88851E233BD15333933A93A6EDD4788A</Data><Data Name='ParentProcessGuid'>{5d3d98af-2583-5ec2-0000-0010c65b0000}</Data><Data Name='ParentProcessId'>680</Data><Data Name='ParentImage'>C:\Windows\System32\services.exe</Data><Data Name='ParentCommandLine'>C:\Windows\system32\services.exe</Data></EventData></Event><Event xmlns='http://schemas.microsoft.com/win/2004/08/events/event'><System><Provider Name='Microsoft-Windows-Sysmon' Guid='{5770385f-c22a-43e0-bf4c-06f5698ffbd9}'/><EventID>1</EventID><Version>5</Version><Level>4</Level><Task>1</Task><Opcode>0</Opcode><Keywords>0x8000000000000000</Keywords><TimeCreated SystemTime='2020-05-18T06:20:07.688215200Z'/><EventRecordID>2804</EventRecordID><Correlation/><Execution ProcessID='2844' ThreadID='3992'/><Channel>Microsoft-Windows-Sysmon/Operational</Channel><Computer>DESKTOP-P84STH6</Computer><Security UserID='S-1-5-18'/></System><EventData><Data Name='RuleName'></Data><Data Name='UtcTime'>2020-05-18 06:20:07.686</Data><Data Name='ProcessGuid'>{5d3d98af-2917-5ec2-0000-001092e22a00}</Data><Data Name='ProcessId'>5624</Data><Data Name='Image'>C:\Windows\System32\taskhostw.exe</Data><Data Name='FileVersion'>10.0.18362.387 (WinBuild.160101.0800)</Data><Data Name='Description'>Host Process for Windows Tasks</Data><Data Name='Product'>Microsoft® Windows® Operating System</Data><Data Name='Company'>Microsoft Corporation</Data><Data Name='OriginalFileName'>taskhostw.exe</Data><Data Name='CommandLine'>taskhostw.exe Install $(Arg0)</Data><Data Name='CurrentDirectory'>C:\Windows\system32\</Data><Data Name='User'>DESKTOP-P84STH6\NS</Data><Data Name='LogonGuid'>{5d3d98af-2592-5ec2-0000-00209cfc0300}</Data><Data Name='LogonId'>0x3fc9c</Data><Data Name='TerminalSessionId'>1</Data><Data Name='IntegrityLevel'>Medium</Data><Data Name='Hashes'>MD5=8AC325C757FA721B272ECEA19EBCF745,SHA256=0BEC3128B241FA533DC5A9D3F62AA41323D205DEFC30DCDE228C5ECC2D1E50A9,IMPHASH=9CB27CAED52CB0AFFB32788922A0D083</Data><Data Name='ParentProcessGuid'>{5d3d98af-2584-5ec2-0000-00102cd20000}</Data><Data Name='ParentProcessId'>1040</Data><Data Name='ParentImage'>C:\Windows\System32\svchost.exe</Data><Data Name='ParentCommandLine'>C:\Windows\system32\svchost.exe -k netsvcs -p -s Schedule</Data></EventData></Event>