<Event xmlns='http://schemas.microsoft.com/win/2004/08/events/event'><System><Provider Name='Microsoft-Windows-Sysmon' Guid='{5770385f-c22a-43e0-bf4c-06f5698ffbd9}'/><EventID>1</EventID><Version>5</Version><Level>4</Level><Task>1</Task><Opcode>0</Opcode><Keywords>0x8000000000000000</Keywords><TimeCreated SystemTime='2020-05-18T07:00:34.039863100Z'/><EventRecordID>2991</EventRecordID><Correlation/><Execution ProcessID='2844' ThreadID='3992'/><Channel>Microsoft-Windows-Sysmon/Operational</Channel><Computer>DESKTOP-P84STH6</Computer><Security UserID='S-1-5-18'/></System><EventData><Data Name='RuleName'></Data><Data Name='UtcTime'>2020-05-18 07:00:34.037</Data><Data Name='ProcessGuid'>{5d3d98af-3292-5ec2-0000-001025c74700}</Data><Data Name='ProcessId'>5288</Data><Data Name='Image'>C:\Program Files (x86)\Dev-Cpp\MinGW64\libexec\gcc\x86_64-w64-mingw32\4.9.2\cc1plus.exe</Data><Data Name='FileVersion'>?</Data><Data Name='Description'>?</Data><Data Name='Product'>?</Data><Data Name='Company'>?</Data><Data Name='OriginalFileName'>?</Data><Data Name='CommandLine'>"C:/Program Files (x86)/Dev-Cpp/MinGW64/bin/../libexec/gcc/x86_64-w64-mingw32/4.9.2/cc1plus.exe" "-quiet" "-I" "C:\Program Files (x86)\Dev-Cpp\MinGW64\include" "-I" "C:\Program Files (x86)\Dev-Cpp\MinGW64\x86_64-w64-mingw32\include" "-I" "C:\Program Files (x86)\Dev-Cpp\MinGW64\lib\gcc\x86_64-w64-mingw32\4.9.2\include" "-I" "C:\Program Files (x86)\Dev-Cpp\MinGW64\lib\gcc\x86_64-w64-mingw32\4.9.2\include\c++" "-iprefix" "C:/Program Files (x86)/Dev-Cpp/MinGW64/bin/../lib/gcc/x86_64-w64-mingw32/4.9.2/" "-D_REENTRANT" "C:\Users\NS\Desktop\123.cpp" "-quiet" "-dumpbase" "123.cpp" "-mtune=generic" "-march=x86-64" "-auxbase" "123" "-o" "C:\Users\NS\AppData\Local\Temp\ccGVPSde.s"</Data><Data Name='CurrentDirectory'>C:\Users\NS\Desktop\</Data><Data Name='User'>DESKTOP-P84STH6\NS</Data><Data Name='LogonGuid'>{5d3d98af-2592-5ec2-0000-00209cfc0300}</Data><Data Name='LogonId'>0x3fc9c</Data><Data Name='TerminalSessionId'>1</Data><Data Name='IntegrityLevel'>Medium</Data><Data Name='Hashes'>MD5=B9EE0C71E5E4D9F7782DF674C3DB080B,SHA256=FAF6A0318D307137A6790787D0318D73E664189770B9F980643E8CBED5726B6B,IMPHASH=2D7BAB1D825FED300E54404334F52F62</Data><Data Name='ParentProcessGuid'>{5d3d98af-3291-5ec2-0000-001043be4700}</Data><Data Name='ParentProcessId'>8164</Data><Data Name='ParentImage'>C:\Program Files (x86)\Dev-Cpp\MinGW64\bin\g++.exe</Data><Data Name='ParentCommandLine'>g++.exe "C:\Users\NS\Desktop\123.cpp" -o "C:\Users\NS\Desktop\123.exe"  -I"C:\Program Files (x86)\Dev-Cpp\MinGW64\include" -I"C:\Program Files (x86)\Dev-Cpp\MinGW64\x86_64-w64-mingw32\include" -I"C:\Program Files (x86)\Dev-Cpp\MinGW64\lib\gcc\x86_64-w64-mingw32\4.9.2\include" -I"C:\Program Files (x86)\Dev-Cpp\MinGW64\lib\gcc\x86_64-w64-mingw32\4.9.2\include\c++" -L"C:\Program Files (x86)\Dev-Cpp\MinGW64\lib" -L"C:\Program Files (x86)\Dev-Cpp\MinGW64\x86_64-w64-mingw32\lib" -static-libgcc</Data></EventData></Event><Event xmlns='http://schemas.microsoft.com/win/2004/08/events/event'><System><Provider Name='Microsoft-Windows-Sysmon' Guid='{5770385f-c22a-43e0-bf4c-06f5698ffbd9}'/><EventID>1</EventID><Version>5</Version><Level>4</Level><Task>1</Task><Opcode>0</Opcode><Keywords>0x8000000000000000</Keywords><TimeCreated SystemTime='2020-05-18T07:00:33.980097400Z'/><EventRecordID>2990</EventRecordID><Correlation/><Execution ProcessID='2844' ThreadID='3992'/><Channel>Microsoft-Windows-Sysmon/Operational</Channel><Computer>DESKTOP-P84STH6</Computer><Security UserID='S-1-5-18'/></System><EventData><Data Name='RuleName'></Data><Data Name='UtcTime'>2020-05-18 07:00:33.977</Data><Data Name='ProcessGuid'>{5d3d98af-3291-5ec2-0000-001043be4700}</Data><Data Name='ProcessId'>8164</Data><Data Name='Image'>C:\Program Files (x86)\Dev-Cpp\MinGW64\bin\g++.exe</Data><Data Name='FileVersion'>?</Data><Data Name='Description'>?</Data><Data Name='Product'>?</Data><Data Name='Company'>?</Data><Data Name='OriginalFileName'>?</Data><Data Name='CommandLine'>g++.exe "C:\Users\NS\Desktop\123.cpp" -o "C:\Users\NS\Desktop\123.exe"  -I"C:\Program Files (x86)\Dev-Cpp\MinGW64\include" -I"C:\Program Files (x86)\Dev-Cpp\MinGW64\x86_64-w64-mingw32\include" -I"C:\Program Files (x86)\Dev-Cpp\MinGW64\lib\gcc\x86_64-w64-mingw32\4.9.2\include" -I"C:\Program Files (x86)\Dev-Cpp\MinGW64\lib\gcc\x86_64-w64-mingw32\4.9.2\include\c++" -L"C:\Program Files (x86)\Dev-Cpp\MinGW64\lib" -L"C:\Program Files (x86)\Dev-Cpp\MinGW64\x86_64-w64-mingw32\lib" -static-libgcc</Data><Data Name='CurrentDirectory'>C:\Users\NS\Desktop\</Data><Data Name='User'>DESKTOP-P84STH6\NS</Data><Data Name='LogonGuid'>{5d3d98af-2592-5ec2-0000-00209cfc0300}</Data><Data Name='LogonId'>0x3fc9c</Data><Data Name='TerminalSessionId'>1</Data><Data Name='IntegrityLevel'>Medium</Data><Data Name='Hashes'>MD5=AFEEC4FDB9B8D40329AD6AD4D8D41C8D,SHA256=A0BD885DA2A1A64641D84A3517A9C8C72FF5137F1ABE7F70B3A902444E25BA6F,IMPHASH=714DC860A8E1ABCB266002837F231F40</Data><Data Name='ParentProcessGuid'>{5d3d98af-2c62-5ec2-0000-0010d4c33400}</Data><Data Name='ParentProcessId'>1144</Data><Data Name='ParentImage'>C:\Program Files (x86)\Dev-Cpp\devcpp.exe</Data><Data Name='ParentCommandLine'>"C:\Program Files (x86)\Dev-Cpp\devcpp.exe" </Data></EventData></Event><Event xmlns='http://schemas.microsoft.com/win/2004/08/events/event'><System><Provider Name='Microsoft-Windows-Sysmon' Guid='{5770385f-c22a-43e0-bf4c-06f5698ffbd9}'/><EventID>22</EventID><Version>5</Version><Level>4</Level><Task>22</Task><Opcode>0</Opcode><Keywords>0x8000000000000000</Keywords><TimeCreated SystemTime='2020-05-18T06:57:39.483957600Z'/><EventRecordID>2989</EventRecordID><Correlation/><Execution ProcessID='2844' ThreadID='3988'/><Channel>Microsoft-Windows-Sysmon/Operational</Channel><Computer>DESKTOP-P84STH6</Computer><Security UserID='S-1-5-18'/></System><EventData><Data Name='RuleName'></Data><Data Name='UtcTime'>2020-05-18 06:57:36.076</Data><Data Name='ProcessGuid'>{5d3d98af-2977-5ec2-0000-0010c6e72b00}</Data><Data Name='ProcessId'>3160</Data><Data Name='QueryName'>cookiex.ngd.yahoo.com</Data><Data Name='QueryStatus'>0</Data><Data Name='QueryResults'>type:  5 ds-geoycpi-uno.gycpi.b.yahoodns.net;119.161.16.12;119.161.16.11;</Data><Data Name='Image'>C:\Program Files (x86)\Google\Chrome\Application\chrome.exe</Data></EventData></Event><Event xmlns='http://schemas.microsoft.com/win/2004/08/events/event'><System><Provider Name='Microsoft-Windows-Sysmon' Guid='{5770385f-c22a-43e0-bf4c-06f5698ffbd9}'/><EventID>22</EventID><Version>5</Version><Level>4</Level><Task>22</Task><Opcode>0</Opcode><Keywords>0x8000000000000000</Keywords><TimeCreated SystemTime='2020-05-18T06:57:34.478405800Z'/><EventRecordID>2988</EventRecordID><Correlation/><Execution ProcessID='2844' ThreadID='3988'/><Channel>Microsoft-Windows-Sysmon/Operational</Channel><Computer>DESKTOP-P84STH6</Computer><Security UserID='S-1-5-18'/></System><EventData><Data Name='RuleName'></Data><Data Name='UtcTime'>2020-05-18 06:57:32.428</Data><Data Name='ProcessGuid'>{5d3d98af-2977-5ec2-0000-0010c6e72b00}</Data><Data Name='ProcessId'>3160</Data><Data Name='QueryName'>subscription.omnithrottle.com</Data><Data Name='QueryStatus'>0</Data><Data Name='QueryResults'>type:  5 ot-kr-elb-1145834030.ap-northeast-2.elb.amazonaws.com;52.79.197.255;13.124.254.112;</Data><Data Name='Image'>C:\Program Files (x86)\Google\Chrome\Application\chrome.exe</Data></EventData></Event><Event xmlns='http://schemas.microsoft.com/win/2004/08/events/event'><System><Provider Name='Microsoft-Windows-Sysmon' Guid='{5770385f-c22a-43e0-bf4c-06f5698ffbd9}'/><EventID>22</EventID><Version>5</Version><Level>4</Level><Task>22</Task><Opcode>0</Opcode><Keywords>0x8000000000000000</Keywords><TimeCreated SystemTime='2020-05-18T06:57:34.478178300Z'/><EventRecordID>2987</EventRecordID><Correlation/><Execution ProcessID='2844' ThreadID='3988'/><Channel>Microsoft-Windows-Sysmon/Operational</Channel><Computer>DESKTOP-P84STH6</Computer><Security UserID='S-1-5-18'/></System><EventData><Data Name='RuleName'></Data><Data Name='UtcTime'>2020-05-18 06:57:32.033</Data><Data Name='ProcessGuid'>{5d3d98af-2977-5ec2-0000-0010c6e72b00}</Data><Data Name='ProcessId'>3160</Data><Data Name='QueryName'>pippio.com</Data><Data Name='QueryStatus'>0</Data><Data Name='QueryResults'>107.178.254.65;</Data><Data Name='Image'>C:\Program Files (x86)\Google\Chrome\Application\chrome.exe</Data></EventData></Event><Event xmlns='http://schemas.microsoft.com/win/2004/08/events/event'><System><Provider Name='Microsoft-Windows-Sysmon' Guid='{5770385f-c22a-43e0-bf4c-06f5698ffbd9}'/><EventID>22</EventID><Version>5</Version><Level>4</Level><Task>22</Task><Opcode>0</Opcode><Keywords>0x8000000000000000</Keywords><TimeCreated SystemTime='2020-05-18T06:57:34.477785900Z'/><EventRecordID>2986</EventRecordID><Correlation/><Execution ProcessID='2844' ThreadID='3988'/><Channel>Microsoft-Windows-Sysmon/Operational</Channel><Computer>DESKTOP-P84STH6</Computer><Security UserID='S-1-5-18'/></System><EventData><Data Name='RuleName'></Data><Data Name='UtcTime'>2020-05-18 06:57:31.666</Data><Data Name='ProcessGuid'>{5d3d98af-2977-5ec2-0000-0010c6e72b00}</Data><Data Name='ProcessId'>3160</Data><Data Name='QueryName'>cs.nex8.net</Data><Data Name='QueryStatus'>9003</Data><Data Name='QueryResults'></Data><Data Name='Image'>C:\Program Files (x86)\Google\Chrome\Application\chrome.exe</Data></EventData></Event><Event xmlns='http://schemas.microsoft.com/win/2004/08/events/event'><System><Provider Name='Microsoft-Windows-Sysmon' Guid='{5770385f-c22a-43e0-bf4c-06f5698ffbd9}'/><EventID>22</EventID><Version>5</Version><Level>4</Level><Task>22</Task><Opcode>0</Opcode><Keywords>0x8000000000000000</Keywords><TimeCreated SystemTime='2020-05-18T06:57:34.477594600Z'/><EventRecordID>2985</EventRecordID><Correlation/><Execution ProcessID='2844' ThreadID='3988'/><Channel>Microsoft-Windows-Sysmon/Operational</Channel><Computer>DESKTOP-P84STH6</Computer><Security UserID='S-1-5-18'/></System><EventData><Data Name='RuleName'></Data><Data Name='UtcTime'>2020-05-18 06:57:31.655</Data><Data Name='ProcessGuid'>{5d3d98af-2977-5ec2-0000-0010c6e72b00}</Data><Data Name='ProcessId'>3160</Data><Data Name='QueryName'>rtb.gumgum.com</Data><Data Name='QueryStatus'>0</Data><Data Name='QueryResults'>18.182.251.97;54.65.253.88;54.249.84.29;52.69.223.91;18.182.99.251;13.230.175.32;54.199.183.59;52.196.154.98;</Data><Data Name='Image'>C:\Program Files (x86)\Google\Chrome\Application\chrome.exe</Data></EventData></Event><Event xmlns='http://schemas.microsoft.com/win/2004/08/events/event'><System><Provider Name='Microsoft-Windows-Sysmon' Guid='{5770385f-c22a-43e0-bf4c-06f5698ffbd9}'/><EventID>22</EventID><Version>5</Version><Level>4</Level><Task>22</Task><Opcode>0</Opcode><Keywords>0x8000000000000000</Keywords><TimeCreated SystemTime='2020-05-18T06:57:33.478211200Z'/><EventRecordID>2984</EventRecordID><Correlation/><Execution ProcessID='2844' ThreadID='3988'/><Channel>Microsoft-Windows-Sysmon/Operational</Channel><Computer>DESKTOP-P84STH6</Computer><Security UserID='S-1-5-18'/></System><EventData><Data Name='RuleName'></Data><Data Name='UtcTime'>2020-05-18 06:57:31.539</Data><Data Name='ProcessGuid'>{5d3d98af-2977-5ec2-0000-0010c6e72b00}</Data><Data Name='ProcessId'>3160</Data><Data Name='QueryName'>id5-sync.com</Data><Data Name='QueryStatus'>0</Data><Data Name='QueryResults'>54.36.109.166;51.75.146.199;51.75.146.200;54.36.109.46;54.36.123.231;54.36.123.232;54.36.109.47;151.80.29.101;193.70.45.171;54.36.109.48;54.36.109.49;54.36.109.155;54.36.109.186;54.36.109.156;54.36.109.183;5.39.67.10;5.39.66.201;54.36.109.22;5.39.66.192;46.105.105.90;5.39.67.46;5.39.66.15;46.105.114.118;</Data><Data Name='Image'>C:\Program Files (x86)\Google\Chrome\Application\chrome.exe</Data></EventData></Event><Event xmlns='http://schemas.microsoft.com/win/2004/08/events/event'><System><Provider Name='Microsoft-Windows-Sysmon' Guid='{5770385f-c22a-43e0-bf4c-06f5698ffbd9}'/><EventID>22</EventID><Version>5</Version><Level>4</Level><Task>22</Task><Opcode>0</Opcode><Keywords>0x8000000000000000</Keywords><TimeCreated SystemTime='2020-05-18T06:57:33.477812300Z'/><EventRecordID>2983</EventRecordID><Correlation/><Execution ProcessID='2844' ThreadID='3988'/><Channel>Microsoft-Windows-Sysmon/Operational</Channel><Computer>DESKTOP-P84STH6</Computer><Security UserID='S-1-5-18'/></System><EventData><Data Name='RuleName'></Data><Data Name='UtcTime'>2020-05-18 06:57:31.530</Data><Data Name='ProcessGuid'>{5d3d98af-2977-5ec2-0000-0010c6e72b00}</Data><Data Name='ProcessId'>3160</Data><Data Name='QueryName'>sync-tm.everesttech.net</Data><Data Name='QueryStatus'>0</Data><Data Name='QueryResults'>type:  5 sync.tubemogul.com;type:  5 syncf.tubemogul.com;type:  5 h2.shared.global.fastly.net;151.101.2.49;151.101.66.49;151.101.130.49;151.101.194.49;</Data><Data Name='Image'>C:\Program Files (x86)\Google\Chrome\Application\chrome.exe</Data></EventData></Event><Event xmlns='http://schemas.microsoft.com/win/2004/08/events/event'><System><Provider Name='Microsoft-Windows-Sysmon' Guid='{5770385f-c22a-43e0-bf4c-06f5698ffbd9}'/><EventID>22</EventID><Version>5</Version><Level>4</Level><Task>22</Task><Opcode>0</Opcode><Keywords>0x8000000000000000</Keywords><TimeCreated SystemTime='2020-05-18T06:57:33.477415000Z'/><EventRecordID>2982</EventRecordID><Correlation/><Execution ProcessID='2844' ThreadID='3988'/><Channel>Microsoft-Windows-Sysmon/Operational</Channel><Computer>DESKTOP-P84STH6</Computer><Security UserID='S-1-5-18'/></System><EventData><Data Name='RuleName'></Data><Data Name='UtcTime'>2020-05-18 06:57:31.282</Data><Data Name='ProcessGuid'>{5d3d98af-2977-5ec2-0000-0010c6e72b00}</Data><Data Name='ProcessId'>3160</Data><Data Name='QueryName'>rp.gwallet.com</Data><Data Name='QueryStatus'>0</Data><Data Name='QueryResults'>74.118.186.117;</Data><Data Name='Image'>C:\Program Files (x86)\Google\Chrome\Application\chrome.exe</Data></EventData></Event><Event xmlns='http://schemas.microsoft.com/win/2004/08/events/event'><System><Provider Name='Microsoft-Windows-Sysmon' Guid='{5770385f-c22a-43e0-bf4c-06f5698ffbd9}'/><EventID>22</EventID><Version>5</Version><Level>4</Level><Task>22</Task><Opcode>0</Opcode><Keywords>0x8000000000000000</Keywords><TimeCreated SystemTime='2020-05-18T06:57:33.477256700Z'/><EventRecordID>2981</EventRecordID><Correlation/><Execution ProcessID='2844' ThreadID='3988'/><Channel>Microsoft-Windows-Sysmon/Operational</Channel><Computer>DESKTOP-P84STH6</Computer><Security UserID='S-1-5-18'/></System><EventData><Data Name='RuleName'></Data><Data Name='UtcTime'>2020-05-18 06:57:31.223</Data><Data Name='ProcessGuid'>{5d3d98af-2977-5ec2-0000-0010c6e72b00}</Data><Data Name='ProcessId'>3160</Data><Data Name='QueryName'>cc.adingo.jp</Data><Data Name='QueryStatus'>0</Data><Data Name='QueryResults'>34.206.225.118;54.85.202.116;52.72.195.204;100.25.225.218;54.242.44.147;54.164.34.2;34.195.91.242;3.217.164.228;</Data><Data Name='Image'>C:\Program Files (x86)\Google\Chrome\Application\chrome.exe</Data></EventData></Event><Event xmlns='http://schemas.microsoft.com/win/2004/08/events/event'><System><Provider Name='Microsoft-Windows-Sysmon' Guid='{5770385f-c22a-43e0-bf4c-06f5698ffbd9}'/><EventID>22</EventID><Version>5</Version><Level>4</Level><Task>22</Task><Opcode>0</Opcode><Keywords>0x8000000000000000</Keywords><TimeCreated SystemTime='2020-05-18T06:57:33.477086800Z'/><EventRecordID>2980</EventRecordID><Correlation/><Execution ProcessID='2844' ThreadID='3988'/><Channel>Microsoft-Windows-Sysmon/Operational</Channel><Computer>DESKTOP-P84STH6</Computer><Security UserID='S-1-5-18'/></System><EventData><Data Name='RuleName'></Data><Data Name='UtcTime'>2020-05-18 06:57:31.095</Data><Data Name='ProcessGuid'>{5d3d98af-2977-5ec2-0000-0010c6e72b00}</Data><Data Name='ProcessId'>3160</Data><Data Name='QueryName'>sync.targeting.unrulymedia.com</Data><Data Name='QueryStatus'>0</Data><Data Name='QueryResults'>type:  5 sync.1rx.io;202.58.9.215;</Data><Data Name='Image'>C:\Program Files (x86)\Google\Chrome\Application\chrome.exe</Data></EventData></Event><Event xmlns='http://schemas.microsoft.com/win/2004/08/events/event'><System><Provider Name='Microsoft-Windows-Sysmon' Guid='{5770385f-c22a-43e0-bf4c-06f5698ffbd9}'/><EventID>22</EventID><Version>5</Version><Level>4</Level><Task>22</Task><Opcode>0</Opcode><Keywords>0x8000000000000000</Keywords><TimeCreated SystemTime='2020-05-18T06:57:32.507041700Z'/><EventRecordID>2979</EventRecordID><Correlation/><Execution ProcessID='2844' ThreadID='3988'/><Channel>Microsoft-Windows-Sysmon/Operational</Channel><Computer>DESKTOP-P84STH6</Computer><Security UserID='S-1-5-18'/></System><EventData><Data Name='RuleName'></Data><Data Name='UtcTime'>2020-05-18 06:57:30.485</Data><Data Name='ProcessGuid'>{5d3d98af-2977-5ec2-0000-0010c6e72b00}</Data><Data Name='ProcessId'>3160</Data><Data Name='QueryName'>ipac.ctnsnet.com</Data><Data Name='QueryStatus'>0</Data><Data Name='QueryResults'>35.186.193.173;</Data><Data Name='Image'>C:\Program Files (x86)\Google\Chrome\Application\chrome.exe</Data></EventData></Event><Event xmlns='http://schemas.microsoft.com/win/2004/08/events/event'><System><Provider Name='Microsoft-Windows-Sysmon' Guid='{5770385f-c22a-43e0-bf4c-06f5698ffbd9}'/><EventID>22</EventID><Version>5</Version><Level>4</Level><Task>22</Task><Opcode>0</Opcode><Keywords>0x8000000000000000</Keywords><TimeCreated SystemTime='2020-05-18T06:57:32.506943400Z'/><EventRecordID>2978</EventRecordID><Correlation/><Execution ProcessID='2844' ThreadID='3988'/><Channel>Microsoft-Windows-Sysmon/Operational</Channel><Computer>DESKTOP-P84STH6</Computer><Security UserID='S-1-5-18'/></System><EventData><Data Name='RuleName'></Data><Data Name='UtcTime'>2020-05-18 06:57:30.451</Data><Data Name='ProcessGuid'>{5d3d98af-2977-5ec2-0000-0010c6e72b00}</Data><Data Name='ProcessId'>3160</Data><Data Name='QueryName'>e.serverbid.com</Data><Data Name='QueryStatus'>0</Data><Data Name='QueryResults'>165.22.147.84;</Data><Data Name='Image'>C:\Program Files (x86)\Google\Chrome\Application\chrome.exe</Data></EventData></Event><Event xmlns='http://schemas.microsoft.com/win/2004/08/events/event'><System><Provider Name='Microsoft-Windows-Sysmon' Guid='{5770385f-c22a-43e0-bf4c-06f5698ffbd9}'/><EventID>22</EventID><Version>5</Version><Level>4</Level><Task>22</Task><Opcode>0</Opcode><Keywords>0x8000000000000000</Keywords><TimeCreated SystemTime='2020-05-18T06:57:32.506354800Z'/><EventRecordID>2977</EventRecordID><Correlation/><Execution ProcessID='2844' ThreadID='3988'/><Channel>Microsoft-Windows-Sysmon/Operational</Channel><Computer>DESKTOP-P84STH6</Computer><Security UserID='S-1-5-18'/></System><EventData><Data Name='RuleName'></Data><Data Name='UtcTime'>2020-05-18 06:57:30.346</Data><Data Name='ProcessGuid'>{5d3d98af-2977-5ec2-0000-0010c6e72b00}</Data><Data Name='ProcessId'>3160</Data><Data Name='QueryName'>bh.contextweb.com</Data><Data Name='QueryStatus'>0</Data><Data Name='QueryResults'>type:  5 sjc-bh.contextweb.com;type:  5 sjc-bh-bgp.contextweb.com;74.214.196.139;74.214.196.140;</Data><Data Name='Image'>C:\Program Files (x86)\Google\Chrome\Application\chrome.exe</Data></EventData></Event><Event xmlns='http://schemas.microsoft.com/win/2004/08/events/event'><System><Provider Name='Microsoft-Windows-Sysmon' Guid='{5770385f-c22a-43e0-bf4c-06f5698ffbd9}'/><EventID>22</EventID><Version>5</Version><Level>4</Level><Task>22</Task><Opcode>0</Opcode><Keywords>0x8000000000000000</Keywords><TimeCreated SystemTime='2020-05-18T06:57:32.505259800Z'/><EventRecordID>2976</EventRecordID><Correlation/><Execution ProcessID='2844' ThreadID='3988'/><Channel>Microsoft-Windows-Sysmon/Operational</Channel><Computer>DESKTOP-P84STH6</Computer><Security UserID='S-1-5-18'/></System><EventData><Data Name='RuleName'></Data><Data Name='UtcTime'>2020-05-18 06:57:29.990</Data><Data Name='ProcessGuid'>{5d3d98af-2977-5ec2-0000-0010c6e72b00}</Data><Data Name='ProcessId'>3160</Data><Data Name='QueryName'>dps.jp.cinarra.com</Data><Data Name='QueryStatus'>0</Data><Data Name='QueryResults'>type:  5 p-jp-elb-inmobi.cinarra.com;type:  5 r-jp-elb-inmobi-1525453027.ap-northeast-1.elb.amazonaws.com;52.193.160.153;54.64.157.60;</Data><Data Name='Image'>C:\Program Files (x86)\Google\Chrome\Application\chrome.exe</Data></EventData></Event><Event xmlns='http://schemas.microsoft.com/win/2004/08/events/event'><System><Provider Name='Microsoft-Windows-Sysmon' Guid='{5770385f-c22a-43e0-bf4c-06f5698ffbd9}'/><EventID>22</EventID><Version>5</Version><Level>4</Level><Task>22</Task><Opcode>0</Opcode><Keywords>0x8000000000000000</Keywords><TimeCreated SystemTime='2020-05-18T06:57:32.504954200Z'/><EventRecordID>2975</EventRecordID><Correlation/><Execution ProcessID='2844' ThreadID='3988'/><Channel>Microsoft-Windows-Sysmon/Operational</Channel><Computer>DESKTOP-P84STH6</Computer><Security UserID='S-1-5-18'/></System><EventData><Data Name='RuleName'></Data><Data Name='UtcTime'>2020-05-18 06:57:29.987</Data><Data Name='ProcessGuid'>{5d3d98af-2977-5ec2-0000-0010c6e72b00}</Data><Data Name='ProcessId'>3160</Data><Data Name='QueryName'>cs.gssprt.jp</Data><Data Name='QueryStatus'>0</Data><Data Name='QueryResults'>61.213.187.241;61.213.187.248;61.213.187.244;61.213.187.242;61.213.187.243;61.213.187.247;61.213.187.245;153.254.173.146;153.254.173.130;61.213.187.246;</Data><Data Name='Image'>C:\Program Files (x86)\Google\Chrome\Application\chrome.exe</Data></EventData></Event><Event xmlns='http://schemas.microsoft.com/win/2004/08/events/event'><System><Provider Name='Microsoft-Windows-Sysmon' Guid='{5770385f-c22a-43e0-bf4c-06f5698ffbd9}'/><EventID>22</EventID><Version>5</Version><Level>4</Level><Task>22</Task><Opcode>0</Opcode><Keywords>0x8000000000000000</Keywords><TimeCreated SystemTime='2020-05-18T06:57:32.504457300Z'/><EventRecordID>2974</EventRecordID><Correlation/><Execution ProcessID='2844' ThreadID='3988'/><Channel>Microsoft-Windows-Sysmon/Operational</Channel><Computer>DESKTOP-P84STH6</Computer><Security UserID='S-1-5-18'/></System><EventData><Data Name='RuleName'></Data><Data Name='UtcTime'>2020-05-18 06:57:29.804</Data><Data Name='ProcessGuid'>{5d3d98af-2977-5ec2-0000-0010c6e72b00}</Data><Data Name='ProcessId'>3160</Data><Data Name='QueryName'>rt.gsspat.jp</Data><Data Name='QueryStatus'>0</Data><Data Name='QueryResults'>222.230.178.20;222.230.178.19;222.230.178.17;222.230.178.24;222.230.178.25;222.230.178.22;222.230.178.18;222.230.178.23;222.230.178.21;222.230.178.26;</Data><Data Name='Image'>C:\Program Files (x86)\Google\Chrome\Application\chrome.exe</Data></EventData></Event><Event xmlns='http://schemas.microsoft.com/win/2004/08/events/event'><System><Provider Name='Microsoft-Windows-Sysmon' Guid='{5770385f-c22a-43e0-bf4c-06f5698ffbd9}'/><EventID>22</EventID><Version>5</Version><Level>4</Level><Task>22</Task><Opcode>0</Opcode><Keywords>0x8000000000000000</Keywords><TimeCreated SystemTime='2020-05-18T06:57:32.504137800Z'/><EventRecordID>2973</EventRecordID><Correlation/><Execution ProcessID='2844' ThreadID='3988'/><Channel>Microsoft-Windows-Sysmon/Operational</Channel><Computer>DESKTOP-P84STH6</Computer><Security UserID='S-1-5-18'/></System><EventData><Data Name='RuleName'></Data><Data Name='UtcTime'>2020-05-18 06:57:29.762</Data><Data Name='ProcessGuid'>{5d3d98af-2977-5ec2-0000-0010c6e72b00}</Data><Data Name='ProcessId'>3160</Data><Data Name='QueryName'>gocm.c.appier.net</Data><Data Name='QueryStatus'>0</Data><Data Name='QueryResults'>139.162.22.113;139.162.11.86;139.162.40.246;172.104.168.143;139.162.62.56;139.162.19.41;139.162.41.250;172.104.169.141;139.162.61.54;139.162.37.98;172.104.52.35;172.104.160.164;172.104.164.139;139.162.30.99;139.162.56.194;172.104.180.146;139.162.9.91;</Data><Data Name='Image'>C:\Program Files (x86)\Google\Chrome\Application\chrome.exe</Data></EventData></Event><Event xmlns='http://schemas.microsoft.com/win/2004/08/events/event'><System><Provider Name='Microsoft-Windows-Sysmon' Guid='{5770385f-c22a-43e0-bf4c-06f5698ffbd9}'/><EventID>22</EventID><Version>5</Version><Level>4</Level><Task>22</Task><Opcode>0</Opcode><Keywords>0x8000000000000000</Keywords><TimeCreated SystemTime='2020-05-18T06:57:31.490365200Z'/><EventRecordID>2972</EventRecordID><Correlation/><Execution ProcessID='2844' ThreadID='3988'/><Channel>Microsoft-Windows-Sysmon/Operational</Channel><Computer>DESKTOP-P84STH6</Computer><Security UserID='S-1-5-18'/></System><EventData><Data Name='RuleName'></Data><Data Name='UtcTime'>2020-05-18 06:57:29.548</Data><Data Name='ProcessGuid'>{5d3d98af-2977-5ec2-0000-0010c6e72b00}</Data><Data Name='ProcessId'>3160</Data><Data Name='QueryName'>pr-bh.ybp.yahoo.com</Data><Data Name='QueryStatus'>0</Data><Data Name='QueryResults'>type:  5 ds-pr-bh.ybp.gysm.yahoodns.net;106.10.218.43;</Data><Data Name='Image'>C:\Program Files (x86)\Google\Chrome\Application\chrome.exe</Data></EventData></Event><Event xmlns='http://schemas.microsoft.com/win/2004/08/events/event'><System><Provider Name='Microsoft-Windows-Sysmon' Guid='{5770385f-c22a-43e0-bf4c-06f5698ffbd9}'/><EventID>22</EventID><Version>5</Version><Level>4</Level><Task>22</Task><Opcode>0</Opcode><Keywords>0x8000000000000000</Keywords><TimeCreated SystemTime='2020-05-18T06:57:31.483303000Z'/><EventRecordID>2971</EventRecordID><Correlation/><Execution ProcessID='2844' ThreadID='3988'/><Channel>Microsoft-Windows-Sysmon/Operational</Channel><Computer>DESKTOP-P84STH6</Computer><Security UserID='S-1-5-18'/></System><EventData><Data Name='RuleName'></Data><Data Name='UtcTime'>2020-05-18 06:57:29.538</Data><Data Name='ProcessGuid'>{5d3d98af-2977-5ec2-0000-0010c6e72b00}</Data><Data Name='ProcessId'>3160</Data><Data Name='QueryName'>p.adsymptotic.com</Data><Data Name='QueryStatus'>0</Data><Data Name='QueryResults'>104.18.101.194;104.18.98.194;104.18.100.194;104.18.102.194;104.18.99.194;</Data><Data Name='Image'>C:\Program Files (x86)\Google\Chrome\Application\chrome.exe</Data></EventData></Event><Event xmlns='http://schemas.microsoft.com/win/2004/08/events/event'><System><Provider Name='Microsoft-Windows-Sysmon' Guid='{5770385f-c22a-43e0-bf4c-06f5698ffbd9}'/><EventID>22</EventID><Version>5</Version><Level>4</Level><Task>22</Task><Opcode>0</Opcode><Keywords>0x8000000000000000</Keywords><TimeCreated SystemTime='2020-05-18T06:57:31.482739300Z'/><EventRecordID>2970</EventRecordID><Correlation/><Execution ProcessID='2844' ThreadID='3988'/><Channel>Microsoft-Windows-Sysmon/Operational</Channel><Computer>DESKTOP-P84STH6</Computer><Security UserID='S-1-5-18'/></System><EventData><Data Name='RuleName'></Data><Data Name='UtcTime'>2020-05-18 06:57:29.190</Data><Data Name='ProcessGuid'>{5d3d98af-2977-5ec2-0000-0010c6e72b00}</Data><Data Name='ProcessId'>3160</Data><Data Name='QueryName'>csync.loopme.me</Data><Data Name='QueryStatus'>0</Data><Data Name='QueryResults'>138.201.86.121;138.201.34.178;178.63.78.76;136.243.144.60;148.251.129.84;</Data><Data Name='Image'>C:\Program Files (x86)\Google\Chrome\Application\chrome.exe</Data></EventData></Event><Event xmlns='http://schemas.microsoft.com/win/2004/08/events/event'><System><Provider Name='Microsoft-Windows-Sysmon' Guid='{5770385f-c22a-43e0-bf4c-06f5698ffbd9}'/><EventID>22</EventID><Version>5</Version><Level>4</Level><Task>22</Task><Opcode>0</Opcode><Keywords>0x8000000000000000</Keywords><TimeCreated SystemTime='2020-05-18T06:57:31.482628400Z'/><EventRecordID>2969</EventRecordID><Correlation/><Execution ProcessID='2844' ThreadID='3988'/><Channel>Microsoft-Windows-Sysmon/Operational</Channel><Computer>DESKTOP-P84STH6</Computer><Security UserID='S-1-5-18'/></System><EventData><Data Name='RuleName'></Data><Data Name='UtcTime'>2020-05-18 06:57:29.186</Data><Data Name='ProcessGuid'>{5d3d98af-2977-5ec2-0000-0010c6e72b00}</Data><Data Name='ProcessId'>3160</Data><Data Name='QueryName'>video.sekindo.com</Data><Data Name='QueryStatus'>0</Data><Data Name='QueryResults'>type:  5 naeu.geo.cloudwm-cdn.com;138.128.246.213;138.128.246.78;138.128.245.33;104.238.212.175;138.128.245.31;199.244.51.54;199.244.50.53;199.244.51.52;199.244.50.51;199.244.51.88;</Data><Data Name='Image'>C:\Program Files (x86)\Google\Chrome\Application\chrome.exe</Data></EventData></Event><Event xmlns='http://schemas.microsoft.com/win/2004/08/events/event'><System><Provider Name='Microsoft-Windows-Sysmon' Guid='{5770385f-c22a-43e0-bf4c-06f5698ffbd9}'/><EventID>22</EventID><Version>5</Version><Level>4</Level><Task>22</Task><Opcode>0</Opcode><Keywords>0x8000000000000000</Keywords><TimeCreated SystemTime='2020-05-18T06:57:30.474440200Z'/><EventRecordID>2968</EventRecordID><Correlation/><Execution ProcessID='2844' ThreadID='3988'/><Channel>Microsoft-Windows-Sysmon/Operational</Channel><Computer>DESKTOP-P84STH6</Computer><Security UserID='S-1-5-18'/></System><EventData><Data Name='RuleName'></Data><Data Name='UtcTime'>2020-05-18 06:57:26.946</Data><Data Name='ProcessGuid'>{5d3d98af-2977-5ec2-0000-0010c6e72b00}</Data><Data Name='ProcessId'>3160</Data><Data Name='QueryName'>cdn-images.mailchimp.com</Data><Data Name='QueryStatus'>0</Data><Data Name='QueryResults'>type:  5 dbhkt46el5ri0.cloudfront.net;13.35.164.184;</Data><Data Name='Image'>C:\Program Files (x86)\Google\Chrome\Application\chrome.exe</Data></EventData></Event><Event xmlns='http://schemas.microsoft.com/win/2004/08/events/event'><System><Provider Name='Microsoft-Windows-Sysmon' Guid='{5770385f-c22a-43e0-bf4c-06f5698ffbd9}'/><EventID>22</EventID><Version>5</Version><Level>4</Level><Task>22</Task><Opcode>0</Opcode><Keywords>0x8000000000000000</Keywords><TimeCreated SystemTime='2020-05-18T06:57:29.474652900Z'/><EventRecordID>2967</EventRecordID><Correlation/><Execution ProcessID='2844' ThreadID='3988'/><Channel>Microsoft-Windows-Sysmon/Operational</Channel><Computer>DESKTOP-P84STH6</Computer><Security UserID='S-1-5-18'/></System><EventData><Data Name='RuleName'></Data><Data Name='UtcTime'>2020-05-18 06:57:26.914</Data><Data Name='ProcessGuid'>{5d3d98af-2977-5ec2-0000-0010c6e72b00}</Data><Data Name='ProcessId'>3160</Data><Data Name='QueryName'>s3.amazonaws.com</Data><Data Name='QueryStatus'>0</Data><Data Name='QueryResults'>type:  5 s3-1.amazonaws.com;52.216.9.61;</Data><Data Name='Image'>C:\Program Files (x86)\Google\Chrome\Application\chrome.exe</Data></EventData></Event><Event xmlns='http://schemas.microsoft.com/win/2004/08/events/event'><System><Provider Name='Microsoft-Windows-Sysmon' Guid='{5770385f-c22a-43e0-bf4c-06f5698ffbd9}'/><EventID>22</EventID><Version>5</Version><Level>4</Level><Task>22</Task><Opcode>0</Opcode><Keywords>0x8000000000000000</Keywords><TimeCreated SystemTime='2020-05-18T06:57:29.474576200Z'/><EventRecordID>2966</EventRecordID><Correlation/><Execution ProcessID='2844' ThreadID='3988'/><Channel>Microsoft-Windows-Sysmon/Operational</Channel><Computer>DESKTOP-P84STH6</Computer><Security UserID='S-1-5-18'/></System><EventData><Data Name='RuleName'></Data><Data Name='UtcTime'>2020-05-18 06:57:26.912</Data><Data Name='ProcessGuid'>{5d3d98af-2977-5ec2-0000-0010c6e72b00}</Data><Data Name='ProcessId'>3160</Data><Data Name='QueryName'>live.sekindo.com</Data><Data Name='QueryStatus'>0</Data><Data Name='QueryResults'>199.244.50.74;199.244.50.41;199.244.50.75;199.244.51.48;199.244.50.43;199.244.51.60;</Data><Data Name='Image'>C:\Program Files (x86)\Google\Chrome\Application\chrome.exe</Data></EventData></Event><Event xmlns='http://schemas.microsoft.com/win/2004/08/events/event'><System><Provider Name='Microsoft-Windows-Sysmon' Guid='{5770385f-c22a-43e0-bf4c-06f5698ffbd9}'/><EventID>22</EventID><Version>5</Version><Level>4</Level><Task>22</Task><Opcode>0</Opcode><Keywords>0x8000000000000000</Keywords><TimeCreated SystemTime='2020-05-18T06:57:29.474499200Z'/><EventRecordID>2965</EventRecordID><Correlation/><Execution ProcessID='2844' ThreadID='3988'/><Channel>Microsoft-Windows-Sysmon/Operational</Channel><Computer>DESKTOP-P84STH6</Computer><Security UserID='S-1-5-18'/></System><EventData><Data Name='RuleName'></Data><Data Name='UtcTime'>2020-05-18 06:57:26.912</Data><Data Name='ProcessGuid'>{5d3d98af-2977-5ec2-0000-0010c6e72b00}</Data><Data Name='ProcessId'>3160</Data><Data Name='QueryName'>s.w.org</Data><Data Name='QueryStatus'>0</Data><Data Name='QueryResults'>192.0.77.48;</Data><Data Name='Image'>C:\Program Files (x86)\Google\Chrome\Application\chrome.exe</Data></EventData></Event><Event xmlns='http://schemas.microsoft.com/win/2004/08/events/event'><System><Provider Name='Microsoft-Windows-Sysmon' Guid='{5770385f-c22a-43e0-bf4c-06f5698ffbd9}'/><EventID>22</EventID><Version>5</Version><Level>4</Level><Task>22</Task><Opcode>0</Opcode><Keywords>0x8000000000000000</Keywords><TimeCreated SystemTime='2020-05-18T06:57:29.474382200Z'/><EventRecordID>2964</EventRecordID><Correlation/><Execution ProcessID='2844' ThreadID='3988'/><Channel>Microsoft-Windows-Sysmon/Operational</Channel><Computer>DESKTOP-P84STH6</Computer><Security UserID='S-1-5-18'/></System><EventData><Data Name='RuleName'></Data><Data Name='UtcTime'>2020-05-18 06:57:25.812</Data><Data Name='ProcessGuid'>{5d3d98af-2977-5ec2-0000-0010c6e72b00}</Data><Data Name='ProcessId'>3160</Data><Data Name='QueryName'>thispointer.com</Data><Data Name='QueryStatus'>0</Data><Data Name='QueryResults'>162.144.39.60;</Data><Data Name='Image'>C:\Program Files (x86)\Google\Chrome\Application\chrome.exe</Data></EventData></Event><Event xmlns='http://schemas.microsoft.com/win/2004/08/events/event'><System><Provider Name='Microsoft-Windows-Sysmon' Guid='{5770385f-c22a-43e0-bf4c-06f5698ffbd9}'/><EventID>1</EventID><Version>5</Version><Level>4</Level><Task>1</Task><Opcode>0</Opcode><Keywords>0x8000000000000000</Keywords><TimeCreated SystemTime='2020-05-18T06:55:36.406251400Z'/><EventRecordID>2963</EventRecordID><Correlation/><Execution ProcessID='2844' ThreadID='3992'/><Channel>Microsoft-Windows-Sysmon/Operational</Channel><Computer>DESKTOP-P84STH6</Computer><Security UserID='S-1-5-18'/></System><EventData><Data Name='RuleName'></Data><Data Name='UtcTime'>2020-05-18 06:55:36.404</Data><Data Name='ProcessGuid'>{5d3d98af-3168-5ec2-0000-00102c5c4400}</Data><Data Name='ProcessId'>3324</Data><Data Name='Image'>C:\Windows\SysWOW64\cmd.exe</Data><Data Name='FileVersion'>10.0.18362.1 (WinBuild.160101.0800)</Data><Data Name='Description'>Windows Command Processor</Data><Data Name='Product'>Microsoft® Windows® Operating System</Data><Data Name='Company'>Microsoft Corporation</Data><Data Name='OriginalFileName'>Cmd.Exe</Data><Data Name='CommandLine'>C:\Windows\system32\cmd.exe /c pause</Data><Data Name='CurrentDirectory'>C:\Users\NS\Desktop\</Data><Data Name='User'>DESKTOP-P84STH6\NS</Data><Data Name='LogonGuid'>{5d3d98af-2592-5ec2-0000-00209cfc0300}</Data><Data Name='LogonId'>0x3fc9c</Data><Data Name='TerminalSessionId'>1</Data><Data Name='IntegrityLevel'>Medium</Data><Data Name='Hashes'>MD5=4943BA1A9B41D69643F69685E35B2943,SHA256=6AEEA6272E1C304D1B8907B9258513AA27CF2F35F10B76365CA8567CABB70459,IMPHASH=392B4D61B1D1DADC1F06444DF258188A</Data><Data Name='ParentProcessGuid'>{5d3d98af-3165-5ec2-0000-0010a6414400}</Data><Data Name='ParentProcessId'>3284</Data><Data Name='ParentImage'>C:\Program Files (x86)\Dev-Cpp\ConsolePauser.exe</Data><Data Name='ParentCommandLine'>"C:\Program Files (x86)\Dev-Cpp\ConsolePauser.exe" "C:\Users\NS\Desktop\123.exe" </Data></EventData></Event><Event xmlns='http://schemas.microsoft.com/win/2004/08/events/event'><System><Provider Name='Microsoft-Windows-Sysmon' Guid='{5770385f-c22a-43e0-bf4c-06f5698ffbd9}'/><EventID>5</EventID><Version>3</Version><Level>4</Level><Task>5</Task><Opcode>0</Opcode><Keywords>0x8000000000000000</Keywords><TimeCreated SystemTime='2020-05-18T06:55:36.391661400Z'/><EventRecordID>2962</EventRecordID><Correlation/><Execution ProcessID='2844' ThreadID='3992'/><Channel>Microsoft-Windows-Sysmon/Operational</Channel><Computer>DESKTOP-P84STH6</Computer><Security UserID='S-1-5-18'/></System><EventData><Data Name='RuleName'></Data><Data Name='UtcTime'>2020-05-18 06:55:36.391</Data><Data Name='ProcessGuid'>{5d3d98af-3165-5ec2-0000-0010714e4400}</Data><Data Name='ProcessId'>1368</Data><Data Name='Image'>C:\Users\NS\Desktop\123.exe</Data></EventData></Event><Event xmlns='http://schemas.microsoft.com/win/2004/08/events/event'><System><Provider Name='Microsoft-Windows-Sysmon' Guid='{5770385f-c22a-43e0-bf4c-06f5698ffbd9}'/><EventID>1</EventID><Version>5</Version><Level>4</Level><Task>1</Task><Opcode>0</Opcode><Keywords>0x8000000000000000</Keywords><TimeCreated SystemTime='2020-05-18T06:55:33.741262500Z'/><EventRecordID>2961</EventRecordID><Correlation/><Execution ProcessID='2844' ThreadID='3992'/><Channel>Microsoft-Windows-Sysmon/Operational</Channel><Computer>DESKTOP-P84STH6</Computer><Security UserID='S-1-5-18'/></System><EventData><Data Name='RuleName'></Data><Data Name='UtcTime'>2020-05-18 06:55:33.723</Data><Data Name='ProcessGuid'>{5d3d98af-3165-5ec2-0000-0010714e4400}</Data><Data Name='ProcessId'>1368</Data><Data Name='Image'>C:\Users\NS\Desktop\123.exe</Data><Data Name='FileVersion'>?</Data><Data Name='Description'>?</Data><Data Name='Product'>?</Data><Data Name='Company'>?</Data><Data Name='OriginalFileName'>?</Data><Data Name='CommandLine'>C:\Users\NS\Desktop\123.exe</Data><Data Name='CurrentDirectory'>C:\Users\NS\Desktop\</Data><Data Name='User'>DESKTOP-P84STH6\NS</Data><Data Name='LogonGuid'>{5d3d98af-2592-5ec2-0000-00209cfc0300}</Data><Data Name='LogonId'>0x3fc9c</Data><Data Name='TerminalSessionId'>1</Data><Data Name='IntegrityLevel'>Medium</Data><Data Name='Hashes'>MD5=829A80F56A7A48C2630155F6175B7156,SHA256=ADE188D6111634FB0B5EA47243EF12EBA0024CF9AEE78F48F3255A3565AE12B6,IMPHASH=5CE0188D2869DBC82465FA939585958E</Data><Data Name='ParentProcessGuid'>{5d3d98af-3165-5ec2-0000-0010a6414400}</Data><Data Name='ParentProcessId'>3284</Data><Data Name='ParentImage'>C:\Program Files (x86)\Dev-Cpp\ConsolePauser.exe</Data><Data Name='ParentCommandLine'>"C:\Program Files (x86)\Dev-Cpp\ConsolePauser.exe" "C:\Users\NS\Desktop\123.exe" </Data></EventData></Event><Event xmlns='http://schemas.microsoft.com/win/2004/08/events/event'><System><Provider Name='Microsoft-Windows-Sysmon' Guid='{5770385f-c22a-43e0-bf4c-06f5698ffbd9}'/><EventID>1</EventID><Version>5</Version><Level>4</Level><Task>1</Task><Opcode>0</Opcode><Keywords>0x8000000000000000</Keywords><TimeCreated SystemTime='2020-05-18T06:55:33.590150800Z'/><EventRecordID>2960</EventRecordID><Correlation/><Execution ProcessID='2844' ThreadID='3992'/><Channel>Microsoft-Windows-Sysmon/Operational</Channel><Computer>DESKTOP-P84STH6</Computer><Security UserID='S-1-5-18'/></System><EventData><Data Name='RuleName'></Data><Data Name='UtcTime'>2020-05-18 06:55:33.586</Data><Data Name='ProcessGuid'>{5d3d98af-3165-5ec2-0000-0010a6414400}</Data><Data Name='ProcessId'>3284</Data><Data Name='Image'>C:\Program Files (x86)\Dev-Cpp\ConsolePauser.exe</Data><Data Name='FileVersion'>?</Data><Data Name='Description'>?</Data><Data Name='Product'>?</Data><Data Name='Company'>?</Data><Data Name='OriginalFileName'>?</Data><Data Name='CommandLine'>"C:\Program Files (x86)\Dev-Cpp\ConsolePauser.exe" "C:\Users\NS\Desktop\123.exe" </Data><Data Name='CurrentDirectory'>C:\Users\NS\Desktop\</Data><Data Name='User'>DESKTOP-P84STH6\NS</Data><Data Name='LogonGuid'>{5d3d98af-2592-5ec2-0000-00209cfc0300}</Data><Data Name='LogonId'>0x3fc9c</Data><Data Name='TerminalSessionId'>1</Data><Data Name='IntegrityLevel'>Medium</Data><Data Name='Hashes'>MD5=59584636ADBEA41CA434D5D0594E6A75,SHA256=F04E5F949AE3B2B2882380F9B6D1F111891E5EA15FEF560BE9D13F39DC3A0B11,IMPHASH=C3B1A0A19A6F4E6177B2B8DB7F5A7930</Data><Data Name='ParentProcessGuid'>{5d3d98af-2c62-5ec2-0000-0010d4c33400}</Data><Data Name='ParentProcessId'>1144</Data><Data Name='ParentImage'>C:\Program Files (x86)\Dev-Cpp\devcpp.exe</Data><Data Name='ParentCommandLine'>"C:\Program Files (x86)\Dev-Cpp\devcpp.exe" </Data></EventData></Event><Event xmlns='http://schemas.microsoft.com/win/2004/08/events/event'><System><Provider Name='Microsoft-Windows-Sysmon' Guid='{5770385f-c22a-43e0-bf4c-06f5698ffbd9}'/><EventID>11</EventID><Version>2</Version><Level>4</Level><Task>11</Task><Opcode>0</Opcode><Keywords>0x8000000000000000</Keywords><TimeCreated SystemTime='2020-05-18T06:55:32.382781300Z'/><EventRecordID>2959</EventRecordID><Correlation/><Execution ProcessID='2844' ThreadID='3992'/><Channel>Microsoft-Windows-Sysmon/Operational</Channel><Computer>DESKTOP-P84STH6</Computer><Security UserID='S-1-5-18'/></System><EventData><Data Name='RuleName'>EXE</Data><Data Name='UtcTime'>2020-05-18 06:55:32.381</Data><Data Name='ProcessGuid'>{5d3d98af-3164-5ec2-0000-001030374400}</Data><Data Name='ProcessId'>7084</Data><Data Name='Image'>C:\Program Files (x86)\Dev-Cpp\MinGW64\bin\..\lib\gcc\x86_64-w64-mingw32\4.9.2\..\..\..\..\x86_64-w64-mingw32\bin\ld.exe</Data><Data Name='TargetFilename'>C:\Users\NS\Desktop\123.exe</Data><Data Name='CreationUtcTime'>2020-05-18 06:52:01.832</Data></EventData></Event><Event xmlns='http://schemas.microsoft.com/win/2004/08/events/event'><System><Provider Name='Microsoft-Windows-Sysmon' Guid='{5770385f-c22a-43e0-bf4c-06f5698ffbd9}'/><EventID>1</EventID><Version>5</Version><Level>4</Level><Task>1</Task><Opcode>0</Opcode><Keywords>0x8000000000000000</Keywords><TimeCreated SystemTime='2020-05-18T06:55:32.367074800Z'/><EventRecordID>2958</EventRecordID><Correlation/><Execution ProcessID='2844' ThreadID='3992'/><Channel>Microsoft-Windows-Sysmon/Operational</Channel><Computer>DESKTOP-P84STH6</Computer><Security UserID='S-1-5-18'/></System><EventData><Data Name='RuleName'></Data><Data Name='UtcTime'>2020-05-18 06:55:32.364</Data><Data Name='ProcessGuid'>{5d3d98af-3164-5ec2-0000-001030374400}</Data><Data Name='ProcessId'>7084</Data><Data Name='Image'>C:\Program Files (x86)\Dev-Cpp\MinGW64\x86_64-w64-mingw32\bin\ld.exe</Data><Data Name='FileVersion'>?</Data><Data Name='Description'>?</Data><Data Name='Product'>?</Data><Data Name='Company'>?</Data><Data Name='OriginalFileName'>?</Data><Data Name='CommandLine'>"C:/Program Files (x86)/Dev-Cpp/MinGW64/bin/../lib/gcc/x86_64-w64-mingw32/4.9.2/../../../../x86_64-w64-mingw32/bin/ld.exe" "-plugin" "C:/Program Files (x86)/Dev-Cpp/MinGW64/bin/../libexec/gcc/x86_64-w64-mingw32/4.9.2/liblto_plugin-0.dll" "-plugin-opt=C:/Program Files (x86)/Dev-Cpp/MinGW64/bin/../libexec/gcc/x86_64-w64-mingw32/4.9.2/lto-wrapper.exe" "-plugin-opt=-fresolution=C:\Users\NS\AppData\Local\Temp\ccK2WtW2.res" "-plugin-opt=-pass-through=-lmingw32" "-plugin-opt=-pass-through=-lgcc" "-plugin-opt=-pass-through=-lmoldname" "-plugin-opt=-pass-through=-lmingwex" "-plugin-opt=-pass-through=-lmsvcrt" "-plugin-opt=-pass-through=-lpthread" "-plugin-opt=-pass-through=-ladvapi32" "-plugin-opt=-pass-through=-lshell32" "-plugin-opt=-pass-through=-luser32" "-plugin-opt=-pass-through=-lkernel32" "-plugin-opt=-pass-through=-lmingw32" "-plugin-opt=-pass-through=-lgcc" "-plugin-opt=-pass-through=-lmoldname" "-plugin-opt=-pass-through=-lmingwex" "-plugin-opt=-pass-through=-lmsvcrt" "-m" "i386pep" "--exclude-libs=libpthread.a" "-Bdynamic" "-o" "C:\Users\NS\Desktop\123.exe" "C:/Program Files (x86)/Dev-Cpp/MinGW64/bin/../lib/gcc/x86_64-w64-mingw32/4.9.2/../../../../x86_64-w64-mingw32/lib/../lib/crt2.o" "C:/Program Files (x86)/Dev-Cpp/MinGW64/bin/../lib/gcc/x86_64-w64-mingw32/4.9.2/../../../../x86_64-w64-mingw32/lib/../lib/crtbegin.o" "-LC:\Program Files (x86)\Dev-Cpp\MinGW64\lib" "-LC:\Program Files (x86)\Dev-Cpp\MinGW64\x86_64-w64-mingw32\lib" "-LC:/Program Files (x86)/Dev-Cpp/MinGW64/bin/../lib/gcc/x86_64-w64-mingw32/4.9.2" "-LC:/Program Files (x86)/Dev-Cpp/MinGW64/bin/../lib/gcc" "-LC:/Program Files (x86)/Dev-Cpp/MinGW64/bin/../lib/gcc/x86_64-w64-mingw32/4.9.2/../../../../x86_64-w64-mingw32/lib/../lib" "-LC:/Program Files (x86)/Dev-Cpp/MinGW64/bin/../lib/gcc/x86_64-w64-mingw32/4.9.2/../../../../lib" "-LC:/Program Files (x86)/Dev-Cpp/MinGW64/bin/../lib/gcc/x86_64-w64-mingw32/4.9.2/../../../../x86_64-w64-mingw32/lib" "-LC:/Program Files (x86)/Dev-Cpp/MinGW64/bin/../lib/gcc/x86_64-w64-mingw32/4.9.2/../../.." "C:\Users\NS\AppData\Local\Temp\ccQBh2uD.o" "-Bstatic" "-lstdc++" "-Bdynamic" "-lmingw32" "-lgcc" "-lmoldname" "-lmingwex" "-lmsvcrt" "-lpthread" "-ladvapi32" "-lshell32" "-luser32" "-lkernel32" "-lmingw32" "-lgcc" "-lmoldname" "-lmingwex" "-lmsvcrt" "C:/Program Files (x86)/Dev-Cpp/MinGW64/bin/../lib/gcc/x86_64-w64-mingw32/4.9.2/../../../../x86_64-w64-mingw32/lib/../lib/crtend.o"</Data><Data Name='CurrentDirectory'>C:\Users\NS\Desktop\</Data><Data Name='User'>DESKTOP-P84STH6\NS</Data><Data Name='LogonGuid'>{5d3d98af-2592-5ec2-0000-00209cfc0300}</Data><Data Name='LogonId'>0x3fc9c</Data><Data Name='TerminalSessionId'>1</Data><Data Name='IntegrityLevel'>Medium</Data><Data Name='Hashes'>MD5=51B0EE90FFE28E76B7DAEC2F19613A33,SHA256=54F34CEBDAC8DAA3526FB6AC8212D972C4333423FB9B1045F640C07AAE768807,IMPHASH=57A9BD1C3468508C6D4C9D1A0AEEB961</Data><Data Name='ParentProcessGuid'>{5d3d98af-3164-5ec2-0000-00109f344400}</Data><Data Name='ParentProcessId'>4044</Data><Data Name='ParentImage'>C:\Program Files (x86)\Dev-Cpp\MinGW64\libexec\gcc\x86_64-w64-mingw32\4.9.2\collect2.exe</Data><Data Name='ParentCommandLine'>"C:/Program Files (x86)/Dev-Cpp/MinGW64/bin/../libexec/gcc/x86_64-w64-mingw32/4.9.2/collect2.exe" "-plugin" "C:/Program Files (x86)/Dev-Cpp/MinGW64/bin/../libexec/gcc/x86_64-w64-mingw32/4.9.2/liblto_plugin-0.dll" "-plugin-opt=C:/Program Files (x86)/Dev-Cpp/MinGW64/bin/../libexec/gcc/x86_64-w64-mingw32/4.9.2/lto-wrapper.exe" "-plugin-opt=-fresolution=C:\Users\NS\AppData\Local\Temp\ccK2WtW2.res" "-plugin-opt=-pass-through=-lmingw32" "-plugin-opt=-pass-through=-lgcc" "-plugin-opt=-pass-through=-lmoldname" "-plugin-opt=-pass-through=-lmingwex" "-plugin-opt=-pass-through=-lmsvcrt" "-plugin-opt=-pass-through=-lpthread" "-plugin-opt=-pass-through=-ladvapi32" "-plugin-opt=-pass-through=-lshell32" "-plugin-opt=-pass-through=-luser32" "-plugin-opt=-pass-through=-lkernel32" "-plugin-opt=-pass-through=-lmingw32" "-plugin-opt=-pass-through=-lgcc" "-plugin-opt=-pass-through=-lmoldname" "-plugin-opt=-pass-through=-lmingwex" "-plugin-opt=-pass-through=-lmsvcrt" "-m" "i386pep" "--exclude-libs=libpthread.a" "-Bdynamic" "-o" "C:\Users\NS\Desktop\123.exe" "C:/Program Files (x86)/Dev-Cpp/MinGW64/bin/../lib/gcc/x86_64-w64-mingw32/4.9.2/../../../../x86_64-w64-mingw32/lib/../lib/crt2.o" "C:/Program Files (x86)/Dev-Cpp/MinGW64/bin/../lib/gcc/x86_64-w64-mingw32/4.9.2/../../../../x86_64-w64-mingw32/lib/../lib/crtbegin.o" "-LC:\Program Files (x86)\Dev-Cpp\MinGW64\lib" "-LC:\Program Files (x86)\Dev-Cpp\MinGW64\x86_64-w64-mingw32\lib" "-LC:/Program Files (x86)/Dev-Cpp/MinGW64/bin/../lib/gcc/x86_64-w64-mingw32/4.9.2" "-LC:/Program Files (x86)/Dev-Cpp/MinGW64/bin/../lib/gcc" "-LC:/Program Files (x86)/Dev-Cpp/MinGW64/bin/../lib/gcc/x86_64-w64-mingw32/4.9.2/../../../../x86_64-w64-mingw32/lib/../lib" "-LC:/Program Files (x86)/Dev-Cpp/MinGW64/bin/../lib/gcc/x86_64-w64-mingw32/4.9.2/../../../../lib" "-LC:/Program Files (x86)/Dev-Cpp/MinGW64/bin/../lib/gcc/x86_64-w64-mingw32/4.9.2/../../../../x86_64-w64-mingw32/lib" "-LC:/Program Files (x86)/Dev-Cpp/MinGW64/bin/../lib/gcc/x86_64-w64-mingw32/4.9.2/../../.." "C:\Users\NS\AppData\Local\Temp\ccQBh2uD.o" "-Bstatic" "-lstdc++" "-Bdynamic" "-lmingw32" "-lgcc" "-lmoldname" "-lmingwex" "-lmsvcrt" "-lpthread" "-ladvapi32" "-lshell32" "-luser32" "-lkernel32" "-lmingw32" "-lgcc" "-lmoldname" "-lmingwex" "-lmsvcrt" "C:/Program Files (x86)/Dev-Cpp/MinGW64/bin/../lib/gcc/x86_64-w64-mingw32/4.9.2/../../../../x86_64-w64-mingw32/lib/../lib/crtend.o"</Data></EventData></Event>