<Event xmlns='http://schemas.microsoft.com/win/2004/08/events/event'><System><Provider Name='Microsoft-Windows-Sysmon' Guid='{5770385f-c22a-43e0-bf4c-06f5698ffbd9}'/><EventID>11</EventID><Version>2</Version><Level>4</Level><Task>11</Task><Opcode>0</Opcode><Keywords>0x8000000000000000</Keywords><TimeCreated SystemTime='2020-05-18T07:27:31.792046600Z'/><EventRecordID>3121</EventRecordID><Correlation/><Execution ProcessID='2844' ThreadID='3992'/><Channel>Microsoft-Windows-Sysmon/Operational</Channel><Computer>DESKTOP-P84STH6</Computer><Security UserID='S-1-5-18'/></System><EventData><Data Name='RuleName'></Data><Data Name='UtcTime'>2020-05-18 07:27:31.791</Data><Data Name='ProcessGuid'>{5d3d98af-34c4-5ec2-0000-001020684c00}</Data><Data Name='ProcessId'>3832</Data><Data Name='Image'>C:\Windows\system32\taskhostw.exe</Data><Data Name='TargetFilename'>C:\Windows\Temp\SDIAG_65aee9e7-6123-423f-9a2e-8de6a6afbadc\TS_InaccurateSystemTime.ps1</Data><Data Name='CreationUtcTime'>2020-05-18 07:27:31.790</Data></EventData></Event><Event xmlns='http://schemas.microsoft.com/win/2004/08/events/event'><System><Provider Name='Microsoft-Windows-Sysmon' Guid='{5770385f-c22a-43e0-bf4c-06f5698ffbd9}'/><EventID>11</EventID><Version>2</Version><Level>4</Level><Task>11</Task><Opcode>0</Opcode><Keywords>0x8000000000000000</Keywords><TimeCreated SystemTime='2020-05-18T07:27:31.774258100Z'/><EventRecordID>3120</EventRecordID><Correlation/><Execution ProcessID='2844' ThreadID='3992'/><Channel>Microsoft-Windows-Sysmon/Operational</Channel><Computer>DESKTOP-P84STH6</Computer><Security UserID='S-1-5-18'/></System><EventData><Data Name='RuleName'></Data><Data Name='UtcTime'>2020-05-18 07:27:31.773</Data><Data Name='ProcessGuid'>{5d3d98af-34c4-5ec2-0000-001020684c00}</Data><Data Name='ProcessId'>3832</Data><Data Name='Image'>C:\Windows\system32\taskhostw.exe</Data><Data Name='TargetFilename'>C:\Windows\Temp\SDIAG_65aee9e7-6123-423f-9a2e-8de6a6afbadc\TS_DiagnosticHistory.ps1</Data><Data Name='CreationUtcTime'>2020-05-18 07:27:31.773</Data></EventData></Event><Event xmlns='http://schemas.microsoft.com/win/2004/08/events/event'><System><Provider Name='Microsoft-Windows-Sysmon' Guid='{5770385f-c22a-43e0-bf4c-06f5698ffbd9}'/><EventID>11</EventID><Version>2</Version><Level>4</Level><Task>11</Task><Opcode>0</Opcode><Keywords>0x8000000000000000</Keywords><TimeCreated SystemTime='2020-05-18T07:27:31.760375100Z'/><EventRecordID>3119</EventRecordID><Correlation/><Execution ProcessID='2844' ThreadID='3992'/><Channel>Microsoft-Windows-Sysmon/Operational</Channel><Computer>DESKTOP-P84STH6</Computer><Security UserID='S-1-5-18'/></System><EventData><Data Name='RuleName'></Data><Data Name='UtcTime'>2020-05-18 07:27:31.760</Data><Data Name='ProcessGuid'>{5d3d98af-34c4-5ec2-0000-001020684c00}</Data><Data Name='ProcessId'>3832</Data><Data Name='Image'>C:\Windows\system32\taskhostw.exe</Data><Data Name='TargetFilename'>C:\Windows\Temp\SDIAG_65aee9e7-6123-423f-9a2e-8de6a6afbadc\RS_UserWERQueue.ps1</Data><Data Name='CreationUtcTime'>2020-05-18 07:27:31.759</Data></EventData></Event><Event xmlns='http://schemas.microsoft.com/win/2004/08/events/event'><System><Provider Name='Microsoft-Windows-Sysmon' Guid='{5770385f-c22a-43e0-bf4c-06f5698ffbd9}'/><EventID>11</EventID><Version>2</Version><Level>4</Level><Task>11</Task><Opcode>0</Opcode><Keywords>0x8000000000000000</Keywords><TimeCreated SystemTime='2020-05-18T07:27:31.735242700Z'/><EventRecordID>3118</EventRecordID><Correlation/><Execution ProcessID='2844' ThreadID='3992'/><Channel>Microsoft-Windows-Sysmon/Operational</Channel><Computer>DESKTOP-P84STH6</Computer><Security UserID='S-1-5-18'/></System><EventData><Data Name='RuleName'></Data><Data Name='UtcTime'>2020-05-18 07:27:31.735</Data><Data Name='ProcessGuid'>{5d3d98af-34c4-5ec2-0000-001020684c00}</Data><Data Name='ProcessId'>3832</Data><Data Name='Image'>C:\Windows\system32\taskhostw.exe</Data><Data Name='TargetFilename'>C:\Windows\Temp\SDIAG_65aee9e7-6123-423f-9a2e-8de6a6afbadc\RS_UserDiagnosticHistory.ps1</Data><Data Name='CreationUtcTime'>2020-05-18 07:27:31.734</Data></EventData></Event><Event xmlns='http://schemas.microsoft.com/win/2004/08/events/event'><System><Provider Name='Microsoft-Windows-Sysmon' Guid='{5770385f-c22a-43e0-bf4c-06f5698ffbd9}'/><EventID>11</EventID><Version>2</Version><Level>4</Level><Task>11</Task><Opcode>0</Opcode><Keywords>0x8000000000000000</Keywords><TimeCreated SystemTime='2020-05-18T07:27:31.715530100Z'/><EventRecordID>3117</EventRecordID><Correlation/><Execution ProcessID='2844' ThreadID='3992'/><Channel>Microsoft-Windows-Sysmon/Operational</Channel><Computer>DESKTOP-P84STH6</Computer><Security UserID='S-1-5-18'/></System><EventData><Data Name='RuleName'></Data><Data Name='UtcTime'>2020-05-18 07:27:31.714</Data><Data Name='ProcessGuid'>{5d3d98af-34c4-5ec2-0000-001020684c00}</Data><Data Name='ProcessId'>3832</Data><Data Name='Image'>C:\Windows\system32\taskhostw.exe</Data><Data Name='TargetFilename'>C:\Windows\Temp\SDIAG_65aee9e7-6123-423f-9a2e-8de6a6afbadc\RS_SyncSystemTime.ps1</Data><Data Name='CreationUtcTime'>2020-05-18 07:27:31.714</Data></EventData></Event><Event xmlns='http://schemas.microsoft.com/win/2004/08/events/event'><System><Provider Name='Microsoft-Windows-Sysmon' Guid='{5770385f-c22a-43e0-bf4c-06f5698ffbd9}'/><EventID>11</EventID><Version>2</Version><Level>4</Level><Task>11</Task><Opcode>0</Opcode><Keywords>0x8000000000000000</Keywords><TimeCreated SystemTime='2020-05-18T07:27:31.691724400Z'/><EventRecordID>3116</EventRecordID><Correlation/><Execution ProcessID='2844' ThreadID='3992'/><Channel>Microsoft-Windows-Sysmon/Operational</Channel><Computer>DESKTOP-P84STH6</Computer><Security UserID='S-1-5-18'/></System><EventData><Data Name='RuleName'></Data><Data Name='UtcTime'>2020-05-18 07:27:31.689</Data><Data Name='ProcessGuid'>{5d3d98af-34c4-5ec2-0000-001020684c00}</Data><Data Name='ProcessId'>3832</Data><Data Name='Image'>C:\Windows\system32\taskhostw.exe</Data><Data Name='TargetFilename'>C:\Windows\Temp\SDIAG_65aee9e7-6123-423f-9a2e-8de6a6afbadc\RS_MachineWERQueue.ps1</Data><Data Name='CreationUtcTime'>2020-05-18 07:27:31.689</Data></EventData></Event><Event xmlns='http://schemas.microsoft.com/win/2004/08/events/event'><System><Provider Name='Microsoft-Windows-Sysmon' Guid='{5770385f-c22a-43e0-bf4c-06f5698ffbd9}'/><EventID>11</EventID><Version>2</Version><Level>4</Level><Task>11</Task><Opcode>0</Opcode><Keywords>0x8000000000000000</Keywords><TimeCreated SystemTime='2020-05-18T07:27:31.677098200Z'/><EventRecordID>3115</EventRecordID><Correlation/><Execution ProcessID='2844' ThreadID='3992'/><Channel>Microsoft-Windows-Sysmon/Operational</Channel><Computer>DESKTOP-P84STH6</Computer><Security UserID='S-1-5-18'/></System><EventData><Data Name='RuleName'></Data><Data Name='UtcTime'>2020-05-18 07:27:31.676</Data><Data Name='ProcessGuid'>{5d3d98af-34c4-5ec2-0000-001020684c00}</Data><Data Name='ProcessId'>3832</Data><Data Name='Image'>C:\Windows\system32\taskhostw.exe</Data><Data Name='TargetFilename'>C:\Windows\Temp\SDIAG_65aee9e7-6123-423f-9a2e-8de6a6afbadc\RS_AdminDiagnosticHistory.ps1</Data><Data Name='CreationUtcTime'>2020-05-18 07:27:31.676</Data></EventData></Event><Event xmlns='http://schemas.microsoft.com/win/2004/08/events/event'><System><Provider Name='Microsoft-Windows-Sysmon' Guid='{5770385f-c22a-43e0-bf4c-06f5698ffbd9}'/><EventID>11</EventID><Version>2</Version><Level>4</Level><Task>11</Task><Opcode>0</Opcode><Keywords>0x8000000000000000</Keywords><TimeCreated SystemTime='2020-05-18T07:27:31.661069100Z'/><EventRecordID>3114</EventRecordID><Correlation/><Execution ProcessID='2844' ThreadID='3992'/><Channel>Microsoft-Windows-Sysmon/Operational</Channel><Computer>DESKTOP-P84STH6</Computer><Security UserID='S-1-5-18'/></System><EventData><Data Name='RuleName'>DLL</Data><Data Name='UtcTime'>2020-05-18 07:27:31.660</Data><Data Name='ProcessGuid'>{5d3d98af-34c4-5ec2-0000-001020684c00}</Data><Data Name='ProcessId'>3832</Data><Data Name='Image'>C:\Windows\system32\taskhostw.exe</Data><Data Name='TargetFilename'>C:\Windows\Temp\SDIAG_65aee9e7-6123-423f-9a2e-8de6a6afbadc\DiagPackage.dll</Data><Data Name='CreationUtcTime'>2020-05-18 07:27:31.660</Data></EventData></Event><Event xmlns='http://schemas.microsoft.com/win/2004/08/events/event'><System><Provider Name='Microsoft-Windows-Sysmon' Guid='{5770385f-c22a-43e0-bf4c-06f5698ffbd9}'/><EventID>11</EventID><Version>2</Version><Level>4</Level><Task>11</Task><Opcode>0</Opcode><Keywords>0x8000000000000000</Keywords><TimeCreated SystemTime='2020-05-18T07:27:31.596113100Z'/><EventRecordID>3113</EventRecordID><Correlation/><Execution ProcessID='2844' ThreadID='3992'/><Channel>Microsoft-Windows-Sysmon/Operational</Channel><Computer>DESKTOP-P84STH6</Computer><Security UserID='S-1-5-18'/></System><EventData><Data Name='RuleName'></Data><Data Name='UtcTime'>2020-05-18 07:27:31.595</Data><Data Name='ProcessGuid'>{5d3d98af-34c4-5ec2-0000-001020684c00}</Data><Data Name='ProcessId'>3832</Data><Data Name='Image'>C:\Windows\system32\taskhostw.exe</Data><Data Name='TargetFilename'>C:\Windows\Temp\SDIAG_65aee9e7-6123-423f-9a2e-8de6a6afbadc\CL_Utility.ps1</Data><Data Name='CreationUtcTime'>2020-05-18 07:27:31.595</Data></EventData></Event><Event xmlns='http://schemas.microsoft.com/win/2004/08/events/event'><System><Provider Name='Microsoft-Windows-Sysmon' Guid='{5770385f-c22a-43e0-bf4c-06f5698ffbd9}'/><EventID>1</EventID><Version>5</Version><Level>4</Level><Task>1</Task><Opcode>0</Opcode><Keywords>0x8000000000000000</Keywords><TimeCreated SystemTime='2020-05-18T07:27:31.464814000Z'/><EventRecordID>3112</EventRecordID><Correlation/><Execution ProcessID='2844' ThreadID='3992'/><Channel>Microsoft-Windows-Sysmon/Operational</Channel><Computer>DESKTOP-P84STH6</Computer><Security UserID='S-1-5-18'/></System><EventData><Data Name='RuleName'></Data><Data Name='UtcTime'>2020-05-18 07:27:31.462</Data><Data Name='ProcessGuid'>{5d3d98af-38e3-5ec2-0000-0010689f5500}</Data><Data Name='ProcessId'>2648</Data><Data Name='Image'>C:\Windows\System32\svchost.exe</Data><Data Name='FileVersion'>10.0.18362.1 (WinBuild.160101.0800)</Data><Data Name='Description'>Host Process for Windows Services</Data><Data Name='Product'>Microsoft® Windows® Operating System</Data><Data Name='Company'>Microsoft Corporation</Data><Data Name='OriginalFileName'>svchost.exe</Data><Data Name='CommandLine'>C:\Windows\system32\svchost.exe -k netsvcs -p -s wisvc</Data><Data Name='CurrentDirectory'>C:\Windows\system32\</Data><Data Name='User'>NT AUTHORITY\SYSTEM</Data><Data Name='LogonGuid'>{5d3d98af-2583-5ec2-0000-0020e7030000}</Data><Data Name='LogonId'>0x3e7</Data><Data Name='TerminalSessionId'>0</Data><Data Name='IntegrityLevel'>System</Data><Data Name='Hashes'>MD5=9520A99E77D6196D0D09833146424113,SHA256=DD191A5B23DF92E12A8852291F9FB5ED594B76A28A5A464418442584AFD1E048,IMPHASH=247B9220E5D9B720A82B2C8B5069AD69</Data><Data Name='ParentProcessGuid'>{5d3d98af-2583-5ec2-0000-0010c65b0000}</Data><Data Name='ParentProcessId'>680</Data><Data Name='ParentImage'>C:\Windows\System32\services.exe</Data><Data Name='ParentCommandLine'>C:\Windows\system32\services.exe</Data></EventData></Event><Event xmlns='http://schemas.microsoft.com/win/2004/08/events/event'><System><Provider Name='Microsoft-Windows-Sysmon' Guid='{5770385f-c22a-43e0-bf4c-06f5698ffbd9}'/><EventID>1</EventID><Version>5</Version><Level>4</Level><Task>1</Task><Opcode>0</Opcode><Keywords>0x8000000000000000</Keywords><TimeCreated SystemTime='2020-05-18T07:27:31.404441000Z'/><EventRecordID>3111</EventRecordID><Correlation/><Execution ProcessID='2844' ThreadID='3992'/><Channel>Microsoft-Windows-Sysmon/Operational</Channel><Computer>DESKTOP-P84STH6</Computer><Security UserID='S-1-5-18'/></System><EventData><Data Name='RuleName'></Data><Data Name='UtcTime'>2020-05-18 07:27:31.401</Data><Data Name='ProcessGuid'>{5d3d98af-38e3-5ec2-0000-001056945500}</Data><Data Name='ProcessId'>4580</Data><Data Name='Image'>C:\Windows\System32\cleanmgr.exe</Data><Data Name='FileVersion'>10.0.18362.1 (WinBuild.160101.0800)</Data><Data Name='Description'>Disk Space Cleanup Manager for Windows</Data><Data Name='Product'>Microsoft® Windows® Operating System</Data><Data Name='Company'>Microsoft Corporation</Data><Data Name='OriginalFileName'>CLEANMGR.DLL</Data><Data Name='CommandLine'>C:\Windows\system32\cleanmgr.exe /autoclean /d C:</Data><Data Name='CurrentDirectory'>C:\Windows\system32\</Data><Data Name='User'>DESKTOP-P84STH6\NS</Data><Data Name='LogonGuid'>{5d3d98af-2592-5ec2-0000-00205ffc0300}</Data><Data Name='LogonId'>0x3fc5f</Data><Data Name='TerminalSessionId'>1</Data><Data Name='IntegrityLevel'>High</Data><Data Name='Hashes'>MD5=1920470998932423575D36C07F8BC97E,SHA256=B8555DF84BE369161FD26A72C416E981DE1259C319C9BD08E576F24DD43C8684,IMPHASH=01C3E0BDF36CDCCD09EE9D71D7D7A4F1</Data><Data Name='ParentProcessGuid'>{5d3d98af-2584-5ec2-0000-00102cd20000}</Data><Data Name='ParentProcessId'>1040</Data><Data Name='ParentImage'>C:\Windows\System32\svchost.exe</Data><Data Name='ParentCommandLine'>C:\Windows\system32\svchost.exe -k netsvcs -p -s Schedule</Data></EventData></Event><Event xmlns='http://schemas.microsoft.com/win/2004/08/events/event'><System><Provider Name='Microsoft-Windows-Sysmon' Guid='{5770385f-c22a-43e0-bf4c-06f5698ffbd9}'/><EventID>1</EventID><Version>5</Version><Level>4</Level><Task>1</Task><Opcode>0</Opcode><Keywords>0x8000000000000000</Keywords><TimeCreated SystemTime='2020-05-18T07:27:31.393784400Z'/><EventRecordID>3110</EventRecordID><Correlation/><Execution ProcessID='2844' ThreadID='3992'/><Channel>Microsoft-Windows-Sysmon/Operational</Channel><Computer>DESKTOP-P84STH6</Computer><Security UserID='S-1-5-18'/></System><EventData><Data Name='RuleName'></Data><Data Name='UtcTime'>2020-05-18 07:27:31.391</Data><Data Name='ProcessGuid'>{5d3d98af-38e3-5ec2-0000-0010fc905500}</Data><Data Name='ProcessId'>7932</Data><Data Name='Image'>C:\Windows\System32\taskhostw.exe</Data><Data Name='FileVersion'>10.0.18362.387 (WinBuild.160101.0800)</Data><Data Name='Description'>Host Process for Windows Tasks</Data><Data Name='Product'>Microsoft® Windows® Operating System</Data><Data Name='Company'>Microsoft Corporation</Data><Data Name='OriginalFileName'>taskhostw.exe</Data><Data Name='CommandLine'>taskhostw.exe /RuntimeWide</Data><Data Name='CurrentDirectory'>C:\Windows\system32\</Data><Data Name='User'>NT AUTHORITY\SYSTEM</Data><Data Name='LogonGuid'>{5d3d98af-2583-5ec2-0000-0020e7030000}</Data><Data Name='LogonId'>0x3e7</Data><Data Name='TerminalSessionId'>0</Data><Data Name='IntegrityLevel'>System</Data><Data Name='Hashes'>MD5=8AC325C757FA721B272ECEA19EBCF745,SHA256=0BEC3128B241FA533DC5A9D3F62AA41323D205DEFC30DCDE228C5ECC2D1E50A9,IMPHASH=9CB27CAED52CB0AFFB32788922A0D083</Data><Data Name='ParentProcessGuid'>{5d3d98af-2584-5ec2-0000-00102cd20000}</Data><Data Name='ParentProcessId'>1040</Data><Data Name='ParentImage'>C:\Windows\System32\svchost.exe</Data><Data Name='ParentCommandLine'>C:\Windows\system32\svchost.exe -k netsvcs -p -s Schedule</Data></EventData></Event><Event xmlns='http://schemas.microsoft.com/win/2004/08/events/event'><System><Provider Name='Microsoft-Windows-Sysmon' Guid='{5770385f-c22a-43e0-bf4c-06f5698ffbd9}'/><EventID>1</EventID><Version>5</Version><Level>4</Level><Task>1</Task><Opcode>0</Opcode><Keywords>0x8000000000000000</Keywords><TimeCreated SystemTime='2020-05-18T07:27:31.389965700Z'/><EventRecordID>3109</EventRecordID><Correlation/><Execution ProcessID='2844' ThreadID='3992'/><Channel>Microsoft-Windows-Sysmon/Operational</Channel><Computer>DESKTOP-P84STH6</Computer><Security UserID='S-1-5-18'/></System><EventData><Data Name='RuleName'></Data><Data Name='UtcTime'>2020-05-18 07:27:31.369</Data><Data Name='ProcessGuid'>{5d3d98af-38e3-5ec2-0000-0010c58e5500}</Data><Data Name='ProcessId'>1952</Data><Data Name='Image'>C:\Windows\System32\tzsync.exe</Data><Data Name='FileVersion'>10.0.18362.1 (WinBuild.160101.0800)</Data><Data Name='Description'>TimeZone Sync Task</Data><Data Name='Product'>Microsoft® Windows® Operating System</Data><Data Name='Company'>Microsoft Corporation</Data><Data Name='OriginalFileName'>tzsync.exe</Data><Data Name='CommandLine'>C:\Windows\system32\tzsync.exe</Data><Data Name='CurrentDirectory'>C:\Windows\system32\</Data><Data Name='User'>NT AUTHORITY\SYSTEM</Data><Data Name='LogonGuid'>{5d3d98af-2583-5ec2-0000-0020e7030000}</Data><Data Name='LogonId'>0x3e7</Data><Data Name='TerminalSessionId'>0</Data><Data Name='IntegrityLevel'>System</Data><Data Name='Hashes'>MD5=F739247404C7C70C5B4DBCCEC91CF733,SHA256=CC2A37EEF0D031A87BAD220A6E9615E5F68B13E2311DD54560A9BF94BD0DCCCC,IMPHASH=00000000000000000000000000000000</Data><Data Name='ParentProcessGuid'>{5d3d98af-2584-5ec2-0000-00102cd20000}</Data><Data Name='ParentProcessId'>1040</Data><Data Name='ParentImage'>C:\Windows\System32\svchost.exe</Data><Data Name='ParentCommandLine'>C:\Windows\system32\svchost.exe -k netsvcs -p -s Schedule</Data></EventData></Event><Event xmlns='http://schemas.microsoft.com/win/2004/08/events/event'><System><Provider Name='Microsoft-Windows-Sysmon' Guid='{5770385f-c22a-43e0-bf4c-06f5698ffbd9}'/><EventID>1</EventID><Version>5</Version><Level>4</Level><Task>1</Task><Opcode>0</Opcode><Keywords>0x8000000000000000</Keywords><TimeCreated SystemTime='2020-05-18T07:27:31.335638300Z'/><EventRecordID>3108</EventRecordID><Correlation/><Execution ProcessID='2844' ThreadID='3992'/><Channel>Microsoft-Windows-Sysmon/Operational</Channel><Computer>DESKTOP-P84STH6</Computer><Security UserID='S-1-5-18'/></System><EventData><Data Name='RuleName'></Data><Data Name='UtcTime'>2020-05-18 07:27:31.309</Data><Data Name='ProcessGuid'>{5d3d98af-38e3-5ec2-0000-0010188c5500}</Data><Data Name='ProcessId'>7940</Data><Data Name='Image'>C:\Windows\System32\Defrag.exe</Data><Data Name='FileVersion'>10.0.18362.1 (WinBuild.160101.0800)</Data><Data Name='Description'>Disk Defragmenter Module</Data><Data Name='Product'>Windows Drive Optimizer</Data><Data Name='Company'>Microsoft Corp.</Data><Data Name='OriginalFileName'>Defrag.EXE</Data><Data Name='CommandLine'>C:\Windows\system32\defrag.exe -c -h -o -$</Data><Data Name='CurrentDirectory'>C:\Windows\system32\</Data><Data Name='User'>NT AUTHORITY\SYSTEM</Data><Data Name='LogonGuid'>{5d3d98af-2583-5ec2-0000-0020e7030000}</Data><Data Name='LogonId'>0x3e7</Data><Data Name='TerminalSessionId'>0</Data><Data Name='IntegrityLevel'>System</Data><Data Name='Hashes'>MD5=1EF37E629AB62F327728713D9E964FD5,SHA256=E3682C4487424B3484C57C66D4450B0FC6EF33B12F333487BD52FCFF810EEE24,IMPHASH=C451FEB9457D50EB689BA55A85F91B2C</Data><Data Name='ParentProcessGuid'>{5d3d98af-2584-5ec2-0000-00102cd20000}</Data><Data Name='ParentProcessId'>1040</Data><Data Name='ParentImage'>C:\Windows\System32\svchost.exe</Data><Data Name='ParentCommandLine'>C:\Windows\system32\svchost.exe -k netsvcs -p -s Schedule</Data></EventData></Event><Event xmlns='http://schemas.microsoft.com/win/2004/08/events/event'><System><Provider Name='Microsoft-Windows-Sysmon' Guid='{5770385f-c22a-43e0-bf4c-06f5698ffbd9}'/><EventID>1</EventID><Version>5</Version><Level>4</Level><Task>1</Task><Opcode>0</Opcode><Keywords>0x8000000000000000</Keywords><TimeCreated SystemTime='2020-05-18T07:27:31.219409600Z'/><EventRecordID>3107</EventRecordID><Correlation/><Execution ProcessID='2844' ThreadID='3992'/><Channel>Microsoft-Windows-Sysmon/Operational</Channel><Computer>DESKTOP-P84STH6</Computer><Security UserID='S-1-5-18'/></System><EventData><Data Name='RuleName'></Data><Data Name='UtcTime'>2020-05-18 07:27:31.217</Data><Data Name='ProcessGuid'>{5d3d98af-38e3-5ec2-0000-00100e895500}</Data><Data Name='ProcessId'>6712</Data><Data Name='Image'>C:\Windows\System32\taskhostw.exe</Data><Data Name='FileVersion'>10.0.18362.387 (WinBuild.160101.0800)</Data><Data Name='Description'>Host Process for Windows Tasks</Data><Data Name='Product'>Microsoft® Windows® Operating System</Data><Data Name='Company'>Microsoft Corporation</Data><Data Name='OriginalFileName'>taskhostw.exe</Data><Data Name='CommandLine'>taskhostw.exe</Data><Data Name='CurrentDirectory'>C:\Windows\system32\</Data><Data Name='User'>DESKTOP-P84STH6\NS</Data><Data Name='LogonGuid'>{5d3d98af-2592-5ec2-0000-00209cfc0300}</Data><Data Name='LogonId'>0x3fc9c</Data><Data Name='TerminalSessionId'>1</Data><Data Name='IntegrityLevel'>Medium</Data><Data Name='Hashes'>MD5=8AC325C757FA721B272ECEA19EBCF745,SHA256=0BEC3128B241FA533DC5A9D3F62AA41323D205DEFC30DCDE228C5ECC2D1E50A9,IMPHASH=9CB27CAED52CB0AFFB32788922A0D083</Data><Data Name='ParentProcessGuid'>{5d3d98af-2584-5ec2-0000-00102cd20000}</Data><Data Name='ParentProcessId'>1040</Data><Data Name='ParentImage'>C:\Windows\System32\svchost.exe</Data><Data Name='ParentCommandLine'>C:\Windows\system32\svchost.exe -k netsvcs -p -s Schedule</Data></EventData></Event><Event xmlns='http://schemas.microsoft.com/win/2004/08/events/event'><System><Provider Name='Microsoft-Windows-Sysmon' Guid='{5770385f-c22a-43e0-bf4c-06f5698ffbd9}'/><EventID>1</EventID><Version>5</Version><Level>4</Level><Task>1</Task><Opcode>0</Opcode><Keywords>0x8000000000000000</Keywords><TimeCreated SystemTime='2020-05-18T07:27:30.212350100Z'/><EventRecordID>3106</EventRecordID><Correlation/><Execution ProcessID='2844' ThreadID='3992'/><Channel>Microsoft-Windows-Sysmon/Operational</Channel><Computer>DESKTOP-P84STH6</Computer><Security UserID='S-1-5-18'/></System><EventData><Data Name='RuleName'></Data><Data Name='UtcTime'>2020-05-18 07:27:30.168</Data><Data Name='ProcessGuid'>{5d3d98af-38e2-5ec2-0000-0010635e5500}</Data><Data Name='ProcessId'>4700</Data><Data Name='Image'>C:\Windows\System32\provtool.exe</Data><Data Name='FileVersion'>10.0.18362.329 (WinBuild.160101.0800)</Data><Data Name='Description'>Provisioning package runtime processing tool</Data><Data Name='Product'>Microsoft® Windows® Operating System</Data><Data Name='Company'>Microsoft Corporation</Data><Data Name='OriginalFileName'>provtool</Data><Data Name='CommandLine'>C:\Windows\system32\ProvTool.exe /turn 5 /source LogonIdleTask</Data><Data Name='CurrentDirectory'>C:\Windows\system32\</Data><Data Name='User'>NT AUTHORITY\SYSTEM</Data><Data Name='LogonGuid'>{5d3d98af-2583-5ec2-0000-0020e7030000}</Data><Data Name='LogonId'>0x3e7</Data><Data Name='TerminalSessionId'>0</Data><Data Name='IntegrityLevel'>System</Data><Data Name='Hashes'>MD5=059922B58B75F4B9F286BAC87258B0EF,SHA256=33BAE078921EB8AD794EB2A4EDF08C33D4FBF2E4BC2FA84F07066FC23BBCDA4C,IMPHASH=F7E4CB1D938025DAF4D359E1A9BC607E</Data><Data Name='ParentProcessGuid'>{5d3d98af-2584-5ec2-0000-00102cd20000}</Data><Data Name='ParentProcessId'>1040</Data><Data Name='ParentImage'>C:\Windows\System32\svchost.exe</Data><Data Name='ParentCommandLine'>C:\Windows\system32\svchost.exe -k netsvcs -p -s Schedule</Data></EventData></Event><Event xmlns='http://schemas.microsoft.com/win/2004/08/events/event'><System><Provider Name='Microsoft-Windows-Sysmon' Guid='{5770385f-c22a-43e0-bf4c-06f5698ffbd9}'/><EventID>1</EventID><Version>5</Version><Level>4</Level><Task>1</Task><Opcode>0</Opcode><Keywords>0x8000000000000000</Keywords><TimeCreated SystemTime='2020-05-18T07:27:30.200118800Z'/><EventRecordID>3105</EventRecordID><Correlation/><Execution ProcessID='2844' ThreadID='3992'/><Channel>Microsoft-Windows-Sysmon/Operational</Channel><Computer>DESKTOP-P84STH6</Computer><Security UserID='S-1-5-18'/></System><EventData><Data Name='RuleName'></Data><Data Name='UtcTime'>2020-05-18 07:27:30.197</Data><Data Name='ProcessGuid'>{5d3d98af-38e2-5ec2-0000-001085625500}</Data><Data Name='ProcessId'>8116</Data><Data Name='Image'>C:\Windows\WinSxS\amd64_microsoft-windows-servicingstack_31bf3856ad364e35_10.0.18362.411_none_5f53d2d858cf8961\TiWorker.exe</Data><Data Name='FileVersion'>10.0.18362.1 (WinBuild.160101.0800)</Data><Data Name='Description'>Windows Modules Installer Worker</Data><Data Name='Product'>Microsoft® Windows® Operating System</Data><Data Name='Company'>Microsoft Corporation</Data><Data Name='OriginalFileName'>TiWorker.exe</Data><Data Name='CommandLine'>C:\Windows\winsxs\amd64_microsoft-windows-servicingstack_31bf3856ad364e35_10.0.18362.411_none_5f53d2d858cf8961\TiWorker.exe -Embedding</Data><Data Name='CurrentDirectory'>C:\Windows\system32\</Data><Data Name='User'>NT AUTHORITY\SYSTEM</Data><Data Name='LogonGuid'>{5d3d98af-2583-5ec2-0000-0020e7030000}</Data><Data Name='LogonId'>0x3e7</Data><Data Name='TerminalSessionId'>0</Data><Data Name='IntegrityLevel'>System</Data><Data Name='Hashes'>MD5=0ECD172646FE879F84FF33DA8FFA9373,SHA256=C26DC49916EE8298F8A8CBF8ACE62A4538775F8D8D5B33322A316BA7555616B6,IMPHASH=5C119443B09CF04CA999CBD8CA2382AC</Data><Data Name='ParentProcessGuid'>{5d3d98af-2584-5ec2-0000-001010720000}</Data><Data Name='ParentProcessId'>852</Data><Data Name='ParentImage'>C:\Windows\System32\svchost.exe</Data><Data Name='ParentCommandLine'>C:\Windows\system32\svchost.exe -k DcomLaunch -p</Data></EventData></Event><Event xmlns='http://schemas.microsoft.com/win/2004/08/events/event'><System><Provider Name='Microsoft-Windows-Sysmon' Guid='{5770385f-c22a-43e0-bf4c-06f5698ffbd9}'/><EventID>1</EventID><Version>5</Version><Level>4</Level><Task>1</Task><Opcode>0</Opcode><Keywords>0x8000000000000000</Keywords><TimeCreated SystemTime='2020-05-18T07:27:30.173990500Z'/><EventRecordID>3104</EventRecordID><Correlation/><Execution ProcessID='2844' ThreadID='3992'/><Channel>Microsoft-Windows-Sysmon/Operational</Channel><Computer>DESKTOP-P84STH6</Computer><Security UserID='S-1-5-18'/></System><EventData><Data Name='RuleName'></Data><Data Name='UtcTime'>2020-05-18 07:27:30.171</Data><Data Name='ProcessGuid'>{5d3d98af-38e2-5ec2-0000-0010375f5500}</Data><Data Name='ProcessId'>3396</Data><Data Name='Image'>C:\Windows\servicing\TrustedInstaller.exe</Data><Data Name='FileVersion'>10.0.18362.1 (WinBuild.160101.0800)</Data><Data Name='Description'>Windows Modules Installer</Data><Data Name='Product'>Microsoft® Windows® Operating System</Data><Data Name='Company'>Microsoft Corporation</Data><Data Name='OriginalFileName'>TrustedInstaller.exe</Data><Data Name='CommandLine'>C:\Windows\servicing\TrustedInstaller.exe</Data><Data Name='CurrentDirectory'>C:\Windows\system32\</Data><Data Name='User'>NT AUTHORITY\SYSTEM</Data><Data Name='LogonGuid'>{5d3d98af-2583-5ec2-0000-0020e7030000}</Data><Data Name='LogonId'>0x3e7</Data><Data Name='TerminalSessionId'>0</Data><Data Name='IntegrityLevel'>System</Data><Data Name='Hashes'>MD5=8B5AFFC4987F9AE41DF15940C6EF66CB,SHA256=520273402F22ADA8948F8E1CB0899D0A5B1BC01CFF787747C1227945B336E4C5,IMPHASH=88851E233BD15333933A93A6EDD4788A</Data><Data Name='ParentProcessGuid'>{5d3d98af-2583-5ec2-0000-0010c65b0000}</Data><Data Name='ParentProcessId'>680</Data><Data Name='ParentImage'>C:\Windows\System32\services.exe</Data><Data Name='ParentCommandLine'>C:\Windows\system32\services.exe</Data></EventData></Event><Event xmlns='http://schemas.microsoft.com/win/2004/08/events/event'><System><Provider Name='Microsoft-Windows-Sysmon' Guid='{5770385f-c22a-43e0-bf4c-06f5698ffbd9}'/><EventID>1</EventID><Version>5</Version><Level>4</Level><Task>1</Task><Opcode>0</Opcode><Keywords>0x8000000000000000</Keywords><TimeCreated SystemTime='2020-05-18T07:27:30.150380800Z'/><EventRecordID>3103</EventRecordID><Correlation/><Execution ProcessID='2844' ThreadID='3992'/><Channel>Microsoft-Windows-Sysmon/Operational</Channel><Computer>DESKTOP-P84STH6</Computer><Security UserID='S-1-5-18'/></System><EventData><Data Name='RuleName'></Data><Data Name='UtcTime'>2020-05-18 07:27:30.146</Data><Data Name='ProcessGuid'>{5d3d98af-38e2-5ec2-0000-0010d3535500}</Data><Data Name='ProcessId'>7020</Data><Data Name='Image'>C:\Windows\System32\taskhostw.exe</Data><Data Name='FileVersion'>10.0.18362.387 (WinBuild.160101.0800)</Data><Data Name='Description'>Host Process for Windows Tasks</Data><Data Name='Product'>Microsoft® Windows® Operating System</Data><Data Name='Company'>Microsoft Corporation</Data><Data Name='OriginalFileName'>taskhostw.exe</Data><Data Name='CommandLine'>taskhostw.exe Install $(Arg0)</Data><Data Name='CurrentDirectory'>C:\Windows\system32\</Data><Data Name='User'>DESKTOP-P84STH6\NS</Data><Data Name='LogonGuid'>{5d3d98af-2592-5ec2-0000-00209cfc0300}</Data><Data Name='LogonId'>0x3fc9c</Data><Data Name='TerminalSessionId'>1</Data><Data Name='IntegrityLevel'>Medium</Data><Data Name='Hashes'>MD5=8AC325C757FA721B272ECEA19EBCF745,SHA256=0BEC3128B241FA533DC5A9D3F62AA41323D205DEFC30DCDE228C5ECC2D1E50A9,IMPHASH=9CB27CAED52CB0AFFB32788922A0D083</Data><Data Name='ParentProcessGuid'>{5d3d98af-2584-5ec2-0000-00102cd20000}</Data><Data Name='ParentProcessId'>1040</Data><Data Name='ParentImage'>C:\Windows\System32\svchost.exe</Data><Data Name='ParentCommandLine'>C:\Windows\system32\svchost.exe -k netsvcs -p -s Schedule</Data></EventData></Event><Event xmlns='http://schemas.microsoft.com/win/2004/08/events/event'><System><Provider Name='Microsoft-Windows-Sysmon' Guid='{5770385f-c22a-43e0-bf4c-06f5698ffbd9}'/><EventID>1</EventID><Version>5</Version><Level>4</Level><Task>1</Task><Opcode>0</Opcode><Keywords>0x8000000000000000</Keywords><TimeCreated SystemTime='2020-05-18T07:23:17.063050500Z'/><EventRecordID>3102</EventRecordID><Correlation/><Execution ProcessID='2844' ThreadID='3992'/><Channel>Microsoft-Windows-Sysmon/Operational</Channel><Computer>DESKTOP-P84STH6</Computer><Security UserID='S-1-5-18'/></System><EventData><Data Name='RuleName'></Data><Data Name='UtcTime'>2020-05-18 07:23:17.060</Data><Data Name='ProcessGuid'>{5d3d98af-37e5-5ec2-0000-001017a95300}</Data><Data Name='ProcessId'>7108</Data><Data Name='Image'>C:\Windows\SysWOW64\cmd.exe</Data><Data Name='FileVersion'>10.0.18362.1 (WinBuild.160101.0800)</Data><Data Name='Description'>Windows Command Processor</Data><Data Name='Product'>Microsoft® Windows® Operating System</Data><Data Name='Company'>Microsoft Corporation</Data><Data Name='OriginalFileName'>Cmd.Exe</Data><Data Name='CommandLine'>C:\Windows\system32\cmd.exe /c pause</Data><Data Name='CurrentDirectory'>C:\Users\NS\Desktop\</Data><Data Name='User'>DESKTOP-P84STH6\NS</Data><Data Name='LogonGuid'>{5d3d98af-2592-5ec2-0000-00209cfc0300}</Data><Data Name='LogonId'>0x3fc9c</Data><Data Name='TerminalSessionId'>1</Data><Data Name='IntegrityLevel'>Medium</Data><Data Name='Hashes'>MD5=4943BA1A9B41D69643F69685E35B2943,SHA256=6AEEA6272E1C304D1B8907B9258513AA27CF2F35F10B76365CA8567CABB70459,IMPHASH=392B4D61B1D1DADC1F06444DF258188A</Data><Data Name='ParentProcessGuid'>{5d3d98af-37de-5ec2-0000-0010928a5300}</Data><Data Name='ParentProcessId'>6728</Data><Data Name='ParentImage'>C:\Program Files (x86)\Dev-Cpp\ConsolePauser.exe</Data><Data Name='ParentCommandLine'>"C:\Program Files (x86)\Dev-Cpp\ConsolePauser.exe" "C:\Users\NS\Desktop\123.exe" </Data></EventData></Event><Event xmlns='http://schemas.microsoft.com/win/2004/08/events/event'><System><Provider Name='Microsoft-Windows-Sysmon' Guid='{5770385f-c22a-43e0-bf4c-06f5698ffbd9}'/><EventID>5</EventID><Version>3</Version><Level>4</Level><Task>5</Task><Opcode>0</Opcode><Keywords>0x8000000000000000</Keywords><TimeCreated SystemTime='2020-05-18T07:23:17.048646500Z'/><EventRecordID>3101</EventRecordID><Correlation/><Execution ProcessID='2844' ThreadID='3992'/><Channel>Microsoft-Windows-Sysmon/Operational</Channel><Computer>DESKTOP-P84STH6</Computer><Security UserID='S-1-5-18'/></System><EventData><Data Name='RuleName'></Data><Data Name='UtcTime'>2020-05-18 07:23:17.047</Data><Data Name='ProcessGuid'>{5d3d98af-37de-5ec2-0000-001085965300}</Data><Data Name='ProcessId'>1304</Data><Data Name='Image'>C:\Users\NS\Desktop\123.exe</Data></EventData></Event><Event xmlns='http://schemas.microsoft.com/win/2004/08/events/event'><System><Provider Name='Microsoft-Windows-Sysmon' Guid='{5770385f-c22a-43e0-bf4c-06f5698ffbd9}'/><EventID>1</EventID><Version>5</Version><Level>4</Level><Task>1</Task><Opcode>0</Opcode><Keywords>0x8000000000000000</Keywords><TimeCreated SystemTime='2020-05-18T07:23:10.304320800Z'/><EventRecordID>3100</EventRecordID><Correlation/><Execution ProcessID='2844' ThreadID='3992'/><Channel>Microsoft-Windows-Sysmon/Operational</Channel><Computer>DESKTOP-P84STH6</Computer><Security UserID='S-1-5-18'/></System><EventData><Data Name='RuleName'></Data><Data Name='UtcTime'>2020-05-18 07:23:10.285</Data><Data Name='ProcessGuid'>{5d3d98af-37de-5ec2-0000-001085965300}</Data><Data Name='ProcessId'>1304</Data><Data Name='Image'>C:\Users\NS\Desktop\123.exe</Data><Data Name='FileVersion'>?</Data><Data Name='Description'>?</Data><Data Name='Product'>?</Data><Data Name='Company'>?</Data><Data Name='OriginalFileName'>?</Data><Data Name='CommandLine'>C:\Users\NS\Desktop\123.exe</Data><Data Name='CurrentDirectory'>C:\Users\NS\Desktop\</Data><Data Name='User'>DESKTOP-P84STH6\NS</Data><Data Name='LogonGuid'>{5d3d98af-2592-5ec2-0000-00209cfc0300}</Data><Data Name='LogonId'>0x3fc9c</Data><Data Name='TerminalSessionId'>1</Data><Data Name='IntegrityLevel'>Medium</Data><Data Name='Hashes'>MD5=F7D7009A8DA85E325D4092023AEE2C88,SHA256=29F68EBACEF6747E5638A4FDB1A924F0EEAC1074C5A4C28F30BA1EDBF782F39A,IMPHASH=5CE0188D2869DBC82465FA939585958E</Data><Data Name='ParentProcessGuid'>{5d3d98af-37de-5ec2-0000-0010928a5300}</Data><Data Name='ParentProcessId'>6728</Data><Data Name='ParentImage'>C:\Program Files (x86)\Dev-Cpp\ConsolePauser.exe</Data><Data Name='ParentCommandLine'>"C:\Program Files (x86)\Dev-Cpp\ConsolePauser.exe" "C:\Users\NS\Desktop\123.exe" </Data></EventData></Event><Event xmlns='http://schemas.microsoft.com/win/2004/08/events/event'><System><Provider Name='Microsoft-Windows-Sysmon' Guid='{5770385f-c22a-43e0-bf4c-06f5698ffbd9}'/><EventID>1</EventID><Version>5</Version><Level>4</Level><Task>1</Task><Opcode>0</Opcode><Keywords>0x8000000000000000</Keywords><TimeCreated SystemTime='2020-05-18T07:23:10.116516400Z'/><EventRecordID>3099</EventRecordID><Correlation/><Execution ProcessID='2844' ThreadID='3992'/><Channel>Microsoft-Windows-Sysmon/Operational</Channel><Computer>DESKTOP-P84STH6</Computer><Security UserID='S-1-5-18'/></System><EventData><Data Name='RuleName'></Data><Data Name='UtcTime'>2020-05-18 07:23:10.113</Data><Data Name='ProcessGuid'>{5d3d98af-37de-5ec2-0000-0010928a5300}</Data><Data Name='ProcessId'>6728</Data><Data Name='Image'>C:\Program Files (x86)\Dev-Cpp\ConsolePauser.exe</Data><Data Name='FileVersion'>?</Data><Data Name='Description'>?</Data><Data Name='Product'>?</Data><Data Name='Company'>?</Data><Data Name='OriginalFileName'>?</Data><Data Name='CommandLine'>"C:\Program Files (x86)\Dev-Cpp\ConsolePauser.exe" "C:\Users\NS\Desktop\123.exe" </Data><Data Name='CurrentDirectory'>C:\Users\NS\Desktop\</Data><Data Name='User'>DESKTOP-P84STH6\NS</Data><Data Name='LogonGuid'>{5d3d98af-2592-5ec2-0000-00209cfc0300}</Data><Data Name='LogonId'>0x3fc9c</Data><Data Name='TerminalSessionId'>1</Data><Data Name='IntegrityLevel'>Medium</Data><Data Name='Hashes'>MD5=59584636ADBEA41CA434D5D0594E6A75,SHA256=F04E5F949AE3B2B2882380F9B6D1F111891E5EA15FEF560BE9D13F39DC3A0B11,IMPHASH=C3B1A0A19A6F4E6177B2B8DB7F5A7930</Data><Data Name='ParentProcessGuid'>{5d3d98af-2c62-5ec2-0000-0010d4c33400}</Data><Data Name='ParentProcessId'>1144</Data><Data Name='ParentImage'>C:\Program Files (x86)\Dev-Cpp\devcpp.exe</Data><Data Name='ParentCommandLine'>"C:\Program Files (x86)\Dev-Cpp\devcpp.exe" </Data></EventData></Event><Event xmlns='http://schemas.microsoft.com/win/2004/08/events/event'><System><Provider Name='Microsoft-Windows-Sysmon' Guid='{5770385f-c22a-43e0-bf4c-06f5698ffbd9}'/><EventID>11</EventID><Version>2</Version><Level>4</Level><Task>11</Task><Opcode>0</Opcode><Keywords>0x8000000000000000</Keywords><TimeCreated SystemTime='2020-05-18T07:23:08.971131800Z'/><EventRecordID>3098</EventRecordID><Correlation/><Execution ProcessID='2844' ThreadID='3992'/><Channel>Microsoft-Windows-Sysmon/Operational</Channel><Computer>DESKTOP-P84STH6</Computer><Security UserID='S-1-5-18'/></System><EventData><Data Name='RuleName'>EXE</Data><Data Name='UtcTime'>2020-05-18 07:23:08.970</Data><Data Name='ProcessGuid'>{5d3d98af-37dc-5ec2-0000-001072825300}</Data><Data Name='ProcessId'>6692</Data><Data Name='Image'>C:\Program Files (x86)\Dev-Cpp\MinGW64\bin\..\lib\gcc\x86_64-w64-mingw32\4.9.2\..\..\..\..\x86_64-w64-mingw32\bin\ld.exe</Data><Data Name='TargetFilename'>C:\Users\NS\Desktop\123.exe</Data><Data Name='CreationUtcTime'>2020-05-18 06:52:01.832</Data></EventData></Event><Event xmlns='http://schemas.microsoft.com/win/2004/08/events/event'><System><Provider Name='Microsoft-Windows-Sysmon' Guid='{5770385f-c22a-43e0-bf4c-06f5698ffbd9}'/><EventID>1</EventID><Version>5</Version><Level>4</Level><Task>1</Task><Opcode>0</Opcode><Keywords>0x8000000000000000</Keywords><TimeCreated SystemTime='2020-05-18T07:23:08.956384900Z'/><EventRecordID>3097</EventRecordID><Correlation/><Execution ProcessID='2844' ThreadID='3992'/><Channel>Microsoft-Windows-Sysmon/Operational</Channel><Computer>DESKTOP-P84STH6</Computer><Security UserID='S-1-5-18'/></System><EventData><Data Name='RuleName'></Data><Data Name='UtcTime'>2020-05-18 07:23:08.954</Data><Data Name='ProcessGuid'>{5d3d98af-37dc-5ec2-0000-001072825300}</Data><Data Name='ProcessId'>6692</Data><Data Name='Image'>C:\Program Files (x86)\Dev-Cpp\MinGW64\x86_64-w64-mingw32\bin\ld.exe</Data><Data Name='FileVersion'>?</Data><Data Name='Description'>?</Data><Data Name='Product'>?</Data><Data Name='Company'>?</Data><Data Name='OriginalFileName'>?</Data><Data Name='CommandLine'>"C:/Program Files (x86)/Dev-Cpp/MinGW64/bin/../lib/gcc/x86_64-w64-mingw32/4.9.2/../../../../x86_64-w64-mingw32/bin/ld.exe" "-plugin" "C:/Program Files (x86)/Dev-Cpp/MinGW64/bin/../libexec/gcc/x86_64-w64-mingw32/4.9.2/liblto_plugin-0.dll" "-plugin-opt=C:/Program Files (x86)/Dev-Cpp/MinGW64/bin/../libexec/gcc/x86_64-w64-mingw32/4.9.2/lto-wrapper.exe" "-plugin-opt=-fresolution=C:\Users\NS\AppData\Local\Temp\ccwLE6e4.res" "-plugin-opt=-pass-through=-lmingw32" "-plugin-opt=-pass-through=-lgcc" "-plugin-opt=-pass-through=-lmoldname" "-plugin-opt=-pass-through=-lmingwex" "-plugin-opt=-pass-through=-lmsvcrt" "-plugin-opt=-pass-through=-lpthread" "-plugin-opt=-pass-through=-ladvapi32" "-plugin-opt=-pass-through=-lshell32" "-plugin-opt=-pass-through=-luser32" "-plugin-opt=-pass-through=-lkernel32" "-plugin-opt=-pass-through=-lmingw32" "-plugin-opt=-pass-through=-lgcc" "-plugin-opt=-pass-through=-lmoldname" "-plugin-opt=-pass-through=-lmingwex" "-plugin-opt=-pass-through=-lmsvcrt" "-m" "i386pep" "--exclude-libs=libpthread.a" "-Bdynamic" "-o" "C:\Users\NS\Desktop\123.exe" "C:/Program Files (x86)/Dev-Cpp/MinGW64/bin/../lib/gcc/x86_64-w64-mingw32/4.9.2/../../../../x86_64-w64-mingw32/lib/../lib/crt2.o" "C:/Program Files (x86)/Dev-Cpp/MinGW64/bin/../lib/gcc/x86_64-w64-mingw32/4.9.2/../../../../x86_64-w64-mingw32/lib/../lib/crtbegin.o" "-LC:\Program Files (x86)\Dev-Cpp\MinGW64\lib" "-LC:\Program Files (x86)\Dev-Cpp\MinGW64\x86_64-w64-mingw32\lib" "-LC:/Program Files (x86)/Dev-Cpp/MinGW64/bin/../lib/gcc/x86_64-w64-mingw32/4.9.2" "-LC:/Program Files (x86)/Dev-Cpp/MinGW64/bin/../lib/gcc" "-LC:/Program Files (x86)/Dev-Cpp/MinGW64/bin/../lib/gcc/x86_64-w64-mingw32/4.9.2/../../../../x86_64-w64-mingw32/lib/../lib" "-LC:/Program Files (x86)/Dev-Cpp/MinGW64/bin/../lib/gcc/x86_64-w64-mingw32/4.9.2/../../../../lib" "-LC:/Program Files (x86)/Dev-Cpp/MinGW64/bin/../lib/gcc/x86_64-w64-mingw32/4.9.2/../../../../x86_64-w64-mingw32/lib" "-LC:/Program Files (x86)/Dev-Cpp/MinGW64/bin/../lib/gcc/x86_64-w64-mingw32/4.9.2/../../.." "C:\Users\NS\AppData\Local\Temp\ccemjjJY.o" "-Bstatic" "-lstdc++" "-Bdynamic" "-lmingw32" "-lgcc" "-lmoldname" "-lmingwex" "-lmsvcrt" "-lpthread" "-ladvapi32" "-lshell32" "-luser32" "-lkernel32" "-lmingw32" "-lgcc" "-lmoldname" "-lmingwex" "-lmsvcrt" "C:/Program Files (x86)/Dev-Cpp/MinGW64/bin/../lib/gcc/x86_64-w64-mingw32/4.9.2/../../../../x86_64-w64-mingw32/lib/../lib/crtend.o"</Data><Data Name='CurrentDirectory'>C:\Users\NS\Desktop\</Data><Data Name='User'>DESKTOP-P84STH6\NS</Data><Data Name='LogonGuid'>{5d3d98af-2592-5ec2-0000-00209cfc0300}</Data><Data Name='LogonId'>0x3fc9c</Data><Data Name='TerminalSessionId'>1</Data><Data Name='IntegrityLevel'>Medium</Data><Data Name='Hashes'>MD5=51B0EE90FFE28E76B7DAEC2F19613A33,SHA256=54F34CEBDAC8DAA3526FB6AC8212D972C4333423FB9B1045F640C07AAE768807,IMPHASH=57A9BD1C3468508C6D4C9D1A0AEEB961</Data><Data Name='ParentProcessGuid'>{5d3d98af-37dc-5ec2-0000-0010e07f5300}</Data><Data Name='ParentProcessId'>1836</Data><Data Name='ParentImage'>C:\Program Files (x86)\Dev-Cpp\MinGW64\libexec\gcc\x86_64-w64-mingw32\4.9.2\collect2.exe</Data><Data Name='ParentCommandLine'>"C:/Program Files (x86)/Dev-Cpp/MinGW64/bin/../libexec/gcc/x86_64-w64-mingw32/4.9.2/collect2.exe" "-plugin" "C:/Program Files (x86)/Dev-Cpp/MinGW64/bin/../libexec/gcc/x86_64-w64-mingw32/4.9.2/liblto_plugin-0.dll" "-plugin-opt=C:/Program Files (x86)/Dev-Cpp/MinGW64/bin/../libexec/gcc/x86_64-w64-mingw32/4.9.2/lto-wrapper.exe" "-plugin-opt=-fresolution=C:\Users\NS\AppData\Local\Temp\ccwLE6e4.res" "-plugin-opt=-pass-through=-lmingw32" "-plugin-opt=-pass-through=-lgcc" "-plugin-opt=-pass-through=-lmoldname" "-plugin-opt=-pass-through=-lmingwex" "-plugin-opt=-pass-through=-lmsvcrt" "-plugin-opt=-pass-through=-lpthread" "-plugin-opt=-pass-through=-ladvapi32" "-plugin-opt=-pass-through=-lshell32" "-plugin-opt=-pass-through=-luser32" "-plugin-opt=-pass-through=-lkernel32" "-plugin-opt=-pass-through=-lmingw32" "-plugin-opt=-pass-through=-lgcc" "-plugin-opt=-pass-through=-lmoldname" "-plugin-opt=-pass-through=-lmingwex" "-plugin-opt=-pass-through=-lmsvcrt" "-m" "i386pep" "--exclude-libs=libpthread.a" "-Bdynamic" "-o" "C:\Users\NS\Desktop\123.exe" "C:/Program Files (x86)/Dev-Cpp/MinGW64/bin/../lib/gcc/x86_64-w64-mingw32/4.9.2/../../../../x86_64-w64-mingw32/lib/../lib/crt2.o" "C:/Program Files (x86)/Dev-Cpp/MinGW64/bin/../lib/gcc/x86_64-w64-mingw32/4.9.2/../../../../x86_64-w64-mingw32/lib/../lib/crtbegin.o" "-LC:\Program Files (x86)\Dev-Cpp\MinGW64\lib" "-LC:\Program Files (x86)\Dev-Cpp\MinGW64\x86_64-w64-mingw32\lib" "-LC:/Program Files (x86)/Dev-Cpp/MinGW64/bin/../lib/gcc/x86_64-w64-mingw32/4.9.2" "-LC:/Program Files (x86)/Dev-Cpp/MinGW64/bin/../lib/gcc" "-LC:/Program Files (x86)/Dev-Cpp/MinGW64/bin/../lib/gcc/x86_64-w64-mingw32/4.9.2/../../../../x86_64-w64-mingw32/lib/../lib" "-LC:/Program Files (x86)/Dev-Cpp/MinGW64/bin/../lib/gcc/x86_64-w64-mingw32/4.9.2/../../../../lib" "-LC:/Program Files (x86)/Dev-Cpp/MinGW64/bin/../lib/gcc/x86_64-w64-mingw32/4.9.2/../../../../x86_64-w64-mingw32/lib" "-LC:/Program Files (x86)/Dev-Cpp/MinGW64/bin/../lib/gcc/x86_64-w64-mingw32/4.9.2/../../.." "C:\Users\NS\AppData\Local\Temp\ccemjjJY.o" "-Bstatic" "-lstdc++" "-Bdynamic" "-lmingw32" "-lgcc" "-lmoldname" "-lmingwex" "-lmsvcrt" "-lpthread" "-ladvapi32" "-lshell32" "-luser32" "-lkernel32" "-lmingw32" "-lgcc" "-lmoldname" "-lmingwex" "-lmsvcrt" "C:/Program Files (x86)/Dev-Cpp/MinGW64/bin/../lib/gcc/x86_64-w64-mingw32/4.9.2/../../../../x86_64-w64-mingw32/lib/../lib/crtend.o"</Data></EventData></Event><Event xmlns='http://schemas.microsoft.com/win/2004/08/events/event'><System><Provider Name='Microsoft-Windows-Sysmon' Guid='{5770385f-c22a-43e0-bf4c-06f5698ffbd9}'/><EventID>1</EventID><Version>5</Version><Level>4</Level><Task>1</Task><Opcode>0</Opcode><Keywords>0x8000000000000000</Keywords><TimeCreated SystemTime='2020-05-18T07:23:08.936807000Z'/><EventRecordID>3096</EventRecordID><Correlation/><Execution ProcessID='2844' ThreadID='3992'/><Channel>Microsoft-Windows-Sysmon/Operational</Channel><Computer>DESKTOP-P84STH6</Computer><Security UserID='S-1-5-18'/></System><EventData><Data Name='RuleName'></Data><Data Name='UtcTime'>2020-05-18 07:23:08.934</Data><Data Name='ProcessGuid'>{5d3d98af-37dc-5ec2-0000-0010e07f5300}</Data><Data Name='ProcessId'>1836</Data><Data Name='Image'>C:\Program Files (x86)\Dev-Cpp\MinGW64\libexec\gcc\x86_64-w64-mingw32\4.9.2\collect2.exe</Data><Data Name='FileVersion'>?</Data><Data Name='Description'>?</Data><Data Name='Product'>?</Data><Data Name='Company'>?</Data><Data Name='OriginalFileName'>?</Data><Data Name='CommandLine'>"C:/Program Files (x86)/Dev-Cpp/MinGW64/bin/../libexec/gcc/x86_64-w64-mingw32/4.9.2/collect2.exe" "-plugin" "C:/Program Files (x86)/Dev-Cpp/MinGW64/bin/../libexec/gcc/x86_64-w64-mingw32/4.9.2/liblto_plugin-0.dll" "-plugin-opt=C:/Program Files (x86)/Dev-Cpp/MinGW64/bin/../libexec/gcc/x86_64-w64-mingw32/4.9.2/lto-wrapper.exe" "-plugin-opt=-fresolution=C:\Users\NS\AppData\Local\Temp\ccwLE6e4.res" "-plugin-opt=-pass-through=-lmingw32" "-plugin-opt=-pass-through=-lgcc" "-plugin-opt=-pass-through=-lmoldname" "-plugin-opt=-pass-through=-lmingwex" "-plugin-opt=-pass-through=-lmsvcrt" "-plugin-opt=-pass-through=-lpthread" "-plugin-opt=-pass-through=-ladvapi32" "-plugin-opt=-pass-through=-lshell32" "-plugin-opt=-pass-through=-luser32" "-plugin-opt=-pass-through=-lkernel32" "-plugin-opt=-pass-through=-lmingw32" "-plugin-opt=-pass-through=-lgcc" "-plugin-opt=-pass-through=-lmoldname" "-plugin-opt=-pass-through=-lmingwex" "-plugin-opt=-pass-through=-lmsvcrt" "-m" "i386pep" "--exclude-libs=libpthread.a" "-Bdynamic" "-o" "C:\Users\NS\Desktop\123.exe" "C:/Program Files (x86)/Dev-Cpp/MinGW64/bin/../lib/gcc/x86_64-w64-mingw32/4.9.2/../../../../x86_64-w64-mingw32/lib/../lib/crt2.o" "C:/Program Files (x86)/Dev-Cpp/MinGW64/bin/../lib/gcc/x86_64-w64-mingw32/4.9.2/../../../../x86_64-w64-mingw32/lib/../lib/crtbegin.o" "-LC:\Program Files (x86)\Dev-Cpp\MinGW64\lib" "-LC:\Program Files (x86)\Dev-Cpp\MinGW64\x86_64-w64-mingw32\lib" "-LC:/Program Files (x86)/Dev-Cpp/MinGW64/bin/../lib/gcc/x86_64-w64-mingw32/4.9.2" "-LC:/Program Files (x86)/Dev-Cpp/MinGW64/bin/../lib/gcc" "-LC:/Program Files (x86)/Dev-Cpp/MinGW64/bin/../lib/gcc/x86_64-w64-mingw32/4.9.2/../../../../x86_64-w64-mingw32/lib/../lib" "-LC:/Program Files (x86)/Dev-Cpp/MinGW64/bin/../lib/gcc/x86_64-w64-mingw32/4.9.2/../../../../lib" "-LC:/Program Files (x86)/Dev-Cpp/MinGW64/bin/../lib/gcc/x86_64-w64-mingw32/4.9.2/../../../../x86_64-w64-mingw32/lib" "-LC:/Program Files (x86)/Dev-Cpp/MinGW64/bin/../lib/gcc/x86_64-w64-mingw32/4.9.2/../../.." "C:\Users\NS\AppData\Local\Temp\ccemjjJY.o" "-Bstatic" "-lstdc++" "-Bdynamic" "-lmingw32" "-lgcc" "-lmoldname" "-lmingwex" "-lmsvcrt" "-lpthread" "-ladvapi32" "-lshell32" "-luser32" "-lkernel32" "-lmingw32" "-lgcc" "-lmoldname" "-lmingwex" "-lmsvcrt" "C:/Program Files (x86)/Dev-Cpp/MinGW64/bin/../lib/gcc/x86_64-w64-mingw32/4.9.2/../../../../x86_64-w64-mingw32/lib/../lib/crtend.o"</Data><Data Name='CurrentDirectory'>C:\Users\NS\Desktop\</Data><Data Name='User'>DESKTOP-P84STH6\NS</Data><Data Name='LogonGuid'>{5d3d98af-2592-5ec2-0000-00209cfc0300}</Data><Data Name='LogonId'>0x3fc9c</Data><Data Name='TerminalSessionId'>1</Data><Data Name='IntegrityLevel'>Medium</Data><Data Name='Hashes'>MD5=54BFCED9449A80338757DFD5FAE78E46,SHA256=7BB3D84DE74BC8339BF2B185F630C40A57181B5786723E9B6F03D295F5E546E3,IMPHASH=451FFA25CE7F1DAEDE896E825B686A9A</Data><Data Name='ParentProcessGuid'>{5d3d98af-37dc-5ec2-0000-0010a2715300}</Data><Data Name='ParentProcessId'>1952</Data><Data Name='ParentImage'>C:\Program Files (x86)\Dev-Cpp\MinGW64\bin\g++.exe</Data><Data Name='ParentCommandLine'>g++.exe "C:\Users\NS\Desktop\123.cpp" -o "C:\Users\NS\Desktop\123.exe"  -I"C:\Program Files (x86)\Dev-Cpp\MinGW64\include" -I"C:\Program Files (x86)\Dev-Cpp\MinGW64\x86_64-w64-mingw32\include" -I"C:\Program Files (x86)\Dev-Cpp\MinGW64\lib\gcc\x86_64-w64-mingw32\4.9.2\include" -I"C:\Program Files (x86)\Dev-Cpp\MinGW64\lib\gcc\x86_64-w64-mingw32\4.9.2\include\c++" -L"C:\Program Files (x86)\Dev-Cpp\MinGW64\lib" -L"C:\Program Files (x86)\Dev-Cpp\MinGW64\x86_64-w64-mingw32\lib" -static-libgcc</Data></EventData></Event>