<Event xmlns='http://schemas.microsoft.com/win/2004/08/events/event'><System><Provider Name='Microsoft-Windows-Sysmon' Guid='{5770385f-c22a-43e0-bf4c-06f5698ffbd9}'/><EventID>22</EventID><Version>5</Version><Level>4</Level><Task>22</Task><Opcode>0</Opcode><Keywords>0x8000000000000000</Keywords><TimeCreated SystemTime='2020-05-18T06:45:34.047775800Z'/><EventRecordID>2882</EventRecordID><Correlation/><Execution ProcessID='2844' ThreadID='3988'/><Channel>Microsoft-Windows-Sysmon/Operational</Channel><Computer>DESKTOP-P84STH6</Computer><Security UserID='S-1-5-18'/></System><EventData><Data Name='RuleName'></Data><Data Name='UtcTime'>2020-05-18 06:45:31.383</Data><Data Name='ProcessGuid'>{5d3d98af-2977-5ec2-0000-0010c6e72b00}</Data><Data Name='ProcessId'>3160</Data><Data Name='QueryName'>assets.leetcode.com</Data><Data Name='QueryStatus'>0</Data><Data Name='QueryResults'>104.18.35.28;104.18.34.28;</Data><Data Name='Image'>C:\Program Files (x86)\Google\Chrome\Application\chrome.exe</Data></EventData></Event><Event xmlns='http://schemas.microsoft.com/win/2004/08/events/event'><System><Provider Name='Microsoft-Windows-Sysmon' Guid='{5770385f-c22a-43e0-bf4c-06f5698ffbd9}'/><EventID>22</EventID><Version>5</Version><Level>4</Level><Task>22</Task><Opcode>0</Opcode><Keywords>0x8000000000000000</Keywords><TimeCreated SystemTime='2020-05-18T06:42:19.888423400Z'/><EventRecordID>2881</EventRecordID><Correlation/><Execution ProcessID='2844' ThreadID='3988'/><Channel>Microsoft-Windows-Sysmon/Operational</Channel><Computer>DESKTOP-P84STH6</Computer><Security UserID='S-1-5-18'/></System><EventData><Data Name='RuleName'></Data><Data Name='UtcTime'>2020-05-18 06:42:16.308</Data><Data Name='ProcessGuid'>{5d3d98af-2977-5ec2-0000-0010c6e72b00}</Data><Data Name='ProcessId'>3160</Data><Data Name='QueryName'>assets.leetcode-cn.com</Data><Data Name='QueryStatus'>0</Data><Data Name='QueryResults'>type:  5 assets.leetcode-cn.com.w.kunlungr.com;47.89.64.233;47.89.64.202;47.89.64.204;</Data><Data Name='Image'>C:\Program Files (x86)\Google\Chrome\Application\chrome.exe</Data></EventData></Event><Event xmlns='http://schemas.microsoft.com/win/2004/08/events/event'><System><Provider Name='Microsoft-Windows-Sysmon' Guid='{5770385f-c22a-43e0-bf4c-06f5698ffbd9}'/><EventID>22</EventID><Version>5</Version><Level>4</Level><Task>22</Task><Opcode>0</Opcode><Keywords>0x8000000000000000</Keywords><TimeCreated SystemTime='2020-05-18T06:41:13.543958200Z'/><EventRecordID>2880</EventRecordID><Correlation/><Execution ProcessID='2844' ThreadID='3988'/><Channel>Microsoft-Windows-Sysmon/Operational</Channel><Computer>DESKTOP-P84STH6</Computer><Security UserID='S-1-5-18'/></System><EventData><Data Name='RuleName'></Data><Data Name='UtcTime'>2020-05-18 06:41:09.874</Data><Data Name='ProcessGuid'>{5d3d98af-2977-5ec2-0000-0010c6e72b00}</Data><Data Name='ProcessId'>3160</Data><Data Name='QueryName'>www.google.com</Data><Data Name='QueryStatus'>0</Data><Data Name='QueryResults'>216.58.200.228;</Data><Data Name='Image'>C:\Program Files (x86)\Google\Chrome\Application\chrome.exe</Data></EventData></Event><Event xmlns='http://schemas.microsoft.com/win/2004/08/events/event'><System><Provider Name='Microsoft-Windows-Sysmon' Guid='{5770385f-c22a-43e0-bf4c-06f5698ffbd9}'/><EventID>8</EventID><Version>2</Version><Level>4</Level><Task>8</Task><Opcode>0</Opcode><Keywords>0x8000000000000000</Keywords><TimeCreated SystemTime='2020-05-18T06:40:46.340894500Z'/><EventRecordID>2879</EventRecordID><Correlation/><Execution ProcessID='2844' ThreadID='3992'/><Channel>Microsoft-Windows-Sysmon/Operational</Channel><Computer>DESKTOP-P84STH6</Computer><Security UserID='S-1-5-18'/></System><EventData><Data Name='RuleName'></Data><Data Name='UtcTime'>2020-05-18 06:40:46.338</Data><Data Name='SourceProcessGuid'>{5d3d98af-25af-5ec2-0000-0010242e0900}</Data><Data Name='SourceProcessId'>6556</Data><Data Name='SourceImage'>C:\Windows\System32\VBoxTray.exe</Data><Data Name='TargetProcessGuid'>{5d3d98af-2583-5ec2-0000-001006560000}</Data><Data Name='TargetProcessId'>544</Data><Data Name='TargetImage'>C:\Windows\System32\csrss.exe</Data><Data Name='NewThreadId'>3224</Data><Data Name='StartAddress'>0xFFFFA70BEBC32460</Data><Data Name='StartModule'></Data><Data Name='StartFunction'></Data></EventData></Event><Event xmlns='http://schemas.microsoft.com/win/2004/08/events/event'><System><Provider Name='Microsoft-Windows-Sysmon' Guid='{5770385f-c22a-43e0-bf4c-06f5698ffbd9}'/><EventID>8</EventID><Version>2</Version><Level>4</Level><Task>8</Task><Opcode>0</Opcode><Keywords>0x8000000000000000</Keywords><TimeCreated SystemTime='2020-05-18T06:40:45.286901500Z'/><EventRecordID>2878</EventRecordID><Correlation/><Execution ProcessID='2844' ThreadID='3992'/><Channel>Microsoft-Windows-Sysmon/Operational</Channel><Computer>DESKTOP-P84STH6</Computer><Security UserID='S-1-5-18'/></System><EventData><Data Name='RuleName'></Data><Data Name='UtcTime'>2020-05-18 06:40:45.283</Data><Data Name='SourceProcessGuid'>{5d3d98af-25af-5ec2-0000-0010242e0900}</Data><Data Name='SourceProcessId'>6556</Data><Data Name='SourceImage'>C:\Windows\System32\VBoxTray.exe</Data><Data Name='TargetProcessGuid'>{5d3d98af-2583-5ec2-0000-001006560000}</Data><Data Name='TargetProcessId'>544</Data><Data Name='TargetImage'>C:\Windows\System32\csrss.exe</Data><Data Name='NewThreadId'>2232</Data><Data Name='StartAddress'>0xFFFFA70BEBC32460</Data><Data Name='StartModule'></Data><Data Name='StartFunction'></Data></EventData></Event><Event xmlns='http://schemas.microsoft.com/win/2004/08/events/event'><System><Provider Name='Microsoft-Windows-Sysmon' Guid='{5770385f-c22a-43e0-bf4c-06f5698ffbd9}'/><EventID>22</EventID><Version>5</Version><Level>4</Level><Task>22</Task><Opcode>0</Opcode><Keywords>0x8000000000000000</Keywords><TimeCreated SystemTime='2020-05-18T06:40:00.286943600Z'/><EventRecordID>2877</EventRecordID><Correlation/><Execution ProcessID='2844' ThreadID='3988'/><Channel>Microsoft-Windows-Sysmon/Operational</Channel><Computer>DESKTOP-P84STH6</Computer><Security UserID='S-1-5-18'/></System><EventData><Data Name='RuleName'></Data><Data Name='UtcTime'>2020-05-18 06:39:57.591</Data><Data Name='ProcessGuid'>{5d3d98af-2977-5ec2-0000-0010c6e72b00}</Data><Data Name='ProcessId'>3160</Data><Data Name='QueryName'>appzi-collector-b.azurewebsites.net</Data><Data Name='QueryStatus'>0</Data><Data Name='QueryResults'>type:  5 waws-prod-ch1-027.vip.azurewebsites.windows.net;type:  5 waws-prod-ch1-027.cloudapp.net;23.101.171.94;</Data><Data Name='Image'>C:\Program Files (x86)\Google\Chrome\Application\chrome.exe</Data></EventData></Event><Event xmlns='http://schemas.microsoft.com/win/2004/08/events/event'><System><Provider Name='Microsoft-Windows-Sysmon' Guid='{5770385f-c22a-43e0-bf4c-06f5698ffbd9}'/><EventID>22</EventID><Version>5</Version><Level>4</Level><Task>22</Task><Opcode>0</Opcode><Keywords>0x8000000000000000</Keywords><TimeCreated SystemTime='2020-05-18T06:39:59.280294100Z'/><EventRecordID>2876</EventRecordID><Correlation/><Execution ProcessID='2844' ThreadID='3988'/><Channel>Microsoft-Windows-Sysmon/Operational</Channel><Computer>DESKTOP-P84STH6</Computer><Security UserID='S-1-5-18'/></System><EventData><Data Name='RuleName'></Data><Data Name='UtcTime'>2020-05-18 06:39:57.292</Data><Data Name='ProcessGuid'>{5d3d98af-2977-5ec2-0000-0010c6e72b00}</Data><Data Name='ProcessId'>3160</Data><Data Name='QueryName'>content-autofill.googleapis.com</Data><Data Name='QueryStatus'>0</Data><Data Name='QueryResults'>216.58.200.42;</Data><Data Name='Image'>C:\Program Files (x86)\Google\Chrome\Application\chrome.exe</Data></EventData></Event><Event xmlns='http://schemas.microsoft.com/win/2004/08/events/event'><System><Provider Name='Microsoft-Windows-Sysmon' Guid='{5770385f-c22a-43e0-bf4c-06f5698ffbd9}'/><EventID>22</EventID><Version>5</Version><Level>4</Level><Task>22</Task><Opcode>0</Opcode><Keywords>0x8000000000000000</Keywords><TimeCreated SystemTime='2020-05-18T06:39:59.280166700Z'/><EventRecordID>2875</EventRecordID><Correlation/><Execution ProcessID='2844' ThreadID='3988'/><Channel>Microsoft-Windows-Sysmon/Operational</Channel><Computer>DESKTOP-P84STH6</Computer><Security UserID='S-1-5-18'/></System><EventData><Data Name='RuleName'></Data><Data Name='UtcTime'>2020-05-18 06:39:56.240</Data><Data Name='ProcessGuid'>{5d3d98af-2977-5ec2-0000-0010c6e72b00}</Data><Data Name='ProcessId'>3160</Data><Data Name='QueryName'>app.appzi.io</Data><Data Name='QueryStatus'>0</Data><Data Name='QueryResults'>type:  5 widget-prod.azureedge.net;type:  5 widget-prod.ec.azureedge.net;type:  5 scdn1.wpc.7a6ac.zetacdn.net;type:  5 sa9gl.wpc.zetacdn.net;152.195.38.121;</Data><Data Name='Image'>C:\Program Files (x86)\Google\Chrome\Application\chrome.exe</Data></EventData></Event><Event xmlns='http://schemas.microsoft.com/win/2004/08/events/event'><System><Provider Name='Microsoft-Windows-Sysmon' Guid='{5770385f-c22a-43e0-bf4c-06f5698ffbd9}'/><EventID>22</EventID><Version>5</Version><Level>4</Level><Task>22</Task><Opcode>0</Opcode><Keywords>0x8000000000000000</Keywords><TimeCreated SystemTime='2020-05-18T06:39:58.279977700Z'/><EventRecordID>2874</EventRecordID><Correlation/><Execution ProcessID='2844' ThreadID='3988'/><Channel>Microsoft-Windows-Sysmon/Operational</Channel><Computer>DESKTOP-P84STH6</Computer><Security UserID='S-1-5-18'/></System><EventData><Data Name='RuleName'></Data><Data Name='UtcTime'>2020-05-18 06:39:55.616</Data><Data Name='ProcessGuid'>{5d3d98af-2977-5ec2-0000-0010c6e72b00}</Data><Data Name='ProcessId'>3160</Data><Data Name='QueryName'>leetcode.com</Data><Data Name='QueryStatus'>0</Data><Data Name='QueryResults'>104.18.34.28;104.18.35.28;</Data><Data Name='Image'>C:\Program Files (x86)\Google\Chrome\Application\chrome.exe</Data></EventData></Event><Event xmlns='http://schemas.microsoft.com/win/2004/08/events/event'><System><Provider Name='Microsoft-Windows-Sysmon' Guid='{5770385f-c22a-43e0-bf4c-06f5698ffbd9}'/><EventID>22</EventID><Version>5</Version><Level>4</Level><Task>22</Task><Opcode>0</Opcode><Keywords>0x8000000000000000</Keywords><TimeCreated SystemTime='2020-05-18T06:36:52.261355700Z'/><EventRecordID>2873</EventRecordID><Correlation/><Execution ProcessID='2844' ThreadID='3988'/><Channel>Microsoft-Windows-Sysmon/Operational</Channel><Computer>DESKTOP-P84STH6</Computer><Security UserID='S-1-5-18'/></System><EventData><Data Name='RuleName'></Data><Data Name='UtcTime'>2020-05-18 06:36:48.589</Data><Data Name='ProcessGuid'>{5d3d98af-2977-5ec2-0000-0010c6e72b00}</Data><Data Name='ProcessId'>3160</Data><Data Name='QueryName'>www.google.com</Data><Data Name='QueryStatus'>0</Data><Data Name='QueryResults'>216.58.200.36;</Data><Data Name='Image'>C:\Program Files (x86)\Google\Chrome\Application\chrome.exe</Data></EventData></Event><Event xmlns='http://schemas.microsoft.com/win/2004/08/events/event'><System><Provider Name='Microsoft-Windows-Sysmon' Guid='{5770385f-c22a-43e0-bf4c-06f5698ffbd9}'/><EventID>1</EventID><Version>5</Version><Level>4</Level><Task>1</Task><Opcode>0</Opcode><Keywords>0x8000000000000000</Keywords><TimeCreated SystemTime='2020-05-18T06:34:13.059973800Z'/><EventRecordID>2872</EventRecordID><Correlation/><Execution ProcessID='2844' ThreadID='3992'/><Channel>Microsoft-Windows-Sysmon/Operational</Channel><Computer>DESKTOP-P84STH6</Computer><Security UserID='S-1-5-18'/></System><EventData><Data Name='RuleName'></Data><Data Name='UtcTime'>2020-05-18 06:34:12.879</Data><Data Name='ProcessGuid'>{5d3d98af-2c64-5ec2-0000-001044e83400}</Data><Data Name='ProcessId'>2920</Data><Data Name='Image'>C:\Program Files (x86)\Dev-Cpp\MinGW64\libexec\gcc\x86_64-w64-mingw32\4.9.2\cc1plus.exe</Data><Data Name='FileVersion'>?</Data><Data Name='Description'>?</Data><Data Name='Product'>?</Data><Data Name='Company'>?</Data><Data Name='OriginalFileName'>?</Data><Data Name='CommandLine'>"C:/Program Files (x86)/Dev-Cpp/MinGW64/bin/../libexec/gcc/x86_64-w64-mingw32/4.9.2/cc1plus.exe" "-E" "-quiet" "-iprefix" "C:/Program Files (x86)/Dev-Cpp/MinGW64/bin/../lib/gcc/x86_64-w64-mingw32/4.9.2/" "-D_REENTRANT" "NUL" "-mtune=generic" "-march=x86-64" "-std=gnu++11" "-dM"</Data><Data Name='CurrentDirectory'>C:\Program Files (x86)\Dev-Cpp\MinGW64\bin\</Data><Data Name='User'>DESKTOP-P84STH6\NS</Data><Data Name='LogonGuid'>{5d3d98af-2592-5ec2-0000-00209cfc0300}</Data><Data Name='LogonId'>0x3fc9c</Data><Data Name='TerminalSessionId'>1</Data><Data Name='IntegrityLevel'>Medium</Data><Data Name='Hashes'>MD5=B9EE0C71E5E4D9F7782DF674C3DB080B,SHA256=FAF6A0318D307137A6790787D0318D73E664189770B9F980643E8CBED5726B6B,IMPHASH=2D7BAB1D825FED300E54404334F52F62</Data><Data Name='ParentProcessGuid'>{5d3d98af-2c63-5ec2-0000-0010a7e03400}</Data><Data Name='ParentProcessId'>4356</Data><Data Name='ParentImage'>C:\Program Files (x86)\Dev-Cpp\MinGW64\bin\cpp.exe</Data><Data Name='ParentCommandLine'>"C:\Program Files (x86)\Dev-Cpp\MinGW64\bin\\cpp.exe" -dM -E -x c++ -std=gnu++11 NUL</Data></EventData></Event><Event xmlns='http://schemas.microsoft.com/win/2004/08/events/event'><System><Provider Name='Microsoft-Windows-Sysmon' Guid='{5770385f-c22a-43e0-bf4c-06f5698ffbd9}'/><EventID>1</EventID><Version>5</Version><Level>4</Level><Task>1</Task><Opcode>0</Opcode><Keywords>0x8000000000000000</Keywords><TimeCreated SystemTime='2020-05-18T06:34:11.678878600Z'/><EventRecordID>2871</EventRecordID><Correlation/><Execution ProcessID='2844' ThreadID='3992'/><Channel>Microsoft-Windows-Sysmon/Operational</Channel><Computer>DESKTOP-P84STH6</Computer><Security UserID='S-1-5-18'/></System><EventData><Data Name='RuleName'></Data><Data Name='UtcTime'>2020-05-18 06:34:11.669</Data><Data Name='ProcessGuid'>{5d3d98af-2c63-5ec2-0000-0010a7e03400}</Data><Data Name='ProcessId'>4356</Data><Data Name='Image'>C:\Program Files (x86)\Dev-Cpp\MinGW64\bin\cpp.exe</Data><Data Name='FileVersion'>?</Data><Data Name='Description'>?</Data><Data Name='Product'>?</Data><Data Name='Company'>?</Data><Data Name='OriginalFileName'>?</Data><Data Name='CommandLine'>"C:\Program Files (x86)\Dev-Cpp\MinGW64\bin\\cpp.exe" -dM -E -x c++ -std=gnu++11 NUL</Data><Data Name='CurrentDirectory'>C:\Program Files (x86)\Dev-Cpp\MinGW64\bin\</Data><Data Name='User'>DESKTOP-P84STH6\NS</Data><Data Name='LogonGuid'>{5d3d98af-2592-5ec2-0000-00209cfc0300}</Data><Data Name='LogonId'>0x3fc9c</Data><Data Name='TerminalSessionId'>1</Data><Data Name='IntegrityLevel'>Medium</Data><Data Name='Hashes'>MD5=278BD2F9879297BA096B92A6EC42044A,SHA256=D4D90B0709E5F99AB79B2A3DBB8CC958392E43592B6A2D4DC6F16A0E86FD12AC,IMPHASH=714DC860A8E1ABCB266002837F231F40</Data><Data Name='ParentProcessGuid'>{5d3d98af-2c62-5ec2-0000-0010d4c33400}</Data><Data Name='ParentProcessId'>1144</Data><Data Name='ParentImage'>C:\Program Files (x86)\Dev-Cpp\devcpp.exe</Data><Data Name='ParentCommandLine'>"C:\Program Files (x86)\Dev-Cpp\devcpp.exe" </Data></EventData></Event><Event xmlns='http://schemas.microsoft.com/win/2004/08/events/event'><System><Provider Name='Microsoft-Windows-Sysmon' Guid='{5770385f-c22a-43e0-bf4c-06f5698ffbd9}'/><EventID>1</EventID><Version>5</Version><Level>4</Level><Task>1</Task><Opcode>0</Opcode><Keywords>0x8000000000000000</Keywords><TimeCreated SystemTime='2020-05-18T06:34:11.534833500Z'/><EventRecordID>2870</EventRecordID><Correlation/><Execution ProcessID='2844' ThreadID='3992'/><Channel>Microsoft-Windows-Sysmon/Operational</Channel><Computer>DESKTOP-P84STH6</Computer><Security UserID='S-1-5-18'/></System><EventData><Data Name='RuleName'></Data><Data Name='UtcTime'>2020-05-18 06:34:11.533</Data><Data Name='ProcessGuid'>{5d3d98af-2c63-5ec2-0000-00101edb3400}</Data><Data Name='ProcessId'>2340</Data><Data Name='Image'>C:\Program Files (x86)\Dev-Cpp\MinGW64\bin\gcc.exe</Data><Data Name='FileVersion'>?</Data><Data Name='Description'>?</Data><Data Name='Product'>?</Data><Data Name='Company'>?</Data><Data Name='OriginalFileName'>?</Data><Data Name='CommandLine'>"C:\Program Files (x86)\Dev-Cpp\MinGW64\bin\\gcc.exe" -dumpmachine</Data><Data Name='CurrentDirectory'>C:\Program Files (x86)\Dev-Cpp\MinGW64\bin\</Data><Data Name='User'>DESKTOP-P84STH6\NS</Data><Data Name='LogonGuid'>{5d3d98af-2592-5ec2-0000-00209cfc0300}</Data><Data Name='LogonId'>0x3fc9c</Data><Data Name='TerminalSessionId'>1</Data><Data Name='IntegrityLevel'>Medium</Data><Data Name='Hashes'>MD5=43ACAAC9B437BD941C793CA6D9E776F7,SHA256=27D8EA1223C1CF411773A39E8EF406D1F1D5D8956A0351BA8C74CC6C87978258,IMPHASH=714DC860A8E1ABCB266002837F231F40</Data><Data Name='ParentProcessGuid'>{5d3d98af-2c62-5ec2-0000-0010d4c33400}</Data><Data Name='ParentProcessId'>1144</Data><Data Name='ParentImage'>C:\Program Files (x86)\Dev-Cpp\devcpp.exe</Data><Data Name='ParentCommandLine'>"C:\Program Files (x86)\Dev-Cpp\devcpp.exe" </Data></EventData></Event><Event xmlns='http://schemas.microsoft.com/win/2004/08/events/event'><System><Provider Name='Microsoft-Windows-Sysmon' Guid='{5770385f-c22a-43e0-bf4c-06f5698ffbd9}'/><EventID>1</EventID><Version>5</Version><Level>4</Level><Task>1</Task><Opcode>0</Opcode><Keywords>0x8000000000000000</Keywords><TimeCreated SystemTime='2020-05-18T06:34:11.282239600Z'/><EventRecordID>2869</EventRecordID><Correlation/><Execution ProcessID='2844' ThreadID='3992'/><Channel>Microsoft-Windows-Sysmon/Operational</Channel><Computer>DESKTOP-P84STH6</Computer><Security UserID='S-1-5-18'/></System><EventData><Data Name='RuleName'></Data><Data Name='UtcTime'>2020-05-18 06:34:11.274</Data><Data Name='ProcessGuid'>{5d3d98af-2c63-5ec2-0000-0010c0d43400}</Data><Data Name='ProcessId'>1680</Data><Data Name='Image'>C:\Program Files (x86)\Dev-Cpp\MinGW64\bin\gcc.exe</Data><Data Name='FileVersion'>?</Data><Data Name='Description'>?</Data><Data Name='Product'>?</Data><Data Name='Company'>?</Data><Data Name='OriginalFileName'>?</Data><Data Name='CommandLine'>"C:\Program Files (x86)\Dev-Cpp\MinGW64\bin\\gcc.exe" -v</Data><Data Name='CurrentDirectory'>C:\Program Files (x86)\Dev-Cpp\MinGW64\bin\</Data><Data Name='User'>DESKTOP-P84STH6\NS</Data><Data Name='LogonGuid'>{5d3d98af-2592-5ec2-0000-00209cfc0300}</Data><Data Name='LogonId'>0x3fc9c</Data><Data Name='TerminalSessionId'>1</Data><Data Name='IntegrityLevel'>Medium</Data><Data Name='Hashes'>MD5=43ACAAC9B437BD941C793CA6D9E776F7,SHA256=27D8EA1223C1CF411773A39E8EF406D1F1D5D8956A0351BA8C74CC6C87978258,IMPHASH=714DC860A8E1ABCB266002837F231F40</Data><Data Name='ParentProcessGuid'>{5d3d98af-2c62-5ec2-0000-0010d4c33400}</Data><Data Name='ParentProcessId'>1144</Data><Data Name='ParentImage'>C:\Program Files (x86)\Dev-Cpp\devcpp.exe</Data><Data Name='ParentCommandLine'>"C:\Program Files (x86)\Dev-Cpp\devcpp.exe" </Data></EventData></Event><Event xmlns='http://schemas.microsoft.com/win/2004/08/events/event'><System><Provider Name='Microsoft-Windows-Sysmon' Guid='{5770385f-c22a-43e0-bf4c-06f5698ffbd9}'/><EventID>13</EventID><Version>2</Version><Level>4</Level><Task>13</Task><Opcode>0</Opcode><Keywords>0x8000000000000000</Keywords><TimeCreated SystemTime='2020-05-18T06:34:10.249436600Z'/><EventRecordID>2868</EventRecordID><Correlation/><Execution ProcessID='2844' ThreadID='3992'/><Channel>Microsoft-Windows-Sysmon/Operational</Channel><Computer>DESKTOP-P84STH6</Computer><Security UserID='S-1-5-18'/></System><EventData><Data Name='RuleName'>InvDB</Data><Data Name='EventType'>SetValue</Data><Data Name='UtcTime'>2020-05-18 06:34:10.248</Data><Data Name='ProcessGuid'>{5d3d98af-25a8-5ec2-0000-0010a8320800}</Data><Data Name='ProcessId'>6812</Data><Data Name='Image'>C:\Windows\system32\svchost.exe</Data><Data Name='TargetObject'>HKU\S-1-5-21-223836497-1760142647-788189203-1001\Software\Microsoft\Windows NT\CurrentVersion\AppCompatFlags\Compatibility Assistant\Store\C:\Program Files (x86)\Dev-Cpp\devcpp.exe</Data><Data Name='Details'>Binary Data</Data></EventData></Event><Event xmlns='http://schemas.microsoft.com/win/2004/08/events/event'><System><Provider Name='Microsoft-Windows-Sysmon' Guid='{5770385f-c22a-43e0-bf4c-06f5698ffbd9}'/><EventID>1</EventID><Version>5</Version><Level>4</Level><Task>1</Task><Opcode>0</Opcode><Keywords>0x8000000000000000</Keywords><TimeCreated SystemTime='2020-05-18T06:34:10.213476400Z'/><EventRecordID>2867</EventRecordID><Correlation/><Execution ProcessID='2844' ThreadID='3992'/><Channel>Microsoft-Windows-Sysmon/Operational</Channel><Computer>DESKTOP-P84STH6</Computer><Security UserID='S-1-5-18'/></System><EventData><Data Name='RuleName'></Data><Data Name='UtcTime'>2020-05-18 06:34:10.191</Data><Data Name='ProcessGuid'>{5d3d98af-2c62-5ec2-0000-0010d4c33400}</Data><Data Name='ProcessId'>1144</Data><Data Name='Image'>C:\Program Files (x86)\Dev-Cpp\devcpp.exe</Data><Data Name='FileVersion'>5.11.0.0</Data><Data Name='Description'>Dev-C++ IDE</Data><Data Name='Product'>Dev-C++</Data><Data Name='Company'>Bloodshed Software</Data><Data Name='OriginalFileName'>devcpp.exe</Data><Data Name='CommandLine'>"C:\Program Files (x86)\Dev-Cpp\devcpp.exe" </Data><Data Name='CurrentDirectory'>C:\Program Files (x86)\Dev-Cpp\Lang\</Data><Data Name='User'>DESKTOP-P84STH6\NS</Data><Data Name='LogonGuid'>{5d3d98af-2592-5ec2-0000-00209cfc0300}</Data><Data Name='LogonId'>0x3fc9c</Data><Data Name='TerminalSessionId'>1</Data><Data Name='IntegrityLevel'>Medium</Data><Data Name='Hashes'>MD5=7AD2244BF8B4C5C8533EE715E3AB81B2,SHA256=5E490F306CACE14810C9FDABF7E30A2C2E1941BEDD5E00C54B24E208926527E1,IMPHASH=00000000000000000000000000000000</Data><Data Name='ParentProcessGuid'>{5d3d98af-2593-5ec2-0000-001028620400}</Data><Data Name='ParentProcessId'>4216</Data><Data Name='ParentImage'>C:\Windows\explorer.exe</Data><Data Name='ParentCommandLine'>C:\Windows\Explorer.EXE</Data></EventData></Event><Event xmlns='http://schemas.microsoft.com/win/2004/08/events/event'><System><Provider Name='Microsoft-Windows-Sysmon' Guid='{5770385f-c22a-43e0-bf4c-06f5698ffbd9}'/><EventID>22</EventID><Version>5</Version><Level>4</Level><Task>22</Task><Opcode>0</Opcode><Keywords>0x8000000000000000</Keywords><TimeCreated SystemTime='2020-05-18T06:31:42.594002600Z'/><EventRecordID>2866</EventRecordID><Correlation/><Execution ProcessID='2844' ThreadID='3988'/><Channel>Microsoft-Windows-Sysmon/Operational</Channel><Computer>DESKTOP-P84STH6</Computer><Security UserID='S-1-5-18'/></System><EventData><Data Name='RuleName'></Data><Data Name='UtcTime'>2020-05-18 06:31:38.992</Data><Data Name='ProcessGuid'>{5d3d98af-2977-5ec2-0000-0010c6e72b00}</Data><Data Name='ProcessId'>3160</Data><Data Name='QueryName'>www.google.com.tw</Data><Data Name='QueryStatus'>0</Data><Data Name='QueryResults'>216.58.200.35;</Data><Data Name='Image'>C:\Program Files (x86)\Google\Chrome\Application\chrome.exe</Data></EventData></Event><Event xmlns='http://schemas.microsoft.com/win/2004/08/events/event'><System><Provider Name='Microsoft-Windows-Sysmon' Guid='{5770385f-c22a-43e0-bf4c-06f5698ffbd9}'/><EventID>22</EventID><Version>5</Version><Level>4</Level><Task>22</Task><Opcode>0</Opcode><Keywords>0x8000000000000000</Keywords><TimeCreated SystemTime='2020-05-18T06:31:42.593820200Z'/><EventRecordID>2865</EventRecordID><Correlation/><Execution ProcessID='2844' ThreadID='3988'/><Channel>Microsoft-Windows-Sysmon/Operational</Channel><Computer>DESKTOP-P84STH6</Computer><Security UserID='S-1-5-18'/></System><EventData><Data Name='RuleName'></Data><Data Name='UtcTime'>2020-05-18 06:31:38.929</Data><Data Name='ProcessGuid'>{5d3d98af-2977-5ec2-0000-0010c6e72b00}</Data><Data Name='ProcessId'>3160</Data><Data Name='QueryName'>www.google.com</Data><Data Name='QueryStatus'>0</Data><Data Name='QueryResults'>172.217.24.4;</Data><Data Name='Image'>C:\Program Files (x86)\Google\Chrome\Application\chrome.exe</Data></EventData></Event><Event xmlns='http://schemas.microsoft.com/win/2004/08/events/event'><System><Provider Name='Microsoft-Windows-Sysmon' Guid='{5770385f-c22a-43e0-bf4c-06f5698ffbd9}'/><EventID>1</EventID><Version>5</Version><Level>4</Level><Task>1</Task><Opcode>0</Opcode><Keywords>0x8000000000000000</Keywords><TimeCreated SystemTime='2020-05-18T06:30:14.006129200Z'/><EventRecordID>2864</EventRecordID><Correlation/><Execution ProcessID='2844' ThreadID='3992'/><Channel>Microsoft-Windows-Sysmon/Operational</Channel><Computer>DESKTOP-P84STH6</Computer><Security UserID='S-1-5-18'/></System><EventData><Data Name='RuleName'></Data><Data Name='UtcTime'>2020-05-18 06:30:14.002</Data><Data Name='ProcessGuid'>{5d3d98af-2b76-5ec2-0000-0010c1383300}</Data><Data Name='ProcessId'>784</Data><Data Name='Image'>C:\Windows\System32\sc.exe</Data><Data Name='FileVersion'>10.0.18362.1 (WinBuild.160101.0800)</Data><Data Name='Description'>Service Control Manager Configuration Tool</Data><Data Name='Product'>Microsoft® Windows® Operating System</Data><Data Name='Company'>Microsoft Corporation</Data><Data Name='OriginalFileName'>sc.exe</Data><Data Name='CommandLine'>C:\Windows\system32\sc.exe start wuauserv</Data><Data Name='CurrentDirectory'>C:\Windows\system32\</Data><Data Name='User'>NT AUTHORITY\SYSTEM</Data><Data Name='LogonGuid'>{5d3d98af-2583-5ec2-0000-0020e7030000}</Data><Data Name='LogonId'>0x3e7</Data><Data Name='TerminalSessionId'>0</Data><Data Name='IntegrityLevel'>System</Data><Data Name='Hashes'>MD5=E46C638010C25479F66BACBE8596CA76,SHA256=39C59C362649090B4D34E5C8221C6E86552C07FE2DF3478D591A68B70917BC0A,IMPHASH=35A7FFDE18D444A92D32C8B2879450FF</Data><Data Name='ParentProcessGuid'>{5d3d98af-2584-5ec2-0000-00102cd20000}</Data><Data Name='ParentProcessId'>1040</Data><Data Name='ParentImage'>C:\Windows\System32\svchost.exe</Data><Data Name='ParentCommandLine'>C:\Windows\system32\svchost.exe -k netsvcs -p -s Schedule</Data></EventData></Event><Event xmlns='http://schemas.microsoft.com/win/2004/08/events/event'><System><Provider Name='Microsoft-Windows-Sysmon' Guid='{5770385f-c22a-43e0-bf4c-06f5698ffbd9}'/><EventID>22</EventID><Version>5</Version><Level>4</Level><Task>22</Task><Opcode>0</Opcode><Keywords>0x8000000000000000</Keywords><TimeCreated SystemTime='2020-05-18T06:26:45.668357200Z'/><EventRecordID>2863</EventRecordID><Correlation/><Execution ProcessID='2844' ThreadID='3988'/><Channel>Microsoft-Windows-Sysmon/Operational</Channel><Computer>DESKTOP-P84STH6</Computer><Security UserID='S-1-5-18'/></System><EventData><Data Name='RuleName'></Data><Data Name='UtcTime'>2020-05-18 06:26:42.000</Data><Data Name='ProcessGuid'>{5d3d98af-2977-5ec2-0000-0010c6e72b00}</Data><Data Name='ProcessId'>3160</Data><Data Name='QueryName'>maxcdn.bootstrapcdn.com</Data><Data Name='QueryStatus'>0</Data><Data Name='QueryResults'>type:  5 cds.j3z9t3p6.hwcdn.net;209.197.3.15;</Data><Data Name='Image'>C:\Program Files (x86)\Google\Chrome\Application\chrome.exe</Data></EventData></Event><Event xmlns='http://schemas.microsoft.com/win/2004/08/events/event'><System><Provider Name='Microsoft-Windows-Sysmon' Guid='{5770385f-c22a-43e0-bf4c-06f5698ffbd9}'/><EventID>22</EventID><Version>5</Version><Level>4</Level><Task>22</Task><Opcode>0</Opcode><Keywords>0x8000000000000000</Keywords><TimeCreated SystemTime='2020-05-18T06:26:32.643954900Z'/><EventRecordID>2862</EventRecordID><Correlation/><Execution ProcessID='2844' ThreadID='3988'/><Channel>Microsoft-Windows-Sysmon/Operational</Channel><Computer>DESKTOP-P84STH6</Computer><Security UserID='S-1-5-18'/></System><EventData><Data Name='RuleName'></Data><Data Name='UtcTime'>2020-05-18 06:26:29.078</Data><Data Name='ProcessGuid'>{5d3d98af-2977-5ec2-0000-0010c6e72b00}</Data><Data Name='ProcessId'>3160</Data><Data Name='QueryName'>s3-us-west-1.amazonaws.com</Data><Data Name='QueryStatus'>0</Data><Data Name='QueryResults'>52.219.120.88;</Data><Data Name='Image'>C:\Program Files (x86)\Google\Chrome\Application\chrome.exe</Data></EventData></Event><Event xmlns='http://schemas.microsoft.com/win/2004/08/events/event'><System><Provider Name='Microsoft-Windows-Sysmon' Guid='{5770385f-c22a-43e0-bf4c-06f5698ffbd9}'/><EventID>22</EventID><Version>5</Version><Level>4</Level><Task>22</Task><Opcode>0</Opcode><Keywords>0x8000000000000000</Keywords><TimeCreated SystemTime='2020-05-18T06:26:29.636442600Z'/><EventRecordID>2861</EventRecordID><Correlation/><Execution ProcessID='2844' ThreadID='3988'/><Channel>Microsoft-Windows-Sysmon/Operational</Channel><Computer>DESKTOP-P84STH6</Computer><Security UserID='S-1-5-18'/></System><EventData><Data Name='RuleName'></Data><Data Name='UtcTime'>2020-05-18 06:26:27.055</Data><Data Name='ProcessGuid'>{5d3d98af-2977-5ec2-0000-0010c6e72b00}</Data><Data Name='ProcessId'>3160</Data><Data Name='QueryName'>sockets.leetcode.com</Data><Data Name='QueryStatus'>0</Data><Data Name='QueryResults'>104.248.182.131;</Data><Data Name='Image'>C:\Program Files (x86)\Google\Chrome\Application\chrome.exe</Data></EventData></Event><Event xmlns='http://schemas.microsoft.com/win/2004/08/events/event'><System><Provider Name='Microsoft-Windows-Sysmon' Guid='{5770385f-c22a-43e0-bf4c-06f5698ffbd9}'/><EventID>22</EventID><Version>5</Version><Level>4</Level><Task>22</Task><Opcode>0</Opcode><Keywords>0x8000000000000000</Keywords><TimeCreated SystemTime='2020-05-18T06:26:29.636348300Z'/><EventRecordID>2860</EventRecordID><Correlation/><Execution ProcessID='2844' ThreadID='3988'/><Channel>Microsoft-Windows-Sysmon/Operational</Channel><Computer>DESKTOP-P84STH6</Computer><Security UserID='S-1-5-18'/></System><EventData><Data Name='RuleName'></Data><Data Name='UtcTime'>2020-05-18 06:26:26.818</Data><Data Name='ProcessGuid'>{5d3d98af-2977-5ec2-0000-0010c6e72b00}</Data><Data Name='ProcessId'>3160</Data><Data Name='QueryName'>www.gravatar.com</Data><Data Name='QueryStatus'>0</Data><Data Name='QueryResults'>192.0.73.2;</Data><Data Name='Image'>C:\Program Files (x86)\Google\Chrome\Application\chrome.exe</Data></EventData></Event><Event xmlns='http://schemas.microsoft.com/win/2004/08/events/event'><System><Provider Name='Microsoft-Windows-Sysmon' Guid='{5770385f-c22a-43e0-bf4c-06f5698ffbd9}'/><EventID>22</EventID><Version>5</Version><Level>4</Level><Task>22</Task><Opcode>0</Opcode><Keywords>0x8000000000000000</Keywords><TimeCreated SystemTime='2020-05-18T06:26:29.636263300Z'/><EventRecordID>2859</EventRecordID><Correlation/><Execution ProcessID='2844' ThreadID='3988'/><Channel>Microsoft-Windows-Sysmon/Operational</Channel><Computer>DESKTOP-P84STH6</Computer><Security UserID='S-1-5-18'/></System><EventData><Data Name='RuleName'></Data><Data Name='UtcTime'>2020-05-18 06:26:26.716</Data><Data Name='ProcessGuid'>{5d3d98af-2977-5ec2-0000-0010c6e72b00}</Data><Data Name='ProcessId'>3160</Data><Data Name='QueryName'>translate.googleapis.com</Data><Data Name='QueryStatus'>0</Data><Data Name='QueryResults'>216.58.200.42;</Data><Data Name='Image'>C:\Program Files (x86)\Google\Chrome\Application\chrome.exe</Data></EventData></Event><Event xmlns='http://schemas.microsoft.com/win/2004/08/events/event'><System><Provider Name='Microsoft-Windows-Sysmon' Guid='{5770385f-c22a-43e0-bf4c-06f5698ffbd9}'/><EventID>22</EventID><Version>5</Version><Level>4</Level><Task>22</Task><Opcode>0</Opcode><Keywords>0x8000000000000000</Keywords><TimeCreated SystemTime='2020-05-18T06:25:45.149141800Z'/><EventRecordID>2858</EventRecordID><Correlation/><Execution ProcessID='2844' ThreadID='3988'/><Channel>Microsoft-Windows-Sysmon/Operational</Channel><Computer>DESKTOP-P84STH6</Computer><Security UserID='S-1-5-18'/></System><EventData><Data Name='RuleName'></Data><Data Name='UtcTime'>2020-05-18 06:25:42.059</Data><Data Name='ProcessGuid'>{5d3d98af-2977-5ec2-0000-0010c6e72b00}</Data><Data Name='ProcessId'>3160</Data><Data Name='QueryName'>humanitariandronecode.files.wordpress.com</Data><Data Name='QueryStatus'>0</Data><Data Name='QueryResults'>type:  5 s6.files.wordpress.com;192.0.72.26;192.0.72.27;</Data><Data Name='Image'>C:\Program Files (x86)\Google\Chrome\Application\chrome.exe</Data></EventData></Event><Event xmlns='http://schemas.microsoft.com/win/2004/08/events/event'><System><Provider Name='Microsoft-Windows-Sysmon' Guid='{5770385f-c22a-43e0-bf4c-06f5698ffbd9}'/><EventID>22</EventID><Version>5</Version><Level>4</Level><Task>22</Task><Opcode>0</Opcode><Keywords>0x8000000000000000</Keywords><TimeCreated SystemTime='2020-05-18T06:25:45.149050200Z'/><EventRecordID>2857</EventRecordID><Correlation/><Execution ProcessID='2844' ThreadID='3988'/><Channel>Microsoft-Windows-Sysmon/Operational</Channel><Computer>DESKTOP-P84STH6</Computer><Security UserID='S-1-5-18'/></System><EventData><Data Name='RuleName'></Data><Data Name='UtcTime'>2020-05-18 06:25:42.033</Data><Data Name='ProcessGuid'>{5d3d98af-2977-5ec2-0000-0010c6e72b00}</Data><Data Name='ProcessId'>3160</Data><Data Name='QueryName'>stats.wp.com</Data><Data Name='QueryStatus'>0</Data><Data Name='QueryResults'>192.0.76.3;</Data><Data Name='Image'>C:\Program Files (x86)\Google\Chrome\Application\chrome.exe</Data></EventData></Event><Event xmlns='http://schemas.microsoft.com/win/2004/08/events/event'><System><Provider Name='Microsoft-Windows-Sysmon' Guid='{5770385f-c22a-43e0-bf4c-06f5698ffbd9}'/><EventID>22</EventID><Version>5</Version><Level>4</Level><Task>22</Task><Opcode>0</Opcode><Keywords>0x8000000000000000</Keywords><TimeCreated SystemTime='2020-05-18T06:25:45.148974200Z'/><EventRecordID>2856</EventRecordID><Correlation/><Execution ProcessID='2844' ThreadID='3988'/><Channel>Microsoft-Windows-Sysmon/Operational</Channel><Computer>DESKTOP-P84STH6</Computer><Security UserID='S-1-5-18'/></System><EventData><Data Name='RuleName'></Data><Data Name='UtcTime'>2020-05-18 06:25:42.031</Data><Data Name='ProcessGuid'>{5d3d98af-2977-5ec2-0000-0010c6e72b00}</Data><Data Name='ProcessId'>3160</Data><Data Name='QueryName'>0.gravatar.com</Data><Data Name='QueryStatus'>0</Data><Data Name='QueryResults'>192.0.73.2;</Data><Data Name='Image'>C:\Program Files (x86)\Google\Chrome\Application\chrome.exe</Data></EventData></Event><Event xmlns='http://schemas.microsoft.com/win/2004/08/events/event'><System><Provider Name='Microsoft-Windows-Sysmon' Guid='{5770385f-c22a-43e0-bf4c-06f5698ffbd9}'/><EventID>22</EventID><Version>5</Version><Level>4</Level><Task>22</Task><Opcode>0</Opcode><Keywords>0x8000000000000000</Keywords><TimeCreated SystemTime='2020-05-18T06:25:45.148848300Z'/><EventRecordID>2855</EventRecordID><Correlation/><Execution ProcessID='2844' ThreadID='3988'/><Channel>Microsoft-Windows-Sysmon/Operational</Channel><Computer>DESKTOP-P84STH6</Computer><Security UserID='S-1-5-18'/></System><EventData><Data Name='RuleName'></Data><Data Name='UtcTime'>2020-05-18 06:25:42.026</Data><Data Name='ProcessGuid'>{5d3d98af-2977-5ec2-0000-0010c6e72b00}</Data><Data Name='ProcessId'>3160</Data><Data Name='QueryName'>s0.wp.com</Data><Data Name='QueryStatus'>0</Data><Data Name='QueryResults'>192.0.77.32;</Data><Data Name='Image'>C:\Program Files (x86)\Google\Chrome\Application\chrome.exe</Data></EventData></Event><Event xmlns='http://schemas.microsoft.com/win/2004/08/events/event'><System><Provider Name='Microsoft-Windows-Sysmon' Guid='{5770385f-c22a-43e0-bf4c-06f5698ffbd9}'/><EventID>22</EventID><Version>5</Version><Level>4</Level><Task>22</Task><Opcode>0</Opcode><Keywords>0x8000000000000000</Keywords><TimeCreated SystemTime='2020-05-18T06:25:44.147993600Z'/><EventRecordID>2854</EventRecordID><Correlation/><Execution ProcessID='2844' ThreadID='3988'/><Channel>Microsoft-Windows-Sysmon/Operational</Channel><Computer>DESKTOP-P84STH6</Computer><Security UserID='S-1-5-18'/></System><EventData><Data Name='RuleName'></Data><Data Name='UtcTime'>2020-05-18 06:25:41.537</Data><Data Name='ProcessGuid'>{5d3d98af-2977-5ec2-0000-0010c6e72b00}</Data><Data Name='ProcessId'>3160</Data><Data Name='QueryName'>uavcode.org</Data><Data Name='QueryStatus'>0</Data><Data Name='QueryResults'>192.0.78.24;192.0.78.25;</Data><Data Name='Image'>C:\Program Files (x86)\Google\Chrome\Application\chrome.exe</Data></EventData></Event><Event xmlns='http://schemas.microsoft.com/win/2004/08/events/event'><System><Provider Name='Microsoft-Windows-Sysmon' Guid='{5770385f-c22a-43e0-bf4c-06f5698ffbd9}'/><EventID>22</EventID><Version>5</Version><Level>4</Level><Task>22</Task><Opcode>0</Opcode><Keywords>0x8000000000000000</Keywords><TimeCreated SystemTime='2020-05-18T06:25:29.918626200Z'/><EventRecordID>2853</EventRecordID><Correlation/><Execution ProcessID='2844' ThreadID='3988'/><Channel>Microsoft-Windows-Sysmon/Operational</Channel><Computer>DESKTOP-P84STH6</Computer><Security UserID='S-1-5-18'/></System><EventData><Data Name='RuleName'></Data><Data Name='UtcTime'>2020-05-18 06:25:26.559</Data><Data Name='ProcessGuid'>{5d3d98af-2977-5ec2-0000-0010c6e72b00}</Data><Data Name='ProcessId'>3160</Data><Data Name='QueryName'>www.recaptcha.net</Data><Data Name='QueryStatus'>0</Data><Data Name='QueryResults'>172.217.160.99;</Data><Data Name='Image'>C:\Program Files (x86)\Google\Chrome\Application\chrome.exe</Data></EventData></Event><Event xmlns='http://schemas.microsoft.com/win/2004/08/events/event'><System><Provider Name='Microsoft-Windows-Sysmon' Guid='{5770385f-c22a-43e0-bf4c-06f5698ffbd9}'/><EventID>22</EventID><Version>5</Version><Level>4</Level><Task>22</Task><Opcode>0</Opcode><Keywords>0x8000000000000000</Keywords><TimeCreated SystemTime='2020-05-18T06:25:25.913042200Z'/><EventRecordID>2852</EventRecordID><Correlation/><Execution ProcessID='2844' ThreadID='3988'/><Channel>Microsoft-Windows-Sysmon/Operational</Channel><Computer>DESKTOP-P84STH6</Computer><Security UserID='S-1-5-18'/></System><EventData><Data Name='RuleName'></Data><Data Name='UtcTime'>2020-05-18 06:25:22.859</Data><Data Name='ProcessGuid'>{5d3d98af-2977-5ec2-0000-0010c6e72b00}</Data><Data Name='ProcessId'>3160</Data><Data Name='QueryName'>api.leetcode-cn.com</Data><Data Name='QueryStatus'>0</Data><Data Name='QueryResults'>47.99.228.218;</Data><Data Name='Image'>C:\Program Files (x86)\Google\Chrome\Application\chrome.exe</Data></EventData></Event><Event xmlns='http://schemas.microsoft.com/win/2004/08/events/event'><System><Provider Name='Microsoft-Windows-Sysmon' Guid='{5770385f-c22a-43e0-bf4c-06f5698ffbd9}'/><EventID>22</EventID><Version>5</Version><Level>4</Level><Task>22</Task><Opcode>0</Opcode><Keywords>0x8000000000000000</Keywords><TimeCreated SystemTime='2020-05-18T06:25:24.906760300Z'/><EventRecordID>2851</EventRecordID><Correlation/><Execution ProcessID='2844' ThreadID='3988'/><Channel>Microsoft-Windows-Sysmon/Operational</Channel><Computer>DESKTOP-P84STH6</Computer><Security UserID='S-1-5-18'/></System><EventData><Data Name='RuleName'></Data><Data Name='UtcTime'>2020-05-18 06:25:22.725</Data><Data Name='ProcessGuid'>{5d3d98af-2977-5ec2-0000-0010c6e72b00}</Data><Data Name='ProcessId'>3160</Data><Data Name='QueryName'>bam.nr-data.net</Data><Data Name='QueryStatus'>0</Data><Data Name='QueryResults'>162.247.242.18;162.247.242.19;162.247.242.20;162.247.242.21;</Data><Data Name='Image'>C:\Program Files (x86)\Google\Chrome\Application\chrome.exe</Data></EventData></Event><Event xmlns='http://schemas.microsoft.com/win/2004/08/events/event'><System><Provider Name='Microsoft-Windows-Sysmon' Guid='{5770385f-c22a-43e0-bf4c-06f5698ffbd9}'/><EventID>22</EventID><Version>5</Version><Level>4</Level><Task>22</Task><Opcode>0</Opcode><Keywords>0x8000000000000000</Keywords><TimeCreated SystemTime='2020-05-18T06:25:24.906601900Z'/><EventRecordID>2850</EventRecordID><Correlation/><Execution ProcessID='2844' ThreadID='3988'/><Channel>Microsoft-Windows-Sysmon/Operational</Channel><Computer>DESKTOP-P84STH6</Computer><Security UserID='S-1-5-18'/></System><EventData><Data Name='RuleName'></Data><Data Name='UtcTime'>2020-05-18 06:25:22.701</Data><Data Name='ProcessGuid'>{5d3d98af-2977-5ec2-0000-0010c6e72b00}</Data><Data Name='ProcessId'>3160</Data><Data Name='QueryName'>assets.leetcode-cn.com</Data><Data Name='QueryStatus'>0</Data><Data Name='QueryResults'>type:  5 assets.leetcode-cn.com.w.kunlungr.com;47.89.64.202;47.89.64.204;47.89.64.233;</Data><Data Name='Image'>C:\Program Files (x86)\Google\Chrome\Application\chrome.exe</Data></EventData></Event><Event xmlns='http://schemas.microsoft.com/win/2004/08/events/event'><System><Provider Name='Microsoft-Windows-Sysmon' Guid='{5770385f-c22a-43e0-bf4c-06f5698ffbd9}'/><EventID>22</EventID><Version>5</Version><Level>4</Level><Task>22</Task><Opcode>0</Opcode><Keywords>0x8000000000000000</Keywords><TimeCreated SystemTime='2020-05-18T06:25:24.906482600Z'/><EventRecordID>2849</EventRecordID><Correlation/><Execution ProcessID='2844' ThreadID='3988'/><Channel>Microsoft-Windows-Sysmon/Operational</Channel><Computer>DESKTOP-P84STH6</Computer><Security UserID='S-1-5-18'/></System><EventData><Data Name='RuleName'></Data><Data Name='UtcTime'>2020-05-18 06:25:22.605</Data><Data Name='ProcessGuid'>{5d3d98af-2977-5ec2-0000-0010c6e72b00}</Data><Data Name='ProcessId'>3160</Data><Data Name='QueryName'>js-agent.newrelic.com</Data><Data Name='QueryStatus'>0</Data><Data Name='QueryResults'>type:  5 f4.shared.global.fastly.net;151.101.2.110;151.101.66.110;151.101.130.110;151.101.194.110;</Data><Data Name='Image'>C:\Program Files (x86)\Google\Chrome\Application\chrome.exe</Data></EventData></Event><Event xmlns='http://schemas.microsoft.com/win/2004/08/events/event'><System><Provider Name='Microsoft-Windows-Sysmon' Guid='{5770385f-c22a-43e0-bf4c-06f5698ffbd9}'/><EventID>22</EventID><Version>5</Version><Level>4</Level><Task>22</Task><Opcode>0</Opcode><Keywords>0x8000000000000000</Keywords><TimeCreated SystemTime='2020-05-18T06:25:22.550811600Z'/><EventRecordID>2848</EventRecordID><Correlation/><Execution ProcessID='2844' ThreadID='3988'/><Channel>Microsoft-Windows-Sysmon/Operational</Channel><Computer>DESKTOP-P84STH6</Computer><Security UserID='S-1-5-18'/></System><EventData><Data Name='RuleName'></Data><Data Name='UtcTime'>2020-05-18 06:25:19.125</Data><Data Name='ProcessGuid'>{5d3d98af-2977-5ec2-0000-0010c6e72b00}</Data><Data Name='ProcessId'>3160</Data><Data Name='QueryName'>leetcpde</Data><Data Name='QueryStatus'>123</Data><Data Name='QueryResults'></Data><Data Name='Image'>C:\Program Files (x86)\Google\Chrome\Application\chrome.exe</Data></EventData></Event><Event xmlns='http://schemas.microsoft.com/win/2004/08/events/event'><System><Provider Name='Microsoft-Windows-Sysmon' Guid='{5770385f-c22a-43e0-bf4c-06f5698ffbd9}'/><EventID>22</EventID><Version>5</Version><Level>4</Level><Task>22</Task><Opcode>0</Opcode><Keywords>0x8000000000000000</Keywords><TimeCreated SystemTime='2020-05-18T06:25:20.545649400Z'/><EventRecordID>2847</EventRecordID><Correlation/><Execution ProcessID='2844' ThreadID='3988'/><Channel>Microsoft-Windows-Sysmon/Operational</Channel><Computer>DESKTOP-P84STH6</Computer><Security UserID='S-1-5-18'/></System><EventData><Data Name='RuleName'></Data><Data Name='UtcTime'>2020-05-18 06:25:17.691</Data><Data Name='ProcessGuid'>{5d3d98af-2977-5ec2-0000-0010c6e72b00}</Data><Data Name='ProcessId'>3160</Data><Data Name='QueryName'>assets.leetcode.com</Data><Data Name='QueryStatus'>0</Data><Data Name='QueryResults'>104.18.34.28;104.18.35.28;</Data><Data Name='Image'>C:\Program Files (x86)\Google\Chrome\Application\chrome.exe</Data></EventData></Event><Event xmlns='http://schemas.microsoft.com/win/2004/08/events/event'><System><Provider Name='Microsoft-Windows-Sysmon' Guid='{5770385f-c22a-43e0-bf4c-06f5698ffbd9}'/><EventID>22</EventID><Version>5</Version><Level>4</Level><Task>22</Task><Opcode>0</Opcode><Keywords>0x8000000000000000</Keywords><TimeCreated SystemTime='2020-05-18T06:25:20.545558000Z'/><EventRecordID>2846</EventRecordID><Correlation/><Execution ProcessID='2844' ThreadID='3988'/><Channel>Microsoft-Windows-Sysmon/Operational</Channel><Computer>DESKTOP-P84STH6</Computer><Security UserID='S-1-5-18'/></System><EventData><Data Name='RuleName'></Data><Data Name='UtcTime'>2020-05-18 06:25:17.380</Data><Data Name='ProcessGuid'>{5d3d98af-2977-5ec2-0000-0010c6e72b00}</Data><Data Name='ProcessId'>3160</Data><Data Name='QueryName'>leetcode.com</Data><Data Name='QueryStatus'>0</Data><Data Name='QueryResults'>104.18.35.28;104.18.34.28;</Data><Data Name='Image'>C:\Program Files (x86)\Google\Chrome\Application\chrome.exe</Data></EventData></Event><Event xmlns='http://schemas.microsoft.com/win/2004/08/events/event'><System><Provider Name='Microsoft-Windows-Sysmon' Guid='{5770385f-c22a-43e0-bf4c-06f5698ffbd9}'/><EventID>22</EventID><Version>5</Version><Level>4</Level><Task>22</Task><Opcode>0</Opcode><Keywords>0x8000000000000000</Keywords><TimeCreated SystemTime='2020-05-18T06:25:19.545076800Z'/><EventRecordID>2845</EventRecordID><Correlation/><Execution ProcessID='2844' ThreadID='3988'/><Channel>Microsoft-Windows-Sysmon/Operational</Channel><Computer>DESKTOP-P84STH6</Computer><Security UserID='S-1-5-18'/></System><EventData><Data Name='RuleName'></Data><Data Name='UtcTime'>2020-05-18 06:25:16.894</Data><Data Name='ProcessGuid'>{5d3d98af-2977-5ec2-0000-0010c6e72b00}</Data><Data Name='ProcessId'>3160</Data><Data Name='QueryName'>www.google.com</Data><Data Name='QueryStatus'>0</Data><Data Name='QueryResults'>172.217.27.132;</Data><Data Name='Image'>C:\Program Files (x86)\Google\Chrome\Application\chrome.exe</Data></EventData></Event><Event xmlns='http://schemas.microsoft.com/win/2004/08/events/event'><System><Provider Name='Microsoft-Windows-Sysmon' Guid='{5770385f-c22a-43e0-bf4c-06f5698ffbd9}'/><EventID>22</EventID><Version>5</Version><Level>4</Level><Task>22</Task><Opcode>0</Opcode><Keywords>0x8000000000000000</Keywords><TimeCreated SystemTime='2020-05-18T06:23:30.909059700Z'/><EventRecordID>2844</EventRecordID><Correlation/><Execution ProcessID='2844' ThreadID='3988'/><Channel>Microsoft-Windows-Sysmon/Operational</Channel><Computer>DESKTOP-P84STH6</Computer><Security UserID='S-1-5-18'/></System><EventData><Data Name='RuleName'></Data><Data Name='UtcTime'>2020-05-18 06:23:27.248</Data><Data Name='ProcessGuid'>{5d3d98af-2977-5ec2-0000-0010c6e72b00}</Data><Data Name='ProcessId'>3160</Data><Data Name='QueryName'>google.com</Data><Data Name='QueryStatus'>0</Data><Data Name='QueryResults'>172.217.160.78;</Data><Data Name='Image'>C:\Program Files (x86)\Google\Chrome\Application\chrome.exe</Data></EventData></Event><Event xmlns='http://schemas.microsoft.com/win/2004/08/events/event'><System><Provider Name='Microsoft-Windows-Sysmon' Guid='{5770385f-c22a-43e0-bf4c-06f5698ffbd9}'/><EventID>5</EventID><Version>3</Version><Level>4</Level><Task>5</Task><Opcode>0</Opcode><Keywords>0x8000000000000000</Keywords><TimeCreated SystemTime='2020-05-18T06:23:09.498388200Z'/><EventRecordID>2843</EventRecordID><Correlation/><Execution ProcessID='2844' ThreadID='3992'/><Channel>Microsoft-Windows-Sysmon/Operational</Channel><Computer>DESKTOP-P84STH6</Computer><Security UserID='S-1-5-18'/></System><EventData><Data Name='RuleName'></Data><Data Name='UtcTime'>2020-05-18 06:23:09.497</Data><Data Name='ProcessGuid'>{5d3d98af-2981-5ec2-0000-0010f17d2c00}</Data><Data Name='ProcessId'>8128</Data><Data Name='Image'>C:\Users\NS\AppData\Local\Google\Chrome\User Data\SwReporter\81.235.200\software_reporter_tool.exe</Data></EventData></Event><Event xmlns='http://schemas.microsoft.com/win/2004/08/events/event'><System><Provider Name='Microsoft-Windows-Sysmon' Guid='{5770385f-c22a-43e0-bf4c-06f5698ffbd9}'/><EventID>5</EventID><Version>3</Version><Level>4</Level><Task>5</Task><Opcode>0</Opcode><Keywords>0x8000000000000000</Keywords><TimeCreated SystemTime='2020-05-18T06:23:09.491677600Z'/><EventRecordID>2842</EventRecordID><Correlation/><Execution ProcessID='2844' ThreadID='3992'/><Channel>Microsoft-Windows-Sysmon/Operational</Channel><Computer>DESKTOP-P84STH6</Computer><Security UserID='S-1-5-18'/></System><EventData><Data Name='RuleName'></Data><Data Name='UtcTime'>2020-05-18 06:23:09.491</Data><Data Name='ProcessGuid'>{5d3d98af-2981-5ec2-0000-001001712c00}</Data><Data Name='ProcessId'>7636</Data><Data Name='Image'>C:\Users\NS\AppData\Local\Google\Chrome\User Data\SwReporter\81.235.200\software_reporter_tool.exe</Data></EventData></Event><Event xmlns='http://schemas.microsoft.com/win/2004/08/events/event'><System><Provider Name='Microsoft-Windows-Sysmon' Guid='{5770385f-c22a-43e0-bf4c-06f5698ffbd9}'/><EventID>5</EventID><Version>3</Version><Level>4</Level><Task>5</Task><Opcode>0</Opcode><Keywords>0x8000000000000000</Keywords><TimeCreated SystemTime='2020-05-18T06:23:09.483212200Z'/><EventRecordID>2841</EventRecordID><Correlation/><Execution ProcessID='2844' ThreadID='3992'/><Channel>Microsoft-Windows-Sysmon/Operational</Channel><Computer>DESKTOP-P84STH6</Computer><Security UserID='S-1-5-18'/></System><EventData><Data Name='RuleName'></Data><Data Name='UtcTime'>2020-05-18 06:23:09.482</Data><Data Name='ProcessGuid'>{5d3d98af-2981-5ec2-0000-0010c3882c00}</Data><Data Name='ProcessId'>3844</Data><Data Name='Image'>C:\Users\NS\AppData\Local\Google\Chrome\User Data\SwReporter\81.235.200\software_reporter_tool.exe</Data></EventData></Event><Event xmlns='http://schemas.microsoft.com/win/2004/08/events/event'><System><Provider Name='Microsoft-Windows-Sysmon' Guid='{5770385f-c22a-43e0-bf4c-06f5698ffbd9}'/><EventID>5</EventID><Version>3</Version><Level>4</Level><Task>5</Task><Opcode>0</Opcode><Keywords>0x8000000000000000</Keywords><TimeCreated SystemTime='2020-05-18T06:23:09.483125100Z'/><EventRecordID>2840</EventRecordID><Correlation/><Execution ProcessID='2844' ThreadID='3992'/><Channel>Microsoft-Windows-Sysmon/Operational</Channel><Computer>DESKTOP-P84STH6</Computer><Security UserID='S-1-5-18'/></System><EventData><Data Name='RuleName'></Data><Data Name='UtcTime'>2020-05-18 06:23:09.482</Data><Data Name='ProcessGuid'>{5d3d98af-2982-5ec2-0000-00106e9a2c00}</Data><Data Name='ProcessId'>1048</Data><Data Name='Image'>C:\Users\NS\AppData\Local\Google\Chrome\User Data\SwReporter\81.235.200\software_reporter_tool.exe</Data></EventData></Event>