<Event xmlns='http://schemas.microsoft.com/win/2004/08/events/event'><System><Provider Name='Microsoft-Windows-Sysmon' Guid='{5770385f-c22a-43e0-bf4c-06f5698ffbd9}'/><EventID>1</EventID><Version>5</Version><Level>4</Level><Task>1</Task><Opcode>0</Opcode><Keywords>0x8000000000000000</Keywords><TimeCreated SystemTime='2020-05-18T07:22:32.950160600Z'/><EventRecordID>3076</EventRecordID><Correlation/><Execution ProcessID='2844' ThreadID='3992'/><Channel>Microsoft-Windows-Sysmon/Operational</Channel><Computer>DESKTOP-P84STH6</Computer><Security UserID='S-1-5-18'/></System><EventData><Data Name='RuleName'></Data><Data Name='UtcTime'>2020-05-18 07:22:32.947</Data><Data Name='ProcessGuid'>{5d3d98af-37b8-5ec2-0000-001053b05200}</Data><Data Name='ProcessId'>7904</Data><Data Name='Image'>C:\Program Files (x86)\Dev-Cpp\MinGW64\libexec\gcc\x86_64-w64-mingw32\4.9.2\collect2.exe</Data><Data Name='FileVersion'>?</Data><Data Name='Description'>?</Data><Data Name='Product'>?</Data><Data Name='Company'>?</Data><Data Name='OriginalFileName'>?</Data><Data Name='CommandLine'>"C:/Program Files (x86)/Dev-Cpp/MinGW64/bin/../libexec/gcc/x86_64-w64-mingw32/4.9.2/collect2.exe" "-plugin" "C:/Program Files (x86)/Dev-Cpp/MinGW64/bin/../libexec/gcc/x86_64-w64-mingw32/4.9.2/liblto_plugin-0.dll" "-plugin-opt=C:/Program Files (x86)/Dev-Cpp/MinGW64/bin/../libexec/gcc/x86_64-w64-mingw32/4.9.2/lto-wrapper.exe" "-plugin-opt=-fresolution=C:\Users\NS\AppData\Local\Temp\ccWc6VG5.res" "-plugin-opt=-pass-through=-lmingw32" "-plugin-opt=-pass-through=-lgcc" "-plugin-opt=-pass-through=-lmoldname" "-plugin-opt=-pass-through=-lmingwex" "-plugin-opt=-pass-through=-lmsvcrt" "-plugin-opt=-pass-through=-lpthread" "-plugin-opt=-pass-through=-ladvapi32" "-plugin-opt=-pass-through=-lshell32" "-plugin-opt=-pass-through=-luser32" "-plugin-opt=-pass-through=-lkernel32" "-plugin-opt=-pass-through=-lmingw32" "-plugin-opt=-pass-through=-lgcc" "-plugin-opt=-pass-through=-lmoldname" "-plugin-opt=-pass-through=-lmingwex" "-plugin-opt=-pass-through=-lmsvcrt" "-m" "i386pep" "--exclude-libs=libpthread.a" "-Bdynamic" "-o" "C:\Users\NS\Desktop\123.exe" "C:/Program Files (x86)/Dev-Cpp/MinGW64/bin/../lib/gcc/x86_64-w64-mingw32/4.9.2/../../../../x86_64-w64-mingw32/lib/../lib/crt2.o" "C:/Program Files (x86)/Dev-Cpp/MinGW64/bin/../lib/gcc/x86_64-w64-mingw32/4.9.2/../../../../x86_64-w64-mingw32/lib/../lib/crtbegin.o" "-LC:\Program Files (x86)\Dev-Cpp\MinGW64\lib" "-LC:\Program Files (x86)\Dev-Cpp\MinGW64\x86_64-w64-mingw32\lib" "-LC:/Program Files (x86)/Dev-Cpp/MinGW64/bin/../lib/gcc/x86_64-w64-mingw32/4.9.2" "-LC:/Program Files (x86)/Dev-Cpp/MinGW64/bin/../lib/gcc" "-LC:/Program Files (x86)/Dev-Cpp/MinGW64/bin/../lib/gcc/x86_64-w64-mingw32/4.9.2/../../../../x86_64-w64-mingw32/lib/../lib" "-LC:/Program Files (x86)/Dev-Cpp/MinGW64/bin/../lib/gcc/x86_64-w64-mingw32/4.9.2/../../../../lib" "-LC:/Program Files (x86)/Dev-Cpp/MinGW64/bin/../lib/gcc/x86_64-w64-mingw32/4.9.2/../../../../x86_64-w64-mingw32/lib" "-LC:/Program Files (x86)/Dev-Cpp/MinGW64/bin/../lib/gcc/x86_64-w64-mingw32/4.9.2/../../.." "C:\Users\NS\AppData\Local\Temp\cccRxU50.o" "-Bstatic" "-lstdc++" "-Bdynamic" "-lmingw32" "-lgcc" "-lmoldname" "-lmingwex" "-lmsvcrt" "-lpthread" "-ladvapi32" "-lshell32" "-luser32" "-lkernel32" "-lmingw32" "-lgcc" "-lmoldname" "-lmingwex" "-lmsvcrt" "C:/Program Files (x86)/Dev-Cpp/MinGW64/bin/../lib/gcc/x86_64-w64-mingw32/4.9.2/../../../../x86_64-w64-mingw32/lib/../lib/crtend.o"</Data><Data Name='CurrentDirectory'>C:\Users\NS\Desktop\</Data><Data Name='User'>DESKTOP-P84STH6\NS</Data><Data Name='LogonGuid'>{5d3d98af-2592-5ec2-0000-00209cfc0300}</Data><Data Name='LogonId'>0x3fc9c</Data><Data Name='TerminalSessionId'>1</Data><Data Name='IntegrityLevel'>Medium</Data><Data Name='Hashes'>MD5=54BFCED9449A80338757DFD5FAE78E46,SHA256=7BB3D84DE74BC8339BF2B185F630C40A57181B5786723E9B6F03D295F5E546E3,IMPHASH=451FFA25CE7F1DAEDE896E825B686A9A</Data><Data Name='ParentProcessGuid'>{5d3d98af-37b8-5ec2-0000-001083a35200}</Data><Data Name='ParentProcessId'>5996</Data><Data Name='ParentImage'>C:\Program Files (x86)\Dev-Cpp\MinGW64\bin\g++.exe</Data><Data Name='ParentCommandLine'>g++.exe "C:\Users\NS\Desktop\123.cpp" -o "C:\Users\NS\Desktop\123.exe"  -I"C:\Program Files (x86)\Dev-Cpp\MinGW64\include" -I"C:\Program Files (x86)\Dev-Cpp\MinGW64\x86_64-w64-mingw32\include" -I"C:\Program Files (x86)\Dev-Cpp\MinGW64\lib\gcc\x86_64-w64-mingw32\4.9.2\include" -I"C:\Program Files (x86)\Dev-Cpp\MinGW64\lib\gcc\x86_64-w64-mingw32\4.9.2\include\c++" -L"C:\Program Files (x86)\Dev-Cpp\MinGW64\lib" -L"C:\Program Files (x86)\Dev-Cpp\MinGW64\x86_64-w64-mingw32\lib" -static-libgcc</Data></EventData></Event><Event xmlns='http://schemas.microsoft.com/win/2004/08/events/event'><System><Provider Name='Microsoft-Windows-Sysmon' Guid='{5770385f-c22a-43e0-bf4c-06f5698ffbd9}'/><EventID>1</EventID><Version>5</Version><Level>4</Level><Task>1</Task><Opcode>0</Opcode><Keywords>0x8000000000000000</Keywords><TimeCreated SystemTime='2020-05-18T07:22:32.918367500Z'/><EventRecordID>3075</EventRecordID><Correlation/><Execution ProcessID='2844' ThreadID='3992'/><Channel>Microsoft-Windows-Sysmon/Operational</Channel><Computer>DESKTOP-P84STH6</Computer><Security UserID='S-1-5-18'/></System><EventData><Data Name='RuleName'></Data><Data Name='UtcTime'>2020-05-18 07:22:32.915</Data><Data Name='ProcessGuid'>{5d3d98af-37b8-5ec2-0000-001010ad5200}</Data><Data Name='ProcessId'>7192</Data><Data Name='Image'>C:\Program Files (x86)\Dev-Cpp\MinGW64\x86_64-w64-mingw32\bin\as.exe</Data><Data Name='FileVersion'>?</Data><Data Name='Description'>?</Data><Data Name='Product'>?</Data><Data Name='Company'>?</Data><Data Name='OriginalFileName'>?</Data><Data Name='CommandLine'>"C:/Program Files (x86)/Dev-Cpp/MinGW64/bin/../lib/gcc/x86_64-w64-mingw32/4.9.2/../../../../x86_64-w64-mingw32/bin/as.exe" "-I" "C:\Program Files (x86)\Dev-Cpp\MinGW64\include" "-I" "C:\Program Files (x86)\Dev-Cpp\MinGW64\x86_64-w64-mingw32\include" "-I" "C:\Program Files (x86)\Dev-Cpp\MinGW64\lib\gcc\x86_64-w64-mingw32\4.9.2\include" "-I" "C:\Program Files (x86)\Dev-Cpp\MinGW64\lib\gcc\x86_64-w64-mingw32\4.9.2\include\c++" "-o" "C:\Users\NS\AppData\Local\Temp\cccRxU50.o" "C:\Users\NS\AppData\Local\Temp\cc4O5H1Y.s"</Data><Data Name='CurrentDirectory'>C:\Users\NS\Desktop\</Data><Data Name='User'>DESKTOP-P84STH6\NS</Data><Data Name='LogonGuid'>{5d3d98af-2592-5ec2-0000-00209cfc0300}</Data><Data Name='LogonId'>0x3fc9c</Data><Data Name='TerminalSessionId'>1</Data><Data Name='IntegrityLevel'>Medium</Data><Data Name='Hashes'>MD5=AEEB13679FDCB4E998D846955AD88AF9,SHA256=B20E121E6C1D901257566431076D703FD44A0B5CC31D6A7DCAB50C83C50C2CDC,IMPHASH=BA4D2E00A06C6D24F5DD124FC983317D</Data><Data Name='ParentProcessGuid'>{5d3d98af-37b8-5ec2-0000-001083a35200}</Data><Data Name='ParentProcessId'>5996</Data><Data Name='ParentImage'>C:\Program Files (x86)\Dev-Cpp\MinGW64\bin\g++.exe</Data><Data Name='ParentCommandLine'>g++.exe "C:\Users\NS\Desktop\123.cpp" -o "C:\Users\NS\Desktop\123.exe"  -I"C:\Program Files (x86)\Dev-Cpp\MinGW64\include" -I"C:\Program Files (x86)\Dev-Cpp\MinGW64\x86_64-w64-mingw32\include" -I"C:\Program Files (x86)\Dev-Cpp\MinGW64\lib\gcc\x86_64-w64-mingw32\4.9.2\include" -I"C:\Program Files (x86)\Dev-Cpp\MinGW64\lib\gcc\x86_64-w64-mingw32\4.9.2\include\c++" -L"C:\Program Files (x86)\Dev-Cpp\MinGW64\lib" -L"C:\Program Files (x86)\Dev-Cpp\MinGW64\x86_64-w64-mingw32\lib" -static-libgcc</Data></EventData></Event><Event xmlns='http://schemas.microsoft.com/win/2004/08/events/event'><System><Provider Name='Microsoft-Windows-Sysmon' Guid='{5770385f-c22a-43e0-bf4c-06f5698ffbd9}'/><EventID>1</EventID><Version>5</Version><Level>4</Level><Task>1</Task><Opcode>0</Opcode><Keywords>0x8000000000000000</Keywords><TimeCreated SystemTime='2020-05-18T07:22:32.697327100Z'/><EventRecordID>3074</EventRecordID><Correlation/><Execution ProcessID='2844' ThreadID='3992'/><Channel>Microsoft-Windows-Sysmon/Operational</Channel><Computer>DESKTOP-P84STH6</Computer><Security UserID='S-1-5-18'/></System><EventData><Data Name='RuleName'></Data><Data Name='UtcTime'>2020-05-18 07:22:32.694</Data><Data Name='ProcessGuid'>{5d3d98af-37b8-5ec2-0000-0010bca75200}</Data><Data Name='ProcessId'>6292</Data><Data Name='Image'>C:\Program Files (x86)\Dev-Cpp\MinGW64\libexec\gcc\x86_64-w64-mingw32\4.9.2\cc1plus.exe</Data><Data Name='FileVersion'>?</Data><Data Name='Description'>?</Data><Data Name='Product'>?</Data><Data Name='Company'>?</Data><Data Name='OriginalFileName'>?</Data><Data Name='CommandLine'>"C:/Program Files (x86)/Dev-Cpp/MinGW64/bin/../libexec/gcc/x86_64-w64-mingw32/4.9.2/cc1plus.exe" "-quiet" "-I" "C:\Program Files (x86)\Dev-Cpp\MinGW64\include" "-I" "C:\Program Files (x86)\Dev-Cpp\MinGW64\x86_64-w64-mingw32\include" "-I" "C:\Program Files (x86)\Dev-Cpp\MinGW64\lib\gcc\x86_64-w64-mingw32\4.9.2\include" "-I" "C:\Program Files (x86)\Dev-Cpp\MinGW64\lib\gcc\x86_64-w64-mingw32\4.9.2\include\c++" "-iprefix" "C:/Program Files (x86)/Dev-Cpp/MinGW64/bin/../lib/gcc/x86_64-w64-mingw32/4.9.2/" "-D_REENTRANT" "C:\Users\NS\Desktop\123.cpp" "-quiet" "-dumpbase" "123.cpp" "-mtune=generic" "-march=x86-64" "-auxbase" "123" "-o" "C:\Users\NS\AppData\Local\Temp\cc4O5H1Y.s"</Data><Data Name='CurrentDirectory'>C:\Users\NS\Desktop\</Data><Data Name='User'>DESKTOP-P84STH6\NS</Data><Data Name='LogonGuid'>{5d3d98af-2592-5ec2-0000-00209cfc0300}</Data><Data Name='LogonId'>0x3fc9c</Data><Data Name='TerminalSessionId'>1</Data><Data Name='IntegrityLevel'>Medium</Data><Data Name='Hashes'>MD5=B9EE0C71E5E4D9F7782DF674C3DB080B,SHA256=FAF6A0318D307137A6790787D0318D73E664189770B9F980643E8CBED5726B6B,IMPHASH=2D7BAB1D825FED300E54404334F52F62</Data><Data Name='ParentProcessGuid'>{5d3d98af-37b8-5ec2-0000-001083a35200}</Data><Data Name='ParentProcessId'>5996</Data><Data Name='ParentImage'>C:\Program Files (x86)\Dev-Cpp\MinGW64\bin\g++.exe</Data><Data Name='ParentCommandLine'>g++.exe "C:\Users\NS\Desktop\123.cpp" -o "C:\Users\NS\Desktop\123.exe"  -I"C:\Program Files (x86)\Dev-Cpp\MinGW64\include" -I"C:\Program Files (x86)\Dev-Cpp\MinGW64\x86_64-w64-mingw32\include" -I"C:\Program Files (x86)\Dev-Cpp\MinGW64\lib\gcc\x86_64-w64-mingw32\4.9.2\include" -I"C:\Program Files (x86)\Dev-Cpp\MinGW64\lib\gcc\x86_64-w64-mingw32\4.9.2\include\c++" -L"C:\Program Files (x86)\Dev-Cpp\MinGW64\lib" -L"C:\Program Files (x86)\Dev-Cpp\MinGW64\x86_64-w64-mingw32\lib" -static-libgcc</Data></EventData></Event><Event xmlns='http://schemas.microsoft.com/win/2004/08/events/event'><System><Provider Name='Microsoft-Windows-Sysmon' Guid='{5770385f-c22a-43e0-bf4c-06f5698ffbd9}'/><EventID>1</EventID><Version>5</Version><Level>4</Level><Task>1</Task><Opcode>0</Opcode><Keywords>0x8000000000000000</Keywords><TimeCreated SystemTime='2020-05-18T07:22:32.640812500Z'/><EventRecordID>3073</EventRecordID><Correlation/><Execution ProcessID='2844' ThreadID='3992'/><Channel>Microsoft-Windows-Sysmon/Operational</Channel><Computer>DESKTOP-P84STH6</Computer><Security UserID='S-1-5-18'/></System><EventData><Data Name='RuleName'></Data><Data Name='UtcTime'>2020-05-18 07:22:32.638</Data><Data Name='ProcessGuid'>{5d3d98af-37b8-5ec2-0000-001083a35200}</Data><Data Name='ProcessId'>5996</Data><Data Name='Image'>C:\Program Files (x86)\Dev-Cpp\MinGW64\bin\g++.exe</Data><Data Name='FileVersion'>?</Data><Data Name='Description'>?</Data><Data Name='Product'>?</Data><Data Name='Company'>?</Data><Data Name='OriginalFileName'>?</Data><Data Name='CommandLine'>g++.exe "C:\Users\NS\Desktop\123.cpp" -o "C:\Users\NS\Desktop\123.exe"  -I"C:\Program Files (x86)\Dev-Cpp\MinGW64\include" -I"C:\Program Files (x86)\Dev-Cpp\MinGW64\x86_64-w64-mingw32\include" -I"C:\Program Files (x86)\Dev-Cpp\MinGW64\lib\gcc\x86_64-w64-mingw32\4.9.2\include" -I"C:\Program Files (x86)\Dev-Cpp\MinGW64\lib\gcc\x86_64-w64-mingw32\4.9.2\include\c++" -L"C:\Program Files (x86)\Dev-Cpp\MinGW64\lib" -L"C:\Program Files (x86)\Dev-Cpp\MinGW64\x86_64-w64-mingw32\lib" -static-libgcc</Data><Data Name='CurrentDirectory'>C:\Users\NS\Desktop\</Data><Data Name='User'>DESKTOP-P84STH6\NS</Data><Data Name='LogonGuid'>{5d3d98af-2592-5ec2-0000-00209cfc0300}</Data><Data Name='LogonId'>0x3fc9c</Data><Data Name='TerminalSessionId'>1</Data><Data Name='IntegrityLevel'>Medium</Data><Data Name='Hashes'>MD5=AFEEC4FDB9B8D40329AD6AD4D8D41C8D,SHA256=A0BD885DA2A1A64641D84A3517A9C8C72FF5137F1ABE7F70B3A902444E25BA6F,IMPHASH=714DC860A8E1ABCB266002837F231F40</Data><Data Name='ParentProcessGuid'>{5d3d98af-2c62-5ec2-0000-0010d4c33400}</Data><Data Name='ParentProcessId'>1144</Data><Data Name='ParentImage'>C:\Program Files (x86)\Dev-Cpp\devcpp.exe</Data><Data Name='ParentCommandLine'>"C:\Program Files (x86)\Dev-Cpp\devcpp.exe" </Data></EventData></Event><Event xmlns='http://schemas.microsoft.com/win/2004/08/events/event'><System><Provider Name='Microsoft-Windows-Sysmon' Guid='{5770385f-c22a-43e0-bf4c-06f5698ffbd9}'/><EventID>1</EventID><Version>5</Version><Level>4</Level><Task>1</Task><Opcode>0</Opcode><Keywords>0x8000000000000000</Keywords><TimeCreated SystemTime='2020-05-18T07:22:27.945417700Z'/><EventRecordID>3072</EventRecordID><Correlation/><Execution ProcessID='2844' ThreadID='3992'/><Channel>Microsoft-Windows-Sysmon/Operational</Channel><Computer>DESKTOP-P84STH6</Computer><Security UserID='S-1-5-18'/></System><EventData><Data Name='RuleName'></Data><Data Name='UtcTime'>2020-05-18 07:22:27.942</Data><Data Name='ProcessGuid'>{5d3d98af-37b3-5ec2-0000-001010905200}</Data><Data Name='ProcessId'>908</Data><Data Name='Image'>C:\Program Files (x86)\Dev-Cpp\MinGW64\libexec\gcc\x86_64-w64-mingw32\4.9.2\cc1plus.exe</Data><Data Name='FileVersion'>?</Data><Data Name='Description'>?</Data><Data Name='Product'>?</Data><Data Name='Company'>?</Data><Data Name='OriginalFileName'>?</Data><Data Name='CommandLine'>"C:/Program Files (x86)/Dev-Cpp/MinGW64/bin/../libexec/gcc/x86_64-w64-mingw32/4.9.2/cc1plus.exe" "-quiet" "-I" "C:\Program Files (x86)\Dev-Cpp\MinGW64\include" "-I" "C:\Program Files (x86)\Dev-Cpp\MinGW64\x86_64-w64-mingw32\include" "-I" "C:\Program Files (x86)\Dev-Cpp\MinGW64\lib\gcc\x86_64-w64-mingw32\4.9.2\include" "-I" "C:\Program Files (x86)\Dev-Cpp\MinGW64\lib\gcc\x86_64-w64-mingw32\4.9.2\include\c++" "-iprefix" "C:/Program Files (x86)/Dev-Cpp/MinGW64/bin/../lib/gcc/x86_64-w64-mingw32/4.9.2/" "-D_REENTRANT" "C:\Users\NS\Desktop\123.cpp" "-quiet" "-dumpbase" "123.cpp" "-mtune=generic" "-march=x86-64" "-auxbase" "123" "-o" "C:\Users\NS\AppData\Local\Temp\ccleqnXd.s"</Data><Data Name='CurrentDirectory'>C:\Users\NS\Desktop\</Data><Data Name='User'>DESKTOP-P84STH6\NS</Data><Data Name='LogonGuid'>{5d3d98af-2592-5ec2-0000-00209cfc0300}</Data><Data Name='LogonId'>0x3fc9c</Data><Data Name='TerminalSessionId'>1</Data><Data Name='IntegrityLevel'>Medium</Data><Data Name='Hashes'>MD5=B9EE0C71E5E4D9F7782DF674C3DB080B,SHA256=FAF6A0318D307137A6790787D0318D73E664189770B9F980643E8CBED5726B6B,IMPHASH=2D7BAB1D825FED300E54404334F52F62</Data><Data Name='ParentProcessGuid'>{5d3d98af-37b3-5ec2-0000-0010e28a5200}</Data><Data Name='ParentProcessId'>2424</Data><Data Name='ParentImage'>C:\Program Files (x86)\Dev-Cpp\MinGW64\bin\g++.exe</Data><Data Name='ParentCommandLine'>g++.exe "C:\Users\NS\Desktop\123.cpp" -o "C:\Users\NS\Desktop\123.exe"  -I"C:\Program Files (x86)\Dev-Cpp\MinGW64\include" -I"C:\Program Files (x86)\Dev-Cpp\MinGW64\x86_64-w64-mingw32\include" -I"C:\Program Files (x86)\Dev-Cpp\MinGW64\lib\gcc\x86_64-w64-mingw32\4.9.2\include" -I"C:\Program Files (x86)\Dev-Cpp\MinGW64\lib\gcc\x86_64-w64-mingw32\4.9.2\include\c++" -L"C:\Program Files (x86)\Dev-Cpp\MinGW64\lib" -L"C:\Program Files (x86)\Dev-Cpp\MinGW64\x86_64-w64-mingw32\lib" -static-libgcc</Data></EventData></Event><Event xmlns='http://schemas.microsoft.com/win/2004/08/events/event'><System><Provider Name='Microsoft-Windows-Sysmon' Guid='{5770385f-c22a-43e0-bf4c-06f5698ffbd9}'/><EventID>1</EventID><Version>5</Version><Level>4</Level><Task>1</Task><Opcode>0</Opcode><Keywords>0x8000000000000000</Keywords><TimeCreated SystemTime='2020-05-18T07:22:27.885546200Z'/><EventRecordID>3071</EventRecordID><Correlation/><Execution ProcessID='2844' ThreadID='3992'/><Channel>Microsoft-Windows-Sysmon/Operational</Channel><Computer>DESKTOP-P84STH6</Computer><Security UserID='S-1-5-18'/></System><EventData><Data Name='RuleName'></Data><Data Name='UtcTime'>2020-05-18 07:22:27.882</Data><Data Name='ProcessGuid'>{5d3d98af-37b3-5ec2-0000-0010e28a5200}</Data><Data Name='ProcessId'>2424</Data><Data Name='Image'>C:\Program Files (x86)\Dev-Cpp\MinGW64\bin\g++.exe</Data><Data Name='FileVersion'>?</Data><Data Name='Description'>?</Data><Data Name='Product'>?</Data><Data Name='Company'>?</Data><Data Name='OriginalFileName'>?</Data><Data Name='CommandLine'>g++.exe "C:\Users\NS\Desktop\123.cpp" -o "C:\Users\NS\Desktop\123.exe"  -I"C:\Program Files (x86)\Dev-Cpp\MinGW64\include" -I"C:\Program Files (x86)\Dev-Cpp\MinGW64\x86_64-w64-mingw32\include" -I"C:\Program Files (x86)\Dev-Cpp\MinGW64\lib\gcc\x86_64-w64-mingw32\4.9.2\include" -I"C:\Program Files (x86)\Dev-Cpp\MinGW64\lib\gcc\x86_64-w64-mingw32\4.9.2\include\c++" -L"C:\Program Files (x86)\Dev-Cpp\MinGW64\lib" -L"C:\Program Files (x86)\Dev-Cpp\MinGW64\x86_64-w64-mingw32\lib" -static-libgcc</Data><Data Name='CurrentDirectory'>C:\Users\NS\Desktop\</Data><Data Name='User'>DESKTOP-P84STH6\NS</Data><Data Name='LogonGuid'>{5d3d98af-2592-5ec2-0000-00209cfc0300}</Data><Data Name='LogonId'>0x3fc9c</Data><Data Name='TerminalSessionId'>1</Data><Data Name='IntegrityLevel'>Medium</Data><Data Name='Hashes'>MD5=AFEEC4FDB9B8D40329AD6AD4D8D41C8D,SHA256=A0BD885DA2A1A64641D84A3517A9C8C72FF5137F1ABE7F70B3A902444E25BA6F,IMPHASH=714DC860A8E1ABCB266002837F231F40</Data><Data Name='ParentProcessGuid'>{5d3d98af-2c62-5ec2-0000-0010d4c33400}</Data><Data Name='ParentProcessId'>1144</Data><Data Name='ParentImage'>C:\Program Files (x86)\Dev-Cpp\devcpp.exe</Data><Data Name='ParentCommandLine'>"C:\Program Files (x86)\Dev-Cpp\devcpp.exe" </Data></EventData></Event><Event xmlns='http://schemas.microsoft.com/win/2004/08/events/event'><System><Provider Name='Microsoft-Windows-Sysmon' Guid='{5770385f-c22a-43e0-bf4c-06f5698ffbd9}'/><EventID>22</EventID><Version>5</Version><Level>4</Level><Task>22</Task><Opcode>0</Opcode><Keywords>0x8000000000000000</Keywords><TimeCreated SystemTime='2020-05-18T07:21:59.285906000Z'/><EventRecordID>3070</EventRecordID><Correlation/><Execution ProcessID='2844' ThreadID='3988'/><Channel>Microsoft-Windows-Sysmon/Operational</Channel><Computer>DESKTOP-P84STH6</Computer><Security UserID='S-1-5-18'/></System><EventData><Data Name='RuleName'></Data><Data Name='UtcTime'>2020-05-18 07:21:55.620</Data><Data Name='ProcessGuid'>{5d3d98af-2977-5ec2-0000-0010c6e72b00}</Data><Data Name='ProcessId'>3160</Data><Data Name='QueryName'>www.youtube.com</Data><Data Name='QueryStatus'>0</Data><Data Name='QueryResults'>type:  5 youtube-ui.l.google.com;216.58.200.46;172.217.160.78;216.58.200.238;172.217.27.142;172.217.160.110;172.217.24.14;</Data><Data Name='Image'>C:\Program Files (x86)\Google\Chrome\Application\chrome.exe</Data></EventData></Event><Event xmlns='http://schemas.microsoft.com/win/2004/08/events/event'><System><Provider Name='Microsoft-Windows-Sysmon' Guid='{5770385f-c22a-43e0-bf4c-06f5698ffbd9}'/><EventID>1</EventID><Version>5</Version><Level>4</Level><Task>1</Task><Opcode>0</Opcode><Keywords>0x8000000000000000</Keywords><TimeCreated SystemTime='2020-05-18T07:21:15.471717000Z'/><EventRecordID>3069</EventRecordID><Correlation/><Execution ProcessID='2844' ThreadID='3992'/><Channel>Microsoft-Windows-Sysmon/Operational</Channel><Computer>DESKTOP-P84STH6</Computer><Security UserID='S-1-5-18'/></System><EventData><Data Name='RuleName'></Data><Data Name='UtcTime'>2020-05-18 07:21:15.469</Data><Data Name='ProcessGuid'>{5d3d98af-376b-5ec2-0000-001038fe5100}</Data><Data Name='ProcessId'>5208</Data><Data Name='Image'>C:\Windows\SysWOW64\cmd.exe</Data><Data Name='FileVersion'>10.0.18362.1 (WinBuild.160101.0800)</Data><Data Name='Description'>Windows Command Processor</Data><Data Name='Product'>Microsoft® Windows® Operating System</Data><Data Name='Company'>Microsoft Corporation</Data><Data Name='OriginalFileName'>Cmd.Exe</Data><Data Name='CommandLine'>C:\Windows\system32\cmd.exe /c pause</Data><Data Name='CurrentDirectory'>C:\Users\NS\Desktop\</Data><Data Name='User'>DESKTOP-P84STH6\NS</Data><Data Name='LogonGuid'>{5d3d98af-2592-5ec2-0000-00209cfc0300}</Data><Data Name='LogonId'>0x3fc9c</Data><Data Name='TerminalSessionId'>1</Data><Data Name='IntegrityLevel'>Medium</Data><Data Name='Hashes'>MD5=4943BA1A9B41D69643F69685E35B2943,SHA256=6AEEA6272E1C304D1B8907B9258513AA27CF2F35F10B76365CA8567CABB70459,IMPHASH=392B4D61B1D1DADC1F06444DF258188A</Data><Data Name='ParentProcessGuid'>{5d3d98af-3765-5ec2-0000-00100fc95100}</Data><Data Name='ParentProcessId'>1396</Data><Data Name='ParentImage'>C:\Program Files (x86)\Dev-Cpp\ConsolePauser.exe</Data><Data Name='ParentCommandLine'>"C:\Program Files (x86)\Dev-Cpp\ConsolePauser.exe" "C:\Users\NS\Desktop\123.exe" </Data></EventData></Event><Event xmlns='http://schemas.microsoft.com/win/2004/08/events/event'><System><Provider Name='Microsoft-Windows-Sysmon' Guid='{5770385f-c22a-43e0-bf4c-06f5698ffbd9}'/><EventID>5</EventID><Version>3</Version><Level>4</Level><Task>5</Task><Opcode>0</Opcode><Keywords>0x8000000000000000</Keywords><TimeCreated SystemTime='2020-05-18T07:21:15.457188900Z'/><EventRecordID>3068</EventRecordID><Correlation/><Execution ProcessID='2844' ThreadID='3992'/><Channel>Microsoft-Windows-Sysmon/Operational</Channel><Computer>DESKTOP-P84STH6</Computer><Security UserID='S-1-5-18'/></System><EventData><Data Name='RuleName'></Data><Data Name='UtcTime'>2020-05-18 07:21:15.456</Data><Data Name='ProcessGuid'>{5d3d98af-3765-5ec2-0000-001010e15100}</Data><Data Name='ProcessId'>3792</Data><Data Name='Image'>C:\Users\NS\Desktop\123.exe</Data></EventData></Event><Event xmlns='http://schemas.microsoft.com/win/2004/08/events/event'><System><Provider Name='Microsoft-Windows-Sysmon' Guid='{5770385f-c22a-43e0-bf4c-06f5698ffbd9}'/><EventID>1</EventID><Version>5</Version><Level>4</Level><Task>1</Task><Opcode>0</Opcode><Keywords>0x8000000000000000</Keywords><TimeCreated SystemTime='2020-05-18T07:21:09.239032200Z'/><EventRecordID>3067</EventRecordID><Correlation/><Execution ProcessID='2844' ThreadID='3992'/><Channel>Microsoft-Windows-Sysmon/Operational</Channel><Computer>DESKTOP-P84STH6</Computer><Security UserID='S-1-5-18'/></System><EventData><Data Name='RuleName'></Data><Data Name='UtcTime'>2020-05-18 07:21:09.221</Data><Data Name='ProcessGuid'>{5d3d98af-3765-5ec2-0000-001010e15100}</Data><Data Name='ProcessId'>3792</Data><Data Name='Image'>C:\Users\NS\Desktop\123.exe</Data><Data Name='FileVersion'>?</Data><Data Name='Description'>?</Data><Data Name='Product'>?</Data><Data Name='Company'>?</Data><Data Name='OriginalFileName'>?</Data><Data Name='CommandLine'>C:\Users\NS\Desktop\123.exe</Data><Data Name='CurrentDirectory'>C:\Users\NS\Desktop\</Data><Data Name='User'>DESKTOP-P84STH6\NS</Data><Data Name='LogonGuid'>{5d3d98af-2592-5ec2-0000-00209cfc0300}</Data><Data Name='LogonId'>0x3fc9c</Data><Data Name='TerminalSessionId'>1</Data><Data Name='IntegrityLevel'>Medium</Data><Data Name='Hashes'>MD5=F57A9399EA4F6E24F5A6B617BB8E3778,SHA256=46DD52DE8073AA05A6C58984870C0B0A0CAF4FC6DCADE76808C619C012C0018D,IMPHASH=5CE0188D2869DBC82465FA939585958E</Data><Data Name='ParentProcessGuid'>{5d3d98af-3765-5ec2-0000-00100fc95100}</Data><Data Name='ParentProcessId'>1396</Data><Data Name='ParentImage'>C:\Program Files (x86)\Dev-Cpp\ConsolePauser.exe</Data><Data Name='ParentCommandLine'>"C:\Program Files (x86)\Dev-Cpp\ConsolePauser.exe" "C:\Users\NS\Desktop\123.exe" </Data></EventData></Event><Event xmlns='http://schemas.microsoft.com/win/2004/08/events/event'><System><Provider Name='Microsoft-Windows-Sysmon' Guid='{5770385f-c22a-43e0-bf4c-06f5698ffbd9}'/><EventID>1</EventID><Version>5</Version><Level>4</Level><Task>1</Task><Opcode>0</Opcode><Keywords>0x8000000000000000</Keywords><TimeCreated SystemTime='2020-05-18T07:21:09.080467400Z'/><EventRecordID>3066</EventRecordID><Correlation/><Execution ProcessID='2844' ThreadID='3992'/><Channel>Microsoft-Windows-Sysmon/Operational</Channel><Computer>DESKTOP-P84STH6</Computer><Security UserID='S-1-5-18'/></System><EventData><Data Name='RuleName'></Data><Data Name='UtcTime'>2020-05-18 07:21:09.077</Data><Data Name='ProcessGuid'>{5d3d98af-3765-5ec2-0000-00100fc95100}</Data><Data Name='ProcessId'>1396</Data><Data Name='Image'>C:\Program Files (x86)\Dev-Cpp\ConsolePauser.exe</Data><Data Name='FileVersion'>?</Data><Data Name='Description'>?</Data><Data Name='Product'>?</Data><Data Name='Company'>?</Data><Data Name='OriginalFileName'>?</Data><Data Name='CommandLine'>"C:\Program Files (x86)\Dev-Cpp\ConsolePauser.exe" "C:\Users\NS\Desktop\123.exe" </Data><Data Name='CurrentDirectory'>C:\Users\NS\Desktop\</Data><Data Name='User'>DESKTOP-P84STH6\NS</Data><Data Name='LogonGuid'>{5d3d98af-2592-5ec2-0000-00209cfc0300}</Data><Data Name='LogonId'>0x3fc9c</Data><Data Name='TerminalSessionId'>1</Data><Data Name='IntegrityLevel'>Medium</Data><Data Name='Hashes'>MD5=59584636ADBEA41CA434D5D0594E6A75,SHA256=F04E5F949AE3B2B2882380F9B6D1F111891E5EA15FEF560BE9D13F39DC3A0B11,IMPHASH=C3B1A0A19A6F4E6177B2B8DB7F5A7930</Data><Data Name='ParentProcessGuid'>{5d3d98af-2c62-5ec2-0000-0010d4c33400}</Data><Data Name='ParentProcessId'>1144</Data><Data Name='ParentImage'>C:\Program Files (x86)\Dev-Cpp\devcpp.exe</Data><Data Name='ParentCommandLine'>"C:\Program Files (x86)\Dev-Cpp\devcpp.exe" </Data></EventData></Event><Event xmlns='http://schemas.microsoft.com/win/2004/08/events/event'><System><Provider Name='Microsoft-Windows-Sysmon' Guid='{5770385f-c22a-43e0-bf4c-06f5698ffbd9}'/><EventID>1</EventID><Version>5</Version><Level>4</Level><Task>1</Task><Opcode>0</Opcode><Keywords>0x8000000000000000</Keywords><TimeCreated SystemTime='2020-05-18T07:21:09.006401300Z'/><EventRecordID>3065</EventRecordID><Correlation/><Execution ProcessID='2844' ThreadID='3992'/><Channel>Microsoft-Windows-Sysmon/Operational</Channel><Computer>DESKTOP-P84STH6</Computer><Security UserID='S-1-5-18'/></System><EventData><Data Name='RuleName'></Data><Data Name='UtcTime'>2020-05-18 07:21:09.002</Data><Data Name='ProcessGuid'>{5d3d98af-3765-5ec2-0000-00102ac25100}</Data><Data Name='ProcessId'>2404</Data><Data Name='Image'>C:\Windows\System32\sc.exe</Data><Data Name='FileVersion'>10.0.18362.1 (WinBuild.160101.0800)</Data><Data Name='Description'>Service Control Manager Configuration Tool</Data><Data Name='Product'>Microsoft® Windows® Operating System</Data><Data Name='Company'>Microsoft Corporation</Data><Data Name='OriginalFileName'>sc.exe</Data><Data Name='CommandLine'>C:\Windows\system32\sc.exe start wuauserv</Data><Data Name='CurrentDirectory'>C:\Windows\system32\</Data><Data Name='User'>NT AUTHORITY\SYSTEM</Data><Data Name='LogonGuid'>{5d3d98af-2583-5ec2-0000-0020e7030000}</Data><Data Name='LogonId'>0x3e7</Data><Data Name='TerminalSessionId'>0</Data><Data Name='IntegrityLevel'>System</Data><Data Name='Hashes'>MD5=E46C638010C25479F66BACBE8596CA76,SHA256=39C59C362649090B4D34E5C8221C6E86552C07FE2DF3478D591A68B70917BC0A,IMPHASH=35A7FFDE18D444A92D32C8B2879450FF</Data><Data Name='ParentProcessGuid'>{5d3d98af-2584-5ec2-0000-00102cd20000}</Data><Data Name='ParentProcessId'>1040</Data><Data Name='ParentImage'>C:\Windows\System32\svchost.exe</Data><Data Name='ParentCommandLine'>C:\Windows\system32\svchost.exe -k netsvcs -p -s Schedule</Data></EventData></Event><Event xmlns='http://schemas.microsoft.com/win/2004/08/events/event'><System><Provider Name='Microsoft-Windows-Sysmon' Guid='{5770385f-c22a-43e0-bf4c-06f5698ffbd9}'/><EventID>11</EventID><Version>2</Version><Level>4</Level><Task>11</Task><Opcode>0</Opcode><Keywords>0x8000000000000000</Keywords><TimeCreated SystemTime='2020-05-18T07:21:07.237047500Z'/><EventRecordID>3064</EventRecordID><Correlation/><Execution ProcessID='2844' ThreadID='3992'/><Channel>Microsoft-Windows-Sysmon/Operational</Channel><Computer>DESKTOP-P84STH6</Computer><Security UserID='S-1-5-18'/></System><EventData><Data Name='RuleName'>EXE</Data><Data Name='UtcTime'>2020-05-18 07:21:07.235</Data><Data Name='ProcessGuid'>{5d3d98af-3763-5ec2-0000-0010e6b85100}</Data><Data Name='ProcessId'>8184</Data><Data Name='Image'>C:\Program Files (x86)\Dev-Cpp\MinGW64\bin\..\lib\gcc\x86_64-w64-mingw32\4.9.2\..\..\..\..\x86_64-w64-mingw32\bin\ld.exe</Data><Data Name='TargetFilename'>C:\Users\NS\Desktop\123.exe</Data><Data Name='CreationUtcTime'>2020-05-18 06:52:01.832</Data></EventData></Event><Event xmlns='http://schemas.microsoft.com/win/2004/08/events/event'><System><Provider Name='Microsoft-Windows-Sysmon' Guid='{5770385f-c22a-43e0-bf4c-06f5698ffbd9}'/><EventID>1</EventID><Version>5</Version><Level>4</Level><Task>1</Task><Opcode>0</Opcode><Keywords>0x8000000000000000</Keywords><TimeCreated SystemTime='2020-05-18T07:21:07.221404800Z'/><EventRecordID>3063</EventRecordID><Correlation/><Execution ProcessID='2844' ThreadID='3992'/><Channel>Microsoft-Windows-Sysmon/Operational</Channel><Computer>DESKTOP-P84STH6</Computer><Security UserID='S-1-5-18'/></System><EventData><Data Name='RuleName'></Data><Data Name='UtcTime'>2020-05-18 07:21:07.219</Data><Data Name='ProcessGuid'>{5d3d98af-3763-5ec2-0000-0010e6b85100}</Data><Data Name='ProcessId'>8184</Data><Data Name='Image'>C:\Program Files (x86)\Dev-Cpp\MinGW64\x86_64-w64-mingw32\bin\ld.exe</Data><Data Name='FileVersion'>?</Data><Data Name='Description'>?</Data><Data Name='Product'>?</Data><Data Name='Company'>?</Data><Data Name='OriginalFileName'>?</Data><Data Name='CommandLine'>"C:/Program Files (x86)/Dev-Cpp/MinGW64/bin/../lib/gcc/x86_64-w64-mingw32/4.9.2/../../../../x86_64-w64-mingw32/bin/ld.exe" "-plugin" "C:/Program Files (x86)/Dev-Cpp/MinGW64/bin/../libexec/gcc/x86_64-w64-mingw32/4.9.2/liblto_plugin-0.dll" "-plugin-opt=C:/Program Files (x86)/Dev-Cpp/MinGW64/bin/../libexec/gcc/x86_64-w64-mingw32/4.9.2/lto-wrapper.exe" "-plugin-opt=-fresolution=C:\Users\NS\AppData\Local\Temp\ccWIHZXE.res" "-plugin-opt=-pass-through=-lmingw32" "-plugin-opt=-pass-through=-lgcc" "-plugin-opt=-pass-through=-lmoldname" "-plugin-opt=-pass-through=-lmingwex" "-plugin-opt=-pass-through=-lmsvcrt" "-plugin-opt=-pass-through=-lpthread" "-plugin-opt=-pass-through=-ladvapi32" "-plugin-opt=-pass-through=-lshell32" "-plugin-opt=-pass-through=-luser32" "-plugin-opt=-pass-through=-lkernel32" "-plugin-opt=-pass-through=-lmingw32" "-plugin-opt=-pass-through=-lgcc" "-plugin-opt=-pass-through=-lmoldname" "-plugin-opt=-pass-through=-lmingwex" "-plugin-opt=-pass-through=-lmsvcrt" "-m" "i386pep" "--exclude-libs=libpthread.a" "-Bdynamic" "-o" "C:\Users\NS\Desktop\123.exe" "C:/Program Files (x86)/Dev-Cpp/MinGW64/bin/../lib/gcc/x86_64-w64-mingw32/4.9.2/../../../../x86_64-w64-mingw32/lib/../lib/crt2.o" "C:/Program Files (x86)/Dev-Cpp/MinGW64/bin/../lib/gcc/x86_64-w64-mingw32/4.9.2/../../../../x86_64-w64-mingw32/lib/../lib/crtbegin.o" "-LC:\Program Files (x86)\Dev-Cpp\MinGW64\lib" "-LC:\Program Files (x86)\Dev-Cpp\MinGW64\x86_64-w64-mingw32\lib" "-LC:/Program Files (x86)/Dev-Cpp/MinGW64/bin/../lib/gcc/x86_64-w64-mingw32/4.9.2" "-LC:/Program Files (x86)/Dev-Cpp/MinGW64/bin/../lib/gcc" "-LC:/Program Files (x86)/Dev-Cpp/MinGW64/bin/../lib/gcc/x86_64-w64-mingw32/4.9.2/../../../../x86_64-w64-mingw32/lib/../lib" "-LC:/Program Files (x86)/Dev-Cpp/MinGW64/bin/../lib/gcc/x86_64-w64-mingw32/4.9.2/../../../../lib" "-LC:/Program Files (x86)/Dev-Cpp/MinGW64/bin/../lib/gcc/x86_64-w64-mingw32/4.9.2/../../../../x86_64-w64-mingw32/lib" "-LC:/Program Files (x86)/Dev-Cpp/MinGW64/bin/../lib/gcc/x86_64-w64-mingw32/4.9.2/../../.." "C:\Users\NS\AppData\Local\Temp\ccX8L1As.o" "-Bstatic" "-lstdc++" "-Bdynamic" "-lmingw32" "-lgcc" "-lmoldname" "-lmingwex" "-lmsvcrt" "-lpthread" "-ladvapi32" "-lshell32" "-luser32" "-lkernel32" "-lmingw32" "-lgcc" "-lmoldname" "-lmingwex" "-lmsvcrt" "C:/Program Files (x86)/Dev-Cpp/MinGW64/bin/../lib/gcc/x86_64-w64-mingw32/4.9.2/../../../../x86_64-w64-mingw32/lib/../lib/crtend.o"</Data><Data Name='CurrentDirectory'>C:\Users\NS\Desktop\</Data><Data Name='User'>DESKTOP-P84STH6\NS</Data><Data Name='LogonGuid'>{5d3d98af-2592-5ec2-0000-00209cfc0300}</Data><Data Name='LogonId'>0x3fc9c</Data><Data Name='TerminalSessionId'>1</Data><Data Name='IntegrityLevel'>Medium</Data><Data Name='Hashes'>MD5=51B0EE90FFE28E76B7DAEC2F19613A33,SHA256=54F34CEBDAC8DAA3526FB6AC8212D972C4333423FB9B1045F640C07AAE768807,IMPHASH=57A9BD1C3468508C6D4C9D1A0AEEB961</Data><Data Name='ParentProcessGuid'>{5d3d98af-3763-5ec2-0000-001032b65100}</Data><Data Name='ParentProcessId'>392</Data><Data Name='ParentImage'>C:\Program Files (x86)\Dev-Cpp\MinGW64\libexec\gcc\x86_64-w64-mingw32\4.9.2\collect2.exe</Data><Data Name='ParentCommandLine'>"C:/Program Files (x86)/Dev-Cpp/MinGW64/bin/../libexec/gcc/x86_64-w64-mingw32/4.9.2/collect2.exe" "-plugin" "C:/Program Files (x86)/Dev-Cpp/MinGW64/bin/../libexec/gcc/x86_64-w64-mingw32/4.9.2/liblto_plugin-0.dll" "-plugin-opt=C:/Program Files (x86)/Dev-Cpp/MinGW64/bin/../libexec/gcc/x86_64-w64-mingw32/4.9.2/lto-wrapper.exe" "-plugin-opt=-fresolution=C:\Users\NS\AppData\Local\Temp\ccWIHZXE.res" "-plugin-opt=-pass-through=-lmingw32" "-plugin-opt=-pass-through=-lgcc" "-plugin-opt=-pass-through=-lmoldname" "-plugin-opt=-pass-through=-lmingwex" "-plugin-opt=-pass-through=-lmsvcrt" "-plugin-opt=-pass-through=-lpthread" "-plugin-opt=-pass-through=-ladvapi32" "-plugin-opt=-pass-through=-lshell32" "-plugin-opt=-pass-through=-luser32" "-plugin-opt=-pass-through=-lkernel32" "-plugin-opt=-pass-through=-lmingw32" "-plugin-opt=-pass-through=-lgcc" "-plugin-opt=-pass-through=-lmoldname" "-plugin-opt=-pass-through=-lmingwex" "-plugin-opt=-pass-through=-lmsvcrt" "-m" "i386pep" "--exclude-libs=libpthread.a" "-Bdynamic" "-o" "C:\Users\NS\Desktop\123.exe" "C:/Program Files (x86)/Dev-Cpp/MinGW64/bin/../lib/gcc/x86_64-w64-mingw32/4.9.2/../../../../x86_64-w64-mingw32/lib/../lib/crt2.o" "C:/Program Files (x86)/Dev-Cpp/MinGW64/bin/../lib/gcc/x86_64-w64-mingw32/4.9.2/../../../../x86_64-w64-mingw32/lib/../lib/crtbegin.o" "-LC:\Program Files (x86)\Dev-Cpp\MinGW64\lib" "-LC:\Program Files (x86)\Dev-Cpp\MinGW64\x86_64-w64-mingw32\lib" "-LC:/Program Files (x86)/Dev-Cpp/MinGW64/bin/../lib/gcc/x86_64-w64-mingw32/4.9.2" "-LC:/Program Files (x86)/Dev-Cpp/MinGW64/bin/../lib/gcc" "-LC:/Program Files (x86)/Dev-Cpp/MinGW64/bin/../lib/gcc/x86_64-w64-mingw32/4.9.2/../../../../x86_64-w64-mingw32/lib/../lib" "-LC:/Program Files (x86)/Dev-Cpp/MinGW64/bin/../lib/gcc/x86_64-w64-mingw32/4.9.2/../../../../lib" "-LC:/Program Files (x86)/Dev-Cpp/MinGW64/bin/../lib/gcc/x86_64-w64-mingw32/4.9.2/../../../../x86_64-w64-mingw32/lib" "-LC:/Program Files (x86)/Dev-Cpp/MinGW64/bin/../lib/gcc/x86_64-w64-mingw32/4.9.2/../../.." "C:\Users\NS\AppData\Local\Temp\ccX8L1As.o" "-Bstatic" "-lstdc++" "-Bdynamic" "-lmingw32" "-lgcc" "-lmoldname" "-lmingwex" "-lmsvcrt" "-lpthread" "-ladvapi32" "-lshell32" "-luser32" "-lkernel32" "-lmingw32" "-lgcc" "-lmoldname" "-lmingwex" "-lmsvcrt" "C:/Program Files (x86)/Dev-Cpp/MinGW64/bin/../lib/gcc/x86_64-w64-mingw32/4.9.2/../../../../x86_64-w64-mingw32/lib/../lib/crtend.o"</Data></EventData></Event><Event xmlns='http://schemas.microsoft.com/win/2004/08/events/event'><System><Provider Name='Microsoft-Windows-Sysmon' Guid='{5770385f-c22a-43e0-bf4c-06f5698ffbd9}'/><EventID>1</EventID><Version>5</Version><Level>4</Level><Task>1</Task><Opcode>0</Opcode><Keywords>0x8000000000000000</Keywords><TimeCreated SystemTime='2020-05-18T07:21:07.201265300Z'/><EventRecordID>3062</EventRecordID><Correlation/><Execution ProcessID='2844' ThreadID='3992'/><Channel>Microsoft-Windows-Sysmon/Operational</Channel><Computer>DESKTOP-P84STH6</Computer><Security UserID='S-1-5-18'/></System><EventData><Data Name='RuleName'></Data><Data Name='UtcTime'>2020-05-18 07:21:07.198</Data><Data Name='ProcessGuid'>{5d3d98af-3763-5ec2-0000-001032b65100}</Data><Data Name='ProcessId'>392</Data><Data Name='Image'>C:\Program Files (x86)\Dev-Cpp\MinGW64\libexec\gcc\x86_64-w64-mingw32\4.9.2\collect2.exe</Data><Data Name='FileVersion'>?</Data><Data Name='Description'>?</Data><Data Name='Product'>?</Data><Data Name='Company'>?</Data><Data Name='OriginalFileName'>?</Data><Data Name='CommandLine'>"C:/Program Files (x86)/Dev-Cpp/MinGW64/bin/../libexec/gcc/x86_64-w64-mingw32/4.9.2/collect2.exe" "-plugin" "C:/Program Files (x86)/Dev-Cpp/MinGW64/bin/../libexec/gcc/x86_64-w64-mingw32/4.9.2/liblto_plugin-0.dll" "-plugin-opt=C:/Program Files (x86)/Dev-Cpp/MinGW64/bin/../libexec/gcc/x86_64-w64-mingw32/4.9.2/lto-wrapper.exe" "-plugin-opt=-fresolution=C:\Users\NS\AppData\Local\Temp\ccWIHZXE.res" "-plugin-opt=-pass-through=-lmingw32" "-plugin-opt=-pass-through=-lgcc" "-plugin-opt=-pass-through=-lmoldname" "-plugin-opt=-pass-through=-lmingwex" "-plugin-opt=-pass-through=-lmsvcrt" "-plugin-opt=-pass-through=-lpthread" "-plugin-opt=-pass-through=-ladvapi32" "-plugin-opt=-pass-through=-lshell32" "-plugin-opt=-pass-through=-luser32" "-plugin-opt=-pass-through=-lkernel32" "-plugin-opt=-pass-through=-lmingw32" "-plugin-opt=-pass-through=-lgcc" "-plugin-opt=-pass-through=-lmoldname" "-plugin-opt=-pass-through=-lmingwex" "-plugin-opt=-pass-through=-lmsvcrt" "-m" "i386pep" "--exclude-libs=libpthread.a" "-Bdynamic" "-o" "C:\Users\NS\Desktop\123.exe" "C:/Program Files (x86)/Dev-Cpp/MinGW64/bin/../lib/gcc/x86_64-w64-mingw32/4.9.2/../../../../x86_64-w64-mingw32/lib/../lib/crt2.o" "C:/Program Files (x86)/Dev-Cpp/MinGW64/bin/../lib/gcc/x86_64-w64-mingw32/4.9.2/../../../../x86_64-w64-mingw32/lib/../lib/crtbegin.o" "-LC:\Program Files (x86)\Dev-Cpp\MinGW64\lib" "-LC:\Program Files (x86)\Dev-Cpp\MinGW64\x86_64-w64-mingw32\lib" "-LC:/Program Files (x86)/Dev-Cpp/MinGW64/bin/../lib/gcc/x86_64-w64-mingw32/4.9.2" "-LC:/Program Files (x86)/Dev-Cpp/MinGW64/bin/../lib/gcc" "-LC:/Program Files (x86)/Dev-Cpp/MinGW64/bin/../lib/gcc/x86_64-w64-mingw32/4.9.2/../../../../x86_64-w64-mingw32/lib/../lib" "-LC:/Program Files (x86)/Dev-Cpp/MinGW64/bin/../lib/gcc/x86_64-w64-mingw32/4.9.2/../../../../lib" "-LC:/Program Files (x86)/Dev-Cpp/MinGW64/bin/../lib/gcc/x86_64-w64-mingw32/4.9.2/../../../../x86_64-w64-mingw32/lib" "-LC:/Program Files (x86)/Dev-Cpp/MinGW64/bin/../lib/gcc/x86_64-w64-mingw32/4.9.2/../../.." "C:\Users\NS\AppData\Local\Temp\ccX8L1As.o" "-Bstatic" "-lstdc++" "-Bdynamic" "-lmingw32" "-lgcc" "-lmoldname" "-lmingwex" "-lmsvcrt" "-lpthread" "-ladvapi32" "-lshell32" "-luser32" "-lkernel32" "-lmingw32" "-lgcc" "-lmoldname" "-lmingwex" "-lmsvcrt" "C:/Program Files (x86)/Dev-Cpp/MinGW64/bin/../lib/gcc/x86_64-w64-mingw32/4.9.2/../../../../x86_64-w64-mingw32/lib/../lib/crtend.o"</Data><Data Name='CurrentDirectory'>C:\Users\NS\Desktop\</Data><Data Name='User'>DESKTOP-P84STH6\NS</Data><Data Name='LogonGuid'>{5d3d98af-2592-5ec2-0000-00209cfc0300}</Data><Data Name='LogonId'>0x3fc9c</Data><Data Name='TerminalSessionId'>1</Data><Data Name='IntegrityLevel'>Medium</Data><Data Name='Hashes'>MD5=54BFCED9449A80338757DFD5FAE78E46,SHA256=7BB3D84DE74BC8339BF2B185F630C40A57181B5786723E9B6F03D295F5E546E3,IMPHASH=451FFA25CE7F1DAEDE896E825B686A9A</Data><Data Name='ParentProcessGuid'>{5d3d98af-3762-5ec2-0000-001026a85100}</Data><Data Name='ParentProcessId'>6336</Data><Data Name='ParentImage'>C:\Program Files (x86)\Dev-Cpp\MinGW64\bin\g++.exe</Data><Data Name='ParentCommandLine'>g++.exe "C:\Users\NS\Desktop\123.cpp" -o "C:\Users\NS\Desktop\123.exe"  -I"C:\Program Files (x86)\Dev-Cpp\MinGW64\include" -I"C:\Program Files (x86)\Dev-Cpp\MinGW64\x86_64-w64-mingw32\include" -I"C:\Program Files (x86)\Dev-Cpp\MinGW64\lib\gcc\x86_64-w64-mingw32\4.9.2\include" -I"C:\Program Files (x86)\Dev-Cpp\MinGW64\lib\gcc\x86_64-w64-mingw32\4.9.2\include\c++" -L"C:\Program Files (x86)\Dev-Cpp\MinGW64\lib" -L"C:\Program Files (x86)\Dev-Cpp\MinGW64\x86_64-w64-mingw32\lib" -static-libgcc</Data></EventData></Event><Event xmlns='http://schemas.microsoft.com/win/2004/08/events/event'><System><Provider Name='Microsoft-Windows-Sysmon' Guid='{5770385f-c22a-43e0-bf4c-06f5698ffbd9}'/><EventID>1</EventID><Version>5</Version><Level>4</Level><Task>1</Task><Opcode>0</Opcode><Keywords>0x8000000000000000</Keywords><TimeCreated SystemTime='2020-05-18T07:21:07.176335700Z'/><EventRecordID>3061</EventRecordID><Correlation/><Execution ProcessID='2844' ThreadID='3992'/><Channel>Microsoft-Windows-Sysmon/Operational</Channel><Computer>DESKTOP-P84STH6</Computer><Security UserID='S-1-5-18'/></System><EventData><Data Name='RuleName'></Data><Data Name='UtcTime'>2020-05-18 07:21:07.173</Data><Data Name='ProcessGuid'>{5d3d98af-3763-5ec2-0000-0010f0b25100}</Data><Data Name='ProcessId'>2360</Data><Data Name='Image'>C:\Program Files (x86)\Dev-Cpp\MinGW64\x86_64-w64-mingw32\bin\as.exe</Data><Data Name='FileVersion'>?</Data><Data Name='Description'>?</Data><Data Name='Product'>?</Data><Data Name='Company'>?</Data><Data Name='OriginalFileName'>?</Data><Data Name='CommandLine'>"C:/Program Files (x86)/Dev-Cpp/MinGW64/bin/../lib/gcc/x86_64-w64-mingw32/4.9.2/../../../../x86_64-w64-mingw32/bin/as.exe" "-I" "C:\Program Files (x86)\Dev-Cpp\MinGW64\include" "-I" "C:\Program Files (x86)\Dev-Cpp\MinGW64\x86_64-w64-mingw32\include" "-I" "C:\Program Files (x86)\Dev-Cpp\MinGW64\lib\gcc\x86_64-w64-mingw32\4.9.2\include" "-I" "C:\Program Files (x86)\Dev-Cpp\MinGW64\lib\gcc\x86_64-w64-mingw32\4.9.2\include\c++" "-o" "C:\Users\NS\AppData\Local\Temp\ccX8L1As.o" "C:\Users\NS\AppData\Local\Temp\cc0NlCHf.s"</Data><Data Name='CurrentDirectory'>C:\Users\NS\Desktop\</Data><Data Name='User'>DESKTOP-P84STH6\NS</Data><Data Name='LogonGuid'>{5d3d98af-2592-5ec2-0000-00209cfc0300}</Data><Data Name='LogonId'>0x3fc9c</Data><Data Name='TerminalSessionId'>1</Data><Data Name='IntegrityLevel'>Medium</Data><Data Name='Hashes'>MD5=AEEB13679FDCB4E998D846955AD88AF9,SHA256=B20E121E6C1D901257566431076D703FD44A0B5CC31D6A7DCAB50C83C50C2CDC,IMPHASH=BA4D2E00A06C6D24F5DD124FC983317D</Data><Data Name='ParentProcessGuid'>{5d3d98af-3762-5ec2-0000-001026a85100}</Data><Data Name='ParentProcessId'>6336</Data><Data Name='ParentImage'>C:\Program Files (x86)\Dev-Cpp\MinGW64\bin\g++.exe</Data><Data Name='ParentCommandLine'>g++.exe "C:\Users\NS\Desktop\123.cpp" -o "C:\Users\NS\Desktop\123.exe"  -I"C:\Program Files (x86)\Dev-Cpp\MinGW64\include" -I"C:\Program Files (x86)\Dev-Cpp\MinGW64\x86_64-w64-mingw32\include" -I"C:\Program Files (x86)\Dev-Cpp\MinGW64\lib\gcc\x86_64-w64-mingw32\4.9.2\include" -I"C:\Program Files (x86)\Dev-Cpp\MinGW64\lib\gcc\x86_64-w64-mingw32\4.9.2\include\c++" -L"C:\Program Files (x86)\Dev-Cpp\MinGW64\lib" -L"C:\Program Files (x86)\Dev-Cpp\MinGW64\x86_64-w64-mingw32\lib" -static-libgcc</Data></EventData></Event><Event xmlns='http://schemas.microsoft.com/win/2004/08/events/event'><System><Provider Name='Microsoft-Windows-Sysmon' Guid='{5770385f-c22a-43e0-bf4c-06f5698ffbd9}'/><EventID>1</EventID><Version>5</Version><Level>4</Level><Task>1</Task><Opcode>0</Opcode><Keywords>0x8000000000000000</Keywords><TimeCreated SystemTime='2020-05-18T07:21:06.938680800Z'/><EventRecordID>3060</EventRecordID><Correlation/><Execution ProcessID='2844' ThreadID='3992'/><Channel>Microsoft-Windows-Sysmon/Operational</Channel><Computer>DESKTOP-P84STH6</Computer><Security UserID='S-1-5-18'/></System><EventData><Data Name='RuleName'></Data><Data Name='UtcTime'>2020-05-18 07:21:06.934</Data><Data Name='ProcessGuid'>{5d3d98af-3762-5ec2-0000-001060ad5100}</Data><Data Name='ProcessId'>7532</Data><Data Name='Image'>C:\Program Files (x86)\Dev-Cpp\MinGW64\libexec\gcc\x86_64-w64-mingw32\4.9.2\cc1plus.exe</Data><Data Name='FileVersion'>?</Data><Data Name='Description'>?</Data><Data Name='Product'>?</Data><Data Name='Company'>?</Data><Data Name='OriginalFileName'>?</Data><Data Name='CommandLine'>"C:/Program Files (x86)/Dev-Cpp/MinGW64/bin/../libexec/gcc/x86_64-w64-mingw32/4.9.2/cc1plus.exe" "-quiet" "-I" "C:\Program Files (x86)\Dev-Cpp\MinGW64\include" "-I" "C:\Program Files (x86)\Dev-Cpp\MinGW64\x86_64-w64-mingw32\include" "-I" "C:\Program Files (x86)\Dev-Cpp\MinGW64\lib\gcc\x86_64-w64-mingw32\4.9.2\include" "-I" "C:\Program Files (x86)\Dev-Cpp\MinGW64\lib\gcc\x86_64-w64-mingw32\4.9.2\include\c++" "-iprefix" "C:/Program Files (x86)/Dev-Cpp/MinGW64/bin/../lib/gcc/x86_64-w64-mingw32/4.9.2/" "-D_REENTRANT" "C:\Users\NS\Desktop\123.cpp" "-quiet" "-dumpbase" "123.cpp" "-mtune=generic" "-march=x86-64" "-auxbase" "123" "-o" "C:\Users\NS\AppData\Local\Temp\cc0NlCHf.s"</Data><Data Name='CurrentDirectory'>C:\Users\NS\Desktop\</Data><Data Name='User'>DESKTOP-P84STH6\NS</Data><Data Name='LogonGuid'>{5d3d98af-2592-5ec2-0000-00209cfc0300}</Data><Data Name='LogonId'>0x3fc9c</Data><Data Name='TerminalSessionId'>1</Data><Data Name='IntegrityLevel'>Medium</Data><Data Name='Hashes'>MD5=B9EE0C71E5E4D9F7782DF674C3DB080B,SHA256=FAF6A0318D307137A6790787D0318D73E664189770B9F980643E8CBED5726B6B,IMPHASH=2D7BAB1D825FED300E54404334F52F62</Data><Data Name='ParentProcessGuid'>{5d3d98af-3762-5ec2-0000-001026a85100}</Data><Data Name='ParentProcessId'>6336</Data><Data Name='ParentImage'>C:\Program Files (x86)\Dev-Cpp\MinGW64\bin\g++.exe</Data><Data Name='ParentCommandLine'>g++.exe "C:\Users\NS\Desktop\123.cpp" -o "C:\Users\NS\Desktop\123.exe"  -I"C:\Program Files (x86)\Dev-Cpp\MinGW64\include" -I"C:\Program Files (x86)\Dev-Cpp\MinGW64\x86_64-w64-mingw32\include" -I"C:\Program Files (x86)\Dev-Cpp\MinGW64\lib\gcc\x86_64-w64-mingw32\4.9.2\include" -I"C:\Program Files (x86)\Dev-Cpp\MinGW64\lib\gcc\x86_64-w64-mingw32\4.9.2\include\c++" -L"C:\Program Files (x86)\Dev-Cpp\MinGW64\lib" -L"C:\Program Files (x86)\Dev-Cpp\MinGW64\x86_64-w64-mingw32\lib" -static-libgcc</Data></EventData></Event><Event xmlns='http://schemas.microsoft.com/win/2004/08/events/event'><System><Provider Name='Microsoft-Windows-Sysmon' Guid='{5770385f-c22a-43e0-bf4c-06f5698ffbd9}'/><EventID>1</EventID><Version>5</Version><Level>4</Level><Task>1</Task><Opcode>0</Opcode><Keywords>0x8000000000000000</Keywords><TimeCreated SystemTime='2020-05-18T07:21:06.878895700Z'/><EventRecordID>3059</EventRecordID><Correlation/><Execution ProcessID='2844' ThreadID='3992'/><Channel>Microsoft-Windows-Sysmon/Operational</Channel><Computer>DESKTOP-P84STH6</Computer><Security UserID='S-1-5-18'/></System><EventData><Data Name='RuleName'></Data><Data Name='UtcTime'>2020-05-18 07:21:06.875</Data><Data Name='ProcessGuid'>{5d3d98af-3762-5ec2-0000-001026a85100}</Data><Data Name='ProcessId'>6336</Data><Data Name='Image'>C:\Program Files (x86)\Dev-Cpp\MinGW64\bin\g++.exe</Data><Data Name='FileVersion'>?</Data><Data Name='Description'>?</Data><Data Name='Product'>?</Data><Data Name='Company'>?</Data><Data Name='OriginalFileName'>?</Data><Data Name='CommandLine'>g++.exe "C:\Users\NS\Desktop\123.cpp" -o "C:\Users\NS\Desktop\123.exe"  -I"C:\Program Files (x86)\Dev-Cpp\MinGW64\include" -I"C:\Program Files (x86)\Dev-Cpp\MinGW64\x86_64-w64-mingw32\include" -I"C:\Program Files (x86)\Dev-Cpp\MinGW64\lib\gcc\x86_64-w64-mingw32\4.9.2\include" -I"C:\Program Files (x86)\Dev-Cpp\MinGW64\lib\gcc\x86_64-w64-mingw32\4.9.2\include\c++" -L"C:\Program Files (x86)\Dev-Cpp\MinGW64\lib" -L"C:\Program Files (x86)\Dev-Cpp\MinGW64\x86_64-w64-mingw32\lib" -static-libgcc</Data><Data Name='CurrentDirectory'>C:\Users\NS\Desktop\</Data><Data Name='User'>DESKTOP-P84STH6\NS</Data><Data Name='LogonGuid'>{5d3d98af-2592-5ec2-0000-00209cfc0300}</Data><Data Name='LogonId'>0x3fc9c</Data><Data Name='TerminalSessionId'>1</Data><Data Name='IntegrityLevel'>Medium</Data><Data Name='Hashes'>MD5=AFEEC4FDB9B8D40329AD6AD4D8D41C8D,SHA256=A0BD885DA2A1A64641D84A3517A9C8C72FF5137F1ABE7F70B3A902444E25BA6F,IMPHASH=714DC860A8E1ABCB266002837F231F40</Data><Data Name='ParentProcessGuid'>{5d3d98af-2c62-5ec2-0000-0010d4c33400}</Data><Data Name='ParentProcessId'>1144</Data><Data Name='ParentImage'>C:\Program Files (x86)\Dev-Cpp\devcpp.exe</Data><Data Name='ParentCommandLine'>"C:\Program Files (x86)\Dev-Cpp\devcpp.exe" </Data></EventData></Event><Event xmlns='http://schemas.microsoft.com/win/2004/08/events/event'><System><Provider Name='Microsoft-Windows-Sysmon' Guid='{5770385f-c22a-43e0-bf4c-06f5698ffbd9}'/><EventID>22</EventID><Version>5</Version><Level>4</Level><Task>22</Task><Opcode>0</Opcode><Keywords>0x8000000000000000</Keywords><TimeCreated SystemTime='2020-05-18T07:20:46.614868800Z'/><EventRecordID>3058</EventRecordID><Correlation/><Execution ProcessID='2844' ThreadID='3988'/><Channel>Microsoft-Windows-Sysmon/Operational</Channel><Computer>DESKTOP-P84STH6</Computer><Security UserID='S-1-5-18'/></System><EventData><Data Name='RuleName'></Data><Data Name='UtcTime'>2020-05-18 07:20:42.988</Data><Data Name='ProcessGuid'>{5d3d98af-2977-5ec2-0000-0010c6e72b00}</Data><Data Name='ProcessId'>3160</Data><Data Name='QueryName'>www.google.com.tw</Data><Data Name='QueryStatus'>0</Data><Data Name='QueryResults'>172.217.27.131;</Data><Data Name='Image'>C:\Program Files (x86)\Google\Chrome\Application\chrome.exe</Data></EventData></Event>