<Event xmlns='http://schemas.microsoft.com/win/2004/08/events/event'><System><Provider Name='Microsoft-Windows-Sysmon' Guid='{5770385f-c22a-43e0-bf4c-06f5698ffbd9}'/><EventID>11</EventID><Version>2</Version><Level>4</Level><Task>11</Task><Opcode>0</Opcode><Keywords>0x8000000000000000</Keywords><TimeCreated SystemTime='2020-05-18T07:28:49.239478200Z'/><EventRecordID>3191</EventRecordID><Correlation/><Execution ProcessID='2844' ThreadID='3992'/><Channel>Microsoft-Windows-Sysmon/Operational</Channel><Computer>DESKTOP-P84STH6</Computer><Security UserID='S-1-5-18'/></System><EventData><Data Name='RuleName'>DLL</Data><Data Name='UtcTime'>2020-05-18 07:28:49.239</Data><Data Name='ProcessGuid'>{5d3d98af-3930-5ec2-0000-00100bf65900}</Data><Data Name='ProcessId'>4580</Data><Data Name='Image'>C:\Windows\Microsoft.NET\Framework64\v4.0.30319\mscorsvw.exe</Data><Data Name='TargetFilename'>C:\Windows\assembly\NativeImages_v4.0.30319_64\Temp\11e4-0\Microsoft.Security.ApplicationId.PolicyManagement.PolicyManager.dll</Data><Data Name='CreationUtcTime'>2020-05-18 07:28:49.238</Data></EventData></Event><Event xmlns='http://schemas.microsoft.com/win/2004/08/events/event'><System><Provider Name='Microsoft-Windows-Sysmon' Guid='{5770385f-c22a-43e0-bf4c-06f5698ffbd9}'/><EventID>11</EventID><Version>2</Version><Level>4</Level><Task>11</Task><Opcode>0</Opcode><Keywords>0x8000000000000000</Keywords><TimeCreated SystemTime='2020-05-18T07:28:48.921781200Z'/><EventRecordID>3190</EventRecordID><Correlation/><Execution ProcessID='2844' ThreadID='3992'/><Channel>Microsoft-Windows-Sysmon/Operational</Channel><Computer>DESKTOP-P84STH6</Computer><Security UserID='S-1-5-18'/></System><EventData><Data Name='RuleName'>DLL</Data><Data Name='UtcTime'>2020-05-18 07:28:48.921</Data><Data Name='ProcessGuid'>{5d3d98af-3930-5ec2-0000-0010cdeb5900}</Data><Data Name='ProcessId'>2044</Data><Data Name='Image'>C:\Windows\Microsoft.NET\Framework64\v4.0.30319\mscorsvw.exe</Data><Data Name='TargetFilename'>C:\Windows\assembly\NativeImages_v4.0.30319_64\Temp\7fc-0\Microsoft.Security.ApplicationId.PolicyManagement.PolicyEngineApi.Interop.dll</Data><Data Name='CreationUtcTime'>2020-05-18 07:28:48.919</Data></EventData></Event><Event xmlns='http://schemas.microsoft.com/win/2004/08/events/event'><System><Provider Name='Microsoft-Windows-Sysmon' Guid='{5770385f-c22a-43e0-bf4c-06f5698ffbd9}'/><EventID>11</EventID><Version>2</Version><Level>4</Level><Task>11</Task><Opcode>0</Opcode><Keywords>0x8000000000000000</Keywords><TimeCreated SystemTime='2020-05-18T07:28:48.792137100Z'/><EventRecordID>3189</EventRecordID><Correlation/><Execution ProcessID='2844' ThreadID='3992'/><Channel>Microsoft-Windows-Sysmon/Operational</Channel><Computer>DESKTOP-P84STH6</Computer><Security UserID='S-1-5-18'/></System><EventData><Data Name='RuleName'>DLL</Data><Data Name='UtcTime'>2020-05-18 07:28:48.791</Data><Data Name='ProcessGuid'>{5d3d98af-3930-5ec2-0000-001073e05900}</Data><Data Name='ProcessId'>5212</Data><Data Name='Image'>C:\Windows\Microsoft.NET\Framework64\v4.0.30319\mscorsvw.exe</Data><Data Name='TargetFilename'>C:\Windows\assembly\NativeImages_v4.0.30319_64\Temp\145c-0\Microsoft.Security.ApplicationId.PolicyManagement.Cmdlets.dll</Data><Data Name='CreationUtcTime'>2020-05-18 07:28:48.790</Data></EventData></Event><Event xmlns='http://schemas.microsoft.com/win/2004/08/events/event'><System><Provider Name='Microsoft-Windows-Sysmon' Guid='{5770385f-c22a-43e0-bf4c-06f5698ffbd9}'/><EventID>11</EventID><Version>2</Version><Level>4</Level><Task>11</Task><Opcode>0</Opcode><Keywords>0x8000000000000000</Keywords><TimeCreated SystemTime='2020-05-18T07:28:48.410870800Z'/><EventRecordID>3188</EventRecordID><Correlation/><Execution ProcessID='2844' ThreadID='3992'/><Channel>Microsoft-Windows-Sysmon/Operational</Channel><Computer>DESKTOP-P84STH6</Computer><Security UserID='S-1-5-18'/></System><EventData><Data Name='RuleName'>DLL</Data><Data Name='UtcTime'>2020-05-18 07:28:48.409</Data><Data Name='ProcessGuid'>{5d3d98af-3930-5ec2-0000-001042d55900}</Data><Data Name='ProcessId'>2180</Data><Data Name='Image'>C:\Windows\Microsoft.NET\Framework64\v4.0.30319\mscorsvw.exe</Data><Data Name='TargetFilename'>C:\Windows\assembly\NativeImages_v4.0.30319_64\Temp\884-0\Microsoft.SecureBoot.Commands.dll</Data><Data Name='CreationUtcTime'>2020-05-18 07:28:48.409</Data></EventData></Event><Event xmlns='http://schemas.microsoft.com/win/2004/08/events/event'><System><Provider Name='Microsoft-Windows-Sysmon' Guid='{5770385f-c22a-43e0-bf4c-06f5698ffbd9}'/><EventID>11</EventID><Version>2</Version><Level>4</Level><Task>11</Task><Opcode>0</Opcode><Keywords>0x8000000000000000</Keywords><TimeCreated SystemTime='2020-05-18T07:28:48.165032800Z'/><EventRecordID>3187</EventRecordID><Correlation/><Execution ProcessID='2844' ThreadID='3992'/><Channel>Microsoft-Windows-Sysmon/Operational</Channel><Computer>DESKTOP-P84STH6</Computer><Security UserID='S-1-5-18'/></System><EventData><Data Name='RuleName'>DLL</Data><Data Name='UtcTime'>2020-05-18 07:28:48.164</Data><Data Name='ProcessGuid'>{5d3d98af-392e-5ec2-0000-0010be8a5900}</Data><Data Name='ProcessId'>6244</Data><Data Name='Image'>C:\Windows\Microsoft.NET\Framework64\v4.0.30319\mscorsvw.exe</Data><Data Name='TargetFilename'>C:\Windows\assembly\NativeImages_v4.0.30319_64\Temp\1864-0\Microsoft.PowerShell.Workflow.ServiceCore.dll</Data><Data Name='CreationUtcTime'>2020-05-18 07:28:48.164</Data></EventData></Event><Event xmlns='http://schemas.microsoft.com/win/2004/08/events/event'><System><Provider Name='Microsoft-Windows-Sysmon' Guid='{5770385f-c22a-43e0-bf4c-06f5698ffbd9}'/><EventID>1</EventID><Version>5</Version><Level>4</Level><Task>1</Task><Opcode>0</Opcode><Keywords>0x8000000000000000</Keywords><TimeCreated SystemTime='2020-05-18T07:28:47.868619700Z'/><EventRecordID>3186</EventRecordID><Correlation/><Execution ProcessID='2844' ThreadID='3992'/><Channel>Microsoft-Windows-Sysmon/Operational</Channel><Computer>DESKTOP-P84STH6</Computer><Security UserID='S-1-5-18'/></System><EventData><Data Name='RuleName'></Data><Data Name='UtcTime'>2020-05-18 07:28:47.851</Data><Data Name='ProcessGuid'>{5d3d98af-392f-5ec2-0000-00108cbe5900}</Data><Data Name='ProcessId'>5908</Data><Data Name='Image'>C:\Users\NS\Desktop\123.exe</Data><Data Name='FileVersion'>?</Data><Data Name='Description'>?</Data><Data Name='Product'>?</Data><Data Name='Company'>?</Data><Data Name='OriginalFileName'>?</Data><Data Name='CommandLine'>C:\Users\NS\Desktop\123.exe</Data><Data Name='CurrentDirectory'>C:\Users\NS\Desktop\</Data><Data Name='User'>DESKTOP-P84STH6\NS</Data><Data Name='LogonGuid'>{5d3d98af-2592-5ec2-0000-00209cfc0300}</Data><Data Name='LogonId'>0x3fc9c</Data><Data Name='TerminalSessionId'>1</Data><Data Name='IntegrityLevel'>Medium</Data><Data Name='Hashes'>MD5=B484E3A145D8701DC4A576679CBD2C69,SHA256=54294F14B9A940CBB1591FAB1C90B53EE8994B395EE7A1348E738C0DB15A2693,IMPHASH=5CE0188D2869DBC82465FA939585958E</Data><Data Name='ParentProcessGuid'>{5d3d98af-392f-5ec2-0000-00103faf5900}</Data><Data Name='ParentProcessId'>5804</Data><Data Name='ParentImage'>C:\Program Files (x86)\Dev-Cpp\ConsolePauser.exe</Data><Data Name='ParentCommandLine'>"C:\Program Files (x86)\Dev-Cpp\ConsolePauser.exe" "C:\Users\NS\Desktop\123.exe" </Data></EventData></Event><Event xmlns='http://schemas.microsoft.com/win/2004/08/events/event'><System><Provider Name='Microsoft-Windows-Sysmon' Guid='{5770385f-c22a-43e0-bf4c-06f5698ffbd9}'/><EventID>1</EventID><Version>5</Version><Level>4</Level><Task>1</Task><Opcode>0</Opcode><Keywords>0x8000000000000000</Keywords><TimeCreated SystemTime='2020-05-18T07:28:47.702802400Z'/><EventRecordID>3185</EventRecordID><Correlation/><Execution ProcessID='2844' ThreadID='3992'/><Channel>Microsoft-Windows-Sysmon/Operational</Channel><Computer>DESKTOP-P84STH6</Computer><Security UserID='S-1-5-18'/></System><EventData><Data Name='RuleName'></Data><Data Name='UtcTime'>2020-05-18 07:28:47.699</Data><Data Name='ProcessGuid'>{5d3d98af-392f-5ec2-0000-00103faf5900}</Data><Data Name='ProcessId'>5804</Data><Data Name='Image'>C:\Program Files (x86)\Dev-Cpp\ConsolePauser.exe</Data><Data Name='FileVersion'>?</Data><Data Name='Description'>?</Data><Data Name='Product'>?</Data><Data Name='Company'>?</Data><Data Name='OriginalFileName'>?</Data><Data Name='CommandLine'>"C:\Program Files (x86)\Dev-Cpp\ConsolePauser.exe" "C:\Users\NS\Desktop\123.exe" </Data><Data Name='CurrentDirectory'>C:\Users\NS\Desktop\</Data><Data Name='User'>DESKTOP-P84STH6\NS</Data><Data Name='LogonGuid'>{5d3d98af-2592-5ec2-0000-00209cfc0300}</Data><Data Name='LogonId'>0x3fc9c</Data><Data Name='TerminalSessionId'>1</Data><Data Name='IntegrityLevel'>Medium</Data><Data Name='Hashes'>MD5=59584636ADBEA41CA434D5D0594E6A75,SHA256=F04E5F949AE3B2B2882380F9B6D1F111891E5EA15FEF560BE9D13F39DC3A0B11,IMPHASH=C3B1A0A19A6F4E6177B2B8DB7F5A7930</Data><Data Name='ParentProcessGuid'>{5d3d98af-2c62-5ec2-0000-0010d4c33400}</Data><Data Name='ParentProcessId'>1144</Data><Data Name='ParentImage'>C:\Program Files (x86)\Dev-Cpp\devcpp.exe</Data><Data Name='ParentCommandLine'>"C:\Program Files (x86)\Dev-Cpp\devcpp.exe" </Data></EventData></Event><Event xmlns='http://schemas.microsoft.com/win/2004/08/events/event'><System><Provider Name='Microsoft-Windows-Sysmon' Guid='{5770385f-c22a-43e0-bf4c-06f5698ffbd9}'/><EventID>11</EventID><Version>2</Version><Level>4</Level><Task>11</Task><Opcode>0</Opcode><Keywords>0x8000000000000000</Keywords><TimeCreated SystemTime='2020-05-18T07:28:46.462769600Z'/><EventRecordID>3184</EventRecordID><Correlation/><Execution ProcessID='2844' ThreadID='3992'/><Channel>Microsoft-Windows-Sysmon/Operational</Channel><Computer>DESKTOP-P84STH6</Computer><Security UserID='S-1-5-18'/></System><EventData><Data Name='RuleName'>EXE</Data><Data Name='UtcTime'>2020-05-18 07:28:46.462</Data><Data Name='ProcessGuid'>{5d3d98af-392e-5ec2-0000-0010239a5900}</Data><Data Name='ProcessId'>1148</Data><Data Name='Image'>C:\Program Files (x86)\Dev-Cpp\MinGW64\bin\..\lib\gcc\x86_64-w64-mingw32\4.9.2\..\..\..\..\x86_64-w64-mingw32\bin\ld.exe</Data><Data Name='TargetFilename'>C:\Users\NS\Desktop\123.exe</Data><Data Name='CreationUtcTime'>2020-05-18 06:52:01.832</Data></EventData></Event><Event xmlns='http://schemas.microsoft.com/win/2004/08/events/event'><System><Provider Name='Microsoft-Windows-Sysmon' Guid='{5770385f-c22a-43e0-bf4c-06f5698ffbd9}'/><EventID>1</EventID><Version>5</Version><Level>4</Level><Task>1</Task><Opcode>0</Opcode><Keywords>0x8000000000000000</Keywords><TimeCreated SystemTime='2020-05-18T07:28:46.447903200Z'/><EventRecordID>3183</EventRecordID><Correlation/><Execution ProcessID='2844' ThreadID='3992'/><Channel>Microsoft-Windows-Sysmon/Operational</Channel><Computer>DESKTOP-P84STH6</Computer><Security UserID='S-1-5-18'/></System><EventData><Data Name='RuleName'></Data><Data Name='UtcTime'>2020-05-18 07:28:46.445</Data><Data Name='ProcessGuid'>{5d3d98af-392e-5ec2-0000-0010239a5900}</Data><Data Name='ProcessId'>1148</Data><Data Name='Image'>C:\Program Files (x86)\Dev-Cpp\MinGW64\x86_64-w64-mingw32\bin\ld.exe</Data><Data Name='FileVersion'>?</Data><Data Name='Description'>?</Data><Data Name='Product'>?</Data><Data Name='Company'>?</Data><Data Name='OriginalFileName'>?</Data><Data Name='CommandLine'>"C:/Program Files (x86)/Dev-Cpp/MinGW64/bin/../lib/gcc/x86_64-w64-mingw32/4.9.2/../../../../x86_64-w64-mingw32/bin/ld.exe" "-plugin" "C:/Program Files (x86)/Dev-Cpp/MinGW64/bin/../libexec/gcc/x86_64-w64-mingw32/4.9.2/liblto_plugin-0.dll" "-plugin-opt=C:/Program Files (x86)/Dev-Cpp/MinGW64/bin/../libexec/gcc/x86_64-w64-mingw32/4.9.2/lto-wrapper.exe" "-plugin-opt=-fresolution=C:\Users\NS\AppData\Local\Temp\ccaHvqqk.res" "-plugin-opt=-pass-through=-lmingw32" "-plugin-opt=-pass-through=-lgcc" "-plugin-opt=-pass-through=-lmoldname" "-plugin-opt=-pass-through=-lmingwex" "-plugin-opt=-pass-through=-lmsvcrt" "-plugin-opt=-pass-through=-lpthread" "-plugin-opt=-pass-through=-ladvapi32" "-plugin-opt=-pass-through=-lshell32" "-plugin-opt=-pass-through=-luser32" "-plugin-opt=-pass-through=-lkernel32" "-plugin-opt=-pass-through=-lmingw32" "-plugin-opt=-pass-through=-lgcc" "-plugin-opt=-pass-through=-lmoldname" "-plugin-opt=-pass-through=-lmingwex" "-plugin-opt=-pass-through=-lmsvcrt" "-m" "i386pep" "--exclude-libs=libpthread.a" "-Bdynamic" "-o" "C:\Users\NS\Desktop\123.exe" "C:/Program Files (x86)/Dev-Cpp/MinGW64/bin/../lib/gcc/x86_64-w64-mingw32/4.9.2/../../../../x86_64-w64-mingw32/lib/../lib/crt2.o" "C:/Program Files (x86)/Dev-Cpp/MinGW64/bin/../lib/gcc/x86_64-w64-mingw32/4.9.2/../../../../x86_64-w64-mingw32/lib/../lib/crtbegin.o" "-LC:\Program Files (x86)\Dev-Cpp\MinGW64\lib" "-LC:\Program Files (x86)\Dev-Cpp\MinGW64\x86_64-w64-mingw32\lib" "-LC:/Program Files (x86)/Dev-Cpp/MinGW64/bin/../lib/gcc/x86_64-w64-mingw32/4.9.2" "-LC:/Program Files (x86)/Dev-Cpp/MinGW64/bin/../lib/gcc" "-LC:/Program Files (x86)/Dev-Cpp/MinGW64/bin/../lib/gcc/x86_64-w64-mingw32/4.9.2/../../../../x86_64-w64-mingw32/lib/../lib" "-LC:/Program Files (x86)/Dev-Cpp/MinGW64/bin/../lib/gcc/x86_64-w64-mingw32/4.9.2/../../../../lib" "-LC:/Program Files (x86)/Dev-Cpp/MinGW64/bin/../lib/gcc/x86_64-w64-mingw32/4.9.2/../../../../x86_64-w64-mingw32/lib" "-LC:/Program Files (x86)/Dev-Cpp/MinGW64/bin/../lib/gcc/x86_64-w64-mingw32/4.9.2/../../.." "C:\Users\NS\AppData\Local\Temp\cc8ysJBR.o" "-Bstatic" "-lstdc++" "-Bdynamic" "-lmingw32" "-lgcc" "-lmoldname" "-lmingwex" "-lmsvcrt" "-lpthread" "-ladvapi32" "-lshell32" "-luser32" "-lkernel32" "-lmingw32" "-lgcc" "-lmoldname" "-lmingwex" "-lmsvcrt" "C:/Program Files (x86)/Dev-Cpp/MinGW64/bin/../lib/gcc/x86_64-w64-mingw32/4.9.2/../../../../x86_64-w64-mingw32/lib/../lib/crtend.o"</Data><Data Name='CurrentDirectory'>C:\Users\NS\Desktop\</Data><Data Name='User'>DESKTOP-P84STH6\NS</Data><Data Name='LogonGuid'>{5d3d98af-2592-5ec2-0000-00209cfc0300}</Data><Data Name='LogonId'>0x3fc9c</Data><Data Name='TerminalSessionId'>1</Data><Data Name='IntegrityLevel'>Medium</Data><Data Name='Hashes'>MD5=51B0EE90FFE28E76B7DAEC2F19613A33,SHA256=54F34CEBDAC8DAA3526FB6AC8212D972C4333423FB9B1045F640C07AAE768807,IMPHASH=57A9BD1C3468508C6D4C9D1A0AEEB961</Data><Data Name='ParentProcessGuid'>{5d3d98af-392e-5ec2-0000-00109c975900}</Data><Data Name='ParentProcessId'>6460</Data><Data Name='ParentImage'>C:\Program Files (x86)\Dev-Cpp\MinGW64\libexec\gcc\x86_64-w64-mingw32\4.9.2\collect2.exe</Data><Data Name='ParentCommandLine'>"C:/Program Files (x86)/Dev-Cpp/MinGW64/bin/../libexec/gcc/x86_64-w64-mingw32/4.9.2/collect2.exe" "-plugin" "C:/Program Files (x86)/Dev-Cpp/MinGW64/bin/../libexec/gcc/x86_64-w64-mingw32/4.9.2/liblto_plugin-0.dll" "-plugin-opt=C:/Program Files (x86)/Dev-Cpp/MinGW64/bin/../libexec/gcc/x86_64-w64-mingw32/4.9.2/lto-wrapper.exe" "-plugin-opt=-fresolution=C:\Users\NS\AppData\Local\Temp\ccaHvqqk.res" "-plugin-opt=-pass-through=-lmingw32" "-plugin-opt=-pass-through=-lgcc" "-plugin-opt=-pass-through=-lmoldname" "-plugin-opt=-pass-through=-lmingwex" "-plugin-opt=-pass-through=-lmsvcrt" "-plugin-opt=-pass-through=-lpthread" "-plugin-opt=-pass-through=-ladvapi32" "-plugin-opt=-pass-through=-lshell32" "-plugin-opt=-pass-through=-luser32" "-plugin-opt=-pass-through=-lkernel32" "-plugin-opt=-pass-through=-lmingw32" "-plugin-opt=-pass-through=-lgcc" "-plugin-opt=-pass-through=-lmoldname" "-plugin-opt=-pass-through=-lmingwex" "-plugin-opt=-pass-through=-lmsvcrt" "-m" "i386pep" "--exclude-libs=libpthread.a" "-Bdynamic" "-o" "C:\Users\NS\Desktop\123.exe" "C:/Program Files (x86)/Dev-Cpp/MinGW64/bin/../lib/gcc/x86_64-w64-mingw32/4.9.2/../../../../x86_64-w64-mingw32/lib/../lib/crt2.o" "C:/Program Files (x86)/Dev-Cpp/MinGW64/bin/../lib/gcc/x86_64-w64-mingw32/4.9.2/../../../../x86_64-w64-mingw32/lib/../lib/crtbegin.o" "-LC:\Program Files (x86)\Dev-Cpp\MinGW64\lib" "-LC:\Program Files (x86)\Dev-Cpp\MinGW64\x86_64-w64-mingw32\lib" "-LC:/Program Files (x86)/Dev-Cpp/MinGW64/bin/../lib/gcc/x86_64-w64-mingw32/4.9.2" "-LC:/Program Files (x86)/Dev-Cpp/MinGW64/bin/../lib/gcc" "-LC:/Program Files (x86)/Dev-Cpp/MinGW64/bin/../lib/gcc/x86_64-w64-mingw32/4.9.2/../../../../x86_64-w64-mingw32/lib/../lib" "-LC:/Program Files (x86)/Dev-Cpp/MinGW64/bin/../lib/gcc/x86_64-w64-mingw32/4.9.2/../../../../lib" "-LC:/Program Files (x86)/Dev-Cpp/MinGW64/bin/../lib/gcc/x86_64-w64-mingw32/4.9.2/../../../../x86_64-w64-mingw32/lib" "-LC:/Program Files (x86)/Dev-Cpp/MinGW64/bin/../lib/gcc/x86_64-w64-mingw32/4.9.2/../../.." "C:\Users\NS\AppData\Local\Temp\cc8ysJBR.o" "-Bstatic" "-lstdc++" "-Bdynamic" "-lmingw32" "-lgcc" "-lmoldname" "-lmingwex" "-lmsvcrt" "-lpthread" "-ladvapi32" "-lshell32" "-luser32" "-lkernel32" "-lmingw32" "-lgcc" "-lmoldname" "-lmingwex" "-lmsvcrt" "C:/Program Files (x86)/Dev-Cpp/MinGW64/bin/../lib/gcc/x86_64-w64-mingw32/4.9.2/../../../../x86_64-w64-mingw32/lib/../lib/crtend.o"</Data></EventData></Event><Event xmlns='http://schemas.microsoft.com/win/2004/08/events/event'><System><Provider Name='Microsoft-Windows-Sysmon' Guid='{5770385f-c22a-43e0-bf4c-06f5698ffbd9}'/><EventID>1</EventID><Version>5</Version><Level>4</Level><Task>1</Task><Opcode>0</Opcode><Keywords>0x8000000000000000</Keywords><TimeCreated SystemTime='2020-05-18T07:28:46.429597000Z'/><EventRecordID>3182</EventRecordID><Correlation/><Execution ProcessID='2844' ThreadID='3992'/><Channel>Microsoft-Windows-Sysmon/Operational</Channel><Computer>DESKTOP-P84STH6</Computer><Security UserID='S-1-5-18'/></System><EventData><Data Name='RuleName'></Data><Data Name='UtcTime'>2020-05-18 07:28:46.426</Data><Data Name='ProcessGuid'>{5d3d98af-392e-5ec2-0000-00109c975900}</Data><Data Name='ProcessId'>6460</Data><Data Name='Image'>C:\Program Files (x86)\Dev-Cpp\MinGW64\libexec\gcc\x86_64-w64-mingw32\4.9.2\collect2.exe</Data><Data Name='FileVersion'>?</Data><Data Name='Description'>?</Data><Data Name='Product'>?</Data><Data Name='Company'>?</Data><Data Name='OriginalFileName'>?</Data><Data Name='CommandLine'>"C:/Program Files (x86)/Dev-Cpp/MinGW64/bin/../libexec/gcc/x86_64-w64-mingw32/4.9.2/collect2.exe" "-plugin" "C:/Program Files (x86)/Dev-Cpp/MinGW64/bin/../libexec/gcc/x86_64-w64-mingw32/4.9.2/liblto_plugin-0.dll" "-plugin-opt=C:/Program Files (x86)/Dev-Cpp/MinGW64/bin/../libexec/gcc/x86_64-w64-mingw32/4.9.2/lto-wrapper.exe" "-plugin-opt=-fresolution=C:\Users\NS\AppData\Local\Temp\ccaHvqqk.res" "-plugin-opt=-pass-through=-lmingw32" "-plugin-opt=-pass-through=-lgcc" "-plugin-opt=-pass-through=-lmoldname" "-plugin-opt=-pass-through=-lmingwex" "-plugin-opt=-pass-through=-lmsvcrt" "-plugin-opt=-pass-through=-lpthread" "-plugin-opt=-pass-through=-ladvapi32" "-plugin-opt=-pass-through=-lshell32" "-plugin-opt=-pass-through=-luser32" "-plugin-opt=-pass-through=-lkernel32" "-plugin-opt=-pass-through=-lmingw32" "-plugin-opt=-pass-through=-lgcc" "-plugin-opt=-pass-through=-lmoldname" "-plugin-opt=-pass-through=-lmingwex" "-plugin-opt=-pass-through=-lmsvcrt" "-m" "i386pep" "--exclude-libs=libpthread.a" "-Bdynamic" "-o" "C:\Users\NS\Desktop\123.exe" "C:/Program Files (x86)/Dev-Cpp/MinGW64/bin/../lib/gcc/x86_64-w64-mingw32/4.9.2/../../../../x86_64-w64-mingw32/lib/../lib/crt2.o" "C:/Program Files (x86)/Dev-Cpp/MinGW64/bin/../lib/gcc/x86_64-w64-mingw32/4.9.2/../../../../x86_64-w64-mingw32/lib/../lib/crtbegin.o" "-LC:\Program Files (x86)\Dev-Cpp\MinGW64\lib" "-LC:\Program Files (x86)\Dev-Cpp\MinGW64\x86_64-w64-mingw32\lib" "-LC:/Program Files (x86)/Dev-Cpp/MinGW64/bin/../lib/gcc/x86_64-w64-mingw32/4.9.2" "-LC:/Program Files (x86)/Dev-Cpp/MinGW64/bin/../lib/gcc" "-LC:/Program Files (x86)/Dev-Cpp/MinGW64/bin/../lib/gcc/x86_64-w64-mingw32/4.9.2/../../../../x86_64-w64-mingw32/lib/../lib" "-LC:/Program Files (x86)/Dev-Cpp/MinGW64/bin/../lib/gcc/x86_64-w64-mingw32/4.9.2/../../../../lib" "-LC:/Program Files (x86)/Dev-Cpp/MinGW64/bin/../lib/gcc/x86_64-w64-mingw32/4.9.2/../../../../x86_64-w64-mingw32/lib" "-LC:/Program Files (x86)/Dev-Cpp/MinGW64/bin/../lib/gcc/x86_64-w64-mingw32/4.9.2/../../.." "C:\Users\NS\AppData\Local\Temp\cc8ysJBR.o" "-Bstatic" "-lstdc++" "-Bdynamic" "-lmingw32" "-lgcc" "-lmoldname" "-lmingwex" "-lmsvcrt" "-lpthread" "-ladvapi32" "-lshell32" "-luser32" "-lkernel32" "-lmingw32" "-lgcc" "-lmoldname" "-lmingwex" "-lmsvcrt" "C:/Program Files (x86)/Dev-Cpp/MinGW64/bin/../lib/gcc/x86_64-w64-mingw32/4.9.2/../../../../x86_64-w64-mingw32/lib/../lib/crtend.o"</Data><Data Name='CurrentDirectory'>C:\Users\NS\Desktop\</Data><Data Name='User'>DESKTOP-P84STH6\NS</Data><Data Name='LogonGuid'>{5d3d98af-2592-5ec2-0000-00209cfc0300}</Data><Data Name='LogonId'>0x3fc9c</Data><Data Name='TerminalSessionId'>1</Data><Data Name='IntegrityLevel'>Medium</Data><Data Name='Hashes'>MD5=54BFCED9449A80338757DFD5FAE78E46,SHA256=7BB3D84DE74BC8339BF2B185F630C40A57181B5786723E9B6F03D295F5E546E3,IMPHASH=451FFA25CE7F1DAEDE896E825B686A9A</Data><Data Name='ParentProcessGuid'>{5d3d98af-392e-5ec2-0000-001050835900}</Data><Data Name='ParentProcessId'>5992</Data><Data Name='ParentImage'>C:\Program Files (x86)\Dev-Cpp\MinGW64\bin\g++.exe</Data><Data Name='ParentCommandLine'>g++.exe "C:\Users\NS\Desktop\123.cpp" -o "C:\Users\NS\Desktop\123.exe"  -I"C:\Program Files (x86)\Dev-Cpp\MinGW64\include" -I"C:\Program Files (x86)\Dev-Cpp\MinGW64\x86_64-w64-mingw32\include" -I"C:\Program Files (x86)\Dev-Cpp\MinGW64\lib\gcc\x86_64-w64-mingw32\4.9.2\include" -I"C:\Program Files (x86)\Dev-Cpp\MinGW64\lib\gcc\x86_64-w64-mingw32\4.9.2\include\c++" -L"C:\Program Files (x86)\Dev-Cpp\MinGW64\lib" -L"C:\Program Files (x86)\Dev-Cpp\MinGW64\x86_64-w64-mingw32\lib" -static-libgcc</Data></EventData></Event><Event xmlns='http://schemas.microsoft.com/win/2004/08/events/event'><System><Provider Name='Microsoft-Windows-Sysmon' Guid='{5770385f-c22a-43e0-bf4c-06f5698ffbd9}'/><EventID>1</EventID><Version>5</Version><Level>4</Level><Task>1</Task><Opcode>0</Opcode><Keywords>0x8000000000000000</Keywords><TimeCreated SystemTime='2020-05-18T07:28:46.400700300Z'/><EventRecordID>3181</EventRecordID><Correlation/><Execution ProcessID='2844' ThreadID='3992'/><Channel>Microsoft-Windows-Sysmon/Operational</Channel><Computer>DESKTOP-P84STH6</Computer><Security UserID='S-1-5-18'/></System><EventData><Data Name='RuleName'></Data><Data Name='UtcTime'>2020-05-18 07:28:46.398</Data><Data Name='ProcessGuid'>{5d3d98af-392e-5ec2-0000-0010ea935900}</Data><Data Name='ProcessId'>3752</Data><Data Name='Image'>C:\Program Files (x86)\Dev-Cpp\MinGW64\x86_64-w64-mingw32\bin\as.exe</Data><Data Name='FileVersion'>?</Data><Data Name='Description'>?</Data><Data Name='Product'>?</Data><Data Name='Company'>?</Data><Data Name='OriginalFileName'>?</Data><Data Name='CommandLine'>"C:/Program Files (x86)/Dev-Cpp/MinGW64/bin/../lib/gcc/x86_64-w64-mingw32/4.9.2/../../../../x86_64-w64-mingw32/bin/as.exe" "-I" "C:\Program Files (x86)\Dev-Cpp\MinGW64\include" "-I" "C:\Program Files (x86)\Dev-Cpp\MinGW64\x86_64-w64-mingw32\include" "-I" "C:\Program Files (x86)\Dev-Cpp\MinGW64\lib\gcc\x86_64-w64-mingw32\4.9.2\include" "-I" "C:\Program Files (x86)\Dev-Cpp\MinGW64\lib\gcc\x86_64-w64-mingw32\4.9.2\include\c++" "-o" "C:\Users\NS\AppData\Local\Temp\cc8ysJBR.o" "C:\Users\NS\AppData\Local\Temp\ccmRycYn.s"</Data><Data Name='CurrentDirectory'>C:\Users\NS\Desktop\</Data><Data Name='User'>DESKTOP-P84STH6\NS</Data><Data Name='LogonGuid'>{5d3d98af-2592-5ec2-0000-00209cfc0300}</Data><Data Name='LogonId'>0x3fc9c</Data><Data Name='TerminalSessionId'>1</Data><Data Name='IntegrityLevel'>Medium</Data><Data Name='Hashes'>MD5=AEEB13679FDCB4E998D846955AD88AF9,SHA256=B20E121E6C1D901257566431076D703FD44A0B5CC31D6A7DCAB50C83C50C2CDC,IMPHASH=BA4D2E00A06C6D24F5DD124FC983317D</Data><Data Name='ParentProcessGuid'>{5d3d98af-392e-5ec2-0000-001050835900}</Data><Data Name='ParentProcessId'>5992</Data><Data Name='ParentImage'>C:\Program Files (x86)\Dev-Cpp\MinGW64\bin\g++.exe</Data><Data Name='ParentCommandLine'>g++.exe "C:\Users\NS\Desktop\123.cpp" -o "C:\Users\NS\Desktop\123.exe"  -I"C:\Program Files (x86)\Dev-Cpp\MinGW64\include" -I"C:\Program Files (x86)\Dev-Cpp\MinGW64\x86_64-w64-mingw32\include" -I"C:\Program Files (x86)\Dev-Cpp\MinGW64\lib\gcc\x86_64-w64-mingw32\4.9.2\include" -I"C:\Program Files (x86)\Dev-Cpp\MinGW64\lib\gcc\x86_64-w64-mingw32\4.9.2\include\c++" -L"C:\Program Files (x86)\Dev-Cpp\MinGW64\lib" -L"C:\Program Files (x86)\Dev-Cpp\MinGW64\x86_64-w64-mingw32\lib" -static-libgcc</Data></EventData></Event><Event xmlns='http://schemas.microsoft.com/win/2004/08/events/event'><System><Provider Name='Microsoft-Windows-Sysmon' Guid='{5770385f-c22a-43e0-bf4c-06f5698ffbd9}'/><EventID>1</EventID><Version>5</Version><Level>4</Level><Task>1</Task><Opcode>0</Opcode><Keywords>0x8000000000000000</Keywords><TimeCreated SystemTime='2020-05-18T07:28:46.181489300Z'/><EventRecordID>3180</EventRecordID><Correlation/><Execution ProcessID='2844' ThreadID='3992'/><Channel>Microsoft-Windows-Sysmon/Operational</Channel><Computer>DESKTOP-P84STH6</Computer><Security UserID='S-1-5-18'/></System><EventData><Data Name='RuleName'></Data><Data Name='UtcTime'>2020-05-18 07:28:46.178</Data><Data Name='ProcessGuid'>{5d3d98af-392e-5ec2-0000-001040885900}</Data><Data Name='ProcessId'>5704</Data><Data Name='Image'>C:\Program Files (x86)\Dev-Cpp\MinGW64\libexec\gcc\x86_64-w64-mingw32\4.9.2\cc1plus.exe</Data><Data Name='FileVersion'>?</Data><Data Name='Description'>?</Data><Data Name='Product'>?</Data><Data Name='Company'>?</Data><Data Name='OriginalFileName'>?</Data><Data Name='CommandLine'>"C:/Program Files (x86)/Dev-Cpp/MinGW64/bin/../libexec/gcc/x86_64-w64-mingw32/4.9.2/cc1plus.exe" "-quiet" "-I" "C:\Program Files (x86)\Dev-Cpp\MinGW64\include" "-I" "C:\Program Files (x86)\Dev-Cpp\MinGW64\x86_64-w64-mingw32\include" "-I" "C:\Program Files (x86)\Dev-Cpp\MinGW64\lib\gcc\x86_64-w64-mingw32\4.9.2\include" "-I" "C:\Program Files (x86)\Dev-Cpp\MinGW64\lib\gcc\x86_64-w64-mingw32\4.9.2\include\c++" "-iprefix" "C:/Program Files (x86)/Dev-Cpp/MinGW64/bin/../lib/gcc/x86_64-w64-mingw32/4.9.2/" "-D_REENTRANT" "C:\Users\NS\Desktop\123.cpp" "-quiet" "-dumpbase" "123.cpp" "-mtune=generic" "-march=x86-64" "-auxbase" "123" "-o" "C:\Users\NS\AppData\Local\Temp\ccmRycYn.s"</Data><Data Name='CurrentDirectory'>C:\Users\NS\Desktop\</Data><Data Name='User'>DESKTOP-P84STH6\NS</Data><Data Name='LogonGuid'>{5d3d98af-2592-5ec2-0000-00209cfc0300}</Data><Data Name='LogonId'>0x3fc9c</Data><Data Name='TerminalSessionId'>1</Data><Data Name='IntegrityLevel'>Medium</Data><Data Name='Hashes'>MD5=B9EE0C71E5E4D9F7782DF674C3DB080B,SHA256=FAF6A0318D307137A6790787D0318D73E664189770B9F980643E8CBED5726B6B,IMPHASH=2D7BAB1D825FED300E54404334F52F62</Data><Data Name='ParentProcessGuid'>{5d3d98af-392e-5ec2-0000-001050835900}</Data><Data Name='ParentProcessId'>5992</Data><Data Name='ParentImage'>C:\Program Files (x86)\Dev-Cpp\MinGW64\bin\g++.exe</Data><Data Name='ParentCommandLine'>g++.exe "C:\Users\NS\Desktop\123.cpp" -o "C:\Users\NS\Desktop\123.exe"  -I"C:\Program Files (x86)\Dev-Cpp\MinGW64\include" -I"C:\Program Files (x86)\Dev-Cpp\MinGW64\x86_64-w64-mingw32\include" -I"C:\Program Files (x86)\Dev-Cpp\MinGW64\lib\gcc\x86_64-w64-mingw32\4.9.2\include" -I"C:\Program Files (x86)\Dev-Cpp\MinGW64\lib\gcc\x86_64-w64-mingw32\4.9.2\include\c++" -L"C:\Program Files (x86)\Dev-Cpp\MinGW64\lib" -L"C:\Program Files (x86)\Dev-Cpp\MinGW64\x86_64-w64-mingw32\lib" -static-libgcc</Data></EventData></Event><Event xmlns='http://schemas.microsoft.com/win/2004/08/events/event'><System><Provider Name='Microsoft-Windows-Sysmon' Guid='{5770385f-c22a-43e0-bf4c-06f5698ffbd9}'/><EventID>1</EventID><Version>5</Version><Level>4</Level><Task>1</Task><Opcode>0</Opcode><Keywords>0x8000000000000000</Keywords><TimeCreated SystemTime='2020-05-18T07:28:46.117956100Z'/><EventRecordID>3179</EventRecordID><Correlation/><Execution ProcessID='2844' ThreadID='3992'/><Channel>Microsoft-Windows-Sysmon/Operational</Channel><Computer>DESKTOP-P84STH6</Computer><Security UserID='S-1-5-18'/></System><EventData><Data Name='RuleName'></Data><Data Name='UtcTime'>2020-05-18 07:28:46.115</Data><Data Name='ProcessGuid'>{5d3d98af-392e-5ec2-0000-001050835900}</Data><Data Name='ProcessId'>5992</Data><Data Name='Image'>C:\Program Files (x86)\Dev-Cpp\MinGW64\bin\g++.exe</Data><Data Name='FileVersion'>?</Data><Data Name='Description'>?</Data><Data Name='Product'>?</Data><Data Name='Company'>?</Data><Data Name='OriginalFileName'>?</Data><Data Name='CommandLine'>g++.exe "C:\Users\NS\Desktop\123.cpp" -o "C:\Users\NS\Desktop\123.exe"  -I"C:\Program Files (x86)\Dev-Cpp\MinGW64\include" -I"C:\Program Files (x86)\Dev-Cpp\MinGW64\x86_64-w64-mingw32\include" -I"C:\Program Files (x86)\Dev-Cpp\MinGW64\lib\gcc\x86_64-w64-mingw32\4.9.2\include" -I"C:\Program Files (x86)\Dev-Cpp\MinGW64\lib\gcc\x86_64-w64-mingw32\4.9.2\include\c++" -L"C:\Program Files (x86)\Dev-Cpp\MinGW64\lib" -L"C:\Program Files (x86)\Dev-Cpp\MinGW64\x86_64-w64-mingw32\lib" -static-libgcc</Data><Data Name='CurrentDirectory'>C:\Users\NS\Desktop\</Data><Data Name='User'>DESKTOP-P84STH6\NS</Data><Data Name='LogonGuid'>{5d3d98af-2592-5ec2-0000-00209cfc0300}</Data><Data Name='LogonId'>0x3fc9c</Data><Data Name='TerminalSessionId'>1</Data><Data Name='IntegrityLevel'>Medium</Data><Data Name='Hashes'>MD5=AFEEC4FDB9B8D40329AD6AD4D8D41C8D,SHA256=A0BD885DA2A1A64641D84A3517A9C8C72FF5137F1ABE7F70B3A902444E25BA6F,IMPHASH=714DC860A8E1ABCB266002837F231F40</Data><Data Name='ParentProcessGuid'>{5d3d98af-2c62-5ec2-0000-0010d4c33400}</Data><Data Name='ParentProcessId'>1144</Data><Data Name='ParentImage'>C:\Program Files (x86)\Dev-Cpp\devcpp.exe</Data><Data Name='ParentCommandLine'>"C:\Program Files (x86)\Dev-Cpp\devcpp.exe" </Data></EventData></Event><Event xmlns='http://schemas.microsoft.com/win/2004/08/events/event'><System><Provider Name='Microsoft-Windows-Sysmon' Guid='{5770385f-c22a-43e0-bf4c-06f5698ffbd9}'/><EventID>11</EventID><Version>2</Version><Level>4</Level><Task>11</Task><Opcode>0</Opcode><Keywords>0x8000000000000000</Keywords><TimeCreated SystemTime='2020-05-18T07:28:45.967777300Z'/><EventRecordID>3178</EventRecordID><Correlation/><Execution ProcessID='2844' ThreadID='3992'/><Channel>Microsoft-Windows-Sysmon/Operational</Channel><Computer>DESKTOP-P84STH6</Computer><Security UserID='S-1-5-18'/></System><EventData><Data Name='RuleName'>DLL</Data><Data Name='UtcTime'>2020-05-18 07:28:45.967</Data><Data Name='ProcessGuid'>{5d3d98af-392c-5ec2-0000-0010b76a5900}</Data><Data Name='ProcessId'>1128</Data><Data Name='Image'>C:\Windows\Microsoft.NET\Framework64\v4.0.30319\mscorsvw.exe</Data><Data Name='TargetFilename'>C:\Windows\assembly\NativeImages_v4.0.30319_64\Temp\468-0\Microsoft.PowerShell.Utility.Activities.dll</Data><Data Name='CreationUtcTime'>2020-05-18 07:28:45.967</Data></EventData></Event><Event xmlns='http://schemas.microsoft.com/win/2004/08/events/event'><System><Provider Name='Microsoft-Windows-Sysmon' Guid='{5770385f-c22a-43e0-bf4c-06f5698ffbd9}'/><EventID>11</EventID><Version>2</Version><Level>4</Level><Task>11</Task><Opcode>0</Opcode><Keywords>0x8000000000000000</Keywords><TimeCreated SystemTime='2020-05-18T07:28:44.301820600Z'/><EventRecordID>3177</EventRecordID><Correlation/><Execution ProcessID='2844' ThreadID='3992'/><Channel>Microsoft-Windows-Sysmon/Operational</Channel><Computer>DESKTOP-P84STH6</Computer><Security UserID='S-1-5-18'/></System><EventData><Data Name='RuleName'>DLL</Data><Data Name='UtcTime'>2020-05-18 07:28:44.301</Data><Data Name='ProcessGuid'>{5d3d98af-392b-5ec2-0000-0010c1535900}</Data><Data Name='ProcessId'>6236</Data><Data Name='Image'>C:\Windows\Microsoft.NET\Framework64\v4.0.30319\mscorsvw.exe</Data><Data Name='TargetFilename'>C:\Windows\assembly\NativeImages_v4.0.30319_64\Temp\185c-0\Microsoft.PowerShell.Security.Activities.dll</Data><Data Name='CreationUtcTime'>2020-05-18 07:28:44.300</Data></EventData></Event><Event xmlns='http://schemas.microsoft.com/win/2004/08/events/event'><System><Provider Name='Microsoft-Windows-Sysmon' Guid='{5770385f-c22a-43e0-bf4c-06f5698ffbd9}'/><EventID>11</EventID><Version>2</Version><Level>4</Level><Task>11</Task><Opcode>0</Opcode><Keywords>0x8000000000000000</Keywords><TimeCreated SystemTime='2020-05-18T07:28:43.608297600Z'/><EventRecordID>3176</EventRecordID><Correlation/><Execution ProcessID='2844' ThreadID='3992'/><Channel>Microsoft-Windows-Sysmon/Operational</Channel><Computer>DESKTOP-P84STH6</Computer><Security UserID='S-1-5-18'/></System><EventData><Data Name='RuleName'>DLL</Data><Data Name='UtcTime'>2020-05-18 07:28:43.607</Data><Data Name='ProcessGuid'>{5d3d98af-392b-5ec2-0000-00109e475900}</Data><Data Name='ProcessId'>5044</Data><Data Name='Image'>C:\Windows\Microsoft.NET\Framework64\v4.0.30319\mscorsvw.exe</Data><Data Name='TargetFilename'>C:\Windows\assembly\NativeImages_v4.0.30319_64\Temp\13b4-0\Microsoft.PowerShell.Security.dll</Data><Data Name='CreationUtcTime'>2020-05-18 07:28:43.607</Data></EventData></Event><Event xmlns='http://schemas.microsoft.com/win/2004/08/events/event'><System><Provider Name='Microsoft-Windows-Sysmon' Guid='{5770385f-c22a-43e0-bf4c-06f5698ffbd9}'/><EventID>11</EventID><Version>2</Version><Level>4</Level><Task>11</Task><Opcode>0</Opcode><Keywords>0x8000000000000000</Keywords><TimeCreated SystemTime='2020-05-18T07:28:43.051651600Z'/><EventRecordID>3175</EventRecordID><Correlation/><Execution ProcessID='2844' ThreadID='3992'/><Channel>Microsoft-Windows-Sysmon/Operational</Channel><Computer>DESKTOP-P84STH6</Computer><Security UserID='S-1-5-18'/></System><EventData><Data Name='RuleName'>DLL</Data><Data Name='UtcTime'>2020-05-18 07:28:43.051</Data><Data Name='ProcessGuid'>{5d3d98af-392a-5ec2-0000-001071335900}</Data><Data Name='ProcessId'>6404</Data><Data Name='Image'>C:\Windows\Microsoft.NET\Framework64\v4.0.30319\mscorsvw.exe</Data><Data Name='TargetFilename'>C:\Windows\assembly\NativeImages_v4.0.30319_64\Temp\1904-0\Microsoft.PowerShell.ScheduledJob.dll</Data><Data Name='CreationUtcTime'>2020-05-18 07:28:43.049</Data></EventData></Event><Event xmlns='http://schemas.microsoft.com/win/2004/08/events/event'><System><Provider Name='Microsoft-Windows-Sysmon' Guid='{5770385f-c22a-43e0-bf4c-06f5698ffbd9}'/><EventID>11</EventID><Version>2</Version><Level>4</Level><Task>11</Task><Opcode>0</Opcode><Keywords>0x8000000000000000</Keywords><TimeCreated SystemTime='2020-05-18T07:28:42.306458100Z'/><EventRecordID>3174</EventRecordID><Correlation/><Execution ProcessID='2844' ThreadID='3992'/><Channel>Microsoft-Windows-Sysmon/Operational</Channel><Computer>DESKTOP-P84STH6</Computer><Security UserID='S-1-5-18'/></System><EventData><Data Name='RuleName'>DLL</Data><Data Name='UtcTime'>2020-05-18 07:28:42.305</Data><Data Name='ProcessGuid'>{5d3d98af-3928-5ec2-0000-00105c155900}</Data><Data Name='ProcessId'>6744</Data><Data Name='Image'>C:\Windows\Microsoft.NET\Framework64\v4.0.30319\mscorsvw.exe</Data><Data Name='TargetFilename'>C:\Windows\assembly\NativeImages_v4.0.30319_64\Temp\1a58-0\Microsoft.PowerShell.Management.Activities.dll</Data><Data Name='CreationUtcTime'>2020-05-18 07:28:42.305</Data></EventData></Event><Event xmlns='http://schemas.microsoft.com/win/2004/08/events/event'><System><Provider Name='Microsoft-Windows-Sysmon' Guid='{5770385f-c22a-43e0-bf4c-06f5698ffbd9}'/><EventID>22</EventID><Version>5</Version><Level>4</Level><Task>22</Task><Opcode>0</Opcode><Keywords>0x8000000000000000</Keywords><TimeCreated SystemTime='2020-05-18T07:28:41.049543100Z'/><EventRecordID>3173</EventRecordID><Correlation/><Execution ProcessID='2844' ThreadID='3988'/><Channel>Microsoft-Windows-Sysmon/Operational</Channel><Computer>DESKTOP-P84STH6</Computer><Security UserID='S-1-5-18'/></System><EventData><Data Name='RuleName'></Data><Data Name='UtcTime'>2020-05-18 07:28:38.180</Data><Data Name='ProcessGuid'>{5d3d98af-2977-5ec2-0000-0010c6e72b00}</Data><Data Name='ProcessId'>3160</Data><Data Name='QueryName'>www.youtube.com</Data><Data Name='QueryStatus'>0</Data><Data Name='QueryResults'>type:  5 youtube-ui.l.google.com;172.217.27.142;172.217.160.110;172.217.160.78;</Data><Data Name='Image'>C:\Program Files (x86)\Google\Chrome\Application\chrome.exe</Data></EventData></Event><Event xmlns='http://schemas.microsoft.com/win/2004/08/events/event'><System><Provider Name='Microsoft-Windows-Sysmon' Guid='{5770385f-c22a-43e0-bf4c-06f5698ffbd9}'/><EventID>11</EventID><Version>2</Version><Level>4</Level><Task>11</Task><Opcode>0</Opcode><Keywords>0x8000000000000000</Keywords><TimeCreated SystemTime='2020-05-18T07:28:40.373952100Z'/><EventRecordID>3172</EventRecordID><Correlation/><Execution ProcessID='2844' ThreadID='3992'/><Channel>Microsoft-Windows-Sysmon/Operational</Channel><Computer>DESKTOP-P84STH6</Computer><Security UserID='S-1-5-18'/></System><EventData><Data Name='RuleName'>DLL</Data><Data Name='UtcTime'>2020-05-18 07:28:40.372</Data><Data Name='ProcessGuid'>{5d3d98af-3928-5ec2-0000-00104a095900}</Data><Data Name='ProcessId'>6244</Data><Data Name='Image'>C:\Windows\Microsoft.NET\Framework64\v4.0.30319\mscorsvw.exe</Data><Data Name='TargetFilename'>C:\Windows\assembly\NativeImages_v4.0.30319_64\Temp\1864-0\Microsoft.PowerShell.ISECommon.dll</Data><Data Name='CreationUtcTime'>2020-05-18 07:28:40.372</Data></EventData></Event><Event xmlns='http://schemas.microsoft.com/win/2004/08/events/event'><System><Provider Name='Microsoft-Windows-Sysmon' Guid='{5770385f-c22a-43e0-bf4c-06f5698ffbd9}'/><EventID>11</EventID><Version>2</Version><Level>4</Level><Task>11</Task><Opcode>0</Opcode><Keywords>0x8000000000000000</Keywords><TimeCreated SystemTime='2020-05-18T07:28:40.080293800Z'/><EventRecordID>3171</EventRecordID><Correlation/><Execution ProcessID='2844' ThreadID='3992'/><Channel>Microsoft-Windows-Sysmon/Operational</Channel><Computer>DESKTOP-P84STH6</Computer><Security UserID='S-1-5-18'/></System><EventData><Data Name='RuleName'>DLL</Data><Data Name='UtcTime'>2020-05-18 07:28:40.080</Data><Data Name='ProcessGuid'>{5d3d98af-3926-5ec2-0000-001088f45800}</Data><Data Name='ProcessId'>1952</Data><Data Name='Image'>C:\Windows\Microsoft.NET\Framework64\v4.0.30319\mscorsvw.exe</Data><Data Name='TargetFilename'>C:\Windows\assembly\NativeImages_v4.0.30319_64\Temp\7a0-0\Microsoft.PowerShell.GraphicalHost.dll</Data><Data Name='CreationUtcTime'>2020-05-18 07:28:40.079</Data></EventData></Event><Event xmlns='http://schemas.microsoft.com/win/2004/08/events/event'><System><Provider Name='Microsoft-Windows-Sysmon' Guid='{5770385f-c22a-43e0-bf4c-06f5698ffbd9}'/><EventID>22</EventID><Version>5</Version><Level>4</Level><Task>22</Task><Opcode>0</Opcode><Keywords>0x8000000000000000</Keywords><TimeCreated SystemTime='2020-05-18T07:28:40.046622900Z'/><EventRecordID>3170</EventRecordID><Correlation/><Execution ProcessID='2844' ThreadID='3988'/><Channel>Microsoft-Windows-Sysmon/Operational</Channel><Computer>DESKTOP-P84STH6</Computer><Security UserID='S-1-5-18'/></System><EventData><Data Name='RuleName'></Data><Data Name='UtcTime'>2020-05-18 07:28:35.760</Data><Data Name='ProcessGuid'>{5d3d98af-2977-5ec2-0000-0010c6e72b00}</Data><Data Name='ProcessId'>3160</Data><Data Name='QueryName'>ozxzpvdxbcyldk</Data><Data Name='QueryStatus'>123</Data><Data Name='QueryResults'></Data><Data Name='Image'>C:\Program Files (x86)\Google\Chrome\Application\chrome.exe</Data></EventData></Event><Event xmlns='http://schemas.microsoft.com/win/2004/08/events/event'><System><Provider Name='Microsoft-Windows-Sysmon' Guid='{5770385f-c22a-43e0-bf4c-06f5698ffbd9}'/><EventID>22</EventID><Version>5</Version><Level>4</Level><Task>22</Task><Opcode>0</Opcode><Keywords>0x8000000000000000</Keywords><TimeCreated SystemTime='2020-05-18T07:28:39.045645700Z'/><EventRecordID>3169</EventRecordID><Correlation/><Execution ProcessID='2844' ThreadID='3988'/><Channel>Microsoft-Windows-Sysmon/Operational</Channel><Computer>DESKTOP-P84STH6</Computer><Security UserID='S-1-5-18'/></System><EventData><Data Name='RuleName'></Data><Data Name='UtcTime'>2020-05-18 07:28:35.760</Data><Data Name='ProcessGuid'>{5d3d98af-2977-5ec2-0000-0010c6e72b00}</Data><Data Name='ProcessId'>3160</Data><Data Name='QueryName'>wuvcxweaup</Data><Data Name='QueryStatus'>123</Data><Data Name='QueryResults'></Data><Data Name='Image'>C:\Program Files (x86)\Google\Chrome\Application\chrome.exe</Data></EventData></Event><Event xmlns='http://schemas.microsoft.com/win/2004/08/events/event'><System><Provider Name='Microsoft-Windows-Sysmon' Guid='{5770385f-c22a-43e0-bf4c-06f5698ffbd9}'/><EventID>11</EventID><Version>2</Version><Level>4</Level><Task>11</Task><Opcode>0</Opcode><Keywords>0x8000000000000000</Keywords><TimeCreated SystemTime='2020-05-18T07:28:38.307210800Z'/><EventRecordID>3168</EventRecordID><Correlation/><Execution ProcessID='2844' ThreadID='3992'/><Channel>Microsoft-Windows-Sysmon/Operational</Channel><Computer>DESKTOP-P84STH6</Computer><Security UserID='S-1-5-18'/></System><EventData><Data Name='RuleName'>DLL</Data><Data Name='UtcTime'>2020-05-18 07:28:38.306</Data><Data Name='ProcessGuid'>{5d3d98af-3922-5ec2-0000-0010d4d35800}</Data><Data Name='ProcessId'>6196</Data><Data Name='Image'>C:\Windows\Microsoft.NET\Framework64\v4.0.30319\mscorsvw.exe</Data><Data Name='TargetFilename'>C:\Windows\assembly\NativeImages_v4.0.30319_64\Temp\1834-0\Microsoft.PowerShell.GPowerShell.dll</Data><Data Name='CreationUtcTime'>2020-05-18 07:28:38.305</Data></EventData></Event><Event xmlns='http://schemas.microsoft.com/win/2004/08/events/event'><System><Provider Name='Microsoft-Windows-Sysmon' Guid='{5770385f-c22a-43e0-bf4c-06f5698ffbd9}'/><EventID>22</EventID><Version>5</Version><Level>4</Level><Task>22</Task><Opcode>0</Opcode><Keywords>0x8000000000000000</Keywords><TimeCreated SystemTime='2020-05-18T07:28:38.043598700Z'/><EventRecordID>3167</EventRecordID><Correlation/><Execution ProcessID='2844' ThreadID='3988'/><Channel>Microsoft-Windows-Sysmon/Operational</Channel><Computer>DESKTOP-P84STH6</Computer><Security UserID='S-1-5-18'/></System><EventData><Data Name='RuleName'></Data><Data Name='UtcTime'>2020-05-18 07:28:35.760</Data><Data Name='ProcessGuid'>{5d3d98af-2977-5ec2-0000-0010c6e72b00}</Data><Data Name='ProcessId'>3160</Data><Data Name='QueryName'>hcdhemsmomqobk</Data><Data Name='QueryStatus'>123</Data><Data Name='QueryResults'></Data><Data Name='Image'>C:\Program Files (x86)\Google\Chrome\Application\chrome.exe</Data></EventData></Event><Event xmlns='http://schemas.microsoft.com/win/2004/08/events/event'><System><Provider Name='Microsoft-Windows-Sysmon' Guid='{5770385f-c22a-43e0-bf4c-06f5698ffbd9}'/><EventID>22</EventID><Version>5</Version><Level>4</Level><Task>22</Task><Opcode>0</Opcode><Keywords>0x8000000000000000</Keywords><TimeCreated SystemTime='2020-05-18T07:28:38.043490900Z'/><EventRecordID>3166</EventRecordID><Correlation/><Execution ProcessID='2844' ThreadID='3988'/><Channel>Microsoft-Windows-Sysmon/Operational</Channel><Computer>DESKTOP-P84STH6</Computer><Security UserID='S-1-5-18'/></System><EventData><Data Name='RuleName'></Data><Data Name='UtcTime'>2020-05-18 07:28:34.489</Data><Data Name='ProcessGuid'>{5d3d98af-391d-5ec2-0000-0010359c5800}</Data><Data Name='ProcessId'>3820</Data><Data Name='QueryName'>_VLMCS._TCP</Data><Data Name='QueryStatus'>123</Data><Data Name='QueryResults'></Data><Data Name='Image'>C:\Windows\System32\SppExtComObj.Exe</Data></EventData></Event><Event xmlns='http://schemas.microsoft.com/win/2004/08/events/event'><System><Provider Name='Microsoft-Windows-Sysmon' Guid='{5770385f-c22a-43e0-bf4c-06f5698ffbd9}'/><EventID>1</EventID><Version>5</Version><Level>4</Level><Task>1</Task><Opcode>0</Opcode><Keywords>0x8000000000000000</Keywords><TimeCreated SystemTime='2020-05-18T07:28:36.519086000Z'/><EventRecordID>3165</EventRecordID><Correlation/><Execution ProcessID='2844' ThreadID='3992'/><Channel>Microsoft-Windows-Sysmon/Operational</Channel><Computer>DESKTOP-P84STH6</Computer><Security UserID='S-1-5-18'/></System><EventData><Data Name='RuleName'></Data><Data Name='UtcTime'>2020-05-18 07:28:36.516</Data><Data Name='ProcessGuid'>{5d3d98af-3924-5ec2-0000-0010b1dd5800}</Data><Data Name='ProcessId'>1280</Data><Data Name='Image'>C:\Windows\System32\slui.exe</Data><Data Name='FileVersion'>10.0.18362.1 (WinBuild.160101.0800)</Data><Data Name='Description'>Windows Activation Client</Data><Data Name='Product'>Microsoft® Windows® Operating System</Data><Data Name='Company'>Microsoft Corporation</Data><Data Name='OriginalFileName'>slui.exe</Data><Data Name='CommandLine'>C:\Windows\System32\slui.exe -Embedding</Data><Data Name='CurrentDirectory'>C:\Windows\system32\</Data><Data Name='User'>DESKTOP-P84STH6\NS</Data><Data Name='LogonGuid'>{5d3d98af-2592-5ec2-0000-00209cfc0300}</Data><Data Name='LogonId'>0x3fc9c</Data><Data Name='TerminalSessionId'>1</Data><Data Name='IntegrityLevel'>Medium</Data><Data Name='Hashes'>MD5=28E32F800AA2522C5DDDF5CB29AD7536,SHA256=C19A3BF8557FD648AE6750CBBDFA736DFC630D94AE6356C8CD9F04F0D3C28B42,IMPHASH=A7D9AE5981DB25E498B7E31387AF81BF</Data><Data Name='ParentProcessGuid'>{5d3d98af-2584-5ec2-0000-001010720000}</Data><Data Name='ParentProcessId'>852</Data><Data Name='ParentImage'>C:\Windows\System32\svchost.exe</Data><Data Name='ParentCommandLine'>C:\Windows\system32\svchost.exe -k DcomLaunch -p</Data></EventData></Event><Event xmlns='http://schemas.microsoft.com/win/2004/08/events/event'><System><Provider Name='Microsoft-Windows-Sysmon' Guid='{5770385f-c22a-43e0-bf4c-06f5698ffbd9}'/><EventID>22</EventID><Version>5</Version><Level>4</Level><Task>22</Task><Opcode>0</Opcode><Keywords>0x8000000000000000</Keywords><TimeCreated SystemTime='2020-05-18T07:28:35.038275900Z'/><EventRecordID>3164</EventRecordID><Correlation/><Execution ProcessID='2844' ThreadID='3988'/><Channel>Microsoft-Windows-Sysmon/Operational</Channel><Computer>DESKTOP-P84STH6</Computer><Security UserID='S-1-5-18'/></System><EventData><Data Name='RuleName'></Data><Data Name='UtcTime'>2020-05-18 07:28:32.189</Data><Data Name='ProcessGuid'>{5d3d98af-391d-5ec2-0000-0010359c5800}</Data><Data Name='ProcessId'>3820</Data><Data Name='QueryName'>_ldap._tcp.dc._msdcs.WORKGROUP</Data><Data Name='QueryStatus'>123</Data><Data Name='QueryResults'></Data><Data Name='Image'>C:\Windows\System32\SppExtComObj.Exe</Data></EventData></Event><Event xmlns='http://schemas.microsoft.com/win/2004/08/events/event'><System><Provider Name='Microsoft-Windows-Sysmon' Guid='{5770385f-c22a-43e0-bf4c-06f5698ffbd9}'/><EventID>11</EventID><Version>2</Version><Level>4</Level><Task>11</Task><Opcode>0</Opcode><Keywords>0x8000000000000000</Keywords><TimeCreated SystemTime='2020-05-18T07:28:34.433943000Z'/><EventRecordID>3163</EventRecordID><Correlation/><Execution ProcessID='2844' ThreadID='3992'/><Channel>Microsoft-Windows-Sysmon/Operational</Channel><Computer>DESKTOP-P84STH6</Computer><Security UserID='S-1-5-18'/></System><EventData><Data Name='RuleName'>DLL</Data><Data Name='UtcTime'>2020-05-18 07:28:34.433</Data><Data Name='ProcessGuid'>{5d3d98af-391a-5ec2-0000-0010a4575800}</Data><Data Name='ProcessId'>6804</Data><Data Name='Image'>C:\Windows\Microsoft.NET\Framework64\v4.0.30319\mscorsvw.exe</Data><Data Name='TargetFilename'>C:\Windows\assembly\NativeImages_v4.0.30319_64\Temp\1a94-0\Microsoft.PowerShell.Editor.dll</Data><Data Name='CreationUtcTime'>2020-05-18 07:28:34.432</Data></EventData></Event><Event xmlns='http://schemas.microsoft.com/win/2004/08/events/event'><System><Provider Name='Microsoft-Windows-Sysmon' Guid='{5770385f-c22a-43e0-bf4c-06f5698ffbd9}'/><EventID>1</EventID><Version>5</Version><Level>4</Level><Task>1</Task><Opcode>0</Opcode><Keywords>0x8000000000000000</Keywords><TimeCreated SystemTime='2020-05-18T07:28:31.556091200Z'/><EventRecordID>3162</EventRecordID><Correlation/><Execution ProcessID='2844' ThreadID='3992'/><Channel>Microsoft-Windows-Sysmon/Operational</Channel><Computer>DESKTOP-P84STH6</Computer><Security UserID='S-1-5-18'/></System><EventData><Data Name='RuleName'></Data><Data Name='UtcTime'>2020-05-18 07:28:31.553</Data><Data Name='ProcessGuid'>{5d3d98af-391f-5ec2-0000-001082ab5800}</Data><Data Name='ProcessId'>7200</Data><Data Name='Image'>C:\Windows\System32\svchost.exe</Data><Data Name='FileVersion'>10.0.18362.1 (WinBuild.160101.0800)</Data><Data Name='Description'>Host Process for Windows Services</Data><Data Name='Product'>Microsoft® Windows® Operating System</Data><Data Name='Company'>Microsoft Corporation</Data><Data Name='OriginalFileName'>svchost.exe</Data><Data Name='CommandLine'>C:\Windows\system32\svchost.exe -k netsvcs -p -s gpsvc</Data><Data Name='CurrentDirectory'>C:\Windows\system32\</Data><Data Name='User'>NT AUTHORITY\SYSTEM</Data><Data Name='LogonGuid'>{5d3d98af-2583-5ec2-0000-0020e7030000}</Data><Data Name='LogonId'>0x3e7</Data><Data Name='TerminalSessionId'>0</Data><Data Name='IntegrityLevel'>System</Data><Data Name='Hashes'>MD5=9520A99E77D6196D0D09833146424113,SHA256=DD191A5B23DF92E12A8852291F9FB5ED594B76A28A5A464418442584AFD1E048,IMPHASH=247B9220E5D9B720A82B2C8B5069AD69</Data><Data Name='ParentProcessGuid'>{5d3d98af-2583-5ec2-0000-0010c65b0000}</Data><Data Name='ParentProcessId'>680</Data><Data Name='ParentImage'>C:\Windows\System32\services.exe</Data><Data Name='ParentCommandLine'>C:\Windows\system32\services.exe</Data></EventData></Event><Event xmlns='http://schemas.microsoft.com/win/2004/08/events/event'><System><Provider Name='Microsoft-Windows-Sysmon' Guid='{5770385f-c22a-43e0-bf4c-06f5698ffbd9}'/><EventID>22</EventID><Version>5</Version><Level>4</Level><Task>22</Task><Opcode>0</Opcode><Keywords>0x8000000000000000</Keywords><TimeCreated SystemTime='2020-05-18T07:28:30.501109200Z'/><EventRecordID>3161</EventRecordID><Correlation/><Execution ProcessID='2844' ThreadID='3988'/><Channel>Microsoft-Windows-Sysmon/Operational</Channel><Computer>DESKTOP-P84STH6</Computer><Security UserID='S-1-5-18'/></System><EventData><Data Name='RuleName'></Data><Data Name='UtcTime'>2020-05-18 07:28:26.853</Data><Data Name='ProcessGuid'>{5d3d98af-2584-5ec2-0000-001013100100}</Data><Data Name='ProcessId'>1756</Data><Data Name='QueryName'>DESKTOP-P84STH6</Data><Data Name='QueryStatus'>0</Data><Data Name='QueryResults'>fe80::9827:fcec:1acc:615d;10.0.2.15;</Data><Data Name='Image'>C:\Windows\System32\svchost.exe</Data></EventData></Event>