<Event xmlns='http://schemas.microsoft.com/win/2004/08/events/event'><System><Provider Name='Microsoft-Windows-Sysmon' Guid='{5770385f-c22a-43e0-bf4c-06f5698ffbd9}'/><EventID>1</EventID><Version>5</Version><Level>4</Level><Task>1</Task><Opcode>0</Opcode><Keywords>0x8000000000000000</Keywords><TimeCreated SystemTime='2020-05-18T07:23:08.911063600Z'/><EventRecordID>3095</EventRecordID><Correlation/><Execution ProcessID='2844' ThreadID='3992'/><Channel>Microsoft-Windows-Sysmon/Operational</Channel><Computer>DESKTOP-P84STH6</Computer><Security UserID='S-1-5-18'/></System><EventData><Data Name='RuleName'></Data><Data Name='UtcTime'>2020-05-18 07:23:08.907</Data><Data Name='ProcessGuid'>{5d3d98af-37dc-5ec2-0000-0010ab7c5300}</Data><Data Name='ProcessId'>5272</Data><Data Name='Image'>C:\Program Files (x86)\Dev-Cpp\MinGW64\x86_64-w64-mingw32\bin\as.exe</Data><Data Name='FileVersion'>?</Data><Data Name='Description'>?</Data><Data Name='Product'>?</Data><Data Name='Company'>?</Data><Data Name='OriginalFileName'>?</Data><Data Name='CommandLine'>"C:/Program Files (x86)/Dev-Cpp/MinGW64/bin/../lib/gcc/x86_64-w64-mingw32/4.9.2/../../../../x86_64-w64-mingw32/bin/as.exe" "-I" "C:\Program Files (x86)\Dev-Cpp\MinGW64\include" "-I" "C:\Program Files (x86)\Dev-Cpp\MinGW64\x86_64-w64-mingw32\include" "-I" "C:\Program Files (x86)\Dev-Cpp\MinGW64\lib\gcc\x86_64-w64-mingw32\4.9.2\include" "-I" "C:\Program Files (x86)\Dev-Cpp\MinGW64\lib\gcc\x86_64-w64-mingw32\4.9.2\include\c++" "-o" "C:\Users\NS\AppData\Local\Temp\ccemjjJY.o" "C:\Users\NS\AppData\Local\Temp\ccsFefcX.s"</Data><Data Name='CurrentDirectory'>C:\Users\NS\Desktop\</Data><Data Name='User'>DESKTOP-P84STH6\NS</Data><Data Name='LogonGuid'>{5d3d98af-2592-5ec2-0000-00209cfc0300}</Data><Data Name='LogonId'>0x3fc9c</Data><Data Name='TerminalSessionId'>1</Data><Data Name='IntegrityLevel'>Medium</Data><Data Name='Hashes'>MD5=AEEB13679FDCB4E998D846955AD88AF9,SHA256=B20E121E6C1D901257566431076D703FD44A0B5CC31D6A7DCAB50C83C50C2CDC,IMPHASH=BA4D2E00A06C6D24F5DD124FC983317D</Data><Data Name='ParentProcessGuid'>{5d3d98af-37dc-5ec2-0000-0010a2715300}</Data><Data Name='ParentProcessId'>1952</Data><Data Name='ParentImage'>C:\Program Files (x86)\Dev-Cpp\MinGW64\bin\g++.exe</Data><Data Name='ParentCommandLine'>g++.exe "C:\Users\NS\Desktop\123.cpp" -o "C:\Users\NS\Desktop\123.exe"  -I"C:\Program Files (x86)\Dev-Cpp\MinGW64\include" -I"C:\Program Files (x86)\Dev-Cpp\MinGW64\x86_64-w64-mingw32\include" -I"C:\Program Files (x86)\Dev-Cpp\MinGW64\lib\gcc\x86_64-w64-mingw32\4.9.2\include" -I"C:\Program Files (x86)\Dev-Cpp\MinGW64\lib\gcc\x86_64-w64-mingw32\4.9.2\include\c++" -L"C:\Program Files (x86)\Dev-Cpp\MinGW64\lib" -L"C:\Program Files (x86)\Dev-Cpp\MinGW64\x86_64-w64-mingw32\lib" -static-libgcc</Data></EventData></Event><Event xmlns='http://schemas.microsoft.com/win/2004/08/events/event'><System><Provider Name='Microsoft-Windows-Sysmon' Guid='{5770385f-c22a-43e0-bf4c-06f5698ffbd9}'/><EventID>1</EventID><Version>5</Version><Level>4</Level><Task>1</Task><Opcode>0</Opcode><Keywords>0x8000000000000000</Keywords><TimeCreated SystemTime='2020-05-18T07:23:08.672613800Z'/><EventRecordID>3094</EventRecordID><Correlation/><Execution ProcessID='2844' ThreadID='3992'/><Channel>Microsoft-Windows-Sysmon/Operational</Channel><Computer>DESKTOP-P84STH6</Computer><Security UserID='S-1-5-18'/></System><EventData><Data Name='RuleName'></Data><Data Name='UtcTime'>2020-05-18 07:23:08.670</Data><Data Name='ProcessGuid'>{5d3d98af-37dc-5ec2-0000-0010f4765300}</Data><Data Name='ProcessId'>6336</Data><Data Name='Image'>C:\Program Files (x86)\Dev-Cpp\MinGW64\libexec\gcc\x86_64-w64-mingw32\4.9.2\cc1plus.exe</Data><Data Name='FileVersion'>?</Data><Data Name='Description'>?</Data><Data Name='Product'>?</Data><Data Name='Company'>?</Data><Data Name='OriginalFileName'>?</Data><Data Name='CommandLine'>"C:/Program Files (x86)/Dev-Cpp/MinGW64/bin/../libexec/gcc/x86_64-w64-mingw32/4.9.2/cc1plus.exe" "-quiet" "-I" "C:\Program Files (x86)\Dev-Cpp\MinGW64\include" "-I" "C:\Program Files (x86)\Dev-Cpp\MinGW64\x86_64-w64-mingw32\include" "-I" "C:\Program Files (x86)\Dev-Cpp\MinGW64\lib\gcc\x86_64-w64-mingw32\4.9.2\include" "-I" "C:\Program Files (x86)\Dev-Cpp\MinGW64\lib\gcc\x86_64-w64-mingw32\4.9.2\include\c++" "-iprefix" "C:/Program Files (x86)/Dev-Cpp/MinGW64/bin/../lib/gcc/x86_64-w64-mingw32/4.9.2/" "-D_REENTRANT" "C:\Users\NS\Desktop\123.cpp" "-quiet" "-dumpbase" "123.cpp" "-mtune=generic" "-march=x86-64" "-auxbase" "123" "-o" "C:\Users\NS\AppData\Local\Temp\ccsFefcX.s"</Data><Data Name='CurrentDirectory'>C:\Users\NS\Desktop\</Data><Data Name='User'>DESKTOP-P84STH6\NS</Data><Data Name='LogonGuid'>{5d3d98af-2592-5ec2-0000-00209cfc0300}</Data><Data Name='LogonId'>0x3fc9c</Data><Data Name='TerminalSessionId'>1</Data><Data Name='IntegrityLevel'>Medium</Data><Data Name='Hashes'>MD5=B9EE0C71E5E4D9F7782DF674C3DB080B,SHA256=FAF6A0318D307137A6790787D0318D73E664189770B9F980643E8CBED5726B6B,IMPHASH=2D7BAB1D825FED300E54404334F52F62</Data><Data Name='ParentProcessGuid'>{5d3d98af-37dc-5ec2-0000-0010a2715300}</Data><Data Name='ParentProcessId'>1952</Data><Data Name='ParentImage'>C:\Program Files (x86)\Dev-Cpp\MinGW64\bin\g++.exe</Data><Data Name='ParentCommandLine'>g++.exe "C:\Users\NS\Desktop\123.cpp" -o "C:\Users\NS\Desktop\123.exe"  -I"C:\Program Files (x86)\Dev-Cpp\MinGW64\include" -I"C:\Program Files (x86)\Dev-Cpp\MinGW64\x86_64-w64-mingw32\include" -I"C:\Program Files (x86)\Dev-Cpp\MinGW64\lib\gcc\x86_64-w64-mingw32\4.9.2\include" -I"C:\Program Files (x86)\Dev-Cpp\MinGW64\lib\gcc\x86_64-w64-mingw32\4.9.2\include\c++" -L"C:\Program Files (x86)\Dev-Cpp\MinGW64\lib" -L"C:\Program Files (x86)\Dev-Cpp\MinGW64\x86_64-w64-mingw32\lib" -static-libgcc</Data></EventData></Event><Event xmlns='http://schemas.microsoft.com/win/2004/08/events/event'><System><Provider Name='Microsoft-Windows-Sysmon' Guid='{5770385f-c22a-43e0-bf4c-06f5698ffbd9}'/><EventID>1</EventID><Version>5</Version><Level>4</Level><Task>1</Task><Opcode>0</Opcode><Keywords>0x8000000000000000</Keywords><TimeCreated SystemTime='2020-05-18T07:23:08.614125800Z'/><EventRecordID>3093</EventRecordID><Correlation/><Execution ProcessID='2844' ThreadID='3992'/><Channel>Microsoft-Windows-Sysmon/Operational</Channel><Computer>DESKTOP-P84STH6</Computer><Security UserID='S-1-5-18'/></System><EventData><Data Name='RuleName'></Data><Data Name='UtcTime'>2020-05-18 07:23:08.610</Data><Data Name='ProcessGuid'>{5d3d98af-37dc-5ec2-0000-0010a2715300}</Data><Data Name='ProcessId'>1952</Data><Data Name='Image'>C:\Program Files (x86)\Dev-Cpp\MinGW64\bin\g++.exe</Data><Data Name='FileVersion'>?</Data><Data Name='Description'>?</Data><Data Name='Product'>?</Data><Data Name='Company'>?</Data><Data Name='OriginalFileName'>?</Data><Data Name='CommandLine'>g++.exe "C:\Users\NS\Desktop\123.cpp" -o "C:\Users\NS\Desktop\123.exe"  -I"C:\Program Files (x86)\Dev-Cpp\MinGW64\include" -I"C:\Program Files (x86)\Dev-Cpp\MinGW64\x86_64-w64-mingw32\include" -I"C:\Program Files (x86)\Dev-Cpp\MinGW64\lib\gcc\x86_64-w64-mingw32\4.9.2\include" -I"C:\Program Files (x86)\Dev-Cpp\MinGW64\lib\gcc\x86_64-w64-mingw32\4.9.2\include\c++" -L"C:\Program Files (x86)\Dev-Cpp\MinGW64\lib" -L"C:\Program Files (x86)\Dev-Cpp\MinGW64\x86_64-w64-mingw32\lib" -static-libgcc</Data><Data Name='CurrentDirectory'>C:\Users\NS\Desktop\</Data><Data Name='User'>DESKTOP-P84STH6\NS</Data><Data Name='LogonGuid'>{5d3d98af-2592-5ec2-0000-00209cfc0300}</Data><Data Name='LogonId'>0x3fc9c</Data><Data Name='TerminalSessionId'>1</Data><Data Name='IntegrityLevel'>Medium</Data><Data Name='Hashes'>MD5=AFEEC4FDB9B8D40329AD6AD4D8D41C8D,SHA256=A0BD885DA2A1A64641D84A3517A9C8C72FF5137F1ABE7F70B3A902444E25BA6F,IMPHASH=714DC860A8E1ABCB266002837F231F40</Data><Data Name='ParentProcessGuid'>{5d3d98af-2c62-5ec2-0000-0010d4c33400}</Data><Data Name='ParentProcessId'>1144</Data><Data Name='ParentImage'>C:\Program Files (x86)\Dev-Cpp\devcpp.exe</Data><Data Name='ParentCommandLine'>"C:\Program Files (x86)\Dev-Cpp\devcpp.exe" </Data></EventData></Event><Event xmlns='http://schemas.microsoft.com/win/2004/08/events/event'><System><Provider Name='Microsoft-Windows-Sysmon' Guid='{5770385f-c22a-43e0-bf4c-06f5698ffbd9}'/><EventID>1</EventID><Version>5</Version><Level>4</Level><Task>1</Task><Opcode>0</Opcode><Keywords>0x8000000000000000</Keywords><TimeCreated SystemTime='2020-05-18T07:23:03.900686700Z'/><EventRecordID>3092</EventRecordID><Correlation/><Execution ProcessID='2844' ThreadID='3992'/><Channel>Microsoft-Windows-Sysmon/Operational</Channel><Computer>DESKTOP-P84STH6</Computer><Security UserID='S-1-5-18'/></System><EventData><Data Name='RuleName'></Data><Data Name='UtcTime'>2020-05-18 07:23:03.898</Data><Data Name='ProcessGuid'>{5d3d98af-37d7-5ec2-0000-0010f3575300}</Data><Data Name='ProcessId'>4356</Data><Data Name='Image'>C:\Windows\SysWOW64\cmd.exe</Data><Data Name='FileVersion'>10.0.18362.1 (WinBuild.160101.0800)</Data><Data Name='Description'>Windows Command Processor</Data><Data Name='Product'>Microsoft® Windows® Operating System</Data><Data Name='Company'>Microsoft Corporation</Data><Data Name='OriginalFileName'>Cmd.Exe</Data><Data Name='CommandLine'>C:\Windows\system32\cmd.exe /c pause</Data><Data Name='CurrentDirectory'>C:\Users\NS\Desktop\</Data><Data Name='User'>DESKTOP-P84STH6\NS</Data><Data Name='LogonGuid'>{5d3d98af-2592-5ec2-0000-00209cfc0300}</Data><Data Name='LogonId'>0x3fc9c</Data><Data Name='TerminalSessionId'>1</Data><Data Name='IntegrityLevel'>Medium</Data><Data Name='Hashes'>MD5=4943BA1A9B41D69643F69685E35B2943,SHA256=6AEEA6272E1C304D1B8907B9258513AA27CF2F35F10B76365CA8567CABB70459,IMPHASH=392B4D61B1D1DADC1F06444DF258188A</Data><Data Name='ParentProcessGuid'>{5d3d98af-37d4-5ec2-0000-0010be3e5300}</Data><Data Name='ParentProcessId'>2624</Data><Data Name='ParentImage'>C:\Program Files (x86)\Dev-Cpp\ConsolePauser.exe</Data><Data Name='ParentCommandLine'>"C:\Program Files (x86)\Dev-Cpp\ConsolePauser.exe" "C:\Users\NS\Desktop\123.exe" </Data></EventData></Event><Event xmlns='http://schemas.microsoft.com/win/2004/08/events/event'><System><Provider Name='Microsoft-Windows-Sysmon' Guid='{5770385f-c22a-43e0-bf4c-06f5698ffbd9}'/><EventID>5</EventID><Version>3</Version><Level>4</Level><Task>5</Task><Opcode>0</Opcode><Keywords>0x8000000000000000</Keywords><TimeCreated SystemTime='2020-05-18T07:23:03.886303500Z'/><EventRecordID>3091</EventRecordID><Correlation/><Execution ProcessID='2844' ThreadID='3992'/><Channel>Microsoft-Windows-Sysmon/Operational</Channel><Computer>DESKTOP-P84STH6</Computer><Security UserID='S-1-5-18'/></System><EventData><Data Name='RuleName'></Data><Data Name='UtcTime'>2020-05-18 07:23:03.885</Data><Data Name='ProcessGuid'>{5d3d98af-37d4-5ec2-0000-0010264b5300}</Data><Data Name='ProcessId'>2436</Data><Data Name='Image'>C:\Users\NS\Desktop\123.exe</Data></EventData></Event><Event xmlns='http://schemas.microsoft.com/win/2004/08/events/event'><System><Provider Name='Microsoft-Windows-Sysmon' Guid='{5770385f-c22a-43e0-bf4c-06f5698ffbd9}'/><EventID>1</EventID><Version>5</Version><Level>4</Level><Task>1</Task><Opcode>0</Opcode><Keywords>0x8000000000000000</Keywords><TimeCreated SystemTime='2020-05-18T07:23:00.617212500Z'/><EventRecordID>3090</EventRecordID><Correlation/><Execution ProcessID='2844' ThreadID='3992'/><Channel>Microsoft-Windows-Sysmon/Operational</Channel><Computer>DESKTOP-P84STH6</Computer><Security UserID='S-1-5-18'/></System><EventData><Data Name='RuleName'></Data><Data Name='UtcTime'>2020-05-18 07:23:00.600</Data><Data Name='ProcessGuid'>{5d3d98af-37d4-5ec2-0000-0010264b5300}</Data><Data Name='ProcessId'>2436</Data><Data Name='Image'>C:\Users\NS\Desktop\123.exe</Data><Data Name='FileVersion'>?</Data><Data Name='Description'>?</Data><Data Name='Product'>?</Data><Data Name='Company'>?</Data><Data Name='OriginalFileName'>?</Data><Data Name='CommandLine'>C:\Users\NS\Desktop\123.exe</Data><Data Name='CurrentDirectory'>C:\Users\NS\Desktop\</Data><Data Name='User'>DESKTOP-P84STH6\NS</Data><Data Name='LogonGuid'>{5d3d98af-2592-5ec2-0000-00209cfc0300}</Data><Data Name='LogonId'>0x3fc9c</Data><Data Name='TerminalSessionId'>1</Data><Data Name='IntegrityLevel'>Medium</Data><Data Name='Hashes'>MD5=40FC41BFF379FA3A1C060B3E69082C7C,SHA256=C8C647EF35E8D681ABEAF7C14A7D0DFD8F749614DE71BAEF7C8B29F845FF957D,IMPHASH=5CE0188D2869DBC82465FA939585958E</Data><Data Name='ParentProcessGuid'>{5d3d98af-37d4-5ec2-0000-0010be3e5300}</Data><Data Name='ParentProcessId'>2624</Data><Data Name='ParentImage'>C:\Program Files (x86)\Dev-Cpp\ConsolePauser.exe</Data><Data Name='ParentCommandLine'>"C:\Program Files (x86)\Dev-Cpp\ConsolePauser.exe" "C:\Users\NS\Desktop\123.exe" </Data></EventData></Event><Event xmlns='http://schemas.microsoft.com/win/2004/08/events/event'><System><Provider Name='Microsoft-Windows-Sysmon' Guid='{5770385f-c22a-43e0-bf4c-06f5698ffbd9}'/><EventID>1</EventID><Version>5</Version><Level>4</Level><Task>1</Task><Opcode>0</Opcode><Keywords>0x8000000000000000</Keywords><TimeCreated SystemTime='2020-05-18T07:23:00.464005000Z'/><EventRecordID>3089</EventRecordID><Correlation/><Execution ProcessID='2844' ThreadID='3992'/><Channel>Microsoft-Windows-Sysmon/Operational</Channel><Computer>DESKTOP-P84STH6</Computer><Security UserID='S-1-5-18'/></System><EventData><Data Name='RuleName'></Data><Data Name='UtcTime'>2020-05-18 07:23:00.460</Data><Data Name='ProcessGuid'>{5d3d98af-37d4-5ec2-0000-0010be3e5300}</Data><Data Name='ProcessId'>2624</Data><Data Name='Image'>C:\Program Files (x86)\Dev-Cpp\ConsolePauser.exe</Data><Data Name='FileVersion'>?</Data><Data Name='Description'>?</Data><Data Name='Product'>?</Data><Data Name='Company'>?</Data><Data Name='OriginalFileName'>?</Data><Data Name='CommandLine'>"C:\Program Files (x86)\Dev-Cpp\ConsolePauser.exe" "C:\Users\NS\Desktop\123.exe" </Data><Data Name='CurrentDirectory'>C:\Users\NS\Desktop\</Data><Data Name='User'>DESKTOP-P84STH6\NS</Data><Data Name='LogonGuid'>{5d3d98af-2592-5ec2-0000-00209cfc0300}</Data><Data Name='LogonId'>0x3fc9c</Data><Data Name='TerminalSessionId'>1</Data><Data Name='IntegrityLevel'>Medium</Data><Data Name='Hashes'>MD5=59584636ADBEA41CA434D5D0594E6A75,SHA256=F04E5F949AE3B2B2882380F9B6D1F111891E5EA15FEF560BE9D13F39DC3A0B11,IMPHASH=C3B1A0A19A6F4E6177B2B8DB7F5A7930</Data><Data Name='ParentProcessGuid'>{5d3d98af-2c62-5ec2-0000-0010d4c33400}</Data><Data Name='ParentProcessId'>1144</Data><Data Name='ParentImage'>C:\Program Files (x86)\Dev-Cpp\devcpp.exe</Data><Data Name='ParentCommandLine'>"C:\Program Files (x86)\Dev-Cpp\devcpp.exe" </Data></EventData></Event><Event xmlns='http://schemas.microsoft.com/win/2004/08/events/event'><System><Provider Name='Microsoft-Windows-Sysmon' Guid='{5770385f-c22a-43e0-bf4c-06f5698ffbd9}'/><EventID>11</EventID><Version>2</Version><Level>4</Level><Task>11</Task><Opcode>0</Opcode><Keywords>0x8000000000000000</Keywords><TimeCreated SystemTime='2020-05-18T07:22:59.341678200Z'/><EventRecordID>3088</EventRecordID><Correlation/><Execution ProcessID='2844' ThreadID='3992'/><Channel>Microsoft-Windows-Sysmon/Operational</Channel><Computer>DESKTOP-P84STH6</Computer><Security UserID='S-1-5-18'/></System><EventData><Data Name='RuleName'>EXE</Data><Data Name='UtcTime'>2020-05-18 07:22:59.341</Data><Data Name='ProcessGuid'>{5d3d98af-37d3-5ec2-0000-0010c8355300}</Data><Data Name='ProcessId'>8048</Data><Data Name='Image'>C:\Program Files (x86)\Dev-Cpp\MinGW64\bin\..\lib\gcc\x86_64-w64-mingw32\4.9.2\..\..\..\..\x86_64-w64-mingw32\bin\ld.exe</Data><Data Name='TargetFilename'>C:\Users\NS\Desktop\123.exe</Data><Data Name='CreationUtcTime'>2020-05-18 06:52:01.832</Data></EventData></Event><Event xmlns='http://schemas.microsoft.com/win/2004/08/events/event'><System><Provider Name='Microsoft-Windows-Sysmon' Guid='{5770385f-c22a-43e0-bf4c-06f5698ffbd9}'/><EventID>1</EventID><Version>5</Version><Level>4</Level><Task>1</Task><Opcode>0</Opcode><Keywords>0x8000000000000000</Keywords><TimeCreated SystemTime='2020-05-18T07:22:59.324863300Z'/><EventRecordID>3087</EventRecordID><Correlation/><Execution ProcessID='2844' ThreadID='3992'/><Channel>Microsoft-Windows-Sysmon/Operational</Channel><Computer>DESKTOP-P84STH6</Computer><Security UserID='S-1-5-18'/></System><EventData><Data Name='RuleName'></Data><Data Name='UtcTime'>2020-05-18 07:22:59.322</Data><Data Name='ProcessGuid'>{5d3d98af-37d3-5ec2-0000-0010c8355300}</Data><Data Name='ProcessId'>8048</Data><Data Name='Image'>C:\Program Files (x86)\Dev-Cpp\MinGW64\x86_64-w64-mingw32\bin\ld.exe</Data><Data Name='FileVersion'>?</Data><Data Name='Description'>?</Data><Data Name='Product'>?</Data><Data Name='Company'>?</Data><Data Name='OriginalFileName'>?</Data><Data Name='CommandLine'>"C:/Program Files (x86)/Dev-Cpp/MinGW64/bin/../lib/gcc/x86_64-w64-mingw32/4.9.2/../../../../x86_64-w64-mingw32/bin/ld.exe" "-plugin" "C:/Program Files (x86)/Dev-Cpp/MinGW64/bin/../libexec/gcc/x86_64-w64-mingw32/4.9.2/liblto_plugin-0.dll" "-plugin-opt=C:/Program Files (x86)/Dev-Cpp/MinGW64/bin/../libexec/gcc/x86_64-w64-mingw32/4.9.2/lto-wrapper.exe" "-plugin-opt=-fresolution=C:\Users\NS\AppData\Local\Temp\cc7ZGBNR.res" "-plugin-opt=-pass-through=-lmingw32" "-plugin-opt=-pass-through=-lgcc" "-plugin-opt=-pass-through=-lmoldname" "-plugin-opt=-pass-through=-lmingwex" "-plugin-opt=-pass-through=-lmsvcrt" "-plugin-opt=-pass-through=-lpthread" "-plugin-opt=-pass-through=-ladvapi32" "-plugin-opt=-pass-through=-lshell32" "-plugin-opt=-pass-through=-luser32" "-plugin-opt=-pass-through=-lkernel32" "-plugin-opt=-pass-through=-lmingw32" "-plugin-opt=-pass-through=-lgcc" "-plugin-opt=-pass-through=-lmoldname" "-plugin-opt=-pass-through=-lmingwex" "-plugin-opt=-pass-through=-lmsvcrt" "-m" "i386pep" "--exclude-libs=libpthread.a" "-Bdynamic" "-o" "C:\Users\NS\Desktop\123.exe" "C:/Program Files (x86)/Dev-Cpp/MinGW64/bin/../lib/gcc/x86_64-w64-mingw32/4.9.2/../../../../x86_64-w64-mingw32/lib/../lib/crt2.o" "C:/Program Files (x86)/Dev-Cpp/MinGW64/bin/../lib/gcc/x86_64-w64-mingw32/4.9.2/../../../../x86_64-w64-mingw32/lib/../lib/crtbegin.o" "-LC:\Program Files (x86)\Dev-Cpp\MinGW64\lib" "-LC:\Program Files (x86)\Dev-Cpp\MinGW64\x86_64-w64-mingw32\lib" "-LC:/Program Files (x86)/Dev-Cpp/MinGW64/bin/../lib/gcc/x86_64-w64-mingw32/4.9.2" "-LC:/Program Files (x86)/Dev-Cpp/MinGW64/bin/../lib/gcc" "-LC:/Program Files (x86)/Dev-Cpp/MinGW64/bin/../lib/gcc/x86_64-w64-mingw32/4.9.2/../../../../x86_64-w64-mingw32/lib/../lib" "-LC:/Program Files (x86)/Dev-Cpp/MinGW64/bin/../lib/gcc/x86_64-w64-mingw32/4.9.2/../../../../lib" "-LC:/Program Files (x86)/Dev-Cpp/MinGW64/bin/../lib/gcc/x86_64-w64-mingw32/4.9.2/../../../../x86_64-w64-mingw32/lib" "-LC:/Program Files (x86)/Dev-Cpp/MinGW64/bin/../lib/gcc/x86_64-w64-mingw32/4.9.2/../../.." "C:\Users\NS\AppData\Local\Temp\ccIqbzev.o" "-Bstatic" "-lstdc++" "-Bdynamic" "-lmingw32" "-lgcc" "-lmoldname" "-lmingwex" "-lmsvcrt" "-lpthread" "-ladvapi32" "-lshell32" "-luser32" "-lkernel32" "-lmingw32" "-lgcc" "-lmoldname" "-lmingwex" "-lmsvcrt" "C:/Program Files (x86)/Dev-Cpp/MinGW64/bin/../lib/gcc/x86_64-w64-mingw32/4.9.2/../../../../x86_64-w64-mingw32/lib/../lib/crtend.o"</Data><Data Name='CurrentDirectory'>C:\Users\NS\Desktop\</Data><Data Name='User'>DESKTOP-P84STH6\NS</Data><Data Name='LogonGuid'>{5d3d98af-2592-5ec2-0000-00209cfc0300}</Data><Data Name='LogonId'>0x3fc9c</Data><Data Name='TerminalSessionId'>1</Data><Data Name='IntegrityLevel'>Medium</Data><Data Name='Hashes'>MD5=51B0EE90FFE28E76B7DAEC2F19613A33,SHA256=54F34CEBDAC8DAA3526FB6AC8212D972C4333423FB9B1045F640C07AAE768807,IMPHASH=57A9BD1C3468508C6D4C9D1A0AEEB961</Data><Data Name='ParentProcessGuid'>{5d3d98af-37d3-5ec2-0000-001009335300}</Data><Data Name='ParentProcessId'>5028</Data><Data Name='ParentImage'>C:\Program Files (x86)\Dev-Cpp\MinGW64\libexec\gcc\x86_64-w64-mingw32\4.9.2\collect2.exe</Data><Data Name='ParentCommandLine'>"C:/Program Files (x86)/Dev-Cpp/MinGW64/bin/../libexec/gcc/x86_64-w64-mingw32/4.9.2/collect2.exe" "-plugin" "C:/Program Files (x86)/Dev-Cpp/MinGW64/bin/../libexec/gcc/x86_64-w64-mingw32/4.9.2/liblto_plugin-0.dll" "-plugin-opt=C:/Program Files (x86)/Dev-Cpp/MinGW64/bin/../libexec/gcc/x86_64-w64-mingw32/4.9.2/lto-wrapper.exe" "-plugin-opt=-fresolution=C:\Users\NS\AppData\Local\Temp\cc7ZGBNR.res" "-plugin-opt=-pass-through=-lmingw32" "-plugin-opt=-pass-through=-lgcc" "-plugin-opt=-pass-through=-lmoldname" "-plugin-opt=-pass-through=-lmingwex" "-plugin-opt=-pass-through=-lmsvcrt" "-plugin-opt=-pass-through=-lpthread" "-plugin-opt=-pass-through=-ladvapi32" "-plugin-opt=-pass-through=-lshell32" "-plugin-opt=-pass-through=-luser32" "-plugin-opt=-pass-through=-lkernel32" "-plugin-opt=-pass-through=-lmingw32" "-plugin-opt=-pass-through=-lgcc" "-plugin-opt=-pass-through=-lmoldname" "-plugin-opt=-pass-through=-lmingwex" "-plugin-opt=-pass-through=-lmsvcrt" "-m" "i386pep" "--exclude-libs=libpthread.a" "-Bdynamic" "-o" "C:\Users\NS\Desktop\123.exe" "C:/Program Files (x86)/Dev-Cpp/MinGW64/bin/../lib/gcc/x86_64-w64-mingw32/4.9.2/../../../../x86_64-w64-mingw32/lib/../lib/crt2.o" "C:/Program Files (x86)/Dev-Cpp/MinGW64/bin/../lib/gcc/x86_64-w64-mingw32/4.9.2/../../../../x86_64-w64-mingw32/lib/../lib/crtbegin.o" "-LC:\Program Files (x86)\Dev-Cpp\MinGW64\lib" "-LC:\Program Files (x86)\Dev-Cpp\MinGW64\x86_64-w64-mingw32\lib" "-LC:/Program Files (x86)/Dev-Cpp/MinGW64/bin/../lib/gcc/x86_64-w64-mingw32/4.9.2" "-LC:/Program Files (x86)/Dev-Cpp/MinGW64/bin/../lib/gcc" "-LC:/Program Files (x86)/Dev-Cpp/MinGW64/bin/../lib/gcc/x86_64-w64-mingw32/4.9.2/../../../../x86_64-w64-mingw32/lib/../lib" "-LC:/Program Files (x86)/Dev-Cpp/MinGW64/bin/../lib/gcc/x86_64-w64-mingw32/4.9.2/../../../../lib" "-LC:/Program Files (x86)/Dev-Cpp/MinGW64/bin/../lib/gcc/x86_64-w64-mingw32/4.9.2/../../../../x86_64-w64-mingw32/lib" "-LC:/Program Files (x86)/Dev-Cpp/MinGW64/bin/../lib/gcc/x86_64-w64-mingw32/4.9.2/../../.." "C:\Users\NS\AppData\Local\Temp\ccIqbzev.o" "-Bstatic" "-lstdc++" "-Bdynamic" "-lmingw32" "-lgcc" "-lmoldname" "-lmingwex" "-lmsvcrt" "-lpthread" "-ladvapi32" "-lshell32" "-luser32" "-lkernel32" "-lmingw32" "-lgcc" "-lmoldname" "-lmingwex" "-lmsvcrt" "C:/Program Files (x86)/Dev-Cpp/MinGW64/bin/../lib/gcc/x86_64-w64-mingw32/4.9.2/../../../../x86_64-w64-mingw32/lib/../lib/crtend.o"</Data></EventData></Event><Event xmlns='http://schemas.microsoft.com/win/2004/08/events/event'><System><Provider Name='Microsoft-Windows-Sysmon' Guid='{5770385f-c22a-43e0-bf4c-06f5698ffbd9}'/><EventID>1</EventID><Version>5</Version><Level>4</Level><Task>1</Task><Opcode>0</Opcode><Keywords>0x8000000000000000</Keywords><TimeCreated SystemTime='2020-05-18T07:22:59.303937700Z'/><EventRecordID>3086</EventRecordID><Correlation/><Execution ProcessID='2844' ThreadID='3992'/><Channel>Microsoft-Windows-Sysmon/Operational</Channel><Computer>DESKTOP-P84STH6</Computer><Security UserID='S-1-5-18'/></System><EventData><Data Name='RuleName'></Data><Data Name='UtcTime'>2020-05-18 07:22:59.301</Data><Data Name='ProcessGuid'>{5d3d98af-37d3-5ec2-0000-001009335300}</Data><Data Name='ProcessId'>5028</Data><Data Name='Image'>C:\Program Files (x86)\Dev-Cpp\MinGW64\libexec\gcc\x86_64-w64-mingw32\4.9.2\collect2.exe</Data><Data Name='FileVersion'>?</Data><Data Name='Description'>?</Data><Data Name='Product'>?</Data><Data Name='Company'>?</Data><Data Name='OriginalFileName'>?</Data><Data Name='CommandLine'>"C:/Program Files (x86)/Dev-Cpp/MinGW64/bin/../libexec/gcc/x86_64-w64-mingw32/4.9.2/collect2.exe" "-plugin" "C:/Program Files (x86)/Dev-Cpp/MinGW64/bin/../libexec/gcc/x86_64-w64-mingw32/4.9.2/liblto_plugin-0.dll" "-plugin-opt=C:/Program Files (x86)/Dev-Cpp/MinGW64/bin/../libexec/gcc/x86_64-w64-mingw32/4.9.2/lto-wrapper.exe" "-plugin-opt=-fresolution=C:\Users\NS\AppData\Local\Temp\cc7ZGBNR.res" "-plugin-opt=-pass-through=-lmingw32" "-plugin-opt=-pass-through=-lgcc" "-plugin-opt=-pass-through=-lmoldname" "-plugin-opt=-pass-through=-lmingwex" "-plugin-opt=-pass-through=-lmsvcrt" "-plugin-opt=-pass-through=-lpthread" "-plugin-opt=-pass-through=-ladvapi32" "-plugin-opt=-pass-through=-lshell32" "-plugin-opt=-pass-through=-luser32" "-plugin-opt=-pass-through=-lkernel32" "-plugin-opt=-pass-through=-lmingw32" "-plugin-opt=-pass-through=-lgcc" "-plugin-opt=-pass-through=-lmoldname" "-plugin-opt=-pass-through=-lmingwex" "-plugin-opt=-pass-through=-lmsvcrt" "-m" "i386pep" "--exclude-libs=libpthread.a" "-Bdynamic" "-o" "C:\Users\NS\Desktop\123.exe" "C:/Program Files (x86)/Dev-Cpp/MinGW64/bin/../lib/gcc/x86_64-w64-mingw32/4.9.2/../../../../x86_64-w64-mingw32/lib/../lib/crt2.o" "C:/Program Files (x86)/Dev-Cpp/MinGW64/bin/../lib/gcc/x86_64-w64-mingw32/4.9.2/../../../../x86_64-w64-mingw32/lib/../lib/crtbegin.o" "-LC:\Program Files (x86)\Dev-Cpp\MinGW64\lib" "-LC:\Program Files (x86)\Dev-Cpp\MinGW64\x86_64-w64-mingw32\lib" "-LC:/Program Files (x86)/Dev-Cpp/MinGW64/bin/../lib/gcc/x86_64-w64-mingw32/4.9.2" "-LC:/Program Files (x86)/Dev-Cpp/MinGW64/bin/../lib/gcc" "-LC:/Program Files (x86)/Dev-Cpp/MinGW64/bin/../lib/gcc/x86_64-w64-mingw32/4.9.2/../../../../x86_64-w64-mingw32/lib/../lib" "-LC:/Program Files (x86)/Dev-Cpp/MinGW64/bin/../lib/gcc/x86_64-w64-mingw32/4.9.2/../../../../lib" "-LC:/Program Files (x86)/Dev-Cpp/MinGW64/bin/../lib/gcc/x86_64-w64-mingw32/4.9.2/../../../../x86_64-w64-mingw32/lib" "-LC:/Program Files (x86)/Dev-Cpp/MinGW64/bin/../lib/gcc/x86_64-w64-mingw32/4.9.2/../../.." "C:\Users\NS\AppData\Local\Temp\ccIqbzev.o" "-Bstatic" "-lstdc++" "-Bdynamic" "-lmingw32" "-lgcc" "-lmoldname" "-lmingwex" "-lmsvcrt" "-lpthread" "-ladvapi32" "-lshell32" "-luser32" "-lkernel32" "-lmingw32" "-lgcc" "-lmoldname" "-lmingwex" "-lmsvcrt" "C:/Program Files (x86)/Dev-Cpp/MinGW64/bin/../lib/gcc/x86_64-w64-mingw32/4.9.2/../../../../x86_64-w64-mingw32/lib/../lib/crtend.o"</Data><Data Name='CurrentDirectory'>C:\Users\NS\Desktop\</Data><Data Name='User'>DESKTOP-P84STH6\NS</Data><Data Name='LogonGuid'>{5d3d98af-2592-5ec2-0000-00209cfc0300}</Data><Data Name='LogonId'>0x3fc9c</Data><Data Name='TerminalSessionId'>1</Data><Data Name='IntegrityLevel'>Medium</Data><Data Name='Hashes'>MD5=54BFCED9449A80338757DFD5FAE78E46,SHA256=7BB3D84DE74BC8339BF2B185F630C40A57181B5786723E9B6F03D295F5E546E3,IMPHASH=451FFA25CE7F1DAEDE896E825B686A9A</Data><Data Name='ParentProcessGuid'>{5d3d98af-37d2-5ec2-0000-0010d3245300}</Data><Data Name='ParentProcessId'>2236</Data><Data Name='ParentImage'>C:\Program Files (x86)\Dev-Cpp\MinGW64\bin\g++.exe</Data><Data Name='ParentCommandLine'>g++.exe "C:\Users\NS\Desktop\123.cpp" -o "C:\Users\NS\Desktop\123.exe"  -I"C:\Program Files (x86)\Dev-Cpp\MinGW64\include" -I"C:\Program Files (x86)\Dev-Cpp\MinGW64\x86_64-w64-mingw32\include" -I"C:\Program Files (x86)\Dev-Cpp\MinGW64\lib\gcc\x86_64-w64-mingw32\4.9.2\include" -I"C:\Program Files (x86)\Dev-Cpp\MinGW64\lib\gcc\x86_64-w64-mingw32\4.9.2\include\c++" -L"C:\Program Files (x86)\Dev-Cpp\MinGW64\lib" -L"C:\Program Files (x86)\Dev-Cpp\MinGW64\x86_64-w64-mingw32\lib" -static-libgcc</Data></EventData></Event><Event xmlns='http://schemas.microsoft.com/win/2004/08/events/event'><System><Provider Name='Microsoft-Windows-Sysmon' Guid='{5770385f-c22a-43e0-bf4c-06f5698ffbd9}'/><EventID>1</EventID><Version>5</Version><Level>4</Level><Task>1</Task><Opcode>0</Opcode><Keywords>0x8000000000000000</Keywords><TimeCreated SystemTime='2020-05-18T07:22:59.272025300Z'/><EventRecordID>3085</EventRecordID><Correlation/><Execution ProcessID='2844' ThreadID='3992'/><Channel>Microsoft-Windows-Sysmon/Operational</Channel><Computer>DESKTOP-P84STH6</Computer><Security UserID='S-1-5-18'/></System><EventData><Data Name='RuleName'></Data><Data Name='UtcTime'>2020-05-18 07:22:59.269</Data><Data Name='ProcessGuid'>{5d3d98af-37d3-5ec2-0000-0010682f5300}</Data><Data Name='ProcessId'>6040</Data><Data Name='Image'>C:\Program Files (x86)\Dev-Cpp\MinGW64\x86_64-w64-mingw32\bin\as.exe</Data><Data Name='FileVersion'>?</Data><Data Name='Description'>?</Data><Data Name='Product'>?</Data><Data Name='Company'>?</Data><Data Name='OriginalFileName'>?</Data><Data Name='CommandLine'>"C:/Program Files (x86)/Dev-Cpp/MinGW64/bin/../lib/gcc/x86_64-w64-mingw32/4.9.2/../../../../x86_64-w64-mingw32/bin/as.exe" "-I" "C:\Program Files (x86)\Dev-Cpp\MinGW64\include" "-I" "C:\Program Files (x86)\Dev-Cpp\MinGW64\x86_64-w64-mingw32\include" "-I" "C:\Program Files (x86)\Dev-Cpp\MinGW64\lib\gcc\x86_64-w64-mingw32\4.9.2\include" "-I" "C:\Program Files (x86)\Dev-Cpp\MinGW64\lib\gcc\x86_64-w64-mingw32\4.9.2\include\c++" "-o" "C:\Users\NS\AppData\Local\Temp\ccIqbzev.o" "C:\Users\NS\AppData\Local\Temp\ccpmOt3a.s"</Data><Data Name='CurrentDirectory'>C:\Users\NS\Desktop\</Data><Data Name='User'>DESKTOP-P84STH6\NS</Data><Data Name='LogonGuid'>{5d3d98af-2592-5ec2-0000-00209cfc0300}</Data><Data Name='LogonId'>0x3fc9c</Data><Data Name='TerminalSessionId'>1</Data><Data Name='IntegrityLevel'>Medium</Data><Data Name='Hashes'>MD5=AEEB13679FDCB4E998D846955AD88AF9,SHA256=B20E121E6C1D901257566431076D703FD44A0B5CC31D6A7DCAB50C83C50C2CDC,IMPHASH=BA4D2E00A06C6D24F5DD124FC983317D</Data><Data Name='ParentProcessGuid'>{5d3d98af-37d2-5ec2-0000-0010d3245300}</Data><Data Name='ParentProcessId'>2236</Data><Data Name='ParentImage'>C:\Program Files (x86)\Dev-Cpp\MinGW64\bin\g++.exe</Data><Data Name='ParentCommandLine'>g++.exe "C:\Users\NS\Desktop\123.cpp" -o "C:\Users\NS\Desktop\123.exe"  -I"C:\Program Files (x86)\Dev-Cpp\MinGW64\include" -I"C:\Program Files (x86)\Dev-Cpp\MinGW64\x86_64-w64-mingw32\include" -I"C:\Program Files (x86)\Dev-Cpp\MinGW64\lib\gcc\x86_64-w64-mingw32\4.9.2\include" -I"C:\Program Files (x86)\Dev-Cpp\MinGW64\lib\gcc\x86_64-w64-mingw32\4.9.2\include\c++" -L"C:\Program Files (x86)\Dev-Cpp\MinGW64\lib" -L"C:\Program Files (x86)\Dev-Cpp\MinGW64\x86_64-w64-mingw32\lib" -static-libgcc</Data></EventData></Event><Event xmlns='http://schemas.microsoft.com/win/2004/08/events/event'><System><Provider Name='Microsoft-Windows-Sysmon' Guid='{5770385f-c22a-43e0-bf4c-06f5698ffbd9}'/><EventID>1</EventID><Version>5</Version><Level>4</Level><Task>1</Task><Opcode>0</Opcode><Keywords>0x8000000000000000</Keywords><TimeCreated SystemTime='2020-05-18T07:22:59.034867600Z'/><EventRecordID>3084</EventRecordID><Correlation/><Execution ProcessID='2844' ThreadID='3992'/><Channel>Microsoft-Windows-Sysmon/Operational</Channel><Computer>DESKTOP-P84STH6</Computer><Security UserID='S-1-5-18'/></System><EventData><Data Name='RuleName'></Data><Data Name='UtcTime'>2020-05-18 07:22:59.032</Data><Data Name='ProcessGuid'>{5d3d98af-37d3-5ec2-0000-0010d2295300}</Data><Data Name='ProcessId'>5256</Data><Data Name='Image'>C:\Program Files (x86)\Dev-Cpp\MinGW64\libexec\gcc\x86_64-w64-mingw32\4.9.2\cc1plus.exe</Data><Data Name='FileVersion'>?</Data><Data Name='Description'>?</Data><Data Name='Product'>?</Data><Data Name='Company'>?</Data><Data Name='OriginalFileName'>?</Data><Data Name='CommandLine'>"C:/Program Files (x86)/Dev-Cpp/MinGW64/bin/../libexec/gcc/x86_64-w64-mingw32/4.9.2/cc1plus.exe" "-quiet" "-I" "C:\Program Files (x86)\Dev-Cpp\MinGW64\include" "-I" "C:\Program Files (x86)\Dev-Cpp\MinGW64\x86_64-w64-mingw32\include" "-I" "C:\Program Files (x86)\Dev-Cpp\MinGW64\lib\gcc\x86_64-w64-mingw32\4.9.2\include" "-I" "C:\Program Files (x86)\Dev-Cpp\MinGW64\lib\gcc\x86_64-w64-mingw32\4.9.2\include\c++" "-iprefix" "C:/Program Files (x86)/Dev-Cpp/MinGW64/bin/../lib/gcc/x86_64-w64-mingw32/4.9.2/" "-D_REENTRANT" "C:\Users\NS\Desktop\123.cpp" "-quiet" "-dumpbase" "123.cpp" "-mtune=generic" "-march=x86-64" "-auxbase" "123" "-o" "C:\Users\NS\AppData\Local\Temp\ccpmOt3a.s"</Data><Data Name='CurrentDirectory'>C:\Users\NS\Desktop\</Data><Data Name='User'>DESKTOP-P84STH6\NS</Data><Data Name='LogonGuid'>{5d3d98af-2592-5ec2-0000-00209cfc0300}</Data><Data Name='LogonId'>0x3fc9c</Data><Data Name='TerminalSessionId'>1</Data><Data Name='IntegrityLevel'>Medium</Data><Data Name='Hashes'>MD5=B9EE0C71E5E4D9F7782DF674C3DB080B,SHA256=FAF6A0318D307137A6790787D0318D73E664189770B9F980643E8CBED5726B6B,IMPHASH=2D7BAB1D825FED300E54404334F52F62</Data><Data Name='ParentProcessGuid'>{5d3d98af-37d2-5ec2-0000-0010d3245300}</Data><Data Name='ParentProcessId'>2236</Data><Data Name='ParentImage'>C:\Program Files (x86)\Dev-Cpp\MinGW64\bin\g++.exe</Data><Data Name='ParentCommandLine'>g++.exe "C:\Users\NS\Desktop\123.cpp" -o "C:\Users\NS\Desktop\123.exe"  -I"C:\Program Files (x86)\Dev-Cpp\MinGW64\include" -I"C:\Program Files (x86)\Dev-Cpp\MinGW64\x86_64-w64-mingw32\include" -I"C:\Program Files (x86)\Dev-Cpp\MinGW64\lib\gcc\x86_64-w64-mingw32\4.9.2\include" -I"C:\Program Files (x86)\Dev-Cpp\MinGW64\lib\gcc\x86_64-w64-mingw32\4.9.2\include\c++" -L"C:\Program Files (x86)\Dev-Cpp\MinGW64\lib" -L"C:\Program Files (x86)\Dev-Cpp\MinGW64\x86_64-w64-mingw32\lib" -static-libgcc</Data></EventData></Event><Event xmlns='http://schemas.microsoft.com/win/2004/08/events/event'><System><Provider Name='Microsoft-Windows-Sysmon' Guid='{5770385f-c22a-43e0-bf4c-06f5698ffbd9}'/><EventID>1</EventID><Version>5</Version><Level>4</Level><Task>1</Task><Opcode>0</Opcode><Keywords>0x8000000000000000</Keywords><TimeCreated SystemTime='2020-05-18T07:22:58.974193700Z'/><EventRecordID>3083</EventRecordID><Correlation/><Execution ProcessID='2844' ThreadID='3992'/><Channel>Microsoft-Windows-Sysmon/Operational</Channel><Computer>DESKTOP-P84STH6</Computer><Security UserID='S-1-5-18'/></System><EventData><Data Name='RuleName'></Data><Data Name='UtcTime'>2020-05-18 07:22:58.971</Data><Data Name='ProcessGuid'>{5d3d98af-37d2-5ec2-0000-0010d3245300}</Data><Data Name='ProcessId'>2236</Data><Data Name='Image'>C:\Program Files (x86)\Dev-Cpp\MinGW64\bin\g++.exe</Data><Data Name='FileVersion'>?</Data><Data Name='Description'>?</Data><Data Name='Product'>?</Data><Data Name='Company'>?</Data><Data Name='OriginalFileName'>?</Data><Data Name='CommandLine'>g++.exe "C:\Users\NS\Desktop\123.cpp" -o "C:\Users\NS\Desktop\123.exe"  -I"C:\Program Files (x86)\Dev-Cpp\MinGW64\include" -I"C:\Program Files (x86)\Dev-Cpp\MinGW64\x86_64-w64-mingw32\include" -I"C:\Program Files (x86)\Dev-Cpp\MinGW64\lib\gcc\x86_64-w64-mingw32\4.9.2\include" -I"C:\Program Files (x86)\Dev-Cpp\MinGW64\lib\gcc\x86_64-w64-mingw32\4.9.2\include\c++" -L"C:\Program Files (x86)\Dev-Cpp\MinGW64\lib" -L"C:\Program Files (x86)\Dev-Cpp\MinGW64\x86_64-w64-mingw32\lib" -static-libgcc</Data><Data Name='CurrentDirectory'>C:\Users\NS\Desktop\</Data><Data Name='User'>DESKTOP-P84STH6\NS</Data><Data Name='LogonGuid'>{5d3d98af-2592-5ec2-0000-00209cfc0300}</Data><Data Name='LogonId'>0x3fc9c</Data><Data Name='TerminalSessionId'>1</Data><Data Name='IntegrityLevel'>Medium</Data><Data Name='Hashes'>MD5=AFEEC4FDB9B8D40329AD6AD4D8D41C8D,SHA256=A0BD885DA2A1A64641D84A3517A9C8C72FF5137F1ABE7F70B3A902444E25BA6F,IMPHASH=714DC860A8E1ABCB266002837F231F40</Data><Data Name='ParentProcessGuid'>{5d3d98af-2c62-5ec2-0000-0010d4c33400}</Data><Data Name='ParentProcessId'>1144</Data><Data Name='ParentImage'>C:\Program Files (x86)\Dev-Cpp\devcpp.exe</Data><Data Name='ParentCommandLine'>"C:\Program Files (x86)\Dev-Cpp\devcpp.exe" </Data></EventData></Event><Event xmlns='http://schemas.microsoft.com/win/2004/08/events/event'><System><Provider Name='Microsoft-Windows-Sysmon' Guid='{5770385f-c22a-43e0-bf4c-06f5698ffbd9}'/><EventID>1</EventID><Version>5</Version><Level>4</Level><Task>1</Task><Opcode>0</Opcode><Keywords>0x8000000000000000</Keywords><TimeCreated SystemTime='2020-05-18T07:22:39.814565200Z'/><EventRecordID>3082</EventRecordID><Correlation/><Execution ProcessID='2844' ThreadID='3992'/><Channel>Microsoft-Windows-Sysmon/Operational</Channel><Computer>DESKTOP-P84STH6</Computer><Security UserID='S-1-5-18'/></System><EventData><Data Name='RuleName'></Data><Data Name='UtcTime'>2020-05-18 07:22:39.811</Data><Data Name='ProcessGuid'>{5d3d98af-37bf-5ec2-0000-001017e45200}</Data><Data Name='ProcessId'>5260</Data><Data Name='Image'>C:\Windows\SysWOW64\cmd.exe</Data><Data Name='FileVersion'>10.0.18362.1 (WinBuild.160101.0800)</Data><Data Name='Description'>Windows Command Processor</Data><Data Name='Product'>Microsoft® Windows® Operating System</Data><Data Name='Company'>Microsoft Corporation</Data><Data Name='OriginalFileName'>Cmd.Exe</Data><Data Name='CommandLine'>C:\Windows\system32\cmd.exe /c pause</Data><Data Name='CurrentDirectory'>C:\Users\NS\Desktop\</Data><Data Name='User'>DESKTOP-P84STH6\NS</Data><Data Name='LogonGuid'>{5d3d98af-2592-5ec2-0000-00209cfc0300}</Data><Data Name='LogonId'>0x3fc9c</Data><Data Name='TerminalSessionId'>1</Data><Data Name='IntegrityLevel'>Medium</Data><Data Name='Hashes'>MD5=4943BA1A9B41D69643F69685E35B2943,SHA256=6AEEA6272E1C304D1B8907B9258513AA27CF2F35F10B76365CA8567CABB70459,IMPHASH=392B4D61B1D1DADC1F06444DF258188A</Data><Data Name='ParentProcessGuid'>{5d3d98af-37ba-5ec2-0000-0010b5c25200}</Data><Data Name='ParentProcessId'>4064</Data><Data Name='ParentImage'>C:\Program Files (x86)\Dev-Cpp\ConsolePauser.exe</Data><Data Name='ParentCommandLine'>"C:\Program Files (x86)\Dev-Cpp\ConsolePauser.exe" "C:\Users\NS\Desktop\123.exe" </Data></EventData></Event><Event xmlns='http://schemas.microsoft.com/win/2004/08/events/event'><System><Provider Name='Microsoft-Windows-Sysmon' Guid='{5770385f-c22a-43e0-bf4c-06f5698ffbd9}'/><EventID>5</EventID><Version>3</Version><Level>4</Level><Task>5</Task><Opcode>0</Opcode><Keywords>0x8000000000000000</Keywords><TimeCreated SystemTime='2020-05-18T07:22:39.799148500Z'/><EventRecordID>3081</EventRecordID><Correlation/><Execution ProcessID='2844' ThreadID='3992'/><Channel>Microsoft-Windows-Sysmon/Operational</Channel><Computer>DESKTOP-P84STH6</Computer><Security UserID='S-1-5-18'/></System><EventData><Data Name='RuleName'></Data><Data Name='UtcTime'>2020-05-18 07:22:39.798</Data><Data Name='ProcessGuid'>{5d3d98af-37ba-5ec2-0000-001035d15200}</Data><Data Name='ProcessId'>7056</Data><Data Name='Image'>C:\Users\NS\Desktop\123.exe</Data></EventData></Event><Event xmlns='http://schemas.microsoft.com/win/2004/08/events/event'><System><Provider Name='Microsoft-Windows-Sysmon' Guid='{5770385f-c22a-43e0-bf4c-06f5698ffbd9}'/><EventID>1</EventID><Version>5</Version><Level>4</Level><Task>1</Task><Opcode>0</Opcode><Keywords>0x8000000000000000</Keywords><TimeCreated SystemTime='2020-05-18T07:22:34.403580700Z'/><EventRecordID>3080</EventRecordID><Correlation/><Execution ProcessID='2844' ThreadID='3992'/><Channel>Microsoft-Windows-Sysmon/Operational</Channel><Computer>DESKTOP-P84STH6</Computer><Security UserID='S-1-5-18'/></System><EventData><Data Name='RuleName'></Data><Data Name='UtcTime'>2020-05-18 07:22:34.385</Data><Data Name='ProcessGuid'>{5d3d98af-37ba-5ec2-0000-001035d15200}</Data><Data Name='ProcessId'>7056</Data><Data Name='Image'>C:\Users\NS\Desktop\123.exe</Data><Data Name='FileVersion'>?</Data><Data Name='Description'>?</Data><Data Name='Product'>?</Data><Data Name='Company'>?</Data><Data Name='OriginalFileName'>?</Data><Data Name='CommandLine'>C:\Users\NS\Desktop\123.exe</Data><Data Name='CurrentDirectory'>C:\Users\NS\Desktop\</Data><Data Name='User'>DESKTOP-P84STH6\NS</Data><Data Name='LogonGuid'>{5d3d98af-2592-5ec2-0000-00209cfc0300}</Data><Data Name='LogonId'>0x3fc9c</Data><Data Name='TerminalSessionId'>1</Data><Data Name='IntegrityLevel'>Medium</Data><Data Name='Hashes'>MD5=019828DA82DBB63B42D9D487E4A55A9E,SHA256=0058379D8A02ADB23CE3926D70EDF5CC2D74292C59A6DC78D69432082FBB171E,IMPHASH=5CE0188D2869DBC82465FA939585958E</Data><Data Name='ParentProcessGuid'>{5d3d98af-37ba-5ec2-0000-0010b5c25200}</Data><Data Name='ParentProcessId'>4064</Data><Data Name='ParentImage'>C:\Program Files (x86)\Dev-Cpp\ConsolePauser.exe</Data><Data Name='ParentCommandLine'>"C:\Program Files (x86)\Dev-Cpp\ConsolePauser.exe" "C:\Users\NS\Desktop\123.exe" </Data></EventData></Event><Event xmlns='http://schemas.microsoft.com/win/2004/08/events/event'><System><Provider Name='Microsoft-Windows-Sysmon' Guid='{5770385f-c22a-43e0-bf4c-06f5698ffbd9}'/><EventID>1</EventID><Version>5</Version><Level>4</Level><Task>1</Task><Opcode>0</Opcode><Keywords>0x8000000000000000</Keywords><TimeCreated SystemTime='2020-05-18T07:22:34.223303500Z'/><EventRecordID>3079</EventRecordID><Correlation/><Execution ProcessID='2844' ThreadID='3992'/><Channel>Microsoft-Windows-Sysmon/Operational</Channel><Computer>DESKTOP-P84STH6</Computer><Security UserID='S-1-5-18'/></System><EventData><Data Name='RuleName'></Data><Data Name='UtcTime'>2020-05-18 07:22:34.220</Data><Data Name='ProcessGuid'>{5d3d98af-37ba-5ec2-0000-0010b5c25200}</Data><Data Name='ProcessId'>4064</Data><Data Name='Image'>C:\Program Files (x86)\Dev-Cpp\ConsolePauser.exe</Data><Data Name='FileVersion'>?</Data><Data Name='Description'>?</Data><Data Name='Product'>?</Data><Data Name='Company'>?</Data><Data Name='OriginalFileName'>?</Data><Data Name='CommandLine'>"C:\Program Files (x86)\Dev-Cpp\ConsolePauser.exe" "C:\Users\NS\Desktop\123.exe" </Data><Data Name='CurrentDirectory'>C:\Users\NS\Desktop\</Data><Data Name='User'>DESKTOP-P84STH6\NS</Data><Data Name='LogonGuid'>{5d3d98af-2592-5ec2-0000-00209cfc0300}</Data><Data Name='LogonId'>0x3fc9c</Data><Data Name='TerminalSessionId'>1</Data><Data Name='IntegrityLevel'>Medium</Data><Data Name='Hashes'>MD5=59584636ADBEA41CA434D5D0594E6A75,SHA256=F04E5F949AE3B2B2882380F9B6D1F111891E5EA15FEF560BE9D13F39DC3A0B11,IMPHASH=C3B1A0A19A6F4E6177B2B8DB7F5A7930</Data><Data Name='ParentProcessGuid'>{5d3d98af-2c62-5ec2-0000-0010d4c33400}</Data><Data Name='ParentProcessId'>1144</Data><Data Name='ParentImage'>C:\Program Files (x86)\Dev-Cpp\devcpp.exe</Data><Data Name='ParentCommandLine'>"C:\Program Files (x86)\Dev-Cpp\devcpp.exe" </Data></EventData></Event><Event xmlns='http://schemas.microsoft.com/win/2004/08/events/event'><System><Provider Name='Microsoft-Windows-Sysmon' Guid='{5770385f-c22a-43e0-bf4c-06f5698ffbd9}'/><EventID>11</EventID><Version>2</Version><Level>4</Level><Task>11</Task><Opcode>0</Opcode><Keywords>0x8000000000000000</Keywords><TimeCreated SystemTime='2020-05-18T07:22:32.988278200Z'/><EventRecordID>3078</EventRecordID><Correlation/><Execution ProcessID='2844' ThreadID='3992'/><Channel>Microsoft-Windows-Sysmon/Operational</Channel><Computer>DESKTOP-P84STH6</Computer><Security UserID='S-1-5-18'/></System><EventData><Data Name='RuleName'>EXE</Data><Data Name='UtcTime'>2020-05-18 07:22:32.987</Data><Data Name='ProcessGuid'>{5d3d98af-37b8-5ec2-0000-0010f2b25200}</Data><Data Name='ProcessId'>4412</Data><Data Name='Image'>C:\Program Files (x86)\Dev-Cpp\MinGW64\bin\..\lib\gcc\x86_64-w64-mingw32\4.9.2\..\..\..\..\x86_64-w64-mingw32\bin\ld.exe</Data><Data Name='TargetFilename'>C:\Users\NS\Desktop\123.exe</Data><Data Name='CreationUtcTime'>2020-05-18 06:52:01.832</Data></EventData></Event><Event xmlns='http://schemas.microsoft.com/win/2004/08/events/event'><System><Provider Name='Microsoft-Windows-Sysmon' Guid='{5770385f-c22a-43e0-bf4c-06f5698ffbd9}'/><EventID>1</EventID><Version>5</Version><Level>4</Level><Task>1</Task><Opcode>0</Opcode><Keywords>0x8000000000000000</Keywords><TimeCreated SystemTime='2020-05-18T07:22:32.971611800Z'/><EventRecordID>3077</EventRecordID><Correlation/><Execution ProcessID='2844' ThreadID='3992'/><Channel>Microsoft-Windows-Sysmon/Operational</Channel><Computer>DESKTOP-P84STH6</Computer><Security UserID='S-1-5-18'/></System><EventData><Data Name='RuleName'></Data><Data Name='UtcTime'>2020-05-18 07:22:32.969</Data><Data Name='ProcessGuid'>{5d3d98af-37b8-5ec2-0000-0010f2b25200}</Data><Data Name='ProcessId'>4412</Data><Data Name='Image'>C:\Program Files (x86)\Dev-Cpp\MinGW64\x86_64-w64-mingw32\bin\ld.exe</Data><Data Name='FileVersion'>?</Data><Data Name='Description'>?</Data><Data Name='Product'>?</Data><Data Name='Company'>?</Data><Data Name='OriginalFileName'>?</Data><Data Name='CommandLine'>"C:/Program Files (x86)/Dev-Cpp/MinGW64/bin/../lib/gcc/x86_64-w64-mingw32/4.9.2/../../../../x86_64-w64-mingw32/bin/ld.exe" "-plugin" "C:/Program Files (x86)/Dev-Cpp/MinGW64/bin/../libexec/gcc/x86_64-w64-mingw32/4.9.2/liblto_plugin-0.dll" "-plugin-opt=C:/Program Files (x86)/Dev-Cpp/MinGW64/bin/../libexec/gcc/x86_64-w64-mingw32/4.9.2/lto-wrapper.exe" "-plugin-opt=-fresolution=C:\Users\NS\AppData\Local\Temp\ccWc6VG5.res" "-plugin-opt=-pass-through=-lmingw32" "-plugin-opt=-pass-through=-lgcc" "-plugin-opt=-pass-through=-lmoldname" "-plugin-opt=-pass-through=-lmingwex" "-plugin-opt=-pass-through=-lmsvcrt" "-plugin-opt=-pass-through=-lpthread" "-plugin-opt=-pass-through=-ladvapi32" "-plugin-opt=-pass-through=-lshell32" "-plugin-opt=-pass-through=-luser32" "-plugin-opt=-pass-through=-lkernel32" "-plugin-opt=-pass-through=-lmingw32" "-plugin-opt=-pass-through=-lgcc" "-plugin-opt=-pass-through=-lmoldname" "-plugin-opt=-pass-through=-lmingwex" "-plugin-opt=-pass-through=-lmsvcrt" "-m" "i386pep" "--exclude-libs=libpthread.a" "-Bdynamic" "-o" "C:\Users\NS\Desktop\123.exe" "C:/Program Files (x86)/Dev-Cpp/MinGW64/bin/../lib/gcc/x86_64-w64-mingw32/4.9.2/../../../../x86_64-w64-mingw32/lib/../lib/crt2.o" "C:/Program Files (x86)/Dev-Cpp/MinGW64/bin/../lib/gcc/x86_64-w64-mingw32/4.9.2/../../../../x86_64-w64-mingw32/lib/../lib/crtbegin.o" "-LC:\Program Files (x86)\Dev-Cpp\MinGW64\lib" "-LC:\Program Files (x86)\Dev-Cpp\MinGW64\x86_64-w64-mingw32\lib" "-LC:/Program Files (x86)/Dev-Cpp/MinGW64/bin/../lib/gcc/x86_64-w64-mingw32/4.9.2" "-LC:/Program Files (x86)/Dev-Cpp/MinGW64/bin/../lib/gcc" "-LC:/Program Files (x86)/Dev-Cpp/MinGW64/bin/../lib/gcc/x86_64-w64-mingw32/4.9.2/../../../../x86_64-w64-mingw32/lib/../lib" "-LC:/Program Files (x86)/Dev-Cpp/MinGW64/bin/../lib/gcc/x86_64-w64-mingw32/4.9.2/../../../../lib" "-LC:/Program Files (x86)/Dev-Cpp/MinGW64/bin/../lib/gcc/x86_64-w64-mingw32/4.9.2/../../../../x86_64-w64-mingw32/lib" "-LC:/Program Files (x86)/Dev-Cpp/MinGW64/bin/../lib/gcc/x86_64-w64-mingw32/4.9.2/../../.." "C:\Users\NS\AppData\Local\Temp\cccRxU50.o" "-Bstatic" "-lstdc++" "-Bdynamic" "-lmingw32" "-lgcc" "-lmoldname" "-lmingwex" "-lmsvcrt" "-lpthread" "-ladvapi32" "-lshell32" "-luser32" "-lkernel32" "-lmingw32" "-lgcc" "-lmoldname" "-lmingwex" "-lmsvcrt" "C:/Program Files (x86)/Dev-Cpp/MinGW64/bin/../lib/gcc/x86_64-w64-mingw32/4.9.2/../../../../x86_64-w64-mingw32/lib/../lib/crtend.o"</Data><Data Name='CurrentDirectory'>C:\Users\NS\Desktop\</Data><Data Name='User'>DESKTOP-P84STH6\NS</Data><Data Name='LogonGuid'>{5d3d98af-2592-5ec2-0000-00209cfc0300}</Data><Data Name='LogonId'>0x3fc9c</Data><Data Name='TerminalSessionId'>1</Data><Data Name='IntegrityLevel'>Medium</Data><Data Name='Hashes'>MD5=51B0EE90FFE28E76B7DAEC2F19613A33,SHA256=54F34CEBDAC8DAA3526FB6AC8212D972C4333423FB9B1045F640C07AAE768807,IMPHASH=57A9BD1C3468508C6D4C9D1A0AEEB961</Data><Data Name='ParentProcessGuid'>{5d3d98af-37b8-5ec2-0000-001053b05200}</Data><Data Name='ParentProcessId'>7904</Data><Data Name='ParentImage'>C:\Program Files (x86)\Dev-Cpp\MinGW64\libexec\gcc\x86_64-w64-mingw32\4.9.2\collect2.exe</Data><Data Name='ParentCommandLine'>"C:/Program Files (x86)/Dev-Cpp/MinGW64/bin/../libexec/gcc/x86_64-w64-mingw32/4.9.2/collect2.exe" "-plugin" "C:/Program Files (x86)/Dev-Cpp/MinGW64/bin/../libexec/gcc/x86_64-w64-mingw32/4.9.2/liblto_plugin-0.dll" "-plugin-opt=C:/Program Files (x86)/Dev-Cpp/MinGW64/bin/../libexec/gcc/x86_64-w64-mingw32/4.9.2/lto-wrapper.exe" "-plugin-opt=-fresolution=C:\Users\NS\AppData\Local\Temp\ccWc6VG5.res" "-plugin-opt=-pass-through=-lmingw32" "-plugin-opt=-pass-through=-lgcc" "-plugin-opt=-pass-through=-lmoldname" "-plugin-opt=-pass-through=-lmingwex" "-plugin-opt=-pass-through=-lmsvcrt" "-plugin-opt=-pass-through=-lpthread" "-plugin-opt=-pass-through=-ladvapi32" "-plugin-opt=-pass-through=-lshell32" "-plugin-opt=-pass-through=-luser32" "-plugin-opt=-pass-through=-lkernel32" "-plugin-opt=-pass-through=-lmingw32" "-plugin-opt=-pass-through=-lgcc" "-plugin-opt=-pass-through=-lmoldname" "-plugin-opt=-pass-through=-lmingwex" "-plugin-opt=-pass-through=-lmsvcrt" "-m" "i386pep" "--exclude-libs=libpthread.a" "-Bdynamic" "-o" "C:\Users\NS\Desktop\123.exe" "C:/Program Files (x86)/Dev-Cpp/MinGW64/bin/../lib/gcc/x86_64-w64-mingw32/4.9.2/../../../../x86_64-w64-mingw32/lib/../lib/crt2.o" "C:/Program Files (x86)/Dev-Cpp/MinGW64/bin/../lib/gcc/x86_64-w64-mingw32/4.9.2/../../../../x86_64-w64-mingw32/lib/../lib/crtbegin.o" "-LC:\Program Files (x86)\Dev-Cpp\MinGW64\lib" "-LC:\Program Files (x86)\Dev-Cpp\MinGW64\x86_64-w64-mingw32\lib" "-LC:/Program Files (x86)/Dev-Cpp/MinGW64/bin/../lib/gcc/x86_64-w64-mingw32/4.9.2" "-LC:/Program Files (x86)/Dev-Cpp/MinGW64/bin/../lib/gcc" "-LC:/Program Files (x86)/Dev-Cpp/MinGW64/bin/../lib/gcc/x86_64-w64-mingw32/4.9.2/../../../../x86_64-w64-mingw32/lib/../lib" "-LC:/Program Files (x86)/Dev-Cpp/MinGW64/bin/../lib/gcc/x86_64-w64-mingw32/4.9.2/../../../../lib" "-LC:/Program Files (x86)/Dev-Cpp/MinGW64/bin/../lib/gcc/x86_64-w64-mingw32/4.9.2/../../../../x86_64-w64-mingw32/lib" "-LC:/Program Files (x86)/Dev-Cpp/MinGW64/bin/../lib/gcc/x86_64-w64-mingw32/4.9.2/../../.." "C:\Users\NS\AppData\Local\Temp\cccRxU50.o" "-Bstatic" "-lstdc++" "-Bdynamic" "-lmingw32" "-lgcc" "-lmoldname" "-lmingwex" "-lmsvcrt" "-lpthread" "-ladvapi32" "-lshell32" "-luser32" "-lkernel32" "-lmingw32" "-lgcc" "-lmoldname" "-lmingwex" "-lmsvcrt" "C:/Program Files (x86)/Dev-Cpp/MinGW64/bin/../lib/gcc/x86_64-w64-mingw32/4.9.2/../../../../x86_64-w64-mingw32/lib/../lib/crtend.o"</Data></EventData></Event>