<Event xmlns='http://schemas.microsoft.com/win/2004/08/events/event'><System><Provider Name='Microsoft-Windows-Security-Auditing' Guid='{54849625-5478-4994-a5ba-3e3b0328c30d}'/><EventID>4672</EventID><Version>0</Version><Level>0</Level><Task>12548</Task><Opcode>0</Opcode><Keywords>0x8020000000000000</Keywords><TimeCreated SystemTime='2020-05-18T06:32:23.245211100Z'/><EventRecordID>2309</EventRecordID><Correlation ActivityID='{a21559d7-2cda-0001-275a-15a2da2cd601}'/><Execution ProcessID='680' ThreadID='5040'/><Channel>Security</Channel><Computer>DESKTOP-P84STH6</Computer><Security/></System><EventData><Data Name='SubjectUserSid'>S-1-5-18</Data><Data Name='SubjectUserName'>SYSTEM</Data><Data Name='SubjectDomainName'>NT AUTHORITY</Data><Data Name='SubjectLogonId'>0x3e7</Data><Data Name='PrivilegeList'>SeAssignPrimaryTokenPrivilege
			SeTcbPrivilege
			SeSecurityPrivilege
			SeTakeOwnershipPrivilege
			SeLoadDriverPrivilege
			SeBackupPrivilege
			SeRestorePrivilege
			SeDebugPrivilege
			SeAuditPrivilege
			SeSystemEnvironmentPrivilege
			SeImpersonatePrivilege
			SeDelegateSessionUserImpersonatePrivilege</Data></EventData></Event><Event xmlns='http://schemas.microsoft.com/win/2004/08/events/event'><System><Provider Name='Microsoft-Windows-Security-Auditing' Guid='{54849625-5478-4994-a5ba-3e3b0328c30d}'/><EventID>4624</EventID><Version>2</Version><Level>0</Level><Task>12544</Task><Opcode>0</Opcode><Keywords>0x8020000000000000</Keywords><TimeCreated SystemTime='2020-05-18T06:32:23.245203500Z'/><EventRecordID>2308</EventRecordID><Correlation ActivityID='{a21559d7-2cda-0001-275a-15a2da2cd601}'/><Execution ProcessID='680' ThreadID='5040'/><Channel>Security</Channel><Computer>DESKTOP-P84STH6</Computer><Security/></System><EventData><Data Name='SubjectUserSid'>S-1-5-18</Data><Data Name='SubjectUserName'>DESKTOP-P84STH6$</Data><Data Name='SubjectDomainName'>WORKGROUP</Data><Data Name='SubjectLogonId'>0x3e7</Data><Data Name='TargetUserSid'>S-1-5-18</Data><Data Name='TargetUserName'>SYSTEM</Data><Data Name='TargetDomainName'>NT AUTHORITY</Data><Data Name='TargetLogonId'>0x3e7</Data><Data Name='LogonType'>5</Data><Data Name='LogonProcessName'>Advapi  </Data><Data Name='AuthenticationPackageName'>Negotiate</Data><Data Name='WorkstationName'>-</Data><Data Name='LogonGuid'>{00000000-0000-0000-0000-000000000000}</Data><Data Name='TransmittedServices'>-</Data><Data Name='LmPackageName'>-</Data><Data Name='KeyLength'>0</Data><Data Name='ProcessId'>0x298</Data><Data Name='ProcessName'>C:\Windows\System32\services.exe</Data><Data Name='IpAddress'>-</Data><Data Name='IpPort'>-</Data><Data Name='ImpersonationLevel'>%%1833</Data><Data Name='RestrictedAdminMode'>-</Data><Data Name='TargetOutboundUserName'>-</Data><Data Name='TargetOutboundDomainName'>-</Data><Data Name='VirtualAccount'>%%1843</Data><Data Name='TargetLinkedLogonId'>0x0</Data><Data Name='ElevatedToken'>%%1842</Data></EventData></Event><Event xmlns='http://schemas.microsoft.com/win/2004/08/events/event'><System><Provider Name='Microsoft-Windows-Security-Auditing' Guid='{54849625-5478-4994-a5ba-3e3b0328c30d}'/><EventID>5038</EventID><Version>0</Version><Level>0</Level><Task>12290</Task><Opcode>0</Opcode><Keywords>0x8010000000000000</Keywords><TimeCreated SystemTime='2020-05-18T06:32:16.832849800Z'/><EventRecordID>2307</EventRecordID><Correlation/><Execution ProcessID='4' ThreadID='6820'/><Channel>Security</Channel><Computer>DESKTOP-P84STH6</Computer><Security/></System><EventData><Data Name='param1'>\Device\HarddiskVolume2\Windows\System32\VBoxDispD3D.dll</Data></EventData></Event><Event xmlns='http://schemas.microsoft.com/win/2004/08/events/event'><System><Provider Name='Microsoft-Windows-Security-Auditing' Guid='{54849625-5478-4994-a5ba-3e3b0328c30d}'/><EventID>5038</EventID><Version>0</Version><Level>0</Level><Task>12290</Task><Opcode>0</Opcode><Keywords>0x8010000000000000</Keywords><TimeCreated SystemTime='2020-05-18T06:32:16.803402500Z'/><EventRecordID>2306</EventRecordID><Correlation/><Execution ProcessID='4' ThreadID='6820'/><Channel>Security</Channel><Computer>DESKTOP-P84STH6</Computer><Security/></System><EventData><Data Name='param1'>\Device\HarddiskVolume2\Windows\System32\VBoxDispD3D.dll</Data></EventData></Event><Event xmlns='http://schemas.microsoft.com/win/2004/08/events/event'><System><Provider Name='Microsoft-Windows-Security-Auditing' Guid='{54849625-5478-4994-a5ba-3e3b0328c30d}'/><EventID>5038</EventID><Version>0</Version><Level>0</Level><Task>12290</Task><Opcode>0</Opcode><Keywords>0x8010000000000000</Keywords><TimeCreated SystemTime='2020-05-18T06:32:16.771508800Z'/><EventRecordID>2305</EventRecordID><Correlation/><Execution ProcessID='4' ThreadID='6820'/><Channel>Security</Channel><Computer>DESKTOP-P84STH6</Computer><Security/></System><EventData><Data Name='param1'>\Device\HarddiskVolume2\Windows\System32\VBoxDispD3D.dll</Data></EventData></Event><Event xmlns='http://schemas.microsoft.com/win/2004/08/events/event'><System><Provider Name='Microsoft-Windows-Security-Auditing' Guid='{54849625-5478-4994-a5ba-3e3b0328c30d}'/><EventID>4672</EventID><Version>0</Version><Level>0</Level><Task>12548</Task><Opcode>0</Opcode><Keywords>0x8020000000000000</Keywords><TimeCreated SystemTime='2020-05-18T06:32:06.862196300Z'/><EventRecordID>2304</EventRecordID><Correlation ActivityID='{a21559d7-2cda-0001-275a-15a2da2cd601}'/><Execution ProcessID='680' ThreadID='732'/><Channel>Security</Channel><Computer>DESKTOP-P84STH6</Computer><Security/></System><EventData><Data Name='SubjectUserSid'>S-1-5-90-0-1</Data><Data Name='SubjectUserName'>DWM-1</Data><Data Name='SubjectDomainName'>Window Manager</Data><Data Name='SubjectLogonId'>0x413b56</Data><Data Name='PrivilegeList'>SeAssignPrimaryTokenPrivilege
			SeAuditPrivilege</Data></EventData></Event><Event xmlns='http://schemas.microsoft.com/win/2004/08/events/event'><System><Provider Name='Microsoft-Windows-Security-Auditing' Guid='{54849625-5478-4994-a5ba-3e3b0328c30d}'/><EventID>4672</EventID><Version>0</Version><Level>0</Level><Task>12548</Task><Opcode>0</Opcode><Keywords>0x8020000000000000</Keywords><TimeCreated SystemTime='2020-05-18T06:32:06.862194300Z'/><EventRecordID>2303</EventRecordID><Correlation ActivityID='{a21559d7-2cda-0001-275a-15a2da2cd601}'/><Execution ProcessID='680' ThreadID='732'/><Channel>Security</Channel><Computer>DESKTOP-P84STH6</Computer><Security/></System><EventData><Data Name='SubjectUserSid'>S-1-5-90-0-1</Data><Data Name='SubjectUserName'>DWM-1</Data><Data Name='SubjectDomainName'>Window Manager</Data><Data Name='SubjectLogonId'>0x413b3b</Data><Data Name='PrivilegeList'>SeAssignPrimaryTokenPrivilege
			SeAuditPrivilege
			SeImpersonatePrivilege</Data></EventData></Event><Event xmlns='http://schemas.microsoft.com/win/2004/08/events/event'><System><Provider Name='Microsoft-Windows-Security-Auditing' Guid='{54849625-5478-4994-a5ba-3e3b0328c30d}'/><EventID>4624</EventID><Version>2</Version><Level>0</Level><Task>12544</Task><Opcode>0</Opcode><Keywords>0x8020000000000000</Keywords><TimeCreated SystemTime='2020-05-18T06:32:06.862188400Z'/><EventRecordID>2302</EventRecordID><Correlation ActivityID='{a21559d7-2cda-0001-275a-15a2da2cd601}'/><Execution ProcessID='680' ThreadID='732'/><Channel>Security</Channel><Computer>DESKTOP-P84STH6</Computer><Security/></System><EventData><Data Name='SubjectUserSid'>S-1-5-18</Data><Data Name='SubjectUserName'>DESKTOP-P84STH6$</Data><Data Name='SubjectDomainName'>WORKGROUP</Data><Data Name='SubjectLogonId'>0x3e7</Data><Data Name='TargetUserSid'>S-1-5-90-0-1</Data><Data Name='TargetUserName'>DWM-1</Data><Data Name='TargetDomainName'>Window Manager</Data><Data Name='TargetLogonId'>0x413b56</Data><Data Name='LogonType'>2</Data><Data Name='LogonProcessName'>Advapi  </Data><Data Name='AuthenticationPackageName'>Negotiate</Data><Data Name='WorkstationName'>-</Data><Data Name='LogonGuid'>{00000000-0000-0000-0000-000000000000}</Data><Data Name='TransmittedServices'>-</Data><Data Name='LmPackageName'>-</Data><Data Name='KeyLength'>0</Data><Data Name='ProcessId'>0x26c</Data><Data Name='ProcessName'>C:\Windows\System32\winlogon.exe</Data><Data Name='IpAddress'>-</Data><Data Name='IpPort'>-</Data><Data Name='ImpersonationLevel'>%%1833</Data><Data Name='RestrictedAdminMode'>-</Data><Data Name='TargetOutboundUserName'>-</Data><Data Name='TargetOutboundDomainName'>-</Data><Data Name='VirtualAccount'>%%1842</Data><Data Name='TargetLinkedLogonId'>0x413b3b</Data><Data Name='ElevatedToken'>%%1843</Data></EventData></Event><Event xmlns='http://schemas.microsoft.com/win/2004/08/events/event'><System><Provider Name='Microsoft-Windows-Security-Auditing' Guid='{54849625-5478-4994-a5ba-3e3b0328c30d}'/><EventID>4624</EventID><Version>2</Version><Level>0</Level><Task>12544</Task><Opcode>0</Opcode><Keywords>0x8020000000000000</Keywords><TimeCreated SystemTime='2020-05-18T06:32:06.862162000Z'/><EventRecordID>2301</EventRecordID><Correlation ActivityID='{a21559d7-2cda-0001-275a-15a2da2cd601}'/><Execution ProcessID='680' ThreadID='732'/><Channel>Security</Channel><Computer>DESKTOP-P84STH6</Computer><Security/></System><EventData><Data Name='SubjectUserSid'>S-1-5-18</Data><Data Name='SubjectUserName'>DESKTOP-P84STH6$</Data><Data Name='SubjectDomainName'>WORKGROUP</Data><Data Name='SubjectLogonId'>0x3e7</Data><Data Name='TargetUserSid'>S-1-5-90-0-1</Data><Data Name='TargetUserName'>DWM-1</Data><Data Name='TargetDomainName'>Window Manager</Data><Data Name='TargetLogonId'>0x413b3b</Data><Data Name='LogonType'>2</Data><Data Name='LogonProcessName'>Advapi  </Data><Data Name='AuthenticationPackageName'>Negotiate</Data><Data Name='WorkstationName'>-</Data><Data Name='LogonGuid'>{00000000-0000-0000-0000-000000000000}</Data><Data Name='TransmittedServices'>-</Data><Data Name='LmPackageName'>-</Data><Data Name='KeyLength'>0</Data><Data Name='ProcessId'>0x26c</Data><Data Name='ProcessName'>C:\Windows\System32\winlogon.exe</Data><Data Name='IpAddress'>-</Data><Data Name='IpPort'>-</Data><Data Name='ImpersonationLevel'>%%1833</Data><Data Name='RestrictedAdminMode'>-</Data><Data Name='TargetOutboundUserName'>-</Data><Data Name='TargetOutboundDomainName'>-</Data><Data Name='VirtualAccount'>%%1842</Data><Data Name='TargetLinkedLogonId'>0x413b56</Data><Data Name='ElevatedToken'>%%1842</Data></EventData></Event><Event xmlns='http://schemas.microsoft.com/win/2004/08/events/event'><System><Provider Name='Microsoft-Windows-Security-Auditing' Guid='{54849625-5478-4994-a5ba-3e3b0328c30d}'/><EventID>4648</EventID><Version>0</Version><Level>0</Level><Task>12544</Task><Opcode>0</Opcode><Keywords>0x8020000000000000</Keywords><TimeCreated SystemTime='2020-05-18T06:32:06.861986900Z'/><EventRecordID>2300</EventRecordID><Correlation ActivityID='{a21559d7-2cda-0001-275a-15a2da2cd601}'/><Execution ProcessID='680' ThreadID='732'/><Channel>Security</Channel><Computer>DESKTOP-P84STH6</Computer><Security/></System><EventData><Data Name='SubjectUserSid'>S-1-5-18</Data><Data Name='SubjectUserName'>DESKTOP-P84STH6$</Data><Data Name='SubjectDomainName'>WORKGROUP</Data><Data Name='SubjectLogonId'>0x3e7</Data><Data Name='LogonGuid'>{00000000-0000-0000-0000-000000000000}</Data><Data Name='TargetUserName'>DWM-1</Data><Data Name='TargetDomainName'>Window Manager</Data><Data Name='TargetLogonGuid'>{00000000-0000-0000-0000-000000000000}</Data><Data Name='TargetServerName'>localhost</Data><Data Name='TargetInfo'>localhost</Data><Data Name='ProcessId'>0x26c</Data><Data Name='ProcessName'>C:\Windows\System32\winlogon.exe</Data><Data Name='IpAddress'>-</Data><Data Name='IpPort'>-</Data></EventData></Event><Event xmlns='http://schemas.microsoft.com/win/2004/08/events/event'><System><Provider Name='Microsoft-Windows-Security-Auditing' Guid='{54849625-5478-4994-a5ba-3e3b0328c30d}'/><EventID>5379</EventID><Version>0</Version><Level>0</Level><Task>13824</Task><Opcode>0</Opcode><Keywords>0x8020000000000000</Keywords><TimeCreated SystemTime='2020-05-18T06:32:05.865632000Z'/><EventRecordID>2299</EventRecordID><Correlation ActivityID='{a21559d7-2cda-0001-275a-15a2da2cd601}'/><Execution ProcessID='680' ThreadID='732'/><Channel>Security</Channel><Computer>DESKTOP-P84STH6</Computer><Security/></System><EventData><Data Name='SubjectUserSid'>S-1-5-90-0-1</Data><Data Name='SubjectUserName'>DWM-1</Data><Data Name='SubjectDomainName'>Window Manager</Data><Data Name='SubjectLogonId'>0xc5b0</Data><Data Name='TargetName'>WindowsLive:target=virtualapp/didlogical</Data><Data Name='Type'>0</Data><Data Name='CountOfCredentialsReturned'>0</Data><Data Name='ReadOperation'>%%8100</Data><Data Name='ReturnCode'>3221226021</Data><Data Name='ProcessCreationTime'>2020-05-18T06:32:04.922555500Z</Data><Data Name='ClientProcessId'>6292</Data></EventData></Event><Event xmlns='http://schemas.microsoft.com/win/2004/08/events/event'><System><Provider Name='Microsoft-Windows-Security-Auditing' Guid='{54849625-5478-4994-a5ba-3e3b0328c30d}'/><EventID>5379</EventID><Version>0</Version><Level>0</Level><Task>13824</Task><Opcode>0</Opcode><Keywords>0x8020000000000000</Keywords><TimeCreated SystemTime='2020-05-18T06:32:05.864775900Z'/><EventRecordID>2298</EventRecordID><Correlation ActivityID='{a21559d7-2cda-0001-275a-15a2da2cd601}'/><Execution ProcessID='680' ThreadID='732'/><Channel>Security</Channel><Computer>DESKTOP-P84STH6</Computer><Security/></System><EventData><Data Name='SubjectUserSid'>S-1-5-90-0-1</Data><Data Name='SubjectUserName'>DWM-1</Data><Data Name='SubjectDomainName'>Window Manager</Data><Data Name='SubjectLogonId'>0xc5b0</Data><Data Name='TargetName'>MicrosoftAccount:user=02cmhrgzxxriedpq</Data><Data Name='Type'>0</Data><Data Name='CountOfCredentialsReturned'>0</Data><Data Name='ReadOperation'>%%8100</Data><Data Name='ReturnCode'>3221226021</Data><Data Name='ProcessCreationTime'>2020-05-18T06:32:04.922555500Z</Data><Data Name='ClientProcessId'>6292</Data></EventData></Event><Event xmlns='http://schemas.microsoft.com/win/2004/08/events/event'><System><Provider Name='Microsoft-Windows-Security-Auditing' Guid='{54849625-5478-4994-a5ba-3e3b0328c30d}'/><EventID>5379</EventID><Version>0</Version><Level>0</Level><Task>13824</Task><Opcode>0</Opcode><Keywords>0x8020000000000000</Keywords><TimeCreated SystemTime='2020-05-18T06:32:05.857957500Z'/><EventRecordID>2297</EventRecordID><Correlation ActivityID='{a21559d7-2cda-0001-275a-15a2da2cd601}'/><Execution ProcessID='680' ThreadID='5040'/><Channel>Security</Channel><Computer>DESKTOP-P84STH6</Computer><Security/></System><EventData><Data Name='SubjectUserSid'>S-1-5-90-0-1</Data><Data Name='SubjectUserName'>DWM-1</Data><Data Name='SubjectDomainName'>Window Manager</Data><Data Name='SubjectLogonId'>0xc5b0</Data><Data Name='TargetName'>MicrosoftAccount:user=02cmhrgzxxriedpq</Data><Data Name='Type'>1</Data><Data Name='CountOfCredentialsReturned'>1</Data><Data Name='ReadOperation'>%%8099</Data><Data Name='ReturnCode'>3221226021</Data><Data Name='ProcessCreationTime'>2020-05-18T06:32:04.922555500Z</Data><Data Name='ClientProcessId'>6292</Data></EventData></Event><Event xmlns='http://schemas.microsoft.com/win/2004/08/events/event'><System><Provider Name='Microsoft-Windows-Security-Auditing' Guid='{54849625-5478-4994-a5ba-3e3b0328c30d}'/><EventID>5061</EventID><Version>0</Version><Level>0</Level><Task>12290</Task><Opcode>0</Opcode><Keywords>0x8020000000000000</Keywords><TimeCreated SystemTime='2020-05-18T06:32:05.853098100Z'/><EventRecordID>2296</EventRecordID><Correlation ActivityID='{a21559d7-2cda-0001-275a-15a2da2cd601}'/><Execution ProcessID='680' ThreadID='5040'/><Channel>Security</Channel><Computer>DESKTOP-P84STH6</Computer><Security/></System><EventData><Data Name='SubjectUserSid'>S-1-5-18</Data><Data Name='SubjectUserName'>DESKTOP-P84STH6$</Data><Data Name='SubjectDomainName'>WORKGROUP</Data><Data Name='SubjectLogonId'>0x3e7</Data><Data Name='ProviderName'>Microsoft Software Key Storage Provider</Data><Data Name='AlgorithmName'>RSA</Data><Data Name='KeyName'>14fdd55a-cbd4-a213-2535-71ef6ddf0b5e</Data><Data Name='KeyType'>%%2500</Data><Data Name='Operation'>%%2480</Data><Data Name='ReturnCode'>0x0</Data></EventData></Event><Event xmlns='http://schemas.microsoft.com/win/2004/08/events/event'><System><Provider Name='Microsoft-Windows-Security-Auditing' Guid='{54849625-5478-4994-a5ba-3e3b0328c30d}'/><EventID>5058</EventID><Version>1</Version><Level>0</Level><Task>12292</Task><Opcode>0</Opcode><Keywords>0x8020000000000000</Keywords><TimeCreated SystemTime='2020-05-18T06:32:05.852684300Z'/><EventRecordID>2295</EventRecordID><Correlation ActivityID='{a21559d7-2cda-0001-275a-15a2da2cd601}'/><Execution ProcessID='680' ThreadID='5040'/><Channel>Security</Channel><Computer>DESKTOP-P84STH6</Computer><Security/></System><EventData><Data Name='SubjectUserSid'>S-1-5-18</Data><Data Name='SubjectUserName'>DESKTOP-P84STH6$</Data><Data Name='SubjectDomainName'>WORKGROUP</Data><Data Name='SubjectLogonId'>0x3e7</Data><Data Name='ClientProcessId'>6292</Data><Data Name='ClientCreationTime'>2020-05-18T06:32:04.922555500Z</Data><Data Name='ProviderName'>Microsoft Software Key Storage Provider</Data><Data Name='AlgorithmName'>UNKNOWN</Data><Data Name='KeyName'>14fdd55a-cbd4-a213-2535-71ef6ddf0b5e</Data><Data Name='KeyType'>%%2500</Data><Data Name='KeyFilePath'>C:\ProgramData\Microsoft\Crypto\SystemKeys\ecc6a3f47d6202c819b86de61d2f66bb_5d3d98af-075c-43a1-a7ba-2845b4aa4f42</Data><Data Name='Operation'>%%2458</Data><Data Name='ReturnCode'>0x0</Data></EventData></Event><Event xmlns='http://schemas.microsoft.com/win/2004/08/events/event'><System><Provider Name='Microsoft-Windows-Security-Auditing' Guid='{54849625-5478-4994-a5ba-3e3b0328c30d}'/><EventID>5379</EventID><Version>0</Version><Level>0</Level><Task>13824</Task><Opcode>0</Opcode><Keywords>0x8020000000000000</Keywords><TimeCreated SystemTime='2020-05-18T06:32:05.849833000Z'/><EventRecordID>2294</EventRecordID><Correlation ActivityID='{a21559d7-2cda-0001-275a-15a2da2cd601}'/><Execution ProcessID='680' ThreadID='5040'/><Channel>Security</Channel><Computer>DESKTOP-P84STH6</Computer><Security/></System><EventData><Data Name='SubjectUserSid'>S-1-5-90-0-1</Data><Data Name='SubjectUserName'>DWM-1</Data><Data Name='SubjectDomainName'>Window Manager</Data><Data Name='SubjectLogonId'>0xc5b0</Data><Data Name='TargetName'>MicrosoftAccount:user=02cmhrgzxxriedpq</Data><Data Name='Type'>0</Data><Data Name='CountOfCredentialsReturned'>0</Data><Data Name='ReadOperation'>%%8100</Data><Data Name='ReturnCode'>3221226021</Data><Data Name='ProcessCreationTime'>2020-05-18T06:32:04.922555500Z</Data><Data Name='ClientProcessId'>6292</Data></EventData></Event><Event xmlns='http://schemas.microsoft.com/win/2004/08/events/event'><System><Provider Name='Microsoft-Windows-Security-Auditing' Guid='{54849625-5478-4994-a5ba-3e3b0328c30d}'/><EventID>5379</EventID><Version>0</Version><Level>0</Level><Task>13824</Task><Opcode>0</Opcode><Keywords>0x8020000000000000</Keywords><TimeCreated SystemTime='2020-05-18T06:32:04.993526400Z'/><EventRecordID>2293</EventRecordID><Correlation ActivityID='{a21559d7-2cda-0001-275a-15a2da2cd601}'/><Execution ProcessID='680' ThreadID='5040'/><Channel>Security</Channel><Computer>DESKTOP-P84STH6</Computer><Security/></System><EventData><Data Name='SubjectUserSid'>S-1-5-21-223836497-1760142647-788189203-1001</Data><Data Name='SubjectUserName'>NS</Data><Data Name='SubjectDomainName'>DESKTOP-P84STH6</Data><Data Name='SubjectLogonId'>0x3c3ad</Data><Data Name='TargetName'>WindowsLive:target=virtualapp/didlogical</Data><Data Name='Type'>0</Data><Data Name='CountOfCredentialsReturned'>1</Data><Data Name='ReadOperation'>%%8100</Data><Data Name='ReturnCode'>0</Data><Data Name='ProcessCreationTime'>2020-05-18T06:32:04.922555500Z</Data><Data Name='ClientProcessId'>6292</Data></EventData></Event><Event xmlns='http://schemas.microsoft.com/win/2004/08/events/event'><System><Provider Name='Microsoft-Windows-Security-Auditing' Guid='{54849625-5478-4994-a5ba-3e3b0328c30d}'/><EventID>5379</EventID><Version>0</Version><Level>0</Level><Task>13824</Task><Opcode>0</Opcode><Keywords>0x8020000000000000</Keywords><TimeCreated SystemTime='2020-05-18T06:32:04.993425100Z'/><EventRecordID>2292</EventRecordID><Correlation ActivityID='{a21559d7-2cda-0001-275a-15a2da2cd601}'/><Execution ProcessID='680' ThreadID='5040'/><Channel>Security</Channel><Computer>DESKTOP-P84STH6</Computer><Security/></System><EventData><Data Name='SubjectUserSid'>S-1-5-21-223836497-1760142647-788189203-1001</Data><Data Name='SubjectUserName'>NS</Data><Data Name='SubjectDomainName'>DESKTOP-P84STH6</Data><Data Name='SubjectLogonId'>0x3c3ad</Data><Data Name='TargetName'>WindowsLive:(cert):name=02zkkkroveojjqvx;serviceuri=*</Data><Data Name='Type'>0</Data><Data Name='CountOfCredentialsReturned'>0</Data><Data Name='ReadOperation'>%%8100</Data><Data Name='ReturnCode'>3221226021</Data><Data Name='ProcessCreationTime'>2020-05-18T06:32:04.922555500Z</Data><Data Name='ClientProcessId'>6292</Data></EventData></Event><Event xmlns='http://schemas.microsoft.com/win/2004/08/events/event'><System><Provider Name='Microsoft-Windows-Security-Auditing' Guid='{54849625-5478-4994-a5ba-3e3b0328c30d}'/><EventID>5379</EventID><Version>0</Version><Level>0</Level><Task>13824</Task><Opcode>0</Opcode><Keywords>0x8020000000000000</Keywords><TimeCreated SystemTime='2020-05-18T06:32:04.993123900Z'/><EventRecordID>2291</EventRecordID><Correlation ActivityID='{a21559d7-2cda-0001-275a-15a2da2cd601}'/><Execution ProcessID='680' ThreadID='5040'/><Channel>Security</Channel><Computer>DESKTOP-P84STH6</Computer><Security/></System><EventData><Data Name='SubjectUserSid'>S-1-5-21-223836497-1760142647-788189203-1001</Data><Data Name='SubjectUserName'>NS</Data><Data Name='SubjectDomainName'>DESKTOP-P84STH6</Data><Data Name='SubjectLogonId'>0x3c3ad</Data><Data Name='TargetName'>WindowsLive:(token):name=02zkkkroveojjqvx;serviceuri=*</Data><Data Name='Type'>0</Data><Data Name='CountOfCredentialsReturned'>0</Data><Data Name='ReadOperation'>%%8100</Data><Data Name='ReturnCode'>3221226021</Data><Data Name='ProcessCreationTime'>2020-05-18T06:32:04.922555500Z</Data><Data Name='ClientProcessId'>6292</Data></EventData></Event><Event xmlns='http://schemas.microsoft.com/win/2004/08/events/event'><System><Provider Name='Microsoft-Windows-Security-Auditing' Guid='{54849625-5478-4994-a5ba-3e3b0328c30d}'/><EventID>5379</EventID><Version>0</Version><Level>0</Level><Task>13824</Task><Opcode>0</Opcode><Keywords>0x8020000000000000</Keywords><TimeCreated SystemTime='2020-05-18T06:32:04.966725300Z'/><EventRecordID>2290</EventRecordID><Correlation ActivityID='{a21559d7-2cda-0001-275a-15a2da2cd601}'/><Execution ProcessID='680' ThreadID='5040'/><Channel>Security</Channel><Computer>DESKTOP-P84STH6</Computer><Security/></System><EventData><Data Name='SubjectUserSid'>S-1-5-90-0-1</Data><Data Name='SubjectUserName'>DWM-1</Data><Data Name='SubjectDomainName'>Window Manager</Data><Data Name='SubjectLogonId'>0xc5b0</Data><Data Name='TargetName'>WindowsLive:target=virtualapp/didlogical</Data><Data Name='Type'>0</Data><Data Name='CountOfCredentialsReturned'>0</Data><Data Name='ReadOperation'>%%8100</Data><Data Name='ReturnCode'>3221226021</Data><Data Name='ProcessCreationTime'>2020-05-18T06:32:04.922555500Z</Data><Data Name='ClientProcessId'>6292</Data></EventData></Event><Event xmlns='http://schemas.microsoft.com/win/2004/08/events/event'><System><Provider Name='Microsoft-Windows-Security-Auditing' Guid='{54849625-5478-4994-a5ba-3e3b0328c30d}'/><EventID>5379</EventID><Version>0</Version><Level>0</Level><Task>13824</Task><Opcode>0</Opcode><Keywords>0x8020000000000000</Keywords><TimeCreated SystemTime='2020-05-18T06:32:04.966591200Z'/><EventRecordID>2289</EventRecordID><Correlation ActivityID='{a21559d7-2cda-0001-275a-15a2da2cd601}'/><Execution ProcessID='680' ThreadID='5040'/><Channel>Security</Channel><Computer>DESKTOP-P84STH6</Computer><Security/></System><EventData><Data Name='SubjectUserSid'>S-1-5-90-0-1</Data><Data Name='SubjectUserName'>DWM-1</Data><Data Name='SubjectDomainName'>Window Manager</Data><Data Name='SubjectLogonId'>0xc5b0</Data><Data Name='TargetName'>WindowsLive:(cert):name=02cmhrgzxxriedpq;serviceuri=*</Data><Data Name='Type'>0</Data><Data Name='CountOfCredentialsReturned'>0</Data><Data Name='ReadOperation'>%%8100</Data><Data Name='ReturnCode'>3221226021</Data><Data Name='ProcessCreationTime'>2020-05-18T06:32:04.922555500Z</Data><Data Name='ClientProcessId'>6292</Data></EventData></Event><Event xmlns='http://schemas.microsoft.com/win/2004/08/events/event'><System><Provider Name='Microsoft-Windows-Security-Auditing' Guid='{54849625-5478-4994-a5ba-3e3b0328c30d}'/><EventID>5379</EventID><Version>0</Version><Level>0</Level><Task>13824</Task><Opcode>0</Opcode><Keywords>0x8020000000000000</Keywords><TimeCreated SystemTime='2020-05-18T06:32:04.966261900Z'/><EventRecordID>2288</EventRecordID><Correlation ActivityID='{a21559d7-2cda-0001-275a-15a2da2cd601}'/><Execution ProcessID='680' ThreadID='5040'/><Channel>Security</Channel><Computer>DESKTOP-P84STH6</Computer><Security/></System><EventData><Data Name='SubjectUserSid'>S-1-5-90-0-1</Data><Data Name='SubjectUserName'>DWM-1</Data><Data Name='SubjectDomainName'>Window Manager</Data><Data Name='SubjectLogonId'>0xc5b0</Data><Data Name='TargetName'>WindowsLive:(token):name=02cmhrgzxxriedpq;serviceuri=*</Data><Data Name='Type'>0</Data><Data Name='CountOfCredentialsReturned'>0</Data><Data Name='ReadOperation'>%%8100</Data><Data Name='ReturnCode'>3221226021</Data><Data Name='ProcessCreationTime'>2020-05-18T06:32:04.922555500Z</Data><Data Name='ClientProcessId'>6292</Data></EventData></Event><Event xmlns='http://schemas.microsoft.com/win/2004/08/events/event'><System><Provider Name='Microsoft-Windows-Security-Auditing' Guid='{54849625-5478-4994-a5ba-3e3b0328c30d}'/><EventID>5379</EventID><Version>0</Version><Level>0</Level><Task>13824</Task><Opcode>0</Opcode><Keywords>0x8020000000000000</Keywords><TimeCreated SystemTime='2020-05-18T06:32:04.963707200Z'/><EventRecordID>2287</EventRecordID><Correlation ActivityID='{a21559d7-2cda-0001-275a-15a2da2cd601}'/><Execution ProcessID='680' ThreadID='5040'/><Channel>Security</Channel><Computer>DESKTOP-P84STH6</Computer><Security/></System><EventData><Data Name='SubjectUserSid'>S-1-5-18</Data><Data Name='SubjectUserName'>DESKTOP-P84STH6$</Data><Data Name='SubjectDomainName'>WORKGROUP</Data><Data Name='SubjectLogonId'>0x3e7</Data><Data Name='TargetName'>WindowsLive:target=virtualapp/didlogical</Data><Data Name='Type'>0</Data><Data Name='CountOfCredentialsReturned'>1</Data><Data Name='ReadOperation'>%%8100</Data><Data Name='ReturnCode'>0</Data><Data Name='ProcessCreationTime'>2020-05-18T06:32:04.922555500Z</Data><Data Name='ClientProcessId'>6292</Data></EventData></Event><Event xmlns='http://schemas.microsoft.com/win/2004/08/events/event'><System><Provider Name='Microsoft-Windows-Security-Auditing' Guid='{54849625-5478-4994-a5ba-3e3b0328c30d}'/><EventID>5379</EventID><Version>0</Version><Level>0</Level><Task>13824</Task><Opcode>0</Opcode><Keywords>0x8020000000000000</Keywords><TimeCreated SystemTime='2020-05-18T06:32:04.963625800Z'/><EventRecordID>2286</EventRecordID><Correlation ActivityID='{a21559d7-2cda-0001-275a-15a2da2cd601}'/><Execution ProcessID='680' ThreadID='5040'/><Channel>Security</Channel><Computer>DESKTOP-P84STH6</Computer><Security/></System><EventData><Data Name='SubjectUserSid'>S-1-5-18</Data><Data Name='SubjectUserName'>DESKTOP-P84STH6$</Data><Data Name='SubjectDomainName'>WORKGROUP</Data><Data Name='SubjectLogonId'>0x3e7</Data><Data Name='TargetName'>WindowsLive:(cert):name=02bujhuauqdpximm;serviceuri=*</Data><Data Name='Type'>0</Data><Data Name='CountOfCredentialsReturned'>0</Data><Data Name='ReadOperation'>%%8100</Data><Data Name='ReturnCode'>3221226021</Data><Data Name='ProcessCreationTime'>2020-05-18T06:32:04.922555500Z</Data><Data Name='ClientProcessId'>6292</Data></EventData></Event><Event xmlns='http://schemas.microsoft.com/win/2004/08/events/event'><System><Provider Name='Microsoft-Windows-Security-Auditing' Guid='{54849625-5478-4994-a5ba-3e3b0328c30d}'/><EventID>5379</EventID><Version>0</Version><Level>0</Level><Task>13824</Task><Opcode>0</Opcode><Keywords>0x8020000000000000</Keywords><TimeCreated SystemTime='2020-05-18T06:32:04.963312200Z'/><EventRecordID>2285</EventRecordID><Correlation ActivityID='{a21559d7-2cda-0001-275a-15a2da2cd601}'/><Execution ProcessID='680' ThreadID='5040'/><Channel>Security</Channel><Computer>DESKTOP-P84STH6</Computer><Security/></System><EventData><Data Name='SubjectUserSid'>S-1-5-18</Data><Data Name='SubjectUserName'>DESKTOP-P84STH6$</Data><Data Name='SubjectDomainName'>WORKGROUP</Data><Data Name='SubjectLogonId'>0x3e7</Data><Data Name='TargetName'>WindowsLive:(token):name=02bujhuauqdpximm;serviceuri=*</Data><Data Name='Type'>0</Data><Data Name='CountOfCredentialsReturned'>0</Data><Data Name='ReadOperation'>%%8100</Data><Data Name='ReturnCode'>3221226021</Data><Data Name='ProcessCreationTime'>2020-05-18T06:32:04.922555500Z</Data><Data Name='ClientProcessId'>6292</Data></EventData></Event><Event xmlns='http://schemas.microsoft.com/win/2004/08/events/event'><System><Provider Name='Microsoft-Windows-Security-Auditing' Guid='{54849625-5478-4994-a5ba-3e3b0328c30d}'/><EventID>4672</EventID><Version>0</Version><Level>0</Level><Task>12548</Task><Opcode>0</Opcode><Keywords>0x8020000000000000</Keywords><TimeCreated SystemTime='2020-05-18T06:32:04.921208400Z'/><EventRecordID>2284</EventRecordID><Correlation ActivityID='{a21559d7-2cda-0001-275a-15a2da2cd601}'/><Execution ProcessID='680' ThreadID='5040'/><Channel>Security</Channel><Computer>DESKTOP-P84STH6</Computer><Security/></System><EventData><Data Name='SubjectUserSid'>S-1-5-18</Data><Data Name='SubjectUserName'>SYSTEM</Data><Data Name='SubjectDomainName'>NT AUTHORITY</Data><Data Name='SubjectLogonId'>0x3e7</Data><Data Name='PrivilegeList'>SeAssignPrimaryTokenPrivilege
			SeTcbPrivilege
			SeSecurityPrivilege
			SeTakeOwnershipPrivilege
			SeLoadDriverPrivilege
			SeBackupPrivilege
			SeRestorePrivilege
			SeDebugPrivilege
			SeAuditPrivilege
			SeSystemEnvironmentPrivilege
			SeImpersonatePrivilege
			SeDelegateSessionUserImpersonatePrivilege</Data></EventData></Event><Event xmlns='http://schemas.microsoft.com/win/2004/08/events/event'><System><Provider Name='Microsoft-Windows-Security-Auditing' Guid='{54849625-5478-4994-a5ba-3e3b0328c30d}'/><EventID>4624</EventID><Version>2</Version><Level>0</Level><Task>12544</Task><Opcode>0</Opcode><Keywords>0x8020000000000000</Keywords><TimeCreated SystemTime='2020-05-18T06:32:04.921201600Z'/><EventRecordID>2283</EventRecordID><Correlation ActivityID='{a21559d7-2cda-0001-275a-15a2da2cd601}'/><Execution ProcessID='680' ThreadID='5040'/><Channel>Security</Channel><Computer>DESKTOP-P84STH6</Computer><Security/></System><EventData><Data Name='SubjectUserSid'>S-1-5-18</Data><Data Name='SubjectUserName'>DESKTOP-P84STH6$</Data><Data Name='SubjectDomainName'>WORKGROUP</Data><Data Name='SubjectLogonId'>0x3e7</Data><Data Name='TargetUserSid'>S-1-5-18</Data><Data Name='TargetUserName'>SYSTEM</Data><Data Name='TargetDomainName'>NT AUTHORITY</Data><Data Name='TargetLogonId'>0x3e7</Data><Data Name='LogonType'>5</Data><Data Name='LogonProcessName'>Advapi  </Data><Data Name='AuthenticationPackageName'>Negotiate</Data><Data Name='WorkstationName'>-</Data><Data Name='LogonGuid'>{00000000-0000-0000-0000-000000000000}</Data><Data Name='TransmittedServices'>-</Data><Data Name='LmPackageName'>-</Data><Data Name='KeyLength'>0</Data><Data Name='ProcessId'>0x298</Data><Data Name='ProcessName'>C:\Windows\System32\services.exe</Data><Data Name='IpAddress'>-</Data><Data Name='IpPort'>-</Data><Data Name='ImpersonationLevel'>%%1833</Data><Data Name='RestrictedAdminMode'>-</Data><Data Name='TargetOutboundUserName'>-</Data><Data Name='TargetOutboundDomainName'>-</Data><Data Name='VirtualAccount'>%%1843</Data><Data Name='TargetLinkedLogonId'>0x0</Data><Data Name='ElevatedToken'>%%1842</Data></EventData></Event><Event xmlns='http://schemas.microsoft.com/win/2004/08/events/event'><System><Provider Name='Microsoft-Windows-Security-Auditing' Guid='{54849625-5478-4994-a5ba-3e3b0328c30d}'/><EventID>5038</EventID><Version>0</Version><Level>0</Level><Task>12290</Task><Opcode>0</Opcode><Keywords>0x8010000000000000</Keywords><TimeCreated SystemTime='2020-05-18T06:32:01.868009200Z'/><EventRecordID>2282</EventRecordID><Correlation/><Execution ProcessID='4' ThreadID='5348'/><Channel>Security</Channel><Computer>DESKTOP-P84STH6</Computer><Security/></System><EventData><Data Name='param1'>\Device\HarddiskVolume2\Windows\System32\VBoxDispD3D.dll</Data></EventData></Event><Event xmlns='http://schemas.microsoft.com/win/2004/08/events/event'><System><Provider Name='Microsoft-Windows-Security-Auditing' Guid='{54849625-5478-4994-a5ba-3e3b0328c30d}'/><EventID>5038</EventID><Version>0</Version><Level>0</Level><Task>12290</Task><Opcode>0</Opcode><Keywords>0x8010000000000000</Keywords><TimeCreated SystemTime='2020-05-18T06:32:01.829697100Z'/><EventRecordID>2281</EventRecordID><Correlation/><Execution ProcessID='4' ThreadID='304'/><Channel>Security</Channel><Computer>DESKTOP-P84STH6</Computer><Security/></System><EventData><Data Name='param1'>\Device\HarddiskVolume2\Windows\System32\VBoxDispD3D.dll</Data></EventData></Event><Event xmlns='http://schemas.microsoft.com/win/2004/08/events/event'><System><Provider Name='Microsoft-Windows-Security-Auditing' Guid='{54849625-5478-4994-a5ba-3e3b0328c30d}'/><EventID>5038</EventID><Version>0</Version><Level>0</Level><Task>12290</Task><Opcode>0</Opcode><Keywords>0x8010000000000000</Keywords><TimeCreated SystemTime='2020-05-18T06:32:01.799441600Z'/><EventRecordID>2280</EventRecordID><Correlation/><Execution ProcessID='4' ThreadID='304'/><Channel>Security</Channel><Computer>DESKTOP-P84STH6</Computer><Security/></System><EventData><Data Name='param1'>\Device\HarddiskVolume2\Windows\System32\VBoxDispD3D.dll</Data></EventData></Event><Event xmlns='http://schemas.microsoft.com/win/2004/08/events/event'><System><Provider Name='Microsoft-Windows-Security-Auditing' Guid='{54849625-5478-4994-a5ba-3e3b0328c30d}'/><EventID>4672</EventID><Version>0</Version><Level>0</Level><Task>12548</Task><Opcode>0</Opcode><Keywords>0x8020000000000000</Keywords><TimeCreated SystemTime='2020-05-18T06:31:49.808645700Z'/><EventRecordID>2279</EventRecordID><Correlation ActivityID='{a21559d7-2cda-0001-275a-15a2da2cd601}'/><Execution ProcessID='680' ThreadID='5040'/><Channel>Security</Channel><Computer>DESKTOP-P84STH6</Computer><Security/></System><EventData><Data Name='SubjectUserSid'>S-1-5-18</Data><Data Name='SubjectUserName'>SYSTEM</Data><Data Name='SubjectDomainName'>NT AUTHORITY</Data><Data Name='SubjectLogonId'>0x3e7</Data><Data Name='PrivilegeList'>SeAssignPrimaryTokenPrivilege
			SeTcbPrivilege
			SeSecurityPrivilege
			SeTakeOwnershipPrivilege
			SeLoadDriverPrivilege
			SeBackupPrivilege
			SeRestorePrivilege
			SeDebugPrivilege
			SeAuditPrivilege
			SeSystemEnvironmentPrivilege
			SeImpersonatePrivilege
			SeDelegateSessionUserImpersonatePrivilege</Data></EventData></Event><Event xmlns='http://schemas.microsoft.com/win/2004/08/events/event'><System><Provider Name='Microsoft-Windows-Security-Auditing' Guid='{54849625-5478-4994-a5ba-3e3b0328c30d}'/><EventID>4624</EventID><Version>2</Version><Level>0</Level><Task>12544</Task><Opcode>0</Opcode><Keywords>0x8020000000000000</Keywords><TimeCreated SystemTime='2020-05-18T06:31:49.808637700Z'/><EventRecordID>2278</EventRecordID><Correlation ActivityID='{a21559d7-2cda-0001-275a-15a2da2cd601}'/><Execution ProcessID='680' ThreadID='5040'/><Channel>Security</Channel><Computer>DESKTOP-P84STH6</Computer><Security/></System><EventData><Data Name='SubjectUserSid'>S-1-5-18</Data><Data Name='SubjectUserName'>DESKTOP-P84STH6$</Data><Data Name='SubjectDomainName'>WORKGROUP</Data><Data Name='SubjectLogonId'>0x3e7</Data><Data Name='TargetUserSid'>S-1-5-18</Data><Data Name='TargetUserName'>SYSTEM</Data><Data Name='TargetDomainName'>NT AUTHORITY</Data><Data Name='TargetLogonId'>0x3e7</Data><Data Name='LogonType'>5</Data><Data Name='LogonProcessName'>Advapi  </Data><Data Name='AuthenticationPackageName'>Negotiate</Data><Data Name='WorkstationName'>-</Data><Data Name='LogonGuid'>{00000000-0000-0000-0000-000000000000}</Data><Data Name='TransmittedServices'>-</Data><Data Name='LmPackageName'>-</Data><Data Name='KeyLength'>0</Data><Data Name='ProcessId'>0x298</Data><Data Name='ProcessName'>C:\Windows\System32\services.exe</Data><Data Name='IpAddress'>-</Data><Data Name='IpPort'>-</Data><Data Name='ImpersonationLevel'>%%1833</Data><Data Name='RestrictedAdminMode'>-</Data><Data Name='TargetOutboundUserName'>-</Data><Data Name='TargetOutboundDomainName'>-</Data><Data Name='VirtualAccount'>%%1843</Data><Data Name='TargetLinkedLogonId'>0x0</Data><Data Name='ElevatedToken'>%%1842</Data></EventData></Event><Event xmlns='http://schemas.microsoft.com/win/2004/08/events/event'><System><Provider Name='Microsoft-Windows-Security-Auditing' Guid='{54849625-5478-4994-a5ba-3e3b0328c30d}'/><EventID>5038</EventID><Version>0</Version><Level>0</Level><Task>12290</Task><Opcode>0</Opcode><Keywords>0x8010000000000000</Keywords><TimeCreated SystemTime='2020-05-18T06:31:01.504127500Z'/><EventRecordID>2277</EventRecordID><Correlation/><Execution ProcessID='4' ThreadID='6112'/><Channel>Security</Channel><Computer>DESKTOP-P84STH6</Computer><Security/></System><EventData><Data Name='param1'>\Device\HarddiskVolume2\Windows\System32\VBoxDispD3D.dll</Data></EventData></Event><Event xmlns='http://schemas.microsoft.com/win/2004/08/events/event'><System><Provider Name='Microsoft-Windows-Security-Auditing' Guid='{54849625-5478-4994-a5ba-3e3b0328c30d}'/><EventID>5038</EventID><Version>0</Version><Level>0</Level><Task>12290</Task><Opcode>0</Opcode><Keywords>0x8010000000000000</Keywords><TimeCreated SystemTime='2020-05-18T06:31:01.465645300Z'/><EventRecordID>2276</EventRecordID><Correlation/><Execution ProcessID='4' ThreadID='32'/><Channel>Security</Channel><Computer>DESKTOP-P84STH6</Computer><Security/></System><EventData><Data Name='param1'>\Device\HarddiskVolume2\Windows\System32\VBoxDispD3D.dll</Data></EventData></Event><Event xmlns='http://schemas.microsoft.com/win/2004/08/events/event'><System><Provider Name='Microsoft-Windows-Security-Auditing' Guid='{54849625-5478-4994-a5ba-3e3b0328c30d}'/><EventID>5038</EventID><Version>0</Version><Level>0</Level><Task>12290</Task><Opcode>0</Opcode><Keywords>0x8010000000000000</Keywords><TimeCreated SystemTime='2020-05-18T06:31:01.420586700Z'/><EventRecordID>2275</EventRecordID><Correlation/><Execution ProcessID='4' ThreadID='32'/><Channel>Security</Channel><Computer>DESKTOP-P84STH6</Computer><Security/></System><EventData><Data Name='param1'>\Device\HarddiskVolume2\Windows\System32\VBoxDispD3D.dll</Data></EventData></Event><Event xmlns='http://schemas.microsoft.com/win/2004/08/events/event'><System><Provider Name='Microsoft-Windows-Security-Auditing' Guid='{54849625-5478-4994-a5ba-3e3b0328c30d}'/><EventID>5038</EventID><Version>0</Version><Level>0</Level><Task>12290</Task><Opcode>0</Opcode><Keywords>0x8010000000000000</Keywords><TimeCreated SystemTime='2020-05-18T06:30:53.327626800Z'/><EventRecordID>2274</EventRecordID><Correlation/><Execution ProcessID='4' ThreadID='6116'/><Channel>Security</Channel><Computer>DESKTOP-P84STH6</Computer><Security/></System><EventData><Data Name='param1'>\Device\HarddiskVolume2\Windows\System32\VBoxDispD3D.dll</Data></EventData></Event><Event xmlns='http://schemas.microsoft.com/win/2004/08/events/event'><System><Provider Name='Microsoft-Windows-Security-Auditing' Guid='{54849625-5478-4994-a5ba-3e3b0328c30d}'/><EventID>5038</EventID><Version>0</Version><Level>0</Level><Task>12290</Task><Opcode>0</Opcode><Keywords>0x8010000000000000</Keywords><TimeCreated SystemTime='2020-05-18T06:30:53.294738700Z'/><EventRecordID>2273</EventRecordID><Correlation/><Execution ProcessID='4' ThreadID='6116'/><Channel>Security</Channel><Computer>DESKTOP-P84STH6</Computer><Security/></System><EventData><Data Name='param1'>\Device\HarddiskVolume2\Windows\System32\VBoxDispD3D.dll</Data></EventData></Event><Event xmlns='http://schemas.microsoft.com/win/2004/08/events/event'><System><Provider Name='Microsoft-Windows-Security-Auditing' Guid='{54849625-5478-4994-a5ba-3e3b0328c30d}'/><EventID>5038</EventID><Version>0</Version><Level>0</Level><Task>12290</Task><Opcode>0</Opcode><Keywords>0x8010000000000000</Keywords><TimeCreated SystemTime='2020-05-18T06:30:53.261481500Z'/><EventRecordID>2272</EventRecordID><Correlation/><Execution ProcessID='4' ThreadID='6116'/><Channel>Security</Channel><Computer>DESKTOP-P84STH6</Computer><Security/></System><EventData><Data Name='param1'>\Device\HarddiskVolume2\Windows\System32\VBoxDispD3D.dll</Data></EventData></Event><Event xmlns='http://schemas.microsoft.com/win/2004/08/events/event'><System><Provider Name='Microsoft-Windows-Security-Auditing' Guid='{54849625-5478-4994-a5ba-3e3b0328c30d}'/><EventID>5038</EventID><Version>0</Version><Level>0</Level><Task>12290</Task><Opcode>0</Opcode><Keywords>0x8010000000000000</Keywords><TimeCreated SystemTime='2020-05-18T06:30:51.035846400Z'/><EventRecordID>2271</EventRecordID><Correlation/><Execution ProcessID='4' ThreadID='6116'/><Channel>Security</Channel><Computer>DESKTOP-P84STH6</Computer><Security/></System><EventData><Data Name='param1'>\Device\HarddiskVolume2\Windows\System32\VBoxDispD3D.dll</Data></EventData></Event><Event xmlns='http://schemas.microsoft.com/win/2004/08/events/event'><System><Provider Name='Microsoft-Windows-Security-Auditing' Guid='{54849625-5478-4994-a5ba-3e3b0328c30d}'/><EventID>5038</EventID><Version>0</Version><Level>0</Level><Task>12290</Task><Opcode>0</Opcode><Keywords>0x8010000000000000</Keywords><TimeCreated SystemTime='2020-05-18T06:30:50.997279200Z'/><EventRecordID>2270</EventRecordID><Correlation/><Execution ProcessID='4' ThreadID='6116'/><Channel>Security</Channel><Computer>DESKTOP-P84STH6</Computer><Security/></System><EventData><Data Name='param1'>\Device\HarddiskVolume2\Windows\System32\VBoxDispD3D.dll</Data></EventData></Event><Event xmlns='http://schemas.microsoft.com/win/2004/08/events/event'><System><Provider Name='Microsoft-Windows-Security-Auditing' Guid='{54849625-5478-4994-a5ba-3e3b0328c30d}'/><EventID>5038</EventID><Version>0</Version><Level>0</Level><Task>12290</Task><Opcode>0</Opcode><Keywords>0x8010000000000000</Keywords><TimeCreated SystemTime='2020-05-18T06:30:50.961094100Z'/><EventRecordID>2269</EventRecordID><Correlation/><Execution ProcessID='4' ThreadID='6116'/><Channel>Security</Channel><Computer>DESKTOP-P84STH6</Computer><Security/></System><EventData><Data Name='param1'>\Device\HarddiskVolume2\Windows\System32\VBoxDispD3D.dll</Data></EventData></Event><Event xmlns='http://schemas.microsoft.com/win/2004/08/events/event'><System><Provider Name='Microsoft-Windows-Security-Auditing' Guid='{54849625-5478-4994-a5ba-3e3b0328c30d}'/><EventID>5038</EventID><Version>0</Version><Level>0</Level><Task>12290</Task><Opcode>0</Opcode><Keywords>0x8010000000000000</Keywords><TimeCreated SystemTime='2020-05-18T06:30:49.531426100Z'/><EventRecordID>2268</EventRecordID><Correlation/><Execution ProcessID='4' ThreadID='6116'/><Channel>Security</Channel><Computer>DESKTOP-P84STH6</Computer><Security/></System><EventData><Data Name='param1'>\Device\HarddiskVolume2\Windows\System32\VBoxDispD3D.dll</Data></EventData></Event><Event xmlns='http://schemas.microsoft.com/win/2004/08/events/event'><System><Provider Name='Microsoft-Windows-Security-Auditing' Guid='{54849625-5478-4994-a5ba-3e3b0328c30d}'/><EventID>5038</EventID><Version>0</Version><Level>0</Level><Task>12290</Task><Opcode>0</Opcode><Keywords>0x8010000000000000</Keywords><TimeCreated SystemTime='2020-05-18T06:30:49.462799600Z'/><EventRecordID>2267</EventRecordID><Correlation/><Execution ProcessID='4' ThreadID='6116'/><Channel>Security</Channel><Computer>DESKTOP-P84STH6</Computer><Security/></System><EventData><Data Name='param1'>\Device\HarddiskVolume2\Windows\System32\VBoxDispD3D.dll</Data></EventData></Event><Event xmlns='http://schemas.microsoft.com/win/2004/08/events/event'><System><Provider Name='Microsoft-Windows-Security-Auditing' Guid='{54849625-5478-4994-a5ba-3e3b0328c30d}'/><EventID>5038</EventID><Version>0</Version><Level>0</Level><Task>12290</Task><Opcode>0</Opcode><Keywords>0x8010000000000000</Keywords><TimeCreated SystemTime='2020-05-18T06:30:49.398485700Z'/><EventRecordID>2266</EventRecordID><Correlation/><Execution ProcessID='4' ThreadID='6116'/><Channel>Security</Channel><Computer>DESKTOP-P84STH6</Computer><Security/></System><EventData><Data Name='param1'>\Device\HarddiskVolume2\Windows\System32\VBoxDispD3D.dll</Data></EventData></Event><Event xmlns='http://schemas.microsoft.com/win/2004/08/events/event'><System><Provider Name='Microsoft-Windows-Security-Auditing' Guid='{54849625-5478-4994-a5ba-3e3b0328c30d}'/><EventID>5038</EventID><Version>0</Version><Level>0</Level><Task>12290</Task><Opcode>0</Opcode><Keywords>0x8010000000000000</Keywords><TimeCreated SystemTime='2020-05-18T06:30:47.499824700Z'/><EventRecordID>2265</EventRecordID><Correlation/><Execution ProcessID='4' ThreadID='6116'/><Channel>Security</Channel><Computer>DESKTOP-P84STH6</Computer><Security/></System><EventData><Data Name='param1'>\Device\HarddiskVolume2\Windows\System32\VBoxDispD3D.dll</Data></EventData></Event><Event xmlns='http://schemas.microsoft.com/win/2004/08/events/event'><System><Provider Name='Microsoft-Windows-Security-Auditing' Guid='{54849625-5478-4994-a5ba-3e3b0328c30d}'/><EventID>5038</EventID><Version>0</Version><Level>0</Level><Task>12290</Task><Opcode>0</Opcode><Keywords>0x8010000000000000</Keywords><TimeCreated SystemTime='2020-05-18T06:30:47.460936400Z'/><EventRecordID>2264</EventRecordID><Correlation/><Execution ProcessID='4' ThreadID='6116'/><Channel>Security</Channel><Computer>DESKTOP-P84STH6</Computer><Security/></System><EventData><Data Name='param1'>\Device\HarddiskVolume2\Windows\System32\VBoxDispD3D.dll</Data></EventData></Event><Event xmlns='http://schemas.microsoft.com/win/2004/08/events/event'><System><Provider Name='Microsoft-Windows-Security-Auditing' Guid='{54849625-5478-4994-a5ba-3e3b0328c30d}'/><EventID>5038</EventID><Version>0</Version><Level>0</Level><Task>12290</Task><Opcode>0</Opcode><Keywords>0x8010000000000000</Keywords><TimeCreated SystemTime='2020-05-18T06:30:47.417692100Z'/><EventRecordID>2263</EventRecordID><Correlation/><Execution ProcessID='4' ThreadID='6116'/><Channel>Security</Channel><Computer>DESKTOP-P84STH6</Computer><Security/></System><EventData><Data Name='param1'>\Device\HarddiskVolume2\Windows\System32\VBoxDispD3D.dll</Data></EventData></Event><Event xmlns='http://schemas.microsoft.com/win/2004/08/events/event'><System><Provider Name='Microsoft-Windows-Security-Auditing' Guid='{54849625-5478-4994-a5ba-3e3b0328c30d}'/><EventID>5038</EventID><Version>0</Version><Level>0</Level><Task>12290</Task><Opcode>0</Opcode><Keywords>0x8010000000000000</Keywords><TimeCreated SystemTime='2020-05-18T06:30:31.460519500Z'/><EventRecordID>2262</EventRecordID><Correlation/><Execution ProcessID='4' ThreadID='6116'/><Channel>Security</Channel><Computer>DESKTOP-P84STH6</Computer><Security/></System><EventData><Data Name='param1'>\Device\HarddiskVolume2\Windows\System32\VBoxDispD3D.dll</Data></EventData></Event><Event xmlns='http://schemas.microsoft.com/win/2004/08/events/event'><System><Provider Name='Microsoft-Windows-Security-Auditing' Guid='{54849625-5478-4994-a5ba-3e3b0328c30d}'/><EventID>5038</EventID><Version>0</Version><Level>0</Level><Task>12290</Task><Opcode>0</Opcode><Keywords>0x8010000000000000</Keywords><TimeCreated SystemTime='2020-05-18T06:30:31.425392400Z'/><EventRecordID>2261</EventRecordID><Correlation/><Execution ProcessID='4' ThreadID='6116'/><Channel>Security</Channel><Computer>DESKTOP-P84STH6</Computer><Security/></System><EventData><Data Name='param1'>\Device\HarddiskVolume2\Windows\System32\VBoxDispD3D.dll</Data></EventData></Event><Event xmlns='http://schemas.microsoft.com/win/2004/08/events/event'><System><Provider Name='Microsoft-Windows-Security-Auditing' Guid='{54849625-5478-4994-a5ba-3e3b0328c30d}'/><EventID>5038</EventID><Version>0</Version><Level>0</Level><Task>12290</Task><Opcode>0</Opcode><Keywords>0x8010000000000000</Keywords><TimeCreated SystemTime='2020-05-18T06:30:31.383523200Z'/><EventRecordID>2260</EventRecordID><Correlation/><Execution ProcessID='4' ThreadID='6116'/><Channel>Security</Channel><Computer>DESKTOP-P84STH6</Computer><Security/></System><EventData><Data Name='param1'>\Device\HarddiskVolume2\Windows\System32\VBoxDispD3D.dll</Data></EventData></Event><Event xmlns='http://schemas.microsoft.com/win/2004/08/events/event'><System><Provider Name='Microsoft-Windows-Security-Auditing' Guid='{54849625-5478-4994-a5ba-3e3b0328c30d}'/><EventID>5038</EventID><Version>0</Version><Level>0</Level><Task>12290</Task><Opcode>0</Opcode><Keywords>0x8010000000000000</Keywords><TimeCreated SystemTime='2020-05-18T06:30:29.303523900Z'/><EventRecordID>2259</EventRecordID><Correlation/><Execution ProcessID='4' ThreadID='6112'/><Channel>Security</Channel><Computer>DESKTOP-P84STH6</Computer><Security/></System><EventData><Data Name='param1'>\Device\HarddiskVolume2\Windows\System32\VBoxDispD3D.dll</Data></EventData></Event>