<Event xmlns='http://schemas.microsoft.com/win/2004/08/events/event'><System><Provider Name='Microsoft-Windows-Sysmon' Guid='{5770385f-c22a-43e0-bf4c-06f5698ffbd9}'/><EventID>1</EventID><Version>5</Version><Level>4</Level><Task>1</Task><Opcode>0</Opcode><Keywords>0x8000000000000000</Keywords><TimeCreated SystemTime='2020-05-18T06:30:14.431058000Z'/><EventRecordID>2564</EventRecordID><Correlation/><Execution ProcessID='2848' ThreadID='3280'/><Channel>Microsoft-Windows-Sysmon/Operational</Channel><Computer>DESKTOP-P84STH6</Computer><Security UserID='S-1-5-18'/></System><EventData><Data Name='RuleName'></Data><Data Name='UtcTime'>2020-05-18 06:30:14.379</Data><Data Name='ProcessGuid'>{5d3d98af-2b76-5ec2-0000-00102bdf3b00}</Data><Data Name='ProcessId'>1020</Data><Data Name='Image'>C:\Program Files (x86)\CartmansAuthoritah\SouthPark.exe</Data><Data Name='FileVersion'>?</Data><Data Name='Description'>?</Data><Data Name='Product'>?</Data><Data Name='Company'>?</Data><Data Name='OriginalFileName'>?</Data><Data Name='CommandLine'>southpark.exe 640 480 32</Data><Data Name='CurrentDirectory'>C:\Users\NS\Desktop\</Data><Data Name='User'>DESKTOP-P84STH6\NS</Data><Data Name='LogonGuid'>{5d3d98af-2638-5ec2-0000-0020adc30300}</Data><Data Name='LogonId'>0x3c3ad</Data><Data Name='TerminalSessionId'>1</Data><Data Name='IntegrityLevel'>Medium</Data><Data Name='Hashes'>MD5=8FD9C780787B8FF48E861745DC455737,SHA256=817D7A866AA8543CF30C004E6DF69279A8FD29C8D7C151750242F2CA1B42376B,IMPHASH=0B163CE4EC005227C1F3560EE967D6BF</Data><Data Name='ParentProcessGuid'>{5d3d98af-2b73-5ec2-0000-0010d8bf3b00}</Data><Data Name='ParentProcessId'>408</Data><Data Name='ParentImage'>C:\Program Files (x86)\CartmansAuthoritah\splaunch.exe</Data><Data Name='ParentCommandLine'>"C:\Program Files (x86)\CartmansAuthoritah\splaunch.exe" </Data></EventData></Event><Event xmlns='http://schemas.microsoft.com/win/2004/08/events/event'><System><Provider Name='Microsoft-Windows-Sysmon' Guid='{5770385f-c22a-43e0-bf4c-06f5698ffbd9}'/><EventID>13</EventID><Version>2</Version><Level>4</Level><Task>13</Task><Opcode>0</Opcode><Keywords>0x8000000000000000</Keywords><TimeCreated SystemTime='2020-05-18T06:30:12.259770700Z'/><EventRecordID>2563</EventRecordID><Correlation/><Execution ProcessID='2848' ThreadID='3280'/><Channel>Microsoft-Windows-Sysmon/Operational</Channel><Computer>DESKTOP-P84STH6</Computer><Security UserID='S-1-5-18'/></System><EventData><Data Name='RuleName'>InvDB</Data><Data Name='EventType'>SetValue</Data><Data Name='UtcTime'>2020-05-18 06:30:12.257</Data><Data Name='ProcessGuid'>{5d3d98af-2858-5ec2-0000-001058342200}</Data><Data Name='ProcessId'>6980</Data><Data Name='Image'>C:\Windows\system32\svchost.exe</Data><Data Name='TargetObject'>HKU\S-1-5-21-223836497-1760142647-788189203-1001\Software\Microsoft\Windows NT\CurrentVersion\AppCompatFlags\Compatibility Assistant\Store\C:\Users\NS\Desktop\âtâìâôâgâëâCâô\âtâìâôâgâëâCâô.exe</Data><Data Name='Details'>Binary Data</Data></EventData></Event><Event xmlns='http://schemas.microsoft.com/win/2004/08/events/event'><System><Provider Name='Microsoft-Windows-Sysmon' Guid='{5770385f-c22a-43e0-bf4c-06f5698ffbd9}'/><EventID>13</EventID><Version>2</Version><Level>4</Level><Task>13</Task><Opcode>0</Opcode><Keywords>0x8000000000000000</Keywords><TimeCreated SystemTime='2020-05-18T06:30:11.680449000Z'/><EventRecordID>2562</EventRecordID><Correlation/><Execution ProcessID='2848' ThreadID='3280'/><Channel>Microsoft-Windows-Sysmon/Operational</Channel><Computer>DESKTOP-P84STH6</Computer><Security UserID='S-1-5-18'/></System><EventData><Data Name='RuleName'>InvDB</Data><Data Name='EventType'>SetValue</Data><Data Name='UtcTime'>2020-05-18 06:30:11.679</Data><Data Name='ProcessGuid'>{5d3d98af-2858-5ec2-0000-001058342200}</Data><Data Name='ProcessId'>6980</Data><Data Name='Image'>C:\Windows\system32\svchost.exe</Data><Data Name='TargetObject'>HKU\S-1-5-21-223836497-1760142647-788189203-1001\Software\Microsoft\Windows NT\CurrentVersion\AppCompatFlags\Compatibility Assistant\Store\C:\Program Files (x86)\CartmansAuthoritah\splaunch.exe</Data><Data Name='Details'>Binary Data</Data></EventData></Event><Event xmlns='http://schemas.microsoft.com/win/2004/08/events/event'><System><Provider Name='Microsoft-Windows-Sysmon' Guid='{5770385f-c22a-43e0-bf4c-06f5698ffbd9}'/><EventID>1</EventID><Version>5</Version><Level>4</Level><Task>1</Task><Opcode>0</Opcode><Keywords>0x8000000000000000</Keywords><TimeCreated SystemTime='2020-05-18T06:30:11.675350600Z'/><EventRecordID>2561</EventRecordID><Correlation/><Execution ProcessID='2848' ThreadID='3280'/><Channel>Microsoft-Windows-Sysmon/Operational</Channel><Computer>DESKTOP-P84STH6</Computer><Security UserID='S-1-5-18'/></System><EventData><Data Name='RuleName'></Data><Data Name='UtcTime'>2020-05-18 06:30:11.670</Data><Data Name='ProcessGuid'>{5d3d98af-2b73-5ec2-0000-0010d8bf3b00}</Data><Data Name='ProcessId'>408</Data><Data Name='Image'>C:\Program Files (x86)\CartmansAuthoritah\splaunch.exe</Data><Data Name='FileVersion'>1, 0, 0, 1</Data><Data Name='Description'>splaunch MFC Application</Data><Data Name='Product'>splaunch Application</Data><Data Name='Company'></Data><Data Name='OriginalFileName'>splaunch.EXE</Data><Data Name='CommandLine'>"C:\Program Files (x86)\CartmansAuthoritah\splaunch.exe" </Data><Data Name='CurrentDirectory'>C:\Users\NS\Desktop\</Data><Data Name='User'>DESKTOP-P84STH6\NS</Data><Data Name='LogonGuid'>{5d3d98af-2638-5ec2-0000-0020adc30300}</Data><Data Name='LogonId'>0x3c3ad</Data><Data Name='TerminalSessionId'>1</Data><Data Name='IntegrityLevel'>Medium</Data><Data Name='Hashes'>MD5=F8B73C754B3E51B9B34D0245815F5266,SHA256=79EE81A65127EF147B669B441B16BB34E478E5C6E7DB1895359599094CBE1725,IMPHASH=E6E56AE719E9D9024A9EAD8BACE1A21F</Data><Data Name='ParentProcessGuid'>{5d3d98af-2639-5ec2-0000-0010ee6a0400}</Data><Data Name='ParentProcessId'>4220</Data><Data Name='ParentImage'>C:\Windows\explorer.exe</Data><Data Name='ParentCommandLine'>C:\Windows\Explorer.EXE</Data></EventData></Event><Event xmlns='http://schemas.microsoft.com/win/2004/08/events/event'><System><Provider Name='Microsoft-Windows-Sysmon' Guid='{5770385f-c22a-43e0-bf4c-06f5698ffbd9}'/><EventID>5</EventID><Version>3</Version><Level>4</Level><Task>5</Task><Opcode>0</Opcode><Keywords>0x8000000000000000</Keywords><TimeCreated SystemTime='2020-05-18T06:30:10.249004600Z'/><EventRecordID>2560</EventRecordID><Correlation/><Execution ProcessID='2848' ThreadID='3280'/><Channel>Microsoft-Windows-Sysmon/Operational</Channel><Computer>DESKTOP-P84STH6</Computer><Security UserID='S-1-5-18'/></System><EventData><Data Name='RuleName'></Data><Data Name='UtcTime'>2020-05-18 06:30:10.248</Data><Data Name='ProcessGuid'>{5d3d98af-299e-5ec2-0000-001036973100}</Data><Data Name='ProcessId'>6340</Data><Data Name='Image'>C:\Users\NS\Desktop\âtâìâôâgâëâCâô\âtâìâôâgâëâCâô.exe</Data></EventData></Event><Event xmlns='http://schemas.microsoft.com/win/2004/08/events/event'><System><Provider Name='Microsoft-Windows-Sysmon' Guid='{5770385f-c22a-43e0-bf4c-06f5698ffbd9}'/><EventID>1</EventID><Version>5</Version><Level>4</Level><Task>1</Task><Opcode>0</Opcode><Keywords>0x8000000000000000</Keywords><TimeCreated SystemTime='2020-05-18T06:23:49.835368600Z'/><EventRecordID>2559</EventRecordID><Correlation/><Execution ProcessID='2848' ThreadID='3280'/><Channel>Microsoft-Windows-Sysmon/Operational</Channel><Computer>DESKTOP-P84STH6</Computer><Security UserID='S-1-5-18'/></System><EventData><Data Name='RuleName'></Data><Data Name='UtcTime'>2020-05-18 06:23:49.827</Data><Data Name='ProcessGuid'>{5d3d98af-29f5-5ec2-0000-00103d323900}</Data><Data Name='ProcessId'>2124</Data><Data Name='Image'>C:\Windows\System32\taskhostw.exe</Data><Data Name='FileVersion'>10.0.18362.387 (WinBuild.160101.0800)</Data><Data Name='Description'>Host Process for Windows Tasks</Data><Data Name='Product'>Microsoft® Windows® Operating System</Data><Data Name='Company'>Microsoft Corporation</Data><Data Name='OriginalFileName'>taskhostw.exe</Data><Data Name='CommandLine'>taskhostw.exe -RegisterDevice -AccountChange</Data><Data Name='CurrentDirectory'>C:\Windows\system32\</Data><Data Name='User'>NT AUTHORITY\SYSTEM</Data><Data Name='LogonGuid'>{5d3d98af-2633-5ec2-0000-0020e7030000}</Data><Data Name='LogonId'>0x3e7</Data><Data Name='TerminalSessionId'>0</Data><Data Name='IntegrityLevel'>System</Data><Data Name='Hashes'>MD5=8AC325C757FA721B272ECEA19EBCF745,SHA256=0BEC3128B241FA533DC5A9D3F62AA41323D205DEFC30DCDE228C5ECC2D1E50A9,IMPHASH=9CB27CAED52CB0AFFB32788922A0D083</Data><Data Name='ParentProcessGuid'>{5d3d98af-2634-5ec2-0000-0010bcd90000}</Data><Data Name='ParentProcessId'>1144</Data><Data Name='ParentImage'>C:\Windows\System32\svchost.exe</Data><Data Name='ParentCommandLine'>C:\Windows\system32\svchost.exe -k netsvcs -p -s Schedule</Data></EventData></Event><Event xmlns='http://schemas.microsoft.com/win/2004/08/events/event'><System><Provider Name='Microsoft-Windows-Sysmon' Guid='{5770385f-c22a-43e0-bf4c-06f5698ffbd9}'/><EventID>1</EventID><Version>5</Version><Level>4</Level><Task>1</Task><Opcode>0</Opcode><Keywords>0x8000000000000000</Keywords><TimeCreated SystemTime='2020-05-18T06:23:49.788004500Z'/><EventRecordID>2558</EventRecordID><Correlation/><Execution ProcessID='2848' ThreadID='3280'/><Channel>Microsoft-Windows-Sysmon/Operational</Channel><Computer>DESKTOP-P84STH6</Computer><Security UserID='S-1-5-18'/></System><EventData><Data Name='RuleName'></Data><Data Name='UtcTime'>2020-05-18 06:23:49.779</Data><Data Name='ProcessGuid'>{5d3d98af-29f5-5ec2-0000-00106c2c3900}</Data><Data Name='ProcessId'>1192</Data><Data Name='Image'>C:\Windows\WinSxS\amd64_microsoft-windows-servicingstack_31bf3856ad364e35_10.0.18362.411_none_5f53d2d858cf8961\TiWorker.exe</Data><Data Name='FileVersion'>10.0.18362.1 (WinBuild.160101.0800)</Data><Data Name='Description'>Windows Modules Installer Worker</Data><Data Name='Product'>Microsoft® Windows® Operating System</Data><Data Name='Company'>Microsoft Corporation</Data><Data Name='OriginalFileName'>TiWorker.exe</Data><Data Name='CommandLine'>C:\Windows\winsxs\amd64_microsoft-windows-servicingstack_31bf3856ad364e35_10.0.18362.411_none_5f53d2d858cf8961\TiWorker.exe -Embedding</Data><Data Name='CurrentDirectory'>C:\Windows\system32\</Data><Data Name='User'>NT AUTHORITY\SYSTEM</Data><Data Name='LogonGuid'>{5d3d98af-2633-5ec2-0000-0020e7030000}</Data><Data Name='LogonId'>0x3e7</Data><Data Name='TerminalSessionId'>0</Data><Data Name='IntegrityLevel'>System</Data><Data Name='Hashes'>MD5=0ECD172646FE879F84FF33DA8FFA9373,SHA256=C26DC49916EE8298F8A8CBF8ACE62A4538775F8D8D5B33322A316BA7555616B6,IMPHASH=5C119443B09CF04CA999CBD8CA2382AC</Data><Data Name='ParentProcessGuid'>{5d3d98af-2634-5ec2-0000-001034730000}</Data><Data Name='ParentProcessId'>844</Data><Data Name='ParentImage'>C:\Windows\System32\svchost.exe</Data><Data Name='ParentCommandLine'>C:\Windows\system32\svchost.exe -k DcomLaunch -p</Data></EventData></Event><Event xmlns='http://schemas.microsoft.com/win/2004/08/events/event'><System><Provider Name='Microsoft-Windows-Sysmon' Guid='{5770385f-c22a-43e0-bf4c-06f5698ffbd9}'/><EventID>1</EventID><Version>5</Version><Level>4</Level><Task>1</Task><Opcode>0</Opcode><Keywords>0x8000000000000000</Keywords><TimeCreated SystemTime='2020-05-18T06:23:49.733643900Z'/><EventRecordID>2557</EventRecordID><Correlation/><Execution ProcessID='2848' ThreadID='3280'/><Channel>Microsoft-Windows-Sysmon/Operational</Channel><Computer>DESKTOP-P84STH6</Computer><Security UserID='S-1-5-18'/></System><EventData><Data Name='RuleName'></Data><Data Name='UtcTime'>2020-05-18 06:23:49.724</Data><Data Name='ProcessGuid'>{5d3d98af-29f5-5ec2-0000-00101c293900}</Data><Data Name='ProcessId'>2956</Data><Data Name='Image'>C:\Windows\servicing\TrustedInstaller.exe</Data><Data Name='FileVersion'>10.0.18362.1 (WinBuild.160101.0800)</Data><Data Name='Description'>Windows Modules Installer</Data><Data Name='Product'>Microsoft® Windows® Operating System</Data><Data Name='Company'>Microsoft Corporation</Data><Data Name='OriginalFileName'>TrustedInstaller.exe</Data><Data Name='CommandLine'>C:\Windows\servicing\TrustedInstaller.exe</Data><Data Name='CurrentDirectory'>C:\Windows\system32\</Data><Data Name='User'>NT AUTHORITY\SYSTEM</Data><Data Name='LogonGuid'>{5d3d98af-2633-5ec2-0000-0020e7030000}</Data><Data Name='LogonId'>0x3e7</Data><Data Name='TerminalSessionId'>0</Data><Data Name='IntegrityLevel'>System</Data><Data Name='Hashes'>MD5=8B5AFFC4987F9AE41DF15940C6EF66CB,SHA256=520273402F22ADA8948F8E1CB0899D0A5B1BC01CFF787747C1227945B336E4C5,IMPHASH=88851E233BD15333933A93A6EDD4788A</Data><Data Name='ParentProcessGuid'>{5d3d98af-2633-5ec2-0000-0010f05c0000}</Data><Data Name='ParentProcessId'>664</Data><Data Name='ParentImage'>C:\Windows\System32\services.exe</Data><Data Name='ParentCommandLine'>C:\Windows\system32\services.exe</Data></EventData></Event><Event xmlns='http://schemas.microsoft.com/win/2004/08/events/event'><System><Provider Name='Microsoft-Windows-Sysmon' Guid='{5770385f-c22a-43e0-bf4c-06f5698ffbd9}'/><EventID>1</EventID><Version>5</Version><Level>4</Level><Task>1</Task><Opcode>0</Opcode><Keywords>0x8000000000000000</Keywords><TimeCreated SystemTime='2020-05-18T06:23:49.678633400Z'/><EventRecordID>2556</EventRecordID><Correlation/><Execution ProcessID='2848' ThreadID='3280'/><Channel>Microsoft-Windows-Sysmon/Operational</Channel><Computer>DESKTOP-P84STH6</Computer><Security UserID='S-1-5-18'/></System><EventData><Data Name='RuleName'></Data><Data Name='UtcTime'>2020-05-18 06:23:49.674</Data><Data Name='ProcessGuid'>{5d3d98af-29f5-5ec2-0000-001082253900}</Data><Data Name='ProcessId'>2376</Data><Data Name='Image'>C:\Windows\System32\taskhostw.exe</Data><Data Name='FileVersion'>10.0.18362.387 (WinBuild.160101.0800)</Data><Data Name='Description'>Host Process for Windows Tasks</Data><Data Name='Product'>Microsoft® Windows® Operating System</Data><Data Name='Company'>Microsoft Corporation</Data><Data Name='OriginalFileName'>taskhostw.exe</Data><Data Name='CommandLine'>taskhostw.exe Install $(Arg0)</Data><Data Name='CurrentDirectory'>C:\Windows\system32\</Data><Data Name='User'>DESKTOP-P84STH6\NS</Data><Data Name='LogonGuid'>{5d3d98af-2638-5ec2-0000-0020adc30300}</Data><Data Name='LogonId'>0x3c3ad</Data><Data Name='TerminalSessionId'>1</Data><Data Name='IntegrityLevel'>Medium</Data><Data Name='Hashes'>MD5=8AC325C757FA721B272ECEA19EBCF745,SHA256=0BEC3128B241FA533DC5A9D3F62AA41323D205DEFC30DCDE228C5ECC2D1E50A9,IMPHASH=9CB27CAED52CB0AFFB32788922A0D083</Data><Data Name='ParentProcessGuid'>{5d3d98af-2634-5ec2-0000-0010bcd90000}</Data><Data Name='ParentProcessId'>1144</Data><Data Name='ParentImage'>C:\Windows\System32\svchost.exe</Data><Data Name='ParentCommandLine'>C:\Windows\system32\svchost.exe -k netsvcs -p -s Schedule</Data></EventData></Event><Event xmlns='http://schemas.microsoft.com/win/2004/08/events/event'><System><Provider Name='Microsoft-Windows-Sysmon' Guid='{5770385f-c22a-43e0-bf4c-06f5698ffbd9}'/><EventID>1</EventID><Version>5</Version><Level>4</Level><Task>1</Task><Opcode>0</Opcode><Keywords>0x8000000000000000</Keywords><TimeCreated SystemTime='2020-05-18T06:22:48.910815200Z'/><EventRecordID>2555</EventRecordID><Correlation/><Execution ProcessID='2848' ThreadID='3280'/><Channel>Microsoft-Windows-Sysmon/Operational</Channel><Computer>DESKTOP-P84STH6</Computer><Security UserID='S-1-5-18'/></System><EventData><Data Name='RuleName'></Data><Data Name='UtcTime'>2020-05-18 06:22:48.909</Data><Data Name='ProcessGuid'>{5d3d98af-29b8-5ec2-0000-0010170e3200}</Data><Data Name='ProcessId'>5396</Data><Data Name='Image'>C:\Windows\System32\taskhostw.exe</Data><Data Name='FileVersion'>10.0.18362.387 (WinBuild.160101.0800)</Data><Data Name='Description'>Host Process for Windows Tasks</Data><Data Name='Product'>Microsoft® Windows® Operating System</Data><Data Name='Company'>Microsoft Corporation</Data><Data Name='OriginalFileName'>taskhostw.exe</Data><Data Name='CommandLine'>taskhostw.exe</Data><Data Name='CurrentDirectory'>C:\Windows\system32\</Data><Data Name='User'>NT AUTHORITY\SYSTEM</Data><Data Name='LogonGuid'>{5d3d98af-2633-5ec2-0000-0020e7030000}</Data><Data Name='LogonId'>0x3e7</Data><Data Name='TerminalSessionId'>0</Data><Data Name='IntegrityLevel'>System</Data><Data Name='Hashes'>MD5=8AC325C757FA721B272ECEA19EBCF745,SHA256=0BEC3128B241FA533DC5A9D3F62AA41323D205DEFC30DCDE228C5ECC2D1E50A9,IMPHASH=9CB27CAED52CB0AFFB32788922A0D083</Data><Data Name='ParentProcessGuid'>{5d3d98af-2634-5ec2-0000-0010bcd90000}</Data><Data Name='ParentProcessId'>1144</Data><Data Name='ParentImage'>C:\Windows\System32\svchost.exe</Data><Data Name='ParentCommandLine'>C:\Windows\system32\svchost.exe -k netsvcs -p -s Schedule</Data></EventData></Event><Event xmlns='http://schemas.microsoft.com/win/2004/08/events/event'><System><Provider Name='Microsoft-Windows-Sysmon' Guid='{5770385f-c22a-43e0-bf4c-06f5698ffbd9}'/><EventID>13</EventID><Version>2</Version><Level>4</Level><Task>13</Task><Opcode>0</Opcode><Keywords>0x8000000000000000</Keywords><TimeCreated SystemTime='2020-05-18T06:22:23.329150500Z'/><EventRecordID>2554</EventRecordID><Correlation/><Execution ProcessID='2848' ThreadID='3280'/><Channel>Microsoft-Windows-Sysmon/Operational</Channel><Computer>DESKTOP-P84STH6</Computer><Security UserID='S-1-5-18'/></System><EventData><Data Name='RuleName'>InvDB</Data><Data Name='EventType'>SetValue</Data><Data Name='UtcTime'>2020-05-18 06:22:23.327</Data><Data Name='ProcessGuid'>{5d3d98af-2858-5ec2-0000-001058342200}</Data><Data Name='ProcessId'>6980</Data><Data Name='Image'>C:\Windows\system32\svchost.exe</Data><Data Name='TargetObject'>HKU\S-1-5-21-223836497-1760142647-788189203-1001\Software\Microsoft\Windows NT\CurrentVersion\AppCompatFlags\Compatibility Assistant\Store\C:\Users\NS\Desktop\âtâìâôâgâëâCâô\âtâìâôâgâëâCâô.exe</Data><Data Name='Details'>Binary Data</Data></EventData></Event><Event xmlns='http://schemas.microsoft.com/win/2004/08/events/event'><System><Provider Name='Microsoft-Windows-Sysmon' Guid='{5770385f-c22a-43e0-bf4c-06f5698ffbd9}'/><EventID>1</EventID><Version>5</Version><Level>4</Level><Task>1</Task><Opcode>0</Opcode><Keywords>0x8000000000000000</Keywords><TimeCreated SystemTime='2020-05-18T06:22:22.774197800Z'/><EventRecordID>2553</EventRecordID><Correlation/><Execution ProcessID='2848' ThreadID='3280'/><Channel>Microsoft-Windows-Sysmon/Operational</Channel><Computer>DESKTOP-P84STH6</Computer><Security UserID='S-1-5-18'/></System><EventData><Data Name='RuleName'></Data><Data Name='UtcTime'>2020-05-18 06:22:22.771</Data><Data Name='ProcessGuid'>{5d3d98af-299e-5ec2-0000-001036973100}</Data><Data Name='ProcessId'>6340</Data><Data Name='Image'>C:\Users\NS\Desktop\âtâìâôâgâëâCâô\âtâìâôâgâëâCâô.exe</Data><Data Name='FileVersion'>?</Data><Data Name='Description'>?</Data><Data Name='Product'>?</Data><Data Name='Company'>?</Data><Data Name='OriginalFileName'>?</Data><Data Name='CommandLine'>"C:\Users\NS\Desktop\âtâìâôâgâëâCâô\âtâìâôâgâëâCâô.exe" </Data><Data Name='CurrentDirectory'>C:\Users\NS\Desktop\âtâìâôâgâëâCâô\</Data><Data Name='User'>DESKTOP-P84STH6\NS</Data><Data Name='LogonGuid'>{5d3d98af-2638-5ec2-0000-0020adc30300}</Data><Data Name='LogonId'>0x3c3ad</Data><Data Name='TerminalSessionId'>1</Data><Data Name='IntegrityLevel'>Medium</Data><Data Name='Hashes'>MD5=B8417CFB999593A04F4B0C5C7238C08E,SHA256=97A9223C469448319C4CA4F5C4217B460148F2EC928CB1826F8DF4F83C1A2202,IMPHASH=15E7E2D0D99D299D1C0E5B86BDD798C2</Data><Data Name='ParentProcessGuid'>{5d3d98af-2639-5ec2-0000-0010ee6a0400}</Data><Data Name='ParentProcessId'>4220</Data><Data Name='ParentImage'>C:\Windows\explorer.exe</Data><Data Name='ParentCommandLine'>C:\Windows\Explorer.EXE</Data></EventData></Event><Event xmlns='http://schemas.microsoft.com/win/2004/08/events/event'><System><Provider Name='Microsoft-Windows-Sysmon' Guid='{5770385f-c22a-43e0-bf4c-06f5698ffbd9}'/><EventID>5</EventID><Version>3</Version><Level>4</Level><Task>5</Task><Opcode>0</Opcode><Keywords>0x8000000000000000</Keywords><TimeCreated SystemTime='2020-05-18T06:22:21.584546100Z'/><EventRecordID>2552</EventRecordID><Correlation/><Execution ProcessID='2848' ThreadID='3280'/><Channel>Microsoft-Windows-Sysmon/Operational</Channel><Computer>DESKTOP-P84STH6</Computer><Security UserID='S-1-5-18'/></System><EventData><Data Name='RuleName'></Data><Data Name='UtcTime'>2020-05-18 06:22:21.580</Data><Data Name='ProcessGuid'>{5d3d98af-2994-5ec2-0000-0010df243100}</Data><Data Name='ProcessId'>2720</Data><Data Name='Image'>C:\Users\NS\Desktop\âtâìâôâgâëâCâô\âtâìâôâgâëâCâô.exe</Data></EventData></Event><Event xmlns='http://schemas.microsoft.com/win/2004/08/events/event'><System><Provider Name='Microsoft-Windows-Sysmon' Guid='{5770385f-c22a-43e0-bf4c-06f5698ffbd9}'/><EventID>8</EventID><Version>2</Version><Level>4</Level><Task>8</Task><Opcode>0</Opcode><Keywords>0x8000000000000000</Keywords><TimeCreated SystemTime='2020-05-18T06:22:19.849972100Z'/><EventRecordID>2551</EventRecordID><Correlation/><Execution ProcessID='2848' ThreadID='3280'/><Channel>Microsoft-Windows-Sysmon/Operational</Channel><Computer>DESKTOP-P84STH6</Computer><Security UserID='S-1-5-18'/></System><EventData><Data Name='RuleName'></Data><Data Name='UtcTime'>2020-05-18 06:22:19.849</Data><Data Name='SourceProcessGuid'>{5d3d98af-2994-5ec2-0000-0010df243100}</Data><Data Name='SourceProcessId'>2720</Data><Data Name='SourceImage'>C:\Users\NS\Desktop\âtâìâôâgâëâCâô\âtâìâôâgâëâCâô.exe</Data><Data Name='TargetProcessGuid'>{5d3d98af-2633-5ec2-0000-001082560000}</Data><Data Name='TargetProcessId'>536</Data><Data Name='TargetImage'>C:\Windows\System32\csrss.exe</Data><Data Name='NewThreadId'>984</Data><Data Name='StartAddress'>0xFFFFF661C9312460</Data><Data Name='StartModule'></Data><Data Name='StartFunction'></Data></EventData></Event><Event xmlns='http://schemas.microsoft.com/win/2004/08/events/event'><System><Provider Name='Microsoft-Windows-Sysmon' Guid='{5770385f-c22a-43e0-bf4c-06f5698ffbd9}'/><EventID>8</EventID><Version>2</Version><Level>4</Level><Task>8</Task><Opcode>0</Opcode><Keywords>0x8000000000000000</Keywords><TimeCreated SystemTime='2020-05-18T06:22:12.462103600Z'/><EventRecordID>2550</EventRecordID><Correlation/><Execution ProcessID='2848' ThreadID='3280'/><Channel>Microsoft-Windows-Sysmon/Operational</Channel><Computer>DESKTOP-P84STH6</Computer><Security UserID='S-1-5-18'/></System><EventData><Data Name='RuleName'></Data><Data Name='UtcTime'>2020-05-18 06:22:12.458</Data><Data Name='SourceProcessGuid'>{5d3d98af-2994-5ec2-0000-0010df243100}</Data><Data Name='SourceProcessId'>2720</Data><Data Name='SourceImage'>C:\Users\NS\Desktop\âtâìâôâgâëâCâô\âtâìâôâgâëâCâô.exe</Data><Data Name='TargetProcessGuid'>{5d3d98af-2633-5ec2-0000-001082560000}</Data><Data Name='TargetProcessId'>536</Data><Data Name='TargetImage'>C:\Windows\System32\csrss.exe</Data><Data Name='NewThreadId'>6416</Data><Data Name='StartAddress'>0xFFFFF661C9312460</Data><Data Name='StartModule'></Data><Data Name='StartFunction'></Data></EventData></Event><Event xmlns='http://schemas.microsoft.com/win/2004/08/events/event'><System><Provider Name='Microsoft-Windows-Sysmon' Guid='{5770385f-c22a-43e0-bf4c-06f5698ffbd9}'/><EventID>1</EventID><Version>5</Version><Level>4</Level><Task>1</Task><Opcode>0</Opcode><Keywords>0x8000000000000000</Keywords><TimeCreated SystemTime='2020-05-18T06:22:12.319530900Z'/><EventRecordID>2549</EventRecordID><Correlation/><Execution ProcessID='2848' ThreadID='3280'/><Channel>Microsoft-Windows-Sysmon/Operational</Channel><Computer>DESKTOP-P84STH6</Computer><Security UserID='S-1-5-18'/></System><EventData><Data Name='RuleName'></Data><Data Name='UtcTime'>2020-05-18 06:22:12.316</Data><Data Name='ProcessGuid'>{5d3d98af-2994-5ec2-0000-0010df243100}</Data><Data Name='ProcessId'>2720</Data><Data Name='Image'>C:\Users\NS\Desktop\âtâìâôâgâëâCâô\âtâìâôâgâëâCâô.exe</Data><Data Name='FileVersion'>?</Data><Data Name='Description'>?</Data><Data Name='Product'>?</Data><Data Name='Company'>?</Data><Data Name='OriginalFileName'>?</Data><Data Name='CommandLine'>"C:\Users\NS\Desktop\âtâìâôâgâëâCâô\âtâìâôâgâëâCâô.exe" </Data><Data Name='CurrentDirectory'>C:\Users\NS\Desktop\âtâìâôâgâëâCâô\</Data><Data Name='User'>DESKTOP-P84STH6\NS</Data><Data Name='LogonGuid'>{5d3d98af-2638-5ec2-0000-0020adc30300}</Data><Data Name='LogonId'>0x3c3ad</Data><Data Name='TerminalSessionId'>1</Data><Data Name='IntegrityLevel'>Medium</Data><Data Name='Hashes'>MD5=B8417CFB999593A04F4B0C5C7238C08E,SHA256=97A9223C469448319C4CA4F5C4217B460148F2EC928CB1826F8DF4F83C1A2202,IMPHASH=15E7E2D0D99D299D1C0E5B86BDD798C2</Data><Data Name='ParentProcessGuid'>{5d3d98af-2639-5ec2-0000-0010ee6a0400}</Data><Data Name='ParentProcessId'>4220</Data><Data Name='ParentImage'>C:\Windows\explorer.exe</Data><Data Name='ParentCommandLine'>C:\Windows\Explorer.EXE</Data></EventData></Event><Event xmlns='http://schemas.microsoft.com/win/2004/08/events/event'><System><Provider Name='Microsoft-Windows-Sysmon' Guid='{5770385f-c22a-43e0-bf4c-06f5698ffbd9}'/><EventID>13</EventID><Version>2</Version><Level>4</Level><Task>13</Task><Opcode>0</Opcode><Keywords>0x8000000000000000</Keywords><TimeCreated SystemTime='2020-05-18T06:22:11.379468500Z'/><EventRecordID>2548</EventRecordID><Correlation/><Execution ProcessID='2848' ThreadID='3280'/><Channel>Microsoft-Windows-Sysmon/Operational</Channel><Computer>DESKTOP-P84STH6</Computer><Security UserID='S-1-5-18'/></System><EventData><Data Name='RuleName'>InvDB-Ver</Data><Data Name='EventType'>SetValue</Data><Data Name='UtcTime'>2020-05-18 06:22:11.366</Data><Data Name='ProcessGuid'>{5d3d98af-2858-5ec2-0000-001058342200}</Data><Data Name='ProcessId'>6980</Data><Data Name='Image'>C:\Windows\system32\svchost.exe</Data><Data Name='TargetObject'>\REGISTRY\A\{31893b35-16f4-3d9c-aedb-3af3cae957af}\Root\InventoryApplicationFile\âtâìâôâgâëâcâô.e|fb86976c361b86a0\BinProductVersion</Data><Data Name='Details'>(Empty)</Data></EventData></Event><Event xmlns='http://schemas.microsoft.com/win/2004/08/events/event'><System><Provider Name='Microsoft-Windows-Sysmon' Guid='{5770385f-c22a-43e0-bf4c-06f5698ffbd9}'/><EventID>13</EventID><Version>2</Version><Level>4</Level><Task>13</Task><Opcode>0</Opcode><Keywords>0x8000000000000000</Keywords><TimeCreated SystemTime='2020-05-18T06:22:11.379200400Z'/><EventRecordID>2547</EventRecordID><Correlation/><Execution ProcessID='2848' ThreadID='3280'/><Channel>Microsoft-Windows-Sysmon/Operational</Channel><Computer>DESKTOP-P84STH6</Computer><Security UserID='S-1-5-18'/></System><EventData><Data Name='RuleName'>InvDB-CompileTimeClaim</Data><Data Name='EventType'>SetValue</Data><Data Name='UtcTime'>2020-05-18 06:22:11.366</Data><Data Name='ProcessGuid'>{5d3d98af-2858-5ec2-0000-001058342200}</Data><Data Name='ProcessId'>6980</Data><Data Name='Image'>C:\Windows\system32\svchost.exe</Data><Data Name='TargetObject'>\REGISTRY\A\{31893b35-16f4-3d9c-aedb-3af3cae957af}\Root\InventoryApplicationFile\âtâìâôâgâëâcâô.e|fb86976c361b86a0\LinkDate</Data><Data Name='Details'>07/21/2016 12:42:16</Data></EventData></Event><Event xmlns='http://schemas.microsoft.com/win/2004/08/events/event'><System><Provider Name='Microsoft-Windows-Sysmon' Guid='{5770385f-c22a-43e0-bf4c-06f5698ffbd9}'/><EventID>13</EventID><Version>2</Version><Level>4</Level><Task>13</Task><Opcode>0</Opcode><Keywords>0x8000000000000000</Keywords><TimeCreated SystemTime='2020-05-18T06:22:11.377638400Z'/><EventRecordID>2546</EventRecordID><Correlation/><Execution ProcessID='2848' ThreadID='3280'/><Channel>Microsoft-Windows-Sysmon/Operational</Channel><Computer>DESKTOP-P84STH6</Computer><Security UserID='S-1-5-18'/></System><EventData><Data Name='RuleName'>InvDB-Pub</Data><Data Name='EventType'>SetValue</Data><Data Name='UtcTime'>2020-05-18 06:22:11.366</Data><Data Name='ProcessGuid'>{5d3d98af-2858-5ec2-0000-001058342200}</Data><Data Name='ProcessId'>6980</Data><Data Name='Image'>C:\Windows\system32\svchost.exe</Data><Data Name='TargetObject'>\REGISTRY\A\{31893b35-16f4-3d9c-aedb-3af3cae957af}\Root\InventoryApplicationFile\âtâìâôâgâëâcâô.e|fb86976c361b86a0\Publisher</Data><Data Name='Details'>(Empty)</Data></EventData></Event><Event xmlns='http://schemas.microsoft.com/win/2004/08/events/event'><System><Provider Name='Microsoft-Windows-Sysmon' Guid='{5770385f-c22a-43e0-bf4c-06f5698ffbd9}'/><EventID>13</EventID><Version>2</Version><Level>4</Level><Task>13</Task><Opcode>0</Opcode><Keywords>0x8000000000000000</Keywords><TimeCreated SystemTime='2020-05-18T06:22:11.376620700Z'/><EventRecordID>2545</EventRecordID><Correlation/><Execution ProcessID='2848' ThreadID='3280'/><Channel>Microsoft-Windows-Sysmon/Operational</Channel><Computer>DESKTOP-P84STH6</Computer><Security UserID='S-1-5-18'/></System><EventData><Data Name='RuleName'>InvDB-Path</Data><Data Name='EventType'>SetValue</Data><Data Name='UtcTime'>2020-05-18 06:22:11.366</Data><Data Name='ProcessGuid'>{5d3d98af-2858-5ec2-0000-001058342200}</Data><Data Name='ProcessId'>6980</Data><Data Name='Image'>C:\Windows\system32\svchost.exe</Data><Data Name='TargetObject'>\REGISTRY\A\{31893b35-16f4-3d9c-aedb-3af3cae957af}\Root\InventoryApplicationFile\âtâìâôâgâëâcâô.e|fb86976c361b86a0\LowerCaseLongPath</Data><Data Name='Details'>c:\users\ns\desktop\âtâìâôâgâëâcâô\âtâìâôâgâëâcâô.exe</Data></EventData></Event><Event xmlns='http://schemas.microsoft.com/win/2004/08/events/event'><System><Provider Name='Microsoft-Windows-Sysmon' Guid='{5770385f-c22a-43e0-bf4c-06f5698ffbd9}'/><EventID>13</EventID><Version>2</Version><Level>4</Level><Task>13</Task><Opcode>0</Opcode><Keywords>0x8000000000000000</Keywords><TimeCreated SystemTime='2020-05-18T06:22:11.367793400Z'/><EventRecordID>2544</EventRecordID><Correlation/><Execution ProcessID='2848' ThreadID='3280'/><Channel>Microsoft-Windows-Sysmon/Operational</Channel><Computer>DESKTOP-P84STH6</Computer><Security UserID='S-1-5-18'/></System><EventData><Data Name='RuleName'>InvDB</Data><Data Name='EventType'>SetValue</Data><Data Name='UtcTime'>2020-05-18 06:22:11.366</Data><Data Name='ProcessGuid'>{5d3d98af-2858-5ec2-0000-001058342200}</Data><Data Name='ProcessId'>6980</Data><Data Name='Image'>C:\Windows\system32\svchost.exe</Data><Data Name='TargetObject'>HKU\S-1-5-21-223836497-1760142647-788189203-1001\Software\Microsoft\Windows NT\CurrentVersion\AppCompatFlags\Compatibility Assistant\Store\C:\Users\NS\Desktop\âtâìâôâgâëâCâô\âtâìâôâgâëâCâô.exe</Data><Data Name='Details'>Binary Data</Data></EventData></Event><Event xmlns='http://schemas.microsoft.com/win/2004/08/events/event'><System><Provider Name='Microsoft-Windows-Sysmon' Guid='{5770385f-c22a-43e0-bf4c-06f5698ffbd9}'/><EventID>5</EventID><Version>3</Version><Level>4</Level><Task>5</Task><Opcode>0</Opcode><Keywords>0x8000000000000000</Keywords><TimeCreated SystemTime='2020-05-18T06:22:09.336089700Z'/><EventRecordID>2543</EventRecordID><Correlation/><Execution ProcessID='2848' ThreadID='3280'/><Channel>Microsoft-Windows-Sysmon/Operational</Channel><Computer>DESKTOP-P84STH6</Computer><Security UserID='S-1-5-18'/></System><EventData><Data Name='RuleName'></Data><Data Name='UtcTime'>2020-05-18 06:22:09.321</Data><Data Name='ProcessGuid'>{5d3d98af-2988-5ec2-0000-0010a3a73000}</Data><Data Name='ProcessId'>5040</Data><Data Name='Image'>C:\Users\NS\Desktop\âtâìâôâgâëâCâô\âtâìâôâgâëâCâô.exe</Data></EventData></Event><Event xmlns='http://schemas.microsoft.com/win/2004/08/events/event'><System><Provider Name='Microsoft-Windows-Sysmon' Guid='{5770385f-c22a-43e0-bf4c-06f5698ffbd9}'/><EventID>8</EventID><Version>2</Version><Level>4</Level><Task>8</Task><Opcode>0</Opcode><Keywords>0x8000000000000000</Keywords><TimeCreated SystemTime='2020-05-18T06:22:09.133469300Z'/><EventRecordID>2542</EventRecordID><Correlation/><Execution ProcessID='2848' ThreadID='3280'/><Channel>Microsoft-Windows-Sysmon/Operational</Channel><Computer>DESKTOP-P84STH6</Computer><Security UserID='S-1-5-18'/></System><EventData><Data Name='RuleName'></Data><Data Name='UtcTime'>2020-05-18 06:22:09.131</Data><Data Name='SourceProcessGuid'>{5d3d98af-2988-5ec2-0000-0010a3a73000}</Data><Data Name='SourceProcessId'>5040</Data><Data Name='SourceImage'>C:\Users\NS\Desktop\âtâìâôâgâëâCâô\âtâìâôâgâëâCâô.exe</Data><Data Name='TargetProcessGuid'>{5d3d98af-2633-5ec2-0000-001082560000}</Data><Data Name='TargetProcessId'>536</Data><Data Name='TargetImage'>C:\Windows\System32\csrss.exe</Data><Data Name='NewThreadId'>3888</Data><Data Name='StartAddress'>0xFFFFF661C9312460</Data><Data Name='StartModule'></Data><Data Name='StartFunction'></Data></EventData></Event><Event xmlns='http://schemas.microsoft.com/win/2004/08/events/event'><System><Provider Name='Microsoft-Windows-Sysmon' Guid='{5770385f-c22a-43e0-bf4c-06f5698ffbd9}'/><EventID>8</EventID><Version>2</Version><Level>4</Level><Task>8</Task><Opcode>0</Opcode><Keywords>0x8000000000000000</Keywords><TimeCreated SystemTime='2020-05-18T06:22:05.353070700Z'/><EventRecordID>2541</EventRecordID><Correlation/><Execution ProcessID='2848' ThreadID='3280'/><Channel>Microsoft-Windows-Sysmon/Operational</Channel><Computer>DESKTOP-P84STH6</Computer><Security UserID='S-1-5-18'/></System><EventData><Data Name='RuleName'></Data><Data Name='UtcTime'>2020-05-18 06:22:05.352</Data><Data Name='SourceProcessGuid'>{5d3d98af-2988-5ec2-0000-0010a3a73000}</Data><Data Name='SourceProcessId'>5040</Data><Data Name='SourceImage'>C:\Users\NS\Desktop\âtâìâôâgâëâCâô\âtâìâôâgâëâCâô.exe</Data><Data Name='TargetProcessGuid'>{5d3d98af-2633-5ec2-0000-001082560000}</Data><Data Name='TargetProcessId'>536</Data><Data Name='TargetImage'>C:\Windows\System32\csrss.exe</Data><Data Name='NewThreadId'>5564</Data><Data Name='StartAddress'>0xFFFFF661C9312460</Data><Data Name='StartModule'></Data><Data Name='StartFunction'></Data></EventData></Event><Event xmlns='http://schemas.microsoft.com/win/2004/08/events/event'><System><Provider Name='Microsoft-Windows-Sysmon' Guid='{5770385f-c22a-43e0-bf4c-06f5698ffbd9}'/><EventID>13</EventID><Version>2</Version><Level>4</Level><Task>13</Task><Opcode>0</Opcode><Keywords>0x8000000000000000</Keywords><TimeCreated SystemTime='2020-05-18T06:22:00.216478200Z'/><EventRecordID>2540</EventRecordID><Correlation/><Execution ProcessID='2848' ThreadID='3280'/><Channel>Microsoft-Windows-Sysmon/Operational</Channel><Computer>DESKTOP-P84STH6</Computer><Security UserID='S-1-5-18'/></System><EventData><Data Name='RuleName'>InvDB</Data><Data Name='EventType'>SetValue</Data><Data Name='UtcTime'>2020-05-18 06:22:00.200</Data><Data Name='ProcessGuid'>{5d3d98af-2858-5ec2-0000-001058342200}</Data><Data Name='ProcessId'>6980</Data><Data Name='Image'>C:\Windows\system32\svchost.exe</Data><Data Name='TargetObject'>HKU\S-1-5-21-223836497-1760142647-788189203-1001\Software\Microsoft\Windows NT\CurrentVersion\AppCompatFlags\Compatibility Assistant\Store\C:\Users\NS\Desktop\âtâìâôâgâëâCâô\âtâìâôâgâëâCâô.exe</Data><Data Name='Details'>Binary Data</Data></EventData></Event><Event xmlns='http://schemas.microsoft.com/win/2004/08/events/event'><System><Provider Name='Microsoft-Windows-Sysmon' Guid='{5770385f-c22a-43e0-bf4c-06f5698ffbd9}'/><EventID>1</EventID><Version>5</Version><Level>4</Level><Task>1</Task><Opcode>0</Opcode><Keywords>0x8000000000000000</Keywords><TimeCreated SystemTime='2020-05-18T06:22:00.209436200Z'/><EventRecordID>2539</EventRecordID><Correlation/><Execution ProcessID='2848' ThreadID='3280'/><Channel>Microsoft-Windows-Sysmon/Operational</Channel><Computer>DESKTOP-P84STH6</Computer><Security UserID='S-1-5-18'/></System><EventData><Data Name='RuleName'></Data><Data Name='UtcTime'>2020-05-18 06:22:00.200</Data><Data Name='ProcessGuid'>{5d3d98af-2988-5ec2-0000-0010a3a73000}</Data><Data Name='ProcessId'>5040</Data><Data Name='Image'>C:\Users\NS\Desktop\âtâìâôâgâëâCâô\âtâìâôâgâëâCâô.exe</Data><Data Name='FileVersion'>?</Data><Data Name='Description'>?</Data><Data Name='Product'>?</Data><Data Name='Company'>?</Data><Data Name='OriginalFileName'>?</Data><Data Name='CommandLine'>"C:\Users\NS\Desktop\âtâìâôâgâëâCâô\âtâìâôâgâëâCâô.exe" </Data><Data Name='CurrentDirectory'>C:\Users\NS\Desktop\âtâìâôâgâëâCâô\</Data><Data Name='User'>DESKTOP-P84STH6\NS</Data><Data Name='LogonGuid'>{5d3d98af-2638-5ec2-0000-0020adc30300}</Data><Data Name='LogonId'>0x3c3ad</Data><Data Name='TerminalSessionId'>1</Data><Data Name='IntegrityLevel'>Medium</Data><Data Name='Hashes'>MD5=B8417CFB999593A04F4B0C5C7238C08E,SHA256=97A9223C469448319C4CA4F5C4217B460148F2EC928CB1826F8DF4F83C1A2202,IMPHASH=15E7E2D0D99D299D1C0E5B86BDD798C2</Data><Data Name='ParentProcessGuid'>{5d3d98af-2639-5ec2-0000-0010ee6a0400}</Data><Data Name='ParentProcessId'>4220</Data><Data Name='ParentImage'>C:\Windows\explorer.exe</Data><Data Name='ParentCommandLine'>C:\Windows\Explorer.EXE</Data></EventData></Event><Event xmlns='http://schemas.microsoft.com/win/2004/08/events/event'><System><Provider Name='Microsoft-Windows-Sysmon' Guid='{5770385f-c22a-43e0-bf4c-06f5698ffbd9}'/><EventID>22</EventID><Version>5</Version><Level>4</Level><Task>22</Task><Opcode>0</Opcode><Keywords>0x8000000000000000</Keywords><TimeCreated SystemTime='2020-05-18T06:21:53.527878900Z'/><EventRecordID>2538</EventRecordID><Correlation/><Execution ProcessID='2848' ThreadID='3264'/><Channel>Microsoft-Windows-Sysmon/Operational</Channel><Computer>DESKTOP-P84STH6</Computer><Security UserID='S-1-5-18'/></System><EventData><Data Name='RuleName'></Data><Data Name='UtcTime'>2020-05-18 06:21:43.762</Data><Data Name='ProcessGuid'>{5d3d98af-297b-5ec2-0000-001041bc2f00}</Data><Data Name='ProcessId'>6604</Data><Data Name='QueryName'>play.google.com</Data><Data Name='QueryStatus'>0</Data><Data Name='QueryResults'>::ffff:172.217.24.14;216.239.32.10;2001:4860:4802:32::a;216.239.34.10;2001:4860:4802:34::a;216.239.36.10;216.239.38.10;</Data><Data Name='Image'>C:\Windows\System32\MicrosoftEdgeCP.exe</Data></EventData></Event><Event xmlns='http://schemas.microsoft.com/win/2004/08/events/event'><System><Provider Name='Microsoft-Windows-Sysmon' Guid='{5770385f-c22a-43e0-bf4c-06f5698ffbd9}'/><EventID>22</EventID><Version>5</Version><Level>4</Level><Task>22</Task><Opcode>0</Opcode><Keywords>0x8000000000000000</Keywords><TimeCreated SystemTime='2020-05-18T06:21:51.085975400Z'/><EventRecordID>2537</EventRecordID><Correlation/><Execution ProcessID='2848' ThreadID='3264'/><Channel>Microsoft-Windows-Sysmon/Operational</Channel><Computer>DESKTOP-P84STH6</Computer><Security UserID='S-1-5-18'/></System><EventData><Data Name='RuleName'></Data><Data Name='UtcTime'>2020-05-18 06:21:42.073</Data><Data Name='ProcessGuid'>{5d3d98af-297b-5ec2-0000-001041bc2f00}</Data><Data Name='ProcessId'>6604</Data><Data Name='QueryName'>apis.google.com</Data><Data Name='QueryStatus'>0</Data><Data Name='QueryResults'>type:  5 plus.l.google.com;::ffff:172.217.27.142;216.239.32.10;2001:4860:4802:32::a;216.239.34.10;2001:4860:4802:34::a;216.239.36.10;2001:4860:4802:36::a;216.239.38.10;2001:4860:4802:38::a;</Data><Data Name='Image'>C:\Windows\System32\MicrosoftEdgeCP.exe</Data></EventData></Event><Event xmlns='http://schemas.microsoft.com/win/2004/08/events/event'><System><Provider Name='Microsoft-Windows-Sysmon' Guid='{5770385f-c22a-43e0-bf4c-06f5698ffbd9}'/><EventID>22</EventID><Version>5</Version><Level>4</Level><Task>22</Task><Opcode>0</Opcode><Keywords>0x8000000000000000</Keywords><TimeCreated SystemTime='2020-05-18T06:21:51.082602800Z'/><EventRecordID>2536</EventRecordID><Correlation/><Execution ProcessID='2848' ThreadID='3264'/><Channel>Microsoft-Windows-Sysmon/Operational</Channel><Computer>DESKTOP-P84STH6</Computer><Security UserID='S-1-5-18'/></System><EventData><Data Name='RuleName'></Data><Data Name='UtcTime'>2020-05-18 06:21:41.718</Data><Data Name='ProcessGuid'>{5d3d98af-263d-5ec2-0000-00100b290600}</Data><Data Name='ProcessId'>5540</Data><Data Name='QueryName'>www.google.com</Data><Data Name='QueryStatus'>0</Data><Data Name='QueryResults'>::ffff:172.217.160.68;216.239.32.10;2001:4860:4802:32::a;216.239.34.10;2001:4860:4802:34::a;216.239.36.10;2001:4860:4802:36::a;216.239.38.10;2001:4860:4802:38::a;</Data><Data Name='Image'>C:\Windows\SystemApps\Microsoft.MicrosoftEdge_8wekyb3d8bbwe\MicrosoftEdge.exe</Data></EventData></Event><Event xmlns='http://schemas.microsoft.com/win/2004/08/events/event'><System><Provider Name='Microsoft-Windows-Sysmon' Guid='{5770385f-c22a-43e0-bf4c-06f5698ffbd9}'/><EventID>22</EventID><Version>5</Version><Level>4</Level><Task>22</Task><Opcode>0</Opcode><Keywords>0x8000000000000000</Keywords><TimeCreated SystemTime='2020-05-18T06:21:51.082276700Z'/><EventRecordID>2535</EventRecordID><Correlation/><Execution ProcessID='2848' ThreadID='3264'/><Channel>Microsoft-Windows-Sysmon/Operational</Channel><Computer>DESKTOP-P84STH6</Computer><Security UserID='S-1-5-18'/></System><EventData><Data Name='RuleName'></Data><Data Name='UtcTime'>2020-05-18 06:21:41.663</Data><Data Name='ProcessGuid'>{5d3d98af-297b-5ec2-0000-001041bc2f00}</Data><Data Name='ProcessId'>6604</Data><Data Name='QueryName'>id.google.com</Data><Data Name='QueryStatus'>0</Data><Data Name='QueryResults'>::ffff:172.217.160.99;216.239.32.10;2001:4860:4802:32::a;216.239.34.10;2001:4860:4802:34::a;216.239.36.10;2001:4860:4802:36::a;216.239.38.10;2001:4860:4802:38::a;</Data><Data Name='Image'>C:\Windows\System32\MicrosoftEdgeCP.exe</Data></EventData></Event><Event xmlns='http://schemas.microsoft.com/win/2004/08/events/event'><System><Provider Name='Microsoft-Windows-Sysmon' Guid='{5770385f-c22a-43e0-bf4c-06f5698ffbd9}'/><EventID>22</EventID><Version>5</Version><Level>4</Level><Task>22</Task><Opcode>0</Opcode><Keywords>0x8000000000000000</Keywords><TimeCreated SystemTime='2020-05-18T06:21:51.079763100Z'/><EventRecordID>2534</EventRecordID><Correlation/><Execution ProcessID='2848' ThreadID='3264'/><Channel>Microsoft-Windows-Sysmon/Operational</Channel><Computer>DESKTOP-P84STH6</Computer><Security UserID='S-1-5-18'/></System><EventData><Data Name='RuleName'></Data><Data Name='UtcTime'>2020-05-18 06:21:41.442</Data><Data Name='ProcessGuid'>{5d3d98af-27c0-5ec2-0000-0010f5ce1300}</Data><Data Name='ProcessId'>1164</Data><Data Name='QueryName'>www.google.com</Data><Data Name='QueryStatus'>0</Data><Data Name='QueryResults'>::ffff:172.217.160.68;216.239.32.10;2001:4860:4802:32::a;216.239.34.10;2001:4860:4802:34::a;216.239.36.10;2001:4860:4802:36::a;216.239.38.10;2001:4860:4802:38::a;</Data><Data Name='Image'>C:\Windows\System32\smartscreen.exe</Data></EventData></Event><Event xmlns='http://schemas.microsoft.com/win/2004/08/events/event'><System><Provider Name='Microsoft-Windows-Sysmon' Guid='{5770385f-c22a-43e0-bf4c-06f5698ffbd9}'/><EventID>22</EventID><Version>5</Version><Level>4</Level><Task>22</Task><Opcode>0</Opcode><Keywords>0x8000000000000000</Keywords><TimeCreated SystemTime='2020-05-18T06:21:51.079609400Z'/><EventRecordID>2533</EventRecordID><Correlation/><Execution ProcessID='2848' ThreadID='3264'/><Channel>Microsoft-Windows-Sysmon/Operational</Channel><Computer>DESKTOP-P84STH6</Computer><Security UserID='S-1-5-18'/></System><EventData><Data Name='RuleName'></Data><Data Name='UtcTime'>2020-05-18 06:21:41.406</Data><Data Name='ProcessGuid'>{5d3d98af-297b-5ec2-0000-001041bc2f00}</Data><Data Name='ProcessId'>6604</Data><Data Name='QueryName'>www.google.com</Data><Data Name='QueryStatus'>0</Data><Data Name='QueryResults'>::ffff:172.217.160.68;216.239.32.10;2001:4860:4802:32::a;216.239.34.10;2001:4860:4802:34::a;216.239.36.10;2001:4860:4802:36::a;216.239.38.10;2001:4860:4802:38::a;</Data><Data Name='Image'>C:\Windows\System32\MicrosoftEdgeCP.exe</Data></EventData></Event><Event xmlns='http://schemas.microsoft.com/win/2004/08/events/event'><System><Provider Name='Microsoft-Windows-Sysmon' Guid='{5770385f-c22a-43e0-bf4c-06f5698ffbd9}'/><EventID>22</EventID><Version>5</Version><Level>4</Level><Task>22</Task><Opcode>0</Opcode><Keywords>0x8000000000000000</Keywords><TimeCreated SystemTime='2020-05-18T06:21:51.077017200Z'/><EventRecordID>2532</EventRecordID><Correlation/><Execution ProcessID='2848' ThreadID='3264'/><Channel>Microsoft-Windows-Sysmon/Operational</Channel><Computer>DESKTOP-P84STH6</Computer><Security UserID='S-1-5-18'/></System><EventData><Data Name='RuleName'></Data><Data Name='UtcTime'>2020-05-18 06:21:41.397</Data><Data Name='ProcessGuid'>{5d3d98af-27c0-5ec2-0000-0010f5ce1300}</Data><Data Name='ProcessId'>1164</Data><Data Name='QueryName'>www.google.com</Data><Data Name='QueryStatus'>9701</Data><Data Name='QueryResults'></Data><Data Name='Image'>C:\Windows\System32\smartscreen.exe</Data></EventData></Event><Event xmlns='http://schemas.microsoft.com/win/2004/08/events/event'><System><Provider Name='Microsoft-Windows-Sysmon' Guid='{5770385f-c22a-43e0-bf4c-06f5698ffbd9}'/><EventID>22</EventID><Version>5</Version><Level>4</Level><Task>22</Task><Opcode>0</Opcode><Keywords>0x8000000000000000</Keywords><TimeCreated SystemTime='2020-05-18T06:21:37.695639200Z'/><EventRecordID>2531</EventRecordID><Correlation/><Execution ProcessID='2848' ThreadID='3264'/><Channel>Microsoft-Windows-Sysmon/Operational</Channel><Computer>DESKTOP-P84STH6</Computer><Security UserID='S-1-5-18'/></System><EventData><Data Name='RuleName'></Data><Data Name='UtcTime'>2020-05-18 06:21:31.852</Data><Data Name='ProcessGuid'>{5d3d98af-263e-5ec2-0000-0010ba8b0600}</Data><Data Name='ProcessId'>6080</Data><Data Name='QueryName'>img.s-msn.com</Data><Data Name='QueryStatus'>0</Data><Data Name='QueryResults'>type:  5 wildcard.s-msn.com.edgekey.net;type:  5 e7341.g.akamaiedge.net;::ffff:163.28.225.26;88.221.81.192;2600:1480:e800::c0;163.28.5.87;23.210.215.103;23.199.34.125;23.210.215.214;23.210.215.181;23.210.215.110;163.28.5.62;</Data><Data Name='Image'>C:\Windows\System32\MicrosoftEdgeCP.exe</Data></EventData></Event><Event xmlns='http://schemas.microsoft.com/win/2004/08/events/event'><System><Provider Name='Microsoft-Windows-Sysmon' Guid='{5770385f-c22a-43e0-bf4c-06f5698ffbd9}'/><EventID>22</EventID><Version>5</Version><Level>4</Level><Task>22</Task><Opcode>0</Opcode><Keywords>0x8000000000000000</Keywords><TimeCreated SystemTime='2020-05-18T06:21:37.695523000Z'/><EventRecordID>2530</EventRecordID><Correlation/><Execution ProcessID='2848' ThreadID='3264'/><Channel>Microsoft-Windows-Sysmon/Operational</Channel><Computer>DESKTOP-P84STH6</Computer><Security UserID='S-1-5-18'/></System><EventData><Data Name='RuleName'></Data><Data Name='UtcTime'>2020-05-18 06:21:31.852</Data><Data Name='ProcessGuid'>{5d3d98af-263e-5ec2-0000-0010ba8b0600}</Data><Data Name='ProcessId'>6080</Data><Data Name='QueryName'>pr-bh.ybp.yahoo.com</Data><Data Name='QueryStatus'>0</Data><Data Name='QueryResults'>type:  5 ds-pr-bh.ybp.gysm.yahoodns.net;::ffff:106.10.218.43;68.142.254.15;68.180.130.15;203.84.209.160;183.177.82.12;</Data><Data Name='Image'>C:\Windows\System32\MicrosoftEdgeCP.exe</Data></EventData></Event><Event xmlns='http://schemas.microsoft.com/win/2004/08/events/event'><System><Provider Name='Microsoft-Windows-Sysmon' Guid='{5770385f-c22a-43e0-bf4c-06f5698ffbd9}'/><EventID>22</EventID><Version>5</Version><Level>4</Level><Task>22</Task><Opcode>0</Opcode><Keywords>0x8000000000000000</Keywords><TimeCreated SystemTime='2020-05-18T06:21:37.695222400Z'/><EventRecordID>2529</EventRecordID><Correlation/><Execution ProcessID='2848' ThreadID='3264'/><Channel>Microsoft-Windows-Sysmon/Operational</Channel><Computer>DESKTOP-P84STH6</Computer><Security UserID='S-1-5-18'/></System><EventData><Data Name='RuleName'></Data><Data Name='UtcTime'>2020-05-18 06:21:31.791</Data><Data Name='ProcessGuid'>{5d3d98af-263e-5ec2-0000-0010ba8b0600}</Data><Data Name='ProcessId'>6080</Data><Data Name='QueryName'>p.adsymptotic.com</Data><Data Name='QueryStatus'>0</Data><Data Name='QueryResults'>::ffff:104.18.98.194;::ffff:104.18.99.194;::ffff:104.18.100.194;::ffff:104.18.101.194;::ffff:104.18.102.194;173.245.59.223;2606:4700:58::adf5:3bdf;173.245.58.241;</Data><Data Name='Image'>C:\Windows\System32\MicrosoftEdgeCP.exe</Data></EventData></Event><Event xmlns='http://schemas.microsoft.com/win/2004/08/events/event'><System><Provider Name='Microsoft-Windows-Sysmon' Guid='{5770385f-c22a-43e0-bf4c-06f5698ffbd9}'/><EventID>22</EventID><Version>5</Version><Level>4</Level><Task>22</Task><Opcode>0</Opcode><Keywords>0x8000000000000000</Keywords><TimeCreated SystemTime='2020-05-18T06:21:37.694994700Z'/><EventRecordID>2528</EventRecordID><Correlation/><Execution ProcessID='2848' ThreadID='3264'/><Channel>Microsoft-Windows-Sysmon/Operational</Channel><Computer>DESKTOP-P84STH6</Computer><Security UserID='S-1-5-18'/></System><EventData><Data Name='RuleName'></Data><Data Name='UtcTime'>2020-05-18 06:21:31.785</Data><Data Name='ProcessGuid'>{5d3d98af-263e-5ec2-0000-0010ba8b0600}</Data><Data Name='ProcessId'>6080</Data><Data Name='QueryName'>s.yimg.com</Data><Data Name='QueryStatus'>0</Data><Data Name='QueryResults'>type:  5 edge.gycpi.b.yahoodns.net;::ffff:119.161.16.11;::ffff:119.161.16.12;::ffff:119.161.14.17;::ffff:119.161.14.18;68.142.254.15;68.180.130.15;203.84.209.160;183.177.82.12;</Data><Data Name='Image'>C:\Windows\System32\MicrosoftEdgeCP.exe</Data></EventData></Event>