<Event xmlns='http://schemas.microsoft.com/win/2004/08/events/event'><System><Provider Name='Microsoft-Windows-Sysmon' Guid='{5770385f-c22a-43e0-bf4c-06f5698ffbd9}'/><EventID>22</EventID><Version>5</Version><Level>4</Level><Task>22</Task><Opcode>0</Opcode><Keywords>0x8000000000000000</Keywords><TimeCreated SystemTime='2020-05-18T07:09:12.547020700Z'/><EventRecordID>2790</EventRecordID><Correlation/><Execution ProcessID='2848' ThreadID='3264'/><Channel>Microsoft-Windows-Sysmon/Operational</Channel><Computer>DESKTOP-P84STH6</Computer><Security UserID='S-1-5-18'/></System><EventData><Data Name='RuleName'></Data><Data Name='UtcTime'>2020-05-18 07:09:09.890</Data><Data Name='ProcessGuid'>{5d3d98af-3497-5ec2-0000-00100bd26b00}</Data><Data Name='ProcessId'>312</Data><Data Name='QueryName'>bing.com</Data><Data Name='QueryStatus'>0</Data><Data Name='QueryResults'>::ffff:13.107.21.200;::ffff:204.79.197.200;198.51.44.9;2620:4d:4000:6259:7::9;198.51.45.9;198.51.44.73;2620:4d:4000:6259:7::90;198.51.45.73;2a00:edc0:6259:7::90;40.90.4.204;2603:1061::cc;64.4.48.204;</Data><Data Name='Image'>C:\Windows\System32\MicrosoftEdgeCP.exe</Data></EventData></Event><Event xmlns='http://schemas.microsoft.com/win/2004/08/events/event'><System><Provider Name='Microsoft-Windows-Sysmon' Guid='{5770385f-c22a-43e0-bf4c-06f5698ffbd9}'/><EventID>22</EventID><Version>5</Version><Level>4</Level><Task>22</Task><Opcode>0</Opcode><Keywords>0x8000000000000000</Keywords><TimeCreated SystemTime='2020-05-18T07:09:08.505655600Z'/><EventRecordID>2789</EventRecordID><Correlation/><Execution ProcessID='2848' ThreadID='3264'/><Channel>Microsoft-Windows-Sysmon/Operational</Channel><Computer>DESKTOP-P84STH6</Computer><Security UserID='S-1-5-18'/></System><EventData><Data Name='RuleName'></Data><Data Name='UtcTime'>2020-05-18 07:09:06.019</Data><Data Name='ProcessGuid'>{5d3d98af-27c0-5ec2-0000-0010f5ce1300}</Data><Data Name='ProcessId'>1164</Data><Data Name='QueryName'>neutralxe.net</Data><Data Name='QueryStatus'>0</Data><Data Name='QueryResults'>type:  2 ns1.dns.ne.jp;type:  2 ns2.dns.ne.jp;</Data><Data Name='Image'>C:\Windows\System32\smartscreen.exe</Data></EventData></Event><Event xmlns='http://schemas.microsoft.com/win/2004/08/events/event'><System><Provider Name='Microsoft-Windows-Sysmon' Guid='{5770385f-c22a-43e0-bf4c-06f5698ffbd9}'/><EventID>22</EventID><Version>5</Version><Level>4</Level><Task>22</Task><Opcode>0</Opcode><Keywords>0x8000000000000000</Keywords><TimeCreated SystemTime='2020-05-18T07:09:07.500177500Z'/><EventRecordID>2788</EventRecordID><Correlation/><Execution ProcessID='2848' ThreadID='3264'/><Channel>Microsoft-Windows-Sysmon/Operational</Channel><Computer>DESKTOP-P84STH6</Computer><Security UserID='S-1-5-18'/></System><EventData><Data Name='RuleName'></Data><Data Name='UtcTime'>2020-05-18 07:09:04.700</Data><Data Name='ProcessGuid'>{5d3d98af-333d-5ec2-0000-001056265f00}</Data><Data Name='ProcessId'>7912</Data><Data Name='QueryName'>d9.flashtalking.com</Data><Data Name='QueryStatus'>0</Data><Data Name='QueryResults'>type:  5 ft.device9.com;type:  5 tag.device9.com;::ffff:54.154.187.33;::ffff:18.203.205.231;::ffff:34.247.143.0;::ffff:52.17.219.65;::ffff:54.72.26.94;::ffff:54.72.27.67;205.251.193.206;2600:9000:5301:ce00::1;205.251.194.76;2600:9000:5302:4c00::1;205.251.196.193;2600:9000:5304:c100::1;205.251.199.94;2600:9000:5307:5e00::1;</Data><Data Name='Image'>C:\Windows\System32\MicrosoftEdgeCP.exe</Data></EventData></Event><Event xmlns='http://schemas.microsoft.com/win/2004/08/events/event'><System><Provider Name='Microsoft-Windows-Sysmon' Guid='{5770385f-c22a-43e0-bf4c-06f5698ffbd9}'/><EventID>22</EventID><Version>5</Version><Level>4</Level><Task>22</Task><Opcode>0</Opcode><Keywords>0x8000000000000000</Keywords><TimeCreated SystemTime='2020-05-18T07:09:07.499993800Z'/><EventRecordID>2787</EventRecordID><Correlation/><Execution ProcessID='2848' ThreadID='3264'/><Channel>Microsoft-Windows-Sysmon/Operational</Channel><Computer>DESKTOP-P84STH6</Computer><Security UserID='S-1-5-18'/></System><EventData><Data Name='RuleName'></Data><Data Name='UtcTime'>2020-05-18 07:09:04.498</Data><Data Name='ProcessGuid'>{5d3d98af-333d-5ec2-0000-001056265f00}</Data><Data Name='ProcessId'>7912</Data><Data Name='QueryName'>cdn.flashtalking.com</Data><Data Name='QueryStatus'>0</Data><Data Name='QueryResults'>type:  5 cdn.flashtalking.com.edgekey.net;type:  5 e1486.b.akamaiedge.net;::ffff:163.28.224.60;88.221.81.192;2600:1480:e800::c0;163.28.5.87;203.211.2.181;203.211.2.204;203.211.2.212;203.211.5.23;23.210.215.110;203.211.5.45;</Data><Data Name='Image'>C:\Windows\System32\MicrosoftEdgeCP.exe</Data></EventData></Event><Event xmlns='http://schemas.microsoft.com/win/2004/08/events/event'><System><Provider Name='Microsoft-Windows-Sysmon' Guid='{5770385f-c22a-43e0-bf4c-06f5698ffbd9}'/><EventID>22</EventID><Version>5</Version><Level>4</Level><Task>22</Task><Opcode>0</Opcode><Keywords>0x8000000000000000</Keywords><TimeCreated SystemTime='2020-05-18T07:09:07.499878500Z'/><EventRecordID>2786</EventRecordID><Correlation/><Execution ProcessID='2848' ThreadID='3264'/><Channel>Microsoft-Windows-Sysmon/Operational</Channel><Computer>DESKTOP-P84STH6</Computer><Security UserID='S-1-5-18'/></System><EventData><Data Name='RuleName'></Data><Data Name='UtcTime'>2020-05-18 07:09:04.095</Data><Data Name='ProcessGuid'>{5d3d98af-333d-5ec2-0000-001056265f00}</Data><Data Name='ProcessId'>7912</Data><Data Name='QueryName'>servedby.flashtalking.com</Data><Data Name='QueryStatus'>0</Data><Data Name='QueryResults'>type:  5 cds.f7f2q8c3.hwcdn.net;::ffff:205.185.216.42;::ffff:205.185.216.10;69.16.174.10;209.197.2.10;</Data><Data Name='Image'>C:\Windows\System32\MicrosoftEdgeCP.exe</Data></EventData></Event><Event xmlns='http://schemas.microsoft.com/win/2004/08/events/event'><System><Provider Name='Microsoft-Windows-Sysmon' Guid='{5770385f-c22a-43e0-bf4c-06f5698ffbd9}'/><EventID>22</EventID><Version>5</Version><Level>4</Level><Task>22</Task><Opcode>0</Opcode><Keywords>0x8000000000000000</Keywords><TimeCreated SystemTime='2020-05-18T07:09:05.487466600Z'/><EventRecordID>2785</EventRecordID><Correlation/><Execution ProcessID='2848' ThreadID='3264'/><Channel>Microsoft-Windows-Sysmon/Operational</Channel><Computer>DESKTOP-P84STH6</Computer><Security UserID='S-1-5-18'/></System><EventData><Data Name='RuleName'></Data><Data Name='UtcTime'>2020-05-18 07:09:03.092</Data><Data Name='ProcessGuid'>{5d3d98af-27c0-5ec2-0000-0010f5ce1300}</Data><Data Name='ProcessId'>1164</Data><Data Name='QueryName'>www.facebook.com</Data><Data Name='QueryStatus'>0</Data><Data Name='QueryResults'>type:  5 star-mini.c10r.facebook.com;::ffff:31.13.87.36;129.134.30.11;2a03:2880:f0fc:b:face:b00c:0:99;129.134.31.11;2a03:2880:f0fd:b:face:b00c:0:99;185.89.218.11;2a03:2880:f1fc:b:face:b00c:0:99;185.89.219.11;2a03:2880:f1fd:b:face:b00c:0:99;</Data><Data Name='Image'>C:\Windows\System32\smartscreen.exe</Data></EventData></Event><Event xmlns='http://schemas.microsoft.com/win/2004/08/events/event'><System><Provider Name='Microsoft-Windows-Sysmon' Guid='{5770385f-c22a-43e0-bf4c-06f5698ffbd9}'/><EventID>22</EventID><Version>5</Version><Level>4</Level><Task>22</Task><Opcode>0</Opcode><Keywords>0x8000000000000000</Keywords><TimeCreated SystemTime='2020-05-18T07:09:05.486469900Z'/><EventRecordID>2784</EventRecordID><Correlation/><Execution ProcessID='2848' ThreadID='3264'/><Channel>Microsoft-Windows-Sysmon/Operational</Channel><Computer>DESKTOP-P84STH6</Computer><Security UserID='S-1-5-18'/></System><EventData><Data Name='RuleName'></Data><Data Name='UtcTime'>2020-05-18 07:09:02.573</Data><Data Name='ProcessGuid'>{5d3d98af-27c0-5ec2-0000-0010f5ce1300}</Data><Data Name='ProcessId'>1164</Data><Data Name='QueryName'>platform.twitter.com</Data><Data Name='QueryStatus'>0</Data><Data Name='QueryResults'>type:  5 platform.twitter.map.fastly.net;</Data><Data Name='Image'>C:\Windows\System32\smartscreen.exe</Data></EventData></Event><Event xmlns='http://schemas.microsoft.com/win/2004/08/events/event'><System><Provider Name='Microsoft-Windows-Sysmon' Guid='{5770385f-c22a-43e0-bf4c-06f5698ffbd9}'/><EventID>22</EventID><Version>5</Version><Level>4</Level><Task>22</Task><Opcode>0</Opcode><Keywords>0x8000000000000000</Keywords><TimeCreated SystemTime='2020-05-18T07:09:05.486331200Z'/><EventRecordID>2783</EventRecordID><Correlation/><Execution ProcessID='2848' ThreadID='3264'/><Channel>Microsoft-Windows-Sysmon/Operational</Channel><Computer>DESKTOP-P84STH6</Computer><Security UserID='S-1-5-18'/></System><EventData><Data Name='RuleName'></Data><Data Name='UtcTime'>2020-05-18 07:09:01.454</Data><Data Name='ProcessGuid'>{5d3d98af-263d-5ec2-0000-00100b290600}</Data><Data Name='ProcessId'>5540</Data><Data Name='QueryName'>twitter.com</Data><Data Name='QueryStatus'>0</Data><Data Name='QueryResults'>::ffff:104.244.42.1;205.251.192.179;205.251.196.198;205.251.194.151;205.251.199.195;208.78.70.34;2001:500:90:1::34;204.13.250.34;208.78.71.34;2001:500:94:1::34;204.13.251.34;208.78.70.34;204.13.250.34;</Data><Data Name='Image'>C:\Windows\SystemApps\Microsoft.MicrosoftEdge_8wekyb3d8bbwe\MicrosoftEdge.exe</Data></EventData></Event><Event xmlns='http://schemas.microsoft.com/win/2004/08/events/event'><System><Provider Name='Microsoft-Windows-Sysmon' Guid='{5770385f-c22a-43e0-bf4c-06f5698ffbd9}'/><EventID>22</EventID><Version>5</Version><Level>4</Level><Task>22</Task><Opcode>0</Opcode><Keywords>0x8000000000000000</Keywords><TimeCreated SystemTime='2020-05-18T07:09:03.434754200Z'/><EventRecordID>2782</EventRecordID><Correlation/><Execution ProcessID='2848' ThreadID='3264'/><Channel>Microsoft-Windows-Sysmon/Operational</Channel><Computer>DESKTOP-P84STH6</Computer><Security UserID='S-1-5-18'/></System><EventData><Data Name='RuleName'></Data><Data Name='UtcTime'>2020-05-18 07:09:00.150</Data><Data Name='ProcessGuid'>{5d3d98af-333d-5ec2-0000-001056265f00}</Data><Data Name='ProcessId'>7912</Data><Data Name='QueryName'>syndication.twitter.com</Data><Data Name='QueryStatus'>0</Data><Data Name='QueryResults'>::ffff:104.244.42.72;::ffff:104.244.42.136;::ffff:104.244.42.200;::ffff:104.244.42.8;205.251.192.179;205.251.196.198;205.251.194.151;205.251.199.195;208.78.70.34;204.13.250.34;208.78.71.34;204.13.251.34;208.78.70.34;204.13.250.34;</Data><Data Name='Image'>C:\Windows\System32\MicrosoftEdgeCP.exe</Data></EventData></Event><Event xmlns='http://schemas.microsoft.com/win/2004/08/events/event'><System><Provider Name='Microsoft-Windows-Sysmon' Guid='{5770385f-c22a-43e0-bf4c-06f5698ffbd9}'/><EventID>22</EventID><Version>5</Version><Level>4</Level><Task>22</Task><Opcode>0</Opcode><Keywords>0x8000000000000000</Keywords><TimeCreated SystemTime='2020-05-18T07:09:02.391073300Z'/><EventRecordID>2781</EventRecordID><Correlation/><Execution ProcessID='2848' ThreadID='3264'/><Channel>Microsoft-Windows-Sysmon/Operational</Channel><Computer>DESKTOP-P84STH6</Computer><Security UserID='S-1-5-18'/></System><EventData><Data Name='RuleName'></Data><Data Name='UtcTime'>2020-05-18 07:08:59.716</Data><Data Name='ProcessGuid'>{5d3d98af-27c0-5ec2-0000-0010f5ce1300}</Data><Data Name='ProcessId'>1164</Data><Data Name='QueryName'>platform.twitter.com</Data><Data Name='QueryStatus'>0</Data><Data Name='QueryResults'>type:  5 platform.twitter.map.fastly.net;::ffff:151.101.76.157;23.235.32.32;104.156.80.32;23.235.36.32;104.156.84.32;</Data><Data Name='Image'>C:\Windows\System32\smartscreen.exe</Data></EventData></Event><Event xmlns='http://schemas.microsoft.com/win/2004/08/events/event'><System><Provider Name='Microsoft-Windows-Sysmon' Guid='{5770385f-c22a-43e0-bf4c-06f5698ffbd9}'/><EventID>22</EventID><Version>5</Version><Level>4</Level><Task>22</Task><Opcode>0</Opcode><Keywords>0x8000000000000000</Keywords><TimeCreated SystemTime='2020-05-18T07:09:02.390507500Z'/><EventRecordID>2780</EventRecordID><Correlation/><Execution ProcessID='2848' ThreadID='3264'/><Channel>Microsoft-Windows-Sysmon/Operational</Channel><Computer>DESKTOP-P84STH6</Computer><Security UserID='S-1-5-18'/></System><EventData><Data Name='RuleName'></Data><Data Name='UtcTime'>2020-05-18 07:08:59.493</Data><Data Name='ProcessGuid'>{5d3d98af-333d-5ec2-0000-001056265f00}</Data><Data Name='ProcessId'>7912</Data><Data Name='QueryName'>cc.adingo.jp</Data><Data Name='QueryStatus'>0</Data><Data Name='QueryResults'>::ffff:100.25.225.218;::ffff:3.217.164.228;::ffff:3.225.92.69;::ffff:34.195.91.242;::ffff:34.206.225.118;::ffff:52.72.195.204;::ffff:54.85.202.116;::ffff:54.164.34.2;205.251.193.236;2600:9000:5301:ec00::1;205.251.195.148;2600:9000:5303:9400::1;205.251.197.190;2600:9000:5305:be00::1;205.251.199.25;2600:9000:5307:1900::1;</Data><Data Name='Image'>C:\Windows\System32\MicrosoftEdgeCP.exe</Data></EventData></Event><Event xmlns='http://schemas.microsoft.com/win/2004/08/events/event'><System><Provider Name='Microsoft-Windows-Sysmon' Guid='{5770385f-c22a-43e0-bf4c-06f5698ffbd9}'/><EventID>22</EventID><Version>5</Version><Level>4</Level><Task>22</Task><Opcode>0</Opcode><Keywords>0x8000000000000000</Keywords><TimeCreated SystemTime='2020-05-18T07:09:02.390394200Z'/><EventRecordID>2779</EventRecordID><Correlation/><Execution ProcessID='2848' ThreadID='3264'/><Channel>Microsoft-Windows-Sysmon/Operational</Channel><Computer>DESKTOP-P84STH6</Computer><Security UserID='S-1-5-18'/></System><EventData><Data Name='RuleName'></Data><Data Name='UtcTime'>2020-05-18 07:08:59.480</Data><Data Name='ProcessGuid'>{5d3d98af-333d-5ec2-0000-001056265f00}</Data><Data Name='ProcessId'>7912</Data><Data Name='QueryName'>d.agkn.com</Data><Data Name='QueryStatus'>0</Data><Data Name='QueryResults'>type:  5 data.agkn.com;type:  5 d2ctznuk6ro1vp.cloudfront.net;::ffff:13.35.7.15;::ffff:13.35.7.30;::ffff:13.35.7.52;::ffff:13.35.7.92;205.251.192.158;2600:9000:5300:9e00::1;205.251.194.236;2600:9000:5302:ec00::1;205.251.197.57;2600:9000:5305:3900::1;205.251.198.152;2600:9000:5306:9800::1;</Data><Data Name='Image'>C:\Windows\System32\MicrosoftEdgeCP.exe</Data></EventData></Event><Event xmlns='http://schemas.microsoft.com/win/2004/08/events/event'><System><Provider Name='Microsoft-Windows-Sysmon' Guid='{5770385f-c22a-43e0-bf4c-06f5698ffbd9}'/><EventID>22</EventID><Version>5</Version><Level>4</Level><Task>22</Task><Opcode>0</Opcode><Keywords>0x8000000000000000</Keywords><TimeCreated SystemTime='2020-05-18T07:09:02.389981300Z'/><EventRecordID>2778</EventRecordID><Correlation/><Execution ProcessID='2848' ThreadID='3264'/><Channel>Microsoft-Windows-Sysmon/Operational</Channel><Computer>DESKTOP-P84STH6</Computer><Security UserID='S-1-5-18'/></System><EventData><Data Name='RuleName'></Data><Data Name='UtcTime'>2020-05-18 07:08:59.380</Data><Data Name='ProcessGuid'>{5d3d98af-333d-5ec2-0000-001056265f00}</Data><Data Name='ProcessId'>7912</Data><Data Name='QueryName'>www.google.com</Data><Data Name='QueryStatus'>0</Data><Data Name='QueryResults'>::ffff:216.58.200.228;216.239.32.10;2001:4860:4802:32::a;216.239.34.10;2001:4860:4802:34::a;216.239.36.10;216.239.38.10;</Data><Data Name='Image'>C:\Windows\System32\MicrosoftEdgeCP.exe</Data></EventData></Event><Event xmlns='http://schemas.microsoft.com/win/2004/08/events/event'><System><Provider Name='Microsoft-Windows-Sysmon' Guid='{5770385f-c22a-43e0-bf4c-06f5698ffbd9}'/><EventID>22</EventID><Version>5</Version><Level>4</Level><Task>22</Task><Opcode>0</Opcode><Keywords>0x8000000000000000</Keywords><TimeCreated SystemTime='2020-05-18T07:09:01.384516400Z'/><EventRecordID>2777</EventRecordID><Correlation/><Execution ProcessID='2848' ThreadID='3264'/><Channel>Microsoft-Windows-Sysmon/Operational</Channel><Computer>DESKTOP-P84STH6</Computer><Security UserID='S-1-5-18'/></System><EventData><Data Name='RuleName'></Data><Data Name='UtcTime'>2020-05-18 07:08:58.810</Data><Data Name='ProcessGuid'>{5d3d98af-333d-5ec2-0000-001056265f00}</Data><Data Name='ProcessId'>7912</Data><Data Name='QueryName'>www.facebook.com</Data><Data Name='QueryStatus'>0</Data><Data Name='QueryResults'>type:  5 star-mini.c10r.facebook.com;::ffff:31.13.87.36;129.134.30.11;2a03:2880:f0fc:b:face:b00c:0:99;129.134.31.11;2a03:2880:f0fd:b:face:b00c:0:99;185.89.218.11;2a03:2880:f1fc:b:face:b00c:0:99;185.89.219.11;2a03:2880:f1fd:b:face:b00c:0:99;</Data><Data Name='Image'>C:\Windows\System32\MicrosoftEdgeCP.exe</Data></EventData></Event><Event xmlns='http://schemas.microsoft.com/win/2004/08/events/event'><System><Provider Name='Microsoft-Windows-Sysmon' Guid='{5770385f-c22a-43e0-bf4c-06f5698ffbd9}'/><EventID>22</EventID><Version>5</Version><Level>4</Level><Task>22</Task><Opcode>0</Opcode><Keywords>0x8000000000000000</Keywords><TimeCreated SystemTime='2020-05-18T07:09:01.384422400Z'/><EventRecordID>2776</EventRecordID><Correlation/><Execution ProcessID='2848' ThreadID='3264'/><Channel>Microsoft-Windows-Sysmon/Operational</Channel><Computer>DESKTOP-P84STH6</Computer><Security UserID='S-1-5-18'/></System><EventData><Data Name='RuleName'></Data><Data Name='UtcTime'>2020-05-18 07:08:58.806</Data><Data Name='ProcessGuid'>{5d3d98af-333d-5ec2-0000-001056265f00}</Data><Data Name='ProcessId'>7912</Data><Data Name='QueryName'>platform.twitter.com</Data><Data Name='QueryStatus'>0</Data><Data Name='QueryResults'>type:  5 platform.twitter.map.fastly.net;::ffff:151.101.76.157;23.235.32.32;104.156.80.32;23.235.36.32;104.156.84.32;</Data><Data Name='Image'>C:\Windows\System32\MicrosoftEdgeCP.exe</Data></EventData></Event><Event xmlns='http://schemas.microsoft.com/win/2004/08/events/event'><System><Provider Name='Microsoft-Windows-Sysmon' Guid='{5770385f-c22a-43e0-bf4c-06f5698ffbd9}'/><EventID>22</EventID><Version>5</Version><Level>4</Level><Task>22</Task><Opcode>0</Opcode><Keywords>0x8000000000000000</Keywords><TimeCreated SystemTime='2020-05-18T07:09:01.384167100Z'/><EventRecordID>2775</EventRecordID><Correlation/><Execution ProcessID='2848' ThreadID='3264'/><Channel>Microsoft-Windows-Sysmon/Operational</Channel><Computer>DESKTOP-P84STH6</Computer><Security UserID='S-1-5-18'/></System><EventData><Data Name='RuleName'></Data><Data Name='UtcTime'>2020-05-18 07:08:58.706</Data><Data Name='ProcessGuid'>{5d3d98af-27c0-5ec2-0000-0010f5ce1300}</Data><Data Name='ProcessId'>1164</Data><Data Name='QueryName'>www.facebook.com</Data><Data Name='QueryStatus'>9701</Data><Data Name='QueryResults'></Data><Data Name='Image'>C:\Windows\System32\smartscreen.exe</Data></EventData></Event><Event xmlns='http://schemas.microsoft.com/win/2004/08/events/event'><System><Provider Name='Microsoft-Windows-Sysmon' Guid='{5770385f-c22a-43e0-bf4c-06f5698ffbd9}'/><EventID>22</EventID><Version>5</Version><Level>4</Level><Task>22</Task><Opcode>0</Opcode><Keywords>0x8000000000000000</Keywords><TimeCreated SystemTime='2020-05-18T07:09:01.383953200Z'/><EventRecordID>2774</EventRecordID><Correlation/><Execution ProcessID='2848' ThreadID='3264'/><Channel>Microsoft-Windows-Sysmon/Operational</Channel><Computer>DESKTOP-P84STH6</Computer><Security UserID='S-1-5-18'/></System><EventData><Data Name='RuleName'></Data><Data Name='UtcTime'>2020-05-18 07:08:58.689</Data><Data Name='ProcessGuid'>{5d3d98af-333d-5ec2-0000-001056265f00}</Data><Data Name='ProcessId'>7912</Data><Data Name='QueryName'>adservice.google.com.tw</Data><Data Name='QueryStatus'>0</Data><Data Name='QueryResults'>type:  5 pagead46.l.doubleclick.net;::ffff:172.217.160.98;216.239.32.10;2001:4860:4802:32::a;216.239.34.10;2001:4860:4802:34::a;216.239.36.10;2001:4860:4802:36::a;216.239.38.10;2001:4860:4802:38::a;</Data><Data Name='Image'>C:\Windows\System32\MicrosoftEdgeCP.exe</Data></EventData></Event><Event xmlns='http://schemas.microsoft.com/win/2004/08/events/event'><System><Provider Name='Microsoft-Windows-Sysmon' Guid='{5770385f-c22a-43e0-bf4c-06f5698ffbd9}'/><EventID>22</EventID><Version>5</Version><Level>4</Level><Task>22</Task><Opcode>0</Opcode><Keywords>0x8000000000000000</Keywords><TimeCreated SystemTime='2020-05-18T07:09:01.383783500Z'/><EventRecordID>2773</EventRecordID><Correlation/><Execution ProcessID='2848' ThreadID='3264'/><Channel>Microsoft-Windows-Sysmon/Operational</Channel><Computer>DESKTOP-P84STH6</Computer><Security UserID='S-1-5-18'/></System><EventData><Data Name='RuleName'></Data><Data Name='UtcTime'>2020-05-18 07:08:58.403</Data><Data Name='ProcessGuid'>{5d3d98af-333d-5ec2-0000-001056265f00}</Data><Data Name='ProcessId'>7912</Data><Data Name='QueryName'>platform.tumblr.com</Data><Data Name='QueryStatus'>0</Data><Data Name='QueryResults'>type:  5 cs1143.wpc.chicdn.net;::ffff:152.199.43.87;</Data><Data Name='Image'>C:\Windows\System32\MicrosoftEdgeCP.exe</Data></EventData></Event><Event xmlns='http://schemas.microsoft.com/win/2004/08/events/event'><System><Provider Name='Microsoft-Windows-Sysmon' Guid='{5770385f-c22a-43e0-bf4c-06f5698ffbd9}'/><EventID>22</EventID><Version>5</Version><Level>4</Level><Task>22</Task><Opcode>0</Opcode><Keywords>0x8000000000000000</Keywords><TimeCreated SystemTime='2020-05-18T07:09:01.383624700Z'/><EventRecordID>2772</EventRecordID><Correlation/><Execution ProcessID='2848' ThreadID='3264'/><Channel>Microsoft-Windows-Sysmon/Operational</Channel><Computer>DESKTOP-P84STH6</Computer><Security UserID='S-1-5-18'/></System><EventData><Data Name='RuleName'></Data><Data Name='UtcTime'>2020-05-18 07:08:58.305</Data><Data Name='ProcessGuid'>{5d3d98af-333d-5ec2-0000-001056265f00}</Data><Data Name='ProcessId'>7912</Data><Data Name='QueryName'>webglx0.net</Data><Data Name='QueryStatus'>0</Data><Data Name='QueryResults'>::ffff:104.28.4.110;::ffff:104.28.5.110;</Data><Data Name='Image'>C:\Windows\System32\MicrosoftEdgeCP.exe</Data></EventData></Event><Event xmlns='http://schemas.microsoft.com/win/2004/08/events/event'><System><Provider Name='Microsoft-Windows-Sysmon' Guid='{5770385f-c22a-43e0-bf4c-06f5698ffbd9}'/><EventID>22</EventID><Version>5</Version><Level>4</Level><Task>22</Task><Opcode>0</Opcode><Keywords>0x8000000000000000</Keywords><TimeCreated SystemTime='2020-05-18T07:09:01.383279400Z'/><EventRecordID>2771</EventRecordID><Correlation/><Execution ProcessID='2848' ThreadID='3264'/><Channel>Microsoft-Windows-Sysmon/Operational</Channel><Computer>DESKTOP-P84STH6</Computer><Security UserID='S-1-5-18'/></System><EventData><Data Name='RuleName'></Data><Data Name='UtcTime'>2020-05-18 07:08:57.742</Data><Data Name='ProcessGuid'>{5d3d98af-27c0-5ec2-0000-0010f5ce1300}</Data><Data Name='ProcessId'>1164</Data><Data Name='QueryName'>neutralxe.net</Data><Data Name='QueryStatus'>0</Data><Data Name='QueryResults'>::ffff:182.48.10.221;</Data><Data Name='Image'>C:\Windows\System32\smartscreen.exe</Data></EventData></Event><Event xmlns='http://schemas.microsoft.com/win/2004/08/events/event'><System><Provider Name='Microsoft-Windows-Sysmon' Guid='{5770385f-c22a-43e0-bf4c-06f5698ffbd9}'/><EventID>22</EventID><Version>5</Version><Level>4</Level><Task>22</Task><Opcode>0</Opcode><Keywords>0x8000000000000000</Keywords><TimeCreated SystemTime='2020-05-18T07:09:01.383186000Z'/><EventRecordID>2770</EventRecordID><Correlation/><Execution ProcessID='2848' ThreadID='3264'/><Channel>Microsoft-Windows-Sysmon/Operational</Channel><Computer>DESKTOP-P84STH6</Computer><Security UserID='S-1-5-18'/></System><EventData><Data Name='RuleName'></Data><Data Name='UtcTime'>2020-05-18 07:08:57.708</Data><Data Name='ProcessGuid'>{5d3d98af-333d-5ec2-0000-001056265f00}</Data><Data Name='ProcessId'>7912</Data><Data Name='QueryName'>neutralxe.net</Data><Data Name='QueryStatus'>0</Data><Data Name='QueryResults'>::ffff:182.48.10.221;</Data><Data Name='Image'>C:\Windows\System32\MicrosoftEdgeCP.exe</Data></EventData></Event><Event xmlns='http://schemas.microsoft.com/win/2004/08/events/event'><System><Provider Name='Microsoft-Windows-Sysmon' Guid='{5770385f-c22a-43e0-bf4c-06f5698ffbd9}'/><EventID>22</EventID><Version>5</Version><Level>4</Level><Task>22</Task><Opcode>0</Opcode><Keywords>0x8000000000000000</Keywords><TimeCreated SystemTime='2020-05-18T07:09:01.383098500Z'/><EventRecordID>2769</EventRecordID><Correlation/><Execution ProcessID='2848' ThreadID='3264'/><Channel>Microsoft-Windows-Sysmon/Operational</Channel><Computer>DESKTOP-P84STH6</Computer><Security UserID='S-1-5-18'/></System><EventData><Data Name='RuleName'></Data><Data Name='UtcTime'>2020-05-18 07:08:57.686</Data><Data Name='ProcessGuid'>{5d3d98af-263d-5ec2-0000-00100b290600}</Data><Data Name='ProcessId'>5540</Data><Data Name='QueryName'>neutralxe.net</Data><Data Name='QueryStatus'>0</Data><Data Name='QueryResults'>::ffff:182.48.10.221;</Data><Data Name='Image'>C:\Windows\SystemApps\Microsoft.MicrosoftEdge_8wekyb3d8bbwe\MicrosoftEdge.exe</Data></EventData></Event><Event xmlns='http://schemas.microsoft.com/win/2004/08/events/event'><System><Provider Name='Microsoft-Windows-Sysmon' Guid='{5770385f-c22a-43e0-bf4c-06f5698ffbd9}'/><EventID>22</EventID><Version>5</Version><Level>4</Level><Task>22</Task><Opcode>0</Opcode><Keywords>0x8000000000000000</Keywords><TimeCreated SystemTime='2020-05-18T07:08:57.393614600Z'/><EventRecordID>2768</EventRecordID><Correlation/><Execution ProcessID='2848' ThreadID='3264'/><Channel>Microsoft-Windows-Sysmon/Operational</Channel><Computer>DESKTOP-P84STH6</Computer><Security UserID='S-1-5-18'/></System><EventData><Data Name='RuleName'></Data><Data Name='UtcTime'>2020-05-18 07:08:54.557</Data><Data Name='ProcessGuid'>{5d3d98af-2994-5ec2-0000-00101b2f3100}</Data><Data Name='ProcessId'>4280</Data><Data Name='QueryName'>pr-bh.ybp.yahoo.com</Data><Data Name='QueryStatus'>0</Data><Data Name='QueryResults'>type:  5 ds-pr-bh.ybp.gysm.yahoodns.net;::ffff:106.10.218.43;68.142.254.15;68.180.130.15;203.84.209.160;183.177.82.12;</Data><Data Name='Image'>C:\Windows\System32\MicrosoftEdgeCP.exe</Data></EventData></Event><Event xmlns='http://schemas.microsoft.com/win/2004/08/events/event'><System><Provider Name='Microsoft-Windows-Sysmon' Guid='{5770385f-c22a-43e0-bf4c-06f5698ffbd9}'/><EventID>22</EventID><Version>5</Version><Level>4</Level><Task>22</Task><Opcode>0</Opcode><Keywords>0x8000000000000000</Keywords><TimeCreated SystemTime='2020-05-18T07:08:57.367274300Z'/><EventRecordID>2767</EventRecordID><Correlation/><Execution ProcessID='2848' ThreadID='3264'/><Channel>Microsoft-Windows-Sysmon/Operational</Channel><Computer>DESKTOP-P84STH6</Computer><Security UserID='S-1-5-18'/></System><EventData><Data Name='RuleName'></Data><Data Name='UtcTime'>2020-05-18 07:08:54.555</Data><Data Name='ProcessGuid'>{5d3d98af-2994-5ec2-0000-00101b2f3100}</Data><Data Name='ProcessId'>4280</Data><Data Name='QueryName'>img.s-msn.com</Data><Data Name='QueryStatus'>0</Data><Data Name='QueryResults'>type:  5 wildcard.s-msn.com.edgekey.net;type:  5 e7341.g.akamaiedge.net;::ffff:163.28.225.26;88.221.81.192;2600:1480:e800::c0;163.28.5.87;23.199.34.125;23.199.34.125;23.210.215.110;23.210.215.214;23.210.215.181;163.28.5.62;</Data><Data Name='Image'>C:\Windows\System32\MicrosoftEdgeCP.exe</Data></EventData></Event><Event xmlns='http://schemas.microsoft.com/win/2004/08/events/event'><System><Provider Name='Microsoft-Windows-Sysmon' Guid='{5770385f-c22a-43e0-bf4c-06f5698ffbd9}'/><EventID>22</EventID><Version>5</Version><Level>4</Level><Task>22</Task><Opcode>0</Opcode><Keywords>0x8000000000000000</Keywords><TimeCreated SystemTime='2020-05-18T07:08:57.367066100Z'/><EventRecordID>2766</EventRecordID><Correlation/><Execution ProcessID='2848' ThreadID='3264'/><Channel>Microsoft-Windows-Sysmon/Operational</Channel><Computer>DESKTOP-P84STH6</Computer><Security UserID='S-1-5-18'/></System><EventData><Data Name='RuleName'></Data><Data Name='UtcTime'>2020-05-18 07:08:54.552</Data><Data Name='ProcessGuid'>{5d3d98af-2994-5ec2-0000-00101b2f3100}</Data><Data Name='ProcessId'>4280</Data><Data Name='QueryName'>p.adsymptotic.com</Data><Data Name='QueryStatus'>0</Data><Data Name='QueryResults'>::ffff:104.18.98.194;::ffff:104.18.99.194;::ffff:104.18.100.194;::ffff:104.18.101.194;::ffff:104.18.102.194;173.245.59.223;2606:4700:58::adf5:3bdf;173.245.58.241;2606:4700:50::adf5:3af1;</Data><Data Name='Image'>C:\Windows\System32\MicrosoftEdgeCP.exe</Data></EventData></Event><Event xmlns='http://schemas.microsoft.com/win/2004/08/events/event'><System><Provider Name='Microsoft-Windows-Sysmon' Guid='{5770385f-c22a-43e0-bf4c-06f5698ffbd9}'/><EventID>22</EventID><Version>5</Version><Level>4</Level><Task>22</Task><Opcode>0</Opcode><Keywords>0x8000000000000000</Keywords><TimeCreated SystemTime='2020-05-18T07:08:57.366452300Z'/><EventRecordID>2765</EventRecordID><Correlation/><Execution ProcessID='2848' ThreadID='3264'/><Channel>Microsoft-Windows-Sysmon/Operational</Channel><Computer>DESKTOP-P84STH6</Computer><Security UserID='S-1-5-18'/></System><EventData><Data Name='RuleName'></Data><Data Name='UtcTime'>2020-05-18 07:08:54.488</Data><Data Name='ProcessGuid'>{5d3d98af-2994-5ec2-0000-00101b2f3100}</Data><Data Name='ProcessId'>4280</Data><Data Name='QueryName'>img-s-msn-com.akamaized.net</Data><Data Name='QueryStatus'>0</Data><Data Name='QueryResults'>type:  5 a1834.dspg2.akamai.net;::ffff:163.28.5.9;::ffff:163.28.5.25;88.221.81.192;2600:1480:e800::c0;163.28.5.29;104.116.243.157;104.116.243.20;104.116.243.148;104.116.243.78;104.116.243.158;60.199.191.74;</Data><Data Name='Image'>C:\Windows\System32\MicrosoftEdgeCP.exe</Data></EventData></Event><Event xmlns='http://schemas.microsoft.com/win/2004/08/events/event'><System><Provider Name='Microsoft-Windows-Sysmon' Guid='{5770385f-c22a-43e0-bf4c-06f5698ffbd9}'/><EventID>22</EventID><Version>5</Version><Level>4</Level><Task>22</Task><Opcode>0</Opcode><Keywords>0x8000000000000000</Keywords><TimeCreated SystemTime='2020-05-18T07:08:57.366343200Z'/><EventRecordID>2764</EventRecordID><Correlation/><Execution ProcessID='2848' ThreadID='3264'/><Channel>Microsoft-Windows-Sysmon/Operational</Channel><Computer>DESKTOP-P84STH6</Computer><Security UserID='S-1-5-18'/></System><EventData><Data Name='RuleName'></Data><Data Name='UtcTime'>2020-05-18 07:08:54.484</Data><Data Name='ProcessGuid'>{5d3d98af-2994-5ec2-0000-00101b2f3100}</Data><Data Name='ProcessId'>4280</Data><Data Name='QueryName'>static-spartan-eas-s-msn-com.akamaized.net</Data><Data Name='QueryStatus'>0</Data><Data Name='QueryResults'>type:  5 a1784.g2.akamai.net;::ffff:163.28.5.34;::ffff:163.28.5.27;88.221.81.192;2600:1480:e800::c0;163.28.5.29;104.116.243.20;104.116.243.148;104.116.243.157;104.116.243.78;104.116.243.158;60.199.191.28;</Data><Data Name='Image'>C:\Windows\System32\MicrosoftEdgeCP.exe</Data></EventData></Event><Event xmlns='http://schemas.microsoft.com/win/2004/08/events/event'><System><Provider Name='Microsoft-Windows-Sysmon' Guid='{5770385f-c22a-43e0-bf4c-06f5698ffbd9}'/><EventID>22</EventID><Version>5</Version><Level>4</Level><Task>22</Task><Opcode>0</Opcode><Keywords>0x8000000000000000</Keywords><TimeCreated SystemTime='2020-05-18T07:08:57.366195800Z'/><EventRecordID>2763</EventRecordID><Correlation/><Execution ProcessID='2848' ThreadID='3264'/><Channel>Microsoft-Windows-Sysmon/Operational</Channel><Computer>DESKTOP-P84STH6</Computer><Security UserID='S-1-5-18'/></System><EventData><Data Name='RuleName'></Data><Data Name='UtcTime'>2020-05-18 07:08:54.481</Data><Data Name='ProcessGuid'>{5d3d98af-2994-5ec2-0000-00101b2f3100}</Data><Data Name='ProcessId'>4280</Data><Data Name='QueryName'>bing.com</Data><Data Name='QueryStatus'>0</Data><Data Name='QueryResults'>::ffff:13.107.21.200;::ffff:204.79.197.200;198.51.44.9;2620:4d:4000:6259:7::9;198.51.45.9;198.51.44.73;2620:4d:4000:6259:7::90;198.51.45.73;2a00:edc0:6259:7::90;40.90.4.204;2603:1061::cc;64.4.48.204;</Data><Data Name='Image'>C:\Windows\System32\MicrosoftEdgeCP.exe</Data></EventData></Event><Event xmlns='http://schemas.microsoft.com/win/2004/08/events/event'><System><Provider Name='Microsoft-Windows-Sysmon' Guid='{5770385f-c22a-43e0-bf4c-06f5698ffbd9}'/><EventID>1</EventID><Version>5</Version><Level>4</Level><Task>1</Task><Opcode>0</Opcode><Keywords>0x8000000000000000</Keywords><TimeCreated SystemTime='2020-05-18T07:08:36.380635600Z'/><EventRecordID>2762</EventRecordID><Correlation/><Execution ProcessID='2848' ThreadID='3280'/><Channel>Microsoft-Windows-Sysmon/Operational</Channel><Computer>DESKTOP-P84STH6</Computer><Security UserID='S-1-5-18'/></System><EventData><Data Name='RuleName'></Data><Data Name='UtcTime'>2020-05-18 07:08:36.373</Data><Data Name='ProcessGuid'>{5d3d98af-3474-5ec2-0000-0010aac56900}</Data><Data Name='ProcessId'>2932</Data><Data Name='Image'>C:\Windows\System32\dmclient.exe</Data><Data Name='FileVersion'>10.0.18362.1 (WinBuild.160101.0800)</Data><Data Name='Description'>Microsoft Feedback SIUF Deployment Manager Client</Data><Data Name='Product'>Microsoft® Windows® Operating System</Data><Data Name='Company'>Microsoft Corporation</Data><Data Name='OriginalFileName'>dmclient.exe</Data><Data Name='CommandLine'>C:\Windows\system32\dmclient.exe utcwnf</Data><Data Name='CurrentDirectory'>C:\Windows\system32\</Data><Data Name='User'>NT AUTHORITY\SYSTEM</Data><Data Name='LogonGuid'>{5d3d98af-2633-5ec2-0000-0020e7030000}</Data><Data Name='LogonId'>0x3e7</Data><Data Name='TerminalSessionId'>0</Data><Data Name='IntegrityLevel'>System</Data><Data Name='Hashes'>MD5=F75A111BDD09F49FD954AD0C148A123B,SHA256=D9F4EC9052D0C8B799660E7D74B41BA18366016AC361F7A85FE0FBB03637CB47,IMPHASH=8C17DBD4EE43E74FB5E09C8EC8F5271F</Data><Data Name='ParentProcessGuid'>{5d3d98af-2634-5ec2-0000-0010bcd90000}</Data><Data Name='ParentProcessId'>1144</Data><Data Name='ParentImage'>C:\Windows\System32\svchost.exe</Data><Data Name='ParentCommandLine'>C:\Windows\system32\svchost.exe -k netsvcs -p -s Schedule</Data></EventData></Event><Event xmlns='http://schemas.microsoft.com/win/2004/08/events/event'><System><Provider Name='Microsoft-Windows-Sysmon' Guid='{5770385f-c22a-43e0-bf4c-06f5698ffbd9}'/><EventID>22</EventID><Version>5</Version><Level>4</Level><Task>22</Task><Opcode>0</Opcode><Keywords>0x8000000000000000</Keywords><TimeCreated SystemTime='2020-05-18T07:03:42.408719300Z'/><EventRecordID>2761</EventRecordID><Correlation/><Execution ProcessID='2848' ThreadID='3264'/><Channel>Microsoft-Windows-Sysmon/Operational</Channel><Computer>DESKTOP-P84STH6</Computer><Security UserID='S-1-5-18'/></System><EventData><Data Name='RuleName'></Data><Data Name='UtcTime'>2020-05-18 07:03:38.898</Data><Data Name='ProcessGuid'>{5d3d98af-3344-5ec2-0000-00102c4e5f00}</Data><Data Name='ProcessId'>6648</Data><Data Name='QueryName'>fpdownload.macromedia.com</Data><Data Name='QueryStatus'>0</Data><Data Name='QueryResults'>type:  5 fpdownload.macromedia.com.edgekey.net;type:  5 e13914.dscd.akamaiedge.net;::ffff:163.28.226.23;88.221.81.192;2600:1480:e800::c0;163.28.5.87;203.211.2.181;203.211.2.204;203.211.2.212;203.211.5.23;203.211.2.231;163.28.5.62;</Data><Data Name='Image'>C:\Windows\System32\MicrosoftEdgeBCHost.exe</Data></EventData></Event><Event xmlns='http://schemas.microsoft.com/win/2004/08/events/event'><System><Provider Name='Microsoft-Windows-Sysmon' Guid='{5770385f-c22a-43e0-bf4c-06f5698ffbd9}'/><EventID>22</EventID><Version>5</Version><Level>4</Level><Task>22</Task><Opcode>0</Opcode><Keywords>0x8000000000000000</Keywords><TimeCreated SystemTime='2020-05-18T07:03:37.670813900Z'/><EventRecordID>2760</EventRecordID><Correlation/><Execution ProcessID='2848' ThreadID='3264'/><Channel>Microsoft-Windows-Sysmon/Operational</Channel><Computer>DESKTOP-P84STH6</Computer><Security UserID='S-1-5-18'/></System><EventData><Data Name='RuleName'></Data><Data Name='UtcTime'>2020-05-18 07:03:34.607</Data><Data Name='ProcessGuid'>{5d3d98af-3344-5ec2-0000-00102c4e5f00}</Data><Data Name='ProcessId'>6648</Data><Data Name='QueryName'>geo2.adobe.com</Data><Data Name='QueryStatus'>0</Data><Data Name='QueryResults'>type:  5 ssl-delivery.adobe.com.edgekey.net;type:  5 e4578.dscg.akamaiedge.net;::ffff:163.28.224.179;88.221.81.192;2600:1480:e800::c0;203.211.2.191;23.210.215.103;23.210.215.214;23.210.215.214;203.211.5.23;203.211.2.231;163.28.5.62;</Data><Data Name='Image'>C:\Windows\System32\MicrosoftEdgeBCHost.exe</Data></EventData></Event><Event xmlns='http://schemas.microsoft.com/win/2004/08/events/event'><System><Provider Name='Microsoft-Windows-Sysmon' Guid='{5770385f-c22a-43e0-bf4c-06f5698ffbd9}'/><EventID>22</EventID><Version>5</Version><Level>4</Level><Task>22</Task><Opcode>0</Opcode><Keywords>0x8000000000000000</Keywords><TimeCreated SystemTime='2020-05-18T07:03:33.670345100Z'/><EventRecordID>2759</EventRecordID><Correlation/><Execution ProcessID='2848' ThreadID='3264'/><Channel>Microsoft-Windows-Sysmon/Operational</Channel><Computer>DESKTOP-P84STH6</Computer><Security UserID='S-1-5-18'/></System><EventData><Data Name='RuleName'></Data><Data Name='UtcTime'>2020-05-18 07:03:31.526</Data><Data Name='ProcessGuid'>{5d3d98af-3344-5ec2-0000-00102c4e5f00}</Data><Data Name='ProcessId'>6648</Data><Data Name='QueryName'>ocsp.starfieldtech.com</Data><Data Name='QueryStatus'>0</Data><Data Name='QueryResults'>type:  5 ocsp.godaddy.com.akadns.net;::ffff:192.124.249.41;::ffff:192.124.249.36;::ffff:192.124.249.24;::ffff:192.124.249.22;::ffff:192.124.249.23;</Data><Data Name='Image'>C:\Windows\System32\MicrosoftEdgeBCHost.exe</Data></EventData></Event><Event xmlns='http://schemas.microsoft.com/win/2004/08/events/event'><System><Provider Name='Microsoft-Windows-Sysmon' Guid='{5770385f-c22a-43e0-bf4c-06f5698ffbd9}'/><EventID>22</EventID><Version>5</Version><Level>4</Level><Task>22</Task><Opcode>0</Opcode><Keywords>0x8000000000000000</Keywords><TimeCreated SystemTime='2020-05-18T07:03:33.661208200Z'/><EventRecordID>2758</EventRecordID><Correlation/><Execution ProcessID='2848' ThreadID='3264'/><Channel>Microsoft-Windows-Sysmon/Operational</Channel><Computer>DESKTOP-P84STH6</Computer><Security UserID='S-1-5-18'/></System><EventData><Data Name='RuleName'></Data><Data Name='UtcTime'>2020-05-18 07:03:30.957</Data><Data Name='ProcessGuid'>{5d3d98af-3344-5ec2-0000-00102c4e5f00}</Data><Data Name='ProcessId'>6648</Data><Data Name='QueryName'>www.i-gamer.net</Data><Data Name='QueryStatus'>0</Data><Data Name='QueryResults'>type:  5 i-gamer.net;::ffff:104.216.16.122;97.74.103.14;173.201.71.14;</Data><Data Name='Image'>C:\Windows\System32\MicrosoftEdgeBCHost.exe</Data></EventData></Event><Event xmlns='http://schemas.microsoft.com/win/2004/08/events/event'><System><Provider Name='Microsoft-Windows-Sysmon' Guid='{5770385f-c22a-43e0-bf4c-06f5698ffbd9}'/><EventID>1</EventID><Version>5</Version><Level>4</Level><Task>1</Task><Opcode>0</Opcode><Keywords>0x8000000000000000</Keywords><TimeCreated SystemTime='2020-05-18T07:03:32.607392100Z'/><EventRecordID>2757</EventRecordID><Correlation/><Execution ProcessID='2848' ThreadID='3280'/><Channel>Microsoft-Windows-Sysmon/Operational</Channel><Computer>DESKTOP-P84STH6</Computer><Security UserID='S-1-5-18'/></System><EventData><Data Name='RuleName'></Data><Data Name='UtcTime'>2020-05-18 07:03:32.604</Data><Data Name='ProcessGuid'>{5d3d98af-3344-5ec2-0000-001090655f00}</Data><Data Name='ProcessId'>6072</Data><Data Name='Image'>C:\Windows\System32\Macromed\Flash\FlashUtil_ActiveX.exe</Data><Data Name='FileVersion'>32,0,0,255</Data><Data Name='Description'>Adobe® Flash® Player Utility</Data><Data Name='Product'>Adobe® Flash® Player Utility</Data><Data Name='Company'>Adobe</Data><Data Name='OriginalFileName'>FlashUtil.exe</Data><Data Name='CommandLine'>"C:\Windows\System32\Macromed\Flash\FlashUtil_ActiveX.exe" -Embedding</Data><Data Name='CurrentDirectory'>C:\Windows\system32\</Data><Data Name='User'>DESKTOP-P84STH6\NS</Data><Data Name='LogonGuid'>{5d3d98af-2638-5ec2-0000-0020adc30300}</Data><Data Name='LogonId'>0x3c3ad</Data><Data Name='TerminalSessionId'>1</Data><Data Name='IntegrityLevel'>Medium</Data><Data Name='Hashes'>MD5=16DF46444631873401136CDBF560A5F2,SHA256=58EDA5A866E0CE07734F54AFD31FD7D36816F2FFC4F7FCD34E00DA3EA38A32F2,IMPHASH=78C85DA1706B825DCACD51E95DCCD06C</Data><Data Name='ParentProcessGuid'>{5d3d98af-2634-5ec2-0000-001034730000}</Data><Data Name='ParentProcessId'>844</Data><Data Name='ParentImage'>C:\Windows\System32\svchost.exe</Data><Data Name='ParentCommandLine'>C:\Windows\system32\svchost.exe -k DcomLaunch -p</Data></EventData></Event><Event xmlns='http://schemas.microsoft.com/win/2004/08/events/event'><System><Provider Name='Microsoft-Windows-Sysmon' Guid='{5770385f-c22a-43e0-bf4c-06f5698ffbd9}'/><EventID>1</EventID><Version>5</Version><Level>4</Level><Task>1</Task><Opcode>0</Opcode><Keywords>0x8000000000000000</Keywords><TimeCreated SystemTime='2020-05-18T07:03:32.525109100Z'/><EventRecordID>2756</EventRecordID><Correlation/><Execution ProcessID='2848' ThreadID='3280'/><Channel>Microsoft-Windows-Sysmon/Operational</Channel><Computer>DESKTOP-P84STH6</Computer><Security UserID='S-1-5-18'/></System><EventData><Data Name='RuleName'></Data><Data Name='UtcTime'>2020-05-18 07:03:32.508</Data><Data Name='ProcessGuid'>{5d3d98af-3344-5ec2-0000-00105d5e5f00}</Data><Data Name='ProcessId'>3232</Data><Data Name='Image'>C:\Windows\System32\Macromed\Flash\FlashUtil_ActiveX.exe</Data><Data Name='FileVersion'>32,0,0,255</Data><Data Name='Description'>Adobe® Flash® Player Utility</Data><Data Name='Product'>Adobe® Flash® Player Utility</Data><Data Name='Company'>Adobe</Data><Data Name='OriginalFileName'>FlashUtil.exe</Data><Data Name='CommandLine'>"C:\Windows\System32\Macromed\Flash\FlashUtil_ActiveX.exe" -Embedding</Data><Data Name='CurrentDirectory'>C:\Windows\system32\</Data><Data Name='User'>DESKTOP-P84STH6\NS</Data><Data Name='LogonGuid'>{5d3d98af-2638-5ec2-0000-0020adc30300}</Data><Data Name='LogonId'>0x3c3ad</Data><Data Name='TerminalSessionId'>1</Data><Data Name='IntegrityLevel'>Medium</Data><Data Name='Hashes'>MD5=16DF46444631873401136CDBF560A5F2,SHA256=58EDA5A866E0CE07734F54AFD31FD7D36816F2FFC4F7FCD34E00DA3EA38A32F2,IMPHASH=78C85DA1706B825DCACD51E95DCCD06C</Data><Data Name='ParentProcessGuid'>{5d3d98af-2634-5ec2-0000-001034730000}</Data><Data Name='ParentProcessId'>844</Data><Data Name='ParentImage'>C:\Windows\System32\svchost.exe</Data><Data Name='ParentCommandLine'>C:\Windows\system32\svchost.exe -k DcomLaunch -p</Data></EventData></Event><Event xmlns='http://schemas.microsoft.com/win/2004/08/events/event'><System><Provider Name='Microsoft-Windows-Sysmon' Guid='{5770385f-c22a-43e0-bf4c-06f5698ffbd9}'/><EventID>22</EventID><Version>5</Version><Level>4</Level><Task>22</Task><Opcode>0</Opcode><Keywords>0x8000000000000000</Keywords><TimeCreated SystemTime='2020-05-18T07:03:16.367673400Z'/><EventRecordID>2755</EventRecordID><Correlation/><Execution ProcessID='2848' ThreadID='3264'/><Channel>Microsoft-Windows-Sysmon/Operational</Channel><Computer>DESKTOP-P84STH6</Computer><Security UserID='S-1-5-18'/></System><EventData><Data Name='RuleName'></Data><Data Name='UtcTime'>2020-05-18 07:03:13.609</Data><Data Name='ProcessGuid'>{5d3d98af-32ae-5ec2-0000-00109a355b00}</Data><Data Name='ProcessId'>6712</Data><Data Name='QueryName'>web.i-gamer.net</Data><Data Name='QueryStatus'>0</Data><Data Name='QueryResults'>::ffff:220.135.70.246;</Data><Data Name='Image'>C:\Windows\System32\MicrosoftEdgeCP.exe</Data></EventData></Event><Event xmlns='http://schemas.microsoft.com/win/2004/08/events/event'><System><Provider Name='Microsoft-Windows-Sysmon' Guid='{5770385f-c22a-43e0-bf4c-06f5698ffbd9}'/><EventID>22</EventID><Version>5</Version><Level>4</Level><Task>22</Task><Opcode>0</Opcode><Keywords>0x8000000000000000</Keywords><TimeCreated SystemTime='2020-05-18T07:03:15.381940300Z'/><EventRecordID>2754</EventRecordID><Correlation/><Execution ProcessID='2848' ThreadID='3264'/><Channel>Microsoft-Windows-Sysmon/Operational</Channel><Computer>DESKTOP-P84STH6</Computer><Security UserID='S-1-5-18'/></System><EventData><Data Name='RuleName'></Data><Data Name='UtcTime'>2020-05-18 07:03:12.255</Data><Data Name='ProcessGuid'>{5d3d98af-32ae-5ec2-0000-00109a355b00}</Data><Data Name='ProcessId'>6712</Data><Data Name='QueryName'>d9.flashtalking.com</Data><Data Name='QueryStatus'>0</Data><Data Name='QueryResults'>type:  5 ft.device9.com;type:  5 tag.device9.com;::ffff:52.17.219.65;::ffff:54.72.26.94;::ffff:54.72.27.67;::ffff:54.154.187.33;::ffff:18.203.205.231;::ffff:34.247.143.0;205.251.193.206;2600:9000:5301:ce00::1;205.251.194.76;2600:9000:5302:4c00::1;205.251.196.193;2600:9000:5304:c100::1;205.251.199.94;2600:9000:5307:5e00::1;</Data><Data Name='Image'>C:\Windows\System32\MicrosoftEdgeCP.exe</Data></EventData></Event><Event xmlns='http://schemas.microsoft.com/win/2004/08/events/event'><System><Provider Name='Microsoft-Windows-Sysmon' Guid='{5770385f-c22a-43e0-bf4c-06f5698ffbd9}'/><EventID>22</EventID><Version>5</Version><Level>4</Level><Task>22</Task><Opcode>0</Opcode><Keywords>0x8000000000000000</Keywords><TimeCreated SystemTime='2020-05-18T07:03:14.363852400Z'/><EventRecordID>2753</EventRecordID><Correlation/><Execution ProcessID='2848' ThreadID='3264'/><Channel>Microsoft-Windows-Sysmon/Operational</Channel><Computer>DESKTOP-P84STH6</Computer><Security UserID='S-1-5-18'/></System><EventData><Data Name='RuleName'></Data><Data Name='UtcTime'>2020-05-18 07:03:11.765</Data><Data Name='ProcessGuid'>{5d3d98af-32ae-5ec2-0000-00109a355b00}</Data><Data Name='ProcessId'>6712</Data><Data Name='QueryName'>cdn.flashtalking.com</Data><Data Name='QueryStatus'>0</Data><Data Name='QueryResults'>type:  5 cdn.flashtalking.com.edgekey.net;type:  5 e1486.b.akamaiedge.net;::ffff:163.28.224.60;88.221.81.192;2600:1480:e800::c0;203.211.2.191;203.211.2.181;203.211.2.204;203.211.2.181;203.211.5.23;203.211.2.231;163.28.5.62;</Data><Data Name='Image'>C:\Windows\System32\MicrosoftEdgeCP.exe</Data></EventData></Event><Event xmlns='http://schemas.microsoft.com/win/2004/08/events/event'><System><Provider Name='Microsoft-Windows-Sysmon' Guid='{5770385f-c22a-43e0-bf4c-06f5698ffbd9}'/><EventID>22</EventID><Version>5</Version><Level>4</Level><Task>22</Task><Opcode>0</Opcode><Keywords>0x8000000000000000</Keywords><TimeCreated SystemTime='2020-05-18T07:03:14.363562000Z'/><EventRecordID>2752</EventRecordID><Correlation/><Execution ProcessID='2848' ThreadID='3264'/><Channel>Microsoft-Windows-Sysmon/Operational</Channel><Computer>DESKTOP-P84STH6</Computer><Security UserID='S-1-5-18'/></System><EventData><Data Name='RuleName'></Data><Data Name='UtcTime'>2020-05-18 07:03:11.599</Data><Data Name='ProcessGuid'>{5d3d98af-32ae-5ec2-0000-00109a355b00}</Data><Data Name='ProcessId'>6712</Data><Data Name='QueryName'>cc.adingo.jp</Data><Data Name='QueryStatus'>0</Data><Data Name='QueryResults'>::ffff:3.225.92.69;::ffff:34.206.225.118;::ffff:52.72.195.204;::ffff:54.85.202.116;::ffff:54.164.34.2;::ffff:54.242.44.147;::ffff:100.25.225.218;::ffff:3.217.164.228;205.251.193.236;2600:9000:5301:ec00::1;205.251.195.148;2600:9000:5303:9400::1;205.251.197.190;2600:9000:5305:be00::1;205.251.199.25;2600:9000:5307:1900::1;</Data><Data Name='Image'>C:\Windows\System32\MicrosoftEdgeCP.exe</Data></EventData></Event><Event xmlns='http://schemas.microsoft.com/win/2004/08/events/event'><System><Provider Name='Microsoft-Windows-Sysmon' Guid='{5770385f-c22a-43e0-bf4c-06f5698ffbd9}'/><EventID>22</EventID><Version>5</Version><Level>4</Level><Task>22</Task><Opcode>0</Opcode><Keywords>0x8000000000000000</Keywords><TimeCreated SystemTime='2020-05-18T07:03:14.363472700Z'/><EventRecordID>2751</EventRecordID><Correlation/><Execution ProcessID='2848' ThreadID='3264'/><Channel>Microsoft-Windows-Sysmon/Operational</Channel><Computer>DESKTOP-P84STH6</Computer><Security UserID='S-1-5-18'/></System><EventData><Data Name='RuleName'></Data><Data Name='UtcTime'>2020-05-18 07:03:11.597</Data><Data Name='ProcessGuid'>{5d3d98af-32ae-5ec2-0000-00109a355b00}</Data><Data Name='ProcessId'>6712</Data><Data Name='QueryName'>d.agkn.com</Data><Data Name='QueryStatus'>0</Data><Data Name='QueryResults'>type:  5 data.agkn.com;type:  5 d2ctznuk6ro1vp.cloudfront.net;::ffff:13.35.37.57;::ffff:13.35.37.99;::ffff:13.35.37.14;::ffff:13.35.37.23;205.251.192.158;2600:9000:5300:9e00::1;205.251.194.236;2600:9000:5302:ec00::1;205.251.197.57;2600:9000:5305:3900::1;205.251.198.152;2600:9000:5306:9800::1;</Data><Data Name='Image'>C:\Windows\System32\MicrosoftEdgeCP.exe</Data></EventData></Event><Event xmlns='http://schemas.microsoft.com/win/2004/08/events/event'><System><Provider Name='Microsoft-Windows-Sysmon' Guid='{5770385f-c22a-43e0-bf4c-06f5698ffbd9}'/><EventID>22</EventID><Version>5</Version><Level>4</Level><Task>22</Task><Opcode>0</Opcode><Keywords>0x8000000000000000</Keywords><TimeCreated SystemTime='2020-05-18T07:03:14.363102300Z'/><EventRecordID>2750</EventRecordID><Correlation/><Execution ProcessID='2848' ThreadID='3264'/><Channel>Microsoft-Windows-Sysmon/Operational</Channel><Computer>DESKTOP-P84STH6</Computer><Security UserID='S-1-5-18'/></System><EventData><Data Name='RuleName'></Data><Data Name='UtcTime'>2020-05-18 07:03:11.471</Data><Data Name='ProcessGuid'>{5d3d98af-32ae-5ec2-0000-00109a355b00}</Data><Data Name='ProcessId'>6712</Data><Data Name='QueryName'>servedby.flashtalking.com</Data><Data Name='QueryStatus'>0</Data><Data Name='QueryResults'>type:  5 cds.f7f2q8c3.hwcdn.net;::ffff:205.185.216.10;::ffff:205.185.216.42;69.16.174.10;209.197.2.10;</Data><Data Name='Image'>C:\Windows\System32\MicrosoftEdgeCP.exe</Data></EventData></Event>