<Event xmlns='http://schemas.microsoft.com/win/2004/08/events/event'><System><Provider Name='Microsoft-Windows-Sysmon' Guid='{5770385f-c22a-43e0-bf4c-06f5698ffbd9}'/><EventID>1</EventID><Version>5</Version><Level>4</Level><Task>1</Task><Opcode>0</Opcode><Keywords>0x8000000000000000</Keywords><TimeCreated SystemTime='2020-05-18T06:32:40.087711600Z'/><EventRecordID>2670</EventRecordID><Correlation/><Execution ProcessID='2848' ThreadID='3280'/><Channel>Microsoft-Windows-Sysmon/Operational</Channel><Computer>DESKTOP-P84STH6</Computer><Security UserID='S-1-5-18'/></System><EventData><Data Name='RuleName'></Data><Data Name='UtcTime'>2020-05-18 06:32:40.083</Data><Data Name='ProcessGuid'>{5d3d98af-2c08-5ec2-0000-001022a14300}</Data><Data Name='ProcessId'>8012</Data><Data Name='Image'>C:\Windows\SysWOW64\WerFault.exe</Data><Data Name='FileVersion'>10.0.18362.418 (WinBuild.160101.0800)</Data><Data Name='Description'>Windows Problem Reporting</Data><Data Name='Product'>Microsoft® Windows® Operating System</Data><Data Name='Company'>Microsoft Corporation</Data><Data Name='OriginalFileName'>WerFault.exe</Data><Data Name='CommandLine'>C:\Windows\SysWOW64\WerFault.exe -pss -s 712 -p 7972 -ip 7972</Data><Data Name='CurrentDirectory'>C:\Windows\system32\</Data><Data Name='User'>NT AUTHORITY\SYSTEM</Data><Data Name='LogonGuid'>{5d3d98af-2633-5ec2-0000-0020e7030000}</Data><Data Name='LogonId'>0x3e7</Data><Data Name='TerminalSessionId'>0</Data><Data Name='IntegrityLevel'>System</Data><Data Name='Hashes'>MD5=28D356B668C66115EA55135D24EEFB2C,SHA256=E2556491F0F158EA8BB39C4CC3008078E37E62BB49B0B886C407BEBDC1445704,IMPHASH=9E07A4F14570AE1BDBBD03FA6F676574</Data><Data Name='ParentProcessGuid'>{5d3d98af-2b77-5ec2-0000-001092063c00}</Data><Data Name='ParentProcessId'>3604</Data><Data Name='ParentImage'>C:\Windows\System32\svchost.exe</Data><Data Name='ParentCommandLine'>C:\Windows\System32\svchost.exe -k WerSvcGroup</Data></EventData></Event><Event xmlns='http://schemas.microsoft.com/win/2004/08/events/event'><System><Provider Name='Microsoft-Windows-Sysmon' Guid='{5770385f-c22a-43e0-bf4c-06f5698ffbd9}'/><EventID>8</EventID><Version>2</Version><Level>4</Level><Task>8</Task><Opcode>0</Opcode><Keywords>0x8000000000000000</Keywords><TimeCreated SystemTime='2020-05-18T06:32:39.908473300Z'/><EventRecordID>2669</EventRecordID><Correlation/><Execution ProcessID='2848' ThreadID='3280'/><Channel>Microsoft-Windows-Sysmon/Operational</Channel><Computer>DESKTOP-P84STH6</Computer><Security UserID='S-1-5-18'/></System><EventData><Data Name='RuleName'></Data><Data Name='UtcTime'>2020-05-18 06:32:39.908</Data><Data Name='SourceProcessGuid'>{5d3d98af-2c07-5ec2-0000-0010bd8e4300}</Data><Data Name='SourceProcessId'>7972</Data><Data Name='SourceImage'>C:\Users\NS\Desktop\block130.exe</Data><Data Name='TargetProcessGuid'>{5d3d98af-2633-5ec2-0000-001082560000}</Data><Data Name='TargetProcessId'>536</Data><Data Name='TargetImage'>C:\Windows\System32\csrss.exe</Data><Data Name='NewThreadId'>8008</Data><Data Name='StartAddress'>0xFFFFF661C9312460</Data><Data Name='StartModule'></Data><Data Name='StartFunction'></Data></EventData></Event><Event xmlns='http://schemas.microsoft.com/win/2004/08/events/event'><System><Provider Name='Microsoft-Windows-Sysmon' Guid='{5770385f-c22a-43e0-bf4c-06f5698ffbd9}'/><EventID>1</EventID><Version>5</Version><Level>4</Level><Task>1</Task><Opcode>0</Opcode><Keywords>0x8000000000000000</Keywords><TimeCreated SystemTime='2020-05-18T06:32:39.754963600Z'/><EventRecordID>2668</EventRecordID><Correlation/><Execution ProcessID='2848' ThreadID='3280'/><Channel>Microsoft-Windows-Sysmon/Operational</Channel><Computer>DESKTOP-P84STH6</Computer><Security UserID='S-1-5-18'/></System><EventData><Data Name='RuleName'></Data><Data Name='UtcTime'>2020-05-18 06:32:39.752</Data><Data Name='ProcessGuid'>{5d3d98af-2c07-5ec2-0000-0010bd8e4300}</Data><Data Name='ProcessId'>7972</Data><Data Name='Image'>C:\Users\NS\Desktop\block130.exe</Data><Data Name='FileVersion'>?</Data><Data Name='Description'>?</Data><Data Name='Product'>?</Data><Data Name='Company'>?</Data><Data Name='OriginalFileName'>?</Data><Data Name='CommandLine'>"C:\Users\NS\Desktop\block130.exe" </Data><Data Name='CurrentDirectory'>C:\Users\NS\Desktop\</Data><Data Name='User'>DESKTOP-P84STH6\NS</Data><Data Name='LogonGuid'>{5d3d98af-2638-5ec2-0000-0020adc30300}</Data><Data Name='LogonId'>0x3c3ad</Data><Data Name='TerminalSessionId'>1</Data><Data Name='IntegrityLevel'>Medium</Data><Data Name='Hashes'>MD5=3010DC078E341AA4A0A2D0EAAAB970B7,SHA256=1337D1DBB6DDACE64D9B68193CE12F7F1F3B43140BAF58B46804F145FBAFD8EA,IMPHASH=04299C9FCDDC8C18912FE51A0F917ABF</Data><Data Name='ParentProcessGuid'>{5d3d98af-2639-5ec2-0000-0010ee6a0400}</Data><Data Name='ParentProcessId'>4220</Data><Data Name='ParentImage'>C:\Windows\explorer.exe</Data><Data Name='ParentCommandLine'>C:\Windows\Explorer.EXE</Data></EventData></Event><Event xmlns='http://schemas.microsoft.com/win/2004/08/events/event'><System><Provider Name='Microsoft-Windows-Sysmon' Guid='{5770385f-c22a-43e0-bf4c-06f5698ffbd9}'/><EventID>8</EventID><Version>2</Version><Level>4</Level><Task>8</Task><Opcode>0</Opcode><Keywords>0x8000000000000000</Keywords><TimeCreated SystemTime='2020-05-18T06:32:38.217312000Z'/><EventRecordID>2667</EventRecordID><Correlation/><Execution ProcessID='2848' ThreadID='3280'/><Channel>Microsoft-Windows-Sysmon/Operational</Channel><Computer>DESKTOP-P84STH6</Computer><Security UserID='S-1-5-18'/></System><EventData><Data Name='RuleName'></Data><Data Name='UtcTime'>2020-05-18 06:32:38.212</Data><Data Name='SourceProcessGuid'>{5d3d98af-2c04-5ec2-0000-00101e294300}</Data><Data Name='SourceProcessId'>7788</Data><Data Name='SourceImage'>C:\Program Files (x86)\CartmansAuthoritah\SouthPark.exe</Data><Data Name='TargetProcessGuid'>{5d3d98af-2633-5ec2-0000-001082560000}</Data><Data Name='TargetProcessId'>536</Data><Data Name='TargetImage'>C:\Windows\System32\csrss.exe</Data><Data Name='NewThreadId'>7948</Data><Data Name='StartAddress'>0xFFFFF661C9312460</Data><Data Name='StartModule'></Data><Data Name='StartFunction'></Data></EventData></Event><Event xmlns='http://schemas.microsoft.com/win/2004/08/events/event'><System><Provider Name='Microsoft-Windows-Sysmon' Guid='{5770385f-c22a-43e0-bf4c-06f5698ffbd9}'/><EventID>11</EventID><Version>2</Version><Level>4</Level><Task>11</Task><Opcode>0</Opcode><Keywords>0x8000000000000000</Keywords><TimeCreated SystemTime='2020-05-18T06:32:37.201638700Z'/><EventRecordID>2666</EventRecordID><Correlation/><Execution ProcessID='2848' ThreadID='3280'/><Channel>Microsoft-Windows-Sysmon/Operational</Channel><Computer>DESKTOP-P84STH6</Computer><Security UserID='S-1-5-18'/></System><EventData><Data Name='RuleName'></Data><Data Name='UtcTime'>2020-05-18 06:32:37.194</Data><Data Name='ProcessGuid'>{5d3d98af-2c05-5ec2-0000-001014584300}</Data><Data Name='ProcessId'>7872</Data><Data Name='Image'>C:\Windows\SysWOW64\WerFault.exe</Data><Data Name='TargetFilename'>C:\ProgramData\Microsoft\Windows\WER\Temp\WERFCA4.tmp.dmp</Data><Data Name='CreationUtcTime'>2020-05-18 06:32:37.194</Data></EventData></Event><Event xmlns='http://schemas.microsoft.com/win/2004/08/events/event'><System><Provider Name='Microsoft-Windows-Sysmon' Guid='{5770385f-c22a-43e0-bf4c-06f5698ffbd9}'/><EventID>11</EventID><Version>2</Version><Level>4</Level><Task>11</Task><Opcode>0</Opcode><Keywords>0x8000000000000000</Keywords><TimeCreated SystemTime='2020-05-18T06:32:37.201286700Z'/><EventRecordID>2665</EventRecordID><Correlation/><Execution ProcessID='2848' ThreadID='3280'/><Channel>Microsoft-Windows-Sysmon/Operational</Channel><Computer>DESKTOP-P84STH6</Computer><Security UserID='S-1-5-18'/></System><EventData><Data Name='RuleName'></Data><Data Name='UtcTime'>2020-05-18 06:32:37.194</Data><Data Name='ProcessGuid'>{5d3d98af-2c05-5ec2-0000-001014584300}</Data><Data Name='ProcessId'>7872</Data><Data Name='Image'>C:\Windows\SysWOW64\WerFault.exe</Data><Data Name='TargetFilename'>C:\ProgramData\Microsoft\Windows\WER\Temp\WERFCA4.tmp.dmp</Data><Data Name='CreationUtcTime'>2020-05-18 06:32:37.194</Data></EventData></Event><Event xmlns='http://schemas.microsoft.com/win/2004/08/events/event'><System><Provider Name='Microsoft-Windows-Sysmon' Guid='{5770385f-c22a-43e0-bf4c-06f5698ffbd9}'/><EventID>1</EventID><Version>5</Version><Level>4</Level><Task>1</Task><Opcode>0</Opcode><Keywords>0x8000000000000000</Keywords><TimeCreated SystemTime='2020-05-18T06:32:37.037212000Z'/><EventRecordID>2664</EventRecordID><Correlation/><Execution ProcessID='2848' ThreadID='3280'/><Channel>Microsoft-Windows-Sysmon/Operational</Channel><Computer>DESKTOP-P84STH6</Computer><Security UserID='S-1-5-18'/></System><EventData><Data Name='RuleName'></Data><Data Name='UtcTime'>2020-05-18 06:32:37.034</Data><Data Name='ProcessGuid'>{5d3d98af-2c05-5ec2-0000-001014584300}</Data><Data Name='ProcessId'>7872</Data><Data Name='Image'>C:\Windows\SysWOW64\WerFault.exe</Data><Data Name='FileVersion'>10.0.18362.418 (WinBuild.160101.0800)</Data><Data Name='Description'>Windows Problem Reporting</Data><Data Name='Product'>Microsoft® Windows® Operating System</Data><Data Name='Company'>Microsoft Corporation</Data><Data Name='OriginalFileName'>WerFault.exe</Data><Data Name='CommandLine'>C:\Windows\SysWOW64\WerFault.exe -u -p 7788 -s 1492</Data><Data Name='CurrentDirectory'>C:\Windows\system32\</Data><Data Name='User'>DESKTOP-P84STH6\NS</Data><Data Name='LogonGuid'>{5d3d98af-2638-5ec2-0000-0020adc30300}</Data><Data Name='LogonId'>0x3c3ad</Data><Data Name='TerminalSessionId'>1</Data><Data Name='IntegrityLevel'>Medium</Data><Data Name='Hashes'>MD5=28D356B668C66115EA55135D24EEFB2C,SHA256=E2556491F0F158EA8BB39C4CC3008078E37E62BB49B0B886C407BEBDC1445704,IMPHASH=9E07A4F14570AE1BDBBD03FA6F676574</Data><Data Name='ParentProcessGuid'>{5d3d98af-2c04-5ec2-0000-00101e294300}</Data><Data Name='ParentProcessId'>7788</Data><Data Name='ParentImage'>C:\Program Files (x86)\CartmansAuthoritah\SouthPark.exe</Data><Data Name='ParentCommandLine'>southpark.exe 640 480 32</Data></EventData></Event><Event xmlns='http://schemas.microsoft.com/win/2004/08/events/event'><System><Provider Name='Microsoft-Windows-Sysmon' Guid='{5770385f-c22a-43e0-bf4c-06f5698ffbd9}'/><EventID>1</EventID><Version>5</Version><Level>4</Level><Task>1</Task><Opcode>0</Opcode><Keywords>0x8000000000000000</Keywords><TimeCreated SystemTime='2020-05-18T06:32:36.959042100Z'/><EventRecordID>2663</EventRecordID><Correlation/><Execution ProcessID='2848' ThreadID='3280'/><Channel>Microsoft-Windows-Sysmon/Operational</Channel><Computer>DESKTOP-P84STH6</Computer><Security UserID='S-1-5-18'/></System><EventData><Data Name='RuleName'></Data><Data Name='UtcTime'>2020-05-18 06:32:36.954</Data><Data Name='ProcessGuid'>{5d3d98af-2c04-5ec2-0000-001017514300}</Data><Data Name='ProcessId'>7848</Data><Data Name='Image'>C:\Windows\SysWOW64\WerFault.exe</Data><Data Name='FileVersion'>10.0.18362.418 (WinBuild.160101.0800)</Data><Data Name='Description'>Windows Problem Reporting</Data><Data Name='Product'>Microsoft® Windows® Operating System</Data><Data Name='Company'>Microsoft Corporation</Data><Data Name='OriginalFileName'>WerFault.exe</Data><Data Name='CommandLine'>C:\Windows\SysWOW64\WerFault.exe -pss -s 624 -p 7788 -ip 7788</Data><Data Name='CurrentDirectory'>C:\Windows\system32\</Data><Data Name='User'>NT AUTHORITY\SYSTEM</Data><Data Name='LogonGuid'>{5d3d98af-2633-5ec2-0000-0020e7030000}</Data><Data Name='LogonId'>0x3e7</Data><Data Name='TerminalSessionId'>0</Data><Data Name='IntegrityLevel'>System</Data><Data Name='Hashes'>MD5=28D356B668C66115EA55135D24EEFB2C,SHA256=E2556491F0F158EA8BB39C4CC3008078E37E62BB49B0B886C407BEBDC1445704,IMPHASH=9E07A4F14570AE1BDBBD03FA6F676574</Data><Data Name='ParentProcessGuid'>{5d3d98af-2b77-5ec2-0000-001092063c00}</Data><Data Name='ParentProcessId'>3604</Data><Data Name='ParentImage'>C:\Windows\System32\svchost.exe</Data><Data Name='ParentCommandLine'>C:\Windows\System32\svchost.exe -k WerSvcGroup</Data></EventData></Event><Event xmlns='http://schemas.microsoft.com/win/2004/08/events/event'><System><Provider Name='Microsoft-Windows-Sysmon' Guid='{5770385f-c22a-43e0-bf4c-06f5698ffbd9}'/><EventID>8</EventID><Version>2</Version><Level>4</Level><Task>8</Task><Opcode>0</Opcode><Keywords>0x8000000000000000</Keywords><TimeCreated SystemTime='2020-05-18T06:32:36.688018800Z'/><EventRecordID>2662</EventRecordID><Correlation/><Execution ProcessID='2848' ThreadID='3280'/><Channel>Microsoft-Windows-Sysmon/Operational</Channel><Computer>DESKTOP-P84STH6</Computer><Security UserID='S-1-5-18'/></System><EventData><Data Name='RuleName'></Data><Data Name='UtcTime'>2020-05-18 06:32:36.683</Data><Data Name='SourceProcessGuid'>{5d3d98af-2c04-5ec2-0000-00101e294300}</Data><Data Name='SourceProcessId'>7788</Data><Data Name='SourceImage'>C:\Program Files (x86)\CartmansAuthoritah\SouthPark.exe</Data><Data Name='TargetProcessGuid'>{5d3d98af-2633-5ec2-0000-001082560000}</Data><Data Name='TargetProcessId'>536</Data><Data Name='TargetImage'>C:\Windows\System32\csrss.exe</Data><Data Name='NewThreadId'>7840</Data><Data Name='StartAddress'>0xFFFFF661C9312460</Data><Data Name='StartModule'></Data><Data Name='StartFunction'></Data></EventData></Event><Event xmlns='http://schemas.microsoft.com/win/2004/08/events/event'><System><Provider Name='Microsoft-Windows-Sysmon' Guid='{5770385f-c22a-43e0-bf4c-06f5698ffbd9}'/><EventID>1</EventID><Version>5</Version><Level>4</Level><Task>1</Task><Opcode>0</Opcode><Keywords>0x8000000000000000</Keywords><TimeCreated SystemTime='2020-05-18T06:32:36.370602100Z'/><EventRecordID>2661</EventRecordID><Correlation/><Execution ProcessID='2848' ThreadID='3280'/><Channel>Microsoft-Windows-Sysmon/Operational</Channel><Computer>DESKTOP-P84STH6</Computer><Security UserID='S-1-5-18'/></System><EventData><Data Name='RuleName'></Data><Data Name='UtcTime'>2020-05-18 06:32:36.366</Data><Data Name='ProcessGuid'>{5d3d98af-2c04-5ec2-0000-00101e294300}</Data><Data Name='ProcessId'>7788</Data><Data Name='Image'>C:\Program Files (x86)\CartmansAuthoritah\SouthPark.exe</Data><Data Name='FileVersion'>?</Data><Data Name='Description'>?</Data><Data Name='Product'>?</Data><Data Name='Company'>?</Data><Data Name='OriginalFileName'>?</Data><Data Name='CommandLine'>southpark.exe 640 480 32</Data><Data Name='CurrentDirectory'>C:\Users\NS\Desktop\</Data><Data Name='User'>DESKTOP-P84STH6\NS</Data><Data Name='LogonGuid'>{5d3d98af-2638-5ec2-0000-0020adc30300}</Data><Data Name='LogonId'>0x3c3ad</Data><Data Name='TerminalSessionId'>1</Data><Data Name='IntegrityLevel'>Medium</Data><Data Name='Hashes'>MD5=8FD9C780787B8FF48E861745DC455737,SHA256=817D7A866AA8543CF30C004E6DF69279A8FD29C8D7C151750242F2CA1B42376B,IMPHASH=0B163CE4EC005227C1F3560EE967D6BF</Data><Data Name='ParentProcessGuid'>{5d3d98af-2c03-5ec2-0000-0010281c4300}</Data><Data Name='ParentProcessId'>7756</Data><Data Name='ParentImage'>C:\Program Files (x86)\CartmansAuthoritah\splaunch.exe</Data><Data Name='ParentCommandLine'>"C:\Program Files (x86)\CartmansAuthoritah\splaunch.exe" </Data></EventData></Event><Event xmlns='http://schemas.microsoft.com/win/2004/08/events/event'><System><Provider Name='Microsoft-Windows-Sysmon' Guid='{5770385f-c22a-43e0-bf4c-06f5698ffbd9}'/><EventID>1</EventID><Version>5</Version><Level>4</Level><Task>1</Task><Opcode>0</Opcode><Keywords>0x8000000000000000</Keywords><TimeCreated SystemTime='2020-05-18T06:32:35.225689800Z'/><EventRecordID>2660</EventRecordID><Correlation/><Execution ProcessID='2848' ThreadID='3280'/><Channel>Microsoft-Windows-Sysmon/Operational</Channel><Computer>DESKTOP-P84STH6</Computer><Security UserID='S-1-5-18'/></System><EventData><Data Name='RuleName'></Data><Data Name='UtcTime'>2020-05-18 06:32:35.221</Data><Data Name='ProcessGuid'>{5d3d98af-2c03-5ec2-0000-0010281c4300}</Data><Data Name='ProcessId'>7756</Data><Data Name='Image'>C:\Program Files (x86)\CartmansAuthoritah\splaunch.exe</Data><Data Name='FileVersion'>1, 0, 0, 1</Data><Data Name='Description'>splaunch MFC Application</Data><Data Name='Product'>splaunch Application</Data><Data Name='Company'></Data><Data Name='OriginalFileName'>splaunch.EXE</Data><Data Name='CommandLine'>"C:\Program Files (x86)\CartmansAuthoritah\splaunch.exe" </Data><Data Name='CurrentDirectory'>C:\Users\NS\Desktop\</Data><Data Name='User'>DESKTOP-P84STH6\NS</Data><Data Name='LogonGuid'>{5d3d98af-2638-5ec2-0000-0020adc30300}</Data><Data Name='LogonId'>0x3c3ad</Data><Data Name='TerminalSessionId'>1</Data><Data Name='IntegrityLevel'>Medium</Data><Data Name='Hashes'>MD5=F8B73C754B3E51B9B34D0245815F5266,SHA256=79EE81A65127EF147B669B441B16BB34E478E5C6E7DB1895359599094CBE1725,IMPHASH=E6E56AE719E9D9024A9EAD8BACE1A21F</Data><Data Name='ParentProcessGuid'>{5d3d98af-2639-5ec2-0000-0010ee6a0400}</Data><Data Name='ParentProcessId'>4220</Data><Data Name='ParentImage'>C:\Windows\explorer.exe</Data><Data Name='ParentCommandLine'>C:\Windows\Explorer.EXE</Data></EventData></Event><Event xmlns='http://schemas.microsoft.com/win/2004/08/events/event'><System><Provider Name='Microsoft-Windows-Sysmon' Guid='{5770385f-c22a-43e0-bf4c-06f5698ffbd9}'/><EventID>8</EventID><Version>2</Version><Level>4</Level><Task>8</Task><Opcode>0</Opcode><Keywords>0x8000000000000000</Keywords><TimeCreated SystemTime='2020-05-18T06:32:30.034608900Z'/><EventRecordID>2659</EventRecordID><Correlation/><Execution ProcessID='2848' ThreadID='3280'/><Channel>Microsoft-Windows-Sysmon/Operational</Channel><Computer>DESKTOP-P84STH6</Computer><Security UserID='S-1-5-18'/></System><EventData><Data Name='RuleName'></Data><Data Name='UtcTime'>2020-05-18 06:32:30.028</Data><Data Name='SourceProcessGuid'>{5d3d98af-2bf6-5ec2-0000-0010d7e44100}</Data><Data Name='SourceProcessId'>392</Data><Data Name='SourceImage'>C:\Windows\ImmersiveControlPanel\SystemSettings.exe</Data><Data Name='TargetProcessGuid'>{5d3d98af-2633-5ec2-0000-001082560000}</Data><Data Name='TargetProcessId'>536</Data><Data Name='TargetImage'>C:\Windows\System32\csrss.exe</Data><Data Name='NewThreadId'>7656</Data><Data Name='StartAddress'>0xFFFFF661C9312460</Data><Data Name='StartModule'></Data><Data Name='StartFunction'></Data></EventData></Event><Event xmlns='http://schemas.microsoft.com/win/2004/08/events/event'><System><Provider Name='Microsoft-Windows-Sysmon' Guid='{5770385f-c22a-43e0-bf4c-06f5698ffbd9}'/><EventID>1</EventID><Version>5</Version><Level>4</Level><Task>1</Task><Opcode>0</Opcode><Keywords>0x8000000000000000</Keywords><TimeCreated SystemTime='2020-05-18T06:32:24.164429200Z'/><EventRecordID>2658</EventRecordID><Correlation/><Execution ProcessID='2848' ThreadID='3280'/><Channel>Microsoft-Windows-Sysmon/Operational</Channel><Computer>DESKTOP-P84STH6</Computer><Security UserID='S-1-5-18'/></System><EventData><Data Name='RuleName'></Data><Data Name='UtcTime'>2020-05-18 06:32:24.161</Data><Data Name='ProcessGuid'>{5d3d98af-2bf8-5ec2-0000-00101a9c4200}</Data><Data Name='ProcessId'>7492</Data><Data Name='Image'>C:\Windows\System32\svchost.exe</Data><Data Name='FileVersion'>10.0.18362.1 (WinBuild.160101.0800)</Data><Data Name='Description'>Host Process for Windows Services</Data><Data Name='Product'>Microsoft® Windows® Operating System</Data><Data Name='Company'>Microsoft Corporation</Data><Data Name='OriginalFileName'>svchost.exe</Data><Data Name='CommandLine'>C:\Windows\system32\svchost.exe -k BcastDVRUserService -s BcastDVRUserService</Data><Data Name='CurrentDirectory'>C:\Windows\system32\</Data><Data Name='User'>DESKTOP-P84STH6\NS</Data><Data Name='LogonGuid'>{5d3d98af-2638-5ec2-0000-0020adc30300}</Data><Data Name='LogonId'>0x3c3ad</Data><Data Name='TerminalSessionId'>1</Data><Data Name='IntegrityLevel'>Medium</Data><Data Name='Hashes'>MD5=9520A99E77D6196D0D09833146424113,SHA256=DD191A5B23DF92E12A8852291F9FB5ED594B76A28A5A464418442584AFD1E048,IMPHASH=247B9220E5D9B720A82B2C8B5069AD69</Data><Data Name='ParentProcessGuid'>{5d3d98af-2633-5ec2-0000-0010f05c0000}</Data><Data Name='ParentProcessId'>664</Data><Data Name='ParentImage'>C:\Windows\System32\services.exe</Data><Data Name='ParentCommandLine'>C:\Windows\system32\services.exe</Data></EventData></Event><Event xmlns='http://schemas.microsoft.com/win/2004/08/events/event'><System><Provider Name='Microsoft-Windows-Sysmon' Guid='{5770385f-c22a-43e0-bf4c-06f5698ffbd9}'/><EventID>1</EventID><Version>5</Version><Level>4</Level><Task>1</Task><Opcode>0</Opcode><Keywords>0x8000000000000000</Keywords><TimeCreated SystemTime='2020-05-18T06:32:23.653603100Z'/><EventRecordID>2657</EventRecordID><Correlation/><Execution ProcessID='2848' ThreadID='3280'/><Channel>Microsoft-Windows-Sysmon/Operational</Channel><Computer>DESKTOP-P84STH6</Computer><Security UserID='S-1-5-18'/></System><EventData><Data Name='RuleName'></Data><Data Name='UtcTime'>2020-05-18 06:32:23.650</Data><Data Name='ProcessGuid'>{5d3d98af-2bf7-5ec2-0000-0010c7674200}</Data><Data Name='ProcessId'>7340</Data><Data Name='Image'>C:\Windows\System32\svchost.exe</Data><Data Name='FileVersion'>10.0.18362.1 (WinBuild.160101.0800)</Data><Data Name='Description'>Host Process for Windows Services</Data><Data Name='Product'>Microsoft® Windows® Operating System</Data><Data Name='Company'>Microsoft Corporation</Data><Data Name='OriginalFileName'>svchost.exe</Data><Data Name='CommandLine'>C:\Windows\system32\svchost.exe -k WbioSvcGroup -s WbioSrvc</Data><Data Name='CurrentDirectory'>C:\Windows\system32\</Data><Data Name='User'>NT AUTHORITY\SYSTEM</Data><Data Name='LogonGuid'>{5d3d98af-2633-5ec2-0000-0020e7030000}</Data><Data Name='LogonId'>0x3e7</Data><Data Name='TerminalSessionId'>0</Data><Data Name='IntegrityLevel'>System</Data><Data Name='Hashes'>MD5=9520A99E77D6196D0D09833146424113,SHA256=DD191A5B23DF92E12A8852291F9FB5ED594B76A28A5A464418442584AFD1E048,IMPHASH=247B9220E5D9B720A82B2C8B5069AD69</Data><Data Name='ParentProcessGuid'>{5d3d98af-2633-5ec2-0000-0010f05c0000}</Data><Data Name='ParentProcessId'>664</Data><Data Name='ParentImage'>C:\Windows\System32\services.exe</Data><Data Name='ParentCommandLine'>C:\Windows\system32\services.exe</Data></EventData></Event><Event xmlns='http://schemas.microsoft.com/win/2004/08/events/event'><System><Provider Name='Microsoft-Windows-Sysmon' Guid='{5770385f-c22a-43e0-bf4c-06f5698ffbd9}'/><EventID>1</EventID><Version>5</Version><Level>4</Level><Task>1</Task><Opcode>0</Opcode><Keywords>0x8000000000000000</Keywords><TimeCreated SystemTime='2020-05-18T06:32:23.553455700Z'/><EventRecordID>2656</EventRecordID><Correlation/><Execution ProcessID='2848' ThreadID='3280'/><Channel>Microsoft-Windows-Sysmon/Operational</Channel><Computer>DESKTOP-P84STH6</Computer><Security UserID='S-1-5-18'/></System><EventData><Data Name='RuleName'></Data><Data Name='UtcTime'>2020-05-18 06:32:23.544</Data><Data Name='ProcessGuid'>{5d3d98af-2bf7-5ec2-0000-0010dc5e4200}</Data><Data Name='ProcessId'>7312</Data><Data Name='Image'>C:\Windows\System32\Speech_OneCore\common\SpeechRuntime.exe</Data><Data Name='FileVersion'>10.0.18362.1 (WinBuild.160101.0800)</Data><Data Name='Description'>Speech Runtime Executable</Data><Data Name='Product'>Microsoft® Windows® Operating System</Data><Data Name='Company'>Microsoft Corporation</Data><Data Name='OriginalFileName'>SpeechRuntime.exe</Data><Data Name='CommandLine'>C:\Windows\System32\Speech_OneCore\Common\SpeechRuntime.exe -Embedding</Data><Data Name='CurrentDirectory'>C:\Windows\system32\</Data><Data Name='User'>DESKTOP-P84STH6\NS</Data><Data Name='LogonGuid'>{5d3d98af-2638-5ec2-0000-0020adc30300}</Data><Data Name='LogonId'>0x3c3ad</Data><Data Name='TerminalSessionId'>1</Data><Data Name='IntegrityLevel'>Medium</Data><Data Name='Hashes'>MD5=61334FA917EAE557B7B77DB5B7BD328F,SHA256=DD45C37C39FBEE84E245B67AFF8970A652D53FC6DD78BFBE36D1F8A04D21D582,IMPHASH=124C4CEEFDDEE73D1EB21D543ABAC203</Data><Data Name='ParentProcessGuid'>{5d3d98af-2634-5ec2-0000-001034730000}</Data><Data Name='ParentProcessId'>844</Data><Data Name='ParentImage'>C:\Windows\System32\svchost.exe</Data><Data Name='ParentCommandLine'>C:\Windows\system32\svchost.exe -k DcomLaunch -p</Data></EventData></Event><Event xmlns='http://schemas.microsoft.com/win/2004/08/events/event'><System><Provider Name='Microsoft-Windows-Sysmon' Guid='{5770385f-c22a-43e0-bf4c-06f5698ffbd9}'/><EventID>1</EventID><Version>5</Version><Level>4</Level><Task>1</Task><Opcode>0</Opcode><Keywords>0x8000000000000000</Keywords><TimeCreated SystemTime='2020-05-18T06:32:23.253654900Z'/><EventRecordID>2655</EventRecordID><Correlation/><Execution ProcessID='2848' ThreadID='3280'/><Channel>Microsoft-Windows-Sysmon/Operational</Channel><Computer>DESKTOP-P84STH6</Computer><Security UserID='S-1-5-18'/></System><EventData><Data Name='RuleName'></Data><Data Name='UtcTime'>2020-05-18 06:32:23.250</Data><Data Name='ProcessGuid'>{5d3d98af-2bf7-5ec2-0000-001094174200}</Data><Data Name='ProcessId'>5368</Data><Data Name='Image'>C:\Windows\System32\svchost.exe</Data><Data Name='FileVersion'>10.0.18362.1 (WinBuild.160101.0800)</Data><Data Name='Description'>Host Process for Windows Services</Data><Data Name='Product'>Microsoft® Windows® Operating System</Data><Data Name='Company'>Microsoft Corporation</Data><Data Name='OriginalFileName'>svchost.exe</Data><Data Name='CommandLine'>C:\Windows\system32\svchost.exe -k LocalSystemNetworkRestricted -p -s DisplayEnhancementService</Data><Data Name='CurrentDirectory'>C:\Windows\system32\</Data><Data Name='User'>NT AUTHORITY\SYSTEM</Data><Data Name='LogonGuid'>{5d3d98af-2633-5ec2-0000-0020e7030000}</Data><Data Name='LogonId'>0x3e7</Data><Data Name='TerminalSessionId'>0</Data><Data Name='IntegrityLevel'>System</Data><Data Name='Hashes'>MD5=9520A99E77D6196D0D09833146424113,SHA256=DD191A5B23DF92E12A8852291F9FB5ED594B76A28A5A464418442584AFD1E048,IMPHASH=247B9220E5D9B720A82B2C8B5069AD69</Data><Data Name='ParentProcessGuid'>{5d3d98af-2633-5ec2-0000-0010f05c0000}</Data><Data Name='ParentProcessId'>664</Data><Data Name='ParentImage'>C:\Windows\System32\services.exe</Data><Data Name='ParentCommandLine'>C:\Windows\system32\services.exe</Data></EventData></Event><Event xmlns='http://schemas.microsoft.com/win/2004/08/events/event'><System><Provider Name='Microsoft-Windows-Sysmon' Guid='{5770385f-c22a-43e0-bf4c-06f5698ffbd9}'/><EventID>1</EventID><Version>5</Version><Level>4</Level><Task>1</Task><Opcode>0</Opcode><Keywords>0x8000000000000000</Keywords><TimeCreated SystemTime='2020-05-18T06:32:23.249874200Z'/><EventRecordID>2654</EventRecordID><Correlation/><Execution ProcessID='2848' ThreadID='3280'/><Channel>Microsoft-Windows-Sysmon/Operational</Channel><Computer>DESKTOP-P84STH6</Computer><Security UserID='S-1-5-18'/></System><EventData><Data Name='RuleName'></Data><Data Name='UtcTime'>2020-05-18 06:32:23.246</Data><Data Name='ProcessGuid'>{5d3d98af-2bf7-5ec2-0000-0010b5164200}</Data><Data Name='ProcessId'>984</Data><Data Name='Image'>C:\Windows\System32\svchost.exe</Data><Data Name='FileVersion'>10.0.18362.1 (WinBuild.160101.0800)</Data><Data Name='Description'>Host Process for Windows Services</Data><Data Name='Product'>Microsoft® Windows® Operating System</Data><Data Name='Company'>Microsoft Corporation</Data><Data Name='OriginalFileName'>svchost.exe</Data><Data Name='CommandLine'>C:\Windows\system32\svchost.exe -k netsvcs -p -s lfsvc</Data><Data Name='CurrentDirectory'>C:\Windows\system32\</Data><Data Name='User'>NT AUTHORITY\SYSTEM</Data><Data Name='LogonGuid'>{5d3d98af-2633-5ec2-0000-0020e7030000}</Data><Data Name='LogonId'>0x3e7</Data><Data Name='TerminalSessionId'>0</Data><Data Name='IntegrityLevel'>System</Data><Data Name='Hashes'>MD5=9520A99E77D6196D0D09833146424113,SHA256=DD191A5B23DF92E12A8852291F9FB5ED594B76A28A5A464418442584AFD1E048,IMPHASH=247B9220E5D9B720A82B2C8B5069AD69</Data><Data Name='ParentProcessGuid'>{5d3d98af-2633-5ec2-0000-0010f05c0000}</Data><Data Name='ParentProcessId'>664</Data><Data Name='ParentImage'>C:\Windows\System32\services.exe</Data><Data Name='ParentCommandLine'>C:\Windows\system32\services.exe</Data></EventData></Event><Event xmlns='http://schemas.microsoft.com/win/2004/08/events/event'><System><Provider Name='Microsoft-Windows-Sysmon' Guid='{5770385f-c22a-43e0-bf4c-06f5698ffbd9}'/><EventID>1</EventID><Version>5</Version><Level>4</Level><Task>1</Task><Opcode>0</Opcode><Keywords>0x8000000000000000</Keywords><TimeCreated SystemTime='2020-05-18T06:32:22.600265600Z'/><EventRecordID>2653</EventRecordID><Correlation/><Execution ProcessID='2848' ThreadID='3280'/><Channel>Microsoft-Windows-Sysmon/Operational</Channel><Computer>DESKTOP-P84STH6</Computer><Security UserID='S-1-5-18'/></System><EventData><Data Name='RuleName'></Data><Data Name='UtcTime'>2020-05-18 06:32:22.591</Data><Data Name='ProcessGuid'>{5d3d98af-2bf6-5ec2-0000-0010d7e44100}</Data><Data Name='ProcessId'>392</Data><Data Name='Image'>C:\Windows\ImmersiveControlPanel\SystemSettings.exe</Data><Data Name='FileVersion'>10.0.18362.387 (WinBuild.160101.0800)</Data><Data Name='Description'>Settings</Data><Data Name='Product'>Microsoft® Windows® Operating System</Data><Data Name='Company'>Microsoft Corporation</Data><Data Name='OriginalFileName'>SystemSettings.exe</Data><Data Name='CommandLine'>"C:\Windows\ImmersiveControlPanel\SystemSettings.exe" -ServerName:microsoft.windows.immersivecontrolpanel</Data><Data Name='CurrentDirectory'>C:\Windows\ImmersiveControlPanel\</Data><Data Name='User'>DESKTOP-P84STH6\NS</Data><Data Name='LogonGuid'>{5d3d98af-2638-5ec2-0000-0020adc30300}</Data><Data Name='LogonId'>0x3c3ad</Data><Data Name='TerminalSessionId'>1</Data><Data Name='IntegrityLevel'>Medium</Data><Data Name='Hashes'>MD5=370FF523E530887FDAEB537EE3764E9E,SHA256=880DEA11F75380E300BFD5C8054A655EACB2AA0DA2C0D89FEF3C32666DF9A533,IMPHASH=EC87C68A546FB4BDECF11BCB83E7D0E5</Data><Data Name='ParentProcessGuid'>{5d3d98af-2634-5ec2-0000-001034730000}</Data><Data Name='ParentProcessId'>844</Data><Data Name='ParentImage'>C:\Windows\System32\svchost.exe</Data><Data Name='ParentCommandLine'>C:\Windows\system32\svchost.exe -k DcomLaunch -p</Data></EventData></Event><Event xmlns='http://schemas.microsoft.com/win/2004/08/events/event'><System><Provider Name='Microsoft-Windows-Sysmon' Guid='{5770385f-c22a-43e0-bf4c-06f5698ffbd9}'/><EventID>13</EventID><Version>2</Version><Level>4</Level><Task>13</Task><Opcode>0</Opcode><Keywords>0x8000000000000000</Keywords><TimeCreated SystemTime='2020-05-18T06:32:20.962192700Z'/><EventRecordID>2652</EventRecordID><Correlation/><Execution ProcessID='2848' ThreadID='3280'/><Channel>Microsoft-Windows-Sysmon/Operational</Channel><Computer>DESKTOP-P84STH6</Computer><Security UserID='S-1-5-18'/></System><EventData><Data Name='RuleName'></Data><Data Name='EventType'>SetValue</Data><Data Name='UtcTime'>2020-05-18 06:32:20.959</Data><Data Name='ProcessGuid'>{5d3d98af-2639-5ec2-0000-0010ee6a0400}</Data><Data Name='ProcessId'>4220</Data><Data Name='Image'>C:\Windows\Explorer.EXE</Data><Data Name='TargetObject'>HKU\S-1-5-21-223836497-1760142647-788189203-1001\Software\Microsoft\Windows\CurrentVersion\Shell Extensions\Cached\{0BF754AA-C967-445C-AB3D-D8FDA9BAE7EF} {000214E4-0000-0000-C000-000000000046} 0xFFFF</Data><Data Name='Details'>Binary Data</Data></EventData></Event><Event xmlns='http://schemas.microsoft.com/win/2004/08/events/event'><System><Provider Name='Microsoft-Windows-Sysmon' Guid='{5770385f-c22a-43e0-bf4c-06f5698ffbd9}'/><EventID>8</EventID><Version>2</Version><Level>4</Level><Task>8</Task><Opcode>0</Opcode><Keywords>0x8000000000000000</Keywords><TimeCreated SystemTime='2020-05-18T06:32:16.659576300Z'/><EventRecordID>2651</EventRecordID><Correlation/><Execution ProcessID='2848' ThreadID='3280'/><Channel>Microsoft-Windows-Sysmon/Operational</Channel><Computer>DESKTOP-P84STH6</Computer><Security UserID='S-1-5-18'/></System><EventData><Data Name='RuleName'></Data><Data Name='UtcTime'>2020-05-18 06:32:16.647</Data><Data Name='SourceProcessGuid'>{5d3d98af-264b-5ec2-0000-00107e200800}</Data><Data Name='SourceProcessId'>6868</Data><Data Name='SourceImage'>C:\Windows\System32\VBoxTray.exe</Data><Data Name='TargetProcessGuid'>{5d3d98af-2633-5ec2-0000-001082560000}</Data><Data Name='TargetProcessId'>536</Data><Data Name='TargetImage'>C:\Windows\System32\csrss.exe</Data><Data Name='NewThreadId'>1872</Data><Data Name='StartAddress'>0xFFFFF661C9312460</Data><Data Name='StartModule'></Data><Data Name='StartFunction'></Data></EventData></Event><Event xmlns='http://schemas.microsoft.com/win/2004/08/events/event'><System><Provider Name='Microsoft-Windows-Sysmon' Guid='{5770385f-c22a-43e0-bf4c-06f5698ffbd9}'/><EventID>22</EventID><Version>5</Version><Level>4</Level><Task>22</Task><Opcode>0</Opcode><Keywords>0x8000000000000000</Keywords><TimeCreated SystemTime='2020-05-18T06:32:16.555558200Z'/><EventRecordID>2650</EventRecordID><Correlation/><Execution ProcessID='2848' ThreadID='3264'/><Channel>Microsoft-Windows-Sysmon/Operational</Channel><Computer>DESKTOP-P84STH6</Computer><Security UserID='S-1-5-18'/></System><EventData><Data Name='RuleName'></Data><Data Name='UtcTime'>2020-05-18 06:32:12.602</Data><Data Name='ProcessGuid'>{5d3d98af-263c-5ec2-0000-0010b4cd0500}</Data><Data Name='ProcessId'>3036</Data><Data Name='QueryName'>fb3c61c751d648787487dca9283aabbc.clo.footprintdns.com</Data><Data Name='QueryStatus'>0</Data><Data Name='QueryResults'>type:  5 ps1prdapp01-canary.cloudapp.net;::ffff:52.231.156.161;40.90.4.201;64.4.48.201;13.107.24.201;13.107.160.201;</Data><Data Name='Image'>C:\Windows\SystemApps\Microsoft.Windows.Cortana_cw5n1h2txyewy\SearchUI.exe</Data></EventData></Event><Event xmlns='http://schemas.microsoft.com/win/2004/08/events/event'><System><Provider Name='Microsoft-Windows-Sysmon' Guid='{5770385f-c22a-43e0-bf4c-06f5698ffbd9}'/><EventID>8</EventID><Version>2</Version><Level>4</Level><Task>8</Task><Opcode>0</Opcode><Keywords>0x8000000000000000</Keywords><TimeCreated SystemTime='2020-05-18T06:32:16.535582400Z'/><EventRecordID>2649</EventRecordID><Correlation/><Execution ProcessID='2848' ThreadID='3280'/><Channel>Microsoft-Windows-Sysmon/Operational</Channel><Computer>DESKTOP-P84STH6</Computer><Security UserID='S-1-5-18'/></System><EventData><Data Name='RuleName'></Data><Data Name='UtcTime'>2020-05-18 06:32:16.533</Data><Data Name='SourceProcessGuid'>{5d3d98af-264b-5ec2-0000-00107e200800}</Data><Data Name='SourceProcessId'>6868</Data><Data Name='SourceImage'>C:\Windows\System32\VBoxTray.exe</Data><Data Name='TargetProcessGuid'>{5d3d98af-2633-5ec2-0000-001082560000}</Data><Data Name='TargetProcessId'>536</Data><Data Name='TargetImage'>C:\Windows\System32\csrss.exe</Data><Data Name='NewThreadId'>4148</Data><Data Name='StartAddress'>0xFFFFF661C9312460</Data><Data Name='StartModule'></Data><Data Name='StartFunction'></Data></EventData></Event><Event xmlns='http://schemas.microsoft.com/win/2004/08/events/event'><System><Provider Name='Microsoft-Windows-Sysmon' Guid='{5770385f-c22a-43e0-bf4c-06f5698ffbd9}'/><EventID>8</EventID><Version>2</Version><Level>4</Level><Task>8</Task><Opcode>0</Opcode><Keywords>0x8000000000000000</Keywords><TimeCreated SystemTime='2020-05-18T06:32:16.455608700Z'/><EventRecordID>2648</EventRecordID><Correlation/><Execution ProcessID='2848' ThreadID='3280'/><Channel>Microsoft-Windows-Sysmon/Operational</Channel><Computer>DESKTOP-P84STH6</Computer><Security UserID='S-1-5-18'/></System><EventData><Data Name='RuleName'></Data><Data Name='UtcTime'>2020-05-18 06:32:16.455</Data><Data Name='SourceProcessGuid'>{5d3d98af-264b-5ec2-0000-00107e200800}</Data><Data Name='SourceProcessId'>6868</Data><Data Name='SourceImage'>C:\Windows\System32\VBoxTray.exe</Data><Data Name='TargetProcessGuid'>{5d3d98af-2633-5ec2-0000-001082560000}</Data><Data Name='TargetProcessId'>536</Data><Data Name='TargetImage'>C:\Windows\System32\csrss.exe</Data><Data Name='NewThreadId'>2984</Data><Data Name='StartAddress'>0xFFFFF661C9312460</Data><Data Name='StartModule'></Data><Data Name='StartFunction'></Data></EventData></Event><Event xmlns='http://schemas.microsoft.com/win/2004/08/events/event'><System><Provider Name='Microsoft-Windows-Sysmon' Guid='{5770385f-c22a-43e0-bf4c-06f5698ffbd9}'/><EventID>8</EventID><Version>2</Version><Level>4</Level><Task>8</Task><Opcode>0</Opcode><Keywords>0x8000000000000000</Keywords><TimeCreated SystemTime='2020-05-18T06:32:16.402445400Z'/><EventRecordID>2647</EventRecordID><Correlation/><Execution ProcessID='2848' ThreadID='3280'/><Channel>Microsoft-Windows-Sysmon/Operational</Channel><Computer>DESKTOP-P84STH6</Computer><Security UserID='S-1-5-18'/></System><EventData><Data Name='RuleName'></Data><Data Name='UtcTime'>2020-05-18 06:32:16.398</Data><Data Name='SourceProcessGuid'>{5d3d98af-264b-5ec2-0000-00107e200800}</Data><Data Name='SourceProcessId'>6868</Data><Data Name='SourceImage'>C:\Windows\System32\VBoxTray.exe</Data><Data Name='TargetProcessGuid'>{5d3d98af-2633-5ec2-0000-001082560000}</Data><Data Name='TargetProcessId'>536</Data><Data Name='TargetImage'>C:\Windows\System32\csrss.exe</Data><Data Name='NewThreadId'>6004</Data><Data Name='StartAddress'>0xFFFFF661C9312460</Data><Data Name='StartModule'></Data><Data Name='StartFunction'></Data></EventData></Event><Event xmlns='http://schemas.microsoft.com/win/2004/08/events/event'><System><Provider Name='Microsoft-Windows-Sysmon' Guid='{5770385f-c22a-43e0-bf4c-06f5698ffbd9}'/><EventID>8</EventID><Version>2</Version><Level>4</Level><Task>8</Task><Opcode>0</Opcode><Keywords>0x8000000000000000</Keywords><TimeCreated SystemTime='2020-05-18T06:32:16.366087700Z'/><EventRecordID>2646</EventRecordID><Correlation/><Execution ProcessID='2848' ThreadID='3280'/><Channel>Microsoft-Windows-Sysmon/Operational</Channel><Computer>DESKTOP-P84STH6</Computer><Security UserID='S-1-5-18'/></System><EventData><Data Name='RuleName'></Data><Data Name='UtcTime'>2020-05-18 06:32:16.365</Data><Data Name='SourceProcessGuid'>{5d3d98af-264b-5ec2-0000-00107e200800}</Data><Data Name='SourceProcessId'>6868</Data><Data Name='SourceImage'>C:\Windows\System32\VBoxTray.exe</Data><Data Name='TargetProcessGuid'>{5d3d98af-2633-5ec2-0000-001082560000}</Data><Data Name='TargetProcessId'>536</Data><Data Name='TargetImage'>C:\Windows\System32\csrss.exe</Data><Data Name='NewThreadId'>1424</Data><Data Name='StartAddress'>0xFFFFF661C9312460</Data><Data Name='StartModule'></Data><Data Name='StartFunction'></Data></EventData></Event><Event xmlns='http://schemas.microsoft.com/win/2004/08/events/event'><System><Provider Name='Microsoft-Windows-Sysmon' Guid='{5770385f-c22a-43e0-bf4c-06f5698ffbd9}'/><EventID>1</EventID><Version>5</Version><Level>4</Level><Task>1</Task><Opcode>0</Opcode><Keywords>0x8000000000000000</Keywords><TimeCreated SystemTime='2020-05-18T06:32:06.872431500Z'/><EventRecordID>2645</EventRecordID><Correlation/><Execution ProcessID='2848' ThreadID='3280'/><Channel>Microsoft-Windows-Sysmon/Operational</Channel><Computer>DESKTOP-P84STH6</Computer><Security UserID='S-1-5-18'/></System><EventData><Data Name='RuleName'></Data><Data Name='UtcTime'>2020-05-18 06:32:06.862</Data><Data Name='ProcessGuid'>{5d3d98af-2be6-5ec2-0000-00109c3b4100}</Data><Data Name='ProcessId'>1116</Data><Data Name='Image'>C:\Windows\System32\dwm.exe</Data><Data Name='FileVersion'>10.0.18362.387 (WinBuild.160101.0800)</Data><Data Name='Description'>Desktop Window Manager</Data><Data Name='Product'>Microsoft® Windows® Operating System</Data><Data Name='Company'>Microsoft Corporation</Data><Data Name='OriginalFileName'>dwm.exe</Data><Data Name='CommandLine'>"dwm.exe"</Data><Data Name='CurrentDirectory'>C:\Windows\system32\</Data><Data Name='User'>Window Manager\DWM-1</Data><Data Name='LogonGuid'>{5d3d98af-2be6-5ec2-0000-0020563b4100}</Data><Data Name='LogonId'>0x413b56</Data><Data Name='TerminalSessionId'>1</Data><Data Name='IntegrityLevel'>System</Data><Data Name='Hashes'>MD5=72B98B74557649F9AA4B0249E43E9BCF,SHA256=B39D76814BA92435F5DD5BCCCD7FAABCC814E1C51D92CDAFF4FC011F0415812B,IMPHASH=EC64D222128E886703653F1E6959923C</Data><Data Name='ParentProcessGuid'>{5d3d98af-2633-5ec2-0000-0010315a0000}</Data><Data Name='ParentProcessId'>620</Data><Data Name='ParentImage'>C:\Windows\System32\winlogon.exe</Data><Data Name='ParentCommandLine'>winlogon.exe</Data></EventData></Event><Event xmlns='http://schemas.microsoft.com/win/2004/08/events/event'><System><Provider Name='Microsoft-Windows-Sysmon' Guid='{5770385f-c22a-43e0-bf4c-06f5698ffbd9}'/><EventID>13</EventID><Version>2</Version><Level>4</Level><Task>13</Task><Opcode>0</Opcode><Keywords>0x8000000000000000</Keywords><TimeCreated SystemTime='2020-05-18T06:32:03.800032200Z'/><EventRecordID>2644</EventRecordID><Correlation/><Execution ProcessID='2848' ThreadID='3280'/><Channel>Microsoft-Windows-Sysmon/Operational</Channel><Computer>DESKTOP-P84STH6</Computer><Security UserID='S-1-5-18'/></System><EventData><Data Name='RuleName'>InvDB</Data><Data Name='EventType'>SetValue</Data><Data Name='UtcTime'>2020-05-18 06:32:03.799</Data><Data Name='ProcessGuid'>{5d3d98af-2858-5ec2-0000-001058342200}</Data><Data Name='ProcessId'>6980</Data><Data Name='Image'>C:\Windows\system32\svchost.exe</Data><Data Name='TargetObject'>HKU\S-1-5-21-223836497-1760142647-788189203-1001\Software\Microsoft\Windows NT\CurrentVersion\AppCompatFlags\Compatibility Assistant\Store\C:\Users\NS\Desktop\âtâìâôâgâëâCâô\âtâìâôâgâëâCâô.exe</Data><Data Name='Details'>Binary Data</Data></EventData></Event><Event xmlns='http://schemas.microsoft.com/win/2004/08/events/event'><System><Provider Name='Microsoft-Windows-Sysmon' Guid='{5770385f-c22a-43e0-bf4c-06f5698ffbd9}'/><EventID>5</EventID><Version>3</Version><Level>4</Level><Task>5</Task><Opcode>0</Opcode><Keywords>0x8000000000000000</Keywords><TimeCreated SystemTime='2020-05-18T06:32:01.773691700Z'/><EventRecordID>2643</EventRecordID><Correlation/><Execution ProcessID='2848' ThreadID='3280'/><Channel>Microsoft-Windows-Sysmon/Operational</Channel><Computer>DESKTOP-P84STH6</Computer><Security UserID='S-1-5-18'/></System><EventData><Data Name='RuleName'></Data><Data Name='UtcTime'>2020-05-18 06:32:01.769</Data><Data Name='ProcessGuid'>{5d3d98af-2ba2-5ec2-0000-0010ceac3e00}</Data><Data Name='ProcessId'>2560</Data><Data Name='Image'>C:\Users\NS\Desktop\âtâìâôâgâëâCâô\âtâìâôâgâëâCâô.exe</Data></EventData></Event><Event xmlns='http://schemas.microsoft.com/win/2004/08/events/event'><System><Provider Name='Microsoft-Windows-Sysmon' Guid='{5770385f-c22a-43e0-bf4c-06f5698ffbd9}'/><EventID>13</EventID><Version>2</Version><Level>4</Level><Task>13</Task><Opcode>0</Opcode><Keywords>0x8000000000000000</Keywords><TimeCreated SystemTime='2020-05-18T06:32:01.740684900Z'/><EventRecordID>2642</EventRecordID><Correlation/><Execution ProcessID='2848' ThreadID='3280'/><Channel>Microsoft-Windows-Sysmon/Operational</Channel><Computer>DESKTOP-P84STH6</Computer><Security UserID='S-1-5-18'/></System><EventData><Data Name='RuleName'>InvDB-Ver</Data><Data Name='EventType'>SetValue</Data><Data Name='UtcTime'>2020-05-18 06:32:01.731</Data><Data Name='ProcessGuid'>{5d3d98af-2be1-5ec2-0000-001030df4000}</Data><Data Name='ProcessId'>1360</Data><Data Name='Image'>C:\Windows\system32\werfault.exe</Data><Data Name='TargetObject'>\REGISTRY\A\{31893b35-16f4-3d9c-aedb-3af3cae957af}\Root\InventoryApplicationFile\dwm.exe|f848a80c6540ffad\BinProductVersion</Data><Data Name='Details'>10.0.18362.387</Data></EventData></Event><Event xmlns='http://schemas.microsoft.com/win/2004/08/events/event'><System><Provider Name='Microsoft-Windows-Sysmon' Guid='{5770385f-c22a-43e0-bf4c-06f5698ffbd9}'/><EventID>13</EventID><Version>2</Version><Level>4</Level><Task>13</Task><Opcode>0</Opcode><Keywords>0x8000000000000000</Keywords><TimeCreated SystemTime='2020-05-18T06:32:01.739962700Z'/><EventRecordID>2641</EventRecordID><Correlation/><Execution ProcessID='2848' ThreadID='3280'/><Channel>Microsoft-Windows-Sysmon/Operational</Channel><Computer>DESKTOP-P84STH6</Computer><Security UserID='S-1-5-18'/></System><EventData><Data Name='RuleName'>InvDB-CompileTimeClaim</Data><Data Name='EventType'>SetValue</Data><Data Name='UtcTime'>2020-05-18 06:32:01.731</Data><Data Name='ProcessGuid'>{5d3d98af-2be1-5ec2-0000-001030df4000}</Data><Data Name='ProcessId'>1360</Data><Data Name='Image'>C:\Windows\system32\werfault.exe</Data><Data Name='TargetObject'>\REGISTRY\A\{31893b35-16f4-3d9c-aedb-3af3cae957af}\Root\InventoryApplicationFile\dwm.exe|f848a80c6540ffad\LinkDate</Data><Data Name='Details'>07/04/2045 10:33:27</Data></EventData></Event><Event xmlns='http://schemas.microsoft.com/win/2004/08/events/event'><System><Provider Name='Microsoft-Windows-Sysmon' Guid='{5770385f-c22a-43e0-bf4c-06f5698ffbd9}'/><EventID>13</EventID><Version>2</Version><Level>4</Level><Task>13</Task><Opcode>0</Opcode><Keywords>0x8000000000000000</Keywords><TimeCreated SystemTime='2020-05-18T06:32:01.736166300Z'/><EventRecordID>2640</EventRecordID><Correlation/><Execution ProcessID='2848' ThreadID='3280'/><Channel>Microsoft-Windows-Sysmon/Operational</Channel><Computer>DESKTOP-P84STH6</Computer><Security UserID='S-1-5-18'/></System><EventData><Data Name='RuleName'>InvDB-Pub</Data><Data Name='EventType'>SetValue</Data><Data Name='UtcTime'>2020-05-18 06:32:01.731</Data><Data Name='ProcessGuid'>{5d3d98af-2be1-5ec2-0000-001030df4000}</Data><Data Name='ProcessId'>1360</Data><Data Name='Image'>C:\Windows\system32\werfault.exe</Data><Data Name='TargetObject'>\REGISTRY\A\{31893b35-16f4-3d9c-aedb-3af3cae957af}\Root\InventoryApplicationFile\dwm.exe|f848a80c6540ffad\Publisher</Data><Data Name='Details'>microsoft corporation</Data></EventData></Event><Event xmlns='http://schemas.microsoft.com/win/2004/08/events/event'><System><Provider Name='Microsoft-Windows-Sysmon' Guid='{5770385f-c22a-43e0-bf4c-06f5698ffbd9}'/><EventID>13</EventID><Version>2</Version><Level>4</Level><Task>13</Task><Opcode>0</Opcode><Keywords>0x8000000000000000</Keywords><TimeCreated SystemTime='2020-05-18T06:32:01.733998800Z'/><EventRecordID>2639</EventRecordID><Correlation/><Execution ProcessID='2848' ThreadID='3280'/><Channel>Microsoft-Windows-Sysmon/Operational</Channel><Computer>DESKTOP-P84STH6</Computer><Security UserID='S-1-5-18'/></System><EventData><Data Name='RuleName'>InvDB-Path</Data><Data Name='EventType'>SetValue</Data><Data Name='UtcTime'>2020-05-18 06:32:01.731</Data><Data Name='ProcessGuid'>{5d3d98af-2be1-5ec2-0000-001030df4000}</Data><Data Name='ProcessId'>1360</Data><Data Name='Image'>C:\Windows\system32\werfault.exe</Data><Data Name='TargetObject'>\REGISTRY\A\{31893b35-16f4-3d9c-aedb-3af3cae957af}\Root\InventoryApplicationFile\dwm.exe|f848a80c6540ffad\LowerCaseLongPath</Data><Data Name='Details'>c:\windows\system32\dwm.exe</Data></EventData></Event><Event xmlns='http://schemas.microsoft.com/win/2004/08/events/event'><System><Provider Name='Microsoft-Windows-Sysmon' Guid='{5770385f-c22a-43e0-bf4c-06f5698ffbd9}'/><EventID>1</EventID><Version>5</Version><Level>4</Level><Task>1</Task><Opcode>0</Opcode><Keywords>0x8000000000000000</Keywords><TimeCreated SystemTime='2020-05-18T06:32:01.598400600Z'/><EventRecordID>2638</EventRecordID><Correlation/><Execution ProcessID='2848' ThreadID='3280'/><Channel>Microsoft-Windows-Sysmon/Operational</Channel><Computer>DESKTOP-P84STH6</Computer><Security UserID='S-1-5-18'/></System><EventData><Data Name='RuleName'></Data><Data Name='UtcTime'>2020-05-18 06:32:01.585</Data><Data Name='ProcessGuid'>{5d3d98af-2be1-5ec2-0000-001030df4000}</Data><Data Name='ProcessId'>1360</Data><Data Name='Image'>C:\Windows\System32\WerFault.exe</Data><Data Name='FileVersion'>10.0.18362.418 (WinBuild.160101.0800)</Data><Data Name='Description'>Windows Problem Reporting</Data><Data Name='Product'>Microsoft® Windows® Operating System</Data><Data Name='Company'>Microsoft Corporation</Data><Data Name='OriginalFileName'>WerFault.exe</Data><Data Name='CommandLine'>werfault.exe /hc /shared Global\dfab0d7b1634444ebd29538d3c0b9cfb /t 1040 /p 296</Data><Data Name='CurrentDirectory'>C:\Windows\system32\</Data><Data Name='User'>Window Manager\DWM-1</Data><Data Name='LogonGuid'>{5d3d98af-2634-5ec2-0000-0020b0c50000}</Data><Data Name='LogonId'>0xc5b0</Data><Data Name='TerminalSessionId'>1</Data><Data Name='IntegrityLevel'>System</Data><Data Name='Hashes'>MD5=10CA9F44DD7B86C5FCE9FADB08753A81,SHA256=0F4EA772C2C9267E4C5B98A13E4D80122CCF020678689E4AEC453E69128915CC,IMPHASH=F0A0D16C6A86A14BA12D20EFC9A7DDF9</Data><Data Name='ParentProcessGuid'>{5d3d98af-2b77-5ec2-0000-001092063c00}</Data><Data Name='ParentProcessId'>3604</Data><Data Name='ParentImage'>C:\Windows\System32\svchost.exe</Data><Data Name='ParentCommandLine'>C:\Windows\System32\svchost.exe -k WerSvcGroup</Data></EventData></Event><Event xmlns='http://schemas.microsoft.com/win/2004/08/events/event'><System><Provider Name='Microsoft-Windows-Sysmon' Guid='{5770385f-c22a-43e0-bf4c-06f5698ffbd9}'/><EventID>8</EventID><Version>2</Version><Level>4</Level><Task>8</Task><Opcode>0</Opcode><Keywords>0x8000000000000000</Keywords><TimeCreated SystemTime='2020-05-18T06:32:01.580210700Z'/><EventRecordID>2637</EventRecordID><Correlation/><Execution ProcessID='2848' ThreadID='3280'/><Channel>Microsoft-Windows-Sysmon/Operational</Channel><Computer>DESKTOP-P84STH6</Computer><Security UserID='S-1-5-18'/></System><EventData><Data Name='RuleName'></Data><Data Name='UtcTime'>2020-05-18 06:32:01.579</Data><Data Name='SourceProcessGuid'>{5d3d98af-264b-5ec2-0000-00107e200800}</Data><Data Name='SourceProcessId'>6868</Data><Data Name='SourceImage'>C:\Windows\System32\VBoxTray.exe</Data><Data Name='TargetProcessGuid'>{5d3d98af-2633-5ec2-0000-001082560000}</Data><Data Name='TargetProcessId'>536</Data><Data Name='TargetImage'>C:\Windows\System32\csrss.exe</Data><Data Name='NewThreadId'>3220</Data><Data Name='StartAddress'>0xFFFFF661C9312460</Data><Data Name='StartModule'></Data><Data Name='StartFunction'></Data></EventData></Event>