<Event xmlns='http://schemas.microsoft.com/win/2004/08/events/event'><System><Provider Name='Microsoft-Windows-Sysmon' Guid='{5770385f-c22a-43e0-bf4c-06f5698ffbd9}'/><EventID>1</EventID><Version>5</Version><Level>4</Level><Task>1</Task><Opcode>0</Opcode><Keywords>0x8000000000000000</Keywords><TimeCreated SystemTime='2020-05-18T06:30:36.166355900Z'/><EventRecordID>2598</EventRecordID><Correlation/><Execution ProcessID='2848' ThreadID='3280'/><Channel>Microsoft-Windows-Sysmon/Operational</Channel><Computer>DESKTOP-P84STH6</Computer><Security UserID='S-1-5-18'/></System><EventData><Data Name='RuleName'></Data><Data Name='UtcTime'>2020-05-18 06:30:36.163</Data><Data Name='ProcessGuid'>{5d3d98af-2b8c-5ec2-0000-0010327f3d00}</Data><Data Name='ProcessId'>2912</Data><Data Name='Image'>C:\Windows\SysWOW64\WerFault.exe</Data><Data Name='FileVersion'>10.0.18362.418 (WinBuild.160101.0800)</Data><Data Name='Description'>Windows Problem Reporting</Data><Data Name='Product'>Microsoft® Windows® Operating System</Data><Data Name='Company'>Microsoft Corporation</Data><Data Name='OriginalFileName'>WerFault.exe</Data><Data Name='CommandLine'>C:\Windows\SysWOW64\WerFault.exe -u -p 756 -s 1452</Data><Data Name='CurrentDirectory'>C:\Windows\system32\</Data><Data Name='User'>DESKTOP-P84STH6\NS</Data><Data Name='LogonGuid'>{5d3d98af-2638-5ec2-0000-0020adc30300}</Data><Data Name='LogonId'>0x3c3ad</Data><Data Name='TerminalSessionId'>1</Data><Data Name='IntegrityLevel'>Medium</Data><Data Name='Hashes'>MD5=28D356B668C66115EA55135D24EEFB2C,SHA256=E2556491F0F158EA8BB39C4CC3008078E37E62BB49B0B886C407BEBDC1445704,IMPHASH=9E07A4F14570AE1BDBBD03FA6F676574</Data><Data Name='ParentProcessGuid'>{5d3d98af-2b8b-5ec2-0000-0010165b3d00}</Data><Data Name='ParentProcessId'>756</Data><Data Name='ParentImage'>C:\Program Files (x86)\CartmansAuthoritah\SouthPark.exe</Data><Data Name='ParentCommandLine'>southpark.exe 640 480 32</Data></EventData></Event><Event xmlns='http://schemas.microsoft.com/win/2004/08/events/event'><System><Provider Name='Microsoft-Windows-Sysmon' Guid='{5770385f-c22a-43e0-bf4c-06f5698ffbd9}'/><EventID>13</EventID><Version>2</Version><Level>4</Level><Task>13</Task><Opcode>0</Opcode><Keywords>0x8000000000000000</Keywords><TimeCreated SystemTime='2020-05-18T06:30:36.102789700Z'/><EventRecordID>2597</EventRecordID><Correlation/><Execution ProcessID='2848' ThreadID='3280'/><Channel>Microsoft-Windows-Sysmon/Operational</Channel><Computer>DESKTOP-P84STH6</Computer><Security UserID='S-1-5-18'/></System><EventData><Data Name='RuleName'>InvDB</Data><Data Name='EventType'>SetValue</Data><Data Name='UtcTime'>2020-05-18 06:30:36.101</Data><Data Name='ProcessGuid'>{5d3d98af-2858-5ec2-0000-001058342200}</Data><Data Name='ProcessId'>6980</Data><Data Name='Image'>C:\Windows\system32\svchost.exe</Data><Data Name='TargetObject'>HKU\S-1-5-21-223836497-1760142647-788189203-1001\Software\Microsoft\Windows NT\CurrentVersion\AppCompatFlags\Compatibility Assistant\Store\C:\Program Files (x86)\CartmansAuthoritah\splaunch.exe</Data><Data Name='Details'>Binary Data</Data></EventData></Event><Event xmlns='http://schemas.microsoft.com/win/2004/08/events/event'><System><Provider Name='Microsoft-Windows-Sysmon' Guid='{5770385f-c22a-43e0-bf4c-06f5698ffbd9}'/><EventID>1</EventID><Version>5</Version><Level>4</Level><Task>1</Task><Opcode>0</Opcode><Keywords>0x8000000000000000</Keywords><TimeCreated SystemTime='2020-05-18T06:30:36.100845300Z'/><EventRecordID>2596</EventRecordID><Correlation/><Execution ProcessID='2848' ThreadID='3280'/><Channel>Microsoft-Windows-Sysmon/Operational</Channel><Computer>DESKTOP-P84STH6</Computer><Security UserID='S-1-5-18'/></System><EventData><Data Name='RuleName'></Data><Data Name='UtcTime'>2020-05-18 06:30:36.098</Data><Data Name='ProcessGuid'>{5d3d98af-2b8c-5ec2-0000-0010977a3d00}</Data><Data Name='ProcessId'>5548</Data><Data Name='Image'>C:\Windows\SysWOW64\WerFault.exe</Data><Data Name='FileVersion'>10.0.18362.418 (WinBuild.160101.0800)</Data><Data Name='Description'>Windows Problem Reporting</Data><Data Name='Product'>Microsoft® Windows® Operating System</Data><Data Name='Company'>Microsoft Corporation</Data><Data Name='OriginalFileName'>WerFault.exe</Data><Data Name='CommandLine'>C:\Windows\SysWOW64\WerFault.exe -pss -s 592 -p 756 -ip 756</Data><Data Name='CurrentDirectory'>C:\Windows\system32\</Data><Data Name='User'>NT AUTHORITY\SYSTEM</Data><Data Name='LogonGuid'>{5d3d98af-2633-5ec2-0000-0020e7030000}</Data><Data Name='LogonId'>0x3e7</Data><Data Name='TerminalSessionId'>0</Data><Data Name='IntegrityLevel'>System</Data><Data Name='Hashes'>MD5=28D356B668C66115EA55135D24EEFB2C,SHA256=E2556491F0F158EA8BB39C4CC3008078E37E62BB49B0B886C407BEBDC1445704,IMPHASH=9E07A4F14570AE1BDBBD03FA6F676574</Data><Data Name='ParentProcessGuid'>{5d3d98af-2b77-5ec2-0000-001092063c00}</Data><Data Name='ParentProcessId'>3604</Data><Data Name='ParentImage'>C:\Windows\System32\svchost.exe</Data><Data Name='ParentCommandLine'>C:\Windows\System32\svchost.exe -k WerSvcGroup</Data></EventData></Event><Event xmlns='http://schemas.microsoft.com/win/2004/08/events/event'><System><Provider Name='Microsoft-Windows-Sysmon' Guid='{5770385f-c22a-43e0-bf4c-06f5698ffbd9}'/><EventID>1</EventID><Version>5</Version><Level>4</Level><Task>1</Task><Opcode>0</Opcode><Keywords>0x8000000000000000</Keywords><TimeCreated SystemTime='2020-05-18T06:30:35.745116700Z'/><EventRecordID>2595</EventRecordID><Correlation/><Execution ProcessID='2848' ThreadID='3280'/><Channel>Microsoft-Windows-Sysmon/Operational</Channel><Computer>DESKTOP-P84STH6</Computer><Security UserID='S-1-5-18'/></System><EventData><Data Name='RuleName'></Data><Data Name='UtcTime'>2020-05-18 06:30:35.738</Data><Data Name='ProcessGuid'>{5d3d98af-2b8b-5ec2-0000-0010165b3d00}</Data><Data Name='ProcessId'>756</Data><Data Name='Image'>C:\Program Files (x86)\CartmansAuthoritah\SouthPark.exe</Data><Data Name='FileVersion'>?</Data><Data Name='Description'>?</Data><Data Name='Product'>?</Data><Data Name='Company'>?</Data><Data Name='OriginalFileName'>?</Data><Data Name='CommandLine'>southpark.exe 640 480 32</Data><Data Name='CurrentDirectory'>C:\Users\NS\Desktop\</Data><Data Name='User'>DESKTOP-P84STH6\NS</Data><Data Name='LogonGuid'>{5d3d98af-2638-5ec2-0000-0020adc30300}</Data><Data Name='LogonId'>0x3c3ad</Data><Data Name='TerminalSessionId'>1</Data><Data Name='IntegrityLevel'>Medium</Data><Data Name='Hashes'>MD5=8FD9C780787B8FF48E861745DC455737,SHA256=817D7A866AA8543CF30C004E6DF69279A8FD29C8D7C151750242F2CA1B42376B,IMPHASH=0B163CE4EC005227C1F3560EE967D6BF</Data><Data Name='ParentProcessGuid'>{5d3d98af-2b8a-5ec2-0000-0010684d3d00}</Data><Data Name='ParentProcessId'>1432</Data><Data Name='ParentImage'>C:\Program Files (x86)\CartmansAuthoritah\splaunch.exe</Data><Data Name='ParentCommandLine'>"C:\Program Files (x86)\CartmansAuthoritah\splaunch.exe" </Data></EventData></Event><Event xmlns='http://schemas.microsoft.com/win/2004/08/events/event'><System><Provider Name='Microsoft-Windows-Sysmon' Guid='{5770385f-c22a-43e0-bf4c-06f5698ffbd9}'/><EventID>1</EventID><Version>5</Version><Level>4</Level><Task>1</Task><Opcode>0</Opcode><Keywords>0x8000000000000000</Keywords><TimeCreated SystemTime='2020-05-18T06:30:34.418646900Z'/><EventRecordID>2594</EventRecordID><Correlation/><Execution ProcessID='2848' ThreadID='3280'/><Channel>Microsoft-Windows-Sysmon/Operational</Channel><Computer>DESKTOP-P84STH6</Computer><Security UserID='S-1-5-18'/></System><EventData><Data Name='RuleName'></Data><Data Name='UtcTime'>2020-05-18 06:30:34.414</Data><Data Name='ProcessGuid'>{5d3d98af-2b8a-5ec2-0000-0010684d3d00}</Data><Data Name='ProcessId'>1432</Data><Data Name='Image'>C:\Program Files (x86)\CartmansAuthoritah\splaunch.exe</Data><Data Name='FileVersion'>1, 0, 0, 1</Data><Data Name='Description'>splaunch MFC Application</Data><Data Name='Product'>splaunch Application</Data><Data Name='Company'></Data><Data Name='OriginalFileName'>splaunch.EXE</Data><Data Name='CommandLine'>"C:\Program Files (x86)\CartmansAuthoritah\splaunch.exe" </Data><Data Name='CurrentDirectory'>C:\Users\NS\Desktop\</Data><Data Name='User'>DESKTOP-P84STH6\NS</Data><Data Name='LogonGuid'>{5d3d98af-2638-5ec2-0000-0020adc30300}</Data><Data Name='LogonId'>0x3c3ad</Data><Data Name='TerminalSessionId'>1</Data><Data Name='IntegrityLevel'>Medium</Data><Data Name='Hashes'>MD5=F8B73C754B3E51B9B34D0245815F5266,SHA256=79EE81A65127EF147B669B441B16BB34E478E5C6E7DB1895359599094CBE1725,IMPHASH=E6E56AE719E9D9024A9EAD8BACE1A21F</Data><Data Name='ParentProcessGuid'>{5d3d98af-2639-5ec2-0000-0010ee6a0400}</Data><Data Name='ParentProcessId'>4220</Data><Data Name='ParentImage'>C:\Windows\explorer.exe</Data><Data Name='ParentCommandLine'>C:\Windows\Explorer.EXE</Data></EventData></Event><Event xmlns='http://schemas.microsoft.com/win/2004/08/events/event'><System><Provider Name='Microsoft-Windows-Sysmon' Guid='{5770385f-c22a-43e0-bf4c-06f5698ffbd9}'/><EventID>8</EventID><Version>2</Version><Level>4</Level><Task>8</Task><Opcode>0</Opcode><Keywords>0x8000000000000000</Keywords><TimeCreated SystemTime='2020-05-18T06:30:31.223406500Z'/><EventRecordID>2593</EventRecordID><Correlation/><Execution ProcessID='2848' ThreadID='3280'/><Channel>Microsoft-Windows-Sysmon/Operational</Channel><Computer>DESKTOP-P84STH6</Computer><Security UserID='S-1-5-18'/></System><EventData><Data Name='RuleName'></Data><Data Name='UtcTime'>2020-05-18 06:30:31.210</Data><Data Name='SourceProcessGuid'>{5d3d98af-264b-5ec2-0000-00107e200800}</Data><Data Name='SourceProcessId'>6868</Data><Data Name='SourceImage'>C:\Windows\System32\VBoxTray.exe</Data><Data Name='TargetProcessGuid'>{5d3d98af-2633-5ec2-0000-001082560000}</Data><Data Name='TargetProcessId'>536</Data><Data Name='TargetImage'>C:\Windows\System32\csrss.exe</Data><Data Name='NewThreadId'>6652</Data><Data Name='StartAddress'>0xFFFFF661C9312460</Data><Data Name='StartModule'></Data><Data Name='StartFunction'></Data></EventData></Event><Event xmlns='http://schemas.microsoft.com/win/2004/08/events/event'><System><Provider Name='Microsoft-Windows-Sysmon' Guid='{5770385f-c22a-43e0-bf4c-06f5698ffbd9}'/><EventID>13</EventID><Version>2</Version><Level>4</Level><Task>13</Task><Opcode>0</Opcode><Keywords>0x8000000000000000</Keywords><TimeCreated SystemTime='2020-05-18T06:30:30.978078100Z'/><EventRecordID>2592</EventRecordID><Correlation/><Execution ProcessID='2848' ThreadID='3280'/><Channel>Microsoft-Windows-Sysmon/Operational</Channel><Computer>DESKTOP-P84STH6</Computer><Security UserID='S-1-5-18'/></System><EventData><Data Name='RuleName'>InvDB</Data><Data Name='EventType'>SetValue</Data><Data Name='UtcTime'>2020-05-18 06:30:30.977</Data><Data Name='ProcessGuid'>{5d3d98af-2858-5ec2-0000-001058342200}</Data><Data Name='ProcessId'>6980</Data><Data Name='Image'>C:\Windows\system32\svchost.exe</Data><Data Name='TargetObject'>HKU\S-1-5-21-223836497-1760142647-788189203-1001\Software\Microsoft\Windows NT\CurrentVersion\AppCompatFlags\Compatibility Assistant\Store\C:\Program Files (x86)\CartmansAuthoritah\splaunch.exe</Data><Data Name='Details'>Binary Data</Data></EventData></Event><Event xmlns='http://schemas.microsoft.com/win/2004/08/events/event'><System><Provider Name='Microsoft-Windows-Sysmon' Guid='{5770385f-c22a-43e0-bf4c-06f5698ffbd9}'/><EventID>8</EventID><Version>2</Version><Level>4</Level><Task>8</Task><Opcode>0</Opcode><Keywords>0x8000000000000000</Keywords><TimeCreated SystemTime='2020-05-18T06:30:29.089963700Z'/><EventRecordID>2591</EventRecordID><Correlation/><Execution ProcessID='2848' ThreadID='3280'/><Channel>Microsoft-Windows-Sysmon/Operational</Channel><Computer>DESKTOP-P84STH6</Computer><Security UserID='S-1-5-18'/></System><EventData><Data Name='RuleName'></Data><Data Name='UtcTime'>2020-05-18 06:30:29.085</Data><Data Name='SourceProcessGuid'>{5d3d98af-2b83-5ec2-0000-001037d23c00}</Data><Data Name='SourceProcessId'>6804</Data><Data Name='SourceImage'>C:\Program Files (x86)\CartmansAuthoritah\SouthPark.exe</Data><Data Name='TargetProcessGuid'>{5d3d98af-2633-5ec2-0000-001082560000}</Data><Data Name='TargetProcessId'>536</Data><Data Name='TargetImage'>C:\Windows\System32\csrss.exe</Data><Data Name='NewThreadId'>6632</Data><Data Name='StartAddress'>0xFFFFF661C9312460</Data><Data Name='StartModule'></Data><Data Name='StartFunction'></Data></EventData></Event><Event xmlns='http://schemas.microsoft.com/win/2004/08/events/event'><System><Provider Name='Microsoft-Windows-Sysmon' Guid='{5770385f-c22a-43e0-bf4c-06f5698ffbd9}'/><EventID>11</EventID><Version>2</Version><Level>4</Level><Task>11</Task><Opcode>0</Opcode><Keywords>0x8000000000000000</Keywords><TimeCreated SystemTime='2020-05-18T06:30:28.015135100Z'/><EventRecordID>2590</EventRecordID><Correlation/><Execution ProcessID='2848' ThreadID='3280'/><Channel>Microsoft-Windows-Sysmon/Operational</Channel><Computer>DESKTOP-P84STH6</Computer><Security UserID='S-1-5-18'/></System><EventData><Data Name='RuleName'></Data><Data Name='UtcTime'>2020-05-18 06:30:28.007</Data><Data Name='ProcessGuid'>{5d3d98af-2b83-5ec2-0000-00104d023d00}</Data><Data Name='ProcessId'>5112</Data><Data Name='Image'>C:\Windows\SysWOW64\WerFault.exe</Data><Data Name='TargetFilename'>C:\ProgramData\Microsoft\Windows\WER\Temp\WER401.tmp.dmp</Data><Data Name='CreationUtcTime'>2020-05-18 06:30:28.007</Data></EventData></Event><Event xmlns='http://schemas.microsoft.com/win/2004/08/events/event'><System><Provider Name='Microsoft-Windows-Sysmon' Guid='{5770385f-c22a-43e0-bf4c-06f5698ffbd9}'/><EventID>11</EventID><Version>2</Version><Level>4</Level><Task>11</Task><Opcode>0</Opcode><Keywords>0x8000000000000000</Keywords><TimeCreated SystemTime='2020-05-18T06:30:28.014805900Z'/><EventRecordID>2589</EventRecordID><Correlation/><Execution ProcessID='2848' ThreadID='3280'/><Channel>Microsoft-Windows-Sysmon/Operational</Channel><Computer>DESKTOP-P84STH6</Computer><Security UserID='S-1-5-18'/></System><EventData><Data Name='RuleName'></Data><Data Name='UtcTime'>2020-05-18 06:30:28.007</Data><Data Name='ProcessGuid'>{5d3d98af-2b83-5ec2-0000-00104d023d00}</Data><Data Name='ProcessId'>5112</Data><Data Name='Image'>C:\Windows\SysWOW64\WerFault.exe</Data><Data Name='TargetFilename'>C:\ProgramData\Microsoft\Windows\WER\Temp\WER401.tmp.dmp</Data><Data Name='CreationUtcTime'>2020-05-18 06:30:28.007</Data></EventData></Event><Event xmlns='http://schemas.microsoft.com/win/2004/08/events/event'><System><Provider Name='Microsoft-Windows-Sysmon' Guid='{5770385f-c22a-43e0-bf4c-06f5698ffbd9}'/><EventID>1</EventID><Version>5</Version><Level>4</Level><Task>1</Task><Opcode>0</Opcode><Keywords>0x8000000000000000</Keywords><TimeCreated SystemTime='2020-05-18T06:30:27.852532700Z'/><EventRecordID>2588</EventRecordID><Correlation/><Execution ProcessID='2848' ThreadID='3280'/><Channel>Microsoft-Windows-Sysmon/Operational</Channel><Computer>DESKTOP-P84STH6</Computer><Security UserID='S-1-5-18'/></System><EventData><Data Name='RuleName'></Data><Data Name='UtcTime'>2020-05-18 06:30:27.849</Data><Data Name='ProcessGuid'>{5d3d98af-2b83-5ec2-0000-00104d023d00}</Data><Data Name='ProcessId'>5112</Data><Data Name='Image'>C:\Windows\SysWOW64\WerFault.exe</Data><Data Name='FileVersion'>10.0.18362.418 (WinBuild.160101.0800)</Data><Data Name='Description'>Windows Problem Reporting</Data><Data Name='Product'>Microsoft® Windows® Operating System</Data><Data Name='Company'>Microsoft Corporation</Data><Data Name='OriginalFileName'>WerFault.exe</Data><Data Name='CommandLine'>C:\Windows\SysWOW64\WerFault.exe -u -p 6804 -s 1456</Data><Data Name='CurrentDirectory'>C:\Windows\system32\</Data><Data Name='User'>DESKTOP-P84STH6\NS</Data><Data Name='LogonGuid'>{5d3d98af-2638-5ec2-0000-0020adc30300}</Data><Data Name='LogonId'>0x3c3ad</Data><Data Name='TerminalSessionId'>1</Data><Data Name='IntegrityLevel'>Medium</Data><Data Name='Hashes'>MD5=28D356B668C66115EA55135D24EEFB2C,SHA256=E2556491F0F158EA8BB39C4CC3008078E37E62BB49B0B886C407BEBDC1445704,IMPHASH=9E07A4F14570AE1BDBBD03FA6F676574</Data><Data Name='ParentProcessGuid'>{5d3d98af-2b83-5ec2-0000-001037d23c00}</Data><Data Name='ParentProcessId'>6804</Data><Data Name='ParentImage'>C:\Program Files (x86)\CartmansAuthoritah\SouthPark.exe</Data><Data Name='ParentCommandLine'>southpark.exe 640 480 32</Data></EventData></Event><Event xmlns='http://schemas.microsoft.com/win/2004/08/events/event'><System><Provider Name='Microsoft-Windows-Sysmon' Guid='{5770385f-c22a-43e0-bf4c-06f5698ffbd9}'/><EventID>1</EventID><Version>5</Version><Level>4</Level><Task>1</Task><Opcode>0</Opcode><Keywords>0x8000000000000000</Keywords><TimeCreated SystemTime='2020-05-18T06:30:27.786989100Z'/><EventRecordID>2587</EventRecordID><Correlation/><Execution ProcessID='2848' ThreadID='3280'/><Channel>Microsoft-Windows-Sysmon/Operational</Channel><Computer>DESKTOP-P84STH6</Computer><Security UserID='S-1-5-18'/></System><EventData><Data Name='RuleName'></Data><Data Name='UtcTime'>2020-05-18 06:30:27.783</Data><Data Name='ProcessGuid'>{5d3d98af-2b83-5ec2-0000-0010fafb3c00}</Data><Data Name='ProcessId'>6696</Data><Data Name='Image'>C:\Windows\SysWOW64\WerFault.exe</Data><Data Name='FileVersion'>10.0.18362.418 (WinBuild.160101.0800)</Data><Data Name='Description'>Windows Problem Reporting</Data><Data Name='Product'>Microsoft® Windows® Operating System</Data><Data Name='Company'>Microsoft Corporation</Data><Data Name='OriginalFileName'>WerFault.exe</Data><Data Name='CommandLine'>C:\Windows\SysWOW64\WerFault.exe -pss -s 552 -p 6804 -ip 6804</Data><Data Name='CurrentDirectory'>C:\Windows\system32\</Data><Data Name='User'>NT AUTHORITY\SYSTEM</Data><Data Name='LogonGuid'>{5d3d98af-2633-5ec2-0000-0020e7030000}</Data><Data Name='LogonId'>0x3e7</Data><Data Name='TerminalSessionId'>0</Data><Data Name='IntegrityLevel'>System</Data><Data Name='Hashes'>MD5=28D356B668C66115EA55135D24EEFB2C,SHA256=E2556491F0F158EA8BB39C4CC3008078E37E62BB49B0B886C407BEBDC1445704,IMPHASH=9E07A4F14570AE1BDBBD03FA6F676574</Data><Data Name='ParentProcessGuid'>{5d3d98af-2b77-5ec2-0000-001092063c00}</Data><Data Name='ParentProcessId'>3604</Data><Data Name='ParentImage'>C:\Windows\System32\svchost.exe</Data><Data Name='ParentCommandLine'>C:\Windows\System32\svchost.exe -k WerSvcGroup</Data></EventData></Event><Event xmlns='http://schemas.microsoft.com/win/2004/08/events/event'><System><Provider Name='Microsoft-Windows-Sysmon' Guid='{5770385f-c22a-43e0-bf4c-06f5698ffbd9}'/><EventID>8</EventID><Version>2</Version><Level>4</Level><Task>8</Task><Opcode>0</Opcode><Keywords>0x8000000000000000</Keywords><TimeCreated SystemTime='2020-05-18T06:30:27.477629600Z'/><EventRecordID>2586</EventRecordID><Correlation/><Execution ProcessID='2848' ThreadID='3280'/><Channel>Microsoft-Windows-Sysmon/Operational</Channel><Computer>DESKTOP-P84STH6</Computer><Security UserID='S-1-5-18'/></System><EventData><Data Name='RuleName'></Data><Data Name='UtcTime'>2020-05-18 06:30:27.476</Data><Data Name='SourceProcessGuid'>{5d3d98af-2b83-5ec2-0000-001037d23c00}</Data><Data Name='SourceProcessId'>6804</Data><Data Name='SourceImage'>C:\Program Files (x86)\CartmansAuthoritah\SouthPark.exe</Data><Data Name='TargetProcessGuid'>{5d3d98af-2633-5ec2-0000-001082560000}</Data><Data Name='TargetProcessId'>536</Data><Data Name='TargetImage'>C:\Windows\System32\csrss.exe</Data><Data Name='NewThreadId'>4680</Data><Data Name='StartAddress'>0xFFFFF661C9312460</Data><Data Name='StartModule'></Data><Data Name='StartFunction'></Data></EventData></Event><Event xmlns='http://schemas.microsoft.com/win/2004/08/events/event'><System><Provider Name='Microsoft-Windows-Sysmon' Guid='{5770385f-c22a-43e0-bf4c-06f5698ffbd9}'/><EventID>1</EventID><Version>5</Version><Level>4</Level><Task>1</Task><Opcode>0</Opcode><Keywords>0x8000000000000000</Keywords><TimeCreated SystemTime='2020-05-18T06:30:27.108950100Z'/><EventRecordID>2585</EventRecordID><Correlation/><Execution ProcessID='2848' ThreadID='3280'/><Channel>Microsoft-Windows-Sysmon/Operational</Channel><Computer>DESKTOP-P84STH6</Computer><Security UserID='S-1-5-18'/></System><EventData><Data Name='RuleName'></Data><Data Name='UtcTime'>2020-05-18 06:30:27.104</Data><Data Name='ProcessGuid'>{5d3d98af-2b83-5ec2-0000-001037d23c00}</Data><Data Name='ProcessId'>6804</Data><Data Name='Image'>C:\Program Files (x86)\CartmansAuthoritah\SouthPark.exe</Data><Data Name='FileVersion'>?</Data><Data Name='Description'>?</Data><Data Name='Product'>?</Data><Data Name='Company'>?</Data><Data Name='OriginalFileName'>?</Data><Data Name='CommandLine'>southpark.exe 640 480 32</Data><Data Name='CurrentDirectory'>C:\Users\NS\Desktop\</Data><Data Name='User'>DESKTOP-P84STH6\NS</Data><Data Name='LogonGuid'>{5d3d98af-2638-5ec2-0000-0020adc30300}</Data><Data Name='LogonId'>0x3c3ad</Data><Data Name='TerminalSessionId'>1</Data><Data Name='IntegrityLevel'>Medium</Data><Data Name='Hashes'>MD5=8FD9C780787B8FF48E861745DC455737,SHA256=817D7A866AA8543CF30C004E6DF69279A8FD29C8D7C151750242F2CA1B42376B,IMPHASH=0B163CE4EC005227C1F3560EE967D6BF</Data><Data Name='ParentProcessGuid'>{5d3d98af-2b82-5ec2-0000-0010d3c43c00}</Data><Data Name='ParentProcessId'>7076</Data><Data Name='ParentImage'>C:\Program Files (x86)\CartmansAuthoritah\splaunch.exe</Data><Data Name='ParentCommandLine'>"C:\Program Files (x86)\CartmansAuthoritah\splaunch.exe" </Data></EventData></Event><Event xmlns='http://schemas.microsoft.com/win/2004/08/events/event'><System><Provider Name='Microsoft-Windows-Sysmon' Guid='{5770385f-c22a-43e0-bf4c-06f5698ffbd9}'/><EventID>1</EventID><Version>5</Version><Level>4</Level><Task>1</Task><Opcode>0</Opcode><Keywords>0x8000000000000000</Keywords><TimeCreated SystemTime='2020-05-18T06:30:26.152245100Z'/><EventRecordID>2584</EventRecordID><Correlation/><Execution ProcessID='2848' ThreadID='3280'/><Channel>Microsoft-Windows-Sysmon/Operational</Channel><Computer>DESKTOP-P84STH6</Computer><Security UserID='S-1-5-18'/></System><EventData><Data Name='RuleName'></Data><Data Name='UtcTime'>2020-05-18 06:30:26.148</Data><Data Name='ProcessGuid'>{5d3d98af-2b82-5ec2-0000-0010d3c43c00}</Data><Data Name='ProcessId'>7076</Data><Data Name='Image'>C:\Program Files (x86)\CartmansAuthoritah\splaunch.exe</Data><Data Name='FileVersion'>1, 0, 0, 1</Data><Data Name='Description'>splaunch MFC Application</Data><Data Name='Product'>splaunch Application</Data><Data Name='Company'></Data><Data Name='OriginalFileName'>splaunch.EXE</Data><Data Name='CommandLine'>"C:\Program Files (x86)\CartmansAuthoritah\splaunch.exe" </Data><Data Name='CurrentDirectory'>C:\Users\NS\Desktop\</Data><Data Name='User'>DESKTOP-P84STH6\NS</Data><Data Name='LogonGuid'>{5d3d98af-2638-5ec2-0000-0020adc30300}</Data><Data Name='LogonId'>0x3c3ad</Data><Data Name='TerminalSessionId'>1</Data><Data Name='IntegrityLevel'>Medium</Data><Data Name='Hashes'>MD5=F8B73C754B3E51B9B34D0245815F5266,SHA256=79EE81A65127EF147B669B441B16BB34E478E5C6E7DB1895359599094CBE1725,IMPHASH=E6E56AE719E9D9024A9EAD8BACE1A21F</Data><Data Name='ParentProcessGuid'>{5d3d98af-2639-5ec2-0000-0010ee6a0400}</Data><Data Name='ParentProcessId'>4220</Data><Data Name='ParentImage'>C:\Windows\explorer.exe</Data><Data Name='ParentCommandLine'>C:\Windows\Explorer.EXE</Data></EventData></Event><Event xmlns='http://schemas.microsoft.com/win/2004/08/events/event'><System><Provider Name='Microsoft-Windows-Sysmon' Guid='{5770385f-c22a-43e0-bf4c-06f5698ffbd9}'/><EventID>13</EventID><Version>2</Version><Level>4</Level><Task>13</Task><Opcode>0</Opcode><Keywords>0x8000000000000000</Keywords><TimeCreated SystemTime='2020-05-18T06:30:24.243711900Z'/><EventRecordID>2583</EventRecordID><Correlation/><Execution ProcessID='2848' ThreadID='3280'/><Channel>Microsoft-Windows-Sysmon/Operational</Channel><Computer>DESKTOP-P84STH6</Computer><Security UserID='S-1-5-18'/></System><EventData><Data Name='RuleName'>InvDB</Data><Data Name='EventType'>SetValue</Data><Data Name='UtcTime'>2020-05-18 06:30:24.241</Data><Data Name='ProcessGuid'>{5d3d98af-2858-5ec2-0000-001058342200}</Data><Data Name='ProcessId'>6980</Data><Data Name='Image'>C:\Windows\system32\svchost.exe</Data><Data Name='TargetObject'>HKU\S-1-5-21-223836497-1760142647-788189203-1001\Software\Microsoft\Windows NT\CurrentVersion\AppCompatFlags\Compatibility Assistant\Store\C:\Program Files (x86)\CartmansAuthoritah\splaunch.exe</Data><Data Name='Details'>Binary Data</Data></EventData></Event><Event xmlns='http://schemas.microsoft.com/win/2004/08/events/event'><System><Provider Name='Microsoft-Windows-Sysmon' Guid='{5770385f-c22a-43e0-bf4c-06f5698ffbd9}'/><EventID>8</EventID><Version>2</Version><Level>4</Level><Task>8</Task><Opcode>0</Opcode><Keywords>0x8000000000000000</Keywords><TimeCreated SystemTime='2020-05-18T06:30:24.129814700Z'/><EventRecordID>2582</EventRecordID><Correlation/><Execution ProcessID='2848' ThreadID='3280'/><Channel>Microsoft-Windows-Sysmon/Operational</Channel><Computer>DESKTOP-P84STH6</Computer><Security UserID='S-1-5-18'/></System><EventData><Data Name='RuleName'></Data><Data Name='UtcTime'>2020-05-18 06:30:24.118</Data><Data Name='SourceProcessGuid'>{5d3d98af-2b7e-5ec2-0000-0010945e3c00}</Data><Data Name='SourceProcessId'>1076</Data><Data Name='SourceImage'>C:\Program Files (x86)\CartmansAuthoritah\SouthPark.exe</Data><Data Name='TargetProcessGuid'>{5d3d98af-2633-5ec2-0000-001082560000}</Data><Data Name='TargetProcessId'>536</Data><Data Name='TargetImage'>C:\Windows\System32\csrss.exe</Data><Data Name='NewThreadId'>1424</Data><Data Name='StartAddress'>0xFFFFF661C9312460</Data><Data Name='StartModule'></Data><Data Name='StartFunction'></Data></EventData></Event><Event xmlns='http://schemas.microsoft.com/win/2004/08/events/event'><System><Provider Name='Microsoft-Windows-Sysmon' Guid='{5770385f-c22a-43e0-bf4c-06f5698ffbd9}'/><EventID>11</EventID><Version>2</Version><Level>4</Level><Task>11</Task><Opcode>0</Opcode><Keywords>0x8000000000000000</Keywords><TimeCreated SystemTime='2020-05-18T06:30:23.109681300Z'/><EventRecordID>2581</EventRecordID><Correlation/><Execution ProcessID='2848' ThreadID='3280'/><Channel>Microsoft-Windows-Sysmon/Operational</Channel><Computer>DESKTOP-P84STH6</Computer><Security UserID='S-1-5-18'/></System><EventData><Data Name='RuleName'></Data><Data Name='UtcTime'>2020-05-18 06:30:23.101</Data><Data Name='ProcessGuid'>{5d3d98af-2b7e-5ec2-0000-00103c8c3c00}</Data><Data Name='ProcessId'>452</Data><Data Name='Image'>C:\Windows\SysWOW64\WerFault.exe</Data><Data Name='TargetFilename'>C:\ProgramData\Microsoft\Windows\WER\Temp\WERF0D7.tmp.dmp</Data><Data Name='CreationUtcTime'>2020-05-18 06:30:23.101</Data></EventData></Event><Event xmlns='http://schemas.microsoft.com/win/2004/08/events/event'><System><Provider Name='Microsoft-Windows-Sysmon' Guid='{5770385f-c22a-43e0-bf4c-06f5698ffbd9}'/><EventID>11</EventID><Version>2</Version><Level>4</Level><Task>11</Task><Opcode>0</Opcode><Keywords>0x8000000000000000</Keywords><TimeCreated SystemTime='2020-05-18T06:30:23.109072000Z'/><EventRecordID>2580</EventRecordID><Correlation/><Execution ProcessID='2848' ThreadID='3280'/><Channel>Microsoft-Windows-Sysmon/Operational</Channel><Computer>DESKTOP-P84STH6</Computer><Security UserID='S-1-5-18'/></System><EventData><Data Name='RuleName'></Data><Data Name='UtcTime'>2020-05-18 06:30:23.101</Data><Data Name='ProcessGuid'>{5d3d98af-2b7e-5ec2-0000-00103c8c3c00}</Data><Data Name='ProcessId'>452</Data><Data Name='Image'>C:\Windows\SysWOW64\WerFault.exe</Data><Data Name='TargetFilename'>C:\ProgramData\Microsoft\Windows\WER\Temp\WERF0D7.tmp.dmp</Data><Data Name='CreationUtcTime'>2020-05-18 06:30:23.101</Data></EventData></Event><Event xmlns='http://schemas.microsoft.com/win/2004/08/events/event'><System><Provider Name='Microsoft-Windows-Sysmon' Guid='{5770385f-c22a-43e0-bf4c-06f5698ffbd9}'/><EventID>1</EventID><Version>5</Version><Level>4</Level><Task>1</Task><Opcode>0</Opcode><Keywords>0x8000000000000000</Keywords><TimeCreated SystemTime='2020-05-18T06:30:22.952647500Z'/><EventRecordID>2579</EventRecordID><Correlation/><Execution ProcessID='2848' ThreadID='3280'/><Channel>Microsoft-Windows-Sysmon/Operational</Channel><Computer>DESKTOP-P84STH6</Computer><Security UserID='S-1-5-18'/></System><EventData><Data Name='RuleName'></Data><Data Name='UtcTime'>2020-05-18 06:30:22.950</Data><Data Name='ProcessGuid'>{5d3d98af-2b7e-5ec2-0000-00103c8c3c00}</Data><Data Name='ProcessId'>452</Data><Data Name='Image'>C:\Windows\SysWOW64\WerFault.exe</Data><Data Name='FileVersion'>10.0.18362.418 (WinBuild.160101.0800)</Data><Data Name='Description'>Windows Problem Reporting</Data><Data Name='Product'>Microsoft® Windows® Operating System</Data><Data Name='Company'>Microsoft Corporation</Data><Data Name='OriginalFileName'>WerFault.exe</Data><Data Name='CommandLine'>C:\Windows\SysWOW64\WerFault.exe -u -p 1076 -s 1456</Data><Data Name='CurrentDirectory'>C:\Windows\system32\</Data><Data Name='User'>DESKTOP-P84STH6\NS</Data><Data Name='LogonGuid'>{5d3d98af-2638-5ec2-0000-0020adc30300}</Data><Data Name='LogonId'>0x3c3ad</Data><Data Name='TerminalSessionId'>1</Data><Data Name='IntegrityLevel'>Medium</Data><Data Name='Hashes'>MD5=28D356B668C66115EA55135D24EEFB2C,SHA256=E2556491F0F158EA8BB39C4CC3008078E37E62BB49B0B886C407BEBDC1445704,IMPHASH=9E07A4F14570AE1BDBBD03FA6F676574</Data><Data Name='ParentProcessGuid'>{5d3d98af-2b7e-5ec2-0000-0010945e3c00}</Data><Data Name='ParentProcessId'>1076</Data><Data Name='ParentImage'>C:\Program Files (x86)\CartmansAuthoritah\SouthPark.exe</Data><Data Name='ParentCommandLine'>southpark.exe 640 480 32</Data></EventData></Event><Event xmlns='http://schemas.microsoft.com/win/2004/08/events/event'><System><Provider Name='Microsoft-Windows-Sysmon' Guid='{5770385f-c22a-43e0-bf4c-06f5698ffbd9}'/><EventID>1</EventID><Version>5</Version><Level>4</Level><Task>1</Task><Opcode>0</Opcode><Keywords>0x8000000000000000</Keywords><TimeCreated SystemTime='2020-05-18T06:30:22.895827400Z'/><EventRecordID>2578</EventRecordID><Correlation/><Execution ProcessID='2848' ThreadID='3280'/><Channel>Microsoft-Windows-Sysmon/Operational</Channel><Computer>DESKTOP-P84STH6</Computer><Security UserID='S-1-5-18'/></System><EventData><Data Name='RuleName'></Data><Data Name='UtcTime'>2020-05-18 06:30:22.892</Data><Data Name='ProcessGuid'>{5d3d98af-2b7e-5ec2-0000-0010ee853c00}</Data><Data Name='ProcessId'>5136</Data><Data Name='Image'>C:\Windows\SysWOW64\WerFault.exe</Data><Data Name='FileVersion'>10.0.18362.418 (WinBuild.160101.0800)</Data><Data Name='Description'>Windows Problem Reporting</Data><Data Name='Product'>Microsoft® Windows® Operating System</Data><Data Name='Company'>Microsoft Corporation</Data><Data Name='OriginalFileName'>WerFault.exe</Data><Data Name='CommandLine'>C:\Windows\SysWOW64\WerFault.exe -pss -s 572 -p 1076 -ip 1076</Data><Data Name='CurrentDirectory'>C:\Windows\system32\</Data><Data Name='User'>NT AUTHORITY\SYSTEM</Data><Data Name='LogonGuid'>{5d3d98af-2633-5ec2-0000-0020e7030000}</Data><Data Name='LogonId'>0x3e7</Data><Data Name='TerminalSessionId'>0</Data><Data Name='IntegrityLevel'>System</Data><Data Name='Hashes'>MD5=28D356B668C66115EA55135D24EEFB2C,SHA256=E2556491F0F158EA8BB39C4CC3008078E37E62BB49B0B886C407BEBDC1445704,IMPHASH=9E07A4F14570AE1BDBBD03FA6F676574</Data><Data Name='ParentProcessGuid'>{5d3d98af-2b77-5ec2-0000-001092063c00}</Data><Data Name='ParentProcessId'>3604</Data><Data Name='ParentImage'>C:\Windows\System32\svchost.exe</Data><Data Name='ParentCommandLine'>C:\Windows\System32\svchost.exe -k WerSvcGroup</Data></EventData></Event><Event xmlns='http://schemas.microsoft.com/win/2004/08/events/event'><System><Provider Name='Microsoft-Windows-Sysmon' Guid='{5770385f-c22a-43e0-bf4c-06f5698ffbd9}'/><EventID>8</EventID><Version>2</Version><Level>4</Level><Task>8</Task><Opcode>0</Opcode><Keywords>0x8000000000000000</Keywords><TimeCreated SystemTime='2020-05-18T06:30:22.663128800Z'/><EventRecordID>2577</EventRecordID><Correlation/><Execution ProcessID='2848' ThreadID='3280'/><Channel>Microsoft-Windows-Sysmon/Operational</Channel><Computer>DESKTOP-P84STH6</Computer><Security UserID='S-1-5-18'/></System><EventData><Data Name='RuleName'></Data><Data Name='UtcTime'>2020-05-18 06:30:22.662</Data><Data Name='SourceProcessGuid'>{5d3d98af-2b7e-5ec2-0000-0010945e3c00}</Data><Data Name='SourceProcessId'>1076</Data><Data Name='SourceImage'>C:\Program Files (x86)\CartmansAuthoritah\SouthPark.exe</Data><Data Name='TargetProcessGuid'>{5d3d98af-2633-5ec2-0000-001082560000}</Data><Data Name='TargetProcessId'>536</Data><Data Name='TargetImage'>C:\Windows\System32\csrss.exe</Data><Data Name='NewThreadId'>4620</Data><Data Name='StartAddress'>0xFFFFF661C9312460</Data><Data Name='StartModule'></Data><Data Name='StartFunction'></Data></EventData></Event><Event xmlns='http://schemas.microsoft.com/win/2004/08/events/event'><System><Provider Name='Microsoft-Windows-Sysmon' Guid='{5770385f-c22a-43e0-bf4c-06f5698ffbd9}'/><EventID>1</EventID><Version>5</Version><Level>4</Level><Task>1</Task><Opcode>0</Opcode><Keywords>0x8000000000000000</Keywords><TimeCreated SystemTime='2020-05-18T06:30:22.311793700Z'/><EventRecordID>2576</EventRecordID><Correlation/><Execution ProcessID='2848' ThreadID='3280'/><Channel>Microsoft-Windows-Sysmon/Operational</Channel><Computer>DESKTOP-P84STH6</Computer><Security UserID='S-1-5-18'/></System><EventData><Data Name='RuleName'></Data><Data Name='UtcTime'>2020-05-18 06:30:22.307</Data><Data Name='ProcessGuid'>{5d3d98af-2b7e-5ec2-0000-0010945e3c00}</Data><Data Name='ProcessId'>1076</Data><Data Name='Image'>C:\Program Files (x86)\CartmansAuthoritah\SouthPark.exe</Data><Data Name='FileVersion'>?</Data><Data Name='Description'>?</Data><Data Name='Product'>?</Data><Data Name='Company'>?</Data><Data Name='OriginalFileName'>?</Data><Data Name='CommandLine'>southpark.exe 640 480 32</Data><Data Name='CurrentDirectory'>C:\Users\NS\Desktop\</Data><Data Name='User'>DESKTOP-P84STH6\NS</Data><Data Name='LogonGuid'>{5d3d98af-2638-5ec2-0000-0020adc30300}</Data><Data Name='LogonId'>0x3c3ad</Data><Data Name='TerminalSessionId'>1</Data><Data Name='IntegrityLevel'>Medium</Data><Data Name='Hashes'>MD5=8FD9C780787B8FF48E861745DC455737,SHA256=817D7A866AA8543CF30C004E6DF69279A8FD29C8D7C151750242F2CA1B42376B,IMPHASH=0B163CE4EC005227C1F3560EE967D6BF</Data><Data Name='ParentProcessGuid'>{5d3d98af-2b7d-5ec2-0000-0010eb503c00}</Data><Data Name='ParentProcessId'>2624</Data><Data Name='ParentImage'>C:\Program Files (x86)\CartmansAuthoritah\splaunch.exe</Data><Data Name='ParentCommandLine'>"C:\Program Files (x86)\CartmansAuthoritah\splaunch.exe" </Data></EventData></Event><Event xmlns='http://schemas.microsoft.com/win/2004/08/events/event'><System><Provider Name='Microsoft-Windows-Sysmon' Guid='{5770385f-c22a-43e0-bf4c-06f5698ffbd9}'/><EventID>1</EventID><Version>5</Version><Level>4</Level><Task>1</Task><Opcode>0</Opcode><Keywords>0x8000000000000000</Keywords><TimeCreated SystemTime='2020-05-18T06:30:21.124533800Z'/><EventRecordID>2575</EventRecordID><Correlation/><Execution ProcessID='2848' ThreadID='3280'/><Channel>Microsoft-Windows-Sysmon/Operational</Channel><Computer>DESKTOP-P84STH6</Computer><Security UserID='S-1-5-18'/></System><EventData><Data Name='RuleName'></Data><Data Name='UtcTime'>2020-05-18 06:30:21.118</Data><Data Name='ProcessGuid'>{5d3d98af-2b7d-5ec2-0000-0010eb503c00}</Data><Data Name='ProcessId'>2624</Data><Data Name='Image'>C:\Program Files (x86)\CartmansAuthoritah\splaunch.exe</Data><Data Name='FileVersion'>1, 0, 0, 1</Data><Data Name='Description'>splaunch MFC Application</Data><Data Name='Product'>splaunch Application</Data><Data Name='Company'></Data><Data Name='OriginalFileName'>splaunch.EXE</Data><Data Name='CommandLine'>"C:\Program Files (x86)\CartmansAuthoritah\splaunch.exe" </Data><Data Name='CurrentDirectory'>C:\Users\NS\Desktop\</Data><Data Name='User'>DESKTOP-P84STH6\NS</Data><Data Name='LogonGuid'>{5d3d98af-2638-5ec2-0000-0020adc30300}</Data><Data Name='LogonId'>0x3c3ad</Data><Data Name='TerminalSessionId'>1</Data><Data Name='IntegrityLevel'>Medium</Data><Data Name='Hashes'>MD5=F8B73C754B3E51B9B34D0245815F5266,SHA256=79EE81A65127EF147B669B441B16BB34E478E5C6E7DB1895359599094CBE1725,IMPHASH=E6E56AE719E9D9024A9EAD8BACE1A21F</Data><Data Name='ParentProcessGuid'>{5d3d98af-2639-5ec2-0000-0010ee6a0400}</Data><Data Name='ParentProcessId'>4220</Data><Data Name='ParentImage'>C:\Windows\explorer.exe</Data><Data Name='ParentCommandLine'>C:\Windows\Explorer.EXE</Data></EventData></Event><Event xmlns='http://schemas.microsoft.com/win/2004/08/events/event'><System><Provider Name='Microsoft-Windows-Sysmon' Guid='{5770385f-c22a-43e0-bf4c-06f5698ffbd9}'/><EventID>8</EventID><Version>2</Version><Level>4</Level><Task>8</Task><Opcode>0</Opcode><Keywords>0x8000000000000000</Keywords><TimeCreated SystemTime='2020-05-18T06:30:16.795213900Z'/><EventRecordID>2574</EventRecordID><Correlation/><Execution ProcessID='2848' ThreadID='3280'/><Channel>Microsoft-Windows-Sysmon/Operational</Channel><Computer>DESKTOP-P84STH6</Computer><Security UserID='S-1-5-18'/></System><EventData><Data Name='RuleName'></Data><Data Name='UtcTime'>2020-05-18 06:30:16.788</Data><Data Name='SourceProcessGuid'>{5d3d98af-2b76-5ec2-0000-00102bdf3b00}</Data><Data Name='SourceProcessId'>1020</Data><Data Name='SourceImage'>C:\Program Files (x86)\CartmansAuthoritah\SouthPark.exe</Data><Data Name='TargetProcessGuid'>{5d3d98af-2633-5ec2-0000-001082560000}</Data><Data Name='TargetProcessId'>536</Data><Data Name='TargetImage'>C:\Windows\System32\csrss.exe</Data><Data Name='NewThreadId'>6924</Data><Data Name='StartAddress'>0xFFFFF661C9312460</Data><Data Name='StartModule'></Data><Data Name='StartFunction'></Data></EventData></Event><Event xmlns='http://schemas.microsoft.com/win/2004/08/events/event'><System><Provider Name='Microsoft-Windows-Sysmon' Guid='{5770385f-c22a-43e0-bf4c-06f5698ffbd9}'/><EventID>13</EventID><Version>2</Version><Level>4</Level><Task>13</Task><Opcode>0</Opcode><Keywords>0x8000000000000000</Keywords><TimeCreated SystemTime='2020-05-18T06:30:15.777675900Z'/><EventRecordID>2573</EventRecordID><Correlation/><Execution ProcessID='2848' ThreadID='3280'/><Channel>Microsoft-Windows-Sysmon/Operational</Channel><Computer>DESKTOP-P84STH6</Computer><Security UserID='S-1-5-18'/></System><EventData><Data Name='RuleName'>InvDB-Ver</Data><Data Name='EventType'>SetValue</Data><Data Name='UtcTime'>2020-05-18 06:30:15.773</Data><Data Name='ProcessGuid'>{5d3d98af-2635-5ec2-0000-001036ce0100}</Data><Data Name='ProcessId'>2772</Data><Data Name='Image'>C:\Windows\System32\svchost.exe</Data><Data Name='TargetObject'>\REGISTRY\A\{31893b35-16f4-3d9c-aedb-3af3cae957af}\Root\InventoryApplicationFile\werfault.exe|f2c0ce2d9147b6b4\BinProductVersion</Data><Data Name='Details'>10.0.18362.418</Data></EventData></Event><Event xmlns='http://schemas.microsoft.com/win/2004/08/events/event'><System><Provider Name='Microsoft-Windows-Sysmon' Guid='{5770385f-c22a-43e0-bf4c-06f5698ffbd9}'/><EventID>13</EventID><Version>2</Version><Level>4</Level><Task>13</Task><Opcode>0</Opcode><Keywords>0x8000000000000000</Keywords><TimeCreated SystemTime='2020-05-18T06:30:15.777161600Z'/><EventRecordID>2572</EventRecordID><Correlation/><Execution ProcessID='2848' ThreadID='3280'/><Channel>Microsoft-Windows-Sysmon/Operational</Channel><Computer>DESKTOP-P84STH6</Computer><Security UserID='S-1-5-18'/></System><EventData><Data Name='RuleName'>InvDB-CompileTimeClaim</Data><Data Name='EventType'>SetValue</Data><Data Name='UtcTime'>2020-05-18 06:30:15.773</Data><Data Name='ProcessGuid'>{5d3d98af-2635-5ec2-0000-001036ce0100}</Data><Data Name='ProcessId'>2772</Data><Data Name='Image'>C:\Windows\System32\svchost.exe</Data><Data Name='TargetObject'>\REGISTRY\A\{31893b35-16f4-3d9c-aedb-3af3cae957af}\Root\InventoryApplicationFile\werfault.exe|f2c0ce2d9147b6b4\LinkDate</Data><Data Name='Details'>07/05/2077 16:35:20</Data></EventData></Event><Event xmlns='http://schemas.microsoft.com/win/2004/08/events/event'><System><Provider Name='Microsoft-Windows-Sysmon' Guid='{5770385f-c22a-43e0-bf4c-06f5698ffbd9}'/><EventID>13</EventID><Version>2</Version><Level>4</Level><Task>13</Task><Opcode>0</Opcode><Keywords>0x8000000000000000</Keywords><TimeCreated SystemTime='2020-05-18T06:30:15.775028800Z'/><EventRecordID>2571</EventRecordID><Correlation/><Execution ProcessID='2848' ThreadID='3280'/><Channel>Microsoft-Windows-Sysmon/Operational</Channel><Computer>DESKTOP-P84STH6</Computer><Security UserID='S-1-5-18'/></System><EventData><Data Name='RuleName'>InvDB-Pub</Data><Data Name='EventType'>SetValue</Data><Data Name='UtcTime'>2020-05-18 06:30:15.772</Data><Data Name='ProcessGuid'>{5d3d98af-2635-5ec2-0000-001036ce0100}</Data><Data Name='ProcessId'>2772</Data><Data Name='Image'>C:\Windows\System32\svchost.exe</Data><Data Name='TargetObject'>\REGISTRY\A\{31893b35-16f4-3d9c-aedb-3af3cae957af}\Root\InventoryApplicationFile\werfault.exe|f2c0ce2d9147b6b4\Publisher</Data><Data Name='Details'>microsoft corporation</Data></EventData></Event><Event xmlns='http://schemas.microsoft.com/win/2004/08/events/event'><System><Provider Name='Microsoft-Windows-Sysmon' Guid='{5770385f-c22a-43e0-bf4c-06f5698ffbd9}'/><EventID>13</EventID><Version>2</Version><Level>4</Level><Task>13</Task><Opcode>0</Opcode><Keywords>0x8000000000000000</Keywords><TimeCreated SystemTime='2020-05-18T06:30:15.774097000Z'/><EventRecordID>2570</EventRecordID><Correlation/><Execution ProcessID='2848' ThreadID='3280'/><Channel>Microsoft-Windows-Sysmon/Operational</Channel><Computer>DESKTOP-P84STH6</Computer><Security UserID='S-1-5-18'/></System><EventData><Data Name='RuleName'>InvDB-Path</Data><Data Name='EventType'>SetValue</Data><Data Name='UtcTime'>2020-05-18 06:30:15.772</Data><Data Name='ProcessGuid'>{5d3d98af-2635-5ec2-0000-001036ce0100}</Data><Data Name='ProcessId'>2772</Data><Data Name='Image'>C:\Windows\System32\svchost.exe</Data><Data Name='TargetObject'>\REGISTRY\A\{31893b35-16f4-3d9c-aedb-3af3cae957af}\Root\InventoryApplicationFile\werfault.exe|f2c0ce2d9147b6b4\LowerCaseLongPath</Data><Data Name='Details'>c:\windows\syswow64\werfault.exe</Data></EventData></Event><Event xmlns='http://schemas.microsoft.com/win/2004/08/events/event'><System><Provider Name='Microsoft-Windows-Sysmon' Guid='{5770385f-c22a-43e0-bf4c-06f5698ffbd9}'/><EventID>11</EventID><Version>2</Version><Level>4</Level><Task>11</Task><Opcode>0</Opcode><Keywords>0x8000000000000000</Keywords><TimeCreated SystemTime='2020-05-18T06:30:15.500933100Z'/><EventRecordID>2569</EventRecordID><Correlation/><Execution ProcessID='2848' ThreadID='3280'/><Channel>Microsoft-Windows-Sysmon/Operational</Channel><Computer>DESKTOP-P84STH6</Computer><Security UserID='S-1-5-18'/></System><EventData><Data Name='RuleName'></Data><Data Name='UtcTime'>2020-05-18 06:30:15.492</Data><Data Name='ProcessGuid'>{5d3d98af-2b77-5ec2-0000-001061123c00}</Data><Data Name='ProcessId'>1336</Data><Data Name='Image'>C:\Windows\SysWOW64\WerFault.exe</Data><Data Name='TargetFilename'>C:\ProgramData\Microsoft\Windows\WER\Temp\WERD31D.tmp.dmp</Data><Data Name='CreationUtcTime'>2020-05-18 06:30:15.492</Data></EventData></Event><Event xmlns='http://schemas.microsoft.com/win/2004/08/events/event'><System><Provider Name='Microsoft-Windows-Sysmon' Guid='{5770385f-c22a-43e0-bf4c-06f5698ffbd9}'/><EventID>11</EventID><Version>2</Version><Level>4</Level><Task>11</Task><Opcode>0</Opcode><Keywords>0x8000000000000000</Keywords><TimeCreated SystemTime='2020-05-18T06:30:15.500523800Z'/><EventRecordID>2568</EventRecordID><Correlation/><Execution ProcessID='2848' ThreadID='3280'/><Channel>Microsoft-Windows-Sysmon/Operational</Channel><Computer>DESKTOP-P84STH6</Computer><Security UserID='S-1-5-18'/></System><EventData><Data Name='RuleName'></Data><Data Name='UtcTime'>2020-05-18 06:30:15.492</Data><Data Name='ProcessGuid'>{5d3d98af-2b77-5ec2-0000-001061123c00}</Data><Data Name='ProcessId'>1336</Data><Data Name='Image'>C:\Windows\SysWOW64\WerFault.exe</Data><Data Name='TargetFilename'>C:\ProgramData\Microsoft\Windows\WER\Temp\WERD31D.tmp.dmp</Data><Data Name='CreationUtcTime'>2020-05-18 06:30:15.492</Data></EventData></Event><Event xmlns='http://schemas.microsoft.com/win/2004/08/events/event'><System><Provider Name='Microsoft-Windows-Sysmon' Guid='{5770385f-c22a-43e0-bf4c-06f5698ffbd9}'/><EventID>1</EventID><Version>5</Version><Level>4</Level><Task>1</Task><Opcode>0</Opcode><Keywords>0x8000000000000000</Keywords><TimeCreated SystemTime='2020-05-18T06:30:15.279753200Z'/><EventRecordID>2567</EventRecordID><Correlation/><Execution ProcessID='2848' ThreadID='3280'/><Channel>Microsoft-Windows-Sysmon/Operational</Channel><Computer>DESKTOP-P84STH6</Computer><Security UserID='S-1-5-18'/></System><EventData><Data Name='RuleName'></Data><Data Name='UtcTime'>2020-05-18 06:30:15.277</Data><Data Name='ProcessGuid'>{5d3d98af-2b77-5ec2-0000-001061123c00}</Data><Data Name='ProcessId'>1336</Data><Data Name='Image'>C:\Windows\SysWOW64\WerFault.exe</Data><Data Name='FileVersion'>10.0.18362.418 (WinBuild.160101.0800)</Data><Data Name='Description'>Windows Problem Reporting</Data><Data Name='Product'>Microsoft® Windows® Operating System</Data><Data Name='Company'>Microsoft Corporation</Data><Data Name='OriginalFileName'>WerFault.exe</Data><Data Name='CommandLine'>C:\Windows\SysWOW64\WerFault.exe -u -p 1020 -s 1504</Data><Data Name='CurrentDirectory'>C:\Windows\system32\</Data><Data Name='User'>DESKTOP-P84STH6\NS</Data><Data Name='LogonGuid'>{5d3d98af-2638-5ec2-0000-0020adc30300}</Data><Data Name='LogonId'>0x3c3ad</Data><Data Name='TerminalSessionId'>1</Data><Data Name='IntegrityLevel'>Medium</Data><Data Name='Hashes'>MD5=28D356B668C66115EA55135D24EEFB2C,SHA256=E2556491F0F158EA8BB39C4CC3008078E37E62BB49B0B886C407BEBDC1445704,IMPHASH=9E07A4F14570AE1BDBBD03FA6F676574</Data><Data Name='ParentProcessGuid'>{5d3d98af-2b76-5ec2-0000-00102bdf3b00}</Data><Data Name='ParentProcessId'>1020</Data><Data Name='ParentImage'>C:\Program Files (x86)\CartmansAuthoritah\SouthPark.exe</Data><Data Name='ParentCommandLine'>southpark.exe 640 480 32</Data></EventData></Event><Event xmlns='http://schemas.microsoft.com/win/2004/08/events/event'><System><Provider Name='Microsoft-Windows-Sysmon' Guid='{5770385f-c22a-43e0-bf4c-06f5698ffbd9}'/><EventID>1</EventID><Version>5</Version><Level>4</Level><Task>1</Task><Opcode>0</Opcode><Keywords>0x8000000000000000</Keywords><TimeCreated SystemTime='2020-05-18T06:30:15.194976100Z'/><EventRecordID>2566</EventRecordID><Correlation/><Execution ProcessID='2848' ThreadID='3280'/><Channel>Microsoft-Windows-Sysmon/Operational</Channel><Computer>DESKTOP-P84STH6</Computer><Security UserID='S-1-5-18'/></System><EventData><Data Name='RuleName'></Data><Data Name='UtcTime'>2020-05-18 06:30:15.185</Data><Data Name='ProcessGuid'>{5d3d98af-2b77-5ec2-0000-0010910b3c00}</Data><Data Name='ProcessId'>788</Data><Data Name='Image'>C:\Windows\SysWOW64\WerFault.exe</Data><Data Name='FileVersion'>10.0.18362.418 (WinBuild.160101.0800)</Data><Data Name='Description'>Windows Problem Reporting</Data><Data Name='Product'>Microsoft® Windows® Operating System</Data><Data Name='Company'>Microsoft Corporation</Data><Data Name='OriginalFileName'>WerFault.exe</Data><Data Name='CommandLine'>C:\Windows\SysWOW64\WerFault.exe -pss -s 184 -p 1020 -ip 1020</Data><Data Name='CurrentDirectory'>C:\Windows\system32\</Data><Data Name='User'>NT AUTHORITY\SYSTEM</Data><Data Name='LogonGuid'>{5d3d98af-2633-5ec2-0000-0020e7030000}</Data><Data Name='LogonId'>0x3e7</Data><Data Name='TerminalSessionId'>0</Data><Data Name='IntegrityLevel'>System</Data><Data Name='Hashes'>MD5=28D356B668C66115EA55135D24EEFB2C,SHA256=E2556491F0F158EA8BB39C4CC3008078E37E62BB49B0B886C407BEBDC1445704,IMPHASH=9E07A4F14570AE1BDBBD03FA6F676574</Data><Data Name='ParentProcessGuid'>{5d3d98af-2b77-5ec2-0000-001092063c00}</Data><Data Name='ParentProcessId'>3604</Data><Data Name='ParentImage'>C:\Windows\System32\svchost.exe</Data><Data Name='ParentCommandLine'>C:\Windows\System32\svchost.exe -k WerSvcGroup</Data></EventData></Event><Event xmlns='http://schemas.microsoft.com/win/2004/08/events/event'><System><Provider Name='Microsoft-Windows-Sysmon' Guid='{5770385f-c22a-43e0-bf4c-06f5698ffbd9}'/><EventID>8</EventID><Version>2</Version><Level>4</Level><Task>8</Task><Opcode>0</Opcode><Keywords>0x8000000000000000</Keywords><TimeCreated SystemTime='2020-05-18T06:30:14.771859500Z'/><EventRecordID>2565</EventRecordID><Correlation/><Execution ProcessID='2848' ThreadID='3280'/><Channel>Microsoft-Windows-Sysmon/Operational</Channel><Computer>DESKTOP-P84STH6</Computer><Security UserID='S-1-5-18'/></System><EventData><Data Name='RuleName'></Data><Data Name='UtcTime'>2020-05-18 06:30:14.757</Data><Data Name='SourceProcessGuid'>{5d3d98af-2b76-5ec2-0000-00102bdf3b00}</Data><Data Name='SourceProcessId'>1020</Data><Data Name='SourceImage'>C:\Program Files (x86)\CartmansAuthoritah\SouthPark.exe</Data><Data Name='TargetProcessGuid'>{5d3d98af-2633-5ec2-0000-001082560000}</Data><Data Name='TargetProcessId'>536</Data><Data Name='TargetImage'>C:\Windows\System32\csrss.exe</Data><Data Name='NewThreadId'>5724</Data><Data Name='StartAddress'>0xFFFFF661C9312460</Data><Data Name='StartModule'></Data><Data Name='StartFunction'></Data></EventData></Event>