<Event xmlns='http://schemas.microsoft.com/win/2004/08/events/event'><System><Provider Name='Microsoft-Windows-Sysmon' Guid='{5770385f-c22a-43e0-bf4c-06f5698ffbd9}'/><EventID>22</EventID><Version>5</Version><Level>4</Level><Task>22</Task><Opcode>0</Opcode><Keywords>0x8000000000000000</Keywords><TimeCreated SystemTime='2020-05-18T06:21:37.694814600Z'/><EventRecordID>2527</EventRecordID><Correlation/><Execution ProcessID='2848' ThreadID='3264'/><Channel>Microsoft-Windows-Sysmon/Operational</Channel><Computer>DESKTOP-P84STH6</Computer><Security UserID='S-1-5-18'/></System><EventData><Data Name='RuleName'></Data><Data Name='UtcTime'>2020-05-18 06:21:31.761</Data><Data Name='ProcessGuid'>{5d3d98af-263e-5ec2-0000-0010ba8b0600}</Data><Data Name='ProcessId'>6080</Data><Data Name='QueryName'>tags.bluekai.com</Data><Data Name='QueryStatus'>0</Data><Data Name='QueryResults'>type:  5 tags.bluekai.com.edgekey.net;type:  5 e13541.x.akamaiedge.net;::ffff:104.94.50.51;88.221.81.192;2600:1480:e800::c0;203.211.2.181;203.211.2.212;203.211.2.204;203.211.2.191;203.211.5.23;203.211.2.231;203.211.5.45;</Data><Data Name='Image'>C:\Windows\System32\MicrosoftEdgeCP.exe</Data></EventData></Event><Event xmlns='http://schemas.microsoft.com/win/2004/08/events/event'><System><Provider Name='Microsoft-Windows-Sysmon' Guid='{5770385f-c22a-43e0-bf4c-06f5698ffbd9}'/><EventID>22</EventID><Version>5</Version><Level>4</Level><Task>22</Task><Opcode>0</Opcode><Keywords>0x8000000000000000</Keywords><TimeCreated SystemTime='2020-05-18T06:21:37.694499800Z'/><EventRecordID>2526</EventRecordID><Correlation/><Execution ProcessID='2848' ThreadID='3264'/><Channel>Microsoft-Windows-Sysmon/Operational</Channel><Computer>DESKTOP-P84STH6</Computer><Security UserID='S-1-5-18'/></System><EventData><Data Name='RuleName'></Data><Data Name='UtcTime'>2020-05-18 06:21:31.718</Data><Data Name='ProcessGuid'>{5d3d98af-263e-5ec2-0000-0010ba8b0600}</Data><Data Name='ProcessId'>6080</Data><Data Name='QueryName'>bing.com</Data><Data Name='QueryStatus'>0</Data><Data Name='QueryResults'>::ffff:204.79.197.200;::ffff:13.107.21.200;198.51.44.9;2620:4d:4000:6259:7::9;198.51.45.9;2a00:edc0:6259:7::9;198.51.44.73;2620:4d:4000:6259:7::90;198.51.45.73;2a00:edc0:6259:7::90;64.4.48.204;2620:1ec:8ec::cc;</Data><Data Name='Image'>C:\Windows\System32\MicrosoftEdgeCP.exe</Data></EventData></Event><Event xmlns='http://schemas.microsoft.com/win/2004/08/events/event'><System><Provider Name='Microsoft-Windows-Sysmon' Guid='{5770385f-c22a-43e0-bf4c-06f5698ffbd9}'/><EventID>22</EventID><Version>5</Version><Level>4</Level><Task>22</Task><Opcode>0</Opcode><Keywords>0x8000000000000000</Keywords><TimeCreated SystemTime='2020-05-18T06:21:37.694193300Z'/><EventRecordID>2525</EventRecordID><Correlation/><Execution ProcessID='2848' ThreadID='3264'/><Channel>Microsoft-Windows-Sysmon/Operational</Channel><Computer>DESKTOP-P84STH6</Computer><Security UserID='S-1-5-18'/></System><EventData><Data Name='RuleName'></Data><Data Name='UtcTime'>2020-05-18 06:21:31.670</Data><Data Name='ProcessGuid'>{5d3d98af-263e-5ec2-0000-0010ba8b0600}</Data><Data Name='ProcessId'>6080</Data><Data Name='QueryName'>img-s-msn-com.akamaized.net</Data><Data Name='QueryStatus'>0</Data><Data Name='QueryResults'>type:  5 a1834.dspg2.akamai.net;::ffff:163.28.5.9;::ffff:163.28.5.25;163.28.5.29;104.116.243.78;104.116.243.158;60.199.191.28;</Data><Data Name='Image'>C:\Windows\System32\MicrosoftEdgeCP.exe</Data></EventData></Event><Event xmlns='http://schemas.microsoft.com/win/2004/08/events/event'><System><Provider Name='Microsoft-Windows-Sysmon' Guid='{5770385f-c22a-43e0-bf4c-06f5698ffbd9}'/><EventID>22</EventID><Version>5</Version><Level>4</Level><Task>22</Task><Opcode>0</Opcode><Keywords>0x8000000000000000</Keywords><TimeCreated SystemTime='2020-05-18T06:21:37.693973200Z'/><EventRecordID>2524</EventRecordID><Correlation/><Execution ProcessID='2848' ThreadID='3264'/><Channel>Microsoft-Windows-Sysmon/Operational</Channel><Computer>DESKTOP-P84STH6</Computer><Security UserID='S-1-5-18'/></System><EventData><Data Name='RuleName'></Data><Data Name='UtcTime'>2020-05-18 06:21:31.668</Data><Data Name='ProcessGuid'>{5d3d98af-263e-5ec2-0000-0010ba8b0600}</Data><Data Name='ProcessId'>6080</Data><Data Name='QueryName'>static-spartan-eas-s-msn-com.akamaized.net</Data><Data Name='QueryStatus'>0</Data><Data Name='QueryResults'>type:  5 a1784.g2.akamai.net;::ffff:163.28.5.34;::ffff:163.28.5.27;88.221.81.192;2600:1480:e800::c0;163.28.5.29;104.116.243.157;60.199.191.29;104.116.243.78;104.116.243.148;104.116.243.158;60.199.191.28;</Data><Data Name='Image'>C:\Windows\System32\MicrosoftEdgeCP.exe</Data></EventData></Event><Event xmlns='http://schemas.microsoft.com/win/2004/08/events/event'><System><Provider Name='Microsoft-Windows-Sysmon' Guid='{5770385f-c22a-43e0-bf4c-06f5698ffbd9}'/><EventID>1</EventID><Version>5</Version><Level>4</Level><Task>1</Task><Opcode>0</Opcode><Keywords>0x8000000000000000</Keywords><TimeCreated SystemTime='2020-05-18T06:21:06.859855100Z'/><EventRecordID>2523</EventRecordID><Correlation/><Execution ProcessID='2848' ThreadID='3280'/><Channel>Microsoft-Windows-Sysmon/Operational</Channel><Computer>DESKTOP-P84STH6</Computer><Security UserID='S-1-5-18'/></System><EventData><Data Name='RuleName'></Data><Data Name='UtcTime'>2020-05-18 06:21:06.855</Data><Data Name='ProcessGuid'>{5d3d98af-2952-5ec2-0000-001043bb2e00}</Data><Data Name='ProcessId'>7080</Data><Data Name='Image'>C:\Program Files\Wireshark\dumpcap.exe</Data><Data Name='FileVersion'>3.2.3</Data><Data Name='Description'>Dumpcap</Data><Data Name='Product'>Dumpcap</Data><Data Name='Company'>The Wireshark developer community</Data><Data Name='OriginalFileName'>Dumpcap.exe</Data><Data Name='CommandLine'>"C:\Program Files\Wireshark\dumpcap.exe" -n -i \Device\NPF_{1BF6DE2B-07A9-4FF4-8C4F-79DA555DBF9C} -y EN10MB -Z 2044</Data><Data Name='CurrentDirectory'>C:\Program Files\Wireshark\styles\</Data><Data Name='User'>DESKTOP-P84STH6\NS</Data><Data Name='LogonGuid'>{5d3d98af-2638-5ec2-0000-0020adc30300}</Data><Data Name='LogonId'>0x3c3ad</Data><Data Name='TerminalSessionId'>1</Data><Data Name='IntegrityLevel'>Medium</Data><Data Name='Hashes'>MD5=2A801266AB558D2F51333D58F2F3B3B0,SHA256=F74A5A7B97A508E7E241D7A6E77B60F2D3237E55DC74B8684AB5DD87ABF3DBBD,IMPHASH=62C2ADC8A4D23E2D07B7EEB4235EEB0C</Data><Data Name='ParentProcessGuid'>{5d3d98af-2875-5ec2-0000-0010f1672a00}</Data><Data Name='ParentProcessId'>2044</Data><Data Name='ParentImage'>C:\Program Files\Wireshark\Wireshark.exe</Data><Data Name='ParentCommandLine'>"C:\Program Files\Wireshark\Wireshark.exe" </Data></EventData></Event></Events>