<Event xmlns='http://schemas.microsoft.com/win/2004/08/events/event'><System><Provider Name='Microsoft-Windows-Sysmon' Guid='{5770385f-c22a-43e0-bf4c-06f5698ffbd9}'/><EventID>22</EventID><Version>5</Version><Level>4</Level><Task>22</Task><Opcode>0</Opcode><Keywords>0x8000000000000000</Keywords><TimeCreated SystemTime='2020-05-18T07:03:14.362977600Z'/><EventRecordID>2749</EventRecordID><Correlation/><Execution ProcessID='2848' ThreadID='3264'/><Channel>Microsoft-Windows-Sysmon/Operational</Channel><Computer>DESKTOP-P84STH6</Computer><Security UserID='S-1-5-18'/></System><EventData><Data Name='RuleName'></Data><Data Name='UtcTime'>2020-05-18 07:03:11.408</Data><Data Name='ProcessGuid'>{5d3d98af-32ae-5ec2-0000-00109a355b00}</Data><Data Name='ProcessId'>6712</Data><Data Name='QueryName'>ads.stickyadstv.com</Data><Data Name='QueryStatus'>0</Data><Data Name='QueryResults'>type:  5 ip1.ads.stickyadstv.com.akadns.net;type:  5 ip2.ads.stickyadstv.com.akadns.net;type:  5 stickyadstv.com.edgekey.net;type:  5 e11676.b.akamaiedge.net;::ffff:163.28.225.197;88.221.81.192;2600:1480:e800::c0;163.28.5.87;203.211.2.212;23.199.34.125;23.210.215.110;203.211.5.23;203.211.2.231;163.28.5.62;</Data><Data Name='Image'>C:\Windows\System32\MicrosoftEdgeCP.exe</Data></EventData></Event><Event xmlns='http://schemas.microsoft.com/win/2004/08/events/event'><System><Provider Name='Microsoft-Windows-Sysmon' Guid='{5770385f-c22a-43e0-bf4c-06f5698ffbd9}'/><EventID>22</EventID><Version>5</Version><Level>4</Level><Task>22</Task><Opcode>0</Opcode><Keywords>0x8000000000000000</Keywords><TimeCreated SystemTime='2020-05-18T07:03:14.362876400Z'/><EventRecordID>2748</EventRecordID><Correlation/><Execution ProcessID='2848' ThreadID='3264'/><Channel>Microsoft-Windows-Sysmon/Operational</Channel><Computer>DESKTOP-P84STH6</Computer><Security UserID='S-1-5-18'/></System><EventData><Data Name='RuleName'></Data><Data Name='UtcTime'>2020-05-18 07:03:11.392</Data><Data Name='ProcessGuid'>{5d3d98af-32ae-5ec2-0000-00109a355b00}</Data><Data Name='ProcessId'>6712</Data><Data Name='QueryName'>ads.yahoo.com</Data><Data Name='QueryStatus'>0</Data><Data Name='QueryResults'>type:  5 ds-geoycpi-uno.gycpi.b.yahoodns.net;::ffff:119.161.16.11;::ffff:119.161.16.12;::ffff:119.161.14.17;68.142.254.15;68.180.130.15;203.84.209.160;183.177.82.12;</Data><Data Name='Image'>C:\Windows\System32\MicrosoftEdgeCP.exe</Data></EventData></Event><Event xmlns='http://schemas.microsoft.com/win/2004/08/events/event'><System><Provider Name='Microsoft-Windows-Sysmon' Guid='{5770385f-c22a-43e0-bf4c-06f5698ffbd9}'/><EventID>22</EventID><Version>5</Version><Level>4</Level><Task>22</Task><Opcode>0</Opcode><Keywords>0x8000000000000000</Keywords><TimeCreated SystemTime='2020-05-18T07:03:13.359970100Z'/><EventRecordID>2747</EventRecordID><Correlation/><Execution ProcessID='2848' ThreadID='3264'/><Channel>Microsoft-Windows-Sysmon/Operational</Channel><Computer>DESKTOP-P84STH6</Computer><Security UserID='S-1-5-18'/></System><EventData><Data Name='RuleName'></Data><Data Name='UtcTime'>2020-05-18 07:03:11.222</Data><Data Name='ProcessGuid'>{5d3d98af-32ae-5ec2-0000-00109a355b00}</Data><Data Name='ProcessId'>6712</Data><Data Name='QueryName'>status.geotrust.com</Data><Data Name='QueryStatus'>0</Data><Data Name='QueryResults'>type:  5 ocsp.digicert.com;type:  5 cs9.wac.phicdn.net;::ffff:117.18.237.29;</Data><Data Name='Image'>C:\Windows\System32\MicrosoftEdgeCP.exe</Data></EventData></Event><Event xmlns='http://schemas.microsoft.com/win/2004/08/events/event'><System><Provider Name='Microsoft-Windows-Sysmon' Guid='{5770385f-c22a-43e0-bf4c-06f5698ffbd9}'/><EventID>22</EventID><Version>5</Version><Level>4</Level><Task>22</Task><Opcode>0</Opcode><Keywords>0x8000000000000000</Keywords><TimeCreated SystemTime='2020-05-18T07:03:13.359411000Z'/><EventRecordID>2746</EventRecordID><Correlation/><Execution ProcessID='2848' ThreadID='3264'/><Channel>Microsoft-Windows-Sysmon/Operational</Channel><Computer>DESKTOP-P84STH6</Computer><Security UserID='S-1-5-18'/></System><EventData><Data Name='RuleName'></Data><Data Name='UtcTime'>2020-05-18 07:03:10.806</Data><Data Name='ProcessGuid'>{5d3d98af-32ae-5ec2-0000-00109a355b00}</Data><Data Name='ProcessId'>6712</Data><Data Name='QueryName'>www.google.com</Data><Data Name='QueryStatus'>0</Data><Data Name='QueryResults'>::ffff:216.58.200.228;216.239.32.10;2001:4860:4802:32::a;216.239.34.10;2001:4860:4802:34::a;216.239.36.10;216.239.38.10;</Data><Data Name='Image'>C:\Windows\System32\MicrosoftEdgeCP.exe</Data></EventData></Event><Event xmlns='http://schemas.microsoft.com/win/2004/08/events/event'><System><Provider Name='Microsoft-Windows-Sysmon' Guid='{5770385f-c22a-43e0-bf4c-06f5698ffbd9}'/><EventID>22</EventID><Version>5</Version><Level>4</Level><Task>22</Task><Opcode>0</Opcode><Keywords>0x8000000000000000</Keywords><TimeCreated SystemTime='2020-05-18T07:03:13.358966100Z'/><EventRecordID>2745</EventRecordID><Correlation/><Execution ProcessID='2848' ThreadID='3264'/><Channel>Microsoft-Windows-Sysmon/Operational</Channel><Computer>DESKTOP-P84STH6</Computer><Security UserID='S-1-5-18'/></System><EventData><Data Name='RuleName'></Data><Data Name='UtcTime'>2020-05-18 07:03:10.203</Data><Data Name='ProcessGuid'>{5d3d98af-32ae-5ec2-0000-00109a355b00}</Data><Data Name='ProcessId'>6712</Data><Data Name='QueryName'>certify.alexametrics.com</Data><Data Name='QueryStatus'>0</Data><Data Name='QueryResults'>::ffff:13.35.37.72;::ffff:13.35.37.13;::ffff:13.35.37.56;::ffff:13.35.37.68;205.251.193.1;2600:9000:5301:100::1;205.251.194.186;2600:9000:5302:ba00::1;205.251.197.166;2600:9000:5305:a600::1;205.251.198.55;2600:9000:5306:3700::1;</Data><Data Name='Image'>C:\Windows\System32\MicrosoftEdgeCP.exe</Data></EventData></Event><Event xmlns='http://schemas.microsoft.com/win/2004/08/events/event'><System><Provider Name='Microsoft-Windows-Sysmon' Guid='{5770385f-c22a-43e0-bf4c-06f5698ffbd9}'/><EventID>22</EventID><Version>5</Version><Level>4</Level><Task>22</Task><Opcode>0</Opcode><Keywords>0x8000000000000000</Keywords><TimeCreated SystemTime='2020-05-18T07:03:13.358797600Z'/><EventRecordID>2744</EventRecordID><Correlation/><Execution ProcessID='2848' ThreadID='3264'/><Channel>Microsoft-Windows-Sysmon/Operational</Channel><Computer>DESKTOP-P84STH6</Computer><Security UserID='S-1-5-18'/></System><EventData><Data Name='RuleName'></Data><Data Name='UtcTime'>2020-05-18 07:03:09.814</Data><Data Name='ProcessGuid'>{5d3d98af-32ae-5ec2-0000-00109a355b00}</Data><Data Name='ProcessId'>6712</Data><Data Name='QueryName'>adservice.google.com.tw</Data><Data Name='QueryStatus'>0</Data><Data Name='QueryResults'>type:  5 pagead46.l.doubleclick.net;::ffff:216.58.200.226;216.239.32.10;2001:4860:4802:32::a;216.239.34.10;2001:4860:4802:34::a;216.239.36.10;216.239.38.10;</Data><Data Name='Image'>C:\Windows\System32\MicrosoftEdgeCP.exe</Data></EventData></Event><Event xmlns='http://schemas.microsoft.com/win/2004/08/events/event'><System><Provider Name='Microsoft-Windows-Sysmon' Guid='{5770385f-c22a-43e0-bf4c-06f5698ffbd9}'/><EventID>22</EventID><Version>5</Version><Level>4</Level><Task>22</Task><Opcode>0</Opcode><Keywords>0x8000000000000000</Keywords><TimeCreated SystemTime='2020-05-18T07:03:12.355916200Z'/><EventRecordID>2743</EventRecordID><Correlation/><Execution ProcessID='2848' ThreadID='3264'/><Channel>Microsoft-Windows-Sysmon/Operational</Channel><Computer>DESKTOP-P84STH6</Computer><Security UserID='S-1-5-18'/></System><EventData><Data Name='RuleName'></Data><Data Name='UtcTime'>2020-05-18 07:03:09.366</Data><Data Name='ProcessGuid'>{5d3d98af-32ae-5ec2-0000-00109a355b00}</Data><Data Name='ProcessId'>6712</Data><Data Name='QueryName'>fun8.us</Data><Data Name='QueryStatus'>0</Data><Data Name='QueryResults'>::ffff:45.35.51.222;</Data><Data Name='Image'>C:\Windows\System32\MicrosoftEdgeCP.exe</Data></EventData></Event><Event xmlns='http://schemas.microsoft.com/win/2004/08/events/event'><System><Provider Name='Microsoft-Windows-Sysmon' Guid='{5770385f-c22a-43e0-bf4c-06f5698ffbd9}'/><EventID>22</EventID><Version>5</Version><Level>4</Level><Task>22</Task><Opcode>0</Opcode><Keywords>0x8000000000000000</Keywords><TimeCreated SystemTime='2020-05-18T07:03:12.355826000Z'/><EventRecordID>2742</EventRecordID><Correlation/><Execution ProcessID='2848' ThreadID='3264'/><Channel>Microsoft-Windows-Sysmon/Operational</Channel><Computer>DESKTOP-P84STH6</Computer><Security UserID='S-1-5-18'/></System><EventData><Data Name='RuleName'></Data><Data Name='UtcTime'>2020-05-18 07:03:09.236</Data><Data Name='ProcessGuid'>{5d3d98af-32ae-5ec2-0000-00109a355b00}</Data><Data Name='ProcessId'>6712</Data><Data Name='QueryName'>apis.google.com</Data><Data Name='QueryStatus'>0</Data><Data Name='QueryResults'>type:  5 plus.l.google.com;::ffff:172.217.27.142;216.239.32.10;2001:4860:4802:32::a;216.239.34.10;2001:4860:4802:34::a;216.239.36.10;2001:4860:4802:36::a;216.239.38.10;2001:4860:4802:38::a;</Data><Data Name='Image'>C:\Windows\System32\MicrosoftEdgeCP.exe</Data></EventData></Event><Event xmlns='http://schemas.microsoft.com/win/2004/08/events/event'><System><Provider Name='Microsoft-Windows-Sysmon' Guid='{5770385f-c22a-43e0-bf4c-06f5698ffbd9}'/><EventID>22</EventID><Version>5</Version><Level>4</Level><Task>22</Task><Opcode>0</Opcode><Keywords>0x8000000000000000</Keywords><TimeCreated SystemTime='2020-05-18T07:03:12.355725400Z'/><EventRecordID>2741</EventRecordID><Correlation/><Execution ProcessID='2848' ThreadID='3264'/><Channel>Microsoft-Windows-Sysmon/Operational</Channel><Computer>DESKTOP-P84STH6</Computer><Security UserID='S-1-5-18'/></System><EventData><Data Name='RuleName'></Data><Data Name='UtcTime'>2020-05-18 07:03:08.388</Data><Data Name='ProcessGuid'>{5d3d98af-32ae-5ec2-0000-00109a355b00}</Data><Data Name='ProcessId'>6712</Data><Data Name='QueryName'>www.i-gamer.net</Data><Data Name='QueryStatus'>0</Data><Data Name='QueryResults'>type:  5 i-gamer.net;::ffff:104.216.16.122;97.74.103.14;173.201.71.14;</Data><Data Name='Image'>C:\Windows\System32\MicrosoftEdgeCP.exe</Data></EventData></Event><Event xmlns='http://schemas.microsoft.com/win/2004/08/events/event'><System><Provider Name='Microsoft-Windows-Sysmon' Guid='{5770385f-c22a-43e0-bf4c-06f5698ffbd9}'/><EventID>22</EventID><Version>5</Version><Level>4</Level><Task>22</Task><Opcode>0</Opcode><Keywords>0x8000000000000000</Keywords><TimeCreated SystemTime='2020-05-18T07:02:54.798317300Z'/><EventRecordID>2740</EventRecordID><Correlation/><Execution ProcessID='2848' ThreadID='3264'/><Channel>Microsoft-Windows-Sysmon/Operational</Channel><Computer>DESKTOP-P84STH6</Computer><Security UserID='S-1-5-18'/></System><EventData><Data Name='RuleName'></Data><Data Name='UtcTime'>2020-05-18 07:02:51.459</Data><Data Name='ProcessGuid'>{5d3d98af-2eaf-5ec2-0000-001029254e00}</Data><Data Name='ProcessId'>540</Data><Data Name='QueryName'>us-central1-amp-error-reporting.cloudfunctions.net</Data><Data Name='QueryStatus'>0</Data><Data Name='QueryResults'>::ffff:216.239.36.54;216.239.32.10;2001:4860:4802:32::a;216.239.34.10;2001:4860:4802:34::a;216.239.36.10;216.239.38.10;</Data><Data Name='Image'>C:\Windows\System32\MicrosoftEdgeCP.exe</Data></EventData></Event><Event xmlns='http://schemas.microsoft.com/win/2004/08/events/event'><System><Provider Name='Microsoft-Windows-Sysmon' Guid='{5770385f-c22a-43e0-bf4c-06f5698ffbd9}'/><EventID>22</EventID><Version>5</Version><Level>4</Level><Task>22</Task><Opcode>0</Opcode><Keywords>0x8000000000000000</Keywords><TimeCreated SystemTime='2020-05-18T07:02:52.752180300Z'/><EventRecordID>2739</EventRecordID><Correlation/><Execution ProcessID='2848' ThreadID='3264'/><Channel>Microsoft-Windows-Sysmon/Operational</Channel><Computer>DESKTOP-P84STH6</Computer><Security UserID='S-1-5-18'/></System><EventData><Data Name='RuleName'></Data><Data Name='UtcTime'>2020-05-18 07:02:49.307</Data><Data Name='ProcessGuid'>{5d3d98af-2eaf-5ec2-0000-001029254e00}</Data><Data Name='ProcessId'>540</Data><Data Name='QueryName'>cdn.ampproject.org</Data><Data Name='QueryStatus'>0</Data><Data Name='QueryResults'>type:  5 cdn-content.ampproject.org;::ffff:172.217.160.97;216.239.32.10;2001:4860:4802:32::a;216.239.34.10;2001:4860:4802:34::a;216.239.36.10;2001:4860:4802:36::a;216.239.38.10;2001:4860:4802:38::a;</Data><Data Name='Image'>C:\Windows\System32\MicrosoftEdgeCP.exe</Data></EventData></Event><Event xmlns='http://schemas.microsoft.com/win/2004/08/events/event'><System><Provider Name='Microsoft-Windows-Sysmon' Guid='{5770385f-c22a-43e0-bf4c-06f5698ffbd9}'/><EventID>22</EventID><Version>5</Version><Level>4</Level><Task>22</Task><Opcode>0</Opcode><Keywords>0x8000000000000000</Keywords><TimeCreated SystemTime='2020-05-18T07:00:54.718179900Z'/><EventRecordID>2738</EventRecordID><Correlation/><Execution ProcessID='2848' ThreadID='3264'/><Channel>Microsoft-Windows-Sysmon/Operational</Channel><Computer>DESKTOP-P84STH6</Computer><Security UserID='S-1-5-18'/></System><EventData><Data Name='RuleName'></Data><Data Name='UtcTime'>2020-05-18 07:00:51.306</Data><Data Name='ProcessGuid'>{5d3d98af-2eaf-5ec2-0000-001029254e00}</Data><Data Name='ProcessId'>540</Data><Data Name='QueryName'>certify.alexametrics.com</Data><Data Name='QueryStatus'>0</Data><Data Name='QueryResults'>::ffff:13.35.37.68;::ffff:13.35.37.72;::ffff:13.35.37.13;::ffff:13.35.37.56;205.251.193.1;2600:9000:5301:100::1;205.251.194.186;2600:9000:5302:ba00::1;205.251.197.166;2600:9000:5305:a600::1;205.251.198.55;2600:9000:5306:3700::1;</Data><Data Name='Image'>C:\Windows\System32\MicrosoftEdgeCP.exe</Data></EventData></Event><Event xmlns='http://schemas.microsoft.com/win/2004/08/events/event'><System><Provider Name='Microsoft-Windows-Sysmon' Guid='{5770385f-c22a-43e0-bf4c-06f5698ffbd9}'/><EventID>22</EventID><Version>5</Version><Level>4</Level><Task>22</Task><Opcode>0</Opcode><Keywords>0x8000000000000000</Keywords><TimeCreated SystemTime='2020-05-18T07:00:53.715021300Z'/><EventRecordID>2737</EventRecordID><Correlation/><Execution ProcessID='2848' ThreadID='3264'/><Channel>Microsoft-Windows-Sysmon/Operational</Channel><Computer>DESKTOP-P84STH6</Computer><Security UserID='S-1-5-18'/></System><EventData><Data Name='RuleName'></Data><Data Name='UtcTime'>2020-05-18 07:00:51.038</Data><Data Name='ProcessGuid'>{5d3d98af-2eaf-5ec2-0000-001029254e00}</Data><Data Name='ProcessId'>540</Data><Data Name='QueryName'>d9.flashtalking.com</Data><Data Name='QueryStatus'>0</Data><Data Name='QueryResults'>type:  5 ft.device9.com;type:  5 tag.device9.com;::ffff:18.203.205.231;::ffff:34.247.143.0;::ffff:52.17.219.65;::ffff:54.72.26.94;::ffff:54.72.27.67;::ffff:54.154.187.33;205.251.193.206;2600:9000:5301:ce00::1;205.251.194.76;2600:9000:5302:4c00::1;205.251.196.193;2600:9000:5304:c100::1;205.251.199.94;2600:9000:5307:5e00::1;</Data><Data Name='Image'>C:\Windows\System32\MicrosoftEdgeCP.exe</Data></EventData></Event><Event xmlns='http://schemas.microsoft.com/win/2004/08/events/event'><System><Provider Name='Microsoft-Windows-Sysmon' Guid='{5770385f-c22a-43e0-bf4c-06f5698ffbd9}'/><EventID>22</EventID><Version>5</Version><Level>4</Level><Task>22</Task><Opcode>0</Opcode><Keywords>0x8000000000000000</Keywords><TimeCreated SystemTime='2020-05-18T07:00:53.714917200Z'/><EventRecordID>2736</EventRecordID><Correlation/><Execution ProcessID='2848' ThreadID='3264'/><Channel>Microsoft-Windows-Sysmon/Operational</Channel><Computer>DESKTOP-P84STH6</Computer><Security UserID='S-1-5-18'/></System><EventData><Data Name='RuleName'></Data><Data Name='UtcTime'>2020-05-18 07:00:50.956</Data><Data Name='ProcessGuid'>{5d3d98af-263d-5ec2-0000-00100b290600}</Data><Data Name='ProcessId'>5540</Data><Data Name='QueryName'>ocsp.starfieldtech.com</Data><Data Name='QueryStatus'>0</Data><Data Name='QueryResults'>type:  5 ocsp.godaddy.com.akadns.net;::ffff:192.124.249.36;::ffff:192.124.249.23;::ffff:192.124.249.22;::ffff:192.124.249.24;::ffff:192.124.249.41;</Data><Data Name='Image'>C:\Windows\SystemApps\Microsoft.MicrosoftEdge_8wekyb3d8bbwe\MicrosoftEdge.exe</Data></EventData></Event><Event xmlns='http://schemas.microsoft.com/win/2004/08/events/event'><System><Provider Name='Microsoft-Windows-Sysmon' Guid='{5770385f-c22a-43e0-bf4c-06f5698ffbd9}'/><EventID>22</EventID><Version>5</Version><Level>4</Level><Task>22</Task><Opcode>0</Opcode><Keywords>0x8000000000000000</Keywords><TimeCreated SystemTime='2020-05-18T07:00:53.714816700Z'/><EventRecordID>2735</EventRecordID><Correlation/><Execution ProcessID='2848' ThreadID='3264'/><Channel>Microsoft-Windows-Sysmon/Operational</Channel><Computer>DESKTOP-P84STH6</Computer><Security UserID='S-1-5-18'/></System><EventData><Data Name='RuleName'></Data><Data Name='UtcTime'>2020-05-18 07:00:50.884</Data><Data Name='ProcessGuid'>{5d3d98af-2eaf-5ec2-0000-001029254e00}</Data><Data Name='ProcessId'>540</Data><Data Name='QueryName'>cdn.flashtalking.com</Data><Data Name='QueryStatus'>0</Data><Data Name='QueryResults'>type:  5 cdn.flashtalking.com.edgekey.net;type:  5 e1486.b.akamaiedge.net;::ffff:163.28.224.60;88.221.81.192;2600:1480:e800::c0;203.211.2.191;203.211.2.181;203.211.2.204;203.211.2.181;203.211.5.23;203.211.2.231;163.28.5.62;</Data><Data Name='Image'>C:\Windows\System32\MicrosoftEdgeCP.exe</Data></EventData></Event><Event xmlns='http://schemas.microsoft.com/win/2004/08/events/event'><System><Provider Name='Microsoft-Windows-Sysmon' Guid='{5770385f-c22a-43e0-bf4c-06f5698ffbd9}'/><EventID>22</EventID><Version>5</Version><Level>4</Level><Task>22</Task><Opcode>0</Opcode><Keywords>0x8000000000000000</Keywords><TimeCreated SystemTime='2020-05-18T07:00:52.712246300Z'/><EventRecordID>2734</EventRecordID><Correlation/><Execution ProcessID='2848' ThreadID='3264'/><Channel>Microsoft-Windows-Sysmon/Operational</Channel><Computer>DESKTOP-P84STH6</Computer><Security UserID='S-1-5-18'/></System><EventData><Data Name='RuleName'></Data><Data Name='UtcTime'>2020-05-18 07:00:50.523</Data><Data Name='ProcessGuid'>{5d3d98af-263d-5ec2-0000-00100b290600}</Data><Data Name='ProcessId'>5540</Data><Data Name='QueryName'>www.i-gamer.net</Data><Data Name='QueryStatus'>0</Data><Data Name='QueryResults'>type:  5 i-gamer.net;::ffff:104.216.16.122;97.74.103.14;173.201.71.14;</Data><Data Name='Image'>C:\Windows\SystemApps\Microsoft.MicrosoftEdge_8wekyb3d8bbwe\MicrosoftEdge.exe</Data></EventData></Event><Event xmlns='http://schemas.microsoft.com/win/2004/08/events/event'><System><Provider Name='Microsoft-Windows-Sysmon' Guid='{5770385f-c22a-43e0-bf4c-06f5698ffbd9}'/><EventID>22</EventID><Version>5</Version><Level>4</Level><Task>22</Task><Opcode>0</Opcode><Keywords>0x8000000000000000</Keywords><TimeCreated SystemTime='2020-05-18T07:00:52.712087700Z'/><EventRecordID>2733</EventRecordID><Correlation/><Execution ProcessID='2848' ThreadID='3264'/><Channel>Microsoft-Windows-Sysmon/Operational</Channel><Computer>DESKTOP-P84STH6</Computer><Security UserID='S-1-5-18'/></System><EventData><Data Name='RuleName'></Data><Data Name='UtcTime'>2020-05-18 07:00:50.503</Data><Data Name='ProcessGuid'>{5d3d98af-2eaf-5ec2-0000-001029254e00}</Data><Data Name='ProcessId'>540</Data><Data Name='QueryName'>d31qbv1cthcecs.cloudfront.net</Data><Data Name='QueryStatus'>0</Data><Data Name='QueryResults'>::ffff:13.35.37.60;::ffff:13.35.37.77;::ffff:13.35.37.94;::ffff:13.35.37.57;205.251.192.162;2600:9000:5300:a200::1;205.251.195.107;2600:9000:5303:6b00::1;205.251.196.17;2600:9000:5304:1100::1;205.251.199.249;2600:9000:5307:f900::1;</Data><Data Name='Image'>C:\Windows\System32\MicrosoftEdgeCP.exe</Data></EventData></Event><Event xmlns='http://schemas.microsoft.com/win/2004/08/events/event'><System><Provider Name='Microsoft-Windows-Sysmon' Guid='{5770385f-c22a-43e0-bf4c-06f5698ffbd9}'/><EventID>22</EventID><Version>5</Version><Level>4</Level><Task>22</Task><Opcode>0</Opcode><Keywords>0x8000000000000000</Keywords><TimeCreated SystemTime='2020-05-18T07:00:52.711971600Z'/><EventRecordID>2732</EventRecordID><Correlation/><Execution ProcessID='2848' ThreadID='3264'/><Channel>Microsoft-Windows-Sysmon/Operational</Channel><Computer>DESKTOP-P84STH6</Computer><Security UserID='S-1-5-18'/></System><EventData><Data Name='RuleName'></Data><Data Name='UtcTime'>2020-05-18 07:00:50.487</Data><Data Name='ProcessGuid'>{5d3d98af-2eaf-5ec2-0000-001029254e00}</Data><Data Name='ProcessId'>540</Data><Data Name='QueryName'>servedby.flashtalking.com</Data><Data Name='QueryStatus'>0</Data><Data Name='QueryResults'>type:  5 cds.f7f2q8c3.hwcdn.net;::ffff:205.185.216.10;::ffff:205.185.216.42;69.16.174.10;209.197.2.10;</Data><Data Name='Image'>C:\Windows\System32\MicrosoftEdgeCP.exe</Data></EventData></Event><Event xmlns='http://schemas.microsoft.com/win/2004/08/events/event'><System><Provider Name='Microsoft-Windows-Sysmon' Guid='{5770385f-c22a-43e0-bf4c-06f5698ffbd9}'/><EventID>22</EventID><Version>5</Version><Level>4</Level><Task>22</Task><Opcode>0</Opcode><Keywords>0x8000000000000000</Keywords><TimeCreated SystemTime='2020-05-18T07:00:52.711733000Z'/><EventRecordID>2731</EventRecordID><Correlation/><Execution ProcessID='2848' ThreadID='3264'/><Channel>Microsoft-Windows-Sysmon/Operational</Channel><Computer>DESKTOP-P84STH6</Computer><Security UserID='S-1-5-18'/></System><EventData><Data Name='RuleName'></Data><Data Name='UtcTime'>2020-05-18 07:00:50.073</Data><Data Name='ProcessGuid'>{5d3d98af-2eaf-5ec2-0000-001029254e00}</Data><Data Name='ProcessId'>540</Data><Data Name='QueryName'>ocsp.netsolssl.com</Data><Data Name='QueryStatus'>0</Data><Data Name='QueryResults'>type:  5 ocsp.comodoca.com;::ffff:151.139.128.14;</Data><Data Name='Image'>C:\Windows\System32\MicrosoftEdgeCP.exe</Data></EventData></Event><Event xmlns='http://schemas.microsoft.com/win/2004/08/events/event'><System><Provider Name='Microsoft-Windows-Sysmon' Guid='{5770385f-c22a-43e0-bf4c-06f5698ffbd9}'/><EventID>22</EventID><Version>5</Version><Level>4</Level><Task>22</Task><Opcode>0</Opcode><Keywords>0x8000000000000000</Keywords><TimeCreated SystemTime='2020-05-18T07:00:51.710881800Z'/><EventRecordID>2730</EventRecordID><Correlation/><Execution ProcessID='2848' ThreadID='3264'/><Channel>Microsoft-Windows-Sysmon/Operational</Channel><Computer>DESKTOP-P84STH6</Computer><Security UserID='S-1-5-18'/></System><EventData><Data Name='RuleName'></Data><Data Name='UtcTime'>2020-05-18 07:00:49.460</Data><Data Name='ProcessGuid'>{5d3d98af-2eaf-5ec2-0000-001029254e00}</Data><Data Name='ProcessId'>540</Data><Data Name='QueryName'>sync.teads.tv</Data><Data Name='QueryStatus'>0</Data><Data Name='QueryResults'>type:  5 sync.teads.tv.edgekey.net;type:  5 e9957.e4.akamaiedge.net;::ffff:163.28.225.126;96.17.151.52;2600:140b:1:f000:f888:3761:bb10:3660;</Data><Data Name='Image'>C:\Windows\System32\MicrosoftEdgeCP.exe</Data></EventData></Event><Event xmlns='http://schemas.microsoft.com/win/2004/08/events/event'><System><Provider Name='Microsoft-Windows-Sysmon' Guid='{5770385f-c22a-43e0-bf4c-06f5698ffbd9}'/><EventID>22</EventID><Version>5</Version><Level>4</Level><Task>22</Task><Opcode>0</Opcode><Keywords>0x8000000000000000</Keywords><TimeCreated SystemTime='2020-05-18T07:00:51.710475300Z'/><EventRecordID>2729</EventRecordID><Correlation/><Execution ProcessID='2848' ThreadID='3264'/><Channel>Microsoft-Windows-Sysmon/Operational</Channel><Computer>DESKTOP-P84STH6</Computer><Security UserID='S-1-5-18'/></System><EventData><Data Name='RuleName'></Data><Data Name='UtcTime'>2020-05-18 07:00:49.181</Data><Data Name='ProcessGuid'>{5d3d98af-2eaf-5ec2-0000-001029254e00}</Data><Data Name='ProcessId'>540</Data><Data Name='QueryName'>cc.adingo.jp</Data><Data Name='QueryStatus'>0</Data><Data Name='QueryResults'>::ffff:54.242.44.147;::ffff:100.25.225.218;::ffff:3.217.164.228;::ffff:3.225.92.69;::ffff:34.195.91.242;::ffff:34.206.225.118;::ffff:52.72.195.204;::ffff:54.164.34.2;205.251.193.236;2600:9000:5301:ec00::1;205.251.195.148;2600:9000:5303:9400::1;205.251.197.190;2600:9000:5305:be00::1;205.251.199.25;2600:9000:5307:1900::1;</Data><Data Name='Image'>C:\Windows\System32\MicrosoftEdgeCP.exe</Data></EventData></Event><Event xmlns='http://schemas.microsoft.com/win/2004/08/events/event'><System><Provider Name='Microsoft-Windows-Sysmon' Guid='{5770385f-c22a-43e0-bf4c-06f5698ffbd9}'/><EventID>22</EventID><Version>5</Version><Level>4</Level><Task>22</Task><Opcode>0</Opcode><Keywords>0x8000000000000000</Keywords><TimeCreated SystemTime='2020-05-18T07:00:51.710264900Z'/><EventRecordID>2728</EventRecordID><Correlation/><Execution ProcessID='2848' ThreadID='3264'/><Channel>Microsoft-Windows-Sysmon/Operational</Channel><Computer>DESKTOP-P84STH6</Computer><Security UserID='S-1-5-18'/></System><EventData><Data Name='RuleName'></Data><Data Name='UtcTime'>2020-05-18 07:00:49.173</Data><Data Name='ProcessGuid'>{5d3d98af-2eaf-5ec2-0000-001029254e00}</Data><Data Name='ProcessId'>540</Data><Data Name='QueryName'>d.agkn.com</Data><Data Name='QueryStatus'>0</Data><Data Name='QueryResults'>type:  5 data.agkn.com;type:  5 d2ctznuk6ro1vp.cloudfront.net;::ffff:13.35.37.14;::ffff:13.35.37.23;::ffff:13.35.37.57;::ffff:13.35.37.99;205.251.192.158;2600:9000:5300:9e00::1;205.251.194.236;2600:9000:5302:ec00::1;205.251.197.57;2600:9000:5305:3900::1;205.251.198.152;2600:9000:5306:9800::1;</Data><Data Name='Image'>C:\Windows\System32\MicrosoftEdgeCP.exe</Data></EventData></Event><Event xmlns='http://schemas.microsoft.com/win/2004/08/events/event'><System><Provider Name='Microsoft-Windows-Sysmon' Guid='{5770385f-c22a-43e0-bf4c-06f5698ffbd9}'/><EventID>22</EventID><Version>5</Version><Level>4</Level><Task>22</Task><Opcode>0</Opcode><Keywords>0x8000000000000000</Keywords><TimeCreated SystemTime='2020-05-18T07:00:50.710185800Z'/><EventRecordID>2727</EventRecordID><Correlation/><Execution ProcessID='2848' ThreadID='3264'/><Channel>Microsoft-Windows-Sysmon/Operational</Channel><Computer>DESKTOP-P84STH6</Computer><Security UserID='S-1-5-18'/></System><EventData><Data Name='RuleName'></Data><Data Name='UtcTime'>2020-05-18 07:00:47.850</Data><Data Name='ProcessGuid'>{5d3d98af-27c0-5ec2-0000-0010f5ce1300}</Data><Data Name='ProcessId'>1164</Data><Data Name='QueryName'>www.i-gamer.net</Data><Data Name='QueryStatus'>0</Data><Data Name='QueryResults'>type:  5 i-gamer.net;::ffff:104.216.16.122;97.74.103.14;173.201.71.14;</Data><Data Name='Image'>C:\Windows\System32\smartscreen.exe</Data></EventData></Event><Event xmlns='http://schemas.microsoft.com/win/2004/08/events/event'><System><Provider Name='Microsoft-Windows-Sysmon' Guid='{5770385f-c22a-43e0-bf4c-06f5698ffbd9}'/><EventID>22</EventID><Version>5</Version><Level>4</Level><Task>22</Task><Opcode>0</Opcode><Keywords>0x8000000000000000</Keywords><TimeCreated SystemTime='2020-05-18T07:00:50.709873200Z'/><EventRecordID>2726</EventRecordID><Correlation/><Execution ProcessID='2848' ThreadID='3264'/><Channel>Microsoft-Windows-Sysmon/Operational</Channel><Computer>DESKTOP-P84STH6</Computer><Security UserID='S-1-5-18'/></System><EventData><Data Name='RuleName'></Data><Data Name='UtcTime'>2020-05-18 07:00:47.742</Data><Data Name='ProcessGuid'>{5d3d98af-2eaf-5ec2-0000-001029254e00}</Data><Data Name='ProcessId'>540</Data><Data Name='QueryName'>adservice.google.com.tw</Data><Data Name='QueryStatus'>0</Data><Data Name='QueryResults'>type:  5 pagead46.l.doubleclick.net;::ffff:216.58.200.226;216.239.32.10;2001:4860:4802:32::a;216.239.34.10;2001:4860:4802:34::a;216.239.36.10;216.239.38.10;</Data><Data Name='Image'>C:\Windows\System32\MicrosoftEdgeCP.exe</Data></EventData></Event><Event xmlns='http://schemas.microsoft.com/win/2004/08/events/event'><System><Provider Name='Microsoft-Windows-Sysmon' Guid='{5770385f-c22a-43e0-bf4c-06f5698ffbd9}'/><EventID>22</EventID><Version>5</Version><Level>4</Level><Task>22</Task><Opcode>0</Opcode><Keywords>0x8000000000000000</Keywords><TimeCreated SystemTime='2020-05-18T07:00:49.709380500Z'/><EventRecordID>2725</EventRecordID><Correlation/><Execution ProcessID='2848' ThreadID='3264'/><Channel>Microsoft-Windows-Sysmon/Operational</Channel><Computer>DESKTOP-P84STH6</Computer><Security UserID='S-1-5-18'/></System><EventData><Data Name='RuleName'></Data><Data Name='UtcTime'>2020-05-18 07:00:47.195</Data><Data Name='ProcessGuid'>{5d3d98af-2eaf-5ec2-0000-001029254e00}</Data><Data Name='ProcessId'>540</Data><Data Name='QueryName'>fun8.us</Data><Data Name='QueryStatus'>0</Data><Data Name='QueryResults'>::ffff:45.35.51.222;</Data><Data Name='Image'>C:\Windows\System32\MicrosoftEdgeCP.exe</Data></EventData></Event><Event xmlns='http://schemas.microsoft.com/win/2004/08/events/event'><System><Provider Name='Microsoft-Windows-Sysmon' Guid='{5770385f-c22a-43e0-bf4c-06f5698ffbd9}'/><EventID>22</EventID><Version>5</Version><Level>4</Level><Task>22</Task><Opcode>0</Opcode><Keywords>0x8000000000000000</Keywords><TimeCreated SystemTime='2020-05-18T07:00:49.709290000Z'/><EventRecordID>2724</EventRecordID><Correlation/><Execution ProcessID='2848' ThreadID='3264'/><Channel>Microsoft-Windows-Sysmon/Operational</Channel><Computer>DESKTOP-P84STH6</Computer><Security UserID='S-1-5-18'/></System><EventData><Data Name='RuleName'></Data><Data Name='UtcTime'>2020-05-18 07:00:47.122</Data><Data Name='ProcessGuid'>{5d3d98af-2eaf-5ec2-0000-001029254e00}</Data><Data Name='ProcessId'>540</Data><Data Name='QueryName'>web.i-gamer.net</Data><Data Name='QueryStatus'>0</Data><Data Name='QueryResults'>::ffff:220.135.70.246;</Data><Data Name='Image'>C:\Windows\System32\MicrosoftEdgeCP.exe</Data></EventData></Event><Event xmlns='http://schemas.microsoft.com/win/2004/08/events/event'><System><Provider Name='Microsoft-Windows-Sysmon' Guid='{5770385f-c22a-43e0-bf4c-06f5698ffbd9}'/><EventID>22</EventID><Version>5</Version><Level>4</Level><Task>22</Task><Opcode>0</Opcode><Keywords>0x8000000000000000</Keywords><TimeCreated SystemTime='2020-05-18T07:00:49.709130300Z'/><EventRecordID>2723</EventRecordID><Correlation/><Execution ProcessID='2848' ThreadID='3264'/><Channel>Microsoft-Windows-Sysmon/Operational</Channel><Computer>DESKTOP-P84STH6</Computer><Security UserID='S-1-5-18'/></System><EventData><Data Name='RuleName'></Data><Data Name='UtcTime'>2020-05-18 07:00:46.399</Data><Data Name='ProcessGuid'>{5d3d98af-2eaf-5ec2-0000-001029254e00}</Data><Data Name='ProcessId'>540</Data><Data Name='QueryName'>ocsp.starfieldtech.com</Data><Data Name='QueryStatus'>0</Data><Data Name='QueryResults'>type:  5 ocsp.godaddy.com.akadns.net;::ffff:192.124.249.36;::ffff:192.124.249.23;::ffff:192.124.249.22;::ffff:192.124.249.24;::ffff:192.124.249.41;</Data><Data Name='Image'>C:\Windows\System32\MicrosoftEdgeCP.exe</Data></EventData></Event><Event xmlns='http://schemas.microsoft.com/win/2004/08/events/event'><System><Provider Name='Microsoft-Windows-Sysmon' Guid='{5770385f-c22a-43e0-bf4c-06f5698ffbd9}'/><EventID>22</EventID><Version>5</Version><Level>4</Level><Task>22</Task><Opcode>0</Opcode><Keywords>0x8000000000000000</Keywords><TimeCreated SystemTime='2020-05-18T07:00:48.683977200Z'/><EventRecordID>2722</EventRecordID><Correlation/><Execution ProcessID='2848' ThreadID='3264'/><Channel>Microsoft-Windows-Sysmon/Operational</Channel><Computer>DESKTOP-P84STH6</Computer><Security UserID='S-1-5-18'/></System><EventData><Data Name='RuleName'></Data><Data Name='UtcTime'>2020-05-18 07:00:45.867</Data><Data Name='ProcessGuid'>{5d3d98af-2eaf-5ec2-0000-001029254e00}</Data><Data Name='ProcessId'>540</Data><Data Name='QueryName'>www.i-gamer.net</Data><Data Name='QueryStatus'>0</Data><Data Name='QueryResults'>type:  5 i-gamer.net;::ffff:104.216.16.122;97.74.103.14;173.201.71.14;</Data><Data Name='Image'>C:\Windows\System32\MicrosoftEdgeCP.exe</Data></EventData></Event><Event xmlns='http://schemas.microsoft.com/win/2004/08/events/event'><System><Provider Name='Microsoft-Windows-Sysmon' Guid='{5770385f-c22a-43e0-bf4c-06f5698ffbd9}'/><EventID>22</EventID><Version>5</Version><Level>4</Level><Task>22</Task><Opcode>0</Opcode><Keywords>0x8000000000000000</Keywords><TimeCreated SystemTime='2020-05-18T07:00:48.683885700Z'/><EventRecordID>2721</EventRecordID><Correlation/><Execution ProcessID='2848' ThreadID='3264'/><Channel>Microsoft-Windows-Sysmon/Operational</Channel><Computer>DESKTOP-P84STH6</Computer><Security UserID='S-1-5-18'/></System><EventData><Data Name='RuleName'></Data><Data Name='UtcTime'>2020-05-18 07:00:45.857</Data><Data Name='ProcessGuid'>{5d3d98af-27c0-5ec2-0000-0010f5ce1300}</Data><Data Name='ProcessId'>1164</Data><Data Name='QueryName'>www.google.com</Data><Data Name='QueryStatus'>0</Data><Data Name='QueryResults'>::ffff:216.58.200.228;216.239.32.10;2001:4860:4802:32::a;216.239.34.10;2001:4860:4802:34::a;216.239.36.10;216.239.38.10;</Data><Data Name='Image'>C:\Windows\System32\smartscreen.exe</Data></EventData></Event><Event xmlns='http://schemas.microsoft.com/win/2004/08/events/event'><System><Provider Name='Microsoft-Windows-Sysmon' Guid='{5770385f-c22a-43e0-bf4c-06f5698ffbd9}'/><EventID>22</EventID><Version>5</Version><Level>4</Level><Task>22</Task><Opcode>0</Opcode><Keywords>0x8000000000000000</Keywords><TimeCreated SystemTime='2020-05-18T07:00:48.683796700Z'/><EventRecordID>2720</EventRecordID><Correlation/><Execution ProcessID='2848' ThreadID='3264'/><Channel>Microsoft-Windows-Sysmon/Operational</Channel><Computer>DESKTOP-P84STH6</Computer><Security UserID='S-1-5-18'/></System><EventData><Data Name='RuleName'></Data><Data Name='UtcTime'>2020-05-18 07:00:45.857</Data><Data Name='ProcessGuid'>{5d3d98af-27c0-5ec2-0000-0010f5ce1300}</Data><Data Name='ProcessId'>1164</Data><Data Name='QueryName'>www.i-gamer.net</Data><Data Name='QueryStatus'>9701</Data><Data Name='QueryResults'></Data><Data Name='Image'>C:\Windows\System32\smartscreen.exe</Data></EventData></Event><Event xmlns='http://schemas.microsoft.com/win/2004/08/events/event'><System><Provider Name='Microsoft-Windows-Sysmon' Guid='{5770385f-c22a-43e0-bf4c-06f5698ffbd9}'/><EventID>22</EventID><Version>5</Version><Level>4</Level><Task>22</Task><Opcode>0</Opcode><Keywords>0x8000000000000000</Keywords><TimeCreated SystemTime='2020-05-18T07:00:48.683624600Z'/><EventRecordID>2719</EventRecordID><Correlation/><Execution ProcessID='2848' ThreadID='3264'/><Channel>Microsoft-Windows-Sysmon/Operational</Channel><Computer>DESKTOP-P84STH6</Computer><Security UserID='S-1-5-18'/></System><EventData><Data Name='RuleName'></Data><Data Name='UtcTime'>2020-05-18 07:00:45.749</Data><Data Name='ProcessGuid'>{5d3d98af-2eaf-5ec2-0000-001029254e00}</Data><Data Name='ProcessId'>540</Data><Data Name='QueryName'>www.google.com</Data><Data Name='QueryStatus'>0</Data><Data Name='QueryResults'>::ffff:216.58.200.228;216.239.32.10;2001:4860:4802:32::a;216.239.34.10;2001:4860:4802:34::a;216.239.36.10;216.239.38.10;</Data><Data Name='Image'>C:\Windows\System32\MicrosoftEdgeCP.exe</Data></EventData></Event><Event xmlns='http://schemas.microsoft.com/win/2004/08/events/event'><System><Provider Name='Microsoft-Windows-Sysmon' Guid='{5770385f-c22a-43e0-bf4c-06f5698ffbd9}'/><EventID>1</EventID><Version>5</Version><Level>4</Level><Task>1</Task><Opcode>0</Opcode><Keywords>0x8000000000000000</Keywords><TimeCreated SystemTime='2020-05-18T06:58:32.713926100Z'/><EventRecordID>2718</EventRecordID><Correlation/><Execution ProcessID='2848' ThreadID='3280'/><Channel>Microsoft-Windows-Sysmon/Operational</Channel><Computer>DESKTOP-P84STH6</Computer><Security UserID='S-1-5-18'/></System><EventData><Data Name='RuleName'></Data><Data Name='UtcTime'>2020-05-18 06:58:32.711</Data><Data Name='ProcessGuid'>{5d3d98af-3218-5ec2-0000-0010b7cc5800}</Data><Data Name='ProcessId'>1424</Data><Data Name='Image'>C:\Windows\System32\svchost.exe</Data><Data Name='FileVersion'>10.0.18362.1 (WinBuild.160101.0800)</Data><Data Name='Description'>Host Process for Windows Services</Data><Data Name='Product'>Microsoft® Windows® Operating System</Data><Data Name='Company'>Microsoft Corporation</Data><Data Name='OriginalFileName'>svchost.exe</Data><Data Name='CommandLine'>C:\Windows\system32\svchost.exe -k BcastDVRUserService -s BcastDVRUserService</Data><Data Name='CurrentDirectory'>C:\Windows\system32\</Data><Data Name='User'>DESKTOP-P84STH6\NS</Data><Data Name='LogonGuid'>{5d3d98af-2638-5ec2-0000-0020adc30300}</Data><Data Name='LogonId'>0x3c3ad</Data><Data Name='TerminalSessionId'>1</Data><Data Name='IntegrityLevel'>Medium</Data><Data Name='Hashes'>MD5=9520A99E77D6196D0D09833146424113,SHA256=DD191A5B23DF92E12A8852291F9FB5ED594B76A28A5A464418442584AFD1E048,IMPHASH=247B9220E5D9B720A82B2C8B5069AD69</Data><Data Name='ParentProcessGuid'>{5d3d98af-2633-5ec2-0000-0010f05c0000}</Data><Data Name='ParentProcessId'>664</Data><Data Name='ParentImage'>C:\Windows\System32\services.exe</Data><Data Name='ParentCommandLine'>C:\Windows\system32\services.exe</Data></EventData></Event><Event xmlns='http://schemas.microsoft.com/win/2004/08/events/event'><System><Provider Name='Microsoft-Windows-Sysmon' Guid='{5770385f-c22a-43e0-bf4c-06f5698ffbd9}'/><EventID>1</EventID><Version>5</Version><Level>4</Level><Task>1</Task><Opcode>0</Opcode><Keywords>0x8000000000000000</Keywords><TimeCreated SystemTime='2020-05-18T06:58:32.441419100Z'/><EventRecordID>2717</EventRecordID><Correlation/><Execution ProcessID='2848' ThreadID='3280'/><Channel>Microsoft-Windows-Sysmon/Operational</Channel><Computer>DESKTOP-P84STH6</Computer><Security UserID='S-1-5-18'/></System><EventData><Data Name='RuleName'></Data><Data Name='UtcTime'>2020-05-18 06:58:32.438</Data><Data Name='ProcessGuid'>{5d3d98af-3218-5ec2-0000-0010f7aa5800}</Data><Data Name='ProcessId'>7764</Data><Data Name='Image'>C:\Windows\System32\Speech_OneCore\common\SpeechRuntime.exe</Data><Data Name='FileVersion'>10.0.18362.1 (WinBuild.160101.0800)</Data><Data Name='Description'>Speech Runtime Executable</Data><Data Name='Product'>Microsoft® Windows® Operating System</Data><Data Name='Company'>Microsoft Corporation</Data><Data Name='OriginalFileName'>SpeechRuntime.exe</Data><Data Name='CommandLine'>C:\Windows\System32\Speech_OneCore\Common\SpeechRuntime.exe -Embedding</Data><Data Name='CurrentDirectory'>C:\Windows\system32\</Data><Data Name='User'>DESKTOP-P84STH6\NS</Data><Data Name='LogonGuid'>{5d3d98af-2638-5ec2-0000-0020adc30300}</Data><Data Name='LogonId'>0x3c3ad</Data><Data Name='TerminalSessionId'>1</Data><Data Name='IntegrityLevel'>Medium</Data><Data Name='Hashes'>MD5=61334FA917EAE557B7B77DB5B7BD328F,SHA256=DD45C37C39FBEE84E245B67AFF8970A652D53FC6DD78BFBE36D1F8A04D21D582,IMPHASH=124C4CEEFDDEE73D1EB21D543ABAC203</Data><Data Name='ParentProcessGuid'>{5d3d98af-2634-5ec2-0000-001034730000}</Data><Data Name='ParentProcessId'>844</Data><Data Name='ParentImage'>C:\Windows\System32\svchost.exe</Data><Data Name='ParentCommandLine'>C:\Windows\system32\svchost.exe -k DcomLaunch -p</Data></EventData></Event><Event xmlns='http://schemas.microsoft.com/win/2004/08/events/event'><System><Provider Name='Microsoft-Windows-Sysmon' Guid='{5770385f-c22a-43e0-bf4c-06f5698ffbd9}'/><EventID>1</EventID><Version>5</Version><Level>4</Level><Task>1</Task><Opcode>0</Opcode><Keywords>0x8000000000000000</Keywords><TimeCreated SystemTime='2020-05-18T06:58:31.695012400Z'/><EventRecordID>2716</EventRecordID><Correlation/><Execution ProcessID='2848' ThreadID='3280'/><Channel>Microsoft-Windows-Sysmon/Operational</Channel><Computer>DESKTOP-P84STH6</Computer><Security UserID='S-1-5-18'/></System><EventData><Data Name='RuleName'></Data><Data Name='UtcTime'>2020-05-18 06:58:31.691</Data><Data Name='ProcessGuid'>{5d3d98af-3217-5ec2-0000-001023595800}</Data><Data Name='ProcessId'>8052</Data><Data Name='Image'>C:\Windows\ImmersiveControlPanel\SystemSettings.exe</Data><Data Name='FileVersion'>10.0.18362.387 (WinBuild.160101.0800)</Data><Data Name='Description'>Settings</Data><Data Name='Product'>Microsoft® Windows® Operating System</Data><Data Name='Company'>Microsoft Corporation</Data><Data Name='OriginalFileName'>SystemSettings.exe</Data><Data Name='CommandLine'>"C:\Windows\ImmersiveControlPanel\SystemSettings.exe" -ServerName:microsoft.windows.immersivecontrolpanel</Data><Data Name='CurrentDirectory'>C:\Windows\ImmersiveControlPanel\</Data><Data Name='User'>DESKTOP-P84STH6\NS</Data><Data Name='LogonGuid'>{5d3d98af-2638-5ec2-0000-0020adc30300}</Data><Data Name='LogonId'>0x3c3ad</Data><Data Name='TerminalSessionId'>1</Data><Data Name='IntegrityLevel'>Medium</Data><Data Name='Hashes'>MD5=370FF523E530887FDAEB537EE3764E9E,SHA256=880DEA11F75380E300BFD5C8054A655EACB2AA0DA2C0D89FEF3C32666DF9A533,IMPHASH=EC87C68A546FB4BDECF11BCB83E7D0E5</Data><Data Name='ParentProcessGuid'>{5d3d98af-2634-5ec2-0000-001034730000}</Data><Data Name='ParentProcessId'>844</Data><Data Name='ParentImage'>C:\Windows\System32\svchost.exe</Data><Data Name='ParentCommandLine'>C:\Windows\system32\svchost.exe -k DcomLaunch -p</Data></EventData></Event><Event xmlns='http://schemas.microsoft.com/win/2004/08/events/event'><System><Provider Name='Microsoft-Windows-Sysmon' Guid='{5770385f-c22a-43e0-bf4c-06f5698ffbd9}'/><EventID>22</EventID><Version>5</Version><Level>4</Level><Task>22</Task><Opcode>0</Opcode><Keywords>0x8000000000000000</Keywords><TimeCreated SystemTime='2020-05-18T06:58:22.632788400Z'/><EventRecordID>2715</EventRecordID><Correlation/><Execution ProcessID='2848' ThreadID='3264'/><Channel>Microsoft-Windows-Sysmon/Operational</Channel><Computer>DESKTOP-P84STH6</Computer><Security UserID='S-1-5-18'/></System><EventData><Data Name='RuleName'></Data><Data Name='UtcTime'>2020-05-18 06:58:18.972</Data><Data Name='ProcessGuid'>{5d3d98af-297b-5ec2-0000-001041bc2f00}</Data><Data Name='ProcessId'>6604</Data><Data Name='QueryName'>adservice.google.com.tw</Data><Data Name='QueryStatus'>0</Data><Data Name='QueryResults'>type:  5 pagead46.l.doubleclick.net;::ffff:172.217.160.98;216.239.32.10;2001:4860:4802:32::a;216.239.34.10;2001:4860:4802:34::a;216.239.36.10;2001:4860:4802:36::a;216.239.38.10;2001:4860:4802:38::a;</Data><Data Name='Image'>C:\Windows\System32\MicrosoftEdgeCP.exe</Data></EventData></Event><Event xmlns='http://schemas.microsoft.com/win/2004/08/events/event'><System><Provider Name='Microsoft-Windows-Sysmon' Guid='{5770385f-c22a-43e0-bf4c-06f5698ffbd9}'/><EventID>22</EventID><Version>5</Version><Level>4</Level><Task>22</Task><Opcode>0</Opcode><Keywords>0x8000000000000000</Keywords><TimeCreated SystemTime='2020-05-18T06:58:12.323437400Z'/><EventRecordID>2714</EventRecordID><Correlation/><Execution ProcessID='2848' ThreadID='3264'/><Channel>Microsoft-Windows-Sysmon/Operational</Channel><Computer>DESKTOP-P84STH6</Computer><Security UserID='S-1-5-18'/></System><EventData><Data Name='RuleName'></Data><Data Name='UtcTime'>2020-05-18 06:58:08.349</Data><Data Name='ProcessGuid'>{5d3d98af-297b-5ec2-0000-001041bc2f00}</Data><Data Name='ProcessId'>6604</Data><Data Name='QueryName'>www.google.com</Data><Data Name='QueryStatus'>0</Data><Data Name='QueryResults'>::ffff:172.217.160.68;216.239.32.10;2001:4860:4802:32::a;216.239.34.10;2001:4860:4802:34::a;216.239.36.10;2001:4860:4802:36::a;216.239.38.10;2001:4860:4802:38::a;</Data><Data Name='Image'>C:\Windows\System32\MicrosoftEdgeCP.exe</Data></EventData></Event><Event xmlns='http://schemas.microsoft.com/win/2004/08/events/event'><System><Provider Name='Microsoft-Windows-Sysmon' Guid='{5770385f-c22a-43e0-bf4c-06f5698ffbd9}'/><EventID>8</EventID><Version>2</Version><Level>4</Level><Task>8</Task><Opcode>0</Opcode><Keywords>0x8000000000000000</Keywords><TimeCreated SystemTime='2020-05-18T06:57:54.603842900Z'/><EventRecordID>2713</EventRecordID><Correlation/><Execution ProcessID='2848' ThreadID='3280'/><Channel>Microsoft-Windows-Sysmon/Operational</Channel><Computer>DESKTOP-P84STH6</Computer><Security UserID='S-1-5-18'/></System><EventData><Data Name='RuleName'></Data><Data Name='UtcTime'>2020-05-18 06:57:54.601</Data><Data Name='SourceProcessGuid'>{5d3d98af-264b-5ec2-0000-00107e200800}</Data><Data Name='SourceProcessId'>6868</Data><Data Name='SourceImage'>C:\Windows\System32\VBoxTray.exe</Data><Data Name='TargetProcessGuid'>{5d3d98af-2633-5ec2-0000-001082560000}</Data><Data Name='TargetProcessId'>536</Data><Data Name='TargetImage'>C:\Windows\System32\csrss.exe</Data><Data Name='NewThreadId'>824</Data><Data Name='StartAddress'>0xFFFFF661C9312460</Data><Data Name='StartModule'></Data><Data Name='StartFunction'></Data></EventData></Event><Event xmlns='http://schemas.microsoft.com/win/2004/08/events/event'><System><Provider Name='Microsoft-Windows-Sysmon' Guid='{5770385f-c22a-43e0-bf4c-06f5698ffbd9}'/><EventID>13</EventID><Version>2</Version><Level>4</Level><Task>13</Task><Opcode>0</Opcode><Keywords>0x8000000000000000</Keywords><TimeCreated SystemTime='2020-05-18T06:57:54.238819300Z'/><EventRecordID>2712</EventRecordID><Correlation/><Execution ProcessID='2848' ThreadID='3280'/><Channel>Microsoft-Windows-Sysmon/Operational</Channel><Computer>DESKTOP-P84STH6</Computer><Security UserID='S-1-5-18'/></System><EventData><Data Name='RuleName'>InvDB</Data><Data Name='EventType'>SetValue</Data><Data Name='UtcTime'>2020-05-18 06:57:54.225</Data><Data Name='ProcessGuid'>{5d3d98af-2858-5ec2-0000-001058342200}</Data><Data Name='ProcessId'>6980</Data><Data Name='Image'>C:\Windows\system32\svchost.exe</Data><Data Name='TargetObject'>HKU\S-1-5-21-223836497-1760142647-788189203-1001\Software\Microsoft\Windows NT\CurrentVersion\AppCompatFlags\Compatibility Assistant\Store\C:\Users\NS\Desktop\âtâìâôâgâëâCâô\âtâìâôâgâëâCâô.exe</Data><Data Name='Details'>Binary Data</Data></EventData></Event><Event xmlns='http://schemas.microsoft.com/win/2004/08/events/event'><System><Provider Name='Microsoft-Windows-Sysmon' Guid='{5770385f-c22a-43e0-bf4c-06f5698ffbd9}'/><EventID>1</EventID><Version>5</Version><Level>4</Level><Task>1</Task><Opcode>0</Opcode><Keywords>0x8000000000000000</Keywords><TimeCreated SystemTime='2020-05-18T06:57:53.985273700Z'/><EventRecordID>2711</EventRecordID><Correlation/><Execution ProcessID='2848' ThreadID='3280'/><Channel>Microsoft-Windows-Sysmon/Operational</Channel><Computer>DESKTOP-P84STH6</Computer><Security UserID='S-1-5-18'/></System><EventData><Data Name='RuleName'></Data><Data Name='UtcTime'>2020-05-18 06:57:53.981</Data><Data Name='ProcessGuid'>{5d3d98af-31f1-5ec2-0000-0010a2425700}</Data><Data Name='ProcessId'>7428</Data><Data Name='Image'>C:\Windows\System32\taskhostw.exe</Data><Data Name='FileVersion'>10.0.18362.387 (WinBuild.160101.0800)</Data><Data Name='Description'>Host Process for Windows Tasks</Data><Data Name='Product'>Microsoft® Windows® Operating System</Data><Data Name='Company'>Microsoft Corporation</Data><Data Name='OriginalFileName'>taskhostw.exe</Data><Data Name='CommandLine'>taskhostw.exe</Data><Data Name='CurrentDirectory'>C:\Windows\system32\</Data><Data Name='User'>DESKTOP-P84STH6\NS</Data><Data Name='LogonGuid'>{5d3d98af-2638-5ec2-0000-00206fc30300}</Data><Data Name='LogonId'>0x3c36f</Data><Data Name='TerminalSessionId'>1</Data><Data Name='IntegrityLevel'>High</Data><Data Name='Hashes'>MD5=8AC325C757FA721B272ECEA19EBCF745,SHA256=0BEC3128B241FA533DC5A9D3F62AA41323D205DEFC30DCDE228C5ECC2D1E50A9,IMPHASH=9CB27CAED52CB0AFFB32788922A0D083</Data><Data Name='ParentProcessGuid'>{5d3d98af-2634-5ec2-0000-0010bcd90000}</Data><Data Name='ParentProcessId'>1144</Data><Data Name='ParentImage'>C:\Windows\System32\svchost.exe</Data><Data Name='ParentCommandLine'>C:\Windows\system32\svchost.exe -k netsvcs -p -s Schedule</Data></EventData></Event><Event xmlns='http://schemas.microsoft.com/win/2004/08/events/event'><System><Provider Name='Microsoft-Windows-Sysmon' Guid='{5770385f-c22a-43e0-bf4c-06f5698ffbd9}'/><EventID>8</EventID><Version>2</Version><Level>4</Level><Task>8</Task><Opcode>0</Opcode><Keywords>0x8000000000000000</Keywords><TimeCreated SystemTime='2020-05-18T06:57:53.404218200Z'/><EventRecordID>2710</EventRecordID><Correlation/><Execution ProcessID='2848' ThreadID='3280'/><Channel>Microsoft-Windows-Sysmon/Operational</Channel><Computer>DESKTOP-P84STH6</Computer><Security UserID='S-1-5-18'/></System><EventData><Data Name='RuleName'></Data><Data Name='UtcTime'>2020-05-18 06:57:53.403</Data><Data Name='SourceProcessGuid'>{5d3d98af-264b-5ec2-0000-00107e200800}</Data><Data Name='SourceProcessId'>6868</Data><Data Name='SourceImage'>C:\Windows\System32\VBoxTray.exe</Data><Data Name='TargetProcessGuid'>{5d3d98af-2633-5ec2-0000-001082560000}</Data><Data Name='TargetProcessId'>536</Data><Data Name='TargetImage'>C:\Windows\System32\csrss.exe</Data><Data Name='NewThreadId'>3560</Data><Data Name='StartAddress'>0xFFFFF661C9312460</Data><Data Name='StartModule'></Data><Data Name='StartFunction'></Data></EventData></Event><Event xmlns='http://schemas.microsoft.com/win/2004/08/events/event'><System><Provider Name='Microsoft-Windows-Sysmon' Guid='{5770385f-c22a-43e0-bf4c-06f5698ffbd9}'/><EventID>5</EventID><Version>3</Version><Level>4</Level><Task>5</Task><Opcode>0</Opcode><Keywords>0x8000000000000000</Keywords><TimeCreated SystemTime='2020-05-18T06:57:52.242139500Z'/><EventRecordID>2709</EventRecordID><Correlation/><Execution ProcessID='2848' ThreadID='3280'/><Channel>Microsoft-Windows-Sysmon/Operational</Channel><Computer>DESKTOP-P84STH6</Computer><Security UserID='S-1-5-18'/></System><EventData><Data Name='RuleName'></Data><Data Name='UtcTime'>2020-05-18 06:57:52.204</Data><Data Name='ProcessGuid'>{5d3d98af-31eb-5ec2-0000-001063fb5600}</Data><Data Name='ProcessId'>5144</Data><Data Name='Image'>C:\Users\NS\Desktop\âtâìâôâgâëâCâô\âtâìâôâgâëâCâô.exe</Data></EventData></Event>