<?xml version="1.0" encoding="utf-8" standalone="yes"?>
<Events><Event xmlns='http://schemas.microsoft.com/win/2004/08/events/event'><System><Provider Name='Microsoft-Windows-Sysmon' Guid='{5770385f-c22a-43e0-bf4c-06f5698ffbd9}'/><EventID>22</EventID><Version>5</Version><Level>4</Level><Task>22</Task><Opcode>0</Opcode><Keywords>0x8000000000000000</Keywords><TimeCreated SystemTime='2020-05-18T07:28:24.191425100Z'/><EventRecordID>2833</EventRecordID><Correlation/><Execution ProcessID='2848' ThreadID='3264'/><Channel>Microsoft-Windows-Sysmon/Operational</Channel><Computer>DESKTOP-P84STH6</Computer><Security UserID='S-1-5-18'/></System><EventData><Data Name='RuleName'></Data><Data Name='UtcTime'>2020-05-18 07:28:21.049</Data><Data Name='ProcessGuid'>{5d3d98af-3914-5ec2-0000-00103c508c00}</Data><Data Name='ProcessId'>1296</Data><Data Name='QueryName'>fpdownload.macromedia.com</Data><Data Name='QueryStatus'>0</Data><Data Name='QueryResults'>type:  5 fpdownload.macromedia.com.edgekey.net;type:  5 e13914.dscd.akamaiedge.net;::ffff:163.28.226.23;88.221.81.192;2600:1480:e800::c0;163.28.5.87;203.211.2.191;203.211.2.204;23.210.215.110;23.210.215.214;23.210.215.181;203.211.5.45;</Data><Data Name='Image'>C:\Windows\System32\MicrosoftEdgeBCHost.exe</Data></EventData></Event><Event xmlns='http://schemas.microsoft.com/win/2004/08/events/event'><System><Provider Name='Microsoft-Windows-Sysmon' Guid='{5770385f-c22a-43e0-bf4c-06f5698ffbd9}'/><EventID>22</EventID><Version>5</Version><Level>4</Level><Task>22</Task><Opcode>0</Opcode><Keywords>0x8000000000000000</Keywords><TimeCreated SystemTime='2020-05-18T07:28:23.187310400Z'/><EventRecordID>2832</EventRecordID><Correlation/><Execution ProcessID='2848' ThreadID='3264'/><Channel>Microsoft-Windows-Sysmon/Operational</Channel><Computer>DESKTOP-P84STH6</Computer><Security UserID='S-1-5-18'/></System><EventData><Data Name='RuleName'></Data><Data Name='UtcTime'>2020-05-18 07:28:20.503</Data><Data Name='ProcessGuid'>{5d3d98af-263d-5ec2-0000-00100b290600}</Data><Data Name='ProcessId'>5540</Data><Data Name='QueryName'>twitter.com</Data><Data Name='QueryStatus'>0</Data><Data Name='QueryResults'>::ffff:104.244.42.65;205.251.192.179;205.251.196.198;205.251.194.151;208.78.70.34;204.13.250.34;208.78.71.34;204.13.251.34;204.13.250.34;</Data><Data Name='Image'>C:\Windows\SystemApps\Microsoft.MicrosoftEdge_8wekyb3d8bbwe\MicrosoftEdge.exe</Data></EventData></Event><Event xmlns='http://schemas.microsoft.com/win/2004/08/events/event'><System><Provider Name='Microsoft-Windows-Sysmon' Guid='{5770385f-c22a-43e0-bf4c-06f5698ffbd9}'/><EventID>22</EventID><Version>5</Version><Level>4</Level><Task>22</Task><Opcode>0</Opcode><Keywords>0x8000000000000000</Keywords><TimeCreated SystemTime='2020-05-18T07:28:23.187038300Z'/><EventRecordID>2831</EventRecordID><Correlation/><Execution ProcessID='2848' ThreadID='3264'/><Channel>Microsoft-Windows-Sysmon/Operational</Channel><Computer>DESKTOP-P84STH6</Computer><Security UserID='S-1-5-18'/></System><EventData><Data Name='RuleName'></Data><Data Name='UtcTime'>2020-05-18 07:28:19.429</Data><Data Name='ProcessGuid'>{5d3d98af-3914-5ec2-0000-00103c508c00}</Data><Data Name='ProcessId'>1296</Data><Data Name='QueryName'>geo2.adobe.com</Data><Data Name='QueryStatus'>0</Data><Data Name='QueryResults'>type:  5 ssl-delivery.adobe.com.edgekey.net;type:  5 e4578.dscg.akamaiedge.net;::ffff:163.28.224.179;88.221.81.192;2600:1480:e800::c0;203.211.2.191;23.210.215.103;23.210.215.214;23.210.215.110;203.211.5.23;203.211.2.231;163.28.5.62;</Data><Data Name='Image'>C:\Windows\System32\MicrosoftEdgeBCHost.exe</Data></EventData></Event><Event xmlns='http://schemas.microsoft.com/win/2004/08/events/event'><System><Provider Name='Microsoft-Windows-Sysmon' Guid='{5770385f-c22a-43e0-bf4c-06f5698ffbd9}'/><EventID>22</EventID><Version>5</Version><Level>4</Level><Task>22</Task><Opcode>0</Opcode><Keywords>0x8000000000000000</Keywords><TimeCreated SystemTime='2020-05-18T07:28:21.176262600Z'/><EventRecordID>2830</EventRecordID><Correlation/><Execution ProcessID='2848' ThreadID='3264'/><Channel>Microsoft-Windows-Sysmon/Operational</Channel><Computer>DESKTOP-P84STH6</Computer><Security UserID='S-1-5-18'/></System><EventData><Data Name='RuleName'></Data><Data Name='UtcTime'>2020-05-18 07:28:18.811</Data><Data Name='ProcessGuid'>{5d3d98af-3914-5ec2-0000-00103c508c00}</Data><Data Name='ProcessId'>1296</Data><Data Name='QueryName'>neutralxe.net</Data><Data Name='QueryStatus'>0</Data><Data Name='QueryResults'>::ffff:182.48.10.221;</Data><Data Name='Image'>C:\Windows\System32\MicrosoftEdgeBCHost.exe</Data></EventData></Event><Event xmlns='http://schemas.microsoft.com/win/2004/08/events/event'><System><Provider Name='Microsoft-Windows-Sysmon' Guid='{5770385f-c22a-43e0-bf4c-06f5698ffbd9}'/><EventID>22</EventID><Version>5</Version><Level>4</Level><Task>22</Task><Opcode>0</Opcode><Keywords>0x8000000000000000</Keywords><TimeCreated SystemTime='2020-05-18T07:28:13.387575900Z'/><EventRecordID>2829</EventRecordID><Correlation/><Execution ProcessID='2848' ThreadID='3264'/><Channel>Microsoft-Windows-Sysmon/Operational</Channel><Computer>DESKTOP-P84STH6</Computer><Security UserID='S-1-5-18'/></System><EventData><Data Name='RuleName'></Data><Data Name='UtcTime'>2020-05-18 07:28:10.464</Data><Data Name='ProcessGuid'>{5d3d98af-263d-5ec2-0000-00100b290600}</Data><Data Name='ProcessId'>5540</Data><Data Name='QueryName'>twitter.com</Data><Data Name='QueryStatus'>0</Data><Data Name='QueryResults'>::ffff:104.244.42.65;205.251.192.179;205.251.196.198;205.251.194.151;205.251.199.195;208.78.70.34;204.13.250.34;208.78.71.34;204.13.251.34;208.78.70.34;204.13.250.34;</Data><Data Name='Image'>C:\Windows\SystemApps\Microsoft.MicrosoftEdge_8wekyb3d8bbwe\MicrosoftEdge.exe</Data></EventData></Event><Event xmlns='http://schemas.microsoft.com/win/2004/08/events/event'><System><Provider Name='Microsoft-Windows-Sysmon' Guid='{5770385f-c22a-43e0-bf4c-06f5698ffbd9}'/><EventID>22</EventID><Version>5</Version><Level>4</Level><Task>22</Task><Opcode>0</Opcode><Keywords>0x8000000000000000</Keywords><TimeCreated SystemTime='2020-05-18T07:28:12.387022100Z'/><EventRecordID>2828</EventRecordID><Correlation/><Execution ProcessID='2848' ThreadID='3264'/><Channel>Microsoft-Windows-Sysmon/Operational</Channel><Computer>DESKTOP-P84STH6</Computer><Security UserID='S-1-5-18'/></System><EventData><Data Name='RuleName'></Data><Data Name='UtcTime'>2020-05-18 07:28:10.047</Data><Data Name='ProcessGuid'>{5d3d98af-34ab-5ec2-0000-00104a336d00}</Data><Data Name='ProcessId'>4104</Data><Data Name='QueryName'>d9.flashtalking.com</Data><Data Name='QueryStatus'>0</Data><Data Name='QueryResults'>type:  5 ft.device9.com;type:  5 tag.device9.com;::ffff:54.154.187.33;::ffff:18.203.205.231;::ffff:34.247.143.0;::ffff:52.17.219.65;::ffff:54.72.26.94;::ffff:54.72.27.67;205.251.193.206;2600:9000:5301:ce00::1;205.251.194.76;2600:9000:5302:4c00::1;205.251.196.193;2600:9000:5304:c100::1;205.251.199.94;2600:9000:5307:5e00::1;</Data><Data Name='Image'>C:\Windows\System32\MicrosoftEdgeCP.exe</Data></EventData></Event><Event xmlns='http://schemas.microsoft.com/win/2004/08/events/event'><System><Provider Name='Microsoft-Windows-Sysmon' Guid='{5770385f-c22a-43e0-bf4c-06f5698ffbd9}'/><EventID>22</EventID><Version>5</Version><Level>4</Level><Task>22</Task><Opcode>0</Opcode><Keywords>0x8000000000000000</Keywords><TimeCreated SystemTime='2020-05-18T07:28:12.386861000Z'/><EventRecordID>2827</EventRecordID><Correlation/><Execution ProcessID='2848' ThreadID='3264'/><Channel>Microsoft-Windows-Sysmon/Operational</Channel><Computer>DESKTOP-P84STH6</Computer><Security UserID='S-1-5-18'/></System><EventData><Data Name='RuleName'></Data><Data Name='UtcTime'>2020-05-18 07:28:09.792</Data><Data Name='ProcessGuid'>{5d3d98af-34ab-5ec2-0000-00104a336d00}</Data><Data Name='ProcessId'>4104</Data><Data Name='QueryName'>cdn.flashtalking.com</Data><Data Name='QueryStatus'>0</Data><Data Name='QueryResults'>type:  5 cds.x3r8v6j3.hwcdn.net;::ffff:205.185.216.42;::ffff:205.185.216.10;69.16.174.10;209.197.2.10;</Data><Data Name='Image'>C:\Windows\System32\MicrosoftEdgeCP.exe</Data></EventData></Event><Event xmlns='http://schemas.microsoft.com/win/2004/08/events/event'><System><Provider Name='Microsoft-Windows-Sysmon' Guid='{5770385f-c22a-43e0-bf4c-06f5698ffbd9}'/><EventID>22</EventID><Version>5</Version><Level>4</Level><Task>22</Task><Opcode>0</Opcode><Keywords>0x8000000000000000</Keywords><TimeCreated SystemTime='2020-05-18T07:28:12.386737800Z'/><EventRecordID>2826</EventRecordID><Correlation/><Execution ProcessID='2848' ThreadID='3264'/><Channel>Microsoft-Windows-Sysmon/Operational</Channel><Computer>DESKTOP-P84STH6</Computer><Security UserID='S-1-5-18'/></System><EventData><Data Name='RuleName'></Data><Data Name='UtcTime'>2020-05-18 07:28:09.504</Data><Data Name='ProcessGuid'>{5d3d98af-34ab-5ec2-0000-00104a336d00}</Data><Data Name='ProcessId'>4104</Data><Data Name='QueryName'>img.scupio.com</Data><Data Name='QueryStatus'>0</Data><Data Name='QueryResults'>type:  5 d3l4qajda78th8.cloudfront.net;::ffff:13.35.37.36;::ffff:13.35.37.37;::ffff:13.35.37.88;::ffff:13.35.37.109;205.251.193.65;2600:9000:5301:4100::1;205.251.194.209;2600:9000:5302:d100::1;205.251.196.44;2600:9000:5304:2c00::1;205.251.198.19;2600:9000:5306:1300::1;</Data><Data Name='Image'>C:\Windows\System32\MicrosoftEdgeCP.exe</Data></EventData></Event><Event xmlns='http://schemas.microsoft.com/win/2004/08/events/event'><System><Provider Name='Microsoft-Windows-Sysmon' Guid='{5770385f-c22a-43e0-bf4c-06f5698ffbd9}'/><EventID>22</EventID><Version>5</Version><Level>4</Level><Task>22</Task><Opcode>0</Opcode><Keywords>0x8000000000000000</Keywords><TimeCreated SystemTime='2020-05-18T07:28:12.386522700Z'/><EventRecordID>2825</EventRecordID><Correlation/><Execution ProcessID='2848' ThreadID='3264'/><Channel>Microsoft-Windows-Sysmon/Operational</Channel><Computer>DESKTOP-P84STH6</Computer><Security UserID='S-1-5-18'/></System><EventData><Data Name='RuleName'></Data><Data Name='UtcTime'>2020-05-18 07:28:09.495</Data><Data Name='ProcessGuid'>{5d3d98af-34ab-5ec2-0000-00104a336d00}</Data><Data Name='ProcessId'>4104</Data><Data Name='QueryName'>servedby.flashtalking.com</Data><Data Name='QueryStatus'>0</Data><Data Name='QueryResults'>type:  5 cds.f7f2q8c3.hwcdn.net;::ffff:205.185.216.42;::ffff:205.185.216.10;69.16.174.10;209.197.2.10;</Data><Data Name='Image'>C:\Windows\System32\MicrosoftEdgeCP.exe</Data></EventData></Event><Event xmlns='http://schemas.microsoft.com/win/2004/08/events/event'><System><Provider Name='Microsoft-Windows-Sysmon' Guid='{5770385f-c22a-43e0-bf4c-06f5698ffbd9}'/><EventID>22</EventID><Version>5</Version><Level>4</Level><Task>22</Task><Opcode>0</Opcode><Keywords>0x8000000000000000</Keywords><TimeCreated SystemTime='2020-05-18T07:28:12.385448100Z'/><EventRecordID>2824</EventRecordID><Correlation/><Execution ProcessID='2848' ThreadID='3264'/><Channel>Microsoft-Windows-Sysmon/Operational</Channel><Computer>DESKTOP-P84STH6</Computer><Security UserID='S-1-5-18'/></System><EventData><Data Name='RuleName'></Data><Data Name='UtcTime'>2020-05-18 07:28:08.996</Data><Data Name='ProcessGuid'>{5d3d98af-34ab-5ec2-0000-00104a336d00}</Data><Data Name='ProcessId'>4104</Data><Data Name='QueryName'>code.jquery.com</Data><Data Name='QueryStatus'>0</Data><Data Name='QueryResults'>type:  5 cds.s5x3j6q5.hwcdn.net;::ffff:209.197.3.24;69.16.174.10;209.197.2.10;</Data><Data Name='Image'>C:\Windows\System32\MicrosoftEdgeCP.exe</Data></EventData></Event><Event xmlns='http://schemas.microsoft.com/win/2004/08/events/event'><System><Provider Name='Microsoft-Windows-Sysmon' Guid='{5770385f-c22a-43e0-bf4c-06f5698ffbd9}'/><EventID>22</EventID><Version>5</Version><Level>4</Level><Task>22</Task><Opcode>0</Opcode><Keywords>0x8000000000000000</Keywords><TimeCreated SystemTime='2020-05-18T07:28:11.379514900Z'/><EventRecordID>2823</EventRecordID><Correlation/><Execution ProcessID='2848' ThreadID='3264'/><Channel>Microsoft-Windows-Sysmon/Operational</Channel><Computer>DESKTOP-P84STH6</Computer><Security UserID='S-1-5-18'/></System><EventData><Data Name='RuleName'></Data><Data Name='UtcTime'>2020-05-18 07:28:08.896</Data><Data Name='ProcessGuid'>{5d3d98af-34ab-5ec2-0000-00104a336d00}</Data><Data Name='ProcessId'>4104</Data><Data Name='QueryName'>syndication.twitter.com</Data><Data Name='QueryStatus'>0</Data><Data Name='QueryResults'>::ffff:104.244.42.200;205.251.192.179;205.251.196.198;205.251.194.151;205.251.199.195;208.78.70.34;204.13.250.34;208.78.71.34;204.13.251.34;208.78.70.34;204.13.250.34;</Data><Data Name='Image'>C:\Windows\System32\MicrosoftEdgeCP.exe</Data></EventData></Event><Event xmlns='http://schemas.microsoft.com/win/2004/08/events/event'><System><Provider Name='Microsoft-Windows-Sysmon' Guid='{5770385f-c22a-43e0-bf4c-06f5698ffbd9}'/><EventID>22</EventID><Version>5</Version><Level>4</Level><Task>22</Task><Opcode>0</Opcode><Keywords>0x8000000000000000</Keywords><TimeCreated SystemTime='2020-05-18T07:28:11.379365900Z'/><EventRecordID>2822</EventRecordID><Correlation/><Execution ProcessID='2848' ThreadID='3264'/><Channel>Microsoft-Windows-Sysmon/Operational</Channel><Computer>DESKTOP-P84STH6</Computer><Security UserID='S-1-5-18'/></System><EventData><Data Name='RuleName'></Data><Data Name='UtcTime'>2020-05-18 07:28:08.772</Data><Data Name='ProcessGuid'>{5d3d98af-34ab-5ec2-0000-00104a336d00}</Data><Data Name='ProcessId'>4104</Data><Data Name='QueryName'>cc.adingo.jp</Data><Data Name='QueryStatus'>0</Data><Data Name='QueryResults'>::ffff:100.25.225.218;::ffff:3.217.164.228;::ffff:3.225.92.69;::ffff:34.195.91.242;::ffff:34.206.225.118;::ffff:52.72.195.204;::ffff:54.164.34.2;::ffff:54.242.44.147;205.251.193.236;2600:9000:5301:ec00::1;205.251.195.148;2600:9000:5303:9400::1;205.251.197.190;2600:9000:5305:be00::1;205.251.199.25;2600:9000:5307:1900::1;</Data><Data Name='Image'>C:\Windows\System32\MicrosoftEdgeCP.exe</Data></EventData></Event><Event xmlns='http://schemas.microsoft.com/win/2004/08/events/event'><System><Provider Name='Microsoft-Windows-Sysmon' Guid='{5770385f-c22a-43e0-bf4c-06f5698ffbd9}'/><EventID>22</EventID><Version>5</Version><Level>4</Level><Task>22</Task><Opcode>0</Opcode><Keywords>0x8000000000000000</Keywords><TimeCreated SystemTime='2020-05-18T07:28:11.379268000Z'/><EventRecordID>2821</EventRecordID><Correlation/><Execution ProcessID='2848' ThreadID='3264'/><Channel>Microsoft-Windows-Sysmon/Operational</Channel><Computer>DESKTOP-P84STH6</Computer><Security UserID='S-1-5-18'/></System><EventData><Data Name='RuleName'></Data><Data Name='UtcTime'>2020-05-18 07:28:08.694</Data><Data Name='ProcessGuid'>{5d3d98af-34ab-5ec2-0000-00104a336d00}</Data><Data Name='ProcessId'>4104</Data><Data Name='QueryName'>d.agkn.com</Data><Data Name='QueryStatus'>0</Data><Data Name='QueryResults'>type:  5 data.agkn.com;type:  5 d2ctznuk6ro1vp.cloudfront.net;::ffff:13.35.37.23;::ffff:13.35.37.57;::ffff:13.35.37.99;::ffff:13.35.37.14;205.251.192.158;2600:9000:5300:9e00::1;205.251.194.236;2600:9000:5302:ec00::1;205.251.197.57;2600:9000:5305:3900::1;205.251.198.152;2600:9000:5306:9800::1;</Data><Data Name='Image'>C:\Windows\System32\MicrosoftEdgeCP.exe</Data></EventData></Event><Event xmlns='http://schemas.microsoft.com/win/2004/08/events/event'><System><Provider Name='Microsoft-Windows-Sysmon' Guid='{5770385f-c22a-43e0-bf4c-06f5698ffbd9}'/><EventID>22</EventID><Version>5</Version><Level>4</Level><Task>22</Task><Opcode>0</Opcode><Keywords>0x8000000000000000</Keywords><TimeCreated SystemTime='2020-05-18T07:28:11.378821800Z'/><EventRecordID>2820</EventRecordID><Correlation/><Execution ProcessID='2848' ThreadID='3264'/><Channel>Microsoft-Windows-Sysmon/Operational</Channel><Computer>DESKTOP-P84STH6</Computer><Security UserID='S-1-5-18'/></System><EventData><Data Name='RuleName'></Data><Data Name='UtcTime'>2020-05-18 07:28:08.505</Data><Data Name='ProcessGuid'>{5d3d98af-34ab-5ec2-0000-00104a336d00}</Data><Data Name='ProcessId'>4104</Data><Data Name='QueryName'>rec.scupio.com</Data><Data Name='QueryStatus'>0</Data><Data Name='QueryResults'>::ffff:210.59.219.175;205.251.193.244;2600:9000:5301:f400::1;205.251.194.127;2600:9000:5302:7f00::1;205.251.196.201;2600:9000:5304:c900::1;205.251.199.42;2600:9000:5307:2a00::1;</Data><Data Name='Image'>C:\Windows\System32\MicrosoftEdgeCP.exe</Data></EventData></Event><Event xmlns='http://schemas.microsoft.com/win/2004/08/events/event'><System><Provider Name='Microsoft-Windows-Sysmon' Guid='{5770385f-c22a-43e0-bf4c-06f5698ffbd9}'/><EventID>22</EventID><Version>5</Version><Level>4</Level><Task>22</Task><Opcode>0</Opcode><Keywords>0x8000000000000000</Keywords><TimeCreated SystemTime='2020-05-18T07:28:11.378663600Z'/><EventRecordID>2819</EventRecordID><Correlation/><Execution ProcessID='2848' ThreadID='3264'/><Channel>Microsoft-Windows-Sysmon/Operational</Channel><Computer>DESKTOP-P84STH6</Computer><Security UserID='S-1-5-18'/></System><EventData><Data Name='RuleName'></Data><Data Name='UtcTime'>2020-05-18 07:28:08.495</Data><Data Name='ProcessGuid'>{5d3d98af-34ab-5ec2-0000-00104a336d00}</Data><Data Name='ProcessId'>4104</Data><Data Name='QueryName'>www.google.com</Data><Data Name='QueryStatus'>0</Data><Data Name='QueryResults'>::ffff:172.217.160.68;216.239.32.10;2001:4860:4802:32::a;216.239.34.10;2001:4860:4802:34::a;216.239.36.10;2001:4860:4802:36::a;216.239.38.10;2001:4860:4802:38::a;</Data><Data Name='Image'>C:\Windows\System32\MicrosoftEdgeCP.exe</Data></EventData></Event><Event xmlns='http://schemas.microsoft.com/win/2004/08/events/event'><System><Provider Name='Microsoft-Windows-Sysmon' Guid='{5770385f-c22a-43e0-bf4c-06f5698ffbd9}'/><EventID>22</EventID><Version>5</Version><Level>4</Level><Task>22</Task><Opcode>0</Opcode><Keywords>0x8000000000000000</Keywords><TimeCreated SystemTime='2020-05-18T07:28:10.364102500Z'/><EventRecordID>2818</EventRecordID><Correlation/><Execution ProcessID='2848' ThreadID='3264'/><Channel>Microsoft-Windows-Sysmon/Operational</Channel><Computer>DESKTOP-P84STH6</Computer><Security UserID='S-1-5-18'/></System><EventData><Data Name='RuleName'></Data><Data Name='UtcTime'>2020-05-18 07:28:07.708</Data><Data Name='ProcessGuid'>{5d3d98af-34ab-5ec2-0000-00104a336d00}</Data><Data Name='ProcessId'>4104</Data><Data Name='QueryName'>adservice.google.com.tw</Data><Data Name='QueryStatus'>0</Data><Data Name='QueryResults'>type:  5 pagead46.l.doubleclick.net;::ffff:216.58.200.226;216.239.32.10;2001:4860:4802:32::a;216.239.34.10;2001:4860:4802:34::a;216.239.36.10;2001:4860:4802:36::a;216.239.38.10;2001:4860:4802:38::a;</Data><Data Name='Image'>C:\Windows\System32\MicrosoftEdgeCP.exe</Data></EventData></Event><Event xmlns='http://schemas.microsoft.com/win/2004/08/events/event'><System><Provider Name='Microsoft-Windows-Sysmon' Guid='{5770385f-c22a-43e0-bf4c-06f5698ffbd9}'/><EventID>22</EventID><Version>5</Version><Level>4</Level><Task>22</Task><Opcode>0</Opcode><Keywords>0x8000000000000000</Keywords><TimeCreated SystemTime='2020-05-18T07:28:10.363790300Z'/><EventRecordID>2817</EventRecordID><Correlation/><Execution ProcessID='2848' ThreadID='3264'/><Channel>Microsoft-Windows-Sysmon/Operational</Channel><Computer>DESKTOP-P84STH6</Computer><Security UserID='S-1-5-18'/></System><EventData><Data Name='RuleName'></Data><Data Name='UtcTime'>2020-05-18 07:28:07.683</Data><Data Name='ProcessGuid'>{5d3d98af-34ab-5ec2-0000-00104a336d00}</Data><Data Name='ProcessId'>4104</Data><Data Name='QueryName'>www.facebook.com</Data><Data Name='QueryStatus'>0</Data><Data Name='QueryResults'>type:  5 star-mini.c10r.facebook.com;::ffff:31.13.87.36;129.134.30.11;2a03:2880:f0fc:b:face:b00c:0:99;129.134.31.11;2a03:2880:f0fd:b:face:b00c:0:99;185.89.218.11;2a03:2880:f1fc:b:face:b00c:0:99;185.89.219.11;2a03:2880:f1fd:b:face:b00c:0:99;</Data><Data Name='Image'>C:\Windows\System32\MicrosoftEdgeCP.exe</Data></EventData></Event><Event xmlns='http://schemas.microsoft.com/win/2004/08/events/event'><System><Provider Name='Microsoft-Windows-Sysmon' Guid='{5770385f-c22a-43e0-bf4c-06f5698ffbd9}'/><EventID>22</EventID><Version>5</Version><Level>4</Level><Task>22</Task><Opcode>0</Opcode><Keywords>0x8000000000000000</Keywords><TimeCreated SystemTime='2020-05-18T07:28:10.363571200Z'/><EventRecordID>2816</EventRecordID><Correlation/><Execution ProcessID='2848' ThreadID='3264'/><Channel>Microsoft-Windows-Sysmon/Operational</Channel><Computer>DESKTOP-P84STH6</Computer><Security UserID='S-1-5-18'/></System><EventData><Data Name='RuleName'></Data><Data Name='UtcTime'>2020-05-18 07:28:07.676</Data><Data Name='ProcessGuid'>{5d3d98af-34ab-5ec2-0000-00104a336d00}</Data><Data Name='ProcessId'>4104</Data><Data Name='QueryName'>platform.tumblr.com</Data><Data Name='QueryStatus'>0</Data><Data Name='QueryResults'>type:  5 cs1143.wpc.chicdn.net;::ffff:152.199.43.87;</Data><Data Name='Image'>C:\Windows\System32\MicrosoftEdgeCP.exe</Data></EventData></Event><Event xmlns='http://schemas.microsoft.com/win/2004/08/events/event'><System><Provider Name='Microsoft-Windows-Sysmon' Guid='{5770385f-c22a-43e0-bf4c-06f5698ffbd9}'/><EventID>22</EventID><Version>5</Version><Level>4</Level><Task>22</Task><Opcode>0</Opcode><Keywords>0x8000000000000000</Keywords><TimeCreated SystemTime='2020-05-18T07:28:10.363130800Z'/><EventRecordID>2815</EventRecordID><Correlation/><Execution ProcessID='2848' ThreadID='3264'/><Channel>Microsoft-Windows-Sysmon/Operational</Channel><Computer>DESKTOP-P84STH6</Computer><Security UserID='S-1-5-18'/></System><EventData><Data Name='RuleName'></Data><Data Name='UtcTime'>2020-05-18 07:28:07.412</Data><Data Name='ProcessGuid'>{5d3d98af-34ab-5ec2-0000-00104a336d00}</Data><Data Name='ProcessId'>4104</Data><Data Name='QueryName'>neutralxe.net</Data><Data Name='QueryStatus'>0</Data><Data Name='QueryResults'>::ffff:182.48.10.221;</Data><Data Name='Image'>C:\Windows\System32\MicrosoftEdgeCP.exe</Data></EventData></Event><Event xmlns='http://schemas.microsoft.com/win/2004/08/events/event'><System><Provider Name='Microsoft-Windows-Sysmon' Guid='{5770385f-c22a-43e0-bf4c-06f5698ffbd9}'/><EventID>1</EventID><Version>5</Version><Level>4</Level><Task>1</Task><Opcode>0</Opcode><Keywords>0x8000000000000000</Keywords><TimeCreated SystemTime='2020-05-18T07:25:26.020201700Z'/><EventRecordID>2814</EventRecordID><Correlation/><Execution ProcessID='2848' ThreadID='3280'/><Channel>Microsoft-Windows-Sysmon/Operational</Channel><Computer>DESKTOP-P84STH6</Computer><Security UserID='S-1-5-18'/></System><EventData><Data Name='RuleName'></Data><Data Name='UtcTime'>2020-05-18 07:25:26.011</Data><Data Name='ProcessGuid'>{5d3d98af-3866-5ec2-0000-0010223f8800}</Data><Data Name='ProcessId'>8152</Data><Data Name='Image'>C:\Windows\System32\sc.exe</Data><Data Name='FileVersion'>10.0.18362.1 (WinBuild.160101.0800)</Data><Data Name='Description'>Service Control Manager Configuration Tool</Data><Data Name='Product'>Microsoft® Windows® Operating System</Data><Data Name='Company'>Microsoft Corporation</Data><Data Name='OriginalFileName'>sc.exe</Data><Data Name='CommandLine'>C:\Windows\system32\sc.exe start wuauserv</Data><Data Name='CurrentDirectory'>C:\Windows\system32\</Data><Data Name='User'>NT AUTHORITY\SYSTEM</Data><Data Name='LogonGuid'>{5d3d98af-2633-5ec2-0000-0020e7030000}</Data><Data Name='LogonId'>0x3e7</Data><Data Name='TerminalSessionId'>0</Data><Data Name='IntegrityLevel'>System</Data><Data Name='Hashes'>MD5=E46C638010C25479F66BACBE8596CA76,SHA256=39C59C362649090B4D34E5C8221C6E86552C07FE2DF3478D591A68B70917BC0A,IMPHASH=35A7FFDE18D444A92D32C8B2879450FF</Data><Data Name='ParentProcessGuid'>{5d3d98af-2634-5ec2-0000-0010bcd90000}</Data><Data Name='ParentProcessId'>1144</Data><Data Name='ParentImage'>C:\Windows\System32\svchost.exe</Data><Data Name='ParentCommandLine'>C:\Windows\system32\svchost.exe -k netsvcs -p -s Schedule</Data></EventData></Event><Event xmlns='http://schemas.microsoft.com/win/2004/08/events/event'><System><Provider Name='Microsoft-Windows-Sysmon' Guid='{5770385f-c22a-43e0-bf4c-06f5698ffbd9}'/><EventID>22</EventID><Version>5</Version><Level>4</Level><Task>22</Task><Opcode>0</Opcode><Keywords>0x8000000000000000</Keywords><TimeCreated SystemTime='2020-05-18T07:14:19.503722600Z'/><EventRecordID>2813</EventRecordID><Correlation/><Execution ProcessID='2848' ThreadID='3264'/><Channel>Microsoft-Windows-Sysmon/Operational</Channel><Computer>DESKTOP-P84STH6</Computer><Security UserID='S-1-5-18'/></System><EventData><Data Name='RuleName'></Data><Data Name='UtcTime'>2020-05-18 07:14:15.527</Data><Data Name='ProcessGuid'>{5d3d98af-2638-5ec2-0000-001015f60300}</Data><Data Name='ProcessId'>3864</Data><Data Name='QueryName'>cdn.onenote.net</Data><Data Name='QueryStatus'>0</Data><Data Name='QueryResults'>type:  5 cdn.onenote.net.edgekey.net;type:  5 e1553.dspg.akamaiedge.net;::ffff:104.94.37.40;88.221.81.192;203.211.2.191;203.211.2.212;203.211.2.204;23.210.215.110;203.211.5.23;203.211.2.231;163.28.5.62;</Data><Data Name='Image'>C:\Windows\System32\svchost.exe</Data></EventData></Event><Event xmlns='http://schemas.microsoft.com/win/2004/08/events/event'><System><Provider Name='Microsoft-Windows-Sysmon' Guid='{5770385f-c22a-43e0-bf4c-06f5698ffbd9}'/><EventID>22</EventID><Version>5</Version><Level>4</Level><Task>22</Task><Opcode>0</Opcode><Keywords>0x8000000000000000</Keywords><TimeCreated SystemTime='2020-05-18T07:09:31.740124400Z'/><EventRecordID>2812</EventRecordID><Correlation/><Execution ProcessID='2848' ThreadID='3264'/><Channel>Microsoft-Windows-Sysmon/Operational</Channel><Computer>DESKTOP-P84STH6</Computer><Security UserID='S-1-5-18'/></System><EventData><Data Name='RuleName'></Data><Data Name='UtcTime'>2020-05-18 07:09:28.499</Data><Data Name='ProcessGuid'>{5d3d98af-34a7-5ec2-0000-001081ea6c00}</Data><Data Name='ProcessId'>7320</Data><Data Name='QueryName'>fpdownload.macromedia.com</Data><Data Name='QueryStatus'>0</Data><Data Name='QueryResults'>type:  5 fpdownload.macromedia.com.edgekey.net;type:  5 e13914.dscd.akamaiedge.net;::ffff:163.28.226.23;</Data><Data Name='Image'>C:\Windows\System32\MicrosoftEdgeBCHost.exe</Data></EventData></Event><Event xmlns='http://schemas.microsoft.com/win/2004/08/events/event'><System><Provider Name='Microsoft-Windows-Sysmon' Guid='{5770385f-c22a-43e0-bf4c-06f5698ffbd9}'/><EventID>22</EventID><Version>5</Version><Level>4</Level><Task>22</Task><Opcode>0</Opcode><Keywords>0x8000000000000000</Keywords><TimeCreated SystemTime='2020-05-18T07:09:28.767929000Z'/><EventRecordID>2811</EventRecordID><Correlation/><Execution ProcessID='2848' ThreadID='3264'/><Channel>Microsoft-Windows-Sysmon/Operational</Channel><Computer>DESKTOP-P84STH6</Computer><Security UserID='S-1-5-18'/></System><EventData><Data Name='RuleName'></Data><Data Name='UtcTime'>2020-05-18 07:09:26.607</Data><Data Name='ProcessGuid'>{5d3d98af-34a7-5ec2-0000-001081ea6c00}</Data><Data Name='ProcessId'>7320</Data><Data Name='QueryName'>geo2.adobe.com</Data><Data Name='QueryStatus'>0</Data><Data Name='QueryResults'>type:  5 ssl-delivery.adobe.com.edgekey.net;type:  5 e4578.dscg.akamaiedge.net;::ffff:163.28.224.179;88.221.81.192;2600:1480:e800::c0;203.211.2.191;23.210.215.103;23.210.215.214;23.210.215.110;203.211.5.23;203.211.2.231;163.28.5.62;</Data><Data Name='Image'>C:\Windows\System32\MicrosoftEdgeBCHost.exe</Data></EventData></Event><Event xmlns='http://schemas.microsoft.com/win/2004/08/events/event'><System><Provider Name='Microsoft-Windows-Sysmon' Guid='{5770385f-c22a-43e0-bf4c-06f5698ffbd9}'/><EventID>22</EventID><Version>5</Version><Level>4</Level><Task>22</Task><Opcode>0</Opcode><Keywords>0x8000000000000000</Keywords><TimeCreated SystemTime='2020-05-18T07:09:28.737367100Z'/><EventRecordID>2810</EventRecordID><Correlation/><Execution ProcessID='2848' ThreadID='3264'/><Channel>Microsoft-Windows-Sysmon/Operational</Channel><Computer>DESKTOP-P84STH6</Computer><Security UserID='S-1-5-18'/></System><EventData><Data Name='RuleName'></Data><Data Name='UtcTime'>2020-05-18 07:09:26.339</Data><Data Name='ProcessGuid'>{5d3d98af-34a7-5ec2-0000-001081ea6c00}</Data><Data Name='ProcessId'>7320</Data><Data Name='QueryName'>neutralxe.net</Data><Data Name='QueryStatus'>0</Data><Data Name='QueryResults'>::ffff:182.48.10.221;</Data><Data Name='Image'>C:\Windows\System32\MicrosoftEdgeBCHost.exe</Data></EventData></Event><Event xmlns='http://schemas.microsoft.com/win/2004/08/events/event'><System><Provider Name='Microsoft-Windows-Sysmon' Guid='{5770385f-c22a-43e0-bf4c-06f5698ffbd9}'/><EventID>22</EventID><Version>5</Version><Level>4</Level><Task>22</Task><Opcode>0</Opcode><Keywords>0x8000000000000000</Keywords><TimeCreated SystemTime='2020-05-18T07:09:24.706717400Z'/><EventRecordID>2809</EventRecordID><Correlation/><Execution ProcessID='2848' ThreadID='3264'/><Channel>Microsoft-Windows-Sysmon/Operational</Channel><Computer>DESKTOP-P84STH6</Computer><Security UserID='S-1-5-18'/></System><EventData><Data Name='RuleName'></Data><Data Name='UtcTime'>2020-05-18 07:09:21.018</Data><Data Name='ProcessGuid'>{5d3d98af-3497-5ec2-0000-001045ca6b00}</Data><Data Name='ProcessId'>2072</Data><Data Name='QueryName'>syndication.twitter.com</Data><Data Name='QueryStatus'>0</Data><Data Name='QueryResults'>::ffff:104.244.42.200;205.251.192.179;205.251.196.198;205.251.194.151;205.251.199.195;208.78.70.34;2001:500:90:1::34;204.13.250.34;208.78.71.34;2001:500:94:1::34;204.13.251.34;208.78.70.34;204.13.250.34;</Data><Data Name='Image'>C:\Windows\System32\MicrosoftEdgeCP.exe</Data></EventData></Event><Event xmlns='http://schemas.microsoft.com/win/2004/08/events/event'><System><Provider Name='Microsoft-Windows-Sysmon' Guid='{5770385f-c22a-43e0-bf4c-06f5698ffbd9}'/><EventID>22</EventID><Version>5</Version><Level>4</Level><Task>22</Task><Opcode>0</Opcode><Keywords>0x8000000000000000</Keywords><TimeCreated SystemTime='2020-05-18T07:09:23.706050300Z'/><EventRecordID>2808</EventRecordID><Correlation/><Execution ProcessID='2848' ThreadID='3264'/><Channel>Microsoft-Windows-Sysmon/Operational</Channel><Computer>DESKTOP-P84STH6</Computer><Security UserID='S-1-5-18'/></System><EventData><Data Name='RuleName'></Data><Data Name='UtcTime'>2020-05-18 07:09:20.174</Data><Data Name='ProcessGuid'>{5d3d98af-3497-5ec2-0000-001045ca6b00}</Data><Data Name='ProcessId'>2072</Data><Data Name='QueryName'>d9.flashtalking.com</Data><Data Name='QueryStatus'>0</Data><Data Name='QueryResults'>type:  5 ft.device9.com;type:  5 tag.device9.com;::ffff:54.154.187.33;::ffff:18.203.205.231;::ffff:34.247.143.0;::ffff:52.17.219.65;::ffff:54.72.26.94;::ffff:54.72.27.67;205.251.193.206;2600:9000:5301:ce00::1;205.251.194.76;2600:9000:5302:4c00::1;205.251.196.193;2600:9000:5304:c100::1;205.251.199.94;2600:9000:5307:5e00::1;</Data><Data Name='Image'>C:\Windows\System32\MicrosoftEdgeCP.exe</Data></EventData></Event><Event xmlns='http://schemas.microsoft.com/win/2004/08/events/event'><System><Provider Name='Microsoft-Windows-Sysmon' Guid='{5770385f-c22a-43e0-bf4c-06f5698ffbd9}'/><EventID>22</EventID><Version>5</Version><Level>4</Level><Task>22</Task><Opcode>0</Opcode><Keywords>0x8000000000000000</Keywords><TimeCreated SystemTime='2020-05-18T07:09:22.697462900Z'/><EventRecordID>2807</EventRecordID><Correlation/><Execution ProcessID='2848' ThreadID='3264'/><Channel>Microsoft-Windows-Sysmon/Operational</Channel><Computer>DESKTOP-P84STH6</Computer><Security UserID='S-1-5-18'/></System><EventData><Data Name='RuleName'></Data><Data Name='UtcTime'>2020-05-18 07:09:20.052</Data><Data Name='ProcessGuid'>{5d3d98af-3497-5ec2-0000-001045ca6b00}</Data><Data Name='ProcessId'>2072</Data><Data Name='QueryName'>cdn.flashtalking.com</Data><Data Name='QueryStatus'>0</Data><Data Name='QueryResults'>type:  5 cdn.flashtalking.com.edgekey.net;type:  5 e1486.b.akamaiedge.net;::ffff:163.28.224.60;88.221.81.192;2600:1480:e800::c0;203.211.2.191;203.211.2.181;203.211.2.204;203.211.2.181;203.211.5.23;203.211.2.231;163.28.5.62;</Data><Data Name='Image'>C:\Windows\System32\MicrosoftEdgeCP.exe</Data></EventData></Event><Event xmlns='http://schemas.microsoft.com/win/2004/08/events/event'><System><Provider Name='Microsoft-Windows-Sysmon' Guid='{5770385f-c22a-43e0-bf4c-06f5698ffbd9}'/><EventID>22</EventID><Version>5</Version><Level>4</Level><Task>22</Task><Opcode>0</Opcode><Keywords>0x8000000000000000</Keywords><TimeCreated SystemTime='2020-05-18T07:09:21.723882800Z'/><EventRecordID>2806</EventRecordID><Correlation/><Execution ProcessID='2848' ThreadID='3264'/><Channel>Microsoft-Windows-Sysmon/Operational</Channel><Computer>DESKTOP-P84STH6</Computer><Security UserID='S-1-5-18'/></System><EventData><Data Name='RuleName'></Data><Data Name='UtcTime'>2020-05-18 07:09:19.603</Data><Data Name='ProcessGuid'>{5d3d98af-3497-5ec2-0000-001045ca6b00}</Data><Data Name='ProcessId'>2072</Data><Data Name='QueryName'>servedby.flashtalking.com</Data><Data Name='QueryStatus'>0</Data><Data Name='QueryResults'>type:  5 cds.f7f2q8c3.hwcdn.net;::ffff:205.185.216.42;::ffff:205.185.216.10;69.16.174.10;209.197.2.10;</Data><Data Name='Image'>C:\Windows\System32\MicrosoftEdgeCP.exe</Data></EventData></Event><Event xmlns='http://schemas.microsoft.com/win/2004/08/events/event'><System><Provider Name='Microsoft-Windows-Sysmon' Guid='{5770385f-c22a-43e0-bf4c-06f5698ffbd9}'/><EventID>22</EventID><Version>5</Version><Level>4</Level><Task>22</Task><Opcode>0</Opcode><Keywords>0x8000000000000000</Keywords><TimeCreated SystemTime='2020-05-18T07:09:21.723554900Z'/><EventRecordID>2805</EventRecordID><Correlation/><Execution ProcessID='2848' ThreadID='3264'/><Channel>Microsoft-Windows-Sysmon/Operational</Channel><Computer>DESKTOP-P84STH6</Computer><Security UserID='S-1-5-18'/></System><EventData><Data Name='RuleName'></Data><Data Name='UtcTime'>2020-05-18 07:09:19.105</Data><Data Name='ProcessGuid'>{5d3d98af-3497-5ec2-0000-001045ca6b00}</Data><Data Name='ProcessId'>2072</Data><Data Name='QueryName'>cc.adingo.jp</Data><Data Name='QueryStatus'>0</Data><Data Name='QueryResults'>::ffff:100.25.225.218;::ffff:3.217.164.228;::ffff:3.225.92.69;::ffff:34.195.91.242;::ffff:34.206.225.118;::ffff:52.72.195.204;::ffff:54.85.202.116;::ffff:54.164.34.2;205.251.193.236;2600:9000:5301:ec00::1;205.251.195.148;2600:9000:5303:9400::1;205.251.197.190;2600:9000:5305:be00::1;205.251.199.25;2600:9000:5307:1900::1;</Data><Data Name='Image'>C:\Windows\System32\MicrosoftEdgeCP.exe</Data></EventData></Event><Event xmlns='http://schemas.microsoft.com/win/2004/08/events/event'><System><Provider Name='Microsoft-Windows-Sysmon' Guid='{5770385f-c22a-43e0-bf4c-06f5698ffbd9}'/><EventID>22</EventID><Version>5</Version><Level>4</Level><Task>22</Task><Opcode>0</Opcode><Keywords>0x8000000000000000</Keywords><TimeCreated SystemTime='2020-05-18T07:09:21.723290800Z'/><EventRecordID>2804</EventRecordID><Correlation/><Execution ProcessID='2848' ThreadID='3264'/><Channel>Microsoft-Windows-Sysmon/Operational</Channel><Computer>DESKTOP-P84STH6</Computer><Security UserID='S-1-5-18'/></System><EventData><Data Name='RuleName'></Data><Data Name='UtcTime'>2020-05-18 07:09:19.098</Data><Data Name='ProcessGuid'>{5d3d98af-3497-5ec2-0000-001045ca6b00}</Data><Data Name='ProcessId'>2072</Data><Data Name='QueryName'>d.agkn.com</Data><Data Name='QueryStatus'>0</Data><Data Name='QueryResults'>type:  5 data.agkn.com;type:  5 d2ctznuk6ro1vp.cloudfront.net;::ffff:13.35.7.30;::ffff:13.35.7.52;::ffff:13.35.7.92;::ffff:13.35.7.15;205.251.192.158;2600:9000:5300:9e00::1;205.251.194.236;2600:9000:5302:ec00::1;205.251.197.57;2600:9000:5305:3900::1;205.251.198.152;2600:9000:5306:9800::1;</Data><Data Name='Image'>C:\Windows\System32\MicrosoftEdgeCP.exe</Data></EventData></Event><Event xmlns='http://schemas.microsoft.com/win/2004/08/events/event'><System><Provider Name='Microsoft-Windows-Sysmon' Guid='{5770385f-c22a-43e0-bf4c-06f5698ffbd9}'/><EventID>22</EventID><Version>5</Version><Level>4</Level><Task>22</Task><Opcode>0</Opcode><Keywords>0x8000000000000000</Keywords><TimeCreated SystemTime='2020-05-18T07:09:21.722992700Z'/><EventRecordID>2803</EventRecordID><Correlation/><Execution ProcessID='2848' ThreadID='3264'/><Channel>Microsoft-Windows-Sysmon/Operational</Channel><Computer>DESKTOP-P84STH6</Computer><Security UserID='S-1-5-18'/></System><EventData><Data Name='RuleName'></Data><Data Name='UtcTime'>2020-05-18 07:09:18.805</Data><Data Name='ProcessGuid'>{5d3d98af-3497-5ec2-0000-001045ca6b00}</Data><Data Name='ProcessId'>2072</Data><Data Name='QueryName'>www.google.com</Data><Data Name='QueryStatus'>0</Data><Data Name='QueryResults'>::ffff:216.58.200.228;216.239.32.10;2001:4860:4802:32::a;216.239.34.10;2001:4860:4802:34::a;216.239.36.10;216.239.38.10;</Data><Data Name='Image'>C:\Windows\System32\MicrosoftEdgeCP.exe</Data></EventData></Event><Event xmlns='http://schemas.microsoft.com/win/2004/08/events/event'><System><Provider Name='Microsoft-Windows-Sysmon' Guid='{5770385f-c22a-43e0-bf4c-06f5698ffbd9}'/><EventID>22</EventID><Version>5</Version><Level>4</Level><Task>22</Task><Opcode>0</Opcode><Keywords>0x8000000000000000</Keywords><TimeCreated SystemTime='2020-05-18T07:09:21.722665200Z'/><EventRecordID>2802</EventRecordID><Correlation/><Execution ProcessID='2848' ThreadID='3264'/><Channel>Microsoft-Windows-Sysmon/Operational</Channel><Computer>DESKTOP-P84STH6</Computer><Security UserID='S-1-5-18'/></System><EventData><Data Name='RuleName'></Data><Data Name='UtcTime'>2020-05-18 07:09:18.638</Data><Data Name='ProcessGuid'>{5d3d98af-27c0-5ec2-0000-0010f5ce1300}</Data><Data Name='ProcessId'>1164</Data><Data Name='QueryName'>platform.twitter.com</Data><Data Name='QueryStatus'>9701</Data><Data Name='QueryResults'></Data><Data Name='Image'>C:\Windows\System32\smartscreen.exe</Data></EventData></Event><Event xmlns='http://schemas.microsoft.com/win/2004/08/events/event'><System><Provider Name='Microsoft-Windows-Sysmon' Guid='{5770385f-c22a-43e0-bf4c-06f5698ffbd9}'/><EventID>22</EventID><Version>5</Version><Level>4</Level><Task>22</Task><Opcode>0</Opcode><Keywords>0x8000000000000000</Keywords><TimeCreated SystemTime='2020-05-18T07:09:21.722325800Z'/><EventRecordID>2801</EventRecordID><Correlation/><Execution ProcessID='2848' ThreadID='3264'/><Channel>Microsoft-Windows-Sysmon/Operational</Channel><Computer>DESKTOP-P84STH6</Computer><Security UserID='S-1-5-18'/></System><EventData><Data Name='RuleName'></Data><Data Name='UtcTime'>2020-05-18 07:09:18.238</Data><Data Name='ProcessGuid'>{5d3d98af-27c0-5ec2-0000-0010f5ce1300}</Data><Data Name='ProcessId'>1164</Data><Data Name='QueryName'>www.facebook.com</Data><Data Name='QueryStatus'>0</Data><Data Name='QueryResults'>type:  5 star-mini.c10r.facebook.com;</Data><Data Name='Image'>C:\Windows\System32\smartscreen.exe</Data></EventData></Event><Event xmlns='http://schemas.microsoft.com/win/2004/08/events/event'><System><Provider Name='Microsoft-Windows-Sysmon' Guid='{5770385f-c22a-43e0-bf4c-06f5698ffbd9}'/><EventID>22</EventID><Version>5</Version><Level>4</Level><Task>22</Task><Opcode>0</Opcode><Keywords>0x8000000000000000</Keywords><TimeCreated SystemTime='2020-05-18T07:09:20.678403400Z'/><EventRecordID>2800</EventRecordID><Correlation/><Execution ProcessID='2848' ThreadID='3264'/><Channel>Microsoft-Windows-Sysmon/Operational</Channel><Computer>DESKTOP-P84STH6</Computer><Security UserID='S-1-5-18'/></System><EventData><Data Name='RuleName'></Data><Data Name='UtcTime'>2020-05-18 07:09:18.190</Data><Data Name='ProcessGuid'>{5d3d98af-3497-5ec2-0000-001045ca6b00}</Data><Data Name='ProcessId'>2072</Data><Data Name='QueryName'>www.facebook.com</Data><Data Name='QueryStatus'>0</Data><Data Name='QueryResults'>type:  5 star-mini.c10r.facebook.com;::ffff:31.13.87.36;129.134.30.11;2a03:2880:f0fc:b:face:b00c:0:99;129.134.31.11;2a03:2880:f0fd:b:face:b00c:0:99;185.89.218.11;2a03:2880:f1fc:b:face:b00c:0:99;185.89.219.11;2a03:2880:f1fd:b:face:b00c:0:99;</Data><Data Name='Image'>C:\Windows\System32\MicrosoftEdgeCP.exe</Data></EventData></Event><Event xmlns='http://schemas.microsoft.com/win/2004/08/events/event'><System><Provider Name='Microsoft-Windows-Sysmon' Guid='{5770385f-c22a-43e0-bf4c-06f5698ffbd9}'/><EventID>22</EventID><Version>5</Version><Level>4</Level><Task>22</Task><Opcode>0</Opcode><Keywords>0x8000000000000000</Keywords><TimeCreated SystemTime='2020-05-18T07:09:20.678046300Z'/><EventRecordID>2799</EventRecordID><Correlation/><Execution ProcessID='2848' ThreadID='3264'/><Channel>Microsoft-Windows-Sysmon/Operational</Channel><Computer>DESKTOP-P84STH6</Computer><Security UserID='S-1-5-18'/></System><EventData><Data Name='RuleName'></Data><Data Name='UtcTime'>2020-05-18 07:09:18.039</Data><Data Name='ProcessGuid'>{5d3d98af-3497-5ec2-0000-001045ca6b00}</Data><Data Name='ProcessId'>2072</Data><Data Name='QueryName'>adservice.google.com.tw</Data><Data Name='QueryStatus'>0</Data><Data Name='QueryResults'>type:  5 pagead46.l.doubleclick.net;::ffff:172.217.160.98;216.239.32.10;2001:4860:4802:32::a;216.239.34.10;2001:4860:4802:34::a;216.239.36.10;2001:4860:4802:36::a;216.239.38.10;2001:4860:4802:38::a;</Data><Data Name='Image'>C:\Windows\System32\MicrosoftEdgeCP.exe</Data></EventData></Event><Event xmlns='http://schemas.microsoft.com/win/2004/08/events/event'><System><Provider Name='Microsoft-Windows-Sysmon' Guid='{5770385f-c22a-43e0-bf4c-06f5698ffbd9}'/><EventID>22</EventID><Version>5</Version><Level>4</Level><Task>22</Task><Opcode>0</Opcode><Keywords>0x8000000000000000</Keywords><TimeCreated SystemTime='2020-05-18T07:09:20.677816100Z'/><EventRecordID>2798</EventRecordID><Correlation/><Execution ProcessID='2848' ThreadID='3264'/><Channel>Microsoft-Windows-Sysmon/Operational</Channel><Computer>DESKTOP-P84STH6</Computer><Security UserID='S-1-5-18'/></System><EventData><Data Name='RuleName'></Data><Data Name='UtcTime'>2020-05-18 07:09:17.917</Data><Data Name='ProcessGuid'>{5d3d98af-3497-5ec2-0000-001045ca6b00}</Data><Data Name='ProcessId'>2072</Data><Data Name='QueryName'>platform.tumblr.com</Data><Data Name='QueryStatus'>0</Data><Data Name='QueryResults'>type:  5 cs1143.wpc.chicdn.net;::ffff:152.199.43.87;</Data><Data Name='Image'>C:\Windows\System32\MicrosoftEdgeCP.exe</Data></EventData></Event><Event xmlns='http://schemas.microsoft.com/win/2004/08/events/event'><System><Provider Name='Microsoft-Windows-Sysmon' Guid='{5770385f-c22a-43e0-bf4c-06f5698ffbd9}'/><EventID>22</EventID><Version>5</Version><Level>4</Level><Task>22</Task><Opcode>0</Opcode><Keywords>0x8000000000000000</Keywords><TimeCreated SystemTime='2020-05-18T07:09:20.677715600Z'/><EventRecordID>2797</EventRecordID><Correlation/><Execution ProcessID='2848' ThreadID='3264'/><Channel>Microsoft-Windows-Sysmon/Operational</Channel><Computer>DESKTOP-P84STH6</Computer><Security UserID='S-1-5-18'/></System><EventData><Data Name='RuleName'></Data><Data Name='UtcTime'>2020-05-18 07:09:17.715</Data><Data Name='ProcessGuid'>{5d3d98af-3497-5ec2-0000-001045ca6b00}</Data><Data Name='ProcessId'>2072</Data><Data Name='QueryName'>neutralxe.net</Data><Data Name='QueryStatus'>0</Data><Data Name='QueryResults'>::ffff:182.48.10.221;</Data><Data Name='Image'>C:\Windows\System32\MicrosoftEdgeCP.exe</Data></EventData></Event><Event xmlns='http://schemas.microsoft.com/win/2004/08/events/event'><System><Provider Name='Microsoft-Windows-Sysmon' Guid='{5770385f-c22a-43e0-bf4c-06f5698ffbd9}'/><EventID>22</EventID><Version>5</Version><Level>4</Level><Task>22</Task><Opcode>0</Opcode><Keywords>0x8000000000000000</Keywords><TimeCreated SystemTime='2020-05-18T07:09:12.557762500Z'/><EventRecordID>2796</EventRecordID><Correlation/><Execution ProcessID='2848' ThreadID='3264'/><Channel>Microsoft-Windows-Sysmon/Operational</Channel><Computer>DESKTOP-P84STH6</Computer><Security UserID='S-1-5-18'/></System><EventData><Data Name='RuleName'></Data><Data Name='UtcTime'>2020-05-18 07:09:09.948</Data><Data Name='ProcessGuid'>{5d3d98af-3497-5ec2-0000-00100bd26b00}</Data><Data Name='ProcessId'>312</Data><Data Name='QueryName'>s.yimg.com</Data><Data Name='QueryStatus'>0</Data><Data Name='QueryResults'>type:  5 edge.gycpi.b.yahoodns.net;::ffff:119.161.16.12;::ffff:119.161.14.17;::ffff:119.161.14.18;::ffff:119.161.16.11;68.142.254.15;68.180.130.15;203.84.209.160;183.177.82.12;</Data><Data Name='Image'>C:\Windows\System32\MicrosoftEdgeCP.exe</Data></EventData></Event><Event xmlns='http://schemas.microsoft.com/win/2004/08/events/event'><System><Provider Name='Microsoft-Windows-Sysmon' Guid='{5770385f-c22a-43e0-bf4c-06f5698ffbd9}'/><EventID>22</EventID><Version>5</Version><Level>4</Level><Task>22</Task><Opcode>0</Opcode><Keywords>0x8000000000000000</Keywords><TimeCreated SystemTime='2020-05-18T07:09:12.556150300Z'/><EventRecordID>2795</EventRecordID><Correlation/><Execution ProcessID='2848' ThreadID='3264'/><Channel>Microsoft-Windows-Sysmon/Operational</Channel><Computer>DESKTOP-P84STH6</Computer><Security UserID='S-1-5-18'/></System><EventData><Data Name='RuleName'></Data><Data Name='UtcTime'>2020-05-18 07:09:09.935</Data><Data Name='ProcessGuid'>{5d3d98af-3497-5ec2-0000-00100bd26b00}</Data><Data Name='ProcessId'>312</Data><Data Name='QueryName'>pr-bh.ybp.yahoo.com</Data><Data Name='QueryStatus'>0</Data><Data Name='QueryResults'>type:  5 ds-pr-bh.ybp.gysm.yahoodns.net;::ffff:106.10.218.43;68.142.254.15;68.180.130.15;203.84.209.160;183.177.82.12;</Data><Data Name='Image'>C:\Windows\System32\MicrosoftEdgeCP.exe</Data></EventData></Event><Event xmlns='http://schemas.microsoft.com/win/2004/08/events/event'><System><Provider Name='Microsoft-Windows-Sysmon' Guid='{5770385f-c22a-43e0-bf4c-06f5698ffbd9}'/><EventID>22</EventID><Version>5</Version><Level>4</Level><Task>22</Task><Opcode>0</Opcode><Keywords>0x8000000000000000</Keywords><TimeCreated SystemTime='2020-05-18T07:09:12.554308600Z'/><EventRecordID>2794</EventRecordID><Correlation/><Execution ProcessID='2848' ThreadID='3264'/><Channel>Microsoft-Windows-Sysmon/Operational</Channel><Computer>DESKTOP-P84STH6</Computer><Security UserID='S-1-5-18'/></System><EventData><Data Name='RuleName'></Data><Data Name='UtcTime'>2020-05-18 07:09:09.910</Data><Data Name='ProcessGuid'>{5d3d98af-3497-5ec2-0000-00100bd26b00}</Data><Data Name='ProcessId'>312</Data><Data Name='QueryName'>p.adsymptotic.com</Data><Data Name='QueryStatus'>0</Data><Data Name='QueryResults'>::ffff:104.18.98.194;::ffff:104.18.99.194;::ffff:104.18.100.194;::ffff:104.18.101.194;::ffff:104.18.102.194;173.245.59.223;2606:4700:58::adf5:3bdf;173.245.58.241;2606:4700:50::adf5:3af1;</Data><Data Name='Image'>C:\Windows\System32\MicrosoftEdgeCP.exe</Data></EventData></Event><Event xmlns='http://schemas.microsoft.com/win/2004/08/events/event'><System><Provider Name='Microsoft-Windows-Sysmon' Guid='{5770385f-c22a-43e0-bf4c-06f5698ffbd9}'/><EventID>22</EventID><Version>5</Version><Level>4</Level><Task>22</Task><Opcode>0</Opcode><Keywords>0x8000000000000000</Keywords><TimeCreated SystemTime='2020-05-18T07:09:12.552596800Z'/><EventRecordID>2793</EventRecordID><Correlation/><Execution ProcessID='2848' ThreadID='3264'/><Channel>Microsoft-Windows-Sysmon/Operational</Channel><Computer>DESKTOP-P84STH6</Computer><Security UserID='S-1-5-18'/></System><EventData><Data Name='RuleName'></Data><Data Name='UtcTime'>2020-05-18 07:09:09.894</Data><Data Name='ProcessGuid'>{5d3d98af-3497-5ec2-0000-00100bd26b00}</Data><Data Name='ProcessId'>312</Data><Data Name='QueryName'>img-s-msn-com.akamaized.net</Data><Data Name='QueryStatus'>0</Data><Data Name='QueryResults'>type:  5 a1834.dspg2.akamai.net;::ffff:163.28.5.9;::ffff:163.28.5.25;88.221.81.192;2600:1480:e800::c0;163.28.5.29;104.116.243.157;104.116.243.20;104.116.243.148;104.116.243.78;104.116.243.158;60.199.191.74;</Data><Data Name='Image'>C:\Windows\System32\MicrosoftEdgeCP.exe</Data></EventData></Event><Event xmlns='http://schemas.microsoft.com/win/2004/08/events/event'><System><Provider Name='Microsoft-Windows-Sysmon' Guid='{5770385f-c22a-43e0-bf4c-06f5698ffbd9}'/><EventID>22</EventID><Version>5</Version><Level>4</Level><Task>22</Task><Opcode>0</Opcode><Keywords>0x8000000000000000</Keywords><TimeCreated SystemTime='2020-05-18T07:09:12.551139600Z'/><EventRecordID>2792</EventRecordID><Correlation/><Execution ProcessID='2848' ThreadID='3264'/><Channel>Microsoft-Windows-Sysmon/Operational</Channel><Computer>DESKTOP-P84STH6</Computer><Security UserID='S-1-5-18'/></System><EventData><Data Name='RuleName'></Data><Data Name='UtcTime'>2020-05-18 07:09:09.894</Data><Data Name='ProcessGuid'>{5d3d98af-3497-5ec2-0000-00100bd26b00}</Data><Data Name='ProcessId'>312</Data><Data Name='QueryName'>static-spartan-eas-s-msn-com.akamaized.net</Data><Data Name='QueryStatus'>0</Data><Data Name='QueryResults'>type:  5 a1784.g2.akamai.net;::ffff:163.28.5.34;::ffff:163.28.5.27;88.221.81.192;2600:1480:e800::c0;163.28.5.29;104.116.243.20;104.116.243.148;104.116.243.157;104.116.243.78;104.116.243.158;60.199.191.28;</Data><Data Name='Image'>C:\Windows\System32\MicrosoftEdgeCP.exe</Data></EventData></Event><Event xmlns='http://schemas.microsoft.com/win/2004/08/events/event'><System><Provider Name='Microsoft-Windows-Sysmon' Guid='{5770385f-c22a-43e0-bf4c-06f5698ffbd9}'/><EventID>22</EventID><Version>5</Version><Level>4</Level><Task>22</Task><Opcode>0</Opcode><Keywords>0x8000000000000000</Keywords><TimeCreated SystemTime='2020-05-18T07:09:12.549561600Z'/><EventRecordID>2791</EventRecordID><Correlation/><Execution ProcessID='2848' ThreadID='3264'/><Channel>Microsoft-Windows-Sysmon/Operational</Channel><Computer>DESKTOP-P84STH6</Computer><Security UserID='S-1-5-18'/></System><EventData><Data Name='RuleName'></Data><Data Name='UtcTime'>2020-05-18 07:09:09.891</Data><Data Name='ProcessGuid'>{5d3d98af-3497-5ec2-0000-00100bd26b00}</Data><Data Name='ProcessId'>312</Data><Data Name='QueryName'>img.s-msn.com</Data><Data Name='QueryStatus'>0</Data><Data Name='QueryResults'>type:  5 wildcard.s-msn.com.edgekey.net;type:  5 e7341.g.akamaiedge.net;::ffff:163.28.225.26;88.221.81.192;2600:1480:e800::c0;163.28.5.87;23.199.34.125;23.199.34.125;23.210.215.110;23.210.215.214;23.210.215.181;163.28.5.62;</Data><Data Name='Image'>C:\Windows\System32\MicrosoftEdgeCP.exe</Data></EventData></Event>