<Event xmlns='http://schemas.microsoft.com/win/2004/08/events/event'><System><Provider Name='Microsoft-Windows-Sysmon' Guid='{5770385f-c22a-43e0-bf4c-06f5698ffbd9}'/><EventID>1</EventID><Version>5</Version><Level>4</Level><Task>1</Task><Opcode>0</Opcode><Keywords>0x8000000000000000</Keywords><TimeCreated SystemTime='2020-05-18T06:31:55.008572100Z'/><EventRecordID>2636</EventRecordID><Correlation/><Execution ProcessID='2848' ThreadID='3280'/><Channel>Microsoft-Windows-Sysmon/Operational</Channel><Computer>DESKTOP-P84STH6</Computer><Security UserID='S-1-5-18'/></System><EventData><Data Name='RuleName'></Data><Data Name='UtcTime'>2020-05-18 06:31:55.005</Data><Data Name='ProcessGuid'>{5d3d98af-2bdb-5ec2-0000-001034d34000}</Data><Data Name='ProcessId'>5296</Data><Data Name='Image'>C:\Windows\System32\WerFault.exe</Data><Data Name='FileVersion'>10.0.18362.418 (WinBuild.160101.0800)</Data><Data Name='Description'>Windows Problem Reporting</Data><Data Name='Product'>Microsoft® Windows® Operating System</Data><Data Name='Company'>Microsoft Corporation</Data><Data Name='OriginalFileName'>WerFault.exe</Data><Data Name='CommandLine'>"C:\Windows\system32\WerFault.exe" -k -lc PoW32kWatchdog PoW32kWatchdog-20200518-1431.dm</Data><Data Name='CurrentDirectory'>C:\Windows\system32\</Data><Data Name='User'>NT AUTHORITY\SYSTEM</Data><Data Name='LogonGuid'>{5d3d98af-2633-5ec2-0000-0020e7030000}</Data><Data Name='LogonId'>0x3e7</Data><Data Name='TerminalSessionId'>0</Data><Data Name='IntegrityLevel'>System</Data><Data Name='Hashes'>MD5=10CA9F44DD7B86C5FCE9FADB08753A81,SHA256=0F4EA772C2C9267E4C5B98A13E4D80122CCF020678689E4AEC453E69128915CC,IMPHASH=F0A0D16C6A86A14BA12D20EFC9A7DDF9</Data><Data Name='ParentProcessGuid'>{5d3d98af-2b77-5ec2-0000-001092063c00}</Data><Data Name='ParentProcessId'>3604</Data><Data Name='ParentImage'>C:\Windows\System32\svchost.exe</Data><Data Name='ParentCommandLine'>C:\Windows\System32\svchost.exe -k WerSvcGroup</Data></EventData></Event><Event xmlns='http://schemas.microsoft.com/win/2004/08/events/event'><System><Provider Name='Microsoft-Windows-Sysmon' Guid='{5770385f-c22a-43e0-bf4c-06f5698ffbd9}'/><EventID>11</EventID><Version>2</Version><Level>4</Level><Task>11</Task><Opcode>0</Opcode><Keywords>0x8000000000000000</Keywords><TimeCreated SystemTime='2020-05-18T06:31:46.436681200Z'/><EventRecordID>2635</EventRecordID><Correlation/><Execution ProcessID='2848' ThreadID='3280'/><Channel>Microsoft-Windows-Sysmon/Operational</Channel><Computer>DESKTOP-P84STH6</Computer><Security UserID='S-1-5-18'/></System><EventData><Data Name='RuleName'></Data><Data Name='UtcTime'>2020-05-18 06:31:46.435</Data><Data Name='ProcessGuid'>{5d3d98af-262f-5ec2-0000-0010eb030000}</Data><Data Name='ProcessId'>4</Data><Data Name='Image'>System</Data><Data Name='TargetFilename'>C:\Windows\LiveKernelReports\PoW32kWatchdog-20200518-1431.dmp</Data><Data Name='CreationUtcTime'>2020-05-18 06:31:46.435</Data></EventData></Event><Event xmlns='http://schemas.microsoft.com/win/2004/08/events/event'><System><Provider Name='Microsoft-Windows-Sysmon' Guid='{5770385f-c22a-43e0-bf4c-06f5698ffbd9}'/><EventID>11</EventID><Version>2</Version><Level>4</Level><Task>11</Task><Opcode>0</Opcode><Keywords>0x8000000000000000</Keywords><TimeCreated SystemTime='2020-05-18T06:31:36.449198700Z'/><EventRecordID>2634</EventRecordID><Correlation/><Execution ProcessID='2848' ThreadID='3280'/><Channel>Microsoft-Windows-Sysmon/Operational</Channel><Computer>DESKTOP-P84STH6</Computer><Security UserID='S-1-5-18'/></System><EventData><Data Name='RuleName'></Data><Data Name='UtcTime'>2020-05-18 06:31:36.448</Data><Data Name='ProcessGuid'>{5d3d98af-2bc3-5ec2-0000-001063003f00}</Data><Data Name='ProcessId'>468</Data><Data Name='Image'>C:\Windows\system32\WerFault.exe</Data><Data Name='TargetFilename'>C:\ProgramData\Microsoft\Windows\WER\ReportQueue\Kernel_193_30fe9ddc05ff69e77b6e9a830a447249a112d0_00000000_40595a81-8a46-4e55-8dbc-e9fe9c9b685b\WATCHDOG-20200518-1431.dmp</Data><Data Name='CreationUtcTime'>2020-05-18 06:31:36.448</Data></EventData></Event><Event xmlns='http://schemas.microsoft.com/win/2004/08/events/event'><System><Provider Name='Microsoft-Windows-Sysmon' Guid='{5770385f-c22a-43e0-bf4c-06f5698ffbd9}'/><EventID>1</EventID><Version>5</Version><Level>4</Level><Task>1</Task><Opcode>0</Opcode><Keywords>0x8000000000000000</Keywords><TimeCreated SystemTime='2020-05-18T06:31:31.598910300Z'/><EventRecordID>2633</EventRecordID><Correlation/><Execution ProcessID='2848' ThreadID='3280'/><Channel>Microsoft-Windows-Sysmon/Operational</Channel><Computer>DESKTOP-P84STH6</Computer><Security UserID='S-1-5-18'/></System><EventData><Data Name='RuleName'></Data><Data Name='UtcTime'>2020-05-18 06:31:31.591</Data><Data Name='ProcessGuid'>{5d3d98af-2bc3-5ec2-0000-001063003f00}</Data><Data Name='ProcessId'>468</Data><Data Name='Image'>C:\Windows\System32\WerFault.exe</Data><Data Name='FileVersion'>10.0.18362.418 (WinBuild.160101.0800)</Data><Data Name='Description'>Windows Problem Reporting</Data><Data Name='Product'>Microsoft® Windows® Operating System</Data><Data Name='Company'>Microsoft Corporation</Data><Data Name='OriginalFileName'>WerFault.exe</Data><Data Name='CommandLine'>"C:\Windows\system32\WerFault.exe" -k -l WATCHDOG WATCHDOG-20200518-1431.dmp</Data><Data Name='CurrentDirectory'>C:\Windows\system32\</Data><Data Name='User'>NT AUTHORITY\SYSTEM</Data><Data Name='LogonGuid'>{5d3d98af-2633-5ec2-0000-0020e7030000}</Data><Data Name='LogonId'>0x3e7</Data><Data Name='TerminalSessionId'>0</Data><Data Name='IntegrityLevel'>System</Data><Data Name='Hashes'>MD5=10CA9F44DD7B86C5FCE9FADB08753A81,SHA256=0F4EA772C2C9267E4C5B98A13E4D80122CCF020678689E4AEC453E69128915CC,IMPHASH=F0A0D16C6A86A14BA12D20EFC9A7DDF9</Data><Data Name='ParentProcessGuid'>{5d3d98af-2b77-5ec2-0000-001092063c00}</Data><Data Name='ParentProcessId'>3604</Data><Data Name='ParentImage'>C:\Windows\System32\svchost.exe</Data><Data Name='ParentCommandLine'>C:\Windows\System32\svchost.exe -k WerSvcGroup</Data></EventData></Event><Event xmlns='http://schemas.microsoft.com/win/2004/08/events/event'><System><Provider Name='Microsoft-Windows-Sysmon' Guid='{5770385f-c22a-43e0-bf4c-06f5698ffbd9}'/><EventID>11</EventID><Version>2</Version><Level>4</Level><Task>11</Task><Opcode>0</Opcode><Keywords>0x8000000000000000</Keywords><TimeCreated SystemTime='2020-05-18T06:31:31.586310900Z'/><EventRecordID>2632</EventRecordID><Correlation/><Execution ProcessID='2848' ThreadID='3280'/><Channel>Microsoft-Windows-Sysmon/Operational</Channel><Computer>DESKTOP-P84STH6</Computer><Security UserID='S-1-5-18'/></System><EventData><Data Name='RuleName'></Data><Data Name='UtcTime'>2020-05-18 06:31:31.585</Data><Data Name='ProcessGuid'>{5d3d98af-262f-5ec2-0000-0010eb030000}</Data><Data Name='ProcessId'>4</Data><Data Name='Image'>System</Data><Data Name='TargetFilename'>C:\Windows\LiveKernelReports\WATCHDOG\WATCHDOG-20200518-1431.dmp</Data><Data Name='CreationUtcTime'>2020-05-18 06:31:31.584</Data></EventData></Event><Event xmlns='http://schemas.microsoft.com/win/2004/08/events/event'><System><Provider Name='Microsoft-Windows-Sysmon' Guid='{5770385f-c22a-43e0-bf4c-06f5698ffbd9}'/><EventID>8</EventID><Version>2</Version><Level>4</Level><Task>8</Task><Opcode>0</Opcode><Keywords>0x8000000000000000</Keywords><TimeCreated SystemTime='2020-05-18T06:31:01.261434900Z'/><EventRecordID>2631</EventRecordID><Correlation/><Execution ProcessID='2848' ThreadID='3280'/><Channel>Microsoft-Windows-Sysmon/Operational</Channel><Computer>DESKTOP-P84STH6</Computer><Security UserID='S-1-5-18'/></System><EventData><Data Name='RuleName'></Data><Data Name='UtcTime'>2020-05-18 06:31:01.260</Data><Data Name='SourceProcessGuid'>{5d3d98af-264b-5ec2-0000-00107e200800}</Data><Data Name='SourceProcessId'>6868</Data><Data Name='SourceImage'>C:\Windows\System32\VBoxTray.exe</Data><Data Name='TargetProcessGuid'>{5d3d98af-2633-5ec2-0000-001082560000}</Data><Data Name='TargetProcessId'>536</Data><Data Name='TargetImage'>C:\Windows\System32\csrss.exe</Data><Data Name='NewThreadId'>1392</Data><Data Name='StartAddress'>0xFFFFF661C9312460</Data><Data Name='StartModule'></Data><Data Name='StartFunction'></Data></EventData></Event><Event xmlns='http://schemas.microsoft.com/win/2004/08/events/event'><System><Provider Name='Microsoft-Windows-Sysmon' Guid='{5770385f-c22a-43e0-bf4c-06f5698ffbd9}'/><EventID>13</EventID><Version>2</Version><Level>4</Level><Task>13</Task><Opcode>0</Opcode><Keywords>0x8000000000000000</Keywords><TimeCreated SystemTime='2020-05-18T06:31:00.680134400Z'/><EventRecordID>2630</EventRecordID><Correlation/><Execution ProcessID='2848' ThreadID='3280'/><Channel>Microsoft-Windows-Sysmon/Operational</Channel><Computer>DESKTOP-P84STH6</Computer><Security UserID='S-1-5-18'/></System><EventData><Data Name='RuleName'>InvDB</Data><Data Name='EventType'>SetValue</Data><Data Name='UtcTime'>2020-05-18 06:31:00.678</Data><Data Name='ProcessGuid'>{5d3d98af-2858-5ec2-0000-001058342200}</Data><Data Name='ProcessId'>6980</Data><Data Name='Image'>C:\Windows\system32\svchost.exe</Data><Data Name='TargetObject'>HKU\S-1-5-21-223836497-1760142647-788189203-1001\Software\Microsoft\Windows NT\CurrentVersion\AppCompatFlags\Compatibility Assistant\Store\C:\Users\NS\Desktop\block130.exe</Data><Data Name='Details'>Binary Data</Data></EventData></Event><Event xmlns='http://schemas.microsoft.com/win/2004/08/events/event'><System><Provider Name='Microsoft-Windows-Sysmon' Guid='{5770385f-c22a-43e0-bf4c-06f5698ffbd9}'/><EventID>13</EventID><Version>2</Version><Level>4</Level><Task>13</Task><Opcode>0</Opcode><Keywords>0x8000000000000000</Keywords><TimeCreated SystemTime='2020-05-18T06:31:00.679396400Z'/><EventRecordID>2629</EventRecordID><Correlation/><Execution ProcessID='2848' ThreadID='3280'/><Channel>Microsoft-Windows-Sysmon/Operational</Channel><Computer>DESKTOP-P84STH6</Computer><Security UserID='S-1-5-18'/></System><EventData><Data Name='RuleName'>InvDB</Data><Data Name='EventType'>SetValue</Data><Data Name='UtcTime'>2020-05-18 06:31:00.678</Data><Data Name='ProcessGuid'>{5d3d98af-2858-5ec2-0000-001058342200}</Data><Data Name='ProcessId'>6980</Data><Data Name='Image'>C:\Windows\system32\svchost.exe</Data><Data Name='TargetObject'>HKU\S-1-5-21-223836497-1760142647-788189203-1001\Software\Microsoft\Windows NT\CurrentVersion\AppCompatFlags\Compatibility Assistant\Store\C:\Users\NS\Desktop\block130.exe</Data><Data Name='Details'>Binary Data</Data></EventData></Event><Event xmlns='http://schemas.microsoft.com/win/2004/08/events/event'><System><Provider Name='Microsoft-Windows-Sysmon' Guid='{5770385f-c22a-43e0-bf4c-06f5698ffbd9}'/><EventID>1</EventID><Version>5</Version><Level>4</Level><Task>1</Task><Opcode>0</Opcode><Keywords>0x8000000000000000</Keywords><TimeCreated SystemTime='2020-05-18T06:30:58.371839100Z'/><EventRecordID>2628</EventRecordID><Correlation/><Execution ProcessID='2848' ThreadID='3280'/><Channel>Microsoft-Windows-Sysmon/Operational</Channel><Computer>DESKTOP-P84STH6</Computer><Security UserID='S-1-5-18'/></System><EventData><Data Name='RuleName'></Data><Data Name='UtcTime'>2020-05-18 06:30:58.368</Data><Data Name='ProcessGuid'>{5d3d98af-2ba2-5ec2-0000-0010ceac3e00}</Data><Data Name='ProcessId'>2560</Data><Data Name='Image'>C:\Users\NS\Desktop\âtâìâôâgâëâCâô\âtâìâôâgâëâCâô.exe</Data><Data Name='FileVersion'>?</Data><Data Name='Description'>?</Data><Data Name='Product'>?</Data><Data Name='Company'>?</Data><Data Name='OriginalFileName'>?</Data><Data Name='CommandLine'>"C:\Users\NS\Desktop\âtâìâôâgâëâCâô\âtâìâôâgâëâCâô.exe" </Data><Data Name='CurrentDirectory'>C:\Users\NS\Desktop\âtâìâôâgâëâCâô\</Data><Data Name='User'>DESKTOP-P84STH6\NS</Data><Data Name='LogonGuid'>{5d3d98af-2638-5ec2-0000-0020adc30300}</Data><Data Name='LogonId'>0x3c3ad</Data><Data Name='TerminalSessionId'>1</Data><Data Name='IntegrityLevel'>Medium</Data><Data Name='Hashes'>MD5=B8417CFB999593A04F4B0C5C7238C08E,SHA256=97A9223C469448319C4CA4F5C4217B460148F2EC928CB1826F8DF4F83C1A2202,IMPHASH=15E7E2D0D99D299D1C0E5B86BDD798C2</Data><Data Name='ParentProcessGuid'>{5d3d98af-2639-5ec2-0000-0010ee6a0400}</Data><Data Name='ParentProcessId'>4220</Data><Data Name='ParentImage'>C:\Windows\explorer.exe</Data><Data Name='ParentCommandLine'>C:\Windows\Explorer.EXE</Data></EventData></Event><Event xmlns='http://schemas.microsoft.com/win/2004/08/events/event'><System><Provider Name='Microsoft-Windows-Sysmon' Guid='{5770385f-c22a-43e0-bf4c-06f5698ffbd9}'/><EventID>13</EventID><Version>2</Version><Level>4</Level><Task>13</Task><Opcode>0</Opcode><Keywords>0x8000000000000000</Keywords><TimeCreated SystemTime='2020-05-18T06:30:55.861781200Z'/><EventRecordID>2627</EventRecordID><Correlation/><Execution ProcessID='2848' ThreadID='3280'/><Channel>Microsoft-Windows-Sysmon/Operational</Channel><Computer>DESKTOP-P84STH6</Computer><Security UserID='S-1-5-18'/></System><EventData><Data Name='RuleName'>InvDB-Ver</Data><Data Name='EventType'>SetValue</Data><Data Name='UtcTime'>2020-05-18 06:30:55.853</Data><Data Name='ProcessGuid'>{5d3d98af-2858-5ec2-0000-001058342200}</Data><Data Name='ProcessId'>6980</Data><Data Name='Image'>C:\Windows\system32\svchost.exe</Data><Data Name='TargetObject'>\REGISTRY\A\{31893b35-16f4-3d9c-aedb-3af3cae957af}\Root\InventoryApplicationFile\block130.exe|746b388480418185\BinProductVersion</Data><Data Name='Details'>(Empty)</Data></EventData></Event><Event xmlns='http://schemas.microsoft.com/win/2004/08/events/event'><System><Provider Name='Microsoft-Windows-Sysmon' Guid='{5770385f-c22a-43e0-bf4c-06f5698ffbd9}'/><EventID>13</EventID><Version>2</Version><Level>4</Level><Task>13</Task><Opcode>0</Opcode><Keywords>0x8000000000000000</Keywords><TimeCreated SystemTime='2020-05-18T06:30:55.861525300Z'/><EventRecordID>2626</EventRecordID><Correlation/><Execution ProcessID='2848' ThreadID='3280'/><Channel>Microsoft-Windows-Sysmon/Operational</Channel><Computer>DESKTOP-P84STH6</Computer><Security UserID='S-1-5-18'/></System><EventData><Data Name='RuleName'>InvDB-CompileTimeClaim</Data><Data Name='EventType'>SetValue</Data><Data Name='UtcTime'>2020-05-18 06:30:55.853</Data><Data Name='ProcessGuid'>{5d3d98af-2858-5ec2-0000-001058342200}</Data><Data Name='ProcessId'>6980</Data><Data Name='Image'>C:\Windows\system32\svchost.exe</Data><Data Name='TargetObject'>\REGISTRY\A\{31893b35-16f4-3d9c-aedb-3af3cae957af}\Root\InventoryApplicationFile\block130.exe|746b388480418185\LinkDate</Data><Data Name='Details'>07/08/2000 14:39:32</Data></EventData></Event><Event xmlns='http://schemas.microsoft.com/win/2004/08/events/event'><System><Provider Name='Microsoft-Windows-Sysmon' Guid='{5770385f-c22a-43e0-bf4c-06f5698ffbd9}'/><EventID>13</EventID><Version>2</Version><Level>4</Level><Task>13</Task><Opcode>0</Opcode><Keywords>0x8000000000000000</Keywords><TimeCreated SystemTime='2020-05-18T06:30:55.859795100Z'/><EventRecordID>2625</EventRecordID><Correlation/><Execution ProcessID='2848' ThreadID='3280'/><Channel>Microsoft-Windows-Sysmon/Operational</Channel><Computer>DESKTOP-P84STH6</Computer><Security UserID='S-1-5-18'/></System><EventData><Data Name='RuleName'>InvDB-Pub</Data><Data Name='EventType'>SetValue</Data><Data Name='UtcTime'>2020-05-18 06:30:55.853</Data><Data Name='ProcessGuid'>{5d3d98af-2858-5ec2-0000-001058342200}</Data><Data Name='ProcessId'>6980</Data><Data Name='Image'>C:\Windows\system32\svchost.exe</Data><Data Name='TargetObject'>\REGISTRY\A\{31893b35-16f4-3d9c-aedb-3af3cae957af}\Root\InventoryApplicationFile\block130.exe|746b388480418185\Publisher</Data><Data Name='Details'>(Empty)</Data></EventData></Event><Event xmlns='http://schemas.microsoft.com/win/2004/08/events/event'><System><Provider Name='Microsoft-Windows-Sysmon' Guid='{5770385f-c22a-43e0-bf4c-06f5698ffbd9}'/><EventID>13</EventID><Version>2</Version><Level>4</Level><Task>13</Task><Opcode>0</Opcode><Keywords>0x8000000000000000</Keywords><TimeCreated SystemTime='2020-05-18T06:30:55.858787300Z'/><EventRecordID>2624</EventRecordID><Correlation/><Execution ProcessID='2848' ThreadID='3280'/><Channel>Microsoft-Windows-Sysmon/Operational</Channel><Computer>DESKTOP-P84STH6</Computer><Security UserID='S-1-5-18'/></System><EventData><Data Name='RuleName'>InvDB-Path</Data><Data Name='EventType'>SetValue</Data><Data Name='UtcTime'>2020-05-18 06:30:55.853</Data><Data Name='ProcessGuid'>{5d3d98af-2858-5ec2-0000-001058342200}</Data><Data Name='ProcessId'>6980</Data><Data Name='Image'>C:\Windows\system32\svchost.exe</Data><Data Name='TargetObject'>\REGISTRY\A\{31893b35-16f4-3d9c-aedb-3af3cae957af}\Root\InventoryApplicationFile\block130.exe|746b388480418185\LowerCaseLongPath</Data><Data Name='Details'>c:\users\ns\desktop\block130.exe</Data></EventData></Event><Event xmlns='http://schemas.microsoft.com/win/2004/08/events/event'><System><Provider Name='Microsoft-Windows-Sysmon' Guid='{5770385f-c22a-43e0-bf4c-06f5698ffbd9}'/><EventID>13</EventID><Version>2</Version><Level>4</Level><Task>13</Task><Opcode>0</Opcode><Keywords>0x8000000000000000</Keywords><TimeCreated SystemTime='2020-05-18T06:30:55.856472700Z'/><EventRecordID>2623</EventRecordID><Correlation/><Execution ProcessID='2848' ThreadID='3280'/><Channel>Microsoft-Windows-Sysmon/Operational</Channel><Computer>DESKTOP-P84STH6</Computer><Security UserID='S-1-5-18'/></System><EventData><Data Name='RuleName'>InvDB</Data><Data Name='EventType'>SetValue</Data><Data Name='UtcTime'>2020-05-18 06:30:55.853</Data><Data Name='ProcessGuid'>{5d3d98af-2858-5ec2-0000-001058342200}</Data><Data Name='ProcessId'>6980</Data><Data Name='Image'>C:\Windows\system32\svchost.exe</Data><Data Name='TargetObject'>HKU\S-1-5-21-223836497-1760142647-788189203-1001\Software\Microsoft\Windows NT\CurrentVersion\AppCompatFlags\Compatibility Assistant\Store\C:\Users\NS\Desktop\block130.exe</Data><Data Name='Details'>Binary Data</Data></EventData></Event><Event xmlns='http://schemas.microsoft.com/win/2004/08/events/event'><System><Provider Name='Microsoft-Windows-Sysmon' Guid='{5770385f-c22a-43e0-bf4c-06f5698ffbd9}'/><EventID>5</EventID><Version>3</Version><Level>4</Level><Task>5</Task><Opcode>0</Opcode><Keywords>0x8000000000000000</Keywords><TimeCreated SystemTime='2020-05-18T06:30:55.677334100Z'/><EventRecordID>2622</EventRecordID><Correlation/><Execution ProcessID='2848' ThreadID='3280'/><Channel>Microsoft-Windows-Sysmon/Operational</Channel><Computer>DESKTOP-P84STH6</Computer><Security UserID='S-1-5-18'/></System><EventData><Data Name='RuleName'></Data><Data Name='UtcTime'>2020-05-18 06:30:55.675</Data><Data Name='ProcessGuid'>{5d3d98af-2b9e-5ec2-0000-00107d663e00}</Data><Data Name='ProcessId'>3224</Data><Data Name='Image'>C:\Users\NS\Desktop\block130.exe</Data></EventData></Event><Event xmlns='http://schemas.microsoft.com/win/2004/08/events/event'><System><Provider Name='Microsoft-Windows-Sysmon' Guid='{5770385f-c22a-43e0-bf4c-06f5698ffbd9}'/><EventID>11</EventID><Version>2</Version><Level>4</Level><Task>11</Task><Opcode>0</Opcode><Keywords>0x8000000000000000</Keywords><TimeCreated SystemTime='2020-05-18T06:30:54.442986300Z'/><EventRecordID>2621</EventRecordID><Correlation/><Execution ProcessID='2848' ThreadID='3280'/><Channel>Microsoft-Windows-Sysmon/Operational</Channel><Computer>DESKTOP-P84STH6</Computer><Security UserID='S-1-5-18'/></System><EventData><Data Name='RuleName'></Data><Data Name='UtcTime'>2020-05-18 06:30:54.442</Data><Data Name='ProcessGuid'>{5d3d98af-2b9e-5ec2-0000-0010ac7f3e00}</Data><Data Name='ProcessId'>6260</Data><Data Name='Image'>C:\Windows\SysWOW64\WerFault.exe</Data><Data Name='TargetFilename'>C:\ProgramData\Microsoft\Windows\WER\Temp\WER6B37.tmp.dmp</Data><Data Name='CreationUtcTime'>2020-05-18 06:30:54.441</Data></EventData></Event><Event xmlns='http://schemas.microsoft.com/win/2004/08/events/event'><System><Provider Name='Microsoft-Windows-Sysmon' Guid='{5770385f-c22a-43e0-bf4c-06f5698ffbd9}'/><EventID>11</EventID><Version>2</Version><Level>4</Level><Task>11</Task><Opcode>0</Opcode><Keywords>0x8000000000000000</Keywords><TimeCreated SystemTime='2020-05-18T06:30:54.442659800Z'/><EventRecordID>2620</EventRecordID><Correlation/><Execution ProcessID='2848' ThreadID='3280'/><Channel>Microsoft-Windows-Sysmon/Operational</Channel><Computer>DESKTOP-P84STH6</Computer><Security UserID='S-1-5-18'/></System><EventData><Data Name='RuleName'></Data><Data Name='UtcTime'>2020-05-18 06:30:54.442</Data><Data Name='ProcessGuid'>{5d3d98af-2b9e-5ec2-0000-0010ac7f3e00}</Data><Data Name='ProcessId'>6260</Data><Data Name='Image'>C:\Windows\SysWOW64\WerFault.exe</Data><Data Name='TargetFilename'>C:\ProgramData\Microsoft\Windows\WER\Temp\WER6B37.tmp.dmp</Data><Data Name='CreationUtcTime'>2020-05-18 06:30:54.441</Data></EventData></Event><Event xmlns='http://schemas.microsoft.com/win/2004/08/events/event'><System><Provider Name='Microsoft-Windows-Sysmon' Guid='{5770385f-c22a-43e0-bf4c-06f5698ffbd9}'/><EventID>1</EventID><Version>5</Version><Level>4</Level><Task>1</Task><Opcode>0</Opcode><Keywords>0x8000000000000000</Keywords><TimeCreated SystemTime='2020-05-18T06:30:54.300411100Z'/><EventRecordID>2619</EventRecordID><Correlation/><Execution ProcessID='2848' ThreadID='3280'/><Channel>Microsoft-Windows-Sysmon/Operational</Channel><Computer>DESKTOP-P84STH6</Computer><Security UserID='S-1-5-18'/></System><EventData><Data Name='RuleName'></Data><Data Name='UtcTime'>2020-05-18 06:30:54.298</Data><Data Name='ProcessGuid'>{5d3d98af-2b9e-5ec2-0000-0010ac7f3e00}</Data><Data Name='ProcessId'>6260</Data><Data Name='Image'>C:\Windows\SysWOW64\WerFault.exe</Data><Data Name='FileVersion'>10.0.18362.418 (WinBuild.160101.0800)</Data><Data Name='Description'>Windows Problem Reporting</Data><Data Name='Product'>Microsoft® Windows® Operating System</Data><Data Name='Company'>Microsoft Corporation</Data><Data Name='OriginalFileName'>WerFault.exe</Data><Data Name='CommandLine'>C:\Windows\SysWOW64\WerFault.exe -u -p 3224 -s 1144</Data><Data Name='CurrentDirectory'>C:\Windows\system32\</Data><Data Name='User'>DESKTOP-P84STH6\NS</Data><Data Name='LogonGuid'>{5d3d98af-2638-5ec2-0000-0020adc30300}</Data><Data Name='LogonId'>0x3c3ad</Data><Data Name='TerminalSessionId'>1</Data><Data Name='IntegrityLevel'>Medium</Data><Data Name='Hashes'>MD5=28D356B668C66115EA55135D24EEFB2C,SHA256=E2556491F0F158EA8BB39C4CC3008078E37E62BB49B0B886C407BEBDC1445704,IMPHASH=9E07A4F14570AE1BDBBD03FA6F676574</Data><Data Name='ParentProcessGuid'>{5d3d98af-2b9e-5ec2-0000-00107d663e00}</Data><Data Name='ParentProcessId'>3224</Data><Data Name='ParentImage'>C:\Users\NS\Desktop\block130.exe</Data><Data Name='ParentCommandLine'>"C:\Users\NS\Desktop\block130.exe" </Data></EventData></Event><Event xmlns='http://schemas.microsoft.com/win/2004/08/events/event'><System><Provider Name='Microsoft-Windows-Sysmon' Guid='{5770385f-c22a-43e0-bf4c-06f5698ffbd9}'/><EventID>1</EventID><Version>5</Version><Level>4</Level><Task>1</Task><Opcode>0</Opcode><Keywords>0x8000000000000000</Keywords><TimeCreated SystemTime='2020-05-18T06:30:54.238667200Z'/><EventRecordID>2618</EventRecordID><Correlation/><Execution ProcessID='2848' ThreadID='3280'/><Channel>Microsoft-Windows-Sysmon/Operational</Channel><Computer>DESKTOP-P84STH6</Computer><Security UserID='S-1-5-18'/></System><EventData><Data Name='RuleName'></Data><Data Name='UtcTime'>2020-05-18 06:30:54.235</Data><Data Name='ProcessGuid'>{5d3d98af-2b9e-5ec2-0000-0010157a3e00}</Data><Data Name='ProcessId'>1760</Data><Data Name='Image'>C:\Windows\SysWOW64\WerFault.exe</Data><Data Name='FileVersion'>10.0.18362.418 (WinBuild.160101.0800)</Data><Data Name='Description'>Windows Problem Reporting</Data><Data Name='Product'>Microsoft® Windows® Operating System</Data><Data Name='Company'>Microsoft Corporation</Data><Data Name='OriginalFileName'>WerFault.exe</Data><Data Name='CommandLine'>C:\Windows\SysWOW64\WerFault.exe -pss -s 536 -p 3224 -ip 3224</Data><Data Name='CurrentDirectory'>C:\Windows\system32\</Data><Data Name='User'>NT AUTHORITY\SYSTEM</Data><Data Name='LogonGuid'>{5d3d98af-2633-5ec2-0000-0020e7030000}</Data><Data Name='LogonId'>0x3e7</Data><Data Name='TerminalSessionId'>0</Data><Data Name='IntegrityLevel'>System</Data><Data Name='Hashes'>MD5=28D356B668C66115EA55135D24EEFB2C,SHA256=E2556491F0F158EA8BB39C4CC3008078E37E62BB49B0B886C407BEBDC1445704,IMPHASH=9E07A4F14570AE1BDBBD03FA6F676574</Data><Data Name='ParentProcessGuid'>{5d3d98af-2b77-5ec2-0000-001092063c00}</Data><Data Name='ParentProcessId'>3604</Data><Data Name='ParentImage'>C:\Windows\System32\svchost.exe</Data><Data Name='ParentCommandLine'>C:\Windows\System32\svchost.exe -k WerSvcGroup</Data></EventData></Event><Event xmlns='http://schemas.microsoft.com/win/2004/08/events/event'><System><Provider Name='Microsoft-Windows-Sysmon' Guid='{5770385f-c22a-43e0-bf4c-06f5698ffbd9}'/><EventID>1</EventID><Version>5</Version><Level>4</Level><Task>1</Task><Opcode>0</Opcode><Keywords>0x8000000000000000</Keywords><TimeCreated SystemTime='2020-05-18T06:30:54.067159700Z'/><EventRecordID>2617</EventRecordID><Correlation/><Execution ProcessID='2848' ThreadID='3280'/><Channel>Microsoft-Windows-Sysmon/Operational</Channel><Computer>DESKTOP-P84STH6</Computer><Security UserID='S-1-5-18'/></System><EventData><Data Name='RuleName'></Data><Data Name='UtcTime'>2020-05-18 06:30:54.064</Data><Data Name='ProcessGuid'>{5d3d98af-2b9e-5ec2-0000-00107d663e00}</Data><Data Name='ProcessId'>3224</Data><Data Name='Image'>C:\Users\NS\Desktop\block130.exe</Data><Data Name='FileVersion'>?</Data><Data Name='Description'>?</Data><Data Name='Product'>?</Data><Data Name='Company'>?</Data><Data Name='OriginalFileName'>?</Data><Data Name='CommandLine'>"C:\Users\NS\Desktop\block130.exe" </Data><Data Name='CurrentDirectory'>C:\Users\NS\Desktop\</Data><Data Name='User'>DESKTOP-P84STH6\NS</Data><Data Name='LogonGuid'>{5d3d98af-2638-5ec2-0000-0020adc30300}</Data><Data Name='LogonId'>0x3c3ad</Data><Data Name='TerminalSessionId'>1</Data><Data Name='IntegrityLevel'>Medium</Data><Data Name='Hashes'>MD5=3010DC078E341AA4A0A2D0EAAAB970B7,SHA256=1337D1DBB6DDACE64D9B68193CE12F7F1F3B43140BAF58B46804F145FBAFD8EA,IMPHASH=04299C9FCDDC8C18912FE51A0F917ABF</Data><Data Name='ParentProcessGuid'>{5d3d98af-2639-5ec2-0000-0010ee6a0400}</Data><Data Name='ParentProcessId'>4220</Data><Data Name='ParentImage'>C:\Windows\explorer.exe</Data><Data Name='ParentCommandLine'>C:\Windows\Explorer.EXE</Data></EventData></Event><Event xmlns='http://schemas.microsoft.com/win/2004/08/events/event'><System><Provider Name='Microsoft-Windows-Sysmon' Guid='{5770385f-c22a-43e0-bf4c-06f5698ffbd9}'/><EventID>8</EventID><Version>2</Version><Level>4</Level><Task>8</Task><Opcode>0</Opcode><Keywords>0x8000000000000000</Keywords><TimeCreated SystemTime='2020-05-18T06:30:53.111751900Z'/><EventRecordID>2616</EventRecordID><Correlation/><Execution ProcessID='2848' ThreadID='3280'/><Channel>Microsoft-Windows-Sysmon/Operational</Channel><Computer>DESKTOP-P84STH6</Computer><Security UserID='S-1-5-18'/></System><EventData><Data Name='RuleName'></Data><Data Name='UtcTime'>2020-05-18 06:30:53.110</Data><Data Name='SourceProcessGuid'>{5d3d98af-264b-5ec2-0000-00107e200800}</Data><Data Name='SourceProcessId'>6868</Data><Data Name='SourceImage'>C:\Windows\System32\VBoxTray.exe</Data><Data Name='TargetProcessGuid'>{5d3d98af-2633-5ec2-0000-001082560000}</Data><Data Name='TargetProcessId'>536</Data><Data Name='TargetImage'>C:\Windows\System32\csrss.exe</Data><Data Name='NewThreadId'>1672</Data><Data Name='StartAddress'>0xFFFFF661C9312460</Data><Data Name='StartModule'></Data><Data Name='StartFunction'></Data></EventData></Event><Event xmlns='http://schemas.microsoft.com/win/2004/08/events/event'><System><Provider Name='Microsoft-Windows-Sysmon' Guid='{5770385f-c22a-43e0-bf4c-06f5698ffbd9}'/><EventID>5</EventID><Version>3</Version><Level>4</Level><Task>5</Task><Opcode>0</Opcode><Keywords>0x8000000000000000</Keywords><TimeCreated SystemTime='2020-05-18T06:30:50.845905900Z'/><EventRecordID>2615</EventRecordID><Correlation/><Execution ProcessID='2848' ThreadID='3280'/><Channel>Microsoft-Windows-Sysmon/Operational</Channel><Computer>DESKTOP-P84STH6</Computer><Security UserID='S-1-5-18'/></System><EventData><Data Name='RuleName'></Data><Data Name='UtcTime'>2020-05-18 06:30:50.845</Data><Data Name='ProcessGuid'>{5d3d98af-2b99-5ec2-0000-0010af0f3e00}</Data><Data Name='ProcessId'>2356</Data><Data Name='Image'>C:\Users\NS\Desktop\block130.exe</Data></EventData></Event><Event xmlns='http://schemas.microsoft.com/win/2004/08/events/event'><System><Provider Name='Microsoft-Windows-Sysmon' Guid='{5770385f-c22a-43e0-bf4c-06f5698ffbd9}'/><EventID>8</EventID><Version>2</Version><Level>4</Level><Task>8</Task><Opcode>0</Opcode><Keywords>0x8000000000000000</Keywords><TimeCreated SystemTime='2020-05-18T06:30:50.821906900Z'/><EventRecordID>2614</EventRecordID><Correlation/><Execution ProcessID='2848' ThreadID='3280'/><Channel>Microsoft-Windows-Sysmon/Operational</Channel><Computer>DESKTOP-P84STH6</Computer><Security UserID='S-1-5-18'/></System><EventData><Data Name='RuleName'></Data><Data Name='UtcTime'>2020-05-18 06:30:50.820</Data><Data Name='SourceProcessGuid'>{5d3d98af-2b99-5ec2-0000-0010af0f3e00}</Data><Data Name='SourceProcessId'>2356</Data><Data Name='SourceImage'>C:\Users\NS\Desktop\block130.exe</Data><Data Name='TargetProcessGuid'>{5d3d98af-2633-5ec2-0000-001082560000}</Data><Data Name='TargetProcessId'>536</Data><Data Name='TargetImage'>C:\Windows\System32\csrss.exe</Data><Data Name='NewThreadId'>6612</Data><Data Name='StartAddress'>0xFFFFF661C9312460</Data><Data Name='StartModule'></Data><Data Name='StartFunction'></Data></EventData></Event><Event xmlns='http://schemas.microsoft.com/win/2004/08/events/event'><System><Provider Name='Microsoft-Windows-Sysmon' Guid='{5770385f-c22a-43e0-bf4c-06f5698ffbd9}'/><EventID>11</EventID><Version>2</Version><Level>4</Level><Task>11</Task><Opcode>0</Opcode><Keywords>0x8000000000000000</Keywords><TimeCreated SystemTime='2020-05-18T06:30:49.631561200Z'/><EventRecordID>2613</EventRecordID><Correlation/><Execution ProcessID='2848' ThreadID='3280'/><Channel>Microsoft-Windows-Sysmon/Operational</Channel><Computer>DESKTOP-P84STH6</Computer><Security UserID='S-1-5-18'/></System><EventData><Data Name='RuleName'></Data><Data Name='UtcTime'>2020-05-18 06:30:49.630</Data><Data Name='ProcessGuid'>{5d3d98af-2b99-5ec2-0000-0010552e3e00}</Data><Data Name='ProcessId'>4464</Data><Data Name='Image'>C:\Windows\SysWOW64\WerFault.exe</Data><Data Name='TargetFilename'>C:\ProgramData\Microsoft\Windows\WER\Temp\WER586A.tmp.dmp</Data><Data Name='CreationUtcTime'>2020-05-18 06:30:49.630</Data></EventData></Event><Event xmlns='http://schemas.microsoft.com/win/2004/08/events/event'><System><Provider Name='Microsoft-Windows-Sysmon' Guid='{5770385f-c22a-43e0-bf4c-06f5698ffbd9}'/><EventID>11</EventID><Version>2</Version><Level>4</Level><Task>11</Task><Opcode>0</Opcode><Keywords>0x8000000000000000</Keywords><TimeCreated SystemTime='2020-05-18T06:30:49.631174100Z'/><EventRecordID>2612</EventRecordID><Correlation/><Execution ProcessID='2848' ThreadID='3280'/><Channel>Microsoft-Windows-Sysmon/Operational</Channel><Computer>DESKTOP-P84STH6</Computer><Security UserID='S-1-5-18'/></System><EventData><Data Name='RuleName'></Data><Data Name='UtcTime'>2020-05-18 06:30:49.630</Data><Data Name='ProcessGuid'>{5d3d98af-2b99-5ec2-0000-0010552e3e00}</Data><Data Name='ProcessId'>4464</Data><Data Name='Image'>C:\Windows\SysWOW64\WerFault.exe</Data><Data Name='TargetFilename'>C:\ProgramData\Microsoft\Windows\WER\Temp\WER586A.tmp.dmp</Data><Data Name='CreationUtcTime'>2020-05-18 06:30:49.630</Data></EventData></Event><Event xmlns='http://schemas.microsoft.com/win/2004/08/events/event'><System><Provider Name='Microsoft-Windows-Sysmon' Guid='{5770385f-c22a-43e0-bf4c-06f5698ffbd9}'/><EventID>1</EventID><Version>5</Version><Level>4</Level><Task>1</Task><Opcode>0</Opcode><Keywords>0x8000000000000000</Keywords><TimeCreated SystemTime='2020-05-18T06:30:49.497818000Z'/><EventRecordID>2611</EventRecordID><Correlation/><Execution ProcessID='2848' ThreadID='3280'/><Channel>Microsoft-Windows-Sysmon/Operational</Channel><Computer>DESKTOP-P84STH6</Computer><Security UserID='S-1-5-18'/></System><EventData><Data Name='RuleName'></Data><Data Name='UtcTime'>2020-05-18 06:30:49.493</Data><Data Name='ProcessGuid'>{5d3d98af-2b99-5ec2-0000-0010552e3e00}</Data><Data Name='ProcessId'>4464</Data><Data Name='Image'>C:\Windows\SysWOW64\WerFault.exe</Data><Data Name='FileVersion'>10.0.18362.418 (WinBuild.160101.0800)</Data><Data Name='Description'>Windows Problem Reporting</Data><Data Name='Product'>Microsoft® Windows® Operating System</Data><Data Name='Company'>Microsoft Corporation</Data><Data Name='OriginalFileName'>WerFault.exe</Data><Data Name='CommandLine'>C:\Windows\SysWOW64\WerFault.exe -u -p 2356 -s 1148</Data><Data Name='CurrentDirectory'>C:\Windows\system32\</Data><Data Name='User'>DESKTOP-P84STH6\NS</Data><Data Name='LogonGuid'>{5d3d98af-2638-5ec2-0000-0020adc30300}</Data><Data Name='LogonId'>0x3c3ad</Data><Data Name='TerminalSessionId'>1</Data><Data Name='IntegrityLevel'>Medium</Data><Data Name='Hashes'>MD5=28D356B668C66115EA55135D24EEFB2C,SHA256=E2556491F0F158EA8BB39C4CC3008078E37E62BB49B0B886C407BEBDC1445704,IMPHASH=9E07A4F14570AE1BDBBD03FA6F676574</Data><Data Name='ParentProcessGuid'>{5d3d98af-2b99-5ec2-0000-0010af0f3e00}</Data><Data Name='ParentProcessId'>2356</Data><Data Name='ParentImage'>C:\Users\NS\Desktop\block130.exe</Data><Data Name='ParentCommandLine'>"C:\Users\NS\Desktop\block130.exe" </Data></EventData></Event><Event xmlns='http://schemas.microsoft.com/win/2004/08/events/event'><System><Provider Name='Microsoft-Windows-Sysmon' Guid='{5770385f-c22a-43e0-bf4c-06f5698ffbd9}'/><EventID>1</EventID><Version>5</Version><Level>4</Level><Task>1</Task><Opcode>0</Opcode><Keywords>0x8000000000000000</Keywords><TimeCreated SystemTime='2020-05-18T06:30:49.427163600Z'/><EventRecordID>2610</EventRecordID><Correlation/><Execution ProcessID='2848' ThreadID='3280'/><Channel>Microsoft-Windows-Sysmon/Operational</Channel><Computer>DESKTOP-P84STH6</Computer><Security UserID='S-1-5-18'/></System><EventData><Data Name='RuleName'></Data><Data Name='UtcTime'>2020-05-18 06:30:49.423</Data><Data Name='ProcessGuid'>{5d3d98af-2b99-5ec2-0000-001046293e00}</Data><Data Name='ProcessId'>6016</Data><Data Name='Image'>C:\Windows\SysWOW64\WerFault.exe</Data><Data Name='FileVersion'>10.0.18362.418 (WinBuild.160101.0800)</Data><Data Name='Description'>Windows Problem Reporting</Data><Data Name='Product'>Microsoft® Windows® Operating System</Data><Data Name='Company'>Microsoft Corporation</Data><Data Name='OriginalFileName'>WerFault.exe</Data><Data Name='CommandLine'>C:\Windows\SysWOW64\WerFault.exe -pss -s 572 -p 2356 -ip 2356</Data><Data Name='CurrentDirectory'>C:\Windows\system32\</Data><Data Name='User'>NT AUTHORITY\SYSTEM</Data><Data Name='LogonGuid'>{5d3d98af-2633-5ec2-0000-0020e7030000}</Data><Data Name='LogonId'>0x3e7</Data><Data Name='TerminalSessionId'>0</Data><Data Name='IntegrityLevel'>System</Data><Data Name='Hashes'>MD5=28D356B668C66115EA55135D24EEFB2C,SHA256=E2556491F0F158EA8BB39C4CC3008078E37E62BB49B0B886C407BEBDC1445704,IMPHASH=9E07A4F14570AE1BDBBD03FA6F676574</Data><Data Name='ParentProcessGuid'>{5d3d98af-2b77-5ec2-0000-001092063c00}</Data><Data Name='ParentProcessId'>3604</Data><Data Name='ParentImage'>C:\Windows\System32\svchost.exe</Data><Data Name='ParentCommandLine'>C:\Windows\System32\svchost.exe -k WerSvcGroup</Data></EventData></Event><Event xmlns='http://schemas.microsoft.com/win/2004/08/events/event'><System><Provider Name='Microsoft-Windows-Sysmon' Guid='{5770385f-c22a-43e0-bf4c-06f5698ffbd9}'/><EventID>8</EventID><Version>2</Version><Level>4</Level><Task>8</Task><Opcode>0</Opcode><Keywords>0x8000000000000000</Keywords><TimeCreated SystemTime='2020-05-18T06:30:49.302573700Z'/><EventRecordID>2609</EventRecordID><Correlation/><Execution ProcessID='2848' ThreadID='3280'/><Channel>Microsoft-Windows-Sysmon/Operational</Channel><Computer>DESKTOP-P84STH6</Computer><Security UserID='S-1-5-18'/></System><EventData><Data Name='RuleName'></Data><Data Name='UtcTime'>2020-05-18 06:30:49.301</Data><Data Name='SourceProcessGuid'>{5d3d98af-2b99-5ec2-0000-0010af0f3e00}</Data><Data Name='SourceProcessId'>2356</Data><Data Name='SourceImage'>C:\Users\NS\Desktop\block130.exe</Data><Data Name='TargetProcessGuid'>{5d3d98af-2633-5ec2-0000-001082560000}</Data><Data Name='TargetProcessId'>536</Data><Data Name='TargetImage'>C:\Windows\System32\csrss.exe</Data><Data Name='NewThreadId'>6600</Data><Data Name='StartAddress'>0xFFFFF661C9312460</Data><Data Name='StartModule'></Data><Data Name='StartFunction'></Data></EventData></Event><Event xmlns='http://schemas.microsoft.com/win/2004/08/events/event'><System><Provider Name='Microsoft-Windows-Sysmon' Guid='{5770385f-c22a-43e0-bf4c-06f5698ffbd9}'/><EventID>13</EventID><Version>2</Version><Level>4</Level><Task>13</Task><Opcode>0</Opcode><Keywords>0x8000000000000000</Keywords><TimeCreated SystemTime='2020-05-18T06:30:49.093402000Z'/><EventRecordID>2608</EventRecordID><Correlation/><Execution ProcessID='2848' ThreadID='3280'/><Channel>Microsoft-Windows-Sysmon/Operational</Channel><Computer>DESKTOP-P84STH6</Computer><Security UserID='S-1-5-18'/></System><EventData><Data Name='RuleName'>InvDB</Data><Data Name='EventType'>SetValue</Data><Data Name='UtcTime'>2020-05-18 06:30:49.085</Data><Data Name='ProcessGuid'>{5d3d98af-2858-5ec2-0000-001058342200}</Data><Data Name='ProcessId'>6980</Data><Data Name='Image'>C:\Windows\system32\svchost.exe</Data><Data Name='TargetObject'>HKU\S-1-5-21-223836497-1760142647-788189203-1001\Software\Microsoft\Windows NT\CurrentVersion\AppCompatFlags\Compatibility Assistant\Store\C:\Users\NS\Desktop\block130.exe</Data><Data Name='Details'>Binary Data</Data></EventData></Event><Event xmlns='http://schemas.microsoft.com/win/2004/08/events/event'><System><Provider Name='Microsoft-Windows-Sysmon' Guid='{5770385f-c22a-43e0-bf4c-06f5698ffbd9}'/><EventID>1</EventID><Version>5</Version><Level>4</Level><Task>1</Task><Opcode>0</Opcode><Keywords>0x8000000000000000</Keywords><TimeCreated SystemTime='2020-05-18T06:30:49.090032500Z'/><EventRecordID>2607</EventRecordID><Correlation/><Execution ProcessID='2848' ThreadID='3280'/><Channel>Microsoft-Windows-Sysmon/Operational</Channel><Computer>DESKTOP-P84STH6</Computer><Security UserID='S-1-5-18'/></System><EventData><Data Name='RuleName'></Data><Data Name='UtcTime'>2020-05-18 06:30:49.079</Data><Data Name='ProcessGuid'>{5d3d98af-2b99-5ec2-0000-0010af0f3e00}</Data><Data Name='ProcessId'>2356</Data><Data Name='Image'>C:\Users\NS\Desktop\block130.exe</Data><Data Name='FileVersion'>?</Data><Data Name='Description'>?</Data><Data Name='Product'>?</Data><Data Name='Company'>?</Data><Data Name='OriginalFileName'>?</Data><Data Name='CommandLine'>"C:\Users\NS\Desktop\block130.exe" </Data><Data Name='CurrentDirectory'>C:\Users\NS\Desktop\</Data><Data Name='User'>DESKTOP-P84STH6\NS</Data><Data Name='LogonGuid'>{5d3d98af-2638-5ec2-0000-0020adc30300}</Data><Data Name='LogonId'>0x3c3ad</Data><Data Name='TerminalSessionId'>1</Data><Data Name='IntegrityLevel'>Medium</Data><Data Name='Hashes'>MD5=3010DC078E341AA4A0A2D0EAAAB970B7,SHA256=1337D1DBB6DDACE64D9B68193CE12F7F1F3B43140BAF58B46804F145FBAFD8EA,IMPHASH=04299C9FCDDC8C18912FE51A0F917ABF</Data><Data Name='ParentProcessGuid'>{5d3d98af-2639-5ec2-0000-0010ee6a0400}</Data><Data Name='ParentProcessId'>4220</Data><Data Name='ParentImage'>C:\Windows\explorer.exe</Data><Data Name='ParentCommandLine'>C:\Windows\Explorer.EXE</Data></EventData></Event><Event xmlns='http://schemas.microsoft.com/win/2004/08/events/event'><System><Provider Name='Microsoft-Windows-Sysmon' Guid='{5770385f-c22a-43e0-bf4c-06f5698ffbd9}'/><EventID>8</EventID><Version>2</Version><Level>4</Level><Task>8</Task><Opcode>0</Opcode><Keywords>0x8000000000000000</Keywords><TimeCreated SystemTime='2020-05-18T06:30:47.269475300Z'/><EventRecordID>2606</EventRecordID><Correlation/><Execution ProcessID='2848' ThreadID='3280'/><Channel>Microsoft-Windows-Sysmon/Operational</Channel><Computer>DESKTOP-P84STH6</Computer><Security UserID='S-1-5-18'/></System><EventData><Data Name='RuleName'></Data><Data Name='UtcTime'>2020-05-18 06:30:47.257</Data><Data Name='SourceProcessGuid'>{5d3d98af-264b-5ec2-0000-00107e200800}</Data><Data Name='SourceProcessId'>6868</Data><Data Name='SourceImage'>C:\Windows\System32\VBoxTray.exe</Data><Data Name='TargetProcessGuid'>{5d3d98af-2633-5ec2-0000-001082560000}</Data><Data Name='TargetProcessId'>536</Data><Data Name='TargetImage'>C:\Windows\System32\csrss.exe</Data><Data Name='NewThreadId'>5924</Data><Data Name='StartAddress'>0xFFFFF661C9312460</Data><Data Name='StartModule'></Data><Data Name='StartFunction'></Data></EventData></Event><Event xmlns='http://schemas.microsoft.com/win/2004/08/events/event'><System><Provider Name='Microsoft-Windows-Sysmon' Guid='{5770385f-c22a-43e0-bf4c-06f5698ffbd9}'/><EventID>13</EventID><Version>2</Version><Level>4</Level><Task>13</Task><Opcode>0</Opcode><Keywords>0x8000000000000000</Keywords><TimeCreated SystemTime='2020-05-18T06:30:45.789644000Z'/><EventRecordID>2605</EventRecordID><Correlation/><Execution ProcessID='2848' ThreadID='3280'/><Channel>Microsoft-Windows-Sysmon/Operational</Channel><Computer>DESKTOP-P84STH6</Computer><Security UserID='S-1-5-18'/></System><EventData><Data Name='RuleName'>InvDB</Data><Data Name='EventType'>SetValue</Data><Data Name='UtcTime'>2020-05-18 06:30:45.788</Data><Data Name='ProcessGuid'>{5d3d98af-2858-5ec2-0000-001058342200}</Data><Data Name='ProcessId'>6980</Data><Data Name='Image'>C:\Windows\system32\svchost.exe</Data><Data Name='TargetObject'>HKU\S-1-5-21-223836497-1760142647-788189203-1001\Software\Microsoft\Windows NT\CurrentVersion\AppCompatFlags\Compatibility Assistant\Store\C:\Program Files (x86)\CartmansAuthoritah\splaunch.exe</Data><Data Name='Details'>Binary Data</Data></EventData></Event><Event xmlns='http://schemas.microsoft.com/win/2004/08/events/event'><System><Provider Name='Microsoft-Windows-Sysmon' Guid='{5770385f-c22a-43e0-bf4c-06f5698ffbd9}'/><EventID>13</EventID><Version>2</Version><Level>4</Level><Task>13</Task><Opcode>0</Opcode><Keywords>0x8000000000000000</Keywords><TimeCreated SystemTime='2020-05-18T06:30:43.953830500Z'/><EventRecordID>2604</EventRecordID><Correlation/><Execution ProcessID='2848' ThreadID='3280'/><Channel>Microsoft-Windows-Sysmon/Operational</Channel><Computer>DESKTOP-P84STH6</Computer><Security UserID='S-1-5-18'/></System><EventData><Data Name='RuleName'>InvDB</Data><Data Name='EventType'>SetValue</Data><Data Name='UtcTime'>2020-05-18 06:30:43.952</Data><Data Name='ProcessGuid'>{5d3d98af-2858-5ec2-0000-001058342200}</Data><Data Name='ProcessId'>6980</Data><Data Name='Image'>C:\Windows\system32\svchost.exe</Data><Data Name='TargetObject'>HKU\S-1-5-21-223836497-1760142647-788189203-1001\Software\Microsoft\Windows NT\CurrentVersion\AppCompatFlags\Compatibility Assistant\Store\C:\Program Files (x86)\CartmansAuthoritah\splaunch.exe</Data><Data Name='Details'>Binary Data</Data></EventData></Event><Event xmlns='http://schemas.microsoft.com/win/2004/08/events/event'><System><Provider Name='Microsoft-Windows-Sysmon' Guid='{5770385f-c22a-43e0-bf4c-06f5698ffbd9}'/><EventID>13</EventID><Version>2</Version><Level>4</Level><Task>13</Task><Opcode>0</Opcode><Keywords>0x8000000000000000</Keywords><TimeCreated SystemTime='2020-05-18T06:30:43.025912100Z'/><EventRecordID>2603</EventRecordID><Correlation/><Execution ProcessID='2848' ThreadID='3280'/><Channel>Microsoft-Windows-Sysmon/Operational</Channel><Computer>DESKTOP-P84STH6</Computer><Security UserID='S-1-5-18'/></System><EventData><Data Name='RuleName'>InvDB</Data><Data Name='EventType'>SetValue</Data><Data Name='UtcTime'>2020-05-18 06:30:43.024</Data><Data Name='ProcessGuid'>{5d3d98af-2858-5ec2-0000-001058342200}</Data><Data Name='ProcessId'>6980</Data><Data Name='Image'>C:\Windows\system32\svchost.exe</Data><Data Name='TargetObject'>HKU\S-1-5-21-223836497-1760142647-788189203-1001\Software\Microsoft\Windows NT\CurrentVersion\AppCompatFlags\Compatibility Assistant\Store\C:\Program Files (x86)\CartmansAuthoritah\splaunch.exe</Data><Data Name='Details'>Binary Data</Data></EventData></Event><Event xmlns='http://schemas.microsoft.com/win/2004/08/events/event'><System><Provider Name='Microsoft-Windows-Sysmon' Guid='{5770385f-c22a-43e0-bf4c-06f5698ffbd9}'/><EventID>1</EventID><Version>5</Version><Level>4</Level><Task>1</Task><Opcode>0</Opcode><Keywords>0x8000000000000000</Keywords><TimeCreated SystemTime='2020-05-18T06:30:41.846939200Z'/><EventRecordID>2602</EventRecordID><Correlation/><Execution ProcessID='2848' ThreadID='3280'/><Channel>Microsoft-Windows-Sysmon/Operational</Channel><Computer>DESKTOP-P84STH6</Computer><Security UserID='S-1-5-18'/></System><EventData><Data Name='RuleName'></Data><Data Name='UtcTime'>2020-05-18 06:30:41.843</Data><Data Name='ProcessGuid'>{5d3d98af-2b91-5ec2-0000-00100dbf3d00}</Data><Data Name='ProcessId'>1648</Data><Data Name='Image'>C:\Program Files (x86)\CartmansAuthoritah\splaunch.exe</Data><Data Name='FileVersion'>1, 0, 0, 1</Data><Data Name='Description'>splaunch MFC Application</Data><Data Name='Product'>splaunch Application</Data><Data Name='Company'></Data><Data Name='OriginalFileName'>splaunch.EXE</Data><Data Name='CommandLine'>"C:\Program Files (x86)\CartmansAuthoritah\splaunch.exe" </Data><Data Name='CurrentDirectory'>C:\Users\NS\Desktop\</Data><Data Name='User'>DESKTOP-P84STH6\NS</Data><Data Name='LogonGuid'>{5d3d98af-2638-5ec2-0000-0020adc30300}</Data><Data Name='LogonId'>0x3c3ad</Data><Data Name='TerminalSessionId'>1</Data><Data Name='IntegrityLevel'>Medium</Data><Data Name='Hashes'>MD5=F8B73C754B3E51B9B34D0245815F5266,SHA256=79EE81A65127EF147B669B441B16BB34E478E5C6E7DB1895359599094CBE1725,IMPHASH=E6E56AE719E9D9024A9EAD8BACE1A21F</Data><Data Name='ParentProcessGuid'>{5d3d98af-2639-5ec2-0000-0010ee6a0400}</Data><Data Name='ParentProcessId'>4220</Data><Data Name='ParentImage'>C:\Windows\explorer.exe</Data><Data Name='ParentCommandLine'>C:\Windows\Explorer.EXE</Data></EventData></Event><Event xmlns='http://schemas.microsoft.com/win/2004/08/events/event'><System><Provider Name='Microsoft-Windows-Sysmon' Guid='{5770385f-c22a-43e0-bf4c-06f5698ffbd9}'/><EventID>1</EventID><Version>5</Version><Level>4</Level><Task>1</Task><Opcode>0</Opcode><Keywords>0x8000000000000000</Keywords><TimeCreated SystemTime='2020-05-18T06:30:38.523354300Z'/><EventRecordID>2601</EventRecordID><Correlation/><Execution ProcessID='2848' ThreadID='3280'/><Channel>Microsoft-Windows-Sysmon/Operational</Channel><Computer>DESKTOP-P84STH6</Computer><Security UserID='S-1-5-18'/></System><EventData><Data Name='RuleName'></Data><Data Name='UtcTime'>2020-05-18 06:30:38.519</Data><Data Name='ProcessGuid'>{5d3d98af-2b8e-5ec2-0000-00101ba53d00}</Data><Data Name='ProcessId'>3232</Data><Data Name='Image'>C:\Program Files (x86)\CartmansAuthoritah\splaunch.exe</Data><Data Name='FileVersion'>1, 0, 0, 1</Data><Data Name='Description'>splaunch MFC Application</Data><Data Name='Product'>splaunch Application</Data><Data Name='Company'></Data><Data Name='OriginalFileName'>splaunch.EXE</Data><Data Name='CommandLine'>"C:\Program Files (x86)\CartmansAuthoritah\splaunch.exe" </Data><Data Name='CurrentDirectory'>C:\Users\NS\Desktop\</Data><Data Name='User'>DESKTOP-P84STH6\NS</Data><Data Name='LogonGuid'>{5d3d98af-2638-5ec2-0000-0020adc30300}</Data><Data Name='LogonId'>0x3c3ad</Data><Data Name='TerminalSessionId'>1</Data><Data Name='IntegrityLevel'>Medium</Data><Data Name='Hashes'>MD5=F8B73C754B3E51B9B34D0245815F5266,SHA256=79EE81A65127EF147B669B441B16BB34E478E5C6E7DB1895359599094CBE1725,IMPHASH=E6E56AE719E9D9024A9EAD8BACE1A21F</Data><Data Name='ParentProcessGuid'>{5d3d98af-2639-5ec2-0000-0010ee6a0400}</Data><Data Name='ParentProcessId'>4220</Data><Data Name='ParentImage'>C:\Windows\explorer.exe</Data><Data Name='ParentCommandLine'>C:\Windows\Explorer.EXE</Data></EventData></Event><Event xmlns='http://schemas.microsoft.com/win/2004/08/events/event'><System><Provider Name='Microsoft-Windows-Sysmon' Guid='{5770385f-c22a-43e0-bf4c-06f5698ffbd9}'/><EventID>11</EventID><Version>2</Version><Level>4</Level><Task>11</Task><Opcode>0</Opcode><Keywords>0x8000000000000000</Keywords><TimeCreated SystemTime='2020-05-18T06:30:36.345236200Z'/><EventRecordID>2600</EventRecordID><Correlation/><Execution ProcessID='2848' ThreadID='3280'/><Channel>Microsoft-Windows-Sysmon/Operational</Channel><Computer>DESKTOP-P84STH6</Computer><Security UserID='S-1-5-18'/></System><EventData><Data Name='RuleName'></Data><Data Name='UtcTime'>2020-05-18 06:30:36.336</Data><Data Name='ProcessGuid'>{5d3d98af-2b8c-5ec2-0000-0010327f3d00}</Data><Data Name='ProcessId'>2912</Data><Data Name='Image'>C:\Windows\SysWOW64\WerFault.exe</Data><Data Name='TargetFilename'>C:\ProgramData\Microsoft\Windows\WER\Temp\WER2489.tmp.dmp</Data><Data Name='CreationUtcTime'>2020-05-18 06:30:36.336</Data></EventData></Event><Event xmlns='http://schemas.microsoft.com/win/2004/08/events/event'><System><Provider Name='Microsoft-Windows-Sysmon' Guid='{5770385f-c22a-43e0-bf4c-06f5698ffbd9}'/><EventID>11</EventID><Version>2</Version><Level>4</Level><Task>11</Task><Opcode>0</Opcode><Keywords>0x8000000000000000</Keywords><TimeCreated SystemTime='2020-05-18T06:30:36.344881200Z'/><EventRecordID>2599</EventRecordID><Correlation/><Execution ProcessID='2848' ThreadID='3280'/><Channel>Microsoft-Windows-Sysmon/Operational</Channel><Computer>DESKTOP-P84STH6</Computer><Security UserID='S-1-5-18'/></System><EventData><Data Name='RuleName'></Data><Data Name='UtcTime'>2020-05-18 06:30:36.336</Data><Data Name='ProcessGuid'>{5d3d98af-2b8c-5ec2-0000-0010327f3d00}</Data><Data Name='ProcessId'>2912</Data><Data Name='Image'>C:\Windows\SysWOW64\WerFault.exe</Data><Data Name='TargetFilename'>C:\ProgramData\Microsoft\Windows\WER\Temp\WER2489.tmp.dmp</Data><Data Name='CreationUtcTime'>2020-05-18 06:30:36.336</Data></EventData></Event>