<Event xmlns='http://schemas.microsoft.com/win/2004/08/events/event'><System><Provider Name='Microsoft-Windows-Security-Auditing' Guid='{54849625-5478-4994-a5ba-3e3b0328c30d}'/><EventID>5379</EventID><Version>0</Version><Level>0</Level><Task>13824</Task><Opcode>0</Opcode><Keywords>0x8020000000000000</Keywords><TimeCreated SystemTime='2020-05-18T07:26:44.578022600Z'/><EventRecordID>2205</EventRecordID><Correlation ActivityID='{e0e75f9b-2cda-0001-ec5f-e7e0da2cd601}'/><Execution ProcessID='676' ThreadID='3520'/><Channel>Security</Channel><Computer>DESKTOP-P84STH6</Computer><Security/></System><EventData><Data Name='SubjectUserSid'>S-1-5-21-223836497-1760142647-788189203-1001</Data><Data Name='SubjectUserName'>NS</Data><Data Name='SubjectDomainName'>DESKTOP-P84STH6</Data><Data Name='SubjectLogonId'>0x40fbe</Data><Data Name='TargetName'>vscode-microsoft.login/account</Data><Data Name='Type'>1</Data><Data Name='CountOfCredentialsReturned'>1</Data><Data Name='ReadOperation'>%%8099</Data><Data Name='ReturnCode'>3221226021</Data><Data Name='ProcessCreationTime'>2020-05-18T06:21:31.612156000Z</Data><Data Name='ClientProcessId'>7848</Data></EventData></Event><Event xmlns='http://schemas.microsoft.com/win/2004/08/events/event'><System><Provider Name='Microsoft-Windows-Security-Auditing' Guid='{54849625-5478-4994-a5ba-3e3b0328c30d}'/><EventID>5379</EventID><Version>0</Version><Level>0</Level><Task>13824</Task><Opcode>0</Opcode><Keywords>0x8020000000000000</Keywords><TimeCreated SystemTime='2020-05-18T07:26:14.561776000Z'/><EventRecordID>2204</EventRecordID><Correlation ActivityID='{e0e75f9b-2cda-0001-ec5f-e7e0da2cd601}'/><Execution ProcessID='676' ThreadID='5744'/><Channel>Security</Channel><Computer>DESKTOP-P84STH6</Computer><Security/></System><EventData><Data Name='SubjectUserSid'>S-1-5-21-223836497-1760142647-788189203-1001</Data><Data Name='SubjectUserName'>NS</Data><Data Name='SubjectDomainName'>DESKTOP-P84STH6</Data><Data Name='SubjectLogonId'>0x40fbe</Data><Data Name='TargetName'>vscode-github.login/account</Data><Data Name='Type'>1</Data><Data Name='CountOfCredentialsReturned'>1</Data><Data Name='ReadOperation'>%%8099</Data><Data Name='ReturnCode'>3221226021</Data><Data Name='ProcessCreationTime'>2020-05-18T06:21:31.612156000Z</Data><Data Name='ClientProcessId'>7848</Data></EventData></Event><Event xmlns='http://schemas.microsoft.com/win/2004/08/events/event'><System><Provider Name='Microsoft-Windows-Security-Auditing' Guid='{54849625-5478-4994-a5ba-3e3b0328c30d}'/><EventID>5379</EventID><Version>0</Version><Level>0</Level><Task>13824</Task><Opcode>0</Opcode><Keywords>0x8020000000000000</Keywords><TimeCreated SystemTime='2020-05-18T07:26:14.561754800Z'/><EventRecordID>2203</EventRecordID><Correlation ActivityID='{e0e75f9b-2cda-0001-ec5f-e7e0da2cd601}'/><Execution ProcessID='676' ThreadID='732'/><Channel>Security</Channel><Computer>DESKTOP-P84STH6</Computer><Security/></System><EventData><Data Name='SubjectUserSid'>S-1-5-21-223836497-1760142647-788189203-1001</Data><Data Name='SubjectUserName'>NS</Data><Data Name='SubjectDomainName'>DESKTOP-P84STH6</Data><Data Name='SubjectLogonId'>0x40fbe</Data><Data Name='TargetName'>vscode-microsoft.login/account</Data><Data Name='Type'>1</Data><Data Name='CountOfCredentialsReturned'>1</Data><Data Name='ReadOperation'>%%8099</Data><Data Name='ReturnCode'>3221226021</Data><Data Name='ProcessCreationTime'>2020-05-18T06:21:31.612156000Z</Data><Data Name='ClientProcessId'>7848</Data></EventData></Event><Event xmlns='http://schemas.microsoft.com/win/2004/08/events/event'><System><Provider Name='Microsoft-Windows-Security-Auditing' Guid='{54849625-5478-4994-a5ba-3e3b0328c30d}'/><EventID>5379</EventID><Version>0</Version><Level>0</Level><Task>13824</Task><Opcode>0</Opcode><Keywords>0x8020000000000000</Keywords><TimeCreated SystemTime='2020-05-18T07:25:44.551028700Z'/><EventRecordID>2202</EventRecordID><Correlation ActivityID='{e0e75f9b-2cda-0001-ec5f-e7e0da2cd601}'/><Execution ProcessID='676' ThreadID='5744'/><Channel>Security</Channel><Computer>DESKTOP-P84STH6</Computer><Security/></System><EventData><Data Name='SubjectUserSid'>S-1-5-21-223836497-1760142647-788189203-1001</Data><Data Name='SubjectUserName'>NS</Data><Data Name='SubjectDomainName'>DESKTOP-P84STH6</Data><Data Name='SubjectLogonId'>0x40fbe</Data><Data Name='TargetName'>vscode-github.login/account</Data><Data Name='Type'>1</Data><Data Name='CountOfCredentialsReturned'>1</Data><Data Name='ReadOperation'>%%8099</Data><Data Name='ReturnCode'>3221226021</Data><Data Name='ProcessCreationTime'>2020-05-18T06:21:31.612156000Z</Data><Data Name='ClientProcessId'>7848</Data></EventData></Event><Event xmlns='http://schemas.microsoft.com/win/2004/08/events/event'><System><Provider Name='Microsoft-Windows-Security-Auditing' Guid='{54849625-5478-4994-a5ba-3e3b0328c30d}'/><EventID>5379</EventID><Version>0</Version><Level>0</Level><Task>13824</Task><Opcode>0</Opcode><Keywords>0x8020000000000000</Keywords><TimeCreated SystemTime='2020-05-18T07:25:44.550993100Z'/><EventRecordID>2201</EventRecordID><Correlation ActivityID='{e0e75f9b-2cda-0001-ec5f-e7e0da2cd601}'/><Execution ProcessID='676' ThreadID='732'/><Channel>Security</Channel><Computer>DESKTOP-P84STH6</Computer><Security/></System><EventData><Data Name='SubjectUserSid'>S-1-5-21-223836497-1760142647-788189203-1001</Data><Data Name='SubjectUserName'>NS</Data><Data Name='SubjectDomainName'>DESKTOP-P84STH6</Data><Data Name='SubjectLogonId'>0x40fbe</Data><Data Name='TargetName'>vscode-microsoft.login/account</Data><Data Name='Type'>1</Data><Data Name='CountOfCredentialsReturned'>1</Data><Data Name='ReadOperation'>%%8099</Data><Data Name='ReturnCode'>3221226021</Data><Data Name='ProcessCreationTime'>2020-05-18T06:21:31.612156000Z</Data><Data Name='ClientProcessId'>7848</Data></EventData></Event><Event xmlns='http://schemas.microsoft.com/win/2004/08/events/event'><System><Provider Name='Microsoft-Windows-Security-Auditing' Guid='{54849625-5478-4994-a5ba-3e3b0328c30d}'/><EventID>5379</EventID><Version>0</Version><Level>0</Level><Task>13824</Task><Opcode>0</Opcode><Keywords>0x8020000000000000</Keywords><TimeCreated SystemTime='2020-05-18T07:25:14.488500700Z'/><EventRecordID>2200</EventRecordID><Correlation ActivityID='{e0e75f9b-2cda-0001-ec5f-e7e0da2cd601}'/><Execution ProcessID='676' ThreadID='732'/><Channel>Security</Channel><Computer>DESKTOP-P84STH6</Computer><Security/></System><EventData><Data Name='SubjectUserSid'>S-1-5-21-223836497-1760142647-788189203-1001</Data><Data Name='SubjectUserName'>NS</Data><Data Name='SubjectDomainName'>DESKTOP-P84STH6</Data><Data Name='SubjectLogonId'>0x40fbe</Data><Data Name='TargetName'>vscode-github.login/account</Data><Data Name='Type'>1</Data><Data Name='CountOfCredentialsReturned'>1</Data><Data Name='ReadOperation'>%%8099</Data><Data Name='ReturnCode'>3221226021</Data><Data Name='ProcessCreationTime'>2020-05-18T06:21:31.612156000Z</Data><Data Name='ClientProcessId'>7848</Data></EventData></Event><Event xmlns='http://schemas.microsoft.com/win/2004/08/events/event'><System><Provider Name='Microsoft-Windows-Security-Auditing' Guid='{54849625-5478-4994-a5ba-3e3b0328c30d}'/><EventID>5379</EventID><Version>0</Version><Level>0</Level><Task>13824</Task><Opcode>0</Opcode><Keywords>0x8020000000000000</Keywords><TimeCreated SystemTime='2020-05-18T07:25:14.488482400Z'/><EventRecordID>2199</EventRecordID><Correlation ActivityID='{e0e75f9b-2cda-0001-ec5f-e7e0da2cd601}'/><Execution ProcessID='676' ThreadID='5744'/><Channel>Security</Channel><Computer>DESKTOP-P84STH6</Computer><Security/></System><EventData><Data Name='SubjectUserSid'>S-1-5-21-223836497-1760142647-788189203-1001</Data><Data Name='SubjectUserName'>NS</Data><Data Name='SubjectDomainName'>DESKTOP-P84STH6</Data><Data Name='SubjectLogonId'>0x40fbe</Data><Data Name='TargetName'>vscode-microsoft.login/account</Data><Data Name='Type'>1</Data><Data Name='CountOfCredentialsReturned'>1</Data><Data Name='ReadOperation'>%%8099</Data><Data Name='ReturnCode'>3221226021</Data><Data Name='ProcessCreationTime'>2020-05-18T06:21:31.612156000Z</Data><Data Name='ClientProcessId'>7848</Data></EventData></Event><Event xmlns='http://schemas.microsoft.com/win/2004/08/events/event'><System><Provider Name='Microsoft-Windows-Security-Auditing' Guid='{54849625-5478-4994-a5ba-3e3b0328c30d}'/><EventID>5379</EventID><Version>0</Version><Level>0</Level><Task>13824</Task><Opcode>0</Opcode><Keywords>0x8020000000000000</Keywords><TimeCreated SystemTime='2020-05-18T07:24:44.476438900Z'/><EventRecordID>2198</EventRecordID><Correlation ActivityID='{e0e75f9b-2cda-0001-ec5f-e7e0da2cd601}'/><Execution ProcessID='676' ThreadID='5744'/><Channel>Security</Channel><Computer>DESKTOP-P84STH6</Computer><Security/></System><EventData><Data Name='SubjectUserSid'>S-1-5-21-223836497-1760142647-788189203-1001</Data><Data Name='SubjectUserName'>NS</Data><Data Name='SubjectDomainName'>DESKTOP-P84STH6</Data><Data Name='SubjectLogonId'>0x40fbe</Data><Data Name='TargetName'>vscode-microsoft.login/account</Data><Data Name='Type'>1</Data><Data Name='CountOfCredentialsReturned'>1</Data><Data Name='ReadOperation'>%%8099</Data><Data Name='ReturnCode'>3221226021</Data><Data Name='ProcessCreationTime'>2020-05-18T06:21:31.612156000Z</Data><Data Name='ClientProcessId'>7848</Data></EventData></Event><Event xmlns='http://schemas.microsoft.com/win/2004/08/events/event'><System><Provider Name='Microsoft-Windows-Security-Auditing' Guid='{54849625-5478-4994-a5ba-3e3b0328c30d}'/><EventID>5379</EventID><Version>0</Version><Level>0</Level><Task>13824</Task><Opcode>0</Opcode><Keywords>0x8020000000000000</Keywords><TimeCreated SystemTime='2020-05-18T07:24:44.476438000Z'/><EventRecordID>2197</EventRecordID><Correlation ActivityID='{e0e75f9b-2cda-0001-ec5f-e7e0da2cd601}'/><Execution ProcessID='676' ThreadID='732'/><Channel>Security</Channel><Computer>DESKTOP-P84STH6</Computer><Security/></System><EventData><Data Name='SubjectUserSid'>S-1-5-21-223836497-1760142647-788189203-1001</Data><Data Name='SubjectUserName'>NS</Data><Data Name='SubjectDomainName'>DESKTOP-P84STH6</Data><Data Name='SubjectLogonId'>0x40fbe</Data><Data Name='TargetName'>vscode-github.login/account</Data><Data Name='Type'>1</Data><Data Name='CountOfCredentialsReturned'>1</Data><Data Name='ReadOperation'>%%8099</Data><Data Name='ReturnCode'>3221226021</Data><Data Name='ProcessCreationTime'>2020-05-18T06:21:31.612156000Z</Data><Data Name='ClientProcessId'>7848</Data></EventData></Event><Event xmlns='http://schemas.microsoft.com/win/2004/08/events/event'><System><Provider Name='Microsoft-Windows-Security-Auditing' Guid='{54849625-5478-4994-a5ba-3e3b0328c30d}'/><EventID>4672</EventID><Version>0</Version><Level>0</Level><Task>12548</Task><Opcode>0</Opcode><Keywords>0x8020000000000000</Keywords><TimeCreated SystemTime='2020-05-18T07:24:38.069467000Z'/><EventRecordID>2196</EventRecordID><Correlation ActivityID='{e0e75f9b-2cda-0001-ec5f-e7e0da2cd601}'/><Execution ProcessID='676' ThreadID='732'/><Channel>Security</Channel><Computer>DESKTOP-P84STH6</Computer><Security/></System><EventData><Data Name='SubjectUserSid'>S-1-5-18</Data><Data Name='SubjectUserName'>SYSTEM</Data><Data Name='SubjectDomainName'>NT AUTHORITY</Data><Data Name='SubjectLogonId'>0x3e7</Data><Data Name='PrivilegeList'>SeAssignPrimaryTokenPrivilege
			SeTcbPrivilege
			SeSecurityPrivilege
			SeTakeOwnershipPrivilege
			SeLoadDriverPrivilege
			SeBackupPrivilege
			SeRestorePrivilege
			SeDebugPrivilege
			SeAuditPrivilege
			SeSystemEnvironmentPrivilege
			SeImpersonatePrivilege
			SeDelegateSessionUserImpersonatePrivilege</Data></EventData></Event><Event xmlns='http://schemas.microsoft.com/win/2004/08/events/event'><System><Provider Name='Microsoft-Windows-Security-Auditing' Guid='{54849625-5478-4994-a5ba-3e3b0328c30d}'/><EventID>4624</EventID><Version>2</Version><Level>0</Level><Task>12544</Task><Opcode>0</Opcode><Keywords>0x8020000000000000</Keywords><TimeCreated SystemTime='2020-05-18T07:24:38.069448700Z'/><EventRecordID>2195</EventRecordID><Correlation ActivityID='{e0e75f9b-2cda-0001-ec5f-e7e0da2cd601}'/><Execution ProcessID='676' ThreadID='732'/><Channel>Security</Channel><Computer>DESKTOP-P84STH6</Computer><Security/></System><EventData><Data Name='SubjectUserSid'>S-1-5-18</Data><Data Name='SubjectUserName'>DESKTOP-P84STH6$</Data><Data Name='SubjectDomainName'>WORKGROUP</Data><Data Name='SubjectLogonId'>0x3e7</Data><Data Name='TargetUserSid'>S-1-5-18</Data><Data Name='TargetUserName'>SYSTEM</Data><Data Name='TargetDomainName'>NT AUTHORITY</Data><Data Name='TargetLogonId'>0x3e7</Data><Data Name='LogonType'>5</Data><Data Name='LogonProcessName'>Advapi  </Data><Data Name='AuthenticationPackageName'>Negotiate</Data><Data Name='WorkstationName'>-</Data><Data Name='LogonGuid'>{00000000-0000-0000-0000-000000000000}</Data><Data Name='TransmittedServices'>-</Data><Data Name='LmPackageName'>-</Data><Data Name='KeyLength'>0</Data><Data Name='ProcessId'>0x294</Data><Data Name='ProcessName'>C:\Windows\System32\services.exe</Data><Data Name='IpAddress'>-</Data><Data Name='IpPort'>-</Data><Data Name='ImpersonationLevel'>%%1833</Data><Data Name='RestrictedAdminMode'>-</Data><Data Name='TargetOutboundUserName'>-</Data><Data Name='TargetOutboundDomainName'>-</Data><Data Name='VirtualAccount'>%%1843</Data><Data Name='TargetLinkedLogonId'>0x0</Data><Data Name='ElevatedToken'>%%1842</Data></EventData></Event><Event xmlns='http://schemas.microsoft.com/win/2004/08/events/event'><System><Provider Name='Microsoft-Windows-Security-Auditing' Guid='{54849625-5478-4994-a5ba-3e3b0328c30d}'/><EventID>4672</EventID><Version>0</Version><Level>0</Level><Task>12548</Task><Opcode>0</Opcode><Keywords>0x8020000000000000</Keywords><TimeCreated SystemTime='2020-05-18T07:24:36.985855600Z'/><EventRecordID>2194</EventRecordID><Correlation ActivityID='{e0e75f9b-2cda-0001-ec5f-e7e0da2cd601}'/><Execution ProcessID='676' ThreadID='732'/><Channel>Security</Channel><Computer>DESKTOP-P84STH6</Computer><Security/></System><EventData><Data Name='SubjectUserSid'>S-1-5-18</Data><Data Name='SubjectUserName'>SYSTEM</Data><Data Name='SubjectDomainName'>NT AUTHORITY</Data><Data Name='SubjectLogonId'>0x3e7</Data><Data Name='PrivilegeList'>SeAssignPrimaryTokenPrivilege
			SeTcbPrivilege
			SeSecurityPrivilege
			SeTakeOwnershipPrivilege
			SeLoadDriverPrivilege
			SeBackupPrivilege
			SeRestorePrivilege
			SeDebugPrivilege
			SeAuditPrivilege
			SeSystemEnvironmentPrivilege
			SeImpersonatePrivilege
			SeDelegateSessionUserImpersonatePrivilege</Data></EventData></Event><Event xmlns='http://schemas.microsoft.com/win/2004/08/events/event'><System><Provider Name='Microsoft-Windows-Security-Auditing' Guid='{54849625-5478-4994-a5ba-3e3b0328c30d}'/><EventID>4624</EventID><Version>2</Version><Level>0</Level><Task>12544</Task><Opcode>0</Opcode><Keywords>0x8020000000000000</Keywords><TimeCreated SystemTime='2020-05-18T07:24:36.985837800Z'/><EventRecordID>2193</EventRecordID><Correlation ActivityID='{e0e75f9b-2cda-0001-ec5f-e7e0da2cd601}'/><Execution ProcessID='676' ThreadID='732'/><Channel>Security</Channel><Computer>DESKTOP-P84STH6</Computer><Security/></System><EventData><Data Name='SubjectUserSid'>S-1-5-18</Data><Data Name='SubjectUserName'>DESKTOP-P84STH6$</Data><Data Name='SubjectDomainName'>WORKGROUP</Data><Data Name='SubjectLogonId'>0x3e7</Data><Data Name='TargetUserSid'>S-1-5-18</Data><Data Name='TargetUserName'>SYSTEM</Data><Data Name='TargetDomainName'>NT AUTHORITY</Data><Data Name='TargetLogonId'>0x3e7</Data><Data Name='LogonType'>5</Data><Data Name='LogonProcessName'>Advapi  </Data><Data Name='AuthenticationPackageName'>Negotiate</Data><Data Name='WorkstationName'>-</Data><Data Name='LogonGuid'>{00000000-0000-0000-0000-000000000000}</Data><Data Name='TransmittedServices'>-</Data><Data Name='LmPackageName'>-</Data><Data Name='KeyLength'>0</Data><Data Name='ProcessId'>0x294</Data><Data Name='ProcessName'>C:\Windows\System32\services.exe</Data><Data Name='IpAddress'>-</Data><Data Name='IpPort'>-</Data><Data Name='ImpersonationLevel'>%%1833</Data><Data Name='RestrictedAdminMode'>-</Data><Data Name='TargetOutboundUserName'>-</Data><Data Name='TargetOutboundDomainName'>-</Data><Data Name='VirtualAccount'>%%1843</Data><Data Name='TargetLinkedLogonId'>0x0</Data><Data Name='ElevatedToken'>%%1842</Data></EventData></Event><Event xmlns='http://schemas.microsoft.com/win/2004/08/events/event'><System><Provider Name='Microsoft-Windows-Security-Auditing' Guid='{54849625-5478-4994-a5ba-3e3b0328c30d}'/><EventID>5379</EventID><Version>0</Version><Level>0</Level><Task>13824</Task><Opcode>0</Opcode><Keywords>0x8020000000000000</Keywords><TimeCreated SystemTime='2020-05-18T07:24:14.459580600Z'/><EventRecordID>2192</EventRecordID><Correlation ActivityID='{e0e75f9b-2cda-0001-ec5f-e7e0da2cd601}'/><Execution ProcessID='676' ThreadID='732'/><Channel>Security</Channel><Computer>DESKTOP-P84STH6</Computer><Security/></System><EventData><Data Name='SubjectUserSid'>S-1-5-21-223836497-1760142647-788189203-1001</Data><Data Name='SubjectUserName'>NS</Data><Data Name='SubjectDomainName'>DESKTOP-P84STH6</Data><Data Name='SubjectLogonId'>0x40fbe</Data><Data Name='TargetName'>vscode-github.login/account</Data><Data Name='Type'>1</Data><Data Name='CountOfCredentialsReturned'>1</Data><Data Name='ReadOperation'>%%8099</Data><Data Name='ReturnCode'>3221226021</Data><Data Name='ProcessCreationTime'>2020-05-18T06:21:31.612156000Z</Data><Data Name='ClientProcessId'>7848</Data></EventData></Event><Event xmlns='http://schemas.microsoft.com/win/2004/08/events/event'><System><Provider Name='Microsoft-Windows-Security-Auditing' Guid='{54849625-5478-4994-a5ba-3e3b0328c30d}'/><EventID>5379</EventID><Version>0</Version><Level>0</Level><Task>13824</Task><Opcode>0</Opcode><Keywords>0x8020000000000000</Keywords><TimeCreated SystemTime='2020-05-18T07:24:14.459573600Z'/><EventRecordID>2191</EventRecordID><Correlation ActivityID='{e0e75f9b-2cda-0001-ec5f-e7e0da2cd601}'/><Execution ProcessID='676' ThreadID='5744'/><Channel>Security</Channel><Computer>DESKTOP-P84STH6</Computer><Security/></System><EventData><Data Name='SubjectUserSid'>S-1-5-21-223836497-1760142647-788189203-1001</Data><Data Name='SubjectUserName'>NS</Data><Data Name='SubjectDomainName'>DESKTOP-P84STH6</Data><Data Name='SubjectLogonId'>0x40fbe</Data><Data Name='TargetName'>vscode-microsoft.login/account</Data><Data Name='Type'>1</Data><Data Name='CountOfCredentialsReturned'>1</Data><Data Name='ReadOperation'>%%8099</Data><Data Name='ReturnCode'>3221226021</Data><Data Name='ProcessCreationTime'>2020-05-18T06:21:31.612156000Z</Data><Data Name='ClientProcessId'>7848</Data></EventData></Event><Event xmlns='http://schemas.microsoft.com/win/2004/08/events/event'><System><Provider Name='Microsoft-Windows-Security-Auditing' Guid='{54849625-5478-4994-a5ba-3e3b0328c30d}'/><EventID>5379</EventID><Version>0</Version><Level>0</Level><Task>13824</Task><Opcode>0</Opcode><Keywords>0x8020000000000000</Keywords><TimeCreated SystemTime='2020-05-18T07:23:44.443890600Z'/><EventRecordID>2190</EventRecordID><Correlation ActivityID='{e0e75f9b-2cda-0001-ec5f-e7e0da2cd601}'/><Execution ProcessID='676' ThreadID='732'/><Channel>Security</Channel><Computer>DESKTOP-P84STH6</Computer><Security/></System><EventData><Data Name='SubjectUserSid'>S-1-5-21-223836497-1760142647-788189203-1001</Data><Data Name='SubjectUserName'>NS</Data><Data Name='SubjectDomainName'>DESKTOP-P84STH6</Data><Data Name='SubjectLogonId'>0x40fbe</Data><Data Name='TargetName'>vscode-microsoft.login/account</Data><Data Name='Type'>1</Data><Data Name='CountOfCredentialsReturned'>1</Data><Data Name='ReadOperation'>%%8099</Data><Data Name='ReturnCode'>3221226021</Data><Data Name='ProcessCreationTime'>2020-05-18T06:21:31.612156000Z</Data><Data Name='ClientProcessId'>7848</Data></EventData></Event><Event xmlns='http://schemas.microsoft.com/win/2004/08/events/event'><System><Provider Name='Microsoft-Windows-Security-Auditing' Guid='{54849625-5478-4994-a5ba-3e3b0328c30d}'/><EventID>5379</EventID><Version>0</Version><Level>0</Level><Task>13824</Task><Opcode>0</Opcode><Keywords>0x8020000000000000</Keywords><TimeCreated SystemTime='2020-05-18T07:23:44.443829900Z'/><EventRecordID>2189</EventRecordID><Correlation ActivityID='{e0e75f9b-2cda-0001-ec5f-e7e0da2cd601}'/><Execution ProcessID='676' ThreadID='3328'/><Channel>Security</Channel><Computer>DESKTOP-P84STH6</Computer><Security/></System><EventData><Data Name='SubjectUserSid'>S-1-5-21-223836497-1760142647-788189203-1001</Data><Data Name='SubjectUserName'>NS</Data><Data Name='SubjectDomainName'>DESKTOP-P84STH6</Data><Data Name='SubjectLogonId'>0x40fbe</Data><Data Name='TargetName'>vscode-github.login/account</Data><Data Name='Type'>1</Data><Data Name='CountOfCredentialsReturned'>1</Data><Data Name='ReadOperation'>%%8099</Data><Data Name='ReturnCode'>3221226021</Data><Data Name='ProcessCreationTime'>2020-05-18T06:21:31.612156000Z</Data><Data Name='ClientProcessId'>7848</Data></EventData></Event><Event xmlns='http://schemas.microsoft.com/win/2004/08/events/event'><System><Provider Name='Microsoft-Windows-Security-Auditing' Guid='{54849625-5478-4994-a5ba-3e3b0328c30d}'/><EventID>5379</EventID><Version>0</Version><Level>0</Level><Task>13824</Task><Opcode>0</Opcode><Keywords>0x8020000000000000</Keywords><TimeCreated SystemTime='2020-05-18T07:23:14.428169400Z'/><EventRecordID>2188</EventRecordID><Correlation ActivityID='{e0e75f9b-2cda-0001-ec5f-e7e0da2cd601}'/><Execution ProcessID='676' ThreadID='3328'/><Channel>Security</Channel><Computer>DESKTOP-P84STH6</Computer><Security/></System><EventData><Data Name='SubjectUserSid'>S-1-5-21-223836497-1760142647-788189203-1001</Data><Data Name='SubjectUserName'>NS</Data><Data Name='SubjectDomainName'>DESKTOP-P84STH6</Data><Data Name='SubjectLogonId'>0x40fbe</Data><Data Name='TargetName'>vscode-microsoft.login/account</Data><Data Name='Type'>1</Data><Data Name='CountOfCredentialsReturned'>1</Data><Data Name='ReadOperation'>%%8099</Data><Data Name='ReturnCode'>3221226021</Data><Data Name='ProcessCreationTime'>2020-05-18T06:21:31.612156000Z</Data><Data Name='ClientProcessId'>7848</Data></EventData></Event><Event xmlns='http://schemas.microsoft.com/win/2004/08/events/event'><System><Provider Name='Microsoft-Windows-Security-Auditing' Guid='{54849625-5478-4994-a5ba-3e3b0328c30d}'/><EventID>5379</EventID><Version>0</Version><Level>0</Level><Task>13824</Task><Opcode>0</Opcode><Keywords>0x8020000000000000</Keywords><TimeCreated SystemTime='2020-05-18T07:23:14.427655100Z'/><EventRecordID>2187</EventRecordID><Correlation ActivityID='{e0e75f9b-2cda-0001-ec5f-e7e0da2cd601}'/><Execution ProcessID='676' ThreadID='732'/><Channel>Security</Channel><Computer>DESKTOP-P84STH6</Computer><Security/></System><EventData><Data Name='SubjectUserSid'>S-1-5-21-223836497-1760142647-788189203-1001</Data><Data Name='SubjectUserName'>NS</Data><Data Name='SubjectDomainName'>DESKTOP-P84STH6</Data><Data Name='SubjectLogonId'>0x40fbe</Data><Data Name='TargetName'>vscode-github.login/account</Data><Data Name='Type'>1</Data><Data Name='CountOfCredentialsReturned'>1</Data><Data Name='ReadOperation'>%%8099</Data><Data Name='ReturnCode'>3221226021</Data><Data Name='ProcessCreationTime'>2020-05-18T06:21:31.612156000Z</Data><Data Name='ClientProcessId'>7848</Data></EventData></Event><Event xmlns='http://schemas.microsoft.com/win/2004/08/events/event'><System><Provider Name='Microsoft-Windows-Security-Auditing' Guid='{54849625-5478-4994-a5ba-3e3b0328c30d}'/><EventID>5379</EventID><Version>0</Version><Level>0</Level><Task>13824</Task><Opcode>0</Opcode><Keywords>0x8020000000000000</Keywords><TimeCreated SystemTime='2020-05-18T07:22:44.396040800Z'/><EventRecordID>2186</EventRecordID><Correlation ActivityID='{e0e75f9b-2cda-0001-ec5f-e7e0da2cd601}'/><Execution ProcessID='676' ThreadID='732'/><Channel>Security</Channel><Computer>DESKTOP-P84STH6</Computer><Security/></System><EventData><Data Name='SubjectUserSid'>S-1-5-21-223836497-1760142647-788189203-1001</Data><Data Name='SubjectUserName'>NS</Data><Data Name='SubjectDomainName'>DESKTOP-P84STH6</Data><Data Name='SubjectLogonId'>0x40fbe</Data><Data Name='TargetName'>vscode-microsoft.login/account</Data><Data Name='Type'>1</Data><Data Name='CountOfCredentialsReturned'>1</Data><Data Name='ReadOperation'>%%8099</Data><Data Name='ReturnCode'>3221226021</Data><Data Name='ProcessCreationTime'>2020-05-18T06:21:31.612156000Z</Data><Data Name='ClientProcessId'>7848</Data></EventData></Event><Event xmlns='http://schemas.microsoft.com/win/2004/08/events/event'><System><Provider Name='Microsoft-Windows-Security-Auditing' Guid='{54849625-5478-4994-a5ba-3e3b0328c30d}'/><EventID>5379</EventID><Version>0</Version><Level>0</Level><Task>13824</Task><Opcode>0</Opcode><Keywords>0x8020000000000000</Keywords><TimeCreated SystemTime='2020-05-18T07:22:44.396038200Z'/><EventRecordID>2185</EventRecordID><Correlation ActivityID='{e0e75f9b-2cda-0001-ec5f-e7e0da2cd601}'/><Execution ProcessID='676' ThreadID='3328'/><Channel>Security</Channel><Computer>DESKTOP-P84STH6</Computer><Security/></System><EventData><Data Name='SubjectUserSid'>S-1-5-21-223836497-1760142647-788189203-1001</Data><Data Name='SubjectUserName'>NS</Data><Data Name='SubjectDomainName'>DESKTOP-P84STH6</Data><Data Name='SubjectLogonId'>0x40fbe</Data><Data Name='TargetName'>vscode-github.login/account</Data><Data Name='Type'>1</Data><Data Name='CountOfCredentialsReturned'>1</Data><Data Name='ReadOperation'>%%8099</Data><Data Name='ReturnCode'>3221226021</Data><Data Name='ProcessCreationTime'>2020-05-18T06:21:31.612156000Z</Data><Data Name='ClientProcessId'>7848</Data></EventData></Event><Event xmlns='http://schemas.microsoft.com/win/2004/08/events/event'><System><Provider Name='Microsoft-Windows-Security-Auditing' Guid='{54849625-5478-4994-a5ba-3e3b0328c30d}'/><EventID>5379</EventID><Version>0</Version><Level>0</Level><Task>13824</Task><Opcode>0</Opcode><Keywords>0x8020000000000000</Keywords><TimeCreated SystemTime='2020-05-18T07:22:14.384199900Z'/><EventRecordID>2184</EventRecordID><Correlation ActivityID='{e0e75f9b-2cda-0001-ec5f-e7e0da2cd601}'/><Execution ProcessID='676' ThreadID='3328'/><Channel>Security</Channel><Computer>DESKTOP-P84STH6</Computer><Security/></System><EventData><Data Name='SubjectUserSid'>S-1-5-21-223836497-1760142647-788189203-1001</Data><Data Name='SubjectUserName'>NS</Data><Data Name='SubjectDomainName'>DESKTOP-P84STH6</Data><Data Name='SubjectLogonId'>0x40fbe</Data><Data Name='TargetName'>vscode-github.login/account</Data><Data Name='Type'>1</Data><Data Name='CountOfCredentialsReturned'>1</Data><Data Name='ReadOperation'>%%8099</Data><Data Name='ReturnCode'>3221226021</Data><Data Name='ProcessCreationTime'>2020-05-18T06:21:31.612156000Z</Data><Data Name='ClientProcessId'>7848</Data></EventData></Event><Event xmlns='http://schemas.microsoft.com/win/2004/08/events/event'><System><Provider Name='Microsoft-Windows-Security-Auditing' Guid='{54849625-5478-4994-a5ba-3e3b0328c30d}'/><EventID>5379</EventID><Version>0</Version><Level>0</Level><Task>13824</Task><Opcode>0</Opcode><Keywords>0x8020000000000000</Keywords><TimeCreated SystemTime='2020-05-18T07:22:14.384122100Z'/><EventRecordID>2183</EventRecordID><Correlation ActivityID='{e0e75f9b-2cda-0001-ec5f-e7e0da2cd601}'/><Execution ProcessID='676' ThreadID='5468'/><Channel>Security</Channel><Computer>DESKTOP-P84STH6</Computer><Security/></System><EventData><Data Name='SubjectUserSid'>S-1-5-21-223836497-1760142647-788189203-1001</Data><Data Name='SubjectUserName'>NS</Data><Data Name='SubjectDomainName'>DESKTOP-P84STH6</Data><Data Name='SubjectLogonId'>0x40fbe</Data><Data Name='TargetName'>vscode-microsoft.login/account</Data><Data Name='Type'>1</Data><Data Name='CountOfCredentialsReturned'>1</Data><Data Name='ReadOperation'>%%8099</Data><Data Name='ReturnCode'>3221226021</Data><Data Name='ProcessCreationTime'>2020-05-18T06:21:31.612156000Z</Data><Data Name='ClientProcessId'>7848</Data></EventData></Event><Event xmlns='http://schemas.microsoft.com/win/2004/08/events/event'><System><Provider Name='Microsoft-Windows-Security-Auditing' Guid='{54849625-5478-4994-a5ba-3e3b0328c30d}'/><EventID>5379</EventID><Version>0</Version><Level>0</Level><Task>13824</Task><Opcode>0</Opcode><Keywords>0x8020000000000000</Keywords><TimeCreated SystemTime='2020-05-18T07:21:44.364497200Z'/><EventRecordID>2182</EventRecordID><Correlation ActivityID='{e0e75f9b-2cda-0001-ec5f-e7e0da2cd601}'/><Execution ProcessID='676' ThreadID='5468'/><Channel>Security</Channel><Computer>DESKTOP-P84STH6</Computer><Security/></System><EventData><Data Name='SubjectUserSid'>S-1-5-21-223836497-1760142647-788189203-1001</Data><Data Name='SubjectUserName'>NS</Data><Data Name='SubjectDomainName'>DESKTOP-P84STH6</Data><Data Name='SubjectLogonId'>0x40fbe</Data><Data Name='TargetName'>vscode-microsoft.login/account</Data><Data Name='Type'>1</Data><Data Name='CountOfCredentialsReturned'>1</Data><Data Name='ReadOperation'>%%8099</Data><Data Name='ReturnCode'>3221226021</Data><Data Name='ProcessCreationTime'>2020-05-18T06:21:31.612156000Z</Data><Data Name='ClientProcessId'>7848</Data></EventData></Event><Event xmlns='http://schemas.microsoft.com/win/2004/08/events/event'><System><Provider Name='Microsoft-Windows-Security-Auditing' Guid='{54849625-5478-4994-a5ba-3e3b0328c30d}'/><EventID>5379</EventID><Version>0</Version><Level>0</Level><Task>13824</Task><Opcode>0</Opcode><Keywords>0x8020000000000000</Keywords><TimeCreated SystemTime='2020-05-18T07:21:44.364427200Z'/><EventRecordID>2181</EventRecordID><Correlation ActivityID='{e0e75f9b-2cda-0001-ec5f-e7e0da2cd601}'/><Execution ProcessID='676' ThreadID='3328'/><Channel>Security</Channel><Computer>DESKTOP-P84STH6</Computer><Security/></System><EventData><Data Name='SubjectUserSid'>S-1-5-21-223836497-1760142647-788189203-1001</Data><Data Name='SubjectUserName'>NS</Data><Data Name='SubjectDomainName'>DESKTOP-P84STH6</Data><Data Name='SubjectLogonId'>0x40fbe</Data><Data Name='TargetName'>vscode-github.login/account</Data><Data Name='Type'>1</Data><Data Name='CountOfCredentialsReturned'>1</Data><Data Name='ReadOperation'>%%8099</Data><Data Name='ReturnCode'>3221226021</Data><Data Name='ProcessCreationTime'>2020-05-18T06:21:31.612156000Z</Data><Data Name='ClientProcessId'>7848</Data></EventData></Event><Event xmlns='http://schemas.microsoft.com/win/2004/08/events/event'><System><Provider Name='Microsoft-Windows-Security-Auditing' Guid='{54849625-5478-4994-a5ba-3e3b0328c30d}'/><EventID>5379</EventID><Version>0</Version><Level>0</Level><Task>13824</Task><Opcode>0</Opcode><Keywords>0x8020000000000000</Keywords><TimeCreated SystemTime='2020-05-18T07:21:14.347885200Z'/><EventRecordID>2180</EventRecordID><Correlation ActivityID='{e0e75f9b-2cda-0001-ec5f-e7e0da2cd601}'/><Execution ProcessID='676' ThreadID='3328'/><Channel>Security</Channel><Computer>DESKTOP-P84STH6</Computer><Security/></System><EventData><Data Name='SubjectUserSid'>S-1-5-21-223836497-1760142647-788189203-1001</Data><Data Name='SubjectUserName'>NS</Data><Data Name='SubjectDomainName'>DESKTOP-P84STH6</Data><Data Name='SubjectLogonId'>0x40fbe</Data><Data Name='TargetName'>vscode-microsoft.login/account</Data><Data Name='Type'>1</Data><Data Name='CountOfCredentialsReturned'>1</Data><Data Name='ReadOperation'>%%8099</Data><Data Name='ReturnCode'>3221226021</Data><Data Name='ProcessCreationTime'>2020-05-18T06:21:31.612156000Z</Data><Data Name='ClientProcessId'>7848</Data></EventData></Event><Event xmlns='http://schemas.microsoft.com/win/2004/08/events/event'><System><Provider Name='Microsoft-Windows-Security-Auditing' Guid='{54849625-5478-4994-a5ba-3e3b0328c30d}'/><EventID>5379</EventID><Version>0</Version><Level>0</Level><Task>13824</Task><Opcode>0</Opcode><Keywords>0x8020000000000000</Keywords><TimeCreated SystemTime='2020-05-18T07:21:14.347884000Z'/><EventRecordID>2179</EventRecordID><Correlation ActivityID='{e0e75f9b-2cda-0001-ec5f-e7e0da2cd601}'/><Execution ProcessID='676' ThreadID='5468'/><Channel>Security</Channel><Computer>DESKTOP-P84STH6</Computer><Security/></System><EventData><Data Name='SubjectUserSid'>S-1-5-21-223836497-1760142647-788189203-1001</Data><Data Name='SubjectUserName'>NS</Data><Data Name='SubjectDomainName'>DESKTOP-P84STH6</Data><Data Name='SubjectLogonId'>0x40fbe</Data><Data Name='TargetName'>vscode-github.login/account</Data><Data Name='Type'>1</Data><Data Name='CountOfCredentialsReturned'>1</Data><Data Name='ReadOperation'>%%8099</Data><Data Name='ReturnCode'>3221226021</Data><Data Name='ProcessCreationTime'>2020-05-18T06:21:31.612156000Z</Data><Data Name='ClientProcessId'>7848</Data></EventData></Event><Event xmlns='http://schemas.microsoft.com/win/2004/08/events/event'><System><Provider Name='Microsoft-Windows-Security-Auditing' Guid='{54849625-5478-4994-a5ba-3e3b0328c30d}'/><EventID>5379</EventID><Version>0</Version><Level>0</Level><Task>13824</Task><Opcode>0</Opcode><Keywords>0x8020000000000000</Keywords><TimeCreated SystemTime='2020-05-18T07:20:44.318465400Z'/><EventRecordID>2178</EventRecordID><Correlation ActivityID='{e0e75f9b-2cda-0001-ec5f-e7e0da2cd601}'/><Execution ProcessID='676' ThreadID='3328'/><Channel>Security</Channel><Computer>DESKTOP-P84STH6</Computer><Security/></System><EventData><Data Name='SubjectUserSid'>S-1-5-21-223836497-1760142647-788189203-1001</Data><Data Name='SubjectUserName'>NS</Data><Data Name='SubjectDomainName'>DESKTOP-P84STH6</Data><Data Name='SubjectLogonId'>0x40fbe</Data><Data Name='TargetName'>vscode-github.login/account</Data><Data Name='Type'>1</Data><Data Name='CountOfCredentialsReturned'>1</Data><Data Name='ReadOperation'>%%8099</Data><Data Name='ReturnCode'>3221226021</Data><Data Name='ProcessCreationTime'>2020-05-18T06:21:31.612156000Z</Data><Data Name='ClientProcessId'>7848</Data></EventData></Event><Event xmlns='http://schemas.microsoft.com/win/2004/08/events/event'><System><Provider Name='Microsoft-Windows-Security-Auditing' Guid='{54849625-5478-4994-a5ba-3e3b0328c30d}'/><EventID>5379</EventID><Version>0</Version><Level>0</Level><Task>13824</Task><Opcode>0</Opcode><Keywords>0x8020000000000000</Keywords><TimeCreated SystemTime='2020-05-18T07:20:44.317884700Z'/><EventRecordID>2177</EventRecordID><Correlation ActivityID='{e0e75f9b-2cda-0001-ec5f-e7e0da2cd601}'/><Execution ProcessID='676' ThreadID='5468'/><Channel>Security</Channel><Computer>DESKTOP-P84STH6</Computer><Security/></System><EventData><Data Name='SubjectUserSid'>S-1-5-21-223836497-1760142647-788189203-1001</Data><Data Name='SubjectUserName'>NS</Data><Data Name='SubjectDomainName'>DESKTOP-P84STH6</Data><Data Name='SubjectLogonId'>0x40fbe</Data><Data Name='TargetName'>vscode-microsoft.login/account</Data><Data Name='Type'>1</Data><Data Name='CountOfCredentialsReturned'>1</Data><Data Name='ReadOperation'>%%8099</Data><Data Name='ReturnCode'>3221226021</Data><Data Name='ProcessCreationTime'>2020-05-18T06:21:31.612156000Z</Data><Data Name='ClientProcessId'>7848</Data></EventData></Event><Event xmlns='http://schemas.microsoft.com/win/2004/08/events/event'><System><Provider Name='Microsoft-Windows-Security-Auditing' Guid='{54849625-5478-4994-a5ba-3e3b0328c30d}'/><EventID>5379</EventID><Version>0</Version><Level>0</Level><Task>13824</Task><Opcode>0</Opcode><Keywords>0x8020000000000000</Keywords><TimeCreated SystemTime='2020-05-18T07:20:14.305829000Z'/><EventRecordID>2176</EventRecordID><Correlation ActivityID='{e0e75f9b-2cda-0001-ec5f-e7e0da2cd601}'/><Execution ProcessID='676' ThreadID='732'/><Channel>Security</Channel><Computer>DESKTOP-P84STH6</Computer><Security/></System><EventData><Data Name='SubjectUserSid'>S-1-5-21-223836497-1760142647-788189203-1001</Data><Data Name='SubjectUserName'>NS</Data><Data Name='SubjectDomainName'>DESKTOP-P84STH6</Data><Data Name='SubjectLogonId'>0x40fbe</Data><Data Name='TargetName'>vscode-microsoft.login/account</Data><Data Name='Type'>1</Data><Data Name='CountOfCredentialsReturned'>1</Data><Data Name='ReadOperation'>%%8099</Data><Data Name='ReturnCode'>3221226021</Data><Data Name='ProcessCreationTime'>2020-05-18T06:21:31.612156000Z</Data><Data Name='ClientProcessId'>7848</Data></EventData></Event><Event xmlns='http://schemas.microsoft.com/win/2004/08/events/event'><System><Provider Name='Microsoft-Windows-Security-Auditing' Guid='{54849625-5478-4994-a5ba-3e3b0328c30d}'/><EventID>5379</EventID><Version>0</Version><Level>0</Level><Task>13824</Task><Opcode>0</Opcode><Keywords>0x8020000000000000</Keywords><TimeCreated SystemTime='2020-05-18T07:20:14.305827900Z'/><EventRecordID>2175</EventRecordID><Correlation ActivityID='{e0e75f9b-2cda-0001-ec5f-e7e0da2cd601}'/><Execution ProcessID='676' ThreadID='3328'/><Channel>Security</Channel><Computer>DESKTOP-P84STH6</Computer><Security/></System><EventData><Data Name='SubjectUserSid'>S-1-5-21-223836497-1760142647-788189203-1001</Data><Data Name='SubjectUserName'>NS</Data><Data Name='SubjectDomainName'>DESKTOP-P84STH6</Data><Data Name='SubjectLogonId'>0x40fbe</Data><Data Name='TargetName'>vscode-github.login/account</Data><Data Name='Type'>1</Data><Data Name='CountOfCredentialsReturned'>1</Data><Data Name='ReadOperation'>%%8099</Data><Data Name='ReturnCode'>3221226021</Data><Data Name='ProcessCreationTime'>2020-05-18T06:21:31.612156000Z</Data><Data Name='ClientProcessId'>7848</Data></EventData></Event><Event xmlns='http://schemas.microsoft.com/win/2004/08/events/event'><System><Provider Name='Microsoft-Windows-Security-Auditing' Guid='{54849625-5478-4994-a5ba-3e3b0328c30d}'/><EventID>5379</EventID><Version>0</Version><Level>0</Level><Task>13824</Task><Opcode>0</Opcode><Keywords>0x8020000000000000</Keywords><TimeCreated SystemTime='2020-05-18T07:19:44.271335400Z'/><EventRecordID>2174</EventRecordID><Correlation ActivityID='{e0e75f9b-2cda-0001-ec5f-e7e0da2cd601}'/><Execution ProcessID='676' ThreadID='732'/><Channel>Security</Channel><Computer>DESKTOP-P84STH6</Computer><Security/></System><EventData><Data Name='SubjectUserSid'>S-1-5-21-223836497-1760142647-788189203-1001</Data><Data Name='SubjectUserName'>NS</Data><Data Name='SubjectDomainName'>DESKTOP-P84STH6</Data><Data Name='SubjectLogonId'>0x40fbe</Data><Data Name='TargetName'>vscode-github.login/account</Data><Data Name='Type'>1</Data><Data Name='CountOfCredentialsReturned'>1</Data><Data Name='ReadOperation'>%%8099</Data><Data Name='ReturnCode'>3221226021</Data><Data Name='ProcessCreationTime'>2020-05-18T06:21:31.612156000Z</Data><Data Name='ClientProcessId'>7848</Data></EventData></Event><Event xmlns='http://schemas.microsoft.com/win/2004/08/events/event'><System><Provider Name='Microsoft-Windows-Security-Auditing' Guid='{54849625-5478-4994-a5ba-3e3b0328c30d}'/><EventID>5379</EventID><Version>0</Version><Level>0</Level><Task>13824</Task><Opcode>0</Opcode><Keywords>0x8020000000000000</Keywords><TimeCreated SystemTime='2020-05-18T07:19:44.271334500Z'/><EventRecordID>2173</EventRecordID><Correlation ActivityID='{e0e75f9b-2cda-0001-ec5f-e7e0da2cd601}'/><Execution ProcessID='676' ThreadID='3328'/><Channel>Security</Channel><Computer>DESKTOP-P84STH6</Computer><Security/></System><EventData><Data Name='SubjectUserSid'>S-1-5-21-223836497-1760142647-788189203-1001</Data><Data Name='SubjectUserName'>NS</Data><Data Name='SubjectDomainName'>DESKTOP-P84STH6</Data><Data Name='SubjectLogonId'>0x40fbe</Data><Data Name='TargetName'>vscode-microsoft.login/account</Data><Data Name='Type'>1</Data><Data Name='CountOfCredentialsReturned'>1</Data><Data Name='ReadOperation'>%%8099</Data><Data Name='ReturnCode'>3221226021</Data><Data Name='ProcessCreationTime'>2020-05-18T06:21:31.612156000Z</Data><Data Name='ClientProcessId'>7848</Data></EventData></Event><Event xmlns='http://schemas.microsoft.com/win/2004/08/events/event'><System><Provider Name='Microsoft-Windows-Security-Auditing' Guid='{54849625-5478-4994-a5ba-3e3b0328c30d}'/><EventID>5379</EventID><Version>0</Version><Level>0</Level><Task>13824</Task><Opcode>0</Opcode><Keywords>0x8020000000000000</Keywords><TimeCreated SystemTime='2020-05-18T07:19:14.259095000Z'/><EventRecordID>2172</EventRecordID><Correlation ActivityID='{e0e75f9b-2cda-0001-ec5f-e7e0da2cd601}'/><Execution ProcessID='676' ThreadID='3328'/><Channel>Security</Channel><Computer>DESKTOP-P84STH6</Computer><Security/></System><EventData><Data Name='SubjectUserSid'>S-1-5-21-223836497-1760142647-788189203-1001</Data><Data Name='SubjectUserName'>NS</Data><Data Name='SubjectDomainName'>DESKTOP-P84STH6</Data><Data Name='SubjectLogonId'>0x40fbe</Data><Data Name='TargetName'>vscode-microsoft.login/account</Data><Data Name='Type'>1</Data><Data Name='CountOfCredentialsReturned'>1</Data><Data Name='ReadOperation'>%%8099</Data><Data Name='ReturnCode'>3221226021</Data><Data Name='ProcessCreationTime'>2020-05-18T06:21:31.612156000Z</Data><Data Name='ClientProcessId'>7848</Data></EventData></Event><Event xmlns='http://schemas.microsoft.com/win/2004/08/events/event'><System><Provider Name='Microsoft-Windows-Security-Auditing' Guid='{54849625-5478-4994-a5ba-3e3b0328c30d}'/><EventID>5379</EventID><Version>0</Version><Level>0</Level><Task>13824</Task><Opcode>0</Opcode><Keywords>0x8020000000000000</Keywords><TimeCreated SystemTime='2020-05-18T07:19:14.259094000Z'/><EventRecordID>2171</EventRecordID><Correlation ActivityID='{e0e75f9b-2cda-0001-ec5f-e7e0da2cd601}'/><Execution ProcessID='676' ThreadID='732'/><Channel>Security</Channel><Computer>DESKTOP-P84STH6</Computer><Security/></System><EventData><Data Name='SubjectUserSid'>S-1-5-21-223836497-1760142647-788189203-1001</Data><Data Name='SubjectUserName'>NS</Data><Data Name='SubjectDomainName'>DESKTOP-P84STH6</Data><Data Name='SubjectLogonId'>0x40fbe</Data><Data Name='TargetName'>vscode-github.login/account</Data><Data Name='Type'>1</Data><Data Name='CountOfCredentialsReturned'>1</Data><Data Name='ReadOperation'>%%8099</Data><Data Name='ReturnCode'>3221226021</Data><Data Name='ProcessCreationTime'>2020-05-18T06:21:31.612156000Z</Data><Data Name='ClientProcessId'>7848</Data></EventData></Event><Event xmlns='http://schemas.microsoft.com/win/2004/08/events/event'><System><Provider Name='Microsoft-Windows-Security-Auditing' Guid='{54849625-5478-4994-a5ba-3e3b0328c30d}'/><EventID>5379</EventID><Version>0</Version><Level>0</Level><Task>13824</Task><Opcode>0</Opcode><Keywords>0x8020000000000000</Keywords><TimeCreated SystemTime='2020-05-18T07:18:44.226234400Z'/><EventRecordID>2170</EventRecordID><Correlation ActivityID='{e0e75f9b-2cda-0001-ec5f-e7e0da2cd601}'/><Execution ProcessID='676' ThreadID='732'/><Channel>Security</Channel><Computer>DESKTOP-P84STH6</Computer><Security/></System><EventData><Data Name='SubjectUserSid'>S-1-5-21-223836497-1760142647-788189203-1001</Data><Data Name='SubjectUserName'>NS</Data><Data Name='SubjectDomainName'>DESKTOP-P84STH6</Data><Data Name='SubjectLogonId'>0x40fbe</Data><Data Name='TargetName'>vscode-github.login/account</Data><Data Name='Type'>1</Data><Data Name='CountOfCredentialsReturned'>1</Data><Data Name='ReadOperation'>%%8099</Data><Data Name='ReturnCode'>3221226021</Data><Data Name='ProcessCreationTime'>2020-05-18T06:21:31.612156000Z</Data><Data Name='ClientProcessId'>7848</Data></EventData></Event><Event xmlns='http://schemas.microsoft.com/win/2004/08/events/event'><System><Provider Name='Microsoft-Windows-Security-Auditing' Guid='{54849625-5478-4994-a5ba-3e3b0328c30d}'/><EventID>5379</EventID><Version>0</Version><Level>0</Level><Task>13824</Task><Opcode>0</Opcode><Keywords>0x8020000000000000</Keywords><TimeCreated SystemTime='2020-05-18T07:18:44.226090200Z'/><EventRecordID>2169</EventRecordID><Correlation ActivityID='{e0e75f9b-2cda-0001-ec5f-e7e0da2cd601}'/><Execution ProcessID='676' ThreadID='3328'/><Channel>Security</Channel><Computer>DESKTOP-P84STH6</Computer><Security/></System><EventData><Data Name='SubjectUserSid'>S-1-5-21-223836497-1760142647-788189203-1001</Data><Data Name='SubjectUserName'>NS</Data><Data Name='SubjectDomainName'>DESKTOP-P84STH6</Data><Data Name='SubjectLogonId'>0x40fbe</Data><Data Name='TargetName'>vscode-microsoft.login/account</Data><Data Name='Type'>1</Data><Data Name='CountOfCredentialsReturned'>1</Data><Data Name='ReadOperation'>%%8099</Data><Data Name='ReturnCode'>3221226021</Data><Data Name='ProcessCreationTime'>2020-05-18T06:21:31.612156000Z</Data><Data Name='ClientProcessId'>7848</Data></EventData></Event><Event xmlns='http://schemas.microsoft.com/win/2004/08/events/event'><System><Provider Name='Microsoft-Windows-Security-Auditing' Guid='{54849625-5478-4994-a5ba-3e3b0328c30d}'/><EventID>5379</EventID><Version>0</Version><Level>0</Level><Task>13824</Task><Opcode>0</Opcode><Keywords>0x8020000000000000</Keywords><TimeCreated SystemTime='2020-05-18T07:18:14.191675300Z'/><EventRecordID>2168</EventRecordID><Correlation ActivityID='{e0e75f9b-2cda-0001-ec5f-e7e0da2cd601}'/><Execution ProcessID='676' ThreadID='732'/><Channel>Security</Channel><Computer>DESKTOP-P84STH6</Computer><Security/></System><EventData><Data Name='SubjectUserSid'>S-1-5-21-223836497-1760142647-788189203-1001</Data><Data Name='SubjectUserName'>NS</Data><Data Name='SubjectDomainName'>DESKTOP-P84STH6</Data><Data Name='SubjectLogonId'>0x40fbe</Data><Data Name='TargetName'>vscode-microsoft.login/account</Data><Data Name='Type'>1</Data><Data Name='CountOfCredentialsReturned'>1</Data><Data Name='ReadOperation'>%%8099</Data><Data Name='ReturnCode'>3221226021</Data><Data Name='ProcessCreationTime'>2020-05-18T06:21:31.612156000Z</Data><Data Name='ClientProcessId'>7848</Data></EventData></Event><Event xmlns='http://schemas.microsoft.com/win/2004/08/events/event'><System><Provider Name='Microsoft-Windows-Security-Auditing' Guid='{54849625-5478-4994-a5ba-3e3b0328c30d}'/><EventID>5379</EventID><Version>0</Version><Level>0</Level><Task>13824</Task><Opcode>0</Opcode><Keywords>0x8020000000000000</Keywords><TimeCreated SystemTime='2020-05-18T07:18:14.191600600Z'/><EventRecordID>2167</EventRecordID><Correlation ActivityID='{e0e75f9b-2cda-0001-ec5f-e7e0da2cd601}'/><Execution ProcessID='676' ThreadID='8352'/><Channel>Security</Channel><Computer>DESKTOP-P84STH6</Computer><Security/></System><EventData><Data Name='SubjectUserSid'>S-1-5-21-223836497-1760142647-788189203-1001</Data><Data Name='SubjectUserName'>NS</Data><Data Name='SubjectDomainName'>DESKTOP-P84STH6</Data><Data Name='SubjectLogonId'>0x40fbe</Data><Data Name='TargetName'>vscode-github.login/account</Data><Data Name='Type'>1</Data><Data Name='CountOfCredentialsReturned'>1</Data><Data Name='ReadOperation'>%%8099</Data><Data Name='ReturnCode'>3221226021</Data><Data Name='ProcessCreationTime'>2020-05-18T06:21:31.612156000Z</Data><Data Name='ClientProcessId'>7848</Data></EventData></Event><Event xmlns='http://schemas.microsoft.com/win/2004/08/events/event'><System><Provider Name='Microsoft-Windows-Security-Auditing' Guid='{54849625-5478-4994-a5ba-3e3b0328c30d}'/><EventID>4672</EventID><Version>0</Version><Level>0</Level><Task>12548</Task><Opcode>0</Opcode><Keywords>0x8020000000000000</Keywords><TimeCreated SystemTime='2020-05-18T07:18:01.881297300Z'/><EventRecordID>2166</EventRecordID><Correlation ActivityID='{e0e75f9b-2cda-0001-ec5f-e7e0da2cd601}'/><Execution ProcessID='676' ThreadID='8352'/><Channel>Security</Channel><Computer>DESKTOP-P84STH6</Computer><Security/></System><EventData><Data Name='SubjectUserSid'>S-1-5-18</Data><Data Name='SubjectUserName'>SYSTEM</Data><Data Name='SubjectDomainName'>NT AUTHORITY</Data><Data Name='SubjectLogonId'>0x3e7</Data><Data Name='PrivilegeList'>SeAssignPrimaryTokenPrivilege
			SeTcbPrivilege
			SeSecurityPrivilege
			SeTakeOwnershipPrivilege
			SeLoadDriverPrivilege
			SeBackupPrivilege
			SeRestorePrivilege
			SeDebugPrivilege
			SeAuditPrivilege
			SeSystemEnvironmentPrivilege
			SeImpersonatePrivilege
			SeDelegateSessionUserImpersonatePrivilege</Data></EventData></Event><Event xmlns='http://schemas.microsoft.com/win/2004/08/events/event'><System><Provider Name='Microsoft-Windows-Security-Auditing' Guid='{54849625-5478-4994-a5ba-3e3b0328c30d}'/><EventID>4624</EventID><Version>2</Version><Level>0</Level><Task>12544</Task><Opcode>0</Opcode><Keywords>0x8020000000000000</Keywords><TimeCreated SystemTime='2020-05-18T07:18:01.881280800Z'/><EventRecordID>2165</EventRecordID><Correlation ActivityID='{e0e75f9b-2cda-0001-ec5f-e7e0da2cd601}'/><Execution ProcessID='676' ThreadID='8352'/><Channel>Security</Channel><Computer>DESKTOP-P84STH6</Computer><Security/></System><EventData><Data Name='SubjectUserSid'>S-1-5-18</Data><Data Name='SubjectUserName'>DESKTOP-P84STH6$</Data><Data Name='SubjectDomainName'>WORKGROUP</Data><Data Name='SubjectLogonId'>0x3e7</Data><Data Name='TargetUserSid'>S-1-5-18</Data><Data Name='TargetUserName'>SYSTEM</Data><Data Name='TargetDomainName'>NT AUTHORITY</Data><Data Name='TargetLogonId'>0x3e7</Data><Data Name='LogonType'>5</Data><Data Name='LogonProcessName'>Advapi  </Data><Data Name='AuthenticationPackageName'>Negotiate</Data><Data Name='WorkstationName'>-</Data><Data Name='LogonGuid'>{00000000-0000-0000-0000-000000000000}</Data><Data Name='TransmittedServices'>-</Data><Data Name='LmPackageName'>-</Data><Data Name='KeyLength'>0</Data><Data Name='ProcessId'>0x294</Data><Data Name='ProcessName'>C:\Windows\System32\services.exe</Data><Data Name='IpAddress'>-</Data><Data Name='IpPort'>-</Data><Data Name='ImpersonationLevel'>%%1833</Data><Data Name='RestrictedAdminMode'>-</Data><Data Name='TargetOutboundUserName'>-</Data><Data Name='TargetOutboundDomainName'>-</Data><Data Name='VirtualAccount'>%%1843</Data><Data Name='TargetLinkedLogonId'>0x0</Data><Data Name='ElevatedToken'>%%1842</Data></EventData></Event>