<?xml version="1.0" encoding="utf-8" standalone="yes"?>
<Events><Event xmlns='http://schemas.microsoft.com/win/2004/08/events/event'><System><Provider Name='Microsoft-Windows-Security-Auditing' Guid='{54849625-5478-4994-a5ba-3e3b0328c30d}'/><EventID>5379</EventID><Version>0</Version><Level>0</Level><Task>13824</Task><Opcode>0</Opcode><Keywords>0x8020000000000000</Keywords><TimeCreated SystemTime='2020-05-18T07:29:44.731637600Z'/><EventRecordID>2252</EventRecordID><Correlation ActivityID='{e0e75f9b-2cda-0001-ec5f-e7e0da2cd601}'/><Execution ProcessID='676' ThreadID='732'/><Channel>Security</Channel><Computer>DESKTOP-P84STH6</Computer><Security/></System><EventData><Data Name='SubjectUserSid'>S-1-5-21-223836497-1760142647-788189203-1001</Data><Data Name='SubjectUserName'>NS</Data><Data Name='SubjectDomainName'>DESKTOP-P84STH6</Data><Data Name='SubjectLogonId'>0x40fbe</Data><Data Name='TargetName'>vscode-github.login/account</Data><Data Name='Type'>1</Data><Data Name='CountOfCredentialsReturned'>1</Data><Data Name='ReadOperation'>%%8099</Data><Data Name='ReturnCode'>3221226021</Data><Data Name='ProcessCreationTime'>2020-05-18T06:21:31.612156000Z</Data><Data Name='ClientProcessId'>7848</Data></EventData></Event><Event xmlns='http://schemas.microsoft.com/win/2004/08/events/event'><System><Provider Name='Microsoft-Windows-Security-Auditing' Guid='{54849625-5478-4994-a5ba-3e3b0328c30d}'/><EventID>5379</EventID><Version>0</Version><Level>0</Level><Task>13824</Task><Opcode>0</Opcode><Keywords>0x8020000000000000</Keywords><TimeCreated SystemTime='2020-05-18T07:29:44.731540800Z'/><EventRecordID>2251</EventRecordID><Correlation ActivityID='{e0e75f9b-2cda-0001-ec5f-e7e0da2cd601}'/><Execution ProcessID='676' ThreadID='2368'/><Channel>Security</Channel><Computer>DESKTOP-P84STH6</Computer><Security/></System><EventData><Data Name='SubjectUserSid'>S-1-5-21-223836497-1760142647-788189203-1001</Data><Data Name='SubjectUserName'>NS</Data><Data Name='SubjectDomainName'>DESKTOP-P84STH6</Data><Data Name='SubjectLogonId'>0x40fbe</Data><Data Name='TargetName'>vscode-microsoft.login/account</Data><Data Name='Type'>1</Data><Data Name='CountOfCredentialsReturned'>1</Data><Data Name='ReadOperation'>%%8099</Data><Data Name='ReturnCode'>3221226021</Data><Data Name='ProcessCreationTime'>2020-05-18T06:21:31.612156000Z</Data><Data Name='ClientProcessId'>7848</Data></EventData></Event><Event xmlns='http://schemas.microsoft.com/win/2004/08/events/event'><System><Provider Name='Microsoft-Windows-Security-Auditing' Guid='{54849625-5478-4994-a5ba-3e3b0328c30d}'/><EventID>5379</EventID><Version>0</Version><Level>0</Level><Task>13824</Task><Opcode>0</Opcode><Keywords>0x8020000000000000</Keywords><TimeCreated SystemTime='2020-05-18T07:29:14.693853000Z'/><EventRecordID>2250</EventRecordID><Correlation ActivityID='{e0e75f9b-2cda-0001-ec5f-e7e0da2cd601}'/><Execution ProcessID='676' ThreadID='732'/><Channel>Security</Channel><Computer>DESKTOP-P84STH6</Computer><Security/></System><EventData><Data Name='SubjectUserSid'>S-1-5-21-223836497-1760142647-788189203-1001</Data><Data Name='SubjectUserName'>NS</Data><Data Name='SubjectDomainName'>DESKTOP-P84STH6</Data><Data Name='SubjectLogonId'>0x40fbe</Data><Data Name='TargetName'>vscode-microsoft.login/account</Data><Data Name='Type'>1</Data><Data Name='CountOfCredentialsReturned'>1</Data><Data Name='ReadOperation'>%%8099</Data><Data Name='ReturnCode'>3221226021</Data><Data Name='ProcessCreationTime'>2020-05-18T06:21:31.612156000Z</Data><Data Name='ClientProcessId'>7848</Data></EventData></Event><Event xmlns='http://schemas.microsoft.com/win/2004/08/events/event'><System><Provider Name='Microsoft-Windows-Security-Auditing' Guid='{54849625-5478-4994-a5ba-3e3b0328c30d}'/><EventID>5379</EventID><Version>0</Version><Level>0</Level><Task>13824</Task><Opcode>0</Opcode><Keywords>0x8020000000000000</Keywords><TimeCreated SystemTime='2020-05-18T07:29:14.693826200Z'/><EventRecordID>2249</EventRecordID><Correlation ActivityID='{e0e75f9b-2cda-0001-ec5f-e7e0da2cd601}'/><Execution ProcessID='676' ThreadID='3520'/><Channel>Security</Channel><Computer>DESKTOP-P84STH6</Computer><Security/></System><EventData><Data Name='SubjectUserSid'>S-1-5-21-223836497-1760142647-788189203-1001</Data><Data Name='SubjectUserName'>NS</Data><Data Name='SubjectDomainName'>DESKTOP-P84STH6</Data><Data Name='SubjectLogonId'>0x40fbe</Data><Data Name='TargetName'>vscode-github.login/account</Data><Data Name='Type'>1</Data><Data Name='CountOfCredentialsReturned'>1</Data><Data Name='ReadOperation'>%%8099</Data><Data Name='ReturnCode'>3221226021</Data><Data Name='ProcessCreationTime'>2020-05-18T06:21:31.612156000Z</Data><Data Name='ClientProcessId'>7848</Data></EventData></Event><Event xmlns='http://schemas.microsoft.com/win/2004/08/events/event'><System><Provider Name='Microsoft-Windows-Security-Auditing' Guid='{54849625-5478-4994-a5ba-3e3b0328c30d}'/><EventID>5379</EventID><Version>0</Version><Level>0</Level><Task>13824</Task><Opcode>0</Opcode><Keywords>0x8020000000000000</Keywords><TimeCreated SystemTime='2020-05-18T07:28:44.667616100Z'/><EventRecordID>2248</EventRecordID><Correlation ActivityID='{e0e75f9b-2cda-0001-ec5f-e7e0da2cd601}'/><Execution ProcessID='676' ThreadID='732'/><Channel>Security</Channel><Computer>DESKTOP-P84STH6</Computer><Security/></System><EventData><Data Name='SubjectUserSid'>S-1-5-21-223836497-1760142647-788189203-1001</Data><Data Name='SubjectUserName'>NS</Data><Data Name='SubjectDomainName'>DESKTOP-P84STH6</Data><Data Name='SubjectLogonId'>0x40fbe</Data><Data Name='TargetName'>vscode-github.login/account</Data><Data Name='Type'>1</Data><Data Name='CountOfCredentialsReturned'>1</Data><Data Name='ReadOperation'>%%8099</Data><Data Name='ReturnCode'>3221226021</Data><Data Name='ProcessCreationTime'>2020-05-18T06:21:31.612156000Z</Data><Data Name='ClientProcessId'>7848</Data></EventData></Event><Event xmlns='http://schemas.microsoft.com/win/2004/08/events/event'><System><Provider Name='Microsoft-Windows-Security-Auditing' Guid='{54849625-5478-4994-a5ba-3e3b0328c30d}'/><EventID>5379</EventID><Version>0</Version><Level>0</Level><Task>13824</Task><Opcode>0</Opcode><Keywords>0x8020000000000000</Keywords><TimeCreated SystemTime='2020-05-18T07:28:44.667581400Z'/><EventRecordID>2247</EventRecordID><Correlation ActivityID='{e0e75f9b-2cda-0001-ec5f-e7e0da2cd601}'/><Execution ProcessID='676' ThreadID='3520'/><Channel>Security</Channel><Computer>DESKTOP-P84STH6</Computer><Security/></System><EventData><Data Name='SubjectUserSid'>S-1-5-21-223836497-1760142647-788189203-1001</Data><Data Name='SubjectUserName'>NS</Data><Data Name='SubjectDomainName'>DESKTOP-P84STH6</Data><Data Name='SubjectLogonId'>0x40fbe</Data><Data Name='TargetName'>vscode-microsoft.login/account</Data><Data Name='Type'>1</Data><Data Name='CountOfCredentialsReturned'>1</Data><Data Name='ReadOperation'>%%8099</Data><Data Name='ReturnCode'>3221226021</Data><Data Name='ProcessCreationTime'>2020-05-18T06:21:31.612156000Z</Data><Data Name='ClientProcessId'>7848</Data></EventData></Event><Event xmlns='http://schemas.microsoft.com/win/2004/08/events/event'><System><Provider Name='Microsoft-Windows-Security-Auditing' Guid='{54849625-5478-4994-a5ba-3e3b0328c30d}'/><EventID>5379</EventID><Version>0</Version><Level>0</Level><Task>13824</Task><Opcode>0</Opcode><Keywords>0x8020000000000000</Keywords><TimeCreated SystemTime='2020-05-18T07:28:14.635787200Z'/><EventRecordID>2246</EventRecordID><Correlation ActivityID='{e0e75f9b-2cda-0001-ec5f-e7e0da2cd601}'/><Execution ProcessID='676' ThreadID='3520'/><Channel>Security</Channel><Computer>DESKTOP-P84STH6</Computer><Security/></System><EventData><Data Name='SubjectUserSid'>S-1-5-21-223836497-1760142647-788189203-1001</Data><Data Name='SubjectUserName'>NS</Data><Data Name='SubjectDomainName'>DESKTOP-P84STH6</Data><Data Name='SubjectLogonId'>0x40fbe</Data><Data Name='TargetName'>vscode-microsoft.login/account</Data><Data Name='Type'>1</Data><Data Name='CountOfCredentialsReturned'>1</Data><Data Name='ReadOperation'>%%8099</Data><Data Name='ReturnCode'>3221226021</Data><Data Name='ProcessCreationTime'>2020-05-18T06:21:31.612156000Z</Data><Data Name='ClientProcessId'>7848</Data></EventData></Event><Event xmlns='http://schemas.microsoft.com/win/2004/08/events/event'><System><Provider Name='Microsoft-Windows-Security-Auditing' Guid='{54849625-5478-4994-a5ba-3e3b0328c30d}'/><EventID>5379</EventID><Version>0</Version><Level>0</Level><Task>13824</Task><Opcode>0</Opcode><Keywords>0x8020000000000000</Keywords><TimeCreated SystemTime='2020-05-18T07:28:14.635752000Z'/><EventRecordID>2245</EventRecordID><Correlation ActivityID='{e0e75f9b-2cda-0001-ec5f-e7e0da2cd601}'/><Execution ProcessID='676' ThreadID='732'/><Channel>Security</Channel><Computer>DESKTOP-P84STH6</Computer><Security/></System><EventData><Data Name='SubjectUserSid'>S-1-5-21-223836497-1760142647-788189203-1001</Data><Data Name='SubjectUserName'>NS</Data><Data Name='SubjectDomainName'>DESKTOP-P84STH6</Data><Data Name='SubjectLogonId'>0x40fbe</Data><Data Name='TargetName'>vscode-github.login/account</Data><Data Name='Type'>1</Data><Data Name='CountOfCredentialsReturned'>1</Data><Data Name='ReadOperation'>%%8099</Data><Data Name='ReturnCode'>3221226021</Data><Data Name='ProcessCreationTime'>2020-05-18T06:21:31.612156000Z</Data><Data Name='ClientProcessId'>7848</Data></EventData></Event><Event xmlns='http://schemas.microsoft.com/win/2004/08/events/event'><System><Provider Name='Microsoft-Windows-Security-Auditing' Guid='{54849625-5478-4994-a5ba-3e3b0328c30d}'/><EventID>4672</EventID><Version>0</Version><Level>0</Level><Task>12548</Task><Opcode>0</Opcode><Keywords>0x8020000000000000</Keywords><TimeCreated SystemTime='2020-05-18T07:28:02.125840900Z'/><EventRecordID>2244</EventRecordID><Correlation ActivityID='{e0e75f9b-2cda-0001-ec5f-e7e0da2cd601}'/><Execution ProcessID='676' ThreadID='3520'/><Channel>Security</Channel><Computer>DESKTOP-P84STH6</Computer><Security/></System><EventData><Data Name='SubjectUserSid'>S-1-5-18</Data><Data Name='SubjectUserName'>SYSTEM</Data><Data Name='SubjectDomainName'>NT AUTHORITY</Data><Data Name='SubjectLogonId'>0x3e7</Data><Data Name='PrivilegeList'>SeAssignPrimaryTokenPrivilege
			SeTcbPrivilege
			SeSecurityPrivilege
			SeTakeOwnershipPrivilege
			SeLoadDriverPrivilege
			SeBackupPrivilege
			SeRestorePrivilege
			SeDebugPrivilege
			SeAuditPrivilege
			SeSystemEnvironmentPrivilege
			SeImpersonatePrivilege
			SeDelegateSessionUserImpersonatePrivilege</Data></EventData></Event><Event xmlns='http://schemas.microsoft.com/win/2004/08/events/event'><System><Provider Name='Microsoft-Windows-Security-Auditing' Guid='{54849625-5478-4994-a5ba-3e3b0328c30d}'/><EventID>4624</EventID><Version>2</Version><Level>0</Level><Task>12544</Task><Opcode>0</Opcode><Keywords>0x8020000000000000</Keywords><TimeCreated SystemTime='2020-05-18T07:28:02.125824300Z'/><EventRecordID>2243</EventRecordID><Correlation ActivityID='{e0e75f9b-2cda-0001-ec5f-e7e0da2cd601}'/><Execution ProcessID='676' ThreadID='3520'/><Channel>Security</Channel><Computer>DESKTOP-P84STH6</Computer><Security/></System><EventData><Data Name='SubjectUserSid'>S-1-5-18</Data><Data Name='SubjectUserName'>DESKTOP-P84STH6$</Data><Data Name='SubjectDomainName'>WORKGROUP</Data><Data Name='SubjectLogonId'>0x3e7</Data><Data Name='TargetUserSid'>S-1-5-18</Data><Data Name='TargetUserName'>SYSTEM</Data><Data Name='TargetDomainName'>NT AUTHORITY</Data><Data Name='TargetLogonId'>0x3e7</Data><Data Name='LogonType'>5</Data><Data Name='LogonProcessName'>Advapi  </Data><Data Name='AuthenticationPackageName'>Negotiate</Data><Data Name='WorkstationName'>-</Data><Data Name='LogonGuid'>{00000000-0000-0000-0000-000000000000}</Data><Data Name='TransmittedServices'>-</Data><Data Name='LmPackageName'>-</Data><Data Name='KeyLength'>0</Data><Data Name='ProcessId'>0x294</Data><Data Name='ProcessName'>C:\Windows\System32\services.exe</Data><Data Name='IpAddress'>-</Data><Data Name='IpPort'>-</Data><Data Name='ImpersonationLevel'>%%1833</Data><Data Name='RestrictedAdminMode'>-</Data><Data Name='TargetOutboundUserName'>-</Data><Data Name='TargetOutboundDomainName'>-</Data><Data Name='VirtualAccount'>%%1843</Data><Data Name='TargetLinkedLogonId'>0x0</Data><Data Name='ElevatedToken'>%%1842</Data></EventData></Event><Event xmlns='http://schemas.microsoft.com/win/2004/08/events/event'><System><Provider Name='Microsoft-Windows-Security-Auditing' Guid='{54849625-5478-4994-a5ba-3e3b0328c30d}'/><EventID>5379</EventID><Version>0</Version><Level>0</Level><Task>13824</Task><Opcode>0</Opcode><Keywords>0x8020000000000000</Keywords><TimeCreated SystemTime='2020-05-18T07:27:44.609045600Z'/><EventRecordID>2242</EventRecordID><Correlation ActivityID='{e0e75f9b-2cda-0001-ec5f-e7e0da2cd601}'/><Execution ProcessID='676' ThreadID='3520'/><Channel>Security</Channel><Computer>DESKTOP-P84STH6</Computer><Security/></System><EventData><Data Name='SubjectUserSid'>S-1-5-21-223836497-1760142647-788189203-1001</Data><Data Name='SubjectUserName'>NS</Data><Data Name='SubjectDomainName'>DESKTOP-P84STH6</Data><Data Name='SubjectLogonId'>0x40fbe</Data><Data Name='TargetName'>vscode-microsoft.login/account</Data><Data Name='Type'>1</Data><Data Name='CountOfCredentialsReturned'>1</Data><Data Name='ReadOperation'>%%8099</Data><Data Name='ReturnCode'>3221226021</Data><Data Name='ProcessCreationTime'>2020-05-18T06:21:31.612156000Z</Data><Data Name='ClientProcessId'>7848</Data></EventData></Event><Event xmlns='http://schemas.microsoft.com/win/2004/08/events/event'><System><Provider Name='Microsoft-Windows-Security-Auditing' Guid='{54849625-5478-4994-a5ba-3e3b0328c30d}'/><EventID>5379</EventID><Version>0</Version><Level>0</Level><Task>13824</Task><Opcode>0</Opcode><Keywords>0x8020000000000000</Keywords><TimeCreated SystemTime='2020-05-18T07:27:44.609045000Z'/><EventRecordID>2241</EventRecordID><Correlation ActivityID='{e0e75f9b-2cda-0001-ec5f-e7e0da2cd601}'/><Execution ProcessID='676' ThreadID='5744'/><Channel>Security</Channel><Computer>DESKTOP-P84STH6</Computer><Security/></System><EventData><Data Name='SubjectUserSid'>S-1-5-21-223836497-1760142647-788189203-1001</Data><Data Name='SubjectUserName'>NS</Data><Data Name='SubjectDomainName'>DESKTOP-P84STH6</Data><Data Name='SubjectLogonId'>0x40fbe</Data><Data Name='TargetName'>vscode-github.login/account</Data><Data Name='Type'>1</Data><Data Name='CountOfCredentialsReturned'>1</Data><Data Name='ReadOperation'>%%8099</Data><Data Name='ReturnCode'>3221226021</Data><Data Name='ProcessCreationTime'>2020-05-18T06:21:31.612156000Z</Data><Data Name='ClientProcessId'>7848</Data></EventData></Event><Event xmlns='http://schemas.microsoft.com/win/2004/08/events/event'><System><Provider Name='Microsoft-Windows-Security-Auditing' Guid='{54849625-5478-4994-a5ba-3e3b0328c30d}'/><EventID>5379</EventID><Version>0</Version><Level>0</Level><Task>13824</Task><Opcode>0</Opcode><Keywords>0x8020000000000000</Keywords><TimeCreated SystemTime='2020-05-18T07:27:14.599658100Z'/><EventRecordID>2240</EventRecordID><Correlation ActivityID='{e0e75f9b-2cda-0001-ec5f-e7e0da2cd601}'/><Execution ProcessID='676' ThreadID='5744'/><Channel>Security</Channel><Computer>DESKTOP-P84STH6</Computer><Security/></System><EventData><Data Name='SubjectUserSid'>S-1-5-21-223836497-1760142647-788189203-1001</Data><Data Name='SubjectUserName'>NS</Data><Data Name='SubjectDomainName'>DESKTOP-P84STH6</Data><Data Name='SubjectLogonId'>0x40fbe</Data><Data Name='TargetName'>vscode-github.login/account</Data><Data Name='Type'>1</Data><Data Name='CountOfCredentialsReturned'>1</Data><Data Name='ReadOperation'>%%8099</Data><Data Name='ReturnCode'>3221226021</Data><Data Name='ProcessCreationTime'>2020-05-18T06:21:31.612156000Z</Data><Data Name='ClientProcessId'>7848</Data></EventData></Event><Event xmlns='http://schemas.microsoft.com/win/2004/08/events/event'><System><Provider Name='Microsoft-Windows-Security-Auditing' Guid='{54849625-5478-4994-a5ba-3e3b0328c30d}'/><EventID>5379</EventID><Version>0</Version><Level>0</Level><Task>13824</Task><Opcode>0</Opcode><Keywords>0x8020000000000000</Keywords><TimeCreated SystemTime='2020-05-18T07:27:14.599652600Z'/><EventRecordID>2239</EventRecordID><Correlation ActivityID='{e0e75f9b-2cda-0001-ec5f-e7e0da2cd601}'/><Execution ProcessID='676' ThreadID='3520'/><Channel>Security</Channel><Computer>DESKTOP-P84STH6</Computer><Security/></System><EventData><Data Name='SubjectUserSid'>S-1-5-21-223836497-1760142647-788189203-1001</Data><Data Name='SubjectUserName'>NS</Data><Data Name='SubjectDomainName'>DESKTOP-P84STH6</Data><Data Name='SubjectLogonId'>0x40fbe</Data><Data Name='TargetName'>vscode-microsoft.login/account</Data><Data Name='Type'>1</Data><Data Name='CountOfCredentialsReturned'>1</Data><Data Name='ReadOperation'>%%8099</Data><Data Name='ReturnCode'>3221226021</Data><Data Name='ProcessCreationTime'>2020-05-18T06:21:31.612156000Z</Data><Data Name='ClientProcessId'>7848</Data></EventData></Event><Event xmlns='http://schemas.microsoft.com/win/2004/08/events/event'><System><Provider Name='Microsoft-Windows-Security-Auditing' Guid='{54849625-5478-4994-a5ba-3e3b0328c30d}'/><EventID>4797</EventID><Version>0</Version><Level>0</Level><Task>13824</Task><Opcode>0</Opcode><Keywords>0x8020000000000000</Keywords><TimeCreated SystemTime='2020-05-18T07:27:13.633628500Z'/><EventRecordID>2238</EventRecordID><Correlation ActivityID='{e0e75f9b-2cda-0001-ec5f-e7e0da2cd601}'/><Execution ProcessID='676' ThreadID='3520'/><Channel>Security</Channel><Computer>DESKTOP-P84STH6</Computer><Security/></System><EventData><Data Name='SubjectUserSid'>S-1-5-21-223836497-1760142647-788189203-1001</Data><Data Name='SubjectUserName'>NS</Data><Data Name='SubjectDomainName'>DESKTOP-P84STH6</Data><Data Name='SubjectLogonId'>0x40fbe</Data><Data Name='Workstation'>DESKTOP-P84STH6</Data><Data Name='TargetUserName'>WDAGUtilityAccount</Data><Data Name='TargetDomainName'>DESKTOP-P84STH6</Data></EventData></Event><Event xmlns='http://schemas.microsoft.com/win/2004/08/events/event'><System><Provider Name='Microsoft-Windows-Security-Auditing' Guid='{54849625-5478-4994-a5ba-3e3b0328c30d}'/><EventID>4797</EventID><Version>0</Version><Level>0</Level><Task>13824</Task><Opcode>0</Opcode><Keywords>0x8020000000000000</Keywords><TimeCreated SystemTime='2020-05-18T07:27:13.626594900Z'/><EventRecordID>2237</EventRecordID><Correlation ActivityID='{e0e75f9b-2cda-0001-ec5f-e7e0da2cd601}'/><Execution ProcessID='676' ThreadID='3520'/><Channel>Security</Channel><Computer>DESKTOP-P84STH6</Computer><Security/></System><EventData><Data Name='SubjectUserSid'>S-1-5-21-223836497-1760142647-788189203-1001</Data><Data Name='SubjectUserName'>NS</Data><Data Name='SubjectDomainName'>DESKTOP-P84STH6</Data><Data Name='SubjectLogonId'>0x40fbe</Data><Data Name='Workstation'>DESKTOP-P84STH6</Data><Data Name='TargetUserName'>Guest</Data><Data Name='TargetDomainName'>DESKTOP-P84STH6</Data></EventData></Event><Event xmlns='http://schemas.microsoft.com/win/2004/08/events/event'><System><Provider Name='Microsoft-Windows-Security-Auditing' Guid='{54849625-5478-4994-a5ba-3e3b0328c30d}'/><EventID>4797</EventID><Version>0</Version><Level>0</Level><Task>13824</Task><Opcode>0</Opcode><Keywords>0x8020000000000000</Keywords><TimeCreated SystemTime='2020-05-18T07:27:13.624476000Z'/><EventRecordID>2236</EventRecordID><Correlation ActivityID='{e0e75f9b-2cda-0001-ec5f-e7e0da2cd601}'/><Execution ProcessID='676' ThreadID='3520'/><Channel>Security</Channel><Computer>DESKTOP-P84STH6</Computer><Security/></System><EventData><Data Name='SubjectUserSid'>S-1-5-21-223836497-1760142647-788189203-1001</Data><Data Name='SubjectUserName'>NS</Data><Data Name='SubjectDomainName'>DESKTOP-P84STH6</Data><Data Name='SubjectLogonId'>0x40fbe</Data><Data Name='Workstation'>DESKTOP-P84STH6</Data><Data Name='TargetUserName'>DefaultAccount</Data><Data Name='TargetDomainName'>DESKTOP-P84STH6</Data></EventData></Event><Event xmlns='http://schemas.microsoft.com/win/2004/08/events/event'><System><Provider Name='Microsoft-Windows-Security-Auditing' Guid='{54849625-5478-4994-a5ba-3e3b0328c30d}'/><EventID>4797</EventID><Version>0</Version><Level>0</Level><Task>13824</Task><Opcode>0</Opcode><Keywords>0x8020000000000000</Keywords><TimeCreated SystemTime='2020-05-18T07:27:13.622251000Z'/><EventRecordID>2235</EventRecordID><Correlation ActivityID='{e0e75f9b-2cda-0001-ec5f-e7e0da2cd601}'/><Execution ProcessID='676' ThreadID='3520'/><Channel>Security</Channel><Computer>DESKTOP-P84STH6</Computer><Security/></System><EventData><Data Name='SubjectUserSid'>S-1-5-21-223836497-1760142647-788189203-1001</Data><Data Name='SubjectUserName'>NS</Data><Data Name='SubjectDomainName'>DESKTOP-P84STH6</Data><Data Name='SubjectLogonId'>0x40fbe</Data><Data Name='Workstation'>DESKTOP-P84STH6</Data><Data Name='TargetUserName'>Administrator</Data><Data Name='TargetDomainName'>DESKTOP-P84STH6</Data></EventData></Event><Event xmlns='http://schemas.microsoft.com/win/2004/08/events/event'><System><Provider Name='Microsoft-Windows-Security-Auditing' Guid='{54849625-5478-4994-a5ba-3e3b0328c30d}'/><EventID>4797</EventID><Version>0</Version><Level>0</Level><Task>13824</Task><Opcode>0</Opcode><Keywords>0x8020000000000000</Keywords><TimeCreated SystemTime='2020-05-18T07:27:13.385712600Z'/><EventRecordID>2234</EventRecordID><Correlation ActivityID='{e0e75f9b-2cda-0001-ec5f-e7e0da2cd601}'/><Execution ProcessID='676' ThreadID='3520'/><Channel>Security</Channel><Computer>DESKTOP-P84STH6</Computer><Security/></System><EventData><Data Name='SubjectUserSid'>S-1-5-21-223836497-1760142647-788189203-1001</Data><Data Name='SubjectUserName'>NS</Data><Data Name='SubjectDomainName'>DESKTOP-P84STH6</Data><Data Name='SubjectLogonId'>0x40fbe</Data><Data Name='Workstation'>DESKTOP-P84STH6</Data><Data Name='TargetUserName'>WDAGUtilityAccount</Data><Data Name='TargetDomainName'>DESKTOP-P84STH6</Data></EventData></Event><Event xmlns='http://schemas.microsoft.com/win/2004/08/events/event'><System><Provider Name='Microsoft-Windows-Security-Auditing' Guid='{54849625-5478-4994-a5ba-3e3b0328c30d}'/><EventID>4797</EventID><Version>0</Version><Level>0</Level><Task>13824</Task><Opcode>0</Opcode><Keywords>0x8020000000000000</Keywords><TimeCreated SystemTime='2020-05-18T07:27:13.376634300Z'/><EventRecordID>2233</EventRecordID><Correlation ActivityID='{e0e75f9b-2cda-0001-ec5f-e7e0da2cd601}'/><Execution ProcessID='676' ThreadID='3520'/><Channel>Security</Channel><Computer>DESKTOP-P84STH6</Computer><Security/></System><EventData><Data Name='SubjectUserSid'>S-1-5-21-223836497-1760142647-788189203-1001</Data><Data Name='SubjectUserName'>NS</Data><Data Name='SubjectDomainName'>DESKTOP-P84STH6</Data><Data Name='SubjectLogonId'>0x40fbe</Data><Data Name='Workstation'>DESKTOP-P84STH6</Data><Data Name='TargetUserName'>Guest</Data><Data Name='TargetDomainName'>DESKTOP-P84STH6</Data></EventData></Event><Event xmlns='http://schemas.microsoft.com/win/2004/08/events/event'><System><Provider Name='Microsoft-Windows-Security-Auditing' Guid='{54849625-5478-4994-a5ba-3e3b0328c30d}'/><EventID>4797</EventID><Version>0</Version><Level>0</Level><Task>13824</Task><Opcode>0</Opcode><Keywords>0x8020000000000000</Keywords><TimeCreated SystemTime='2020-05-18T07:27:13.374497500Z'/><EventRecordID>2232</EventRecordID><Correlation ActivityID='{e0e75f9b-2cda-0001-ec5f-e7e0da2cd601}'/><Execution ProcessID='676' ThreadID='3520'/><Channel>Security</Channel><Computer>DESKTOP-P84STH6</Computer><Security/></System><EventData><Data Name='SubjectUserSid'>S-1-5-21-223836497-1760142647-788189203-1001</Data><Data Name='SubjectUserName'>NS</Data><Data Name='SubjectDomainName'>DESKTOP-P84STH6</Data><Data Name='SubjectLogonId'>0x40fbe</Data><Data Name='Workstation'>DESKTOP-P84STH6</Data><Data Name='TargetUserName'>DefaultAccount</Data><Data Name='TargetDomainName'>DESKTOP-P84STH6</Data></EventData></Event><Event xmlns='http://schemas.microsoft.com/win/2004/08/events/event'><System><Provider Name='Microsoft-Windows-Security-Auditing' Guid='{54849625-5478-4994-a5ba-3e3b0328c30d}'/><EventID>4797</EventID><Version>0</Version><Level>0</Level><Task>13824</Task><Opcode>0</Opcode><Keywords>0x8020000000000000</Keywords><TimeCreated SystemTime='2020-05-18T07:27:13.372271800Z'/><EventRecordID>2231</EventRecordID><Correlation ActivityID='{e0e75f9b-2cda-0001-ec5f-e7e0da2cd601}'/><Execution ProcessID='676' ThreadID='3520'/><Channel>Security</Channel><Computer>DESKTOP-P84STH6</Computer><Security/></System><EventData><Data Name='SubjectUserSid'>S-1-5-21-223836497-1760142647-788189203-1001</Data><Data Name='SubjectUserName'>NS</Data><Data Name='SubjectDomainName'>DESKTOP-P84STH6</Data><Data Name='SubjectLogonId'>0x40fbe</Data><Data Name='Workstation'>DESKTOP-P84STH6</Data><Data Name='TargetUserName'>Administrator</Data><Data Name='TargetDomainName'>DESKTOP-P84STH6</Data></EventData></Event><Event xmlns='http://schemas.microsoft.com/win/2004/08/events/event'><System><Provider Name='Microsoft-Windows-Security-Auditing' Guid='{54849625-5478-4994-a5ba-3e3b0328c30d}'/><EventID>4797</EventID><Version>0</Version><Level>0</Level><Task>13824</Task><Opcode>0</Opcode><Keywords>0x8020000000000000</Keywords><TimeCreated SystemTime='2020-05-18T07:27:08.539232400Z'/><EventRecordID>2230</EventRecordID><Correlation ActivityID='{e0e75f9b-2cda-0001-ec5f-e7e0da2cd601}'/><Execution ProcessID='676' ThreadID='3520'/><Channel>Security</Channel><Computer>DESKTOP-P84STH6</Computer><Security/></System><EventData><Data Name='SubjectUserSid'>S-1-5-21-223836497-1760142647-788189203-1001</Data><Data Name='SubjectUserName'>NS</Data><Data Name='SubjectDomainName'>DESKTOP-P84STH6</Data><Data Name='SubjectLogonId'>0x40fbe</Data><Data Name='Workstation'>DESKTOP-P84STH6</Data><Data Name='TargetUserName'>WDAGUtilityAccount</Data><Data Name='TargetDomainName'>DESKTOP-P84STH6</Data></EventData></Event><Event xmlns='http://schemas.microsoft.com/win/2004/08/events/event'><System><Provider Name='Microsoft-Windows-Security-Auditing' Guid='{54849625-5478-4994-a5ba-3e3b0328c30d}'/><EventID>4797</EventID><Version>0</Version><Level>0</Level><Task>13824</Task><Opcode>0</Opcode><Keywords>0x8020000000000000</Keywords><TimeCreated SystemTime='2020-05-18T07:27:08.532315100Z'/><EventRecordID>2229</EventRecordID><Correlation ActivityID='{e0e75f9b-2cda-0001-ec5f-e7e0da2cd601}'/><Execution ProcessID='676' ThreadID='3520'/><Channel>Security</Channel><Computer>DESKTOP-P84STH6</Computer><Security/></System><EventData><Data Name='SubjectUserSid'>S-1-5-21-223836497-1760142647-788189203-1001</Data><Data Name='SubjectUserName'>NS</Data><Data Name='SubjectDomainName'>DESKTOP-P84STH6</Data><Data Name='SubjectLogonId'>0x40fbe</Data><Data Name='Workstation'>DESKTOP-P84STH6</Data><Data Name='TargetUserName'>Guest</Data><Data Name='TargetDomainName'>DESKTOP-P84STH6</Data></EventData></Event><Event xmlns='http://schemas.microsoft.com/win/2004/08/events/event'><System><Provider Name='Microsoft-Windows-Security-Auditing' Guid='{54849625-5478-4994-a5ba-3e3b0328c30d}'/><EventID>4797</EventID><Version>0</Version><Level>0</Level><Task>13824</Task><Opcode>0</Opcode><Keywords>0x8020000000000000</Keywords><TimeCreated SystemTime='2020-05-18T07:27:08.529739300Z'/><EventRecordID>2228</EventRecordID><Correlation ActivityID='{e0e75f9b-2cda-0001-ec5f-e7e0da2cd601}'/><Execution ProcessID='676' ThreadID='3520'/><Channel>Security</Channel><Computer>DESKTOP-P84STH6</Computer><Security/></System><EventData><Data Name='SubjectUserSid'>S-1-5-21-223836497-1760142647-788189203-1001</Data><Data Name='SubjectUserName'>NS</Data><Data Name='SubjectDomainName'>DESKTOP-P84STH6</Data><Data Name='SubjectLogonId'>0x40fbe</Data><Data Name='Workstation'>DESKTOP-P84STH6</Data><Data Name='TargetUserName'>DefaultAccount</Data><Data Name='TargetDomainName'>DESKTOP-P84STH6</Data></EventData></Event><Event xmlns='http://schemas.microsoft.com/win/2004/08/events/event'><System><Provider Name='Microsoft-Windows-Security-Auditing' Guid='{54849625-5478-4994-a5ba-3e3b0328c30d}'/><EventID>4797</EventID><Version>0</Version><Level>0</Level><Task>13824</Task><Opcode>0</Opcode><Keywords>0x8020000000000000</Keywords><TimeCreated SystemTime='2020-05-18T07:27:08.527352000Z'/><EventRecordID>2227</EventRecordID><Correlation ActivityID='{e0e75f9b-2cda-0001-ec5f-e7e0da2cd601}'/><Execution ProcessID='676' ThreadID='3520'/><Channel>Security</Channel><Computer>DESKTOP-P84STH6</Computer><Security/></System><EventData><Data Name='SubjectUserSid'>S-1-5-21-223836497-1760142647-788189203-1001</Data><Data Name='SubjectUserName'>NS</Data><Data Name='SubjectDomainName'>DESKTOP-P84STH6</Data><Data Name='SubjectLogonId'>0x40fbe</Data><Data Name='Workstation'>DESKTOP-P84STH6</Data><Data Name='TargetUserName'>Administrator</Data><Data Name='TargetDomainName'>DESKTOP-P84STH6</Data></EventData></Event><Event xmlns='http://schemas.microsoft.com/win/2004/08/events/event'><System><Provider Name='Microsoft-Windows-Security-Auditing' Guid='{54849625-5478-4994-a5ba-3e3b0328c30d}'/><EventID>4797</EventID><Version>0</Version><Level>0</Level><Task>13824</Task><Opcode>0</Opcode><Keywords>0x8020000000000000</Keywords><TimeCreated SystemTime='2020-05-18T07:27:08.297275200Z'/><EventRecordID>2226</EventRecordID><Correlation ActivityID='{e0e75f9b-2cda-0001-ec5f-e7e0da2cd601}'/><Execution ProcessID='676' ThreadID='3520'/><Channel>Security</Channel><Computer>DESKTOP-P84STH6</Computer><Security/></System><EventData><Data Name='SubjectUserSid'>S-1-5-21-223836497-1760142647-788189203-1001</Data><Data Name='SubjectUserName'>NS</Data><Data Name='SubjectDomainName'>DESKTOP-P84STH6</Data><Data Name='SubjectLogonId'>0x40fbe</Data><Data Name='Workstation'>DESKTOP-P84STH6</Data><Data Name='TargetUserName'>WDAGUtilityAccount</Data><Data Name='TargetDomainName'>DESKTOP-P84STH6</Data></EventData></Event><Event xmlns='http://schemas.microsoft.com/win/2004/08/events/event'><System><Provider Name='Microsoft-Windows-Security-Auditing' Guid='{54849625-5478-4994-a5ba-3e3b0328c30d}'/><EventID>4797</EventID><Version>0</Version><Level>0</Level><Task>13824</Task><Opcode>0</Opcode><Keywords>0x8020000000000000</Keywords><TimeCreated SystemTime='2020-05-18T07:27:08.286156200Z'/><EventRecordID>2225</EventRecordID><Correlation ActivityID='{e0e75f9b-2cda-0001-ec5f-e7e0da2cd601}'/><Execution ProcessID='676' ThreadID='3520'/><Channel>Security</Channel><Computer>DESKTOP-P84STH6</Computer><Security/></System><EventData><Data Name='SubjectUserSid'>S-1-5-21-223836497-1760142647-788189203-1001</Data><Data Name='SubjectUserName'>NS</Data><Data Name='SubjectDomainName'>DESKTOP-P84STH6</Data><Data Name='SubjectLogonId'>0x40fbe</Data><Data Name='Workstation'>DESKTOP-P84STH6</Data><Data Name='TargetUserName'>Guest</Data><Data Name='TargetDomainName'>DESKTOP-P84STH6</Data></EventData></Event><Event xmlns='http://schemas.microsoft.com/win/2004/08/events/event'><System><Provider Name='Microsoft-Windows-Security-Auditing' Guid='{54849625-5478-4994-a5ba-3e3b0328c30d}'/><EventID>4797</EventID><Version>0</Version><Level>0</Level><Task>13824</Task><Opcode>0</Opcode><Keywords>0x8020000000000000</Keywords><TimeCreated SystemTime='2020-05-18T07:27:08.281252300Z'/><EventRecordID>2224</EventRecordID><Correlation ActivityID='{e0e75f9b-2cda-0001-ec5f-e7e0da2cd601}'/><Execution ProcessID='676' ThreadID='3520'/><Channel>Security</Channel><Computer>DESKTOP-P84STH6</Computer><Security/></System><EventData><Data Name='SubjectUserSid'>S-1-5-21-223836497-1760142647-788189203-1001</Data><Data Name='SubjectUserName'>NS</Data><Data Name='SubjectDomainName'>DESKTOP-P84STH6</Data><Data Name='SubjectLogonId'>0x40fbe</Data><Data Name='Workstation'>DESKTOP-P84STH6</Data><Data Name='TargetUserName'>DefaultAccount</Data><Data Name='TargetDomainName'>DESKTOP-P84STH6</Data></EventData></Event><Event xmlns='http://schemas.microsoft.com/win/2004/08/events/event'><System><Provider Name='Microsoft-Windows-Security-Auditing' Guid='{54849625-5478-4994-a5ba-3e3b0328c30d}'/><EventID>4797</EventID><Version>0</Version><Level>0</Level><Task>13824</Task><Opcode>0</Opcode><Keywords>0x8020000000000000</Keywords><TimeCreated SystemTime='2020-05-18T07:27:08.279066000Z'/><EventRecordID>2223</EventRecordID><Correlation ActivityID='{e0e75f9b-2cda-0001-ec5f-e7e0da2cd601}'/><Execution ProcessID='676' ThreadID='3520'/><Channel>Security</Channel><Computer>DESKTOP-P84STH6</Computer><Security/></System><EventData><Data Name='SubjectUserSid'>S-1-5-21-223836497-1760142647-788189203-1001</Data><Data Name='SubjectUserName'>NS</Data><Data Name='SubjectDomainName'>DESKTOP-P84STH6</Data><Data Name='SubjectLogonId'>0x40fbe</Data><Data Name='Workstation'>DESKTOP-P84STH6</Data><Data Name='TargetUserName'>Administrator</Data><Data Name='TargetDomainName'>DESKTOP-P84STH6</Data></EventData></Event><Event xmlns='http://schemas.microsoft.com/win/2004/08/events/event'><System><Provider Name='Microsoft-Windows-Security-Auditing' Guid='{54849625-5478-4994-a5ba-3e3b0328c30d}'/><EventID>4797</EventID><Version>0</Version><Level>0</Level><Task>13824</Task><Opcode>0</Opcode><Keywords>0x8020000000000000</Keywords><TimeCreated SystemTime='2020-05-18T07:26:58.966768400Z'/><EventRecordID>2222</EventRecordID><Correlation ActivityID='{e0e75f9b-2cda-0001-ec5f-e7e0da2cd601}'/><Execution ProcessID='676' ThreadID='3520'/><Channel>Security</Channel><Computer>DESKTOP-P84STH6</Computer><Security/></System><EventData><Data Name='SubjectUserSid'>S-1-5-21-223836497-1760142647-788189203-1001</Data><Data Name='SubjectUserName'>NS</Data><Data Name='SubjectDomainName'>DESKTOP-P84STH6</Data><Data Name='SubjectLogonId'>0x40fbe</Data><Data Name='Workstation'>DESKTOP-P84STH6</Data><Data Name='TargetUserName'>WDAGUtilityAccount</Data><Data Name='TargetDomainName'>DESKTOP-P84STH6</Data></EventData></Event><Event xmlns='http://schemas.microsoft.com/win/2004/08/events/event'><System><Provider Name='Microsoft-Windows-Security-Auditing' Guid='{54849625-5478-4994-a5ba-3e3b0328c30d}'/><EventID>4797</EventID><Version>0</Version><Level>0</Level><Task>13824</Task><Opcode>0</Opcode><Keywords>0x8020000000000000</Keywords><TimeCreated SystemTime='2020-05-18T07:26:58.960599300Z'/><EventRecordID>2221</EventRecordID><Correlation ActivityID='{e0e75f9b-2cda-0001-ec5f-e7e0da2cd601}'/><Execution ProcessID='676' ThreadID='3520'/><Channel>Security</Channel><Computer>DESKTOP-P84STH6</Computer><Security/></System><EventData><Data Name='SubjectUserSid'>S-1-5-21-223836497-1760142647-788189203-1001</Data><Data Name='SubjectUserName'>NS</Data><Data Name='SubjectDomainName'>DESKTOP-P84STH6</Data><Data Name='SubjectLogonId'>0x40fbe</Data><Data Name='Workstation'>DESKTOP-P84STH6</Data><Data Name='TargetUserName'>Guest</Data><Data Name='TargetDomainName'>DESKTOP-P84STH6</Data></EventData></Event><Event xmlns='http://schemas.microsoft.com/win/2004/08/events/event'><System><Provider Name='Microsoft-Windows-Security-Auditing' Guid='{54849625-5478-4994-a5ba-3e3b0328c30d}'/><EventID>4797</EventID><Version>0</Version><Level>0</Level><Task>13824</Task><Opcode>0</Opcode><Keywords>0x8020000000000000</Keywords><TimeCreated SystemTime='2020-05-18T07:26:58.955447000Z'/><EventRecordID>2220</EventRecordID><Correlation ActivityID='{e0e75f9b-2cda-0001-ec5f-e7e0da2cd601}'/><Execution ProcessID='676' ThreadID='3520'/><Channel>Security</Channel><Computer>DESKTOP-P84STH6</Computer><Security/></System><EventData><Data Name='SubjectUserSid'>S-1-5-21-223836497-1760142647-788189203-1001</Data><Data Name='SubjectUserName'>NS</Data><Data Name='SubjectDomainName'>DESKTOP-P84STH6</Data><Data Name='SubjectLogonId'>0x40fbe</Data><Data Name='Workstation'>DESKTOP-P84STH6</Data><Data Name='TargetUserName'>DefaultAccount</Data><Data Name='TargetDomainName'>DESKTOP-P84STH6</Data></EventData></Event><Event xmlns='http://schemas.microsoft.com/win/2004/08/events/event'><System><Provider Name='Microsoft-Windows-Security-Auditing' Guid='{54849625-5478-4994-a5ba-3e3b0328c30d}'/><EventID>4797</EventID><Version>0</Version><Level>0</Level><Task>13824</Task><Opcode>0</Opcode><Keywords>0x8020000000000000</Keywords><TimeCreated SystemTime='2020-05-18T07:26:58.953248400Z'/><EventRecordID>2219</EventRecordID><Correlation ActivityID='{e0e75f9b-2cda-0001-ec5f-e7e0da2cd601}'/><Execution ProcessID='676' ThreadID='3520'/><Channel>Security</Channel><Computer>DESKTOP-P84STH6</Computer><Security/></System><EventData><Data Name='SubjectUserSid'>S-1-5-21-223836497-1760142647-788189203-1001</Data><Data Name='SubjectUserName'>NS</Data><Data Name='SubjectDomainName'>DESKTOP-P84STH6</Data><Data Name='SubjectLogonId'>0x40fbe</Data><Data Name='Workstation'>DESKTOP-P84STH6</Data><Data Name='TargetUserName'>Administrator</Data><Data Name='TargetDomainName'>DESKTOP-P84STH6</Data></EventData></Event><Event xmlns='http://schemas.microsoft.com/win/2004/08/events/event'><System><Provider Name='Microsoft-Windows-Security-Auditing' Guid='{54849625-5478-4994-a5ba-3e3b0328c30d}'/><EventID>4797</EventID><Version>0</Version><Level>0</Level><Task>13824</Task><Opcode>0</Opcode><Keywords>0x8020000000000000</Keywords><TimeCreated SystemTime='2020-05-18T07:26:58.723778500Z'/><EventRecordID>2218</EventRecordID><Correlation ActivityID='{e0e75f9b-2cda-0001-ec5f-e7e0da2cd601}'/><Execution ProcessID='676' ThreadID='3520'/><Channel>Security</Channel><Computer>DESKTOP-P84STH6</Computer><Security/></System><EventData><Data Name='SubjectUserSid'>S-1-5-21-223836497-1760142647-788189203-1001</Data><Data Name='SubjectUserName'>NS</Data><Data Name='SubjectDomainName'>DESKTOP-P84STH6</Data><Data Name='SubjectLogonId'>0x40fbe</Data><Data Name='Workstation'>DESKTOP-P84STH6</Data><Data Name='TargetUserName'>WDAGUtilityAccount</Data><Data Name='TargetDomainName'>DESKTOP-P84STH6</Data></EventData></Event><Event xmlns='http://schemas.microsoft.com/win/2004/08/events/event'><System><Provider Name='Microsoft-Windows-Security-Auditing' Guid='{54849625-5478-4994-a5ba-3e3b0328c30d}'/><EventID>4797</EventID><Version>0</Version><Level>0</Level><Task>13824</Task><Opcode>0</Opcode><Keywords>0x8020000000000000</Keywords><TimeCreated SystemTime='2020-05-18T07:26:58.717707100Z'/><EventRecordID>2217</EventRecordID><Correlation ActivityID='{e0e75f9b-2cda-0001-ec5f-e7e0da2cd601}'/><Execution ProcessID='676' ThreadID='3520'/><Channel>Security</Channel><Computer>DESKTOP-P84STH6</Computer><Security/></System><EventData><Data Name='SubjectUserSid'>S-1-5-21-223836497-1760142647-788189203-1001</Data><Data Name='SubjectUserName'>NS</Data><Data Name='SubjectDomainName'>DESKTOP-P84STH6</Data><Data Name='SubjectLogonId'>0x40fbe</Data><Data Name='Workstation'>DESKTOP-P84STH6</Data><Data Name='TargetUserName'>Guest</Data><Data Name='TargetDomainName'>DESKTOP-P84STH6</Data></EventData></Event><Event xmlns='http://schemas.microsoft.com/win/2004/08/events/event'><System><Provider Name='Microsoft-Windows-Security-Auditing' Guid='{54849625-5478-4994-a5ba-3e3b0328c30d}'/><EventID>4797</EventID><Version>0</Version><Level>0</Level><Task>13824</Task><Opcode>0</Opcode><Keywords>0x8020000000000000</Keywords><TimeCreated SystemTime='2020-05-18T07:26:58.712272800Z'/><EventRecordID>2216</EventRecordID><Correlation ActivityID='{e0e75f9b-2cda-0001-ec5f-e7e0da2cd601}'/><Execution ProcessID='676' ThreadID='3520'/><Channel>Security</Channel><Computer>DESKTOP-P84STH6</Computer><Security/></System><EventData><Data Name='SubjectUserSid'>S-1-5-21-223836497-1760142647-788189203-1001</Data><Data Name='SubjectUserName'>NS</Data><Data Name='SubjectDomainName'>DESKTOP-P84STH6</Data><Data Name='SubjectLogonId'>0x40fbe</Data><Data Name='Workstation'>DESKTOP-P84STH6</Data><Data Name='TargetUserName'>DefaultAccount</Data><Data Name='TargetDomainName'>DESKTOP-P84STH6</Data></EventData></Event><Event xmlns='http://schemas.microsoft.com/win/2004/08/events/event'><System><Provider Name='Microsoft-Windows-Security-Auditing' Guid='{54849625-5478-4994-a5ba-3e3b0328c30d}'/><EventID>4797</EventID><Version>0</Version><Level>0</Level><Task>13824</Task><Opcode>0</Opcode><Keywords>0x8020000000000000</Keywords><TimeCreated SystemTime='2020-05-18T07:26:58.708757300Z'/><EventRecordID>2215</EventRecordID><Correlation ActivityID='{e0e75f9b-2cda-0001-ec5f-e7e0da2cd601}'/><Execution ProcessID='676' ThreadID='3520'/><Channel>Security</Channel><Computer>DESKTOP-P84STH6</Computer><Security/></System><EventData><Data Name='SubjectUserSid'>S-1-5-21-223836497-1760142647-788189203-1001</Data><Data Name='SubjectUserName'>NS</Data><Data Name='SubjectDomainName'>DESKTOP-P84STH6</Data><Data Name='SubjectLogonId'>0x40fbe</Data><Data Name='Workstation'>DESKTOP-P84STH6</Data><Data Name='TargetUserName'>Administrator</Data><Data Name='TargetDomainName'>DESKTOP-P84STH6</Data></EventData></Event><Event xmlns='http://schemas.microsoft.com/win/2004/08/events/event'><System><Provider Name='Microsoft-Windows-Security-Auditing' Guid='{54849625-5478-4994-a5ba-3e3b0328c30d}'/><EventID>4797</EventID><Version>0</Version><Level>0</Level><Task>13824</Task><Opcode>0</Opcode><Keywords>0x8020000000000000</Keywords><TimeCreated SystemTime='2020-05-18T07:26:46.332730500Z'/><EventRecordID>2214</EventRecordID><Correlation ActivityID='{e0e75f9b-2cda-0001-ec5f-e7e0da2cd601}'/><Execution ProcessID='676' ThreadID='5744'/><Channel>Security</Channel><Computer>DESKTOP-P84STH6</Computer><Security/></System><EventData><Data Name='SubjectUserSid'>S-1-5-21-223836497-1760142647-788189203-1001</Data><Data Name='SubjectUserName'>NS</Data><Data Name='SubjectDomainName'>DESKTOP-P84STH6</Data><Data Name='SubjectLogonId'>0x40fbe</Data><Data Name='Workstation'>DESKTOP-P84STH6</Data><Data Name='TargetUserName'>WDAGUtilityAccount</Data><Data Name='TargetDomainName'>DESKTOP-P84STH6</Data></EventData></Event><Event xmlns='http://schemas.microsoft.com/win/2004/08/events/event'><System><Provider Name='Microsoft-Windows-Security-Auditing' Guid='{54849625-5478-4994-a5ba-3e3b0328c30d}'/><EventID>4797</EventID><Version>0</Version><Level>0</Level><Task>13824</Task><Opcode>0</Opcode><Keywords>0x8020000000000000</Keywords><TimeCreated SystemTime='2020-05-18T07:26:46.326118700Z'/><EventRecordID>2213</EventRecordID><Correlation ActivityID='{e0e75f9b-2cda-0001-ec5f-e7e0da2cd601}'/><Execution ProcessID='676' ThreadID='5744'/><Channel>Security</Channel><Computer>DESKTOP-P84STH6</Computer><Security/></System><EventData><Data Name='SubjectUserSid'>S-1-5-21-223836497-1760142647-788189203-1001</Data><Data Name='SubjectUserName'>NS</Data><Data Name='SubjectDomainName'>DESKTOP-P84STH6</Data><Data Name='SubjectLogonId'>0x40fbe</Data><Data Name='Workstation'>DESKTOP-P84STH6</Data><Data Name='TargetUserName'>Guest</Data><Data Name='TargetDomainName'>DESKTOP-P84STH6</Data></EventData></Event><Event xmlns='http://schemas.microsoft.com/win/2004/08/events/event'><System><Provider Name='Microsoft-Windows-Security-Auditing' Guid='{54849625-5478-4994-a5ba-3e3b0328c30d}'/><EventID>4797</EventID><Version>0</Version><Level>0</Level><Task>13824</Task><Opcode>0</Opcode><Keywords>0x8020000000000000</Keywords><TimeCreated SystemTime='2020-05-18T07:26:46.323783000Z'/><EventRecordID>2212</EventRecordID><Correlation ActivityID='{e0e75f9b-2cda-0001-ec5f-e7e0da2cd601}'/><Execution ProcessID='676' ThreadID='5744'/><Channel>Security</Channel><Computer>DESKTOP-P84STH6</Computer><Security/></System><EventData><Data Name='SubjectUserSid'>S-1-5-21-223836497-1760142647-788189203-1001</Data><Data Name='SubjectUserName'>NS</Data><Data Name='SubjectDomainName'>DESKTOP-P84STH6</Data><Data Name='SubjectLogonId'>0x40fbe</Data><Data Name='Workstation'>DESKTOP-P84STH6</Data><Data Name='TargetUserName'>DefaultAccount</Data><Data Name='TargetDomainName'>DESKTOP-P84STH6</Data></EventData></Event><Event xmlns='http://schemas.microsoft.com/win/2004/08/events/event'><System><Provider Name='Microsoft-Windows-Security-Auditing' Guid='{54849625-5478-4994-a5ba-3e3b0328c30d}'/><EventID>4797</EventID><Version>0</Version><Level>0</Level><Task>13824</Task><Opcode>0</Opcode><Keywords>0x8020000000000000</Keywords><TimeCreated SystemTime='2020-05-18T07:26:46.321408900Z'/><EventRecordID>2211</EventRecordID><Correlation ActivityID='{e0e75f9b-2cda-0001-ec5f-e7e0da2cd601}'/><Execution ProcessID='676' ThreadID='5744'/><Channel>Security</Channel><Computer>DESKTOP-P84STH6</Computer><Security/></System><EventData><Data Name='SubjectUserSid'>S-1-5-21-223836497-1760142647-788189203-1001</Data><Data Name='SubjectUserName'>NS</Data><Data Name='SubjectDomainName'>DESKTOP-P84STH6</Data><Data Name='SubjectLogonId'>0x40fbe</Data><Data Name='Workstation'>DESKTOP-P84STH6</Data><Data Name='TargetUserName'>Administrator</Data><Data Name='TargetDomainName'>DESKTOP-P84STH6</Data></EventData></Event><Event xmlns='http://schemas.microsoft.com/win/2004/08/events/event'><System><Provider Name='Microsoft-Windows-Security-Auditing' Guid='{54849625-5478-4994-a5ba-3e3b0328c30d}'/><EventID>4797</EventID><Version>0</Version><Level>0</Level><Task>13824</Task><Opcode>0</Opcode><Keywords>0x8020000000000000</Keywords><TimeCreated SystemTime='2020-05-18T07:26:46.118067800Z'/><EventRecordID>2210</EventRecordID><Correlation ActivityID='{e0e75f9b-2cda-0001-ec5f-e7e0da2cd601}'/><Execution ProcessID='676' ThreadID='5744'/><Channel>Security</Channel><Computer>DESKTOP-P84STH6</Computer><Security/></System><EventData><Data Name='SubjectUserSid'>S-1-5-21-223836497-1760142647-788189203-1001</Data><Data Name='SubjectUserName'>NS</Data><Data Name='SubjectDomainName'>DESKTOP-P84STH6</Data><Data Name='SubjectLogonId'>0x40fbe</Data><Data Name='Workstation'>DESKTOP-P84STH6</Data><Data Name='TargetUserName'>WDAGUtilityAccount</Data><Data Name='TargetDomainName'>DESKTOP-P84STH6</Data></EventData></Event><Event xmlns='http://schemas.microsoft.com/win/2004/08/events/event'><System><Provider Name='Microsoft-Windows-Security-Auditing' Guid='{54849625-5478-4994-a5ba-3e3b0328c30d}'/><EventID>4797</EventID><Version>0</Version><Level>0</Level><Task>13824</Task><Opcode>0</Opcode><Keywords>0x8020000000000000</Keywords><TimeCreated SystemTime='2020-05-18T07:26:46.107392300Z'/><EventRecordID>2209</EventRecordID><Correlation ActivityID='{e0e75f9b-2cda-0001-ec5f-e7e0da2cd601}'/><Execution ProcessID='676' ThreadID='5744'/><Channel>Security</Channel><Computer>DESKTOP-P84STH6</Computer><Security/></System><EventData><Data Name='SubjectUserSid'>S-1-5-21-223836497-1760142647-788189203-1001</Data><Data Name='SubjectUserName'>NS</Data><Data Name='SubjectDomainName'>DESKTOP-P84STH6</Data><Data Name='SubjectLogonId'>0x40fbe</Data><Data Name='Workstation'>DESKTOP-P84STH6</Data><Data Name='TargetUserName'>Guest</Data><Data Name='TargetDomainName'>DESKTOP-P84STH6</Data></EventData></Event><Event xmlns='http://schemas.microsoft.com/win/2004/08/events/event'><System><Provider Name='Microsoft-Windows-Security-Auditing' Guid='{54849625-5478-4994-a5ba-3e3b0328c30d}'/><EventID>4797</EventID><Version>0</Version><Level>0</Level><Task>13824</Task><Opcode>0</Opcode><Keywords>0x8020000000000000</Keywords><TimeCreated SystemTime='2020-05-18T07:26:46.103911300Z'/><EventRecordID>2208</EventRecordID><Correlation ActivityID='{e0e75f9b-2cda-0001-ec5f-e7e0da2cd601}'/><Execution ProcessID='676' ThreadID='5744'/><Channel>Security</Channel><Computer>DESKTOP-P84STH6</Computer><Security/></System><EventData><Data Name='SubjectUserSid'>S-1-5-21-223836497-1760142647-788189203-1001</Data><Data Name='SubjectUserName'>NS</Data><Data Name='SubjectDomainName'>DESKTOP-P84STH6</Data><Data Name='SubjectLogonId'>0x40fbe</Data><Data Name='Workstation'>DESKTOP-P84STH6</Data><Data Name='TargetUserName'>DefaultAccount</Data><Data Name='TargetDomainName'>DESKTOP-P84STH6</Data></EventData></Event><Event xmlns='http://schemas.microsoft.com/win/2004/08/events/event'><System><Provider Name='Microsoft-Windows-Security-Auditing' Guid='{54849625-5478-4994-a5ba-3e3b0328c30d}'/><EventID>4797</EventID><Version>0</Version><Level>0</Level><Task>13824</Task><Opcode>0</Opcode><Keywords>0x8020000000000000</Keywords><TimeCreated SystemTime='2020-05-18T07:26:46.101584800Z'/><EventRecordID>2207</EventRecordID><Correlation ActivityID='{e0e75f9b-2cda-0001-ec5f-e7e0da2cd601}'/><Execution ProcessID='676' ThreadID='5744'/><Channel>Security</Channel><Computer>DESKTOP-P84STH6</Computer><Security/></System><EventData><Data Name='SubjectUserSid'>S-1-5-21-223836497-1760142647-788189203-1001</Data><Data Name='SubjectUserName'>NS</Data><Data Name='SubjectDomainName'>DESKTOP-P84STH6</Data><Data Name='SubjectLogonId'>0x40fbe</Data><Data Name='Workstation'>DESKTOP-P84STH6</Data><Data Name='TargetUserName'>Administrator</Data><Data Name='TargetDomainName'>DESKTOP-P84STH6</Data></EventData></Event><Event xmlns='http://schemas.microsoft.com/win/2004/08/events/event'><System><Provider Name='Microsoft-Windows-Security-Auditing' Guid='{54849625-5478-4994-a5ba-3e3b0328c30d}'/><EventID>5379</EventID><Version>0</Version><Level>0</Level><Task>13824</Task><Opcode>0</Opcode><Keywords>0x8020000000000000</Keywords><TimeCreated SystemTime='2020-05-18T07:26:44.578033900Z'/><EventRecordID>2206</EventRecordID><Correlation ActivityID='{e0e75f9b-2cda-0001-ec5f-e7e0da2cd601}'/><Execution ProcessID='676' ThreadID='5744'/><Channel>Security</Channel><Computer>DESKTOP-P84STH6</Computer><Security/></System><EventData><Data Name='SubjectUserSid'>S-1-5-21-223836497-1760142647-788189203-1001</Data><Data Name='SubjectUserName'>NS</Data><Data Name='SubjectDomainName'>DESKTOP-P84STH6</Data><Data Name='SubjectLogonId'>0x40fbe</Data><Data Name='TargetName'>vscode-github.login/account</Data><Data Name='Type'>1</Data><Data Name='CountOfCredentialsReturned'>1</Data><Data Name='ReadOperation'>%%8099</Data><Data Name='ReturnCode'>3221226021</Data><Data Name='ProcessCreationTime'>2020-05-18T06:21:31.612156000Z</Data><Data Name='ClientProcessId'>7848</Data></EventData></Event>