<Event xmlns='http://schemas.microsoft.com/win/2004/08/events/event'><System><Provider Name='Microsoft-Windows-Sysmon' Guid='{5770385f-c22a-43e0-bf4c-06f5698ffbd9}'/><EventID>13</EventID><Version>2</Version><Level>4</Level><Task>13</Task><Opcode>0</Opcode><Keywords>0x8000000000000000</Keywords><TimeCreated SystemTime='2020-05-18T06:22:21.634515400Z'/><EventRecordID>2502</EventRecordID><Correlation/><Execution ProcessID='3008' ThreadID='3552'/><Channel>Microsoft-Windows-Sysmon/Operational</Channel><Computer>DESKTOP-P84STH6</Computer><Security UserID='S-1-5-18'/></System><EventData><Data Name='RuleName'>InvDB-Path</Data><Data Name='EventType'>SetValue</Data><Data Name='UtcTime'>2020-05-18 06:22:21.600</Data><Data Name='ProcessGuid'>{5d3d98af-297f-5ec2-0000-0010ff4e2c00}</Data><Data Name='ProcessId'>7064</Data><Data Name='Image'>C:\Windows\system32\compattelrunner.exe</Data><Data Name='TargetObject'>\REGISTRY\A\{306b2099-7943-b298-df8d-eb87421480ed}\Root\InventoryApplicationFile\code.exe|5d46a36c6db1c105\LowerCaseLongPath</Data><Data Name='Details'>c:\users\ns\appdata\local\programs\microsoft vs code\code.exe</Data></EventData></Event><Event xmlns='http://schemas.microsoft.com/win/2004/08/events/event'><System><Provider Name='Microsoft-Windows-Sysmon' Guid='{5770385f-c22a-43e0-bf4c-06f5698ffbd9}'/><EventID>13</EventID><Version>2</Version><Level>4</Level><Task>13</Task><Opcode>0</Opcode><Keywords>0x8000000000000000</Keywords><TimeCreated SystemTime='2020-05-18T06:22:21.612912500Z'/><EventRecordID>2501</EventRecordID><Correlation/><Execution ProcessID='3008' ThreadID='3552'/><Channel>Microsoft-Windows-Sysmon/Operational</Channel><Computer>DESKTOP-P84STH6</Computer><Security UserID='S-1-5-18'/></System><EventData><Data Name='RuleName'>InvDB-Pub</Data><Data Name='EventType'>SetValue</Data><Data Name='UtcTime'>2020-05-18 06:22:21.600</Data><Data Name='ProcessGuid'>{5d3d98af-297f-5ec2-0000-0010ff4e2c00}</Data><Data Name='ProcessId'>7064</Data><Data Name='Image'>C:\Windows\system32\compattelrunner.exe</Data><Data Name='TargetObject'>\REGISTRY\A\{306b2099-7943-b298-df8d-eb87421480ed}\Root\InventoryApplication\0000a0c27dd0280edf9b9bbca7bd8ad372bd0000ffff\Publisher</Data><Data Name='Details'>Microsoft Corporation</Data></EventData></Event><Event xmlns='http://schemas.microsoft.com/win/2004/08/events/event'><System><Provider Name='Microsoft-Windows-Sysmon' Guid='{5770385f-c22a-43e0-bf4c-06f5698ffbd9}'/><EventID>3</EventID><Version>5</Version><Level>4</Level><Task>3</Task><Opcode>0</Opcode><Keywords>0x8000000000000000</Keywords><TimeCreated SystemTime='2020-05-18T06:22:19.178754300Z'/><EventRecordID>2500</EventRecordID><Correlation/><Execution ProcessID='3008' ThreadID='3544'/><Channel>Microsoft-Windows-Sysmon/Operational</Channel><Computer>DESKTOP-P84STH6</Computer><Security UserID='S-1-5-18'/></System><EventData><Data Name='RuleName'>Usermode</Data><Data Name='UtcTime'>2020-05-18 06:22:15.437</Data><Data Name='ProcessGuid'>{5d3d98af-296e-5ec2-0000-0010e8ac2b00}</Data><Data Name='ProcessId'>8132</Data><Data Name='Image'>C:\Users\NS\AppData\Local\Programs\Microsoft VS Code\Code.exe</Data><Data Name='User'>DESKTOP-P84STH6\NS</Data><Data Name='Protocol'>tcp</Data><Data Name='Initiated'>true</Data><Data Name='SourceIsIpv6'>false</Data><Data Name='SourceIp'>10.0.2.15</Data><Data Name='SourceHostname'>DESKTOP-P84STH6</Data><Data Name='SourcePort'>49980</Data><Data Name='SourcePortName'></Data><Data Name='DestinationIsIpv6'>false</Data><Data Name='DestinationIp'>111.221.29.254</Data><Data Name='DestinationHostname'></Data><Data Name='DestinationPort'>443</Data><Data Name='DestinationPortName'>https</Data></EventData></Event><Event xmlns='http://schemas.microsoft.com/win/2004/08/events/event'><System><Provider Name='Microsoft-Windows-Sysmon' Guid='{5770385f-c22a-43e0-bf4c-06f5698ffbd9}'/><EventID>2</EventID><Version>4</Version><Level>4</Level><Task>2</Task><Opcode>0</Opcode><Keywords>0x8000000000000000</Keywords><TimeCreated SystemTime='2020-05-18T06:22:12.053377400Z'/><EventRecordID>2499</EventRecordID><Correlation/><Execution ProcessID='3008' ThreadID='3552'/><Channel>Microsoft-Windows-Sysmon/Operational</Channel><Computer>DESKTOP-P84STH6</Computer><Security UserID='S-1-5-18'/></System><EventData><Data Name='RuleName'>T1099</Data><Data Name='UtcTime'>2020-05-18 06:22:12.052</Data><Data Name='ProcessGuid'>{5d3d98af-296a-5ec2-0000-001039552b00}</Data><Data Name='ProcessId'>2116</Data><Data Name='Image'>C:\Users\NS\AppData\Local\Programs\Microsoft VS Code\Code.exe</Data><Data Name='TargetFilename'>C:\Users\NS\AppData\Roaming\Code\dd81f047-a899-465c-9700-e723ffbb6498.tmp</Data><Data Name='CreationUtcTime'>2020-05-18 06:21:51.355</Data><Data Name='PreviousCreationUtcTime'>2020-05-18 06:22:11.960</Data></EventData></Event><Event xmlns='http://schemas.microsoft.com/win/2004/08/events/event'><System><Provider Name='Microsoft-Windows-Sysmon' Guid='{5770385f-c22a-43e0-bf4c-06f5698ffbd9}'/><EventID>3</EventID><Version>5</Version><Level>4</Level><Task>3</Task><Opcode>0</Opcode><Keywords>0x8000000000000000</Keywords><TimeCreated SystemTime='2020-05-18T06:21:53.253775400Z'/><EventRecordID>2498</EventRecordID><Correlation/><Execution ProcessID='3008' ThreadID='3544'/><Channel>Microsoft-Windows-Sysmon/Operational</Channel><Computer>DESKTOP-P84STH6</Computer><Security UserID='S-1-5-18'/></System><EventData><Data Name='RuleName'>Usermode</Data><Data Name='UtcTime'>2020-05-18 06:21:49.710</Data><Data Name='ProcessGuid'>{5d3d98af-296e-5ec2-0000-0010e8ac2b00}</Data><Data Name='ProcessId'>8132</Data><Data Name='Image'>C:\Users\NS\AppData\Local\Programs\Microsoft VS Code\Code.exe</Data><Data Name='User'>DESKTOP-P84STH6\NS</Data><Data Name='Protocol'>tcp</Data><Data Name='Initiated'>true</Data><Data Name='SourceIsIpv6'>false</Data><Data Name='SourceIp'>10.0.2.15</Data><Data Name='SourceHostname'>DESKTOP-P84STH6</Data><Data Name='SourcePort'>49979</Data><Data Name='SourcePortName'></Data><Data Name='DestinationIsIpv6'>false</Data><Data Name='DestinationIp'>111.221.29.254</Data><Data Name='DestinationHostname'></Data><Data Name='DestinationPort'>443</Data><Data Name='DestinationPortName'>https</Data></EventData></Event><Event xmlns='http://schemas.microsoft.com/win/2004/08/events/event'><System><Provider Name='Microsoft-Windows-Sysmon' Guid='{5770385f-c22a-43e0-bf4c-06f5698ffbd9}'/><EventID>3</EventID><Version>5</Version><Level>4</Level><Task>3</Task><Opcode>0</Opcode><Keywords>0x8000000000000000</Keywords><TimeCreated SystemTime='2020-05-18T06:21:43.456146000Z'/><EventRecordID>2497</EventRecordID><Correlation/><Execution ProcessID='3008' ThreadID='3544'/><Channel>Microsoft-Windows-Sysmon/Operational</Channel><Computer>DESKTOP-P84STH6</Computer><Security UserID='S-1-5-18'/></System><EventData><Data Name='RuleName'>Usermode</Data><Data Name='UtcTime'>2020-05-18 06:21:40.096</Data><Data Name='ProcessGuid'>{5d3d98af-2971-5ec2-0000-00107adf2b00}</Data><Data Name='ProcessId'>1108</Data><Data Name='Image'>C:\Users\NS\AppData\Local\Programs\Microsoft VS Code\Code.exe</Data><Data Name='User'>DESKTOP-P84STH6\NS</Data><Data Name='Protocol'>tcp</Data><Data Name='Initiated'>true</Data><Data Name='SourceIsIpv6'>false</Data><Data Name='SourceIp'>10.0.2.15</Data><Data Name='SourceHostname'>DESKTOP-P84STH6</Data><Data Name='SourcePort'>49976</Data><Data Name='SourcePortName'></Data><Data Name='DestinationIsIpv6'>false</Data><Data Name='DestinationIp'>13.75.38.7</Data><Data Name='DestinationHostname'></Data><Data Name='DestinationPort'>443</Data><Data Name='DestinationPortName'>https</Data></EventData></Event><Event xmlns='http://schemas.microsoft.com/win/2004/08/events/event'><System><Provider Name='Microsoft-Windows-Sysmon' Guid='{5770385f-c22a-43e0-bf4c-06f5698ffbd9}'/><EventID>3</EventID><Version>5</Version><Level>4</Level><Task>3</Task><Opcode>0</Opcode><Keywords>0x8000000000000000</Keywords><TimeCreated SystemTime='2020-05-18T06:21:43.456028200Z'/><EventRecordID>2496</EventRecordID><Correlation/><Execution ProcessID='3008' ThreadID='3544'/><Channel>Microsoft-Windows-Sysmon/Operational</Channel><Computer>DESKTOP-P84STH6</Computer><Security UserID='S-1-5-18'/></System><EventData><Data Name='RuleName'>Usermode</Data><Data Name='UtcTime'>2020-05-18 06:21:40.095</Data><Data Name='ProcessGuid'>{5d3d98af-2971-5ec2-0000-00107adf2b00}</Data><Data Name='ProcessId'>1108</Data><Data Name='Image'>C:\Users\NS\AppData\Local\Programs\Microsoft VS Code\Code.exe</Data><Data Name='User'>DESKTOP-P84STH6\NS</Data><Data Name='Protocol'>tcp</Data><Data Name='Initiated'>true</Data><Data Name='SourceIsIpv6'>false</Data><Data Name='SourceIp'>10.0.2.15</Data><Data Name='SourceHostname'>DESKTOP-P84STH6</Data><Data Name='SourcePort'>49977</Data><Data Name='SourcePortName'></Data><Data Name='DestinationIsIpv6'>false</Data><Data Name='DestinationIp'>13.75.38.7</Data><Data Name='DestinationHostname'></Data><Data Name='DestinationPort'>443</Data><Data Name='DestinationPortName'>https</Data></EventData></Event><Event xmlns='http://schemas.microsoft.com/win/2004/08/events/event'><System><Provider Name='Microsoft-Windows-Sysmon' Guid='{5770385f-c22a-43e0-bf4c-06f5698ffbd9}'/><EventID>3</EventID><Version>5</Version><Level>4</Level><Task>3</Task><Opcode>0</Opcode><Keywords>0x8000000000000000</Keywords><TimeCreated SystemTime='2020-05-18T06:21:43.455510000Z'/><EventRecordID>2495</EventRecordID><Correlation/><Execution ProcessID='3008' ThreadID='3544'/><Channel>Microsoft-Windows-Sysmon/Operational</Channel><Computer>DESKTOP-P84STH6</Computer><Security UserID='S-1-5-18'/></System><EventData><Data Name='RuleName'>Usermode</Data><Data Name='UtcTime'>2020-05-18 06:21:40.091</Data><Data Name='ProcessGuid'>{5d3d98af-2971-5ec2-0000-00107adf2b00}</Data><Data Name='ProcessId'>1108</Data><Data Name='Image'>C:\Users\NS\AppData\Local\Programs\Microsoft VS Code\Code.exe</Data><Data Name='User'>DESKTOP-P84STH6\NS</Data><Data Name='Protocol'>tcp</Data><Data Name='Initiated'>true</Data><Data Name='SourceIsIpv6'>false</Data><Data Name='SourceIp'>10.0.2.15</Data><Data Name='SourceHostname'>DESKTOP-P84STH6</Data><Data Name='SourcePort'>49978</Data><Data Name='SourcePortName'></Data><Data Name='DestinationIsIpv6'>false</Data><Data Name='DestinationIp'>13.75.38.7</Data><Data Name='DestinationHostname'></Data><Data Name='DestinationPort'>443</Data><Data Name='DestinationPortName'>https</Data></EventData></Event><Event xmlns='http://schemas.microsoft.com/win/2004/08/events/event'><System><Provider Name='Microsoft-Windows-Sysmon' Guid='{5770385f-c22a-43e0-bf4c-06f5698ffbd9}'/><EventID>3</EventID><Version>5</Version><Level>4</Level><Task>3</Task><Opcode>0</Opcode><Keywords>0x8000000000000000</Keywords><TimeCreated SystemTime='2020-05-18T06:21:42.638154700Z'/><EventRecordID>2494</EventRecordID><Correlation/><Execution ProcessID='3008' ThreadID='3544'/><Channel>Microsoft-Windows-Sysmon/Operational</Channel><Computer>DESKTOP-P84STH6</Computer><Security UserID='S-1-5-18'/></System><EventData><Data Name='RuleName'>Usermode</Data><Data Name='UtcTime'>2020-05-18 06:21:39.156</Data><Data Name='ProcessGuid'>{5d3d98af-296a-5ec2-0000-001039552b00}</Data><Data Name='ProcessId'>2116</Data><Data Name='Image'>C:\Users\NS\AppData\Local\Programs\Microsoft VS Code\Code.exe</Data><Data Name='User'>DESKTOP-P84STH6\NS</Data><Data Name='Protocol'>tcp</Data><Data Name='Initiated'>true</Data><Data Name='SourceIsIpv6'>false</Data><Data Name='SourceIp'>10.0.2.15</Data><Data Name='SourceHostname'>DESKTOP-P84STH6</Data><Data Name='SourcePort'>49973</Data><Data Name='SourcePortName'></Data><Data Name='DestinationIsIpv6'>false</Data><Data Name='DestinationIp'>104.42.78.153</Data><Data Name='DestinationHostname'></Data><Data Name='DestinationPort'>443</Data><Data Name='DestinationPortName'>https</Data></EventData></Event><Event xmlns='http://schemas.microsoft.com/win/2004/08/events/event'><System><Provider Name='Microsoft-Windows-Sysmon' Guid='{5770385f-c22a-43e0-bf4c-06f5698ffbd9}'/><EventID>22</EventID><Version>5</Version><Level>4</Level><Task>22</Task><Opcode>0</Opcode><Keywords>0x8000000000000000</Keywords><TimeCreated SystemTime='2020-05-18T06:21:42.394993500Z'/><EventRecordID>2493</EventRecordID><Correlation/><Execution ProcessID='3008' ThreadID='3548'/><Channel>Microsoft-Windows-Sysmon/Operational</Channel><Computer>DESKTOP-P84STH6</Computer><Security UserID='S-1-5-18'/></System><EventData><Data Name='RuleName'></Data><Data Name='UtcTime'>2020-05-18 06:21:40.130</Data><Data Name='ProcessGuid'>{5d3d98af-2971-5ec2-0000-00107adf2b00}</Data><Data Name='ProcessId'>1108</Data><Data Name='QueryName'>dc.services.visualstudio.com</Data><Data Name='QueryStatus'>0</Data><Data Name='QueryResults'>type:  5 dc.applicationinsights.microsoft.com;type:  5 applicationinsights_ingestion.monitor.azure.com;type:  5 applicationinsights_ingestion.privatelink.monitor.azure.com;type:  5 dc.trafficmanager.net;type:  5 eas-breeziest-in.cloudapp.net;::ffff:13.75.38.7;40.90.4.201;2603:1061::c9;64.4.48.201;13.107.24.201;</Data><Data Name='Image'>C:\Users\NS\AppData\Local\Programs\Microsoft VS Code\Code.exe</Data></EventData></Event><Event xmlns='http://schemas.microsoft.com/win/2004/08/events/event'><System><Provider Name='Microsoft-Windows-Sysmon' Guid='{5770385f-c22a-43e0-bf4c-06f5698ffbd9}'/><EventID>22</EventID><Version>5</Version><Level>4</Level><Task>22</Task><Opcode>0</Opcode><Keywords>0x8000000000000000</Keywords><TimeCreated SystemTime='2020-05-18T06:21:42.394561300Z'/><EventRecordID>2492</EventRecordID><Correlation/><Execution ProcessID='3008' ThreadID='3548'/><Channel>Microsoft-Windows-Sysmon/Operational</Channel><Computer>DESKTOP-P84STH6</Computer><Security UserID='S-1-5-18'/></System><EventData><Data Name='RuleName'></Data><Data Name='UtcTime'>2020-05-18 06:21:39.106</Data><Data Name='ProcessGuid'>{5d3d98af-296a-5ec2-0000-001039552b00}</Data><Data Name='ProcessId'>2116</Data><Data Name='QueryName'>vscodeexperiments.azureedge.net</Data><Data Name='QueryStatus'>0</Data><Data Name='QueryResults'>type:  5 vscodeexperiments.ec.azureedge.net;type:  5 cs9.wpc.v0cdn.net;117.18.232.200;</Data><Data Name='Image'>C:\Users\NS\AppData\Local\Programs\Microsoft VS Code\Code.exe</Data></EventData></Event><Event xmlns='http://schemas.microsoft.com/win/2004/08/events/event'><System><Provider Name='Microsoft-Windows-Sysmon' Guid='{5770385f-c22a-43e0-bf4c-06f5698ffbd9}'/><EventID>22</EventID><Version>5</Version><Level>4</Level><Task>22</Task><Opcode>0</Opcode><Keywords>0x8000000000000000</Keywords><TimeCreated SystemTime='2020-05-18T06:21:42.394031800Z'/><EventRecordID>2491</EventRecordID><Correlation/><Execution ProcessID='3008' ThreadID='3548'/><Channel>Microsoft-Windows-Sysmon/Operational</Channel><Computer>DESKTOP-P84STH6</Computer><Security UserID='S-1-5-18'/></System><EventData><Data Name='RuleName'></Data><Data Name='UtcTime'>2020-05-18 06:21:39.106</Data><Data Name='ProcessGuid'>{5d3d98af-296a-5ec2-0000-001039552b00}</Data><Data Name='ProcessId'>2116</Data><Data Name='QueryName'>az764295.vo.msecnd.net</Data><Data Name='QueryStatus'>0</Data><Data Name='QueryResults'>type:  5 cs22.wpc.v0cdn.net;117.18.232.200;2606:2800:1::6;192.229.254.6;2606:2800:e::6;</Data><Data Name='Image'>C:\Users\NS\AppData\Local\Programs\Microsoft VS Code\Code.exe</Data></EventData></Event><Event xmlns='http://schemas.microsoft.com/win/2004/08/events/event'><System><Provider Name='Microsoft-Windows-Sysmon' Guid='{5770385f-c22a-43e0-bf4c-06f5698ffbd9}'/><EventID>3</EventID><Version>5</Version><Level>4</Level><Task>3</Task><Opcode>0</Opcode><Keywords>0x8000000000000000</Keywords><TimeCreated SystemTime='2020-05-18T06:21:41.599014900Z'/><EventRecordID>2490</EventRecordID><Correlation/><Execution ProcessID='3008' ThreadID='3544'/><Channel>Microsoft-Windows-Sysmon/Operational</Channel><Computer>DESKTOP-P84STH6</Computer><Security UserID='S-1-5-18'/></System><EventData><Data Name='RuleName'>Usermode</Data><Data Name='UtcTime'>2020-05-18 06:21:39.005</Data><Data Name='ProcessGuid'>{5d3d98af-296a-5ec2-0000-001039552b00}</Data><Data Name='ProcessId'>2116</Data><Data Name='Image'>C:\Users\NS\AppData\Local\Programs\Microsoft VS Code\Code.exe</Data><Data Name='User'>DESKTOP-P84STH6\NS</Data><Data Name='Protocol'>tcp</Data><Data Name='Initiated'>true</Data><Data Name='SourceIsIpv6'>false</Data><Data Name='SourceIp'>10.0.2.15</Data><Data Name='SourceHostname'>DESKTOP-P84STH6</Data><Data Name='SourcePort'>49975</Data><Data Name='SourcePortName'></Data><Data Name='DestinationIsIpv6'>false</Data><Data Name='DestinationIp'>117.18.232.200</Data><Data Name='DestinationHostname'></Data><Data Name='DestinationPort'>443</Data><Data Name='DestinationPortName'>https</Data></EventData></Event><Event xmlns='http://schemas.microsoft.com/win/2004/08/events/event'><System><Provider Name='Microsoft-Windows-Sysmon' Guid='{5770385f-c22a-43e0-bf4c-06f5698ffbd9}'/><EventID>3</EventID><Version>5</Version><Level>4</Level><Task>3</Task><Opcode>0</Opcode><Keywords>0x8000000000000000</Keywords><TimeCreated SystemTime='2020-05-18T06:21:41.598949100Z'/><EventRecordID>2489</EventRecordID><Correlation/><Execution ProcessID='3008' ThreadID='3544'/><Channel>Microsoft-Windows-Sysmon/Operational</Channel><Computer>DESKTOP-P84STH6</Computer><Security UserID='S-1-5-18'/></System><EventData><Data Name='RuleName'>Usermode</Data><Data Name='UtcTime'>2020-05-18 06:21:39.004</Data><Data Name='ProcessGuid'>{5d3d98af-296a-5ec2-0000-001039552b00}</Data><Data Name='ProcessId'>2116</Data><Data Name='Image'>C:\Users\NS\AppData\Local\Programs\Microsoft VS Code\Code.exe</Data><Data Name='User'>DESKTOP-P84STH6\NS</Data><Data Name='Protocol'>tcp</Data><Data Name='Initiated'>true</Data><Data Name='SourceIsIpv6'>false</Data><Data Name='SourceIp'>10.0.2.15</Data><Data Name='SourceHostname'>DESKTOP-P84STH6</Data><Data Name='SourcePort'>49974</Data><Data Name='SourcePortName'></Data><Data Name='DestinationIsIpv6'>false</Data><Data Name='DestinationIp'>117.18.232.200</Data><Data Name='DestinationHostname'></Data><Data Name='DestinationPort'>443</Data><Data Name='DestinationPortName'>https</Data></EventData></Event><Event xmlns='http://schemas.microsoft.com/win/2004/08/events/event'><System><Provider Name='Microsoft-Windows-Sysmon' Guid='{5770385f-c22a-43e0-bf4c-06f5698ffbd9}'/><EventID>22</EventID><Version>5</Version><Level>4</Level><Task>22</Task><Opcode>0</Opcode><Keywords>0x8000000000000000</Keywords><TimeCreated SystemTime='2020-05-18T06:21:41.364894000Z'/><EventRecordID>2488</EventRecordID><Correlation/><Execution ProcessID='3008' ThreadID='3548'/><Channel>Microsoft-Windows-Sysmon/Operational</Channel><Computer>DESKTOP-P84STH6</Computer><Security UserID='S-1-5-18'/></System><EventData><Data Name='RuleName'></Data><Data Name='UtcTime'>2020-05-18 06:21:39.079</Data><Data Name='ProcessGuid'>{5d3d98af-296a-5ec2-0000-001039552b00}</Data><Data Name='ProcessId'>2116</Data><Data Name='QueryName'>update.code.visualstudio.com</Data><Data Name='QueryStatus'>0</Data><Data Name='QueryResults'>type:  5 vscode-update.trafficmanager.net;type:  5 vscode-update-westus.azurewebsites.net;type:  5 waws-prod-bay-109.sip.azurewebsites.windows.net;type:  5 waws-prod-bay-109.cloudapp.net;104.42.78.153;</Data><Data Name='Image'>C:\Users\NS\AppData\Local\Programs\Microsoft VS Code\Code.exe</Data></EventData></Event><Event xmlns='http://schemas.microsoft.com/win/2004/08/events/event'><System><Provider Name='Microsoft-Windows-Sysmon' Guid='{5770385f-c22a-43e0-bf4c-06f5698ffbd9}'/><EventID>3</EventID><Version>5</Version><Level>4</Level><Task>3</Task><Opcode>0</Opcode><Keywords>0x8000000000000000</Keywords><TimeCreated SystemTime='2020-05-18T06:21:38.488567700Z'/><EventRecordID>2487</EventRecordID><Correlation/><Execution ProcessID='3008' ThreadID='3544'/><Channel>Microsoft-Windows-Sysmon/Operational</Channel><Computer>DESKTOP-P84STH6</Computer><Security UserID='S-1-5-18'/></System><EventData><Data Name='RuleName'>Usermode</Data><Data Name='UtcTime'>2020-05-18 06:21:34.875</Data><Data Name='ProcessGuid'>{5d3d98af-296e-5ec2-0000-0010e8ac2b00}</Data><Data Name='ProcessId'>8132</Data><Data Name='Image'>C:\Users\NS\AppData\Local\Programs\Microsoft VS Code\Code.exe</Data><Data Name='User'>DESKTOP-P84STH6\NS</Data><Data Name='Protocol'>tcp</Data><Data Name='Initiated'>true</Data><Data Name='SourceIsIpv6'>false</Data><Data Name='SourceIp'>10.0.2.15</Data><Data Name='SourceHostname'>DESKTOP-P84STH6</Data><Data Name='SourcePort'>49971</Data><Data Name='SourcePortName'></Data><Data Name='DestinationIsIpv6'>false</Data><Data Name='DestinationIp'>13.75.38.7</Data><Data Name='DestinationHostname'></Data><Data Name='DestinationPort'>443</Data><Data Name='DestinationPortName'>https</Data></EventData></Event><Event xmlns='http://schemas.microsoft.com/win/2004/08/events/event'><System><Provider Name='Microsoft-Windows-Sysmon' Guid='{5770385f-c22a-43e0-bf4c-06f5698ffbd9}'/><EventID>22</EventID><Version>5</Version><Level>4</Level><Task>22</Task><Opcode>0</Opcode><Keywords>0x8000000000000000</Keywords><TimeCreated SystemTime='2020-05-18T06:21:38.347514000Z'/><EventRecordID>2486</EventRecordID><Correlation/><Execution ProcessID='3008' ThreadID='3548'/><Channel>Microsoft-Windows-Sysmon/Operational</Channel><Computer>DESKTOP-P84STH6</Computer><Security UserID='S-1-5-18'/></System><EventData><Data Name='RuleName'></Data><Data Name='UtcTime'>2020-05-18 06:21:34.901</Data><Data Name='ProcessGuid'>{5d3d98af-296e-5ec2-0000-0010e8ac2b00}</Data><Data Name='ProcessId'>8132</Data><Data Name='QueryName'>dc.services.visualstudio.com</Data><Data Name='QueryStatus'>0</Data><Data Name='QueryResults'>type:  5 dc.applicationinsights.microsoft.com;type:  5 applicationinsights_ingestion.monitor.azure.com;type:  5 applicationinsights_ingestion.privatelink.monitor.azure.com;type:  5 dc.trafficmanager.net;type:  5 eas-breeziest-in.cloudapp.net;::ffff:13.75.38.7;40.90.4.201;2603:1061::c9;64.4.48.201;13.107.24.201;</Data><Data Name='Image'>C:\Users\NS\AppData\Local\Programs\Microsoft VS Code\Code.exe</Data></EventData></Event><Event xmlns='http://schemas.microsoft.com/win/2004/08/events/event'><System><Provider Name='Microsoft-Windows-Sysmon' Guid='{5770385f-c22a-43e0-bf4c-06f5698ffbd9}'/><EventID>1</EventID><Version>5</Version><Level>4</Level><Task>1</Task><Opcode>0</Opcode><Keywords>0x8000000000000000</Keywords><TimeCreated SystemTime='2020-05-18T06:21:37.091875900Z'/><EventRecordID>2485</EventRecordID><Correlation/><Execution ProcessID='3008' ThreadID='3552'/><Channel>Microsoft-Windows-Sysmon/Operational</Channel><Computer>DESKTOP-P84STH6</Computer><Security UserID='S-1-5-18'/></System><EventData><Data Name='RuleName'></Data><Data Name='UtcTime'>2020-05-18 06:21:37.075</Data><Data Name='ProcessGuid'>{5d3d98af-2971-5ec2-0000-00107adf2b00}</Data><Data Name='ProcessId'>1108</Data><Data Name='Image'>C:\Users\NS\AppData\Local\Programs\Microsoft VS Code\Code.exe</Data><Data Name='FileVersion'>1.45.1</Data><Data Name='Description'>Visual Studio Code</Data><Data Name='Product'>Visual Studio Code</Data><Data Name='Company'>Microsoft Corporation</Data><Data Name='OriginalFileName'>electron.exe</Data><Data Name='CommandLine'>"C:\Users\NS\AppData\Local\Programs\Microsoft VS Code\Code.exe" --inspect-port=0 "c:\Users\NS\AppData\Local\Programs\Microsoft VS Code\resources\app\out\bootstrap-fork" --type=extensionHost</Data><Data Name='CurrentDirectory'>C:\Users\NS\AppData\Local\Programs\Microsoft VS Code\</Data><Data Name='User'>DESKTOP-P84STH6\NS</Data><Data Name='LogonGuid'>{5d3d98af-26d0-5ec2-0000-0020be0f0400}</Data><Data Name='LogonId'>0x40fbe</Data><Data Name='TerminalSessionId'>1</Data><Data Name='IntegrityLevel'>Medium</Data><Data Name='Hashes'>MD5=4C66F09586E44B8B150A262CEA150C74,SHA256=56C589A0102158EF99A853370CA03499466E4E452E8AD534B39503846319E35F,IMPHASH=F0965A9069FD1185407193EA8AF0C7DE</Data><Data Name='ParentProcessGuid'>{5d3d98af-296b-5ec2-0000-00109f7e2b00}</Data><Data Name='ParentProcessId'>7848</Data><Data Name='ParentImage'>C:\Users\NS\AppData\Local\Programs\Microsoft VS Code\Code.exe</Data><Data Name='ParentCommandLine'>"C:\Users\NS\AppData\Local\Programs\Microsoft VS Code\Code.exe" --type=renderer --disable-color-correct-rendering --field-trial-handle=1724,7175088997007170833,7611624299165236812,131072 --disable-features=LayoutNG,PictureInPicture,SpareRendererForSitePerProcess --lang=en-US --standard-schemes --secure-schemes=vscode-resource --bypasscsp-schemes --cors-schemes=vscode-resource --fetch-schemes=vscode-resource --service-worker-schemes --app-user-model-id=Microsoft.VisualStudioCode --app-path="C:\Users\NS\AppData\Local\Programs\Microsoft VS Code\resources\app" --node-integration --webview-tag --no-sandbox --no-zygote --background-color=#1E1E1E --device-scale-factor=1 --num-raster-threads=2 --enable-main-frame-before-activation --service-request-channel-token=15403715764779757150 --renderer-client-id=5 --no-v8-untrusted-code-mitigations --mojo-platform-channel-handle=2420 /prefetch:1</Data></EventData></Event><Event xmlns='http://schemas.microsoft.com/win/2004/08/events/event'><System><Provider Name='Microsoft-Windows-Sysmon' Guid='{5770385f-c22a-43e0-bf4c-06f5698ffbd9}'/><EventID>1</EventID><Version>5</Version><Level>4</Level><Task>1</Task><Opcode>0</Opcode><Keywords>0x8000000000000000</Keywords><TimeCreated SystemTime='2020-05-18T06:21:37.071093000Z'/><EventRecordID>2484</EventRecordID><Correlation/><Execution ProcessID='3008' ThreadID='3552'/><Channel>Microsoft-Windows-Sysmon/Operational</Channel><Computer>DESKTOP-P84STH6</Computer><Security UserID='S-1-5-18'/></System><EventData><Data Name='RuleName'></Data><Data Name='UtcTime'>2020-05-18 06:21:36.563</Data><Data Name='ProcessGuid'>{5d3d98af-2970-5ec2-0000-001059d42b00}</Data><Data Name='ProcessId'>1892</Data><Data Name='Image'>C:\Users\NS\AppData\Local\Programs\Microsoft VS Code\Code.exe</Data><Data Name='FileVersion'>1.45.1</Data><Data Name='Description'>Visual Studio Code</Data><Data Name='Product'>Visual Studio Code</Data><Data Name='Company'>Microsoft Corporation</Data><Data Name='OriginalFileName'>electron.exe</Data><Data Name='CommandLine'>"C:\Users\NS\AppData\Local\Programs\Microsoft VS Code\Code.exe" --no-rate-limit --no-upload-gzip --type=crash-handler "--crashes-directory=C:\Users\NS\AppData\Local\Temp\VSCode Crashes" "--database=C:\Users\NS\AppData\Local\Temp\VSCode Crashes" "--metrics-dir=C:\Users\NS\AppData\Local\Temp\VSCode Crashes" --url=appcenter://code?aid=a4e3233c-699c-46ec-b4f4-9c2a77254662&amp;uid=af091a38-164b-4dd4-8eab-03c1fd39e766&amp;iid=af091a38-164b-4dd4-8eab-03c1fd39e766&amp;sid=38b39f16-a127-423d-aed8-b29d5f81f5141589782894857 --initial-client-data=0xbbc,0xbc0,0xb9c,0xbb4,0xbc8,0x7ff62d228750,0x7ff62d228760,0x7ff62d228770</Data><Data Name='CurrentDirectory'>C:\Users\NS\AppData\Local\Programs\Microsoft VS Code\</Data><Data Name='User'>DESKTOP-P84STH6\NS</Data><Data Name='LogonGuid'>{5d3d98af-26d0-5ec2-0000-0020be0f0400}</Data><Data Name='LogonId'>0x40fbe</Data><Data Name='TerminalSessionId'>1</Data><Data Name='IntegrityLevel'>Medium</Data><Data Name='Hashes'>MD5=4C66F09586E44B8B150A262CEA150C74,SHA256=56C589A0102158EF99A853370CA03499466E4E452E8AD534B39503846319E35F,IMPHASH=F0965A9069FD1185407193EA8AF0C7DE</Data><Data Name='ParentProcessGuid'>{5d3d98af-2968-5ec2-0000-0010a9432b00}</Data><Data Name='ParentProcessId'>9028</Data><Data Name='ParentImage'>C:\Users\NS\AppData\Local\Programs\Microsoft VS Code\Code.exe</Data><Data Name='ParentCommandLine'>"C:\Users\NS\AppData\Local\Programs\Microsoft VS Code\Code.exe"</Data></EventData></Event><Event xmlns='http://schemas.microsoft.com/win/2004/08/events/event'><System><Provider Name='Microsoft-Windows-Sysmon' Guid='{5770385f-c22a-43e0-bf4c-06f5698ffbd9}'/><EventID>1</EventID><Version>5</Version><Level>4</Level><Task>1</Task><Opcode>0</Opcode><Keywords>0x8000000000000000</Keywords><TimeCreated SystemTime='2020-05-18T06:21:35.199868800Z'/><EventRecordID>2483</EventRecordID><Correlation/><Execution ProcessID='3008' ThreadID='3552'/><Channel>Microsoft-Windows-Sysmon/Operational</Channel><Computer>DESKTOP-P84STH6</Computer><Security UserID='S-1-5-18'/></System><EventData><Data Name='RuleName'></Data><Data Name='UtcTime'>2020-05-18 06:21:35.162</Data><Data Name='ProcessGuid'>{5d3d98af-296f-5ec2-0000-0010b3c32b00}</Data><Data Name='ProcessId'>1312</Data><Data Name='Image'>C:\ProgramData\Microsoft\Windows Defender\Platform\4.18.2005.4-0\NisSrv.exe</Data><Data Name='FileVersion'>4.18.2005.4 (WinBuild.160101.0800)</Data><Data Name='Description'>Microsoft Network Realtime Inspection Service</Data><Data Name='Product'>Microsoft® Windows® Operating System</Data><Data Name='Company'>Microsoft Corporation</Data><Data Name='OriginalFileName'>NisSrv.exe</Data><Data Name='CommandLine'>"C:\ProgramData\Microsoft\Windows Defender\platform\4.18.2005.4-0\NisSrv.exe"</Data><Data Name='CurrentDirectory'>C:\Windows\system32\</Data><Data Name='User'>NT AUTHORITY\LOCAL SERVICE</Data><Data Name='LogonGuid'>{5d3d98af-26b3-5ec2-0000-0020e5030000}</Data><Data Name='LogonId'>0x3e5</Data><Data Name='TerminalSessionId'>0</Data><Data Name='IntegrityLevel'>System</Data><Data Name='Hashes'>MD5=DCCB00EC6F8B9432ABF7817A53974010,SHA256=C38E8743B6D71C44598F236A224A8FD5985270399C86536602E7BDE56C40FA53,IMPHASH=56AA7E4372B34BA33AA77CE556AFE4BC</Data><Data Name='ParentProcessGuid'>{5d3d98af-26b2-5ec2-0000-0010025c0000}</Data><Data Name='ParentProcessId'>660</Data><Data Name='ParentImage'>C:\Windows\System32\services.exe</Data><Data Name='ParentCommandLine'>C:\Windows\system32\services.exe</Data></EventData></Event><Event xmlns='http://schemas.microsoft.com/win/2004/08/events/event'><System><Provider Name='Microsoft-Windows-Sysmon' Guid='{5770385f-c22a-43e0-bf4c-06f5698ffbd9}'/><EventID>1</EventID><Version>5</Version><Level>4</Level><Task>1</Task><Opcode>0</Opcode><Keywords>0x8000000000000000</Keywords><TimeCreated SystemTime='2020-05-18T06:21:34.757411700Z'/><EventRecordID>2482</EventRecordID><Correlation/><Execution ProcessID='3008' ThreadID='3552'/><Channel>Microsoft-Windows-Sysmon/Operational</Channel><Computer>DESKTOP-P84STH6</Computer><Security UserID='S-1-5-18'/></System><EventData><Data Name='RuleName'></Data><Data Name='UtcTime'>2020-05-18 06:21:34.751</Data><Data Name='ProcessGuid'>{5d3d98af-296e-5ec2-0000-0010e8ac2b00}</Data><Data Name='ProcessId'>8132</Data><Data Name='Image'>C:\Users\NS\AppData\Local\Programs\Microsoft VS Code\Code.exe</Data><Data Name='FileVersion'>1.45.1</Data><Data Name='Description'>Visual Studio Code</Data><Data Name='Product'>Visual Studio Code</Data><Data Name='Company'>Microsoft Corporation</Data><Data Name='OriginalFileName'>electron.exe</Data><Data Name='CommandLine'>"C:\Users\NS\AppData\Local\Programs\Microsoft VS Code\Code.exe" --type=renderer --disable-color-correct-rendering --field-trial-handle=1724,7175088997007170833,7611624299165236812,131072 --disable-features=LayoutNG,PictureInPicture,SpareRendererForSitePerProcess --disable-gpu-compositing --lang=en-US --standard-schemes --secure-schemes=vscode-resource --bypasscsp-schemes --cors-schemes=vscode-resource --fetch-schemes=vscode-resource --service-worker-schemes --app-user-model-id=Microsoft.VisualStudioCode --app-path="C:\Users\NS\AppData\Local\Programs\Microsoft VS Code\resources\app" --node-integration --no-sandbox --no-zygote --background-color=#1E1E1E --disable-blink-features=Auxclick --device-scale-factor=1 --num-raster-threads=2 --enable-main-frame-before-activation --service-request-channel-token=15613689738799244620 --renderer-client-id=7 --no-v8-untrusted-code-mitigations --mojo-platform-channel-handle=2912 /prefetch:1</Data><Data Name='CurrentDirectory'>C:\Users\NS\AppData\Local\Programs\Microsoft VS Code\</Data><Data Name='User'>DESKTOP-P84STH6\NS</Data><Data Name='LogonGuid'>{5d3d98af-26d0-5ec2-0000-0020be0f0400}</Data><Data Name='LogonId'>0x40fbe</Data><Data Name='TerminalSessionId'>1</Data><Data Name='IntegrityLevel'>Medium</Data><Data Name='Hashes'>MD5=4C66F09586E44B8B150A262CEA150C74,SHA256=56C589A0102158EF99A853370CA03499466E4E452E8AD534B39503846319E35F,IMPHASH=F0965A9069FD1185407193EA8AF0C7DE</Data><Data Name='ParentProcessGuid'>{5d3d98af-2968-5ec2-0000-0010a9432b00}</Data><Data Name='ParentProcessId'>9028</Data><Data Name='ParentImage'>C:\Users\NS\AppData\Local\Programs\Microsoft VS Code\Code.exe</Data><Data Name='ParentCommandLine'>"C:\Users\NS\AppData\Local\Programs\Microsoft VS Code\Code.exe"</Data></EventData></Event><Event xmlns='http://schemas.microsoft.com/win/2004/08/events/event'><System><Provider Name='Microsoft-Windows-Sysmon' Guid='{5770385f-c22a-43e0-bf4c-06f5698ffbd9}'/><EventID>12</EventID><Version>2</Version><Level>4</Level><Task>12</Task><Opcode>0</Opcode><Keywords>0x8000000000000000</Keywords><TimeCreated SystemTime='2020-05-18T06:21:34.691063400Z'/><EventRecordID>2481</EventRecordID><Correlation/><Execution ProcessID='3008' ThreadID='3552'/><Channel>Microsoft-Windows-Sysmon/Operational</Channel><Computer>DESKTOP-P84STH6</Computer><Security UserID='S-1-5-18'/></System><EventData><Data Name='RuleName'>T1060,RunKey</Data><Data Name='EventType'>DeleteValue</Data><Data Name='UtcTime'>2020-05-18 06:21:34.686</Data><Data Name='ProcessGuid'>{5d3d98af-2964-5ec2-0000-0010240f2b00}</Data><Data Name='ProcessId'>1096</Data><Data Name='Image'>C:\ProgramData\Microsoft\Windows Defender\platform\4.18.2005.4-0\MsMpEng.exe</Data><Data Name='TargetObject'>HKLM\SOFTWARE\Microsoft\Windows\CurrentVersion\Run\WindowsDefender</Data></EventData></Event><Event xmlns='http://schemas.microsoft.com/win/2004/08/events/event'><System><Provider Name='Microsoft-Windows-Sysmon' Guid='{5770385f-c22a-43e0-bf4c-06f5698ffbd9}'/><EventID>13</EventID><Version>2</Version><Level>4</Level><Task>13</Task><Opcode>0</Opcode><Keywords>0x8000000000000000</Keywords><TimeCreated SystemTime='2020-05-18T06:21:34.690591800Z'/><EventRecordID>2480</EventRecordID><Correlation/><Execution ProcessID='3008' ThreadID='3552'/><Channel>Microsoft-Windows-Sysmon/Operational</Channel><Computer>DESKTOP-P84STH6</Computer><Security UserID='S-1-5-18'/></System><EventData><Data Name='RuleName'>T1031,T1050</Data><Data Name='EventType'>SetValue</Data><Data Name='UtcTime'>2020-05-18 06:21:34.684</Data><Data Name='ProcessGuid'>{5d3d98af-26b2-5ec2-0000-0010025c0000}</Data><Data Name='ProcessId'>660</Data><Data Name='Image'>C:\Windows\system32\services.exe</Data><Data Name='TargetObject'>HKLM\System\CurrentControlSet\Services\WdNisDrv\Start</Data><Data Name='Details'>DWORD (0x00000003)</Data></EventData></Event><Event xmlns='http://schemas.microsoft.com/win/2004/08/events/event'><System><Provider Name='Microsoft-Windows-Sysmon' Guid='{5770385f-c22a-43e0-bf4c-06f5698ffbd9}'/><EventID>22</EventID><Version>5</Version><Level>4</Level><Task>22</Task><Opcode>0</Opcode><Keywords>0x8000000000000000</Keywords><TimeCreated SystemTime='2020-05-18T06:21:34.590623800Z'/><EventRecordID>2479</EventRecordID><Correlation/><Execution ProcessID='3008' ThreadID='3548'/><Channel>Microsoft-Windows-Sysmon/Operational</Channel><Computer>DESKTOP-P84STH6</Computer><Security UserID='S-1-5-18'/></System><EventData><Data Name='RuleName'></Data><Data Name='UtcTime'>2020-05-18 06:21:31.393</Data><Data Name='ProcessGuid'>{5d3d98af-296a-5ec2-0000-001039552b00}</Data><Data Name='ProcessId'>2116</Data><Data Name='QueryName'>wpad</Data><Data Name='QueryStatus'>123</Data><Data Name='QueryResults'></Data><Data Name='Image'>C:\Users\NS\AppData\Local\Programs\Microsoft VS Code\Code.exe</Data></EventData></Event><Event xmlns='http://schemas.microsoft.com/win/2004/08/events/event'><System><Provider Name='Microsoft-Windows-Sysmon' Guid='{5770385f-c22a-43e0-bf4c-06f5698ffbd9}'/><EventID>1</EventID><Version>5</Version><Level>4</Level><Task>1</Task><Opcode>0</Opcode><Keywords>0x8000000000000000</Keywords><TimeCreated SystemTime='2020-05-18T06:21:31.622784300Z'/><EventRecordID>2478</EventRecordID><Correlation/><Execution ProcessID='3008' ThreadID='3552'/><Channel>Microsoft-Windows-Sysmon/Operational</Channel><Computer>DESKTOP-P84STH6</Computer><Security UserID='S-1-5-18'/></System><EventData><Data Name='RuleName'></Data><Data Name='UtcTime'>2020-05-18 06:21:31.612</Data><Data Name='ProcessGuid'>{5d3d98af-296b-5ec2-0000-00109f7e2b00}</Data><Data Name='ProcessId'>7848</Data><Data Name='Image'>C:\Users\NS\AppData\Local\Programs\Microsoft VS Code\Code.exe</Data><Data Name='FileVersion'>1.45.1</Data><Data Name='Description'>Visual Studio Code</Data><Data Name='Product'>Visual Studio Code</Data><Data Name='Company'>Microsoft Corporation</Data><Data Name='OriginalFileName'>electron.exe</Data><Data Name='CommandLine'>"C:\Users\NS\AppData\Local\Programs\Microsoft VS Code\Code.exe" --type=renderer --disable-color-correct-rendering --field-trial-handle=1724,7175088997007170833,7611624299165236812,131072 --disable-features=LayoutNG,PictureInPicture,SpareRendererForSitePerProcess --lang=en-US --standard-schemes --secure-schemes=vscode-resource --bypasscsp-schemes --cors-schemes=vscode-resource --fetch-schemes=vscode-resource --service-worker-schemes --app-user-model-id=Microsoft.VisualStudioCode --app-path="C:\Users\NS\AppData\Local\Programs\Microsoft VS Code\resources\app" --node-integration --webview-tag --no-sandbox --no-zygote --background-color=#1E1E1E --device-scale-factor=1 --num-raster-threads=2 --enable-main-frame-before-activation --service-request-channel-token=15403715764779757150 --renderer-client-id=5 --no-v8-untrusted-code-mitigations --mojo-platform-channel-handle=2420 /prefetch:1</Data><Data Name='CurrentDirectory'>C:\Users\NS\AppData\Local\Programs\Microsoft VS Code\</Data><Data Name='User'>DESKTOP-P84STH6\NS</Data><Data Name='LogonGuid'>{5d3d98af-26d0-5ec2-0000-0020be0f0400}</Data><Data Name='LogonId'>0x40fbe</Data><Data Name='TerminalSessionId'>1</Data><Data Name='IntegrityLevel'>Medium</Data><Data Name='Hashes'>MD5=4C66F09586E44B8B150A262CEA150C74,SHA256=56C589A0102158EF99A853370CA03499466E4E452E8AD534B39503846319E35F,IMPHASH=F0965A9069FD1185407193EA8AF0C7DE</Data><Data Name='ParentProcessGuid'>{5d3d98af-2968-5ec2-0000-0010a9432b00}</Data><Data Name='ParentProcessId'>9028</Data><Data Name='ParentImage'>C:\Users\NS\AppData\Local\Programs\Microsoft VS Code\Code.exe</Data><Data Name='ParentCommandLine'>"C:\Users\NS\AppData\Local\Programs\Microsoft VS Code\Code.exe"</Data></EventData></Event><Event xmlns='http://schemas.microsoft.com/win/2004/08/events/event'><System><Provider Name='Microsoft-Windows-Sysmon' Guid='{5770385f-c22a-43e0-bf4c-06f5698ffbd9}'/><EventID>13</EventID><Version>2</Version><Level>4</Level><Task>13</Task><Opcode>0</Opcode><Keywords>0x8000000000000000</Keywords><TimeCreated SystemTime='2020-05-18T06:21:31.437621100Z'/><EventRecordID>2477</EventRecordID><Correlation/><Execution ProcessID='3008' ThreadID='3552'/><Channel>Microsoft-Windows-Sysmon/Operational</Channel><Computer>DESKTOP-P84STH6</Computer><Security UserID='S-1-5-18'/></System><EventData><Data Name='RuleName'>T1042</Data><Data Name='EventType'>SetValue</Data><Data Name='UtcTime'>2020-05-18 06:21:31.423</Data><Data Name='ProcessGuid'>{5d3d98af-2968-5ec2-0000-0010a9432b00}</Data><Data Name='ProcessId'>9028</Data><Data Name='Image'>C:\Users\NS\AppData\Local\Programs\Microsoft VS Code\Code.exe</Data><Data Name='TargetObject'>HKU\S-1-5-21-223836497-1760142647-788189203-1001_Classes\vscode\shell\open\command\(Default)</Data><Data Name='Details'>"C:\Users\NS\AppData\Local\Programs\Microsoft VS Code\Code.exe" --open-url -- "%%1"</Data></EventData></Event><Event xmlns='http://schemas.microsoft.com/win/2004/08/events/event'><System><Provider Name='Microsoft-Windows-Sysmon' Guid='{5770385f-c22a-43e0-bf4c-06f5698ffbd9}'/><EventID>1</EventID><Version>5</Version><Level>4</Level><Task>1</Task><Opcode>0</Opcode><Keywords>0x8000000000000000</Keywords><TimeCreated SystemTime='2020-05-18T06:21:30.715457900Z'/><EventRecordID>2476</EventRecordID><Correlation/><Execution ProcessID='3008' ThreadID='3552'/><Channel>Microsoft-Windows-Sysmon/Operational</Channel><Computer>DESKTOP-P84STH6</Computer><Security UserID='S-1-5-18'/></System><EventData><Data Name='RuleName'></Data><Data Name='UtcTime'>2020-05-18 06:21:30.707</Data><Data Name='ProcessGuid'>{5d3d98af-296a-5ec2-0000-001030622b00}</Data><Data Name='ProcessId'>1644</Data><Data Name='Image'>C:\Windows\System32\getmac.exe</Data><Data Name='FileVersion'>10.0.18362.1 (WinBuild.160101.0800)</Data><Data Name='Description'>Displays NIC MAC information</Data><Data Name='Product'>Microsoft® Windows® Operating System</Data><Data Name='Company'>Microsoft Corporation</Data><Data Name='OriginalFileName'>GetMac.exe</Data><Data Name='CommandLine'>getmac.exe</Data><Data Name='CurrentDirectory'>C:\Users\NS\AppData\Local\Programs\Microsoft VS Code\</Data><Data Name='User'>DESKTOP-P84STH6\NS</Data><Data Name='LogonGuid'>{5d3d98af-26d0-5ec2-0000-0020be0f0400}</Data><Data Name='LogonId'>0x40fbe</Data><Data Name='TerminalSessionId'>1</Data><Data Name='IntegrityLevel'>Medium</Data><Data Name='Hashes'>MD5=EDA93542A676EB67952B7BDCC652B217,SHA256=94256542E235681BA64A20BC50910DD745D52347A89D36BE2DD4C1465901C52B,IMPHASH=8E550FD6D80E97018F9097BB725420C8</Data><Data Name='ParentProcessGuid'>{5d3d98af-296a-5ec2-0000-0010e9592b00}</Data><Data Name='ParentProcessId'>404</Data><Data Name='ParentImage'>C:\Windows\System32\cmd.exe</Data><Data Name='ParentCommandLine'>C:\Windows\system32\cmd.exe /d /s /c "getmac.exe"</Data></EventData></Event><Event xmlns='http://schemas.microsoft.com/win/2004/08/events/event'><System><Provider Name='Microsoft-Windows-Sysmon' Guid='{5770385f-c22a-43e0-bf4c-06f5698ffbd9}'/><EventID>5</EventID><Version>3</Version><Level>4</Level><Task>5</Task><Opcode>0</Opcode><Keywords>0x8000000000000000</Keywords><TimeCreated SystemTime='2020-05-18T06:21:30.703519400Z'/><EventRecordID>2475</EventRecordID><Correlation/><Execution ProcessID='3008' ThreadID='3552'/><Channel>Microsoft-Windows-Sysmon/Operational</Channel><Computer>DESKTOP-P84STH6</Computer><Security UserID='S-1-5-18'/></System><EventData><Data Name='RuleName'></Data><Data Name='UtcTime'>2020-05-18 06:21:30.688</Data><Data Name='ProcessGuid'>{5d3d98af-2932-5ec2-0000-0010f5462700}</Data><Data Name='ProcessId'>4204</Data><Data Name='Image'>C:\Users\NS\Downloads\VSCodeUserSetup-x64-1.45.1.exe</Data></EventData></Event><Event xmlns='http://schemas.microsoft.com/win/2004/08/events/event'><System><Provider Name='Microsoft-Windows-Sysmon' Guid='{5770385f-c22a-43e0-bf4c-06f5698ffbd9}'/><EventID>5</EventID><Version>3</Version><Level>4</Level><Task>5</Task><Opcode>0</Opcode><Keywords>0x8000000000000000</Keywords><TimeCreated SystemTime='2020-05-18T06:21:30.687748100Z'/><EventRecordID>2474</EventRecordID><Correlation/><Execution ProcessID='3008' ThreadID='3552'/><Channel>Microsoft-Windows-Sysmon/Operational</Channel><Computer>DESKTOP-P84STH6</Computer><Security UserID='S-1-5-18'/></System><EventData><Data Name='RuleName'></Data><Data Name='UtcTime'>2020-05-18 06:21:30.674</Data><Data Name='ProcessGuid'>{5d3d98af-2934-5ec2-0000-0010784d2700}</Data><Data Name='ProcessId'>3496</Data><Data Name='Image'>C:\Users\NS\AppData\Local\Temp\is-VGDQ6.tmp\VSCodeUserSetup-x64-1.45.1.tmp</Data></EventData></Event><Event xmlns='http://schemas.microsoft.com/win/2004/08/events/event'><System><Provider Name='Microsoft-Windows-Sysmon' Guid='{5770385f-c22a-43e0-bf4c-06f5698ffbd9}'/><EventID>1</EventID><Version>5</Version><Level>4</Level><Task>1</Task><Opcode>0</Opcode><Keywords>0x8000000000000000</Keywords><TimeCreated SystemTime='2020-05-18T06:21:30.558289500Z'/><EventRecordID>2473</EventRecordID><Correlation/><Execution ProcessID='3008' ThreadID='3552'/><Channel>Microsoft-Windows-Sysmon/Operational</Channel><Computer>DESKTOP-P84STH6</Computer><Security UserID='S-1-5-18'/></System><EventData><Data Name='RuleName'></Data><Data Name='UtcTime'>2020-05-18 06:21:30.530</Data><Data Name='ProcessGuid'>{5d3d98af-296a-5ec2-0000-0010e9592b00}</Data><Data Name='ProcessId'>404</Data><Data Name='Image'>C:\Windows\System32\cmd.exe</Data><Data Name='FileVersion'>10.0.18362.1 (WinBuild.160101.0800)</Data><Data Name='Description'>Windows Command Processor</Data><Data Name='Product'>Microsoft® Windows® Operating System</Data><Data Name='Company'>Microsoft Corporation</Data><Data Name='OriginalFileName'>Cmd.Exe</Data><Data Name='CommandLine'>C:\Windows\system32\cmd.exe /d /s /c "getmac.exe"</Data><Data Name='CurrentDirectory'>C:\Users\NS\AppData\Local\Programs\Microsoft VS Code\</Data><Data Name='User'>DESKTOP-P84STH6\NS</Data><Data Name='LogonGuid'>{5d3d98af-26d0-5ec2-0000-0020be0f0400}</Data><Data Name='LogonId'>0x40fbe</Data><Data Name='TerminalSessionId'>1</Data><Data Name='IntegrityLevel'>Medium</Data><Data Name='Hashes'>MD5=9D59442313565C2E0860B88BF32B2277,SHA256=D0CEB18272966AB62B8EDFF100E9B4A6A3CB5DC0F2A32B2B18721FEA2D9C09A5,IMPHASH=272245E2988E1E430500B852C4FB5E18</Data><Data Name='ParentProcessGuid'>{5d3d98af-2968-5ec2-0000-0010a9432b00}</Data><Data Name='ParentProcessId'>9028</Data><Data Name='ParentImage'>C:\Users\NS\AppData\Local\Programs\Microsoft VS Code\Code.exe</Data><Data Name='ParentCommandLine'>"C:\Users\NS\AppData\Local\Programs\Microsoft VS Code\Code.exe"</Data></EventData></Event><Event xmlns='http://schemas.microsoft.com/win/2004/08/events/event'><System><Provider Name='Microsoft-Windows-Sysmon' Guid='{5770385f-c22a-43e0-bf4c-06f5698ffbd9}'/><EventID>1</EventID><Version>5</Version><Level>4</Level><Task>1</Task><Opcode>0</Opcode><Keywords>0x8000000000000000</Keywords><TimeCreated SystemTime='2020-05-18T06:21:30.396236100Z'/><EventRecordID>2472</EventRecordID><Correlation/><Execution ProcessID='3008' ThreadID='3552'/><Channel>Microsoft-Windows-Sysmon/Operational</Channel><Computer>DESKTOP-P84STH6</Computer><Security UserID='S-1-5-18'/></System><EventData><Data Name='RuleName'></Data><Data Name='UtcTime'>2020-05-18 06:21:30.378</Data><Data Name='ProcessGuid'>{5d3d98af-296a-5ec2-0000-001039552b00}</Data><Data Name='ProcessId'>2116</Data><Data Name='Image'>C:\Users\NS\AppData\Local\Programs\Microsoft VS Code\Code.exe</Data><Data Name='FileVersion'>1.45.1</Data><Data Name='Description'>Visual Studio Code</Data><Data Name='Product'>Visual Studio Code</Data><Data Name='Company'>Microsoft Corporation</Data><Data Name='OriginalFileName'>electron.exe</Data><Data Name='CommandLine'>"C:\Users\NS\AppData\Local\Programs\Microsoft VS Code\Code.exe" --type=utility --field-trial-handle=1724,7175088997007170833,7611624299165236812,131072 --disable-features=LayoutNG,PictureInPicture,SpareRendererForSitePerProcess --lang=en-US --service-sandbox-type=network --standard-schemes --secure-schemes=vscode-resource --bypasscsp-schemes --cors-schemes=vscode-resource --fetch-schemes=vscode-resource --service-worker-schemes --service-request-channel-token=15218284245865208600 --mojo-platform-channel-handle=2060 /prefetch:8</Data><Data Name='CurrentDirectory'>C:\Users\NS\AppData\Local\Programs\Microsoft VS Code\</Data><Data Name='User'>DESKTOP-P84STH6\NS</Data><Data Name='LogonGuid'>{5d3d98af-26d0-5ec2-0000-0020be0f0400}</Data><Data Name='LogonId'>0x40fbe</Data><Data Name='TerminalSessionId'>1</Data><Data Name='IntegrityLevel'>Medium</Data><Data Name='Hashes'>MD5=4C66F09586E44B8B150A262CEA150C74,SHA256=56C589A0102158EF99A853370CA03499466E4E452E8AD534B39503846319E35F,IMPHASH=F0965A9069FD1185407193EA8AF0C7DE</Data><Data Name='ParentProcessGuid'>{5d3d98af-2968-5ec2-0000-0010a9432b00}</Data><Data Name='ParentProcessId'>9028</Data><Data Name='ParentImage'>C:\Users\NS\AppData\Local\Programs\Microsoft VS Code\Code.exe</Data><Data Name='ParentCommandLine'>"C:\Users\NS\AppData\Local\Programs\Microsoft VS Code\Code.exe"</Data></EventData></Event><Event xmlns='http://schemas.microsoft.com/win/2004/08/events/event'><System><Provider Name='Microsoft-Windows-Sysmon' Guid='{5770385f-c22a-43e0-bf4c-06f5698ffbd9}'/><EventID>1</EventID><Version>5</Version><Level>4</Level><Task>1</Task><Opcode>0</Opcode><Keywords>0x8000000000000000</Keywords><TimeCreated SystemTime='2020-05-18T06:21:30.327747300Z'/><EventRecordID>2471</EventRecordID><Correlation/><Execution ProcessID='3008' ThreadID='3552'/><Channel>Microsoft-Windows-Sysmon/Operational</Channel><Computer>DESKTOP-P84STH6</Computer><Security UserID='S-1-5-18'/></System><EventData><Data Name='RuleName'></Data><Data Name='UtcTime'>2020-05-18 06:21:30.322</Data><Data Name='ProcessGuid'>{5d3d98af-296a-5ec2-0000-00100d532b00}</Data><Data Name='ProcessId'>1396</Data><Data Name='Image'>C:\Windows\System32\CompPkgSrv.exe</Data><Data Name='FileVersion'>10.0.18362.1 (WinBuild.160101.0800)</Data><Data Name='Description'>Component Package Support Server</Data><Data Name='Product'>Microsoft® Windows® Operating System</Data><Data Name='Company'>Microsoft Corporation</Data><Data Name='OriginalFileName'>CompPkgSrv.exe</Data><Data Name='CommandLine'>C:\Windows\System32\CompPkgSrv.exe -Embedding</Data><Data Name='CurrentDirectory'>C:\Windows\system32\</Data><Data Name='User'>DESKTOP-P84STH6\NS</Data><Data Name='LogonGuid'>{5d3d98af-26d0-5ec2-0000-0020be0f0400}</Data><Data Name='LogonId'>0x40fbe</Data><Data Name='TerminalSessionId'>1</Data><Data Name='IntegrityLevel'>Low</Data><Data Name='Hashes'>MD5=6B61564CE8524ACCA9BCD2CEC6B71AB9,SHA256=87C2892DF8F1F0503763855E4972CD4B85036AE50F1D6F1B910B3AEC47372B07,IMPHASH=F1EC8853335CDCD4147E21F9212709F4</Data><Data Name='ParentProcessGuid'>{5d3d98af-26b3-5ec2-0000-00102c720000}</Data><Data Name='ParentProcessId'>844</Data><Data Name='ParentImage'>C:\Windows\System32\svchost.exe</Data><Data Name='ParentCommandLine'>C:\Windows\system32\svchost.exe -k DcomLaunch -p</Data></EventData></Event>