<Event xmlns='http://schemas.microsoft.com/win/2004/08/events/event'><System><Provider Name='Microsoft-Windows-Sysmon' Guid='{5770385f-c22a-43e0-bf4c-06f5698ffbd9}'/><EventID>11</EventID><Version>2</Version><Level>4</Level><Task>11</Task><Opcode>0</Opcode><Keywords>0x8000000000000000</Keywords><TimeCreated SystemTime='2020-05-18T06:23:13.430170600Z'/><EventRecordID>2546</EventRecordID><Correlation/><Execution ProcessID='3008' ThreadID='3552'/><Channel>Microsoft-Windows-Sysmon/Operational</Channel><Computer>DESKTOP-P84STH6</Computer><Security UserID='S-1-5-18'/></System><EventData><Data Name='RuleName'>DLL</Data><Data Name='UtcTime'>2020-05-18 06:23:13.362</Data><Data Name='ProcessGuid'>{5d3d98af-26b8-5ec2-0000-0010b81c0300}</Data><Data Name='ProcessId'>3696</Data><Data Name='Image'>C:\Windows\system32\svchost.exe</Data><Data Name='TargetFilename'>C:\Program Files\WindowsApps\Microsoft.VCLibs.140.00_14.0.27810.0_x86__8wekyb3d8bbwe\msvcp140_2_app.dll</Data><Data Name='CreationUtcTime'>2020-05-18 06:23:13.362</Data></EventData></Event><Event xmlns='http://schemas.microsoft.com/win/2004/08/events/event'><System><Provider Name='Microsoft-Windows-Sysmon' Guid='{5770385f-c22a-43e0-bf4c-06f5698ffbd9}'/><EventID>11</EventID><Version>2</Version><Level>4</Level><Task>11</Task><Opcode>0</Opcode><Keywords>0x8000000000000000</Keywords><TimeCreated SystemTime='2020-05-18T06:23:13.430025100Z'/><EventRecordID>2545</EventRecordID><Correlation/><Execution ProcessID='3008' ThreadID='3552'/><Channel>Microsoft-Windows-Sysmon/Operational</Channel><Computer>DESKTOP-P84STH6</Computer><Security UserID='S-1-5-18'/></System><EventData><Data Name='RuleName'>DLL</Data><Data Name='UtcTime'>2020-05-18 06:23:13.362</Data><Data Name='ProcessGuid'>{5d3d98af-26b8-5ec2-0000-0010b81c0300}</Data><Data Name='ProcessId'>3696</Data><Data Name='Image'>C:\Windows\system32\svchost.exe</Data><Data Name='TargetFilename'>C:\Program Files\WindowsApps\Microsoft.VCLibs.140.00_14.0.27810.0_x86__8wekyb3d8bbwe\msvcp140_1_app.dll</Data><Data Name='CreationUtcTime'>2020-05-18 06:23:13.362</Data></EventData></Event><Event xmlns='http://schemas.microsoft.com/win/2004/08/events/event'><System><Provider Name='Microsoft-Windows-Sysmon' Guid='{5770385f-c22a-43e0-bf4c-06f5698ffbd9}'/><EventID>11</EventID><Version>2</Version><Level>4</Level><Task>11</Task><Opcode>0</Opcode><Keywords>0x8000000000000000</Keywords><TimeCreated SystemTime='2020-05-18T06:23:13.429879300Z'/><EventRecordID>2544</EventRecordID><Correlation/><Execution ProcessID='3008' ThreadID='3552'/><Channel>Microsoft-Windows-Sysmon/Operational</Channel><Computer>DESKTOP-P84STH6</Computer><Security UserID='S-1-5-18'/></System><EventData><Data Name='RuleName'>DLL</Data><Data Name='UtcTime'>2020-05-18 06:23:13.362</Data><Data Name='ProcessGuid'>{5d3d98af-26b8-5ec2-0000-0010b81c0300}</Data><Data Name='ProcessId'>3696</Data><Data Name='Image'>C:\Windows\system32\svchost.exe</Data><Data Name='TargetFilename'>C:\Program Files\WindowsApps\Microsoft.VCLibs.140.00_14.0.27810.0_x86__8wekyb3d8bbwe\concrt140_app.dll</Data><Data Name='CreationUtcTime'>2020-05-18 06:23:13.362</Data></EventData></Event><Event xmlns='http://schemas.microsoft.com/win/2004/08/events/event'><System><Provider Name='Microsoft-Windows-Sysmon' Guid='{5770385f-c22a-43e0-bf4c-06f5698ffbd9}'/><EventID>11</EventID><Version>2</Version><Level>4</Level><Task>11</Task><Opcode>0</Opcode><Keywords>0x8000000000000000</Keywords><TimeCreated SystemTime='2020-05-18T06:23:11.266542300Z'/><EventRecordID>2543</EventRecordID><Correlation/><Execution ProcessID='3008' ThreadID='3552'/><Channel>Microsoft-Windows-Sysmon/Operational</Channel><Computer>DESKTOP-P84STH6</Computer><Security UserID='S-1-5-18'/></System><EventData><Data Name='RuleName'>DLL</Data><Data Name='UtcTime'>2020-05-18 06:23:11.264</Data><Data Name='ProcessGuid'>{5d3d98af-26b8-5ec2-0000-0010b81c0300}</Data><Data Name='ProcessId'>3696</Data><Data Name='Image'>C:\Windows\system32\svchost.exe</Data><Data Name='TargetFilename'>C:\Program Files\WindowsApps\SpotifyAB.SpotifyMusic_1.132.618.0_x86__zpdnekdrzrea0\swiftshader\libGLESv2.dll</Data><Data Name='CreationUtcTime'>2020-05-18 06:23:11.263</Data></EventData></Event><Event xmlns='http://schemas.microsoft.com/win/2004/08/events/event'><System><Provider Name='Microsoft-Windows-Sysmon' Guid='{5770385f-c22a-43e0-bf4c-06f5698ffbd9}'/><EventID>11</EventID><Version>2</Version><Level>4</Level><Task>11</Task><Opcode>0</Opcode><Keywords>0x8000000000000000</Keywords><TimeCreated SystemTime='2020-05-18T06:23:11.262640100Z'/><EventRecordID>2542</EventRecordID><Correlation/><Execution ProcessID='3008' ThreadID='3552'/><Channel>Microsoft-Windows-Sysmon/Operational</Channel><Computer>DESKTOP-P84STH6</Computer><Security UserID='S-1-5-18'/></System><EventData><Data Name='RuleName'>DLL</Data><Data Name='UtcTime'>2020-05-18 06:23:11.261</Data><Data Name='ProcessGuid'>{5d3d98af-26b8-5ec2-0000-0010b81c0300}</Data><Data Name='ProcessId'>3696</Data><Data Name='Image'>C:\Windows\system32\svchost.exe</Data><Data Name='TargetFilename'>C:\Program Files\WindowsApps\SpotifyAB.SpotifyMusic_1.132.618.0_x86__zpdnekdrzrea0\swiftshader\libEGL.dll</Data><Data Name='CreationUtcTime'>2020-05-18 06:23:11.258</Data></EventData></Event><Event xmlns='http://schemas.microsoft.com/win/2004/08/events/event'><System><Provider Name='Microsoft-Windows-Sysmon' Guid='{5770385f-c22a-43e0-bf4c-06f5698ffbd9}'/><EventID>11</EventID><Version>2</Version><Level>4</Level><Task>11</Task><Opcode>0</Opcode><Keywords>0x8000000000000000</Keywords><TimeCreated SystemTime='2020-05-18T06:23:11.085569500Z'/><EventRecordID>2541</EventRecordID><Correlation/><Execution ProcessID='3008' ThreadID='3552'/><Channel>Microsoft-Windows-Sysmon/Operational</Channel><Computer>DESKTOP-P84STH6</Computer><Security UserID='S-1-5-18'/></System><EventData><Data Name='RuleName'>DLL</Data><Data Name='UtcTime'>2020-05-18 06:23:11.085</Data><Data Name='ProcessGuid'>{5d3d98af-26b8-5ec2-0000-0010b81c0300}</Data><Data Name='ProcessId'>3696</Data><Data Name='Image'>C:\Windows\system32\svchost.exe</Data><Data Name='TargetFilename'>C:\Program Files\WindowsApps\SpotifyAB.SpotifyMusic_1.132.618.0_x86__zpdnekdrzrea0\libcef.dll</Data><Data Name='CreationUtcTime'>2020-05-18 06:23:11.084</Data></EventData></Event><Event xmlns='http://schemas.microsoft.com/win/2004/08/events/event'><System><Provider Name='Microsoft-Windows-Sysmon' Guid='{5770385f-c22a-43e0-bf4c-06f5698ffbd9}'/><EventID>11</EventID><Version>2</Version><Level>4</Level><Task>11</Task><Opcode>0</Opcode><Keywords>0x8000000000000000</Keywords><TimeCreated SystemTime='2020-05-18T06:23:11.083336300Z'/><EventRecordID>2540</EventRecordID><Correlation/><Execution ProcessID='3008' ThreadID='3552'/><Channel>Microsoft-Windows-Sysmon/Operational</Channel><Computer>DESKTOP-P84STH6</Computer><Security UserID='S-1-5-18'/></System><EventData><Data Name='RuleName'>DLL</Data><Data Name='UtcTime'>2020-05-18 06:23:11.082</Data><Data Name='ProcessGuid'>{5d3d98af-26b8-5ec2-0000-0010b81c0300}</Data><Data Name='ProcessId'>3696</Data><Data Name='Image'>C:\Windows\system32\svchost.exe</Data><Data Name='TargetFilename'>C:\Program Files\WindowsApps\SpotifyAB.SpotifyMusic_1.132.618.0_x86__zpdnekdrzrea0\libGLESv2.dll</Data><Data Name='CreationUtcTime'>2020-05-18 06:23:11.081</Data></EventData></Event><Event xmlns='http://schemas.microsoft.com/win/2004/08/events/event'><System><Provider Name='Microsoft-Windows-Sysmon' Guid='{5770385f-c22a-43e0-bf4c-06f5698ffbd9}'/><EventID>11</EventID><Version>2</Version><Level>4</Level><Task>11</Task><Opcode>0</Opcode><Keywords>0x8000000000000000</Keywords><TimeCreated SystemTime='2020-05-18T06:23:11.082366900Z'/><EventRecordID>2539</EventRecordID><Correlation/><Execution ProcessID='3008' ThreadID='3552'/><Channel>Microsoft-Windows-Sysmon/Operational</Channel><Computer>DESKTOP-P84STH6</Computer><Security UserID='S-1-5-18'/></System><EventData><Data Name='RuleName'>DLL</Data><Data Name='UtcTime'>2020-05-18 06:23:11.080</Data><Data Name='ProcessGuid'>{5d3d98af-26b8-5ec2-0000-0010b81c0300}</Data><Data Name='ProcessId'>3696</Data><Data Name='Image'>C:\Windows\system32\svchost.exe</Data><Data Name='TargetFilename'>C:\Program Files\WindowsApps\SpotifyAB.SpotifyMusic_1.132.618.0_x86__zpdnekdrzrea0\libEGL.dll</Data><Data Name='CreationUtcTime'>2020-05-18 06:23:11.079</Data></EventData></Event><Event xmlns='http://schemas.microsoft.com/win/2004/08/events/event'><System><Provider Name='Microsoft-Windows-Sysmon' Guid='{5770385f-c22a-43e0-bf4c-06f5698ffbd9}'/><EventID>11</EventID><Version>2</Version><Level>4</Level><Task>11</Task><Opcode>0</Opcode><Keywords>0x8000000000000000</Keywords><TimeCreated SystemTime='2020-05-18T06:23:11.073564500Z'/><EventRecordID>2538</EventRecordID><Correlation/><Execution ProcessID='3008' ThreadID='3552'/><Channel>Microsoft-Windows-Sysmon/Operational</Channel><Computer>DESKTOP-P84STH6</Computer><Security UserID='S-1-5-18'/></System><EventData><Data Name='RuleName'>DLL</Data><Data Name='UtcTime'>2020-05-18 06:23:11.073</Data><Data Name='ProcessGuid'>{5d3d98af-26b8-5ec2-0000-0010b81c0300}</Data><Data Name='ProcessId'>3696</Data><Data Name='Image'>C:\Windows\system32\svchost.exe</Data><Data Name='TargetFilename'>C:\Program Files\WindowsApps\SpotifyAB.SpotifyMusic_1.132.618.0_x86__zpdnekdrzrea0\d3dcompiler_47.dll</Data><Data Name='CreationUtcTime'>2020-05-18 06:23:11.072</Data></EventData></Event><Event xmlns='http://schemas.microsoft.com/win/2004/08/events/event'><System><Provider Name='Microsoft-Windows-Sysmon' Guid='{5770385f-c22a-43e0-bf4c-06f5698ffbd9}'/><EventID>11</EventID><Version>2</Version><Level>4</Level><Task>11</Task><Opcode>0</Opcode><Keywords>0x8000000000000000</Keywords><TimeCreated SystemTime='2020-05-18T06:23:11.062434200Z'/><EventRecordID>2537</EventRecordID><Correlation/><Execution ProcessID='3008' ThreadID='3552'/><Channel>Microsoft-Windows-Sysmon/Operational</Channel><Computer>DESKTOP-P84STH6</Computer><Security UserID='S-1-5-18'/></System><EventData><Data Name='RuleName'>DLL</Data><Data Name='UtcTime'>2020-05-18 06:23:11.060</Data><Data Name='ProcessGuid'>{5d3d98af-26b8-5ec2-0000-0010b81c0300}</Data><Data Name='ProcessId'>3696</Data><Data Name='Image'>C:\Windows\system32\svchost.exe</Data><Data Name='TargetFilename'>C:\Program Files\WindowsApps\SpotifyAB.SpotifyMusic_1.132.618.0_x86__zpdnekdrzrea0\chrome_elf.dll</Data><Data Name='CreationUtcTime'>2020-05-18 06:23:11.058</Data></EventData></Event><Event xmlns='http://schemas.microsoft.com/win/2004/08/events/event'><System><Provider Name='Microsoft-Windows-Sysmon' Guid='{5770385f-c22a-43e0-bf4c-06f5698ffbd9}'/><EventID>11</EventID><Version>2</Version><Level>4</Level><Task>11</Task><Opcode>0</Opcode><Keywords>0x8000000000000000</Keywords><TimeCreated SystemTime='2020-05-18T06:23:11.052229500Z'/><EventRecordID>2536</EventRecordID><Correlation/><Execution ProcessID='3008' ThreadID='3552'/><Channel>Microsoft-Windows-Sysmon/Operational</Channel><Computer>DESKTOP-P84STH6</Computer><Security UserID='S-1-5-18'/></System><EventData><Data Name='RuleName'>EXE</Data><Data Name='UtcTime'>2020-05-18 06:23:11.051</Data><Data Name='ProcessGuid'>{5d3d98af-26b8-5ec2-0000-0010b81c0300}</Data><Data Name='ProcessId'>3696</Data><Data Name='Image'>C:\Windows\system32\svchost.exe</Data><Data Name='TargetFilename'>C:\Program Files\WindowsApps\SpotifyAB.SpotifyMusic_1.132.618.0_x86__zpdnekdrzrea0\SpotifyStartupTask.exe</Data><Data Name='CreationUtcTime'>2020-05-18 06:23:11.050</Data></EventData></Event><Event xmlns='http://schemas.microsoft.com/win/2004/08/events/event'><System><Provider Name='Microsoft-Windows-Sysmon' Guid='{5770385f-c22a-43e0-bf4c-06f5698ffbd9}'/><EventID>11</EventID><Version>2</Version><Level>4</Level><Task>11</Task><Opcode>0</Opcode><Keywords>0x8000000000000000</Keywords><TimeCreated SystemTime='2020-05-18T06:23:11.049981300Z'/><EventRecordID>2535</EventRecordID><Correlation/><Execution ProcessID='3008' ThreadID='3552'/><Channel>Microsoft-Windows-Sysmon/Operational</Channel><Computer>DESKTOP-P84STH6</Computer><Security UserID='S-1-5-18'/></System><EventData><Data Name='RuleName'>EXE</Data><Data Name='UtcTime'>2020-05-18 06:23:11.049</Data><Data Name='ProcessGuid'>{5d3d98af-26b8-5ec2-0000-0010b81c0300}</Data><Data Name='ProcessId'>3696</Data><Data Name='Image'>C:\Windows\system32\svchost.exe</Data><Data Name='TargetFilename'>C:\Program Files\WindowsApps\SpotifyAB.SpotifyMusic_1.132.618.0_x86__zpdnekdrzrea0\SpotifyMigrator.exe</Data><Data Name='CreationUtcTime'>2020-05-18 06:23:11.047</Data></EventData></Event><Event xmlns='http://schemas.microsoft.com/win/2004/08/events/event'><System><Provider Name='Microsoft-Windows-Sysmon' Guid='{5770385f-c22a-43e0-bf4c-06f5698ffbd9}'/><EventID>11</EventID><Version>2</Version><Level>4</Level><Task>11</Task><Opcode>0</Opcode><Keywords>0x8000000000000000</Keywords><TimeCreated SystemTime='2020-05-18T06:23:11.040993000Z'/><EventRecordID>2534</EventRecordID><Correlation/><Execution ProcessID='3008' ThreadID='3552'/><Channel>Microsoft-Windows-Sysmon/Operational</Channel><Computer>DESKTOP-P84STH6</Computer><Security UserID='S-1-5-18'/></System><EventData><Data Name='RuleName'>EXE</Data><Data Name='UtcTime'>2020-05-18 06:23:11.040</Data><Data Name='ProcessGuid'>{5d3d98af-26b8-5ec2-0000-0010b81c0300}</Data><Data Name='ProcessId'>3696</Data><Data Name='Image'>C:\Windows\system32\svchost.exe</Data><Data Name='TargetFilename'>C:\Program Files\WindowsApps\SpotifyAB.SpotifyMusic_1.132.618.0_x86__zpdnekdrzrea0\Spotify.exe</Data><Data Name='CreationUtcTime'>2020-05-18 06:23:11.038</Data></EventData></Event><Event xmlns='http://schemas.microsoft.com/win/2004/08/events/event'><System><Provider Name='Microsoft-Windows-Sysmon' Guid='{5770385f-c22a-43e0-bf4c-06f5698ffbd9}'/><EventID>11</EventID><Version>2</Version><Level>4</Level><Task>11</Task><Opcode>0</Opcode><Keywords>0x8000000000000000</Keywords><TimeCreated SystemTime='2020-05-18T06:23:11.038012900Z'/><EventRecordID>2533</EventRecordID><Correlation/><Execution ProcessID='3008' ThreadID='3552'/><Channel>Microsoft-Windows-Sysmon/Operational</Channel><Computer>DESKTOP-P84STH6</Computer><Security UserID='S-1-5-18'/></System><EventData><Data Name='RuleName'>DLL</Data><Data Name='UtcTime'>2020-05-18 06:23:11.036</Data><Data Name='ProcessGuid'>{5d3d98af-26b8-5ec2-0000-0010b81c0300}</Data><Data Name='ProcessId'>3696</Data><Data Name='Image'>C:\Windows\system32\svchost.exe</Data><Data Name='TargetFilename'>C:\Program Files\WindowsApps\SpotifyAB.SpotifyMusic_1.132.618.0_x86__zpdnekdrzrea0\RuntimeComponent.dll</Data><Data Name='CreationUtcTime'>2020-05-18 06:23:11.034</Data></EventData></Event><Event xmlns='http://schemas.microsoft.com/win/2004/08/events/event'><System><Provider Name='Microsoft-Windows-Sysmon' Guid='{5770385f-c22a-43e0-bf4c-06f5698ffbd9}'/><EventID>22</EventID><Version>5</Version><Level>4</Level><Task>22</Task><Opcode>0</Opcode><Keywords>0x8000000000000000</Keywords><TimeCreated SystemTime='2020-05-18T06:23:08.294586600Z'/><EventRecordID>2532</EventRecordID><Correlation/><Execution ProcessID='3008' ThreadID='3548'/><Channel>Microsoft-Windows-Sysmon/Operational</Channel><Computer>DESKTOP-P84STH6</Computer><Security UserID='S-1-5-18'/></System><EventData><Data Name='RuleName'></Data><Data Name='UtcTime'>2020-05-18 06:23:05.957</Data><Data Name='ProcessGuid'>{5d3d98af-27ae-5ec2-0000-0010d9011800}</Data><Data Name='ProcessId'>6832</Data><Data Name='QueryName'>d3js.org</Data><Data Name='QueryStatus'>0</Data><Data Name='QueryResults'>104.26.7.30;104.26.6.30;173.245.59.175;2606:4700:58::adf5:3baf;</Data><Data Name='Image'>C:\Program Files (x86)\Google\Chrome\Application\chrome.exe</Data></EventData></Event><Event xmlns='http://schemas.microsoft.com/win/2004/08/events/event'><System><Provider Name='Microsoft-Windows-Sysmon' Guid='{5770385f-c22a-43e0-bf4c-06f5698ffbd9}'/><EventID>22</EventID><Version>5</Version><Level>4</Level><Task>22</Task><Opcode>0</Opcode><Keywords>0x8000000000000000</Keywords><TimeCreated SystemTime='2020-05-18T06:23:08.291575200Z'/><EventRecordID>2531</EventRecordID><Correlation/><Execution ProcessID='3008' ThreadID='3548'/><Channel>Microsoft-Windows-Sysmon/Operational</Channel><Computer>DESKTOP-P84STH6</Computer><Security UserID='S-1-5-18'/></System><EventData><Data Name='RuleName'></Data><Data Name='UtcTime'>2020-05-18 06:23:05.799</Data><Data Name='ProcessGuid'>{5d3d98af-27ae-5ec2-0000-0010d9011800}</Data><Data Name='ProcessId'>6832</Data><Data Name='QueryName'>cert.int-x3.letsencrypt.org</Data><Data Name='QueryStatus'>0</Data><Data Name='QueryResults'>type:  5 crl.root-x1.letsencrypt.org.edgekey.net;type:  5 e8652.dscx.akamaiedge.net;::ffff:104.94.40.217;88.221.81.192;2600:1480:e800::c0;163.28.5.87;203.211.2.181;23.199.34.125;203.211.2.212;203.211.5.23;203.211.2.231;163.28.5.62;</Data><Data Name='Image'>C:\Program Files (x86)\Google\Chrome\Application\chrome.exe</Data></EventData></Event><Event xmlns='http://schemas.microsoft.com/win/2004/08/events/event'><System><Provider Name='Microsoft-Windows-Sysmon' Guid='{5770385f-c22a-43e0-bf4c-06f5698ffbd9}'/><EventID>22</EventID><Version>5</Version><Level>4</Level><Task>22</Task><Opcode>0</Opcode><Keywords>0x8000000000000000</Keywords><TimeCreated SystemTime='2020-05-18T06:23:07.275854200Z'/><EventRecordID>2530</EventRecordID><Correlation/><Execution ProcessID='3008' ThreadID='3548'/><Channel>Microsoft-Windows-Sysmon/Operational</Channel><Computer>DESKTOP-P84STH6</Computer><Security UserID='S-1-5-18'/></System><EventData><Data Name='RuleName'></Data><Data Name='UtcTime'>2020-05-18 06:23:05.718</Data><Data Name='ProcessGuid'>{5d3d98af-27ae-5ec2-0000-0010d9011800}</Data><Data Name='ProcessId'>6832</Data><Data Name='QueryName'>rrr34tw.tk</Data><Data Name='QueryStatus'>0</Data><Data Name='QueryResults'>140.113.194.88;104.155.29.241;</Data><Data Name='Image'>C:\Program Files (x86)\Google\Chrome\Application\chrome.exe</Data></EventData></Event><Event xmlns='http://schemas.microsoft.com/win/2004/08/events/event'><System><Provider Name='Microsoft-Windows-Sysmon' Guid='{5770385f-c22a-43e0-bf4c-06f5698ffbd9}'/><EventID>2</EventID><Version>4</Version><Level>4</Level><Task>2</Task><Opcode>0</Opcode><Keywords>0x8000000000000000</Keywords><TimeCreated SystemTime='2020-05-18T06:22:50.924068200Z'/><EventRecordID>2529</EventRecordID><Correlation/><Execution ProcessID='3008' ThreadID='3552'/><Channel>Microsoft-Windows-Sysmon/Operational</Channel><Computer>DESKTOP-P84STH6</Computer><Security UserID='S-1-5-18'/></System><EventData><Data Name='RuleName'>T1099</Data><Data Name='UtcTime'>2020-05-18 06:22:50.920</Data><Data Name='ProcessGuid'>{5d3d98af-296a-5ec2-0000-001039552b00}</Data><Data Name='ProcessId'>2116</Data><Data Name='Image'>C:\Users\NS\AppData\Local\Programs\Microsoft VS Code\Code.exe</Data><Data Name='TargetFilename'>C:\Users\NS\AppData\Roaming\Code\ad03e999-1bc3-4c5c-bc90-a995b72a8760.tmp</Data><Data Name='CreationUtcTime'>2020-05-18 06:21:41.496</Data><Data Name='PreviousCreationUtcTime'>2020-05-18 06:22:50.726</Data></EventData></Event><Event xmlns='http://schemas.microsoft.com/win/2004/08/events/event'><System><Provider Name='Microsoft-Windows-Sysmon' Guid='{5770385f-c22a-43e0-bf4c-06f5698ffbd9}'/><EventID>1</EventID><Version>5</Version><Level>4</Level><Task>1</Task><Opcode>0</Opcode><Keywords>0x8000000000000000</Keywords><TimeCreated SystemTime='2020-05-18T06:22:36.319999400Z'/><EventRecordID>2528</EventRecordID><Correlation/><Execution ProcessID='3008' ThreadID='3552'/><Channel>Microsoft-Windows-Sysmon/Operational</Channel><Computer>DESKTOP-P84STH6</Computer><Security UserID='S-1-5-18'/></System><EventData><Data Name='RuleName'></Data><Data Name='UtcTime'>2020-05-18 06:22:36.313</Data><Data Name='ProcessGuid'>{5d3d98af-29ac-5ec2-0000-00101f0e2e00}</Data><Data Name='ProcessId'>7516</Data><Data Name='Image'>C:\Windows\System32\svchost.exe</Data><Data Name='FileVersion'>10.0.18362.1 (WinBuild.160101.0800)</Data><Data Name='Description'>Host Process for Windows Services</Data><Data Name='Product'>Microsoft® Windows® Operating System</Data><Data Name='Company'>Microsoft Corporation</Data><Data Name='OriginalFileName'>svchost.exe</Data><Data Name='CommandLine'>C:\Windows\System32\svchost.exe -k LocalService -p -s LicenseManager</Data><Data Name='CurrentDirectory'>C:\Windows\system32\</Data><Data Name='User'>NT AUTHORITY\LOCAL SERVICE</Data><Data Name='LogonGuid'>{5d3d98af-26b3-5ec2-0000-0020e5030000}</Data><Data Name='LogonId'>0x3e5</Data><Data Name='TerminalSessionId'>0</Data><Data Name='IntegrityLevel'>System</Data><Data Name='Hashes'>MD5=9520A99E77D6196D0D09833146424113,SHA256=DD191A5B23DF92E12A8852291F9FB5ED594B76A28A5A464418442584AFD1E048,IMPHASH=247B9220E5D9B720A82B2C8B5069AD69</Data><Data Name='ParentProcessGuid'>{5d3d98af-26b2-5ec2-0000-0010025c0000}</Data><Data Name='ParentProcessId'>660</Data><Data Name='ParentImage'>C:\Windows\System32\services.exe</Data><Data Name='ParentCommandLine'>C:\Windows\system32\services.exe</Data></EventData></Event><Event xmlns='http://schemas.microsoft.com/win/2004/08/events/event'><System><Provider Name='Microsoft-Windows-Sysmon' Guid='{5770385f-c22a-43e0-bf4c-06f5698ffbd9}'/><EventID>3</EventID><Version>5</Version><Level>4</Level><Task>3</Task><Opcode>0</Opcode><Keywords>0x8000000000000000</Keywords><TimeCreated SystemTime='2020-05-18T06:22:33.736194500Z'/><EventRecordID>2527</EventRecordID><Correlation/><Execution ProcessID='3008' ThreadID='3544'/><Channel>Microsoft-Windows-Sysmon/Operational</Channel><Computer>DESKTOP-P84STH6</Computer><Security UserID='S-1-5-18'/></System><EventData><Data Name='RuleName'>Usermode</Data><Data Name='UtcTime'>2020-05-18 06:22:30.652</Data><Data Name='ProcessGuid'>{5d3d98af-296e-5ec2-0000-0010e8ac2b00}</Data><Data Name='ProcessId'>8132</Data><Data Name='Image'>C:\Users\NS\AppData\Local\Programs\Microsoft VS Code\Code.exe</Data><Data Name='User'>DESKTOP-P84STH6\NS</Data><Data Name='Protocol'>tcp</Data><Data Name='Initiated'>true</Data><Data Name='SourceIsIpv6'>false</Data><Data Name='SourceIp'>10.0.2.15</Data><Data Name='SourceHostname'>DESKTOP-P84STH6</Data><Data Name='SourcePort'>49998</Data><Data Name='SourcePortName'></Data><Data Name='DestinationIsIpv6'>false</Data><Data Name='DestinationIp'>111.221.29.254</Data><Data Name='DestinationHostname'></Data><Data Name='DestinationPort'>443</Data><Data Name='DestinationPortName'>https</Data></EventData></Event><Event xmlns='http://schemas.microsoft.com/win/2004/08/events/event'><System><Provider Name='Microsoft-Windows-Sysmon' Guid='{5770385f-c22a-43e0-bf4c-06f5698ffbd9}'/><EventID>22</EventID><Version>5</Version><Level>4</Level><Task>22</Task><Opcode>0</Opcode><Keywords>0x8000000000000000</Keywords><TimeCreated SystemTime='2020-05-18T06:22:33.533834200Z'/><EventRecordID>2526</EventRecordID><Correlation/><Execution ProcessID='3008' ThreadID='3548'/><Channel>Microsoft-Windows-Sysmon/Operational</Channel><Computer>DESKTOP-P84STH6</Computer><Security UserID='S-1-5-18'/></System><EventData><Data Name='RuleName'></Data><Data Name='UtcTime'>2020-05-18 06:22:29.726</Data><Data Name='ProcessGuid'>{5d3d98af-27ae-5ec2-0000-0010d9011800}</Data><Data Name='ProcessId'>6832</Data><Data Name='QueryName'>play.google.com</Data><Data Name='QueryStatus'>0</Data><Data Name='QueryResults'>172.217.24.14;216.239.32.10;2001:4860:4802:32::a;216.239.34.10;2001:4860:4802:34::a;216.239.36.10;2001:4860:4802:36::a;216.239.38.10;2001:4860:4802:38::a;</Data><Data Name='Image'>C:\Program Files (x86)\Google\Chrome\Application\chrome.exe</Data></EventData></Event><Event xmlns='http://schemas.microsoft.com/win/2004/08/events/event'><System><Provider Name='Microsoft-Windows-Sysmon' Guid='{5770385f-c22a-43e0-bf4c-06f5698ffbd9}'/><EventID>22</EventID><Version>5</Version><Level>4</Level><Task>22</Task><Opcode>0</Opcode><Keywords>0x8000000000000000</Keywords><TimeCreated SystemTime='2020-05-18T06:22:26.132188400Z'/><EventRecordID>2525</EventRecordID><Correlation/><Execution ProcessID='3008' ThreadID='3548'/><Channel>Microsoft-Windows-Sysmon/Operational</Channel><Computer>DESKTOP-P84STH6</Computer><Security UserID='S-1-5-18'/></System><EventData><Data Name='RuleName'></Data><Data Name='UtcTime'>2020-05-18 06:22:23.788</Data><Data Name='ProcessGuid'>{5d3d98af-27ae-5ec2-0000-0010d9011800}</Data><Data Name='ProcessId'>6832</Data><Data Name='QueryName'>api.github.com</Data><Data Name='QueryStatus'>0</Data><Data Name='QueryResults'>140.82.113.5;208.78.70.16;204.13.250.16;208.78.71.16;204.13.251.16;205.251.193.165;2600:9000:5301:a500::1;205.251.194.8;2600:9000:5302:800::1;205.251.197.3;2600:9000:5305:300::1;205.251.198.171;2600:9000:5306:ab00::1;</Data><Data Name='Image'>C:\Program Files (x86)\Google\Chrome\Application\chrome.exe</Data></EventData></Event><Event xmlns='http://schemas.microsoft.com/win/2004/08/events/event'><System><Provider Name='Microsoft-Windows-Sysmon' Guid='{5770385f-c22a-43e0-bf4c-06f5698ffbd9}'/><EventID>22</EventID><Version>5</Version><Level>4</Level><Task>22</Task><Opcode>0</Opcode><Keywords>0x8000000000000000</Keywords><TimeCreated SystemTime='2020-05-18T06:22:26.131571100Z'/><EventRecordID>2524</EventRecordID><Correlation/><Execution ProcessID='3008' ThreadID='3548'/><Channel>Microsoft-Windows-Sysmon/Operational</Channel><Computer>DESKTOP-P84STH6</Computer><Security UserID='S-1-5-18'/></System><EventData><Data Name='RuleName'></Data><Data Name='UtcTime'>2020-05-18 06:22:22.758</Data><Data Name='ProcessGuid'>{5d3d98af-27ae-5ec2-0000-0010d9011800}</Data><Data Name='ProcessId'>6832</Data><Data Name='QueryName'>code.visualstudio.com</Data><Data Name='QueryStatus'>0</Data><Data Name='QueryResults'>type:  5 vscode.trafficmanager.net;type:  5 vscode-westus.azurewebsites.net;type:  5 waws-prod-bay-025a.sip.azurewebsites.windows.net;type:  5 waws-prod-bay-025a.cloudapp.net;40.112.243.12;40.90.4.201;2603:1061::c9;64.4.48.201;13.107.24.201;13.107.160.201;</Data><Data Name='Image'>C:\Program Files (x86)\Google\Chrome\Application\chrome.exe</Data></EventData></Event><Event xmlns='http://schemas.microsoft.com/win/2004/08/events/event'><System><Provider Name='Microsoft-Windows-Sysmon' Guid='{5770385f-c22a-43e0-bf4c-06f5698ffbd9}'/><EventID>13</EventID><Version>2</Version><Level>4</Level><Task>13</Task><Opcode>0</Opcode><Keywords>0x8000000000000000</Keywords><TimeCreated SystemTime='2020-05-18T06:22:21.726926600Z'/><EventRecordID>2523</EventRecordID><Correlation/><Execution ProcessID='3008' ThreadID='3552'/><Channel>Microsoft-Windows-Sysmon/Operational</Channel><Computer>DESKTOP-P84STH6</Computer><Security UserID='S-1-5-18'/></System><EventData><Data Name='RuleName'>InvDB-Ver</Data><Data Name='EventType'>SetValue</Data><Data Name='UtcTime'>2020-05-18 06:22:21.612</Data><Data Name='ProcessGuid'>{5d3d98af-297f-5ec2-0000-0010ff4e2c00}</Data><Data Name='ProcessId'>7064</Data><Data Name='Image'>C:\Windows\system32\compattelrunner.exe</Data><Data Name='TargetObject'>\REGISTRY\A\{306b2099-7943-b298-df8d-eb87421480ed}\Root\InventoryApplicationFile\winpty-agent.exe|a17dc58f1d095682\BinProductVersion</Data><Data Name='Details'>(Empty)</Data></EventData></Event><Event xmlns='http://schemas.microsoft.com/win/2004/08/events/event'><System><Provider Name='Microsoft-Windows-Sysmon' Guid='{5770385f-c22a-43e0-bf4c-06f5698ffbd9}'/><EventID>13</EventID><Version>2</Version><Level>4</Level><Task>13</Task><Opcode>0</Opcode><Keywords>0x8000000000000000</Keywords><TimeCreated SystemTime='2020-05-18T06:22:21.725544800Z'/><EventRecordID>2522</EventRecordID><Correlation/><Execution ProcessID='3008' ThreadID='3552'/><Channel>Microsoft-Windows-Sysmon/Operational</Channel><Computer>DESKTOP-P84STH6</Computer><Security UserID='S-1-5-18'/></System><EventData><Data Name='RuleName'>InvDB-CompileTimeClaim</Data><Data Name='EventType'>SetValue</Data><Data Name='UtcTime'>2020-05-18 06:22:21.612</Data><Data Name='ProcessGuid'>{5d3d98af-297f-5ec2-0000-0010ff4e2c00}</Data><Data Name='ProcessId'>7064</Data><Data Name='Image'>C:\Windows\system32\compattelrunner.exe</Data><Data Name='TargetObject'>\REGISTRY\A\{306b2099-7943-b298-df8d-eb87421480ed}\Root\InventoryApplicationFile\winpty-agent.exe|a17dc58f1d095682\LinkDate</Data><Data Name='Details'>05/14/2020 07:38:53</Data></EventData></Event><Event xmlns='http://schemas.microsoft.com/win/2004/08/events/event'><System><Provider Name='Microsoft-Windows-Sysmon' Guid='{5770385f-c22a-43e0-bf4c-06f5698ffbd9}'/><EventID>13</EventID><Version>2</Version><Level>4</Level><Task>13</Task><Opcode>0</Opcode><Keywords>0x8000000000000000</Keywords><TimeCreated SystemTime='2020-05-18T06:22:21.718972700Z'/><EventRecordID>2521</EventRecordID><Correlation/><Execution ProcessID='3008' ThreadID='3552'/><Channel>Microsoft-Windows-Sysmon/Operational</Channel><Computer>DESKTOP-P84STH6</Computer><Security UserID='S-1-5-18'/></System><EventData><Data Name='RuleName'>InvDB-Pub</Data><Data Name='EventType'>SetValue</Data><Data Name='UtcTime'>2020-05-18 06:22:21.612</Data><Data Name='ProcessGuid'>{5d3d98af-297f-5ec2-0000-0010ff4e2c00}</Data><Data Name='ProcessId'>7064</Data><Data Name='Image'>C:\Windows\system32\compattelrunner.exe</Data><Data Name='TargetObject'>\REGISTRY\A\{306b2099-7943-b298-df8d-eb87421480ed}\Root\InventoryApplicationFile\winpty-agent.exe|a17dc58f1d095682\Publisher</Data><Data Name='Details'>(Empty)</Data></EventData></Event><Event xmlns='http://schemas.microsoft.com/win/2004/08/events/event'><System><Provider Name='Microsoft-Windows-Sysmon' Guid='{5770385f-c22a-43e0-bf4c-06f5698ffbd9}'/><EventID>13</EventID><Version>2</Version><Level>4</Level><Task>13</Task><Opcode>0</Opcode><Keywords>0x8000000000000000</Keywords><TimeCreated SystemTime='2020-05-18T06:22:21.715675500Z'/><EventRecordID>2520</EventRecordID><Correlation/><Execution ProcessID='3008' ThreadID='3552'/><Channel>Microsoft-Windows-Sysmon/Operational</Channel><Computer>DESKTOP-P84STH6</Computer><Security UserID='S-1-5-18'/></System><EventData><Data Name='RuleName'>InvDB-Path</Data><Data Name='EventType'>SetValue</Data><Data Name='UtcTime'>2020-05-18 06:22:21.612</Data><Data Name='ProcessGuid'>{5d3d98af-297f-5ec2-0000-0010ff4e2c00}</Data><Data Name='ProcessId'>7064</Data><Data Name='Image'>C:\Windows\system32\compattelrunner.exe</Data><Data Name='TargetObject'>\REGISTRY\A\{306b2099-7943-b298-df8d-eb87421480ed}\Root\InventoryApplicationFile\winpty-agent.exe|a17dc58f1d095682\LowerCaseLongPath</Data><Data Name='Details'>c:\users\ns\appdata\local\programs\microsoft vs code\resources\app\node_modules.asar.unpacked\node-pty\build\release\winpty-agent.exe</Data></EventData></Event><Event xmlns='http://schemas.microsoft.com/win/2004/08/events/event'><System><Provider Name='Microsoft-Windows-Sysmon' Guid='{5770385f-c22a-43e0-bf4c-06f5698ffbd9}'/><EventID>22</EventID><Version>5</Version><Level>4</Level><Task>22</Task><Opcode>0</Opcode><Keywords>0x8000000000000000</Keywords><TimeCreated SystemTime='2020-05-18T06:22:21.708949600Z'/><EventRecordID>2519</EventRecordID><Correlation/><Execution ProcessID='3008' ThreadID='3548'/><Channel>Microsoft-Windows-Sysmon/Operational</Channel><Computer>DESKTOP-P84STH6</Computer><Security UserID='S-1-5-18'/></System><EventData><Data Name='RuleName'></Data><Data Name='UtcTime'>2020-05-18 06:22:19.236</Data><Data Name='ProcessGuid'>{5d3d98af-27ae-5ec2-0000-0010d9011800}</Data><Data Name='ProcessId'>6832</Data><Data Name='QueryName'>ogs.google.com</Data><Data Name='QueryStatus'>0</Data><Data Name='QueryResults'>type:  5 www3.l.google.com;172.217.27.142;216.239.32.10;2001:4860:4802:32::a;216.239.34.10;2001:4860:4802:34::a;216.239.36.10;2001:4860:4802:36::a;216.239.38.10;2001:4860:4802:38::a;</Data><Data Name='Image'>C:\Program Files (x86)\Google\Chrome\Application\chrome.exe</Data></EventData></Event><Event xmlns='http://schemas.microsoft.com/win/2004/08/events/event'><System><Provider Name='Microsoft-Windows-Sysmon' Guid='{5770385f-c22a-43e0-bf4c-06f5698ffbd9}'/><EventID>22</EventID><Version>5</Version><Level>4</Level><Task>22</Task><Opcode>0</Opcode><Keywords>0x8000000000000000</Keywords><TimeCreated SystemTime='2020-05-18T06:22:21.708591100Z'/><EventRecordID>2518</EventRecordID><Correlation/><Execution ProcessID='3008' ThreadID='3548'/><Channel>Microsoft-Windows-Sysmon/Operational</Channel><Computer>DESKTOP-P84STH6</Computer><Security UserID='S-1-5-18'/></System><EventData><Data Name='RuleName'></Data><Data Name='UtcTime'>2020-05-18 06:22:19.203</Data><Data Name='ProcessGuid'>{5d3d98af-27ae-5ec2-0000-0010d9011800}</Data><Data Name='ProcessId'>6832</Data><Data Name='QueryName'>apis.google.com</Data><Data Name='QueryStatus'>0</Data><Data Name='QueryResults'>type:  5 plus.l.google.com;172.217.27.142;216.239.32.10;2001:4860:4802:32::a;216.239.34.10;2001:4860:4802:34::a;216.239.36.10;216.239.38.10;</Data><Data Name='Image'>C:\Program Files (x86)\Google\Chrome\Application\chrome.exe</Data></EventData></Event><Event xmlns='http://schemas.microsoft.com/win/2004/08/events/event'><System><Provider Name='Microsoft-Windows-Sysmon' Guid='{5770385f-c22a-43e0-bf4c-06f5698ffbd9}'/><EventID>13</EventID><Version>2</Version><Level>4</Level><Task>13</Task><Opcode>0</Opcode><Keywords>0x8000000000000000</Keywords><TimeCreated SystemTime='2020-05-18T06:22:21.705527500Z'/><EventRecordID>2517</EventRecordID><Correlation/><Execution ProcessID='3008' ThreadID='3552'/><Channel>Microsoft-Windows-Sysmon/Operational</Channel><Computer>DESKTOP-P84STH6</Computer><Security UserID='S-1-5-18'/></System><EventData><Data Name='RuleName'>InvDB-Ver</Data><Data Name='EventType'>SetValue</Data><Data Name='UtcTime'>2020-05-18 06:22:21.610</Data><Data Name='ProcessGuid'>{5d3d98af-297f-5ec2-0000-0010ff4e2c00}</Data><Data Name='ProcessId'>7064</Data><Data Name='Image'>C:\Windows\system32\compattelrunner.exe</Data><Data Name='TargetObject'>\REGISTRY\A\{306b2099-7943-b298-df8d-eb87421480ed}\Root\InventoryApplicationFile\unins000.exe|2e886419419165d3\BinProductVersion</Data><Data Name='Details'>0.0.0.0</Data></EventData></Event><Event xmlns='http://schemas.microsoft.com/win/2004/08/events/event'><System><Provider Name='Microsoft-Windows-Sysmon' Guid='{5770385f-c22a-43e0-bf4c-06f5698ffbd9}'/><EventID>13</EventID><Version>2</Version><Level>4</Level><Task>13</Task><Opcode>0</Opcode><Keywords>0x8000000000000000</Keywords><TimeCreated SystemTime='2020-05-18T06:22:21.704151600Z'/><EventRecordID>2516</EventRecordID><Correlation/><Execution ProcessID='3008' ThreadID='3552'/><Channel>Microsoft-Windows-Sysmon/Operational</Channel><Computer>DESKTOP-P84STH6</Computer><Security UserID='S-1-5-18'/></System><EventData><Data Name='RuleName'>InvDB-CompileTimeClaim</Data><Data Name='EventType'>SetValue</Data><Data Name='UtcTime'>2020-05-18 06:22:21.610</Data><Data Name='ProcessGuid'>{5d3d98af-297f-5ec2-0000-0010ff4e2c00}</Data><Data Name='ProcessId'>7064</Data><Data Name='Image'>C:\Windows\system32\compattelrunner.exe</Data><Data Name='TargetObject'>\REGISTRY\A\{306b2099-7943-b298-df8d-eb87421480ed}\Root\InventoryApplicationFile\unins000.exe|2e886419419165d3\LinkDate</Data><Data Name='Details'>06/14/2018 13:27:46</Data></EventData></Event><Event xmlns='http://schemas.microsoft.com/win/2004/08/events/event'><System><Provider Name='Microsoft-Windows-Sysmon' Guid='{5770385f-c22a-43e0-bf4c-06f5698ffbd9}'/><EventID>13</EventID><Version>2</Version><Level>4</Level><Task>13</Task><Opcode>0</Opcode><Keywords>0x8000000000000000</Keywords><TimeCreated SystemTime='2020-05-18T06:22:21.697697900Z'/><EventRecordID>2515</EventRecordID><Correlation/><Execution ProcessID='3008' ThreadID='3552'/><Channel>Microsoft-Windows-Sysmon/Operational</Channel><Computer>DESKTOP-P84STH6</Computer><Security UserID='S-1-5-18'/></System><EventData><Data Name='RuleName'>InvDB-Pub</Data><Data Name='EventType'>SetValue</Data><Data Name='UtcTime'>2020-05-18 06:22:21.610</Data><Data Name='ProcessGuid'>{5d3d98af-297f-5ec2-0000-0010ff4e2c00}</Data><Data Name='ProcessId'>7064</Data><Data Name='Image'>C:\Windows\system32\compattelrunner.exe</Data><Data Name='TargetObject'>\REGISTRY\A\{306b2099-7943-b298-df8d-eb87421480ed}\Root\InventoryApplicationFile\unins000.exe|2e886419419165d3\Publisher</Data><Data Name='Details'>(Empty)</Data></EventData></Event><Event xmlns='http://schemas.microsoft.com/win/2004/08/events/event'><System><Provider Name='Microsoft-Windows-Sysmon' Guid='{5770385f-c22a-43e0-bf4c-06f5698ffbd9}'/><EventID>13</EventID><Version>2</Version><Level>4</Level><Task>13</Task><Opcode>0</Opcode><Keywords>0x8000000000000000</Keywords><TimeCreated SystemTime='2020-05-18T06:22:21.694505400Z'/><EventRecordID>2514</EventRecordID><Correlation/><Execution ProcessID='3008' ThreadID='3552'/><Channel>Microsoft-Windows-Sysmon/Operational</Channel><Computer>DESKTOP-P84STH6</Computer><Security UserID='S-1-5-18'/></System><EventData><Data Name='RuleName'>InvDB-Path</Data><Data Name='EventType'>SetValue</Data><Data Name='UtcTime'>2020-05-18 06:22:21.610</Data><Data Name='ProcessGuid'>{5d3d98af-297f-5ec2-0000-0010ff4e2c00}</Data><Data Name='ProcessId'>7064</Data><Data Name='Image'>C:\Windows\system32\compattelrunner.exe</Data><Data Name='TargetObject'>\REGISTRY\A\{306b2099-7943-b298-df8d-eb87421480ed}\Root\InventoryApplicationFile\unins000.exe|2e886419419165d3\LowerCaseLongPath</Data><Data Name='Details'>c:\users\ns\appdata\local\programs\microsoft vs code\unins000.exe</Data></EventData></Event><Event xmlns='http://schemas.microsoft.com/win/2004/08/events/event'><System><Provider Name='Microsoft-Windows-Sysmon' Guid='{5770385f-c22a-43e0-bf4c-06f5698ffbd9}'/><EventID>13</EventID><Version>2</Version><Level>4</Level><Task>13</Task><Opcode>0</Opcode><Keywords>0x8000000000000000</Keywords><TimeCreated SystemTime='2020-05-18T06:22:21.685948200Z'/><EventRecordID>2513</EventRecordID><Correlation/><Execution ProcessID='3008' ThreadID='3552'/><Channel>Microsoft-Windows-Sysmon/Operational</Channel><Computer>DESKTOP-P84STH6</Computer><Security UserID='S-1-5-18'/></System><EventData><Data Name='RuleName'>InvDB-Ver</Data><Data Name='EventType'>SetValue</Data><Data Name='UtcTime'>2020-05-18 06:22:21.610</Data><Data Name='ProcessGuid'>{5d3d98af-297f-5ec2-0000-0010ff4e2c00}</Data><Data Name='ProcessId'>7064</Data><Data Name='Image'>C:\Windows\system32\compattelrunner.exe</Data><Data Name='TargetObject'>\REGISTRY\A\{306b2099-7943-b298-df8d-eb87421480ed}\Root\InventoryApplicationFile\rg.exe|fbc4b83b2df82a6b\BinProductVersion</Data><Data Name='Details'>(Empty)</Data></EventData></Event><Event xmlns='http://schemas.microsoft.com/win/2004/08/events/event'><System><Provider Name='Microsoft-Windows-Sysmon' Guid='{5770385f-c22a-43e0-bf4c-06f5698ffbd9}'/><EventID>13</EventID><Version>2</Version><Level>4</Level><Task>13</Task><Opcode>0</Opcode><Keywords>0x8000000000000000</Keywords><TimeCreated SystemTime='2020-05-18T06:22:21.684891700Z'/><EventRecordID>2512</EventRecordID><Correlation/><Execution ProcessID='3008' ThreadID='3552'/><Channel>Microsoft-Windows-Sysmon/Operational</Channel><Computer>DESKTOP-P84STH6</Computer><Security UserID='S-1-5-18'/></System><EventData><Data Name='RuleName'>InvDB-CompileTimeClaim</Data><Data Name='EventType'>SetValue</Data><Data Name='UtcTime'>2020-05-18 06:22:21.610</Data><Data Name='ProcessGuid'>{5d3d98af-297f-5ec2-0000-0010ff4e2c00}</Data><Data Name='ProcessId'>7064</Data><Data Name='Image'>C:\Windows\system32\compattelrunner.exe</Data><Data Name='TargetObject'>\REGISTRY\A\{306b2099-7943-b298-df8d-eb87421480ed}\Root\InventoryApplicationFile\rg.exe|fbc4b83b2df82a6b\LinkDate</Data><Data Name='Details'>07/19/2019 17:06:51</Data></EventData></Event><Event xmlns='http://schemas.microsoft.com/win/2004/08/events/event'><System><Provider Name='Microsoft-Windows-Sysmon' Guid='{5770385f-c22a-43e0-bf4c-06f5698ffbd9}'/><EventID>13</EventID><Version>2</Version><Level>4</Level><Task>13</Task><Opcode>0</Opcode><Keywords>0x8000000000000000</Keywords><TimeCreated SystemTime='2020-05-18T06:22:21.678562500Z'/><EventRecordID>2511</EventRecordID><Correlation/><Execution ProcessID='3008' ThreadID='3552'/><Channel>Microsoft-Windows-Sysmon/Operational</Channel><Computer>DESKTOP-P84STH6</Computer><Security UserID='S-1-5-18'/></System><EventData><Data Name='RuleName'>InvDB-Pub</Data><Data Name='EventType'>SetValue</Data><Data Name='UtcTime'>2020-05-18 06:22:21.600</Data><Data Name='ProcessGuid'>{5d3d98af-297f-5ec2-0000-0010ff4e2c00}</Data><Data Name='ProcessId'>7064</Data><Data Name='Image'>C:\Windows\system32\compattelrunner.exe</Data><Data Name='TargetObject'>\REGISTRY\A\{306b2099-7943-b298-df8d-eb87421480ed}\Root\InventoryApplicationFile\rg.exe|fbc4b83b2df82a6b\Publisher</Data><Data Name='Details'>(Empty)</Data></EventData></Event><Event xmlns='http://schemas.microsoft.com/win/2004/08/events/event'><System><Provider Name='Microsoft-Windows-Sysmon' Guid='{5770385f-c22a-43e0-bf4c-06f5698ffbd9}'/><EventID>13</EventID><Version>2</Version><Level>4</Level><Task>13</Task><Opcode>0</Opcode><Keywords>0x8000000000000000</Keywords><TimeCreated SystemTime='2020-05-18T06:22:21.675430400Z'/><EventRecordID>2510</EventRecordID><Correlation/><Execution ProcessID='3008' ThreadID='3552'/><Channel>Microsoft-Windows-Sysmon/Operational</Channel><Computer>DESKTOP-P84STH6</Computer><Security UserID='S-1-5-18'/></System><EventData><Data Name='RuleName'>InvDB-Path</Data><Data Name='EventType'>SetValue</Data><Data Name='UtcTime'>2020-05-18 06:22:21.600</Data><Data Name='ProcessGuid'>{5d3d98af-297f-5ec2-0000-0010ff4e2c00}</Data><Data Name='ProcessId'>7064</Data><Data Name='Image'>C:\Windows\system32\compattelrunner.exe</Data><Data Name='TargetObject'>\REGISTRY\A\{306b2099-7943-b298-df8d-eb87421480ed}\Root\InventoryApplicationFile\rg.exe|fbc4b83b2df82a6b\LowerCaseLongPath</Data><Data Name='Details'>c:\users\ns\appdata\local\programs\microsoft vs code\resources\app\node_modules.asar.unpacked\vscode-ripgrep\bin\rg.exe</Data></EventData></Event><Event xmlns='http://schemas.microsoft.com/win/2004/08/events/event'><System><Provider Name='Microsoft-Windows-Sysmon' Guid='{5770385f-c22a-43e0-bf4c-06f5698ffbd9}'/><EventID>13</EventID><Version>2</Version><Level>4</Level><Task>13</Task><Opcode>0</Opcode><Keywords>0x8000000000000000</Keywords><TimeCreated SystemTime='2020-05-18T06:22:21.666915700Z'/><EventRecordID>2509</EventRecordID><Correlation/><Execution ProcessID='3008' ThreadID='3552'/><Channel>Microsoft-Windows-Sysmon/Operational</Channel><Computer>DESKTOP-P84STH6</Computer><Security UserID='S-1-5-18'/></System><EventData><Data Name='RuleName'>InvDB-Ver</Data><Data Name='EventType'>SetValue</Data><Data Name='UtcTime'>2020-05-18 06:22:21.600</Data><Data Name='ProcessGuid'>{5d3d98af-297f-5ec2-0000-0010ff4e2c00}</Data><Data Name='ProcessId'>7064</Data><Data Name='Image'>C:\Windows\system32\compattelrunner.exe</Data><Data Name='TargetObject'>\REGISTRY\A\{306b2099-7943-b298-df8d-eb87421480ed}\Root\InventoryApplicationFile\inno_updater.exe|a33dc0795b8f45d5\BinProductVersion</Data><Data Name='Details'>(Empty)</Data></EventData></Event><Event xmlns='http://schemas.microsoft.com/win/2004/08/events/event'><System><Provider Name='Microsoft-Windows-Sysmon' Guid='{5770385f-c22a-43e0-bf4c-06f5698ffbd9}'/><EventID>13</EventID><Version>2</Version><Level>4</Level><Task>13</Task><Opcode>0</Opcode><Keywords>0x8000000000000000</Keywords><TimeCreated SystemTime='2020-05-18T06:22:21.665826900Z'/><EventRecordID>2508</EventRecordID><Correlation/><Execution ProcessID='3008' ThreadID='3552'/><Channel>Microsoft-Windows-Sysmon/Operational</Channel><Computer>DESKTOP-P84STH6</Computer><Security UserID='S-1-5-18'/></System><EventData><Data Name='RuleName'>InvDB-CompileTimeClaim</Data><Data Name='EventType'>SetValue</Data><Data Name='UtcTime'>2020-05-18 06:22:21.600</Data><Data Name='ProcessGuid'>{5d3d98af-297f-5ec2-0000-0010ff4e2c00}</Data><Data Name='ProcessId'>7064</Data><Data Name='Image'>C:\Windows\system32\compattelrunner.exe</Data><Data Name='TargetObject'>\REGISTRY\A\{306b2099-7943-b298-df8d-eb87421480ed}\Root\InventoryApplicationFile\inno_updater.exe|a33dc0795b8f45d5\LinkDate</Data><Data Name='Details'>10/17/2019 11:25:15</Data></EventData></Event><Event xmlns='http://schemas.microsoft.com/win/2004/08/events/event'><System><Provider Name='Microsoft-Windows-Sysmon' Guid='{5770385f-c22a-43e0-bf4c-06f5698ffbd9}'/><EventID>13</EventID><Version>2</Version><Level>4</Level><Task>13</Task><Opcode>0</Opcode><Keywords>0x8000000000000000</Keywords><TimeCreated SystemTime='2020-05-18T06:22:21.658495900Z'/><EventRecordID>2507</EventRecordID><Correlation/><Execution ProcessID='3008' ThreadID='3552'/><Channel>Microsoft-Windows-Sysmon/Operational</Channel><Computer>DESKTOP-P84STH6</Computer><Security UserID='S-1-5-18'/></System><EventData><Data Name='RuleName'>InvDB-Pub</Data><Data Name='EventType'>SetValue</Data><Data Name='UtcTime'>2020-05-18 06:22:21.600</Data><Data Name='ProcessGuid'>{5d3d98af-297f-5ec2-0000-0010ff4e2c00}</Data><Data Name='ProcessId'>7064</Data><Data Name='Image'>C:\Windows\system32\compattelrunner.exe</Data><Data Name='TargetObject'>\REGISTRY\A\{306b2099-7943-b298-df8d-eb87421480ed}\Root\InventoryApplicationFile\inno_updater.exe|a33dc0795b8f45d5\Publisher</Data><Data Name='Details'>(Empty)</Data></EventData></Event><Event xmlns='http://schemas.microsoft.com/win/2004/08/events/event'><System><Provider Name='Microsoft-Windows-Sysmon' Guid='{5770385f-c22a-43e0-bf4c-06f5698ffbd9}'/><EventID>13</EventID><Version>2</Version><Level>4</Level><Task>13</Task><Opcode>0</Opcode><Keywords>0x8000000000000000</Keywords><TimeCreated SystemTime='2020-05-18T06:22:21.655085200Z'/><EventRecordID>2506</EventRecordID><Correlation/><Execution ProcessID='3008' ThreadID='3552'/><Channel>Microsoft-Windows-Sysmon/Operational</Channel><Computer>DESKTOP-P84STH6</Computer><Security UserID='S-1-5-18'/></System><EventData><Data Name='RuleName'>InvDB-Path</Data><Data Name='EventType'>SetValue</Data><Data Name='UtcTime'>2020-05-18 06:22:21.600</Data><Data Name='ProcessGuid'>{5d3d98af-297f-5ec2-0000-0010ff4e2c00}</Data><Data Name='ProcessId'>7064</Data><Data Name='Image'>C:\Windows\system32\compattelrunner.exe</Data><Data Name='TargetObject'>\REGISTRY\A\{306b2099-7943-b298-df8d-eb87421480ed}\Root\InventoryApplicationFile\inno_updater.exe|a33dc0795b8f45d5\LowerCaseLongPath</Data><Data Name='Details'>c:\users\ns\appdata\local\programs\microsoft vs code\tools\inno_updater.exe</Data></EventData></Event><Event xmlns='http://schemas.microsoft.com/win/2004/08/events/event'><System><Provider Name='Microsoft-Windows-Sysmon' Guid='{5770385f-c22a-43e0-bf4c-06f5698ffbd9}'/><EventID>13</EventID><Version>2</Version><Level>4</Level><Task>13</Task><Opcode>0</Opcode><Keywords>0x8000000000000000</Keywords><TimeCreated SystemTime='2020-05-18T06:22:21.645975500Z'/><EventRecordID>2505</EventRecordID><Correlation/><Execution ProcessID='3008' ThreadID='3552'/><Channel>Microsoft-Windows-Sysmon/Operational</Channel><Computer>DESKTOP-P84STH6</Computer><Security UserID='S-1-5-18'/></System><EventData><Data Name='RuleName'>InvDB-Ver</Data><Data Name='EventType'>SetValue</Data><Data Name='UtcTime'>2020-05-18 06:22:21.600</Data><Data Name='ProcessGuid'>{5d3d98af-297f-5ec2-0000-0010ff4e2c00}</Data><Data Name='ProcessId'>7064</Data><Data Name='Image'>C:\Windows\system32\compattelrunner.exe</Data><Data Name='TargetObject'>\REGISTRY\A\{306b2099-7943-b298-df8d-eb87421480ed}\Root\InventoryApplicationFile\code.exe|5d46a36c6db1c105\BinProductVersion</Data><Data Name='Details'>1.45.1.0</Data></EventData></Event><Event xmlns='http://schemas.microsoft.com/win/2004/08/events/event'><System><Provider Name='Microsoft-Windows-Sysmon' Guid='{5770385f-c22a-43e0-bf4c-06f5698ffbd9}'/><EventID>13</EventID><Version>2</Version><Level>4</Level><Task>13</Task><Opcode>0</Opcode><Keywords>0x8000000000000000</Keywords><TimeCreated SystemTime='2020-05-18T06:22:21.644896900Z'/><EventRecordID>2504</EventRecordID><Correlation/><Execution ProcessID='3008' ThreadID='3552'/><Channel>Microsoft-Windows-Sysmon/Operational</Channel><Computer>DESKTOP-P84STH6</Computer><Security UserID='S-1-5-18'/></System><EventData><Data Name='RuleName'>InvDB-CompileTimeClaim</Data><Data Name='EventType'>SetValue</Data><Data Name='UtcTime'>2020-05-18 06:22:21.600</Data><Data Name='ProcessGuid'>{5d3d98af-297f-5ec2-0000-0010ff4e2c00}</Data><Data Name='ProcessId'>7064</Data><Data Name='Image'>C:\Windows\system32\compattelrunner.exe</Data><Data Name='TargetObject'>\REGISTRY\A\{306b2099-7943-b298-df8d-eb87421480ed}\Root\InventoryApplicationFile\code.exe|5d46a36c6db1c105\LinkDate</Data><Data Name='Details'>12/06/2019 01:09:50</Data></EventData></Event><Event xmlns='http://schemas.microsoft.com/win/2004/08/events/event'><System><Provider Name='Microsoft-Windows-Sysmon' Guid='{5770385f-c22a-43e0-bf4c-06f5698ffbd9}'/><EventID>13</EventID><Version>2</Version><Level>4</Level><Task>13</Task><Opcode>0</Opcode><Keywords>0x8000000000000000</Keywords><TimeCreated SystemTime='2020-05-18T06:22:21.637921200Z'/><EventRecordID>2503</EventRecordID><Correlation/><Execution ProcessID='3008' ThreadID='3552'/><Channel>Microsoft-Windows-Sysmon/Operational</Channel><Computer>DESKTOP-P84STH6</Computer><Security UserID='S-1-5-18'/></System><EventData><Data Name='RuleName'>InvDB-Pub</Data><Data Name='EventType'>SetValue</Data><Data Name='UtcTime'>2020-05-18 06:22:21.600</Data><Data Name='ProcessGuid'>{5d3d98af-297f-5ec2-0000-0010ff4e2c00}</Data><Data Name='ProcessId'>7064</Data><Data Name='Image'>C:\Windows\system32\compattelrunner.exe</Data><Data Name='TargetObject'>\REGISTRY\A\{306b2099-7943-b298-df8d-eb87421480ed}\Root\InventoryApplicationFile\code.exe|5d46a36c6db1c105\Publisher</Data><Data Name='Details'>microsoft corporation</Data></EventData></Event>