<?xml version="1.0" encoding="utf-8" standalone="yes"?>
<Events><Event xmlns='http://schemas.microsoft.com/win/2004/08/events/event'><System><Provider Name='Microsoft-Windows-Sysmon' Guid='{5770385f-c22a-43e0-bf4c-06f5698ffbd9}'/><EventID>1</EventID><Version>5</Version><Level>4</Level><Task>1</Task><Opcode>0</Opcode><Keywords>0x8000000000000000</Keywords><TimeCreated SystemTime='2020-05-18T07:28:02.035876400Z'/><EventRecordID>3361</EventRecordID><Correlation/><Execution ProcessID='3008' ThreadID='3552'/><Channel>Microsoft-Windows-Sysmon/Operational</Channel><Computer>DESKTOP-P84STH6</Computer><Security UserID='S-1-5-18'/></System><EventData><Data Name='RuleName'></Data><Data Name='UtcTime'>2020-05-18 07:28:02.023</Data><Data Name='ProcessGuid'>{5d3d98af-3902-5ec2-0000-0010bcb0a100}</Data><Data Name='ProcessId'>8584</Data><Data Name='Image'>C:\Windows\System32\sc.exe</Data><Data Name='FileVersion'>10.0.18362.1 (WinBuild.160101.0800)</Data><Data Name='Description'>Service Control Manager Configuration Tool</Data><Data Name='Product'>Microsoft® Windows® Operating System</Data><Data Name='Company'>Microsoft Corporation</Data><Data Name='OriginalFileName'>sc.exe</Data><Data Name='CommandLine'>C:\Windows\system32\sc.exe start wuauserv</Data><Data Name='CurrentDirectory'>C:\Windows\system32\</Data><Data Name='User'>NT AUTHORITY\SYSTEM</Data><Data Name='LogonGuid'>{5d3d98af-26b2-5ec2-0000-0020e7030000}</Data><Data Name='LogonId'>0x3e7</Data><Data Name='TerminalSessionId'>0</Data><Data Name='IntegrityLevel'>System</Data><Data Name='Hashes'>MD5=E46C638010C25479F66BACBE8596CA76,SHA256=39C59C362649090B4D34E5C8221C6E86552C07FE2DF3478D591A68B70917BC0A,IMPHASH=35A7FFDE18D444A92D32C8B2879450FF</Data><Data Name='ParentProcessGuid'>{5d3d98af-26b3-5ec2-0000-0010f1f90000}</Data><Data Name='ParentProcessId'>1484</Data><Data Name='ParentImage'>C:\Windows\System32\svchost.exe</Data><Data Name='ParentCommandLine'>C:\Windows\system32\svchost.exe -k netsvcs -p -s Schedule</Data></EventData></Event><Event xmlns='http://schemas.microsoft.com/win/2004/08/events/event'><System><Provider Name='Microsoft-Windows-Sysmon' Guid='{5770385f-c22a-43e0-bf4c-06f5698ffbd9}'/><EventID>3</EventID><Version>5</Version><Level>4</Level><Task>3</Task><Opcode>0</Opcode><Keywords>0x8000000000000000</Keywords><TimeCreated SystemTime='2020-05-18T07:27:28.246471300Z'/><EventRecordID>3360</EventRecordID><Correlation/><Execution ProcessID='3008' ThreadID='3544'/><Channel>Microsoft-Windows-Sysmon/Operational</Channel><Computer>DESKTOP-P84STH6</Computer><Security UserID='S-1-5-18'/></System><EventData><Data Name='RuleName'>Usermode</Data><Data Name='UtcTime'>2020-05-18 07:27:24.393</Data><Data Name='ProcessGuid'>{5d3d98af-296e-5ec2-0000-0010e8ac2b00}</Data><Data Name='ProcessId'>8132</Data><Data Name='Image'>C:\Users\NS\AppData\Local\Programs\Microsoft VS Code\Code.exe</Data><Data Name='User'>DESKTOP-P84STH6\NS</Data><Data Name='Protocol'>tcp</Data><Data Name='Initiated'>true</Data><Data Name='SourceIsIpv6'>false</Data><Data Name='SourceIp'>10.0.2.15</Data><Data Name='SourceHostname'>DESKTOP-P84STH6</Data><Data Name='SourcePort'>50644</Data><Data Name='SourcePortName'></Data><Data Name='DestinationIsIpv6'>false</Data><Data Name='DestinationIp'>111.221.29.254</Data><Data Name='DestinationHostname'></Data><Data Name='DestinationPort'>443</Data><Data Name='DestinationPortName'>https</Data></EventData></Event><Event xmlns='http://schemas.microsoft.com/win/2004/08/events/event'><System><Provider Name='Microsoft-Windows-Sysmon' Guid='{5770385f-c22a-43e0-bf4c-06f5698ffbd9}'/><EventID>3</EventID><Version>5</Version><Level>4</Level><Task>3</Task><Opcode>0</Opcode><Keywords>0x8000000000000000</Keywords><TimeCreated SystemTime='2020-05-18T07:27:15.222678400Z'/><EventRecordID>3359</EventRecordID><Correlation/><Execution ProcessID='3008' ThreadID='3544'/><Channel>Microsoft-Windows-Sysmon/Operational</Channel><Computer>DESKTOP-P84STH6</Computer><Security UserID='S-1-5-18'/></System><EventData><Data Name='RuleName'>Usermode</Data><Data Name='UtcTime'>2020-05-18 07:27:11.950</Data><Data Name='ProcessGuid'>{5d3d98af-312b-5ec2-0000-0010f6218400}</Data><Data Name='ProcessId'>280</Data><Data Name='Image'>C:\Users\NS\AppData\Local\Programs\Python\Python38-32\python.exe</Data><Data Name='User'>DESKTOP-P84STH6\NS</Data><Data Name='Protocol'>tcp</Data><Data Name='Initiated'>false</Data><Data Name='SourceIsIpv6'>true</Data><Data Name='SourceIp'>0:0:0:0:0:0:0:1</Data><Data Name='SourceHostname'>DESKTOP-P84STH6</Data><Data Name='SourcePort'>50643</Data><Data Name='SourcePortName'></Data><Data Name='DestinationIsIpv6'>true</Data><Data Name='DestinationIp'>0:0:0:0:0:0:0:1</Data><Data Name='DestinationHostname'>DESKTOP-P84STH6</Data><Data Name='DestinationPort'>8080</Data><Data Name='DestinationPortName'></Data></EventData></Event><Event xmlns='http://schemas.microsoft.com/win/2004/08/events/event'><System><Provider Name='Microsoft-Windows-Sysmon' Guid='{5770385f-c22a-43e0-bf4c-06f5698ffbd9}'/><EventID>3</EventID><Version>5</Version><Level>4</Level><Task>3</Task><Opcode>0</Opcode><Keywords>0x8000000000000000</Keywords><TimeCreated SystemTime='2020-05-18T07:27:14.722306400Z'/><EventRecordID>3358</EventRecordID><Correlation/><Execution ProcessID='3008' ThreadID='3544'/><Channel>Microsoft-Windows-Sysmon/Operational</Channel><Computer>DESKTOP-P84STH6</Computer><Security UserID='S-1-5-18'/></System><EventData><Data Name='RuleName'>Proxy</Data><Data Name='UtcTime'>2020-05-18 07:27:11.950</Data><Data Name='ProcessGuid'>{5d3d98af-3136-5ec2-0000-001095b88400}</Data><Data Name='ProcessId'>8240</Data><Data Name='Image'>C:\Program Files (x86)\Google\Chrome\Application\chrome.exe</Data><Data Name='User'>DESKTOP-P84STH6\NS</Data><Data Name='Protocol'>tcp</Data><Data Name='Initiated'>true</Data><Data Name='SourceIsIpv6'>true</Data><Data Name='SourceIp'>0:0:0:0:0:0:0:1</Data><Data Name='SourceHostname'>DESKTOP-P84STH6</Data><Data Name='SourcePort'>50643</Data><Data Name='SourcePortName'></Data><Data Name='DestinationIsIpv6'>true</Data><Data Name='DestinationIp'>0:0:0:0:0:0:0:1</Data><Data Name='DestinationHostname'>DESKTOP-P84STH6</Data><Data Name='DestinationPort'>8080</Data><Data Name='DestinationPortName'></Data></EventData></Event><Event xmlns='http://schemas.microsoft.com/win/2004/08/events/event'><System><Provider Name='Microsoft-Windows-Sysmon' Guid='{5770385f-c22a-43e0-bf4c-06f5698ffbd9}'/><EventID>3</EventID><Version>5</Version><Level>4</Level><Task>3</Task><Opcode>0</Opcode><Keywords>0x8000000000000000</Keywords><TimeCreated SystemTime='2020-05-18T07:27:14.221995300Z'/><EventRecordID>3357</EventRecordID><Correlation/><Execution ProcessID='3008' ThreadID='3544'/><Channel>Microsoft-Windows-Sysmon/Operational</Channel><Computer>DESKTOP-P84STH6</Computer><Security UserID='S-1-5-18'/></System><EventData><Data Name='RuleName'>Usermode</Data><Data Name='UtcTime'>2020-05-18 07:27:11.619</Data><Data Name='ProcessGuid'>{5d3d98af-312b-5ec2-0000-0010f6218400}</Data><Data Name='ProcessId'>280</Data><Data Name='Image'>C:\Users\NS\AppData\Local\Programs\Python\Python38-32\python.exe</Data><Data Name='User'>DESKTOP-P84STH6\NS</Data><Data Name='Protocol'>tcp</Data><Data Name='Initiated'>false</Data><Data Name='SourceIsIpv6'>true</Data><Data Name='SourceIp'>0:0:0:0:0:0:0:1</Data><Data Name='SourceHostname'>DESKTOP-P84STH6</Data><Data Name='SourcePort'>50642</Data><Data Name='SourcePortName'></Data><Data Name='DestinationIsIpv6'>true</Data><Data Name='DestinationIp'>0:0:0:0:0:0:0:1</Data><Data Name='DestinationHostname'>DESKTOP-P84STH6</Data><Data Name='DestinationPort'>8080</Data><Data Name='DestinationPortName'></Data></EventData></Event><Event xmlns='http://schemas.microsoft.com/win/2004/08/events/event'><System><Provider Name='Microsoft-Windows-Sysmon' Guid='{5770385f-c22a-43e0-bf4c-06f5698ffbd9}'/><EventID>3</EventID><Version>5</Version><Level>4</Level><Task>3</Task><Opcode>0</Opcode><Keywords>0x8000000000000000</Keywords><TimeCreated SystemTime='2020-05-18T07:27:14.221927800Z'/><EventRecordID>3356</EventRecordID><Correlation/><Execution ProcessID='3008' ThreadID='3544'/><Channel>Microsoft-Windows-Sysmon/Operational</Channel><Computer>DESKTOP-P84STH6</Computer><Security UserID='S-1-5-18'/></System><EventData><Data Name='RuleName'>Proxy</Data><Data Name='UtcTime'>2020-05-18 07:27:11.619</Data><Data Name='ProcessGuid'>{5d3d98af-3136-5ec2-0000-001095b88400}</Data><Data Name='ProcessId'>8240</Data><Data Name='Image'>C:\Program Files (x86)\Google\Chrome\Application\chrome.exe</Data><Data Name='User'>DESKTOP-P84STH6\NS</Data><Data Name='Protocol'>tcp</Data><Data Name='Initiated'>true</Data><Data Name='SourceIsIpv6'>true</Data><Data Name='SourceIp'>0:0:0:0:0:0:0:1</Data><Data Name='SourceHostname'>DESKTOP-P84STH6</Data><Data Name='SourcePort'>50642</Data><Data Name='SourcePortName'></Data><Data Name='DestinationIsIpv6'>true</Data><Data Name='DestinationIp'>0:0:0:0:0:0:0:1</Data><Data Name='DestinationHostname'>DESKTOP-P84STH6</Data><Data Name='DestinationPort'>8080</Data><Data Name='DestinationPortName'></Data></EventData></Event><Event xmlns='http://schemas.microsoft.com/win/2004/08/events/event'><System><Provider Name='Microsoft-Windows-Sysmon' Guid='{5770385f-c22a-43e0-bf4c-06f5698ffbd9}'/><EventID>3</EventID><Version>5</Version><Level>4</Level><Task>3</Task><Opcode>0</Opcode><Keywords>0x8000000000000000</Keywords><TimeCreated SystemTime='2020-05-18T07:27:14.221740600Z'/><EventRecordID>3355</EventRecordID><Correlation/><Execution ProcessID='3008' ThreadID='3544'/><Channel>Microsoft-Windows-Sysmon/Operational</Channel><Computer>DESKTOP-P84STH6</Computer><Security UserID='S-1-5-18'/></System><EventData><Data Name='RuleName'>Usermode</Data><Data Name='UtcTime'>2020-05-18 07:27:11.619</Data><Data Name='ProcessGuid'>{5d3d98af-312b-5ec2-0000-0010f6218400}</Data><Data Name='ProcessId'>280</Data><Data Name='Image'>C:\Users\NS\AppData\Local\Programs\Python\Python38-32\python.exe</Data><Data Name='User'>DESKTOP-P84STH6\NS</Data><Data Name='Protocol'>tcp</Data><Data Name='Initiated'>false</Data><Data Name='SourceIsIpv6'>true</Data><Data Name='SourceIp'>0:0:0:0:0:0:0:1</Data><Data Name='SourceHostname'>DESKTOP-P84STH6</Data><Data Name='SourcePort'>50641</Data><Data Name='SourcePortName'></Data><Data Name='DestinationIsIpv6'>true</Data><Data Name='DestinationIp'>0:0:0:0:0:0:0:1</Data><Data Name='DestinationHostname'>DESKTOP-P84STH6</Data><Data Name='DestinationPort'>8080</Data><Data Name='DestinationPortName'></Data></EventData></Event><Event xmlns='http://schemas.microsoft.com/win/2004/08/events/event'><System><Provider Name='Microsoft-Windows-Sysmon' Guid='{5770385f-c22a-43e0-bf4c-06f5698ffbd9}'/><EventID>3</EventID><Version>5</Version><Level>4</Level><Task>3</Task><Opcode>0</Opcode><Keywords>0x8000000000000000</Keywords><TimeCreated SystemTime='2020-05-18T07:27:14.221661700Z'/><EventRecordID>3354</EventRecordID><Correlation/><Execution ProcessID='3008' ThreadID='3544'/><Channel>Microsoft-Windows-Sysmon/Operational</Channel><Computer>DESKTOP-P84STH6</Computer><Security UserID='S-1-5-18'/></System><EventData><Data Name='RuleName'>Proxy</Data><Data Name='UtcTime'>2020-05-18 07:27:11.619</Data><Data Name='ProcessGuid'>{5d3d98af-3136-5ec2-0000-001095b88400}</Data><Data Name='ProcessId'>8240</Data><Data Name='Image'>C:\Program Files (x86)\Google\Chrome\Application\chrome.exe</Data><Data Name='User'>DESKTOP-P84STH6\NS</Data><Data Name='Protocol'>tcp</Data><Data Name='Initiated'>true</Data><Data Name='SourceIsIpv6'>true</Data><Data Name='SourceIp'>0:0:0:0:0:0:0:1</Data><Data Name='SourceHostname'>DESKTOP-P84STH6</Data><Data Name='SourcePort'>50641</Data><Data Name='SourcePortName'></Data><Data Name='DestinationIsIpv6'>true</Data><Data Name='DestinationIp'>0:0:0:0:0:0:0:1</Data><Data Name='DestinationHostname'>DESKTOP-P84STH6</Data><Data Name='DestinationPort'>8080</Data><Data Name='DestinationPortName'></Data></EventData></Event><Event xmlns='http://schemas.microsoft.com/win/2004/08/events/event'><System><Provider Name='Microsoft-Windows-Sysmon' Guid='{5770385f-c22a-43e0-bf4c-06f5698ffbd9}'/><EventID>3</EventID><Version>5</Version><Level>4</Level><Task>3</Task><Opcode>0</Opcode><Keywords>0x8000000000000000</Keywords><TimeCreated SystemTime='2020-05-18T07:27:10.098229500Z'/><EventRecordID>3353</EventRecordID><Correlation/><Execution ProcessID='3008' ThreadID='3544'/><Channel>Microsoft-Windows-Sysmon/Operational</Channel><Computer>DESKTOP-P84STH6</Computer><Security UserID='S-1-5-18'/></System><EventData><Data Name='RuleName'>Usermode</Data><Data Name='UtcTime'>2020-05-18 07:27:06.745</Data><Data Name='ProcessGuid'>{5d3d98af-312b-5ec2-0000-0010f6218400}</Data><Data Name='ProcessId'>280</Data><Data Name='Image'>C:\Users\NS\AppData\Local\Programs\Python\Python38-32\python.exe</Data><Data Name='User'>DESKTOP-P84STH6\NS</Data><Data Name='Protocol'>tcp</Data><Data Name='Initiated'>false</Data><Data Name='SourceIsIpv6'>true</Data><Data Name='SourceIp'>0:0:0:0:0:0:0:1</Data><Data Name='SourceHostname'>DESKTOP-P84STH6</Data><Data Name='SourcePort'>50640</Data><Data Name='SourcePortName'></Data><Data Name='DestinationIsIpv6'>true</Data><Data Name='DestinationIp'>0:0:0:0:0:0:0:1</Data><Data Name='DestinationHostname'>DESKTOP-P84STH6</Data><Data Name='DestinationPort'>8080</Data><Data Name='DestinationPortName'></Data></EventData></Event><Event xmlns='http://schemas.microsoft.com/win/2004/08/events/event'><System><Provider Name='Microsoft-Windows-Sysmon' Guid='{5770385f-c22a-43e0-bf4c-06f5698ffbd9}'/><EventID>3</EventID><Version>5</Version><Level>4</Level><Task>3</Task><Opcode>0</Opcode><Keywords>0x8000000000000000</Keywords><TimeCreated SystemTime='2020-05-18T07:27:09.346493900Z'/><EventRecordID>3352</EventRecordID><Correlation/><Execution ProcessID='3008' ThreadID='3544'/><Channel>Microsoft-Windows-Sysmon/Operational</Channel><Computer>DESKTOP-P84STH6</Computer><Security UserID='S-1-5-18'/></System><EventData><Data Name='RuleName'>Proxy</Data><Data Name='UtcTime'>2020-05-18 07:27:06.745</Data><Data Name='ProcessGuid'>{5d3d98af-3136-5ec2-0000-001095b88400}</Data><Data Name='ProcessId'>8240</Data><Data Name='Image'>C:\Program Files (x86)\Google\Chrome\Application\chrome.exe</Data><Data Name='User'>DESKTOP-P84STH6\NS</Data><Data Name='Protocol'>tcp</Data><Data Name='Initiated'>true</Data><Data Name='SourceIsIpv6'>true</Data><Data Name='SourceIp'>0:0:0:0:0:0:0:1</Data><Data Name='SourceHostname'>DESKTOP-P84STH6</Data><Data Name='SourcePort'>50640</Data><Data Name='SourcePortName'></Data><Data Name='DestinationIsIpv6'>true</Data><Data Name='DestinationIp'>0:0:0:0:0:0:0:1</Data><Data Name='DestinationHostname'>DESKTOP-P84STH6</Data><Data Name='DestinationPort'>8080</Data><Data Name='DestinationPortName'></Data></EventData></Event><Event xmlns='http://schemas.microsoft.com/win/2004/08/events/event'><System><Provider Name='Microsoft-Windows-Sysmon' Guid='{5770385f-c22a-43e0-bf4c-06f5698ffbd9}'/><EventID>3</EventID><Version>5</Version><Level>4</Level><Task>3</Task><Opcode>0</Opcode><Keywords>0x8000000000000000</Keywords><TimeCreated SystemTime='2020-05-18T07:27:09.093456600Z'/><EventRecordID>3351</EventRecordID><Correlation/><Execution ProcessID='3008' ThreadID='3544'/><Channel>Microsoft-Windows-Sysmon/Operational</Channel><Computer>DESKTOP-P84STH6</Computer><Security UserID='S-1-5-18'/></System><EventData><Data Name='RuleName'>Usermode</Data><Data Name='UtcTime'>2020-05-18 07:27:06.527</Data><Data Name='ProcessGuid'>{5d3d98af-296e-5ec2-0000-0010e8ac2b00}</Data><Data Name='ProcessId'>8132</Data><Data Name='Image'>C:\Users\NS\AppData\Local\Programs\Microsoft VS Code\Code.exe</Data><Data Name='User'>DESKTOP-P84STH6\NS</Data><Data Name='Protocol'>tcp</Data><Data Name='Initiated'>true</Data><Data Name='SourceIsIpv6'>false</Data><Data Name='SourceIp'>10.0.2.15</Data><Data Name='SourceHostname'>DESKTOP-P84STH6</Data><Data Name='SourcePort'>50639</Data><Data Name='SourcePortName'></Data><Data Name='DestinationIsIpv6'>false</Data><Data Name='DestinationIp'>111.221.29.254</Data><Data Name='DestinationHostname'></Data><Data Name='DestinationPort'>443</Data><Data Name='DestinationPortName'>https</Data></EventData></Event><Event xmlns='http://schemas.microsoft.com/win/2004/08/events/event'><System><Provider Name='Microsoft-Windows-Sysmon' Guid='{5770385f-c22a-43e0-bf4c-06f5698ffbd9}'/><EventID>3</EventID><Version>5</Version><Level>4</Level><Task>3</Task><Opcode>0</Opcode><Keywords>0x8000000000000000</Keywords><TimeCreated SystemTime='2020-05-18T07:27:09.093411200Z'/><EventRecordID>3350</EventRecordID><Correlation/><Execution ProcessID='3008' ThreadID='3544'/><Channel>Microsoft-Windows-Sysmon/Operational</Channel><Computer>DESKTOP-P84STH6</Computer><Security UserID='S-1-5-18'/></System><EventData><Data Name='RuleName'>Usermode</Data><Data Name='UtcTime'>2020-05-18 07:27:06.464</Data><Data Name='ProcessGuid'>{5d3d98af-312b-5ec2-0000-0010f6218400}</Data><Data Name='ProcessId'>280</Data><Data Name='Image'>C:\Users\NS\AppData\Local\Programs\Python\Python38-32\python.exe</Data><Data Name='User'>DESKTOP-P84STH6\NS</Data><Data Name='Protocol'>tcp</Data><Data Name='Initiated'>false</Data><Data Name='SourceIsIpv6'>true</Data><Data Name='SourceIp'>0:0:0:0:0:0:0:1</Data><Data Name='SourceHostname'>DESKTOP-P84STH6</Data><Data Name='SourcePort'>50638</Data><Data Name='SourcePortName'></Data><Data Name='DestinationIsIpv6'>true</Data><Data Name='DestinationIp'>0:0:0:0:0:0:0:1</Data><Data Name='DestinationHostname'>DESKTOP-P84STH6</Data><Data Name='DestinationPort'>8080</Data><Data Name='DestinationPortName'></Data></EventData></Event><Event xmlns='http://schemas.microsoft.com/win/2004/08/events/event'><System><Provider Name='Microsoft-Windows-Sysmon' Guid='{5770385f-c22a-43e0-bf4c-06f5698ffbd9}'/><EventID>3</EventID><Version>5</Version><Level>4</Level><Task>3</Task><Opcode>0</Opcode><Keywords>0x8000000000000000</Keywords><TimeCreated SystemTime='2020-05-18T07:27:09.093357400Z'/><EventRecordID>3349</EventRecordID><Correlation/><Execution ProcessID='3008' ThreadID='3544'/><Channel>Microsoft-Windows-Sysmon/Operational</Channel><Computer>DESKTOP-P84STH6</Computer><Security UserID='S-1-5-18'/></System><EventData><Data Name='RuleName'>Proxy</Data><Data Name='UtcTime'>2020-05-18 07:27:06.464</Data><Data Name='ProcessGuid'>{5d3d98af-3136-5ec2-0000-001095b88400}</Data><Data Name='ProcessId'>8240</Data><Data Name='Image'>C:\Program Files (x86)\Google\Chrome\Application\chrome.exe</Data><Data Name='User'>DESKTOP-P84STH6\NS</Data><Data Name='Protocol'>tcp</Data><Data Name='Initiated'>true</Data><Data Name='SourceIsIpv6'>true</Data><Data Name='SourceIp'>0:0:0:0:0:0:0:1</Data><Data Name='SourceHostname'>DESKTOP-P84STH6</Data><Data Name='SourcePort'>50638</Data><Data Name='SourcePortName'></Data><Data Name='DestinationIsIpv6'>true</Data><Data Name='DestinationIp'>0:0:0:0:0:0:0:1</Data><Data Name='DestinationHostname'>DESKTOP-P84STH6</Data><Data Name='DestinationPort'>8080</Data><Data Name='DestinationPortName'></Data></EventData></Event><Event xmlns='http://schemas.microsoft.com/win/2004/08/events/event'><System><Provider Name='Microsoft-Windows-Sysmon' Guid='{5770385f-c22a-43e0-bf4c-06f5698ffbd9}'/><EventID>3</EventID><Version>5</Version><Level>4</Level><Task>3</Task><Opcode>0</Opcode><Keywords>0x8000000000000000</Keywords><TimeCreated SystemTime='2020-05-18T07:27:09.093143900Z'/><EventRecordID>3348</EventRecordID><Correlation/><Execution ProcessID='3008' ThreadID='3544'/><Channel>Microsoft-Windows-Sysmon/Operational</Channel><Computer>DESKTOP-P84STH6</Computer><Security UserID='S-1-5-18'/></System><EventData><Data Name='RuleName'>Usermode</Data><Data Name='UtcTime'>2020-05-18 07:27:06.463</Data><Data Name='ProcessGuid'>{5d3d98af-312b-5ec2-0000-0010f6218400}</Data><Data Name='ProcessId'>280</Data><Data Name='Image'>C:\Users\NS\AppData\Local\Programs\Python\Python38-32\python.exe</Data><Data Name='User'>DESKTOP-P84STH6\NS</Data><Data Name='Protocol'>tcp</Data><Data Name='Initiated'>false</Data><Data Name='SourceIsIpv6'>true</Data><Data Name='SourceIp'>0:0:0:0:0:0:0:1</Data><Data Name='SourceHostname'>DESKTOP-P84STH6</Data><Data Name='SourcePort'>50637</Data><Data Name='SourcePortName'></Data><Data Name='DestinationIsIpv6'>true</Data><Data Name='DestinationIp'>0:0:0:0:0:0:0:1</Data><Data Name='DestinationHostname'>DESKTOP-P84STH6</Data><Data Name='DestinationPort'>8080</Data><Data Name='DestinationPortName'></Data></EventData></Event><Event xmlns='http://schemas.microsoft.com/win/2004/08/events/event'><System><Provider Name='Microsoft-Windows-Sysmon' Guid='{5770385f-c22a-43e0-bf4c-06f5698ffbd9}'/><EventID>3</EventID><Version>5</Version><Level>4</Level><Task>3</Task><Opcode>0</Opcode><Keywords>0x8000000000000000</Keywords><TimeCreated SystemTime='2020-05-18T07:27:09.093083500Z'/><EventRecordID>3347</EventRecordID><Correlation/><Execution ProcessID='3008' ThreadID='3544'/><Channel>Microsoft-Windows-Sysmon/Operational</Channel><Computer>DESKTOP-P84STH6</Computer><Security UserID='S-1-5-18'/></System><EventData><Data Name='RuleName'>Proxy</Data><Data Name='UtcTime'>2020-05-18 07:27:06.463</Data><Data Name='ProcessGuid'>{5d3d98af-3136-5ec2-0000-001095b88400}</Data><Data Name='ProcessId'>8240</Data><Data Name='Image'>C:\Program Files (x86)\Google\Chrome\Application\chrome.exe</Data><Data Name='User'>DESKTOP-P84STH6\NS</Data><Data Name='Protocol'>tcp</Data><Data Name='Initiated'>true</Data><Data Name='SourceIsIpv6'>true</Data><Data Name='SourceIp'>0:0:0:0:0:0:0:1</Data><Data Name='SourceHostname'>DESKTOP-P84STH6</Data><Data Name='SourcePort'>50637</Data><Data Name='SourcePortName'></Data><Data Name='DestinationIsIpv6'>true</Data><Data Name='DestinationIp'>0:0:0:0:0:0:0:1</Data><Data Name='DestinationHostname'>DESKTOP-P84STH6</Data><Data Name='DestinationPort'>8080</Data><Data Name='DestinationPortName'></Data></EventData></Event><Event xmlns='http://schemas.microsoft.com/win/2004/08/events/event'><System><Provider Name='Microsoft-Windows-Sysmon' Guid='{5770385f-c22a-43e0-bf4c-06f5698ffbd9}'/><EventID>3</EventID><Version>5</Version><Level>4</Level><Task>3</Task><Opcode>0</Opcode><Keywords>0x8000000000000000</Keywords><TimeCreated SystemTime='2020-05-18T07:26:59.724589000Z'/><EventRecordID>3346</EventRecordID><Correlation/><Execution ProcessID='3008' ThreadID='3544'/><Channel>Microsoft-Windows-Sysmon/Operational</Channel><Computer>DESKTOP-P84STH6</Computer><Security UserID='S-1-5-18'/></System><EventData><Data Name='RuleName'>Usermode</Data><Data Name='UtcTime'>2020-05-18 07:26:57.067</Data><Data Name='ProcessGuid'>{5d3d98af-312b-5ec2-0000-0010f6218400}</Data><Data Name='ProcessId'>280</Data><Data Name='Image'>C:\Users\NS\AppData\Local\Programs\Python\Python38-32\python.exe</Data><Data Name='User'>DESKTOP-P84STH6\NS</Data><Data Name='Protocol'>tcp</Data><Data Name='Initiated'>false</Data><Data Name='SourceIsIpv6'>true</Data><Data Name='SourceIp'>0:0:0:0:0:0:0:1</Data><Data Name='SourceHostname'>DESKTOP-P84STH6</Data><Data Name='SourcePort'>50636</Data><Data Name='SourcePortName'></Data><Data Name='DestinationIsIpv6'>true</Data><Data Name='DestinationIp'>0:0:0:0:0:0:0:1</Data><Data Name='DestinationHostname'>DESKTOP-P84STH6</Data><Data Name='DestinationPort'>8080</Data><Data Name='DestinationPortName'></Data></EventData></Event><Event xmlns='http://schemas.microsoft.com/win/2004/08/events/event'><System><Provider Name='Microsoft-Windows-Sysmon' Guid='{5770385f-c22a-43e0-bf4c-06f5698ffbd9}'/><EventID>3</EventID><Version>5</Version><Level>4</Level><Task>3</Task><Opcode>0</Opcode><Keywords>0x8000000000000000</Keywords><TimeCreated SystemTime='2020-05-18T07:26:59.724535400Z'/><EventRecordID>3345</EventRecordID><Correlation/><Execution ProcessID='3008' ThreadID='3544'/><Channel>Microsoft-Windows-Sysmon/Operational</Channel><Computer>DESKTOP-P84STH6</Computer><Security UserID='S-1-5-18'/></System><EventData><Data Name='RuleName'>Proxy</Data><Data Name='UtcTime'>2020-05-18 07:26:57.067</Data><Data Name='ProcessGuid'>{5d3d98af-3136-5ec2-0000-001095b88400}</Data><Data Name='ProcessId'>8240</Data><Data Name='Image'>C:\Program Files (x86)\Google\Chrome\Application\chrome.exe</Data><Data Name='User'>DESKTOP-P84STH6\NS</Data><Data Name='Protocol'>tcp</Data><Data Name='Initiated'>true</Data><Data Name='SourceIsIpv6'>true</Data><Data Name='SourceIp'>0:0:0:0:0:0:0:1</Data><Data Name='SourceHostname'>DESKTOP-P84STH6</Data><Data Name='SourcePort'>50636</Data><Data Name='SourcePortName'></Data><Data Name='DestinationIsIpv6'>true</Data><Data Name='DestinationIp'>0:0:0:0:0:0:0:1</Data><Data Name='DestinationHostname'>DESKTOP-P84STH6</Data><Data Name='DestinationPort'>8080</Data><Data Name='DestinationPortName'></Data></EventData></Event><Event xmlns='http://schemas.microsoft.com/win/2004/08/events/event'><System><Provider Name='Microsoft-Windows-Sysmon' Guid='{5770385f-c22a-43e0-bf4c-06f5698ffbd9}'/><EventID>3</EventID><Version>5</Version><Level>4</Level><Task>3</Task><Opcode>0</Opcode><Keywords>0x8000000000000000</Keywords><TimeCreated SystemTime='2020-05-18T07:26:59.474047000Z'/><EventRecordID>3344</EventRecordID><Correlation/><Execution ProcessID='3008' ThreadID='3544'/><Channel>Microsoft-Windows-Sysmon/Operational</Channel><Computer>DESKTOP-P84STH6</Computer><Security UserID='S-1-5-18'/></System><EventData><Data Name='RuleName'>Usermode</Data><Data Name='UtcTime'>2020-05-18 07:26:56.806</Data><Data Name='ProcessGuid'>{5d3d98af-312b-5ec2-0000-0010f6218400}</Data><Data Name='ProcessId'>280</Data><Data Name='Image'>C:\Users\NS\AppData\Local\Programs\Python\Python38-32\python.exe</Data><Data Name='User'>DESKTOP-P84STH6\NS</Data><Data Name='Protocol'>tcp</Data><Data Name='Initiated'>false</Data><Data Name='SourceIsIpv6'>true</Data><Data Name='SourceIp'>0:0:0:0:0:0:0:1</Data><Data Name='SourceHostname'>DESKTOP-P84STH6</Data><Data Name='SourcePort'>50635</Data><Data Name='SourcePortName'></Data><Data Name='DestinationIsIpv6'>true</Data><Data Name='DestinationIp'>0:0:0:0:0:0:0:1</Data><Data Name='DestinationHostname'>DESKTOP-P84STH6</Data><Data Name='DestinationPort'>8080</Data><Data Name='DestinationPortName'></Data></EventData></Event><Event xmlns='http://schemas.microsoft.com/win/2004/08/events/event'><System><Provider Name='Microsoft-Windows-Sysmon' Guid='{5770385f-c22a-43e0-bf4c-06f5698ffbd9}'/><EventID>3</EventID><Version>5</Version><Level>4</Level><Task>3</Task><Opcode>0</Opcode><Keywords>0x8000000000000000</Keywords><TimeCreated SystemTime='2020-05-18T07:26:59.473997200Z'/><EventRecordID>3343</EventRecordID><Correlation/><Execution ProcessID='3008' ThreadID='3544'/><Channel>Microsoft-Windows-Sysmon/Operational</Channel><Computer>DESKTOP-P84STH6</Computer><Security UserID='S-1-5-18'/></System><EventData><Data Name='RuleName'>Proxy</Data><Data Name='UtcTime'>2020-05-18 07:26:56.806</Data><Data Name='ProcessGuid'>{5d3d98af-3136-5ec2-0000-001095b88400}</Data><Data Name='ProcessId'>8240</Data><Data Name='Image'>C:\Program Files (x86)\Google\Chrome\Application\chrome.exe</Data><Data Name='User'>DESKTOP-P84STH6\NS</Data><Data Name='Protocol'>tcp</Data><Data Name='Initiated'>true</Data><Data Name='SourceIsIpv6'>true</Data><Data Name='SourceIp'>0:0:0:0:0:0:0:1</Data><Data Name='SourceHostname'>DESKTOP-P84STH6</Data><Data Name='SourcePort'>50635</Data><Data Name='SourcePortName'></Data><Data Name='DestinationIsIpv6'>true</Data><Data Name='DestinationIp'>0:0:0:0:0:0:0:1</Data><Data Name='DestinationHostname'>DESKTOP-P84STH6</Data><Data Name='DestinationPort'>8080</Data><Data Name='DestinationPortName'></Data></EventData></Event><Event xmlns='http://schemas.microsoft.com/win/2004/08/events/event'><System><Provider Name='Microsoft-Windows-Sysmon' Guid='{5770385f-c22a-43e0-bf4c-06f5698ffbd9}'/><EventID>3</EventID><Version>5</Version><Level>4</Level><Task>3</Task><Opcode>0</Opcode><Keywords>0x8000000000000000</Keywords><TimeCreated SystemTime='2020-05-18T07:26:59.473719700Z'/><EventRecordID>3342</EventRecordID><Correlation/><Execution ProcessID='3008' ThreadID='3544'/><Channel>Microsoft-Windows-Sysmon/Operational</Channel><Computer>DESKTOP-P84STH6</Computer><Security UserID='S-1-5-18'/></System><EventData><Data Name='RuleName'>Usermode</Data><Data Name='UtcTime'>2020-05-18 07:26:56.805</Data><Data Name='ProcessGuid'>{5d3d98af-312b-5ec2-0000-0010f6218400}</Data><Data Name='ProcessId'>280</Data><Data Name='Image'>C:\Users\NS\AppData\Local\Programs\Python\Python38-32\python.exe</Data><Data Name='User'>DESKTOP-P84STH6\NS</Data><Data Name='Protocol'>tcp</Data><Data Name='Initiated'>false</Data><Data Name='SourceIsIpv6'>true</Data><Data Name='SourceIp'>0:0:0:0:0:0:0:1</Data><Data Name='SourceHostname'>DESKTOP-P84STH6</Data><Data Name='SourcePort'>50634</Data><Data Name='SourcePortName'></Data><Data Name='DestinationIsIpv6'>true</Data><Data Name='DestinationIp'>0:0:0:0:0:0:0:1</Data><Data Name='DestinationHostname'>DESKTOP-P84STH6</Data><Data Name='DestinationPort'>8080</Data><Data Name='DestinationPortName'></Data></EventData></Event><Event xmlns='http://schemas.microsoft.com/win/2004/08/events/event'><System><Provider Name='Microsoft-Windows-Sysmon' Guid='{5770385f-c22a-43e0-bf4c-06f5698ffbd9}'/><EventID>3</EventID><Version>5</Version><Level>4</Level><Task>3</Task><Opcode>0</Opcode><Keywords>0x8000000000000000</Keywords><TimeCreated SystemTime='2020-05-18T07:26:59.473526400Z'/><EventRecordID>3341</EventRecordID><Correlation/><Execution ProcessID='3008' ThreadID='3544'/><Channel>Microsoft-Windows-Sysmon/Operational</Channel><Computer>DESKTOP-P84STH6</Computer><Security UserID='S-1-5-18'/></System><EventData><Data Name='RuleName'>Proxy</Data><Data Name='UtcTime'>2020-05-18 07:26:56.805</Data><Data Name='ProcessGuid'>{5d3d98af-3136-5ec2-0000-001095b88400}</Data><Data Name='ProcessId'>8240</Data><Data Name='Image'>C:\Program Files (x86)\Google\Chrome\Application\chrome.exe</Data><Data Name='User'>DESKTOP-P84STH6\NS</Data><Data Name='Protocol'>tcp</Data><Data Name='Initiated'>true</Data><Data Name='SourceIsIpv6'>true</Data><Data Name='SourceIp'>0:0:0:0:0:0:0:1</Data><Data Name='SourceHostname'>DESKTOP-P84STH6</Data><Data Name='SourcePort'>50634</Data><Data Name='SourcePortName'></Data><Data Name='DestinationIsIpv6'>true</Data><Data Name='DestinationIp'>0:0:0:0:0:0:0:1</Data><Data Name='DestinationHostname'>DESKTOP-P84STH6</Data><Data Name='DestinationPort'>8080</Data><Data Name='DestinationPortName'></Data></EventData></Event><Event xmlns='http://schemas.microsoft.com/win/2004/08/events/event'><System><Provider Name='Microsoft-Windows-Sysmon' Guid='{5770385f-c22a-43e0-bf4c-06f5698ffbd9}'/><EventID>3</EventID><Version>5</Version><Level>4</Level><Task>3</Task><Opcode>0</Opcode><Keywords>0x8000000000000000</Keywords><TimeCreated SystemTime='2020-05-18T07:26:52.131947800Z'/><EventRecordID>3340</EventRecordID><Correlation/><Execution ProcessID='3008' ThreadID='3544'/><Channel>Microsoft-Windows-Sysmon/Operational</Channel><Computer>DESKTOP-P84STH6</Computer><Security UserID='S-1-5-18'/></System><EventData><Data Name='RuleName'>Usermode</Data><Data Name='UtcTime'>2020-05-18 07:26:48.132</Data><Data Name='ProcessGuid'>{5d3d98af-296e-5ec2-0000-0010e8ac2b00}</Data><Data Name='ProcessId'>8132</Data><Data Name='Image'>C:\Users\NS\AppData\Local\Programs\Microsoft VS Code\Code.exe</Data><Data Name='User'>DESKTOP-P84STH6\NS</Data><Data Name='Protocol'>tcp</Data><Data Name='Initiated'>true</Data><Data Name='SourceIsIpv6'>false</Data><Data Name='SourceIp'>10.0.2.15</Data><Data Name='SourceHostname'>DESKTOP-P84STH6</Data><Data Name='SourcePort'>50633</Data><Data Name='SourcePortName'></Data><Data Name='DestinationIsIpv6'>false</Data><Data Name='DestinationIp'>111.221.29.254</Data><Data Name='DestinationHostname'></Data><Data Name='DestinationPort'>443</Data><Data Name='DestinationPortName'>https</Data></EventData></Event><Event xmlns='http://schemas.microsoft.com/win/2004/08/events/event'><System><Provider Name='Microsoft-Windows-Sysmon' Guid='{5770385f-c22a-43e0-bf4c-06f5698ffbd9}'/><EventID>3</EventID><Version>5</Version><Level>4</Level><Task>3</Task><Opcode>0</Opcode><Keywords>0x8000000000000000</Keywords><TimeCreated SystemTime='2020-05-18T07:26:48.090156500Z'/><EventRecordID>3339</EventRecordID><Correlation/><Execution ProcessID='3008' ThreadID='3544'/><Channel>Microsoft-Windows-Sysmon/Operational</Channel><Computer>DESKTOP-P84STH6</Computer><Security UserID='S-1-5-18'/></System><EventData><Data Name='RuleName'>Usermode</Data><Data Name='UtcTime'>2020-05-18 07:26:44.707</Data><Data Name='ProcessGuid'>{5d3d98af-312b-5ec2-0000-0010f6218400}</Data><Data Name='ProcessId'>280</Data><Data Name='Image'>C:\Users\NS\AppData\Local\Programs\Python\Python38-32\python.exe</Data><Data Name='User'>DESKTOP-P84STH6\NS</Data><Data Name='Protocol'>tcp</Data><Data Name='Initiated'>false</Data><Data Name='SourceIsIpv6'>true</Data><Data Name='SourceIp'>0:0:0:0:0:0:0:1</Data><Data Name='SourceHostname'>DESKTOP-P84STH6</Data><Data Name='SourcePort'>50632</Data><Data Name='SourcePortName'></Data><Data Name='DestinationIsIpv6'>true</Data><Data Name='DestinationIp'>0:0:0:0:0:0:0:1</Data><Data Name='DestinationHostname'>DESKTOP-P84STH6</Data><Data Name='DestinationPort'>8080</Data><Data Name='DestinationPortName'></Data></EventData></Event><Event xmlns='http://schemas.microsoft.com/win/2004/08/events/event'><System><Provider Name='Microsoft-Windows-Sysmon' Guid='{5770385f-c22a-43e0-bf4c-06f5698ffbd9}'/><EventID>3</EventID><Version>5</Version><Level>4</Level><Task>3</Task><Opcode>0</Opcode><Keywords>0x8000000000000000</Keywords><TimeCreated SystemTime='2020-05-18T07:26:48.090098400Z'/><EventRecordID>3338</EventRecordID><Correlation/><Execution ProcessID='3008' ThreadID='3544'/><Channel>Microsoft-Windows-Sysmon/Operational</Channel><Computer>DESKTOP-P84STH6</Computer><Security UserID='S-1-5-18'/></System><EventData><Data Name='RuleName'>Proxy</Data><Data Name='UtcTime'>2020-05-18 07:26:44.706</Data><Data Name='ProcessGuid'>{5d3d98af-3136-5ec2-0000-001095b88400}</Data><Data Name='ProcessId'>8240</Data><Data Name='Image'>C:\Program Files (x86)\Google\Chrome\Application\chrome.exe</Data><Data Name='User'>DESKTOP-P84STH6\NS</Data><Data Name='Protocol'>tcp</Data><Data Name='Initiated'>true</Data><Data Name='SourceIsIpv6'>true</Data><Data Name='SourceIp'>0:0:0:0:0:0:0:1</Data><Data Name='SourceHostname'>DESKTOP-P84STH6</Data><Data Name='SourcePort'>50632</Data><Data Name='SourcePortName'></Data><Data Name='DestinationIsIpv6'>true</Data><Data Name='DestinationIp'>0:0:0:0:0:0:0:1</Data><Data Name='DestinationHostname'>DESKTOP-P84STH6</Data><Data Name='DestinationPort'>8080</Data><Data Name='DestinationPortName'></Data></EventData></Event><Event xmlns='http://schemas.microsoft.com/win/2004/08/events/event'><System><Provider Name='Microsoft-Windows-Sysmon' Guid='{5770385f-c22a-43e0-bf4c-06f5698ffbd9}'/><EventID>3</EventID><Version>5</Version><Level>4</Level><Task>3</Task><Opcode>0</Opcode><Keywords>0x8000000000000000</Keywords><TimeCreated SystemTime='2020-05-18T07:26:47.088410300Z'/><EventRecordID>3337</EventRecordID><Correlation/><Execution ProcessID='3008' ThreadID='3544'/><Channel>Microsoft-Windows-Sysmon/Operational</Channel><Computer>DESKTOP-P84STH6</Computer><Security UserID='S-1-5-18'/></System><EventData><Data Name='RuleName'>Usermode</Data><Data Name='UtcTime'>2020-05-18 07:26:44.485</Data><Data Name='ProcessGuid'>{5d3d98af-312b-5ec2-0000-0010f6218400}</Data><Data Name='ProcessId'>280</Data><Data Name='Image'>C:\Users\NS\AppData\Local\Programs\Python\Python38-32\python.exe</Data><Data Name='User'>DESKTOP-P84STH6\NS</Data><Data Name='Protocol'>tcp</Data><Data Name='Initiated'>false</Data><Data Name='SourceIsIpv6'>true</Data><Data Name='SourceIp'>0:0:0:0:0:0:0:1</Data><Data Name='SourceHostname'>DESKTOP-P84STH6</Data><Data Name='SourcePort'>50631</Data><Data Name='SourcePortName'></Data><Data Name='DestinationIsIpv6'>true</Data><Data Name='DestinationIp'>0:0:0:0:0:0:0:1</Data><Data Name='DestinationHostname'>DESKTOP-P84STH6</Data><Data Name='DestinationPort'>8080</Data><Data Name='DestinationPortName'></Data></EventData></Event><Event xmlns='http://schemas.microsoft.com/win/2004/08/events/event'><System><Provider Name='Microsoft-Windows-Sysmon' Guid='{5770385f-c22a-43e0-bf4c-06f5698ffbd9}'/><EventID>3</EventID><Version>5</Version><Level>4</Level><Task>3</Task><Opcode>0</Opcode><Keywords>0x8000000000000000</Keywords><TimeCreated SystemTime='2020-05-18T07:26:47.088338500Z'/><EventRecordID>3336</EventRecordID><Correlation/><Execution ProcessID='3008' ThreadID='3544'/><Channel>Microsoft-Windows-Sysmon/Operational</Channel><Computer>DESKTOP-P84STH6</Computer><Security UserID='S-1-5-18'/></System><EventData><Data Name='RuleName'>Proxy</Data><Data Name='UtcTime'>2020-05-18 07:26:44.484</Data><Data Name='ProcessGuid'>{5d3d98af-3136-5ec2-0000-001095b88400}</Data><Data Name='ProcessId'>8240</Data><Data Name='Image'>C:\Program Files (x86)\Google\Chrome\Application\chrome.exe</Data><Data Name='User'>DESKTOP-P84STH6\NS</Data><Data Name='Protocol'>tcp</Data><Data Name='Initiated'>true</Data><Data Name='SourceIsIpv6'>true</Data><Data Name='SourceIp'>0:0:0:0:0:0:0:1</Data><Data Name='SourceHostname'>DESKTOP-P84STH6</Data><Data Name='SourcePort'>50631</Data><Data Name='SourcePortName'></Data><Data Name='DestinationIsIpv6'>true</Data><Data Name='DestinationIp'>0:0:0:0:0:0:0:1</Data><Data Name='DestinationHostname'>DESKTOP-P84STH6</Data><Data Name='DestinationPort'>8080</Data><Data Name='DestinationPortName'></Data></EventData></Event><Event xmlns='http://schemas.microsoft.com/win/2004/08/events/event'><System><Provider Name='Microsoft-Windows-Sysmon' Guid='{5770385f-c22a-43e0-bf4c-06f5698ffbd9}'/><EventID>3</EventID><Version>5</Version><Level>4</Level><Task>3</Task><Opcode>0</Opcode><Keywords>0x8000000000000000</Keywords><TimeCreated SystemTime='2020-05-18T07:26:47.087954500Z'/><EventRecordID>3335</EventRecordID><Correlation/><Execution ProcessID='3008' ThreadID='3544'/><Channel>Microsoft-Windows-Sysmon/Operational</Channel><Computer>DESKTOP-P84STH6</Computer><Security UserID='S-1-5-18'/></System><EventData><Data Name='RuleName'>Usermode</Data><Data Name='UtcTime'>2020-05-18 07:26:44.484</Data><Data Name='ProcessGuid'>{5d3d98af-312b-5ec2-0000-0010f6218400}</Data><Data Name='ProcessId'>280</Data><Data Name='Image'>C:\Users\NS\AppData\Local\Programs\Python\Python38-32\python.exe</Data><Data Name='User'>DESKTOP-P84STH6\NS</Data><Data Name='Protocol'>tcp</Data><Data Name='Initiated'>false</Data><Data Name='SourceIsIpv6'>true</Data><Data Name='SourceIp'>0:0:0:0:0:0:0:1</Data><Data Name='SourceHostname'>DESKTOP-P84STH6</Data><Data Name='SourcePort'>50630</Data><Data Name='SourcePortName'></Data><Data Name='DestinationIsIpv6'>true</Data><Data Name='DestinationIp'>0:0:0:0:0:0:0:1</Data><Data Name='DestinationHostname'>DESKTOP-P84STH6</Data><Data Name='DestinationPort'>8080</Data><Data Name='DestinationPortName'></Data></EventData></Event><Event xmlns='http://schemas.microsoft.com/win/2004/08/events/event'><System><Provider Name='Microsoft-Windows-Sysmon' Guid='{5770385f-c22a-43e0-bf4c-06f5698ffbd9}'/><EventID>3</EventID><Version>5</Version><Level>4</Level><Task>3</Task><Opcode>0</Opcode><Keywords>0x8000000000000000</Keywords><TimeCreated SystemTime='2020-05-18T07:26:47.087883300Z'/><EventRecordID>3334</EventRecordID><Correlation/><Execution ProcessID='3008' ThreadID='3544'/><Channel>Microsoft-Windows-Sysmon/Operational</Channel><Computer>DESKTOP-P84STH6</Computer><Security UserID='S-1-5-18'/></System><EventData><Data Name='RuleName'>Proxy</Data><Data Name='UtcTime'>2020-05-18 07:26:44.484</Data><Data Name='ProcessGuid'>{5d3d98af-3136-5ec2-0000-001095b88400}</Data><Data Name='ProcessId'>8240</Data><Data Name='Image'>C:\Program Files (x86)\Google\Chrome\Application\chrome.exe</Data><Data Name='User'>DESKTOP-P84STH6\NS</Data><Data Name='Protocol'>tcp</Data><Data Name='Initiated'>true</Data><Data Name='SourceIsIpv6'>true</Data><Data Name='SourceIp'>0:0:0:0:0:0:0:1</Data><Data Name='SourceHostname'>DESKTOP-P84STH6</Data><Data Name='SourcePort'>50630</Data><Data Name='SourcePortName'></Data><Data Name='DestinationIsIpv6'>true</Data><Data Name='DestinationIp'>0:0:0:0:0:0:0:1</Data><Data Name='DestinationHostname'>DESKTOP-P84STH6</Data><Data Name='DestinationPort'>8080</Data><Data Name='DestinationPortName'></Data></EventData></Event><Event xmlns='http://schemas.microsoft.com/win/2004/08/events/event'><System><Provider Name='Microsoft-Windows-Sysmon' Guid='{5770385f-c22a-43e0-bf4c-06f5698ffbd9}'/><EventID>3</EventID><Version>5</Version><Level>4</Level><Task>3</Task><Opcode>0</Opcode><Keywords>0x8000000000000000</Keywords><TimeCreated SystemTime='2020-05-18T07:26:32.076196200Z'/><EventRecordID>3333</EventRecordID><Correlation/><Execution ProcessID='3008' ThreadID='3544'/><Channel>Microsoft-Windows-Sysmon/Operational</Channel><Computer>DESKTOP-P84STH6</Computer><Security UserID='S-1-5-18'/></System><EventData><Data Name='RuleName'>Usermode</Data><Data Name='UtcTime'>2020-05-18 07:26:29.400</Data><Data Name='ProcessGuid'>{5d3d98af-312b-5ec2-0000-0010f6218400}</Data><Data Name='ProcessId'>280</Data><Data Name='Image'>C:\Users\NS\AppData\Local\Programs\Python\Python38-32\python.exe</Data><Data Name='User'>DESKTOP-P84STH6\NS</Data><Data Name='Protocol'>tcp</Data><Data Name='Initiated'>false</Data><Data Name='SourceIsIpv6'>true</Data><Data Name='SourceIp'>0:0:0:0:0:0:0:1</Data><Data Name='SourceHostname'>DESKTOP-P84STH6</Data><Data Name='SourcePort'>50628</Data><Data Name='SourcePortName'></Data><Data Name='DestinationIsIpv6'>true</Data><Data Name='DestinationIp'>0:0:0:0:0:0:0:1</Data><Data Name='DestinationHostname'>DESKTOP-P84STH6</Data><Data Name='DestinationPort'>8080</Data><Data Name='DestinationPortName'></Data></EventData></Event><Event xmlns='http://schemas.microsoft.com/win/2004/08/events/event'><System><Provider Name='Microsoft-Windows-Sysmon' Guid='{5770385f-c22a-43e0-bf4c-06f5698ffbd9}'/><EventID>3</EventID><Version>5</Version><Level>4</Level><Task>3</Task><Opcode>0</Opcode><Keywords>0x8000000000000000</Keywords><TimeCreated SystemTime='2020-05-18T07:26:32.076143100Z'/><EventRecordID>3332</EventRecordID><Correlation/><Execution ProcessID='3008' ThreadID='3544'/><Channel>Microsoft-Windows-Sysmon/Operational</Channel><Computer>DESKTOP-P84STH6</Computer><Security UserID='S-1-5-18'/></System><EventData><Data Name='RuleName'>Proxy</Data><Data Name='UtcTime'>2020-05-18 07:26:29.400</Data><Data Name='ProcessGuid'>{5d3d98af-3136-5ec2-0000-001095b88400}</Data><Data Name='ProcessId'>8240</Data><Data Name='Image'>C:\Program Files (x86)\Google\Chrome\Application\chrome.exe</Data><Data Name='User'>DESKTOP-P84STH6\NS</Data><Data Name='Protocol'>tcp</Data><Data Name='Initiated'>true</Data><Data Name='SourceIsIpv6'>true</Data><Data Name='SourceIp'>0:0:0:0:0:0:0:1</Data><Data Name='SourceHostname'>DESKTOP-P84STH6</Data><Data Name='SourcePort'>50628</Data><Data Name='SourcePortName'></Data><Data Name='DestinationIsIpv6'>true</Data><Data Name='DestinationIp'>0:0:0:0:0:0:0:1</Data><Data Name='DestinationHostname'>DESKTOP-P84STH6</Data><Data Name='DestinationPort'>8080</Data><Data Name='DestinationPortName'></Data></EventData></Event><Event xmlns='http://schemas.microsoft.com/win/2004/08/events/event'><System><Provider Name='Microsoft-Windows-Sysmon' Guid='{5770385f-c22a-43e0-bf4c-06f5698ffbd9}'/><EventID>3</EventID><Version>5</Version><Level>4</Level><Task>3</Task><Opcode>0</Opcode><Keywords>0x8000000000000000</Keywords><TimeCreated SystemTime='2020-05-18T07:26:31.825811200Z'/><EventRecordID>3331</EventRecordID><Correlation/><Execution ProcessID='3008' ThreadID='3544'/><Channel>Microsoft-Windows-Sysmon/Operational</Channel><Computer>DESKTOP-P84STH6</Computer><Security UserID='S-1-5-18'/></System><EventData><Data Name='RuleName'>Usermode</Data><Data Name='UtcTime'>2020-05-18 07:26:29.172</Data><Data Name='ProcessGuid'>{5d3d98af-312b-5ec2-0000-0010f6218400}</Data><Data Name='ProcessId'>280</Data><Data Name='Image'>C:\Users\NS\AppData\Local\Programs\Python\Python38-32\python.exe</Data><Data Name='User'>DESKTOP-P84STH6\NS</Data><Data Name='Protocol'>tcp</Data><Data Name='Initiated'>false</Data><Data Name='SourceIsIpv6'>true</Data><Data Name='SourceIp'>0:0:0:0:0:0:0:1</Data><Data Name='SourceHostname'>DESKTOP-P84STH6</Data><Data Name='SourcePort'>50626</Data><Data Name='SourcePortName'></Data><Data Name='DestinationIsIpv6'>true</Data><Data Name='DestinationIp'>0:0:0:0:0:0:0:1</Data><Data Name='DestinationHostname'>DESKTOP-P84STH6</Data><Data Name='DestinationPort'>8080</Data><Data Name='DestinationPortName'></Data></EventData></Event><Event xmlns='http://schemas.microsoft.com/win/2004/08/events/event'><System><Provider Name='Microsoft-Windows-Sysmon' Guid='{5770385f-c22a-43e0-bf4c-06f5698ffbd9}'/><EventID>3</EventID><Version>5</Version><Level>4</Level><Task>3</Task><Opcode>0</Opcode><Keywords>0x8000000000000000</Keywords><TimeCreated SystemTime='2020-05-18T07:26:31.825738100Z'/><EventRecordID>3330</EventRecordID><Correlation/><Execution ProcessID='3008' ThreadID='3544'/><Channel>Microsoft-Windows-Sysmon/Operational</Channel><Computer>DESKTOP-P84STH6</Computer><Security UserID='S-1-5-18'/></System><EventData><Data Name='RuleName'>Proxy</Data><Data Name='UtcTime'>2020-05-18 07:26:29.172</Data><Data Name='ProcessGuid'>{5d3d98af-3136-5ec2-0000-001095b88400}</Data><Data Name='ProcessId'>8240</Data><Data Name='Image'>C:\Program Files (x86)\Google\Chrome\Application\chrome.exe</Data><Data Name='User'>DESKTOP-P84STH6\NS</Data><Data Name='Protocol'>tcp</Data><Data Name='Initiated'>true</Data><Data Name='SourceIsIpv6'>true</Data><Data Name='SourceIp'>0:0:0:0:0:0:0:1</Data><Data Name='SourceHostname'>DESKTOP-P84STH6</Data><Data Name='SourcePort'>50626</Data><Data Name='SourcePortName'></Data><Data Name='DestinationIsIpv6'>true</Data><Data Name='DestinationIp'>0:0:0:0:0:0:0:1</Data><Data Name='DestinationHostname'>DESKTOP-P84STH6</Data><Data Name='DestinationPort'>8080</Data><Data Name='DestinationPortName'></Data></EventData></Event><Event xmlns='http://schemas.microsoft.com/win/2004/08/events/event'><System><Provider Name='Microsoft-Windows-Sysmon' Guid='{5770385f-c22a-43e0-bf4c-06f5698ffbd9}'/><EventID>3</EventID><Version>5</Version><Level>4</Level><Task>3</Task><Opcode>0</Opcode><Keywords>0x8000000000000000</Keywords><TimeCreated SystemTime='2020-05-18T07:26:31.825515100Z'/><EventRecordID>3329</EventRecordID><Correlation/><Execution ProcessID='3008' ThreadID='3544'/><Channel>Microsoft-Windows-Sysmon/Operational</Channel><Computer>DESKTOP-P84STH6</Computer><Security UserID='S-1-5-18'/></System><EventData><Data Name='RuleName'>Usermode</Data><Data Name='UtcTime'>2020-05-18 07:26:29.169</Data><Data Name='ProcessGuid'>{5d3d98af-312b-5ec2-0000-0010f6218400}</Data><Data Name='ProcessId'>280</Data><Data Name='Image'>C:\Users\NS\AppData\Local\Programs\Python\Python38-32\python.exe</Data><Data Name='User'>DESKTOP-P84STH6\NS</Data><Data Name='Protocol'>tcp</Data><Data Name='Initiated'>false</Data><Data Name='SourceIsIpv6'>true</Data><Data Name='SourceIp'>0:0:0:0:0:0:0:1</Data><Data Name='SourceHostname'>DESKTOP-P84STH6</Data><Data Name='SourcePort'>50625</Data><Data Name='SourcePortName'></Data><Data Name='DestinationIsIpv6'>true</Data><Data Name='DestinationIp'>0:0:0:0:0:0:0:1</Data><Data Name='DestinationHostname'>DESKTOP-P84STH6</Data><Data Name='DestinationPort'>8080</Data><Data Name='DestinationPortName'></Data></EventData></Event><Event xmlns='http://schemas.microsoft.com/win/2004/08/events/event'><System><Provider Name='Microsoft-Windows-Sysmon' Guid='{5770385f-c22a-43e0-bf4c-06f5698ffbd9}'/><EventID>3</EventID><Version>5</Version><Level>4</Level><Task>3</Task><Opcode>0</Opcode><Keywords>0x8000000000000000</Keywords><TimeCreated SystemTime='2020-05-18T07:26:31.825454900Z'/><EventRecordID>3328</EventRecordID><Correlation/><Execution ProcessID='3008' ThreadID='3544'/><Channel>Microsoft-Windows-Sysmon/Operational</Channel><Computer>DESKTOP-P84STH6</Computer><Security UserID='S-1-5-18'/></System><EventData><Data Name='RuleName'>Proxy</Data><Data Name='UtcTime'>2020-05-18 07:26:29.169</Data><Data Name='ProcessGuid'>{5d3d98af-3136-5ec2-0000-001095b88400}</Data><Data Name='ProcessId'>8240</Data><Data Name='Image'>C:\Program Files (x86)\Google\Chrome\Application\chrome.exe</Data><Data Name='User'>DESKTOP-P84STH6\NS</Data><Data Name='Protocol'>tcp</Data><Data Name='Initiated'>true</Data><Data Name='SourceIsIpv6'>true</Data><Data Name='SourceIp'>0:0:0:0:0:0:0:1</Data><Data Name='SourceHostname'>DESKTOP-P84STH6</Data><Data Name='SourcePort'>50625</Data><Data Name='SourcePortName'></Data><Data Name='DestinationIsIpv6'>true</Data><Data Name='DestinationIp'>0:0:0:0:0:0:0:1</Data><Data Name='DestinationHostname'>DESKTOP-P84STH6</Data><Data Name='DestinationPort'>8080</Data><Data Name='DestinationPortName'></Data></EventData></Event>