<Event xmlns='http://schemas.microsoft.com/win/2004/08/events/event'><System><Provider Name='Microsoft-Windows-Sysmon' Guid='{5770385f-c22a-43e0-bf4c-06f5698ffbd9}'/><EventID>13</EventID><Version>2</Version><Level>4</Level><Task>13</Task><Opcode>0</Opcode><Keywords>0x8000000000000000</Keywords><TimeCreated SystemTime='2020-05-18T06:34:22.825998300Z'/><EventRecordID>2870</EventRecordID><Correlation/><Execution ProcessID='3008' ThreadID='3552'/><Channel>Microsoft-Windows-Sysmon/Operational</Channel><Computer>DESKTOP-P84STH6</Computer><Security UserID='S-1-5-18'/></System><EventData><Data Name='RuleName'>InvDB-Pub</Data><Data Name='EventType'>SetValue</Data><Data Name='UtcTime'>2020-05-18 06:34:22.666</Data><Data Name='ProcessGuid'>{5d3d98af-2c4e-5ec2-0000-0010eaff5e00}</Data><Data Name='ProcessId'>4880</Data><Data Name='Image'>C:\Windows\system32\compattelrunner.exe</Data><Data Name='TargetObject'>\REGISTRY\A\{306b2099-7943-b298-df8d-eb87421480ed}\Root\InventoryApplication\0000d6f583c6267ffe754535616395b230e900000904\Publisher</Data><Data Name='Details'>Python Software Foundation</Data></EventData></Event><Event xmlns='http://schemas.microsoft.com/win/2004/08/events/event'><System><Provider Name='Microsoft-Windows-Sysmon' Guid='{5770385f-c22a-43e0-bf4c-06f5698ffbd9}'/><EventID>13</EventID><Version>2</Version><Level>4</Level><Task>13</Task><Opcode>0</Opcode><Keywords>0x8000000000000000</Keywords><TimeCreated SystemTime='2020-05-18T06:34:22.803958600Z'/><EventRecordID>2869</EventRecordID><Correlation/><Execution ProcessID='3008' ThreadID='3552'/><Channel>Microsoft-Windows-Sysmon/Operational</Channel><Computer>DESKTOP-P84STH6</Computer><Security UserID='S-1-5-18'/></System><EventData><Data Name='RuleName'>InvDB-Pub</Data><Data Name='EventType'>SetValue</Data><Data Name='UtcTime'>2020-05-18 06:34:22.666</Data><Data Name='ProcessGuid'>{5d3d98af-2c4e-5ec2-0000-0010eaff5e00}</Data><Data Name='ProcessId'>4880</Data><Data Name='Image'>C:\Windows\system32\compattelrunner.exe</Data><Data Name='TargetObject'>\REGISTRY\A\{306b2099-7943-b298-df8d-eb87421480ed}\Root\InventoryApplication\0000762fd907fb3a9ba4671d7e42a184887d00000904\Publisher</Data><Data Name='Details'>Python Software Foundation</Data></EventData></Event><Event xmlns='http://schemas.microsoft.com/win/2004/08/events/event'><System><Provider Name='Microsoft-Windows-Sysmon' Guid='{5770385f-c22a-43e0-bf4c-06f5698ffbd9}'/><EventID>13</EventID><Version>2</Version><Level>4</Level><Task>13</Task><Opcode>0</Opcode><Keywords>0x8000000000000000</Keywords><TimeCreated SystemTime='2020-05-18T06:34:22.780580500Z'/><EventRecordID>2868</EventRecordID><Correlation/><Execution ProcessID='3008' ThreadID='3552'/><Channel>Microsoft-Windows-Sysmon/Operational</Channel><Computer>DESKTOP-P84STH6</Computer><Security UserID='S-1-5-18'/></System><EventData><Data Name='RuleName'>InvDB-Pub</Data><Data Name='EventType'>SetValue</Data><Data Name='UtcTime'>2020-05-18 06:34:22.666</Data><Data Name='ProcessGuid'>{5d3d98af-2c4e-5ec2-0000-0010eaff5e00}</Data><Data Name='ProcessId'>4880</Data><Data Name='Image'>C:\Windows\system32\compattelrunner.exe</Data><Data Name='TargetObject'>\REGISTRY\A\{306b2099-7943-b298-df8d-eb87421480ed}\Root\InventoryApplication\00008e2e95189ebb5dc8057d920aa469c4aa00000904\Publisher</Data><Data Name='Details'>Python Software Foundation</Data></EventData></Event><Event xmlns='http://schemas.microsoft.com/win/2004/08/events/event'><System><Provider Name='Microsoft-Windows-Sysmon' Guid='{5770385f-c22a-43e0-bf4c-06f5698ffbd9}'/><EventID>13</EventID><Version>2</Version><Level>4</Level><Task>13</Task><Opcode>0</Opcode><Keywords>0x8000000000000000</Keywords><TimeCreated SystemTime='2020-05-18T06:34:22.754158600Z'/><EventRecordID>2867</EventRecordID><Correlation/><Execution ProcessID='3008' ThreadID='3552'/><Channel>Microsoft-Windows-Sysmon/Operational</Channel><Computer>DESKTOP-P84STH6</Computer><Security UserID='S-1-5-18'/></System><EventData><Data Name='RuleName'>InvDB-Pub</Data><Data Name='EventType'>SetValue</Data><Data Name='UtcTime'>2020-05-18 06:34:22.651</Data><Data Name='ProcessGuid'>{5d3d98af-2c4e-5ec2-0000-0010eaff5e00}</Data><Data Name='ProcessId'>4880</Data><Data Name='Image'>C:\Windows\system32\compattelrunner.exe</Data><Data Name='TargetObject'>\REGISTRY\A\{306b2099-7943-b298-df8d-eb87421480ed}\Root\InventoryApplication\000057f94c8aabeb7f29afbe1c22196edd3f00000904\Publisher</Data><Data Name='Details'>Python Software Foundation</Data></EventData></Event><Event xmlns='http://schemas.microsoft.com/win/2004/08/events/event'><System><Provider Name='Microsoft-Windows-Sysmon' Guid='{5770385f-c22a-43e0-bf4c-06f5698ffbd9}'/><EventID>13</EventID><Version>2</Version><Level>4</Level><Task>13</Task><Opcode>0</Opcode><Keywords>0x8000000000000000</Keywords><TimeCreated SystemTime='2020-05-18T06:34:22.731339300Z'/><EventRecordID>2866</EventRecordID><Correlation/><Execution ProcessID='3008' ThreadID='3552'/><Channel>Microsoft-Windows-Sysmon/Operational</Channel><Computer>DESKTOP-P84STH6</Computer><Security UserID='S-1-5-18'/></System><EventData><Data Name='RuleName'>InvDB-Pub</Data><Data Name='EventType'>SetValue</Data><Data Name='UtcTime'>2020-05-18 06:34:22.620</Data><Data Name='ProcessGuid'>{5d3d98af-2c4e-5ec2-0000-0010eaff5e00}</Data><Data Name='ProcessId'>4880</Data><Data Name='Image'>C:\Windows\system32\compattelrunner.exe</Data><Data Name='TargetObject'>\REGISTRY\A\{306b2099-7943-b298-df8d-eb87421480ed}\Root\InventoryApplication\00002328b564b46b0a677f83ce91af4aa06e00000904\Publisher</Data><Data Name='Details'>Python Software Foundation</Data></EventData></Event><Event xmlns='http://schemas.microsoft.com/win/2004/08/events/event'><System><Provider Name='Microsoft-Windows-Sysmon' Guid='{5770385f-c22a-43e0-bf4c-06f5698ffbd9}'/><EventID>13</EventID><Version>2</Version><Level>4</Level><Task>13</Task><Opcode>0</Opcode><Keywords>0x8000000000000000</Keywords><TimeCreated SystemTime='2020-05-18T06:34:22.708796600Z'/><EventRecordID>2865</EventRecordID><Correlation/><Execution ProcessID='3008' ThreadID='3552'/><Channel>Microsoft-Windows-Sysmon/Operational</Channel><Computer>DESKTOP-P84STH6</Computer><Security UserID='S-1-5-18'/></System><EventData><Data Name='RuleName'>InvDB-Pub</Data><Data Name='EventType'>SetValue</Data><Data Name='UtcTime'>2020-05-18 06:34:22.620</Data><Data Name='ProcessGuid'>{5d3d98af-2c4e-5ec2-0000-0010eaff5e00}</Data><Data Name='ProcessId'>4880</Data><Data Name='Image'>C:\Windows\system32\compattelrunner.exe</Data><Data Name='TargetObject'>\REGISTRY\A\{306b2099-7943-b298-df8d-eb87421480ed}\Root\InventoryApplication\00005eb91069698a758f25d6ce84f2b7f94100000904\Publisher</Data><Data Name='Details'>Python Software Foundation</Data></EventData></Event><Event xmlns='http://schemas.microsoft.com/win/2004/08/events/event'><System><Provider Name='Microsoft-Windows-Sysmon' Guid='{5770385f-c22a-43e0-bf4c-06f5698ffbd9}'/><EventID>13</EventID><Version>2</Version><Level>4</Level><Task>13</Task><Opcode>0</Opcode><Keywords>0x8000000000000000</Keywords><TimeCreated SystemTime='2020-05-18T06:34:22.698500400Z'/><EventRecordID>2864</EventRecordID><Correlation/><Execution ProcessID='3008' ThreadID='3552'/><Channel>Microsoft-Windows-Sysmon/Operational</Channel><Computer>DESKTOP-P84STH6</Computer><Security UserID='S-1-5-18'/></System><EventData><Data Name='RuleName'>InvDB-Ver</Data><Data Name='EventType'>SetValue</Data><Data Name='UtcTime'>2020-05-18 06:34:22.620</Data><Data Name='ProcessGuid'>{5d3d98af-2c4e-5ec2-0000-0010eaff5e00}</Data><Data Name='ProcessId'>4880</Data><Data Name='Image'>C:\Windows\system32\compattelrunner.exe</Data><Data Name='TargetObject'>\REGISTRY\A\{306b2099-7943-b298-df8d-eb87421480ed}\Root\InventoryApplicationFile\pyw.exe|5f03342bb9a9928a\BinProductVersion</Data><Data Name='Details'>3.8.3150.1013</Data></EventData></Event><Event xmlns='http://schemas.microsoft.com/win/2004/08/events/event'><System><Provider Name='Microsoft-Windows-Sysmon' Guid='{5770385f-c22a-43e0-bf4c-06f5698ffbd9}'/><EventID>13</EventID><Version>2</Version><Level>4</Level><Task>13</Task><Opcode>0</Opcode><Keywords>0x8000000000000000</Keywords><TimeCreated SystemTime='2020-05-18T06:34:22.697464700Z'/><EventRecordID>2863</EventRecordID><Correlation/><Execution ProcessID='3008' ThreadID='3552'/><Channel>Microsoft-Windows-Sysmon/Operational</Channel><Computer>DESKTOP-P84STH6</Computer><Security UserID='S-1-5-18'/></System><EventData><Data Name='RuleName'>InvDB-CompileTimeClaim</Data><Data Name='EventType'>SetValue</Data><Data Name='UtcTime'>2020-05-18 06:34:22.620</Data><Data Name='ProcessGuid'>{5d3d98af-2c4e-5ec2-0000-0010eaff5e00}</Data><Data Name='ProcessId'>4880</Data><Data Name='Image'>C:\Windows\system32\compattelrunner.exe</Data><Data Name='TargetObject'>\REGISTRY\A\{306b2099-7943-b298-df8d-eb87421480ed}\Root\InventoryApplicationFile\pyw.exe|5f03342bb9a9928a\LinkDate</Data><Data Name='Details'>05/13/2020 22:21:27</Data></EventData></Event><Event xmlns='http://schemas.microsoft.com/win/2004/08/events/event'><System><Provider Name='Microsoft-Windows-Sysmon' Guid='{5770385f-c22a-43e0-bf4c-06f5698ffbd9}'/><EventID>13</EventID><Version>2</Version><Level>4</Level><Task>13</Task><Opcode>0</Opcode><Keywords>0x8000000000000000</Keywords><TimeCreated SystemTime='2020-05-18T06:34:22.690891700Z'/><EventRecordID>2862</EventRecordID><Correlation/><Execution ProcessID='3008' ThreadID='3552'/><Channel>Microsoft-Windows-Sysmon/Operational</Channel><Computer>DESKTOP-P84STH6</Computer><Security UserID='S-1-5-18'/></System><EventData><Data Name='RuleName'>InvDB-Pub</Data><Data Name='EventType'>SetValue</Data><Data Name='UtcTime'>2020-05-18 06:34:22.620</Data><Data Name='ProcessGuid'>{5d3d98af-2c4e-5ec2-0000-0010eaff5e00}</Data><Data Name='ProcessId'>4880</Data><Data Name='Image'>C:\Windows\system32\compattelrunner.exe</Data><Data Name='TargetObject'>\REGISTRY\A\{306b2099-7943-b298-df8d-eb87421480ed}\Root\InventoryApplicationFile\pyw.exe|5f03342bb9a9928a\Publisher</Data><Data Name='Details'>python software foundation</Data></EventData></Event><Event xmlns='http://schemas.microsoft.com/win/2004/08/events/event'><System><Provider Name='Microsoft-Windows-Sysmon' Guid='{5770385f-c22a-43e0-bf4c-06f5698ffbd9}'/><EventID>13</EventID><Version>2</Version><Level>4</Level><Task>13</Task><Opcode>0</Opcode><Keywords>0x8000000000000000</Keywords><TimeCreated SystemTime='2020-05-18T06:34:22.687963500Z'/><EventRecordID>2861</EventRecordID><Correlation/><Execution ProcessID='3008' ThreadID='3552'/><Channel>Microsoft-Windows-Sysmon/Operational</Channel><Computer>DESKTOP-P84STH6</Computer><Security UserID='S-1-5-18'/></System><EventData><Data Name='RuleName'>InvDB-Path</Data><Data Name='EventType'>SetValue</Data><Data Name='UtcTime'>2020-05-18 06:34:22.620</Data><Data Name='ProcessGuid'>{5d3d98af-2c4e-5ec2-0000-0010eaff5e00}</Data><Data Name='ProcessId'>4880</Data><Data Name='Image'>C:\Windows\system32\compattelrunner.exe</Data><Data Name='TargetObject'>\REGISTRY\A\{306b2099-7943-b298-df8d-eb87421480ed}\Root\InventoryApplicationFile\pyw.exe|5f03342bb9a9928a\LowerCaseLongPath</Data><Data Name='Details'>c:\windows\pyw.exe</Data></EventData></Event><Event xmlns='http://schemas.microsoft.com/win/2004/08/events/event'><System><Provider Name='Microsoft-Windows-Sysmon' Guid='{5770385f-c22a-43e0-bf4c-06f5698ffbd9}'/><EventID>13</EventID><Version>2</Version><Level>4</Level><Task>13</Task><Opcode>0</Opcode><Keywords>0x8000000000000000</Keywords><TimeCreated SystemTime='2020-05-18T06:34:22.680004100Z'/><EventRecordID>2860</EventRecordID><Correlation/><Execution ProcessID='3008' ThreadID='3552'/><Channel>Microsoft-Windows-Sysmon/Operational</Channel><Computer>DESKTOP-P84STH6</Computer><Security UserID='S-1-5-18'/></System><EventData><Data Name='RuleName'>InvDB-Ver</Data><Data Name='EventType'>SetValue</Data><Data Name='UtcTime'>2020-05-18 06:34:22.620</Data><Data Name='ProcessGuid'>{5d3d98af-2c4e-5ec2-0000-0010eaff5e00}</Data><Data Name='ProcessId'>4880</Data><Data Name='Image'>C:\Windows\system32\compattelrunner.exe</Data><Data Name='TargetObject'>\REGISTRY\A\{306b2099-7943-b298-df8d-eb87421480ed}\Root\InventoryApplicationFile\py.exe|ddc00304deaa34f3\BinProductVersion</Data><Data Name='Details'>3.8.3150.1013</Data></EventData></Event><Event xmlns='http://schemas.microsoft.com/win/2004/08/events/event'><System><Provider Name='Microsoft-Windows-Sysmon' Guid='{5770385f-c22a-43e0-bf4c-06f5698ffbd9}'/><EventID>13</EventID><Version>2</Version><Level>4</Level><Task>13</Task><Opcode>0</Opcode><Keywords>0x8000000000000000</Keywords><TimeCreated SystemTime='2020-05-18T06:34:22.678818100Z'/><EventRecordID>2859</EventRecordID><Correlation/><Execution ProcessID='3008' ThreadID='3552'/><Channel>Microsoft-Windows-Sysmon/Operational</Channel><Computer>DESKTOP-P84STH6</Computer><Security UserID='S-1-5-18'/></System><EventData><Data Name='RuleName'>InvDB-CompileTimeClaim</Data><Data Name='EventType'>SetValue</Data><Data Name='UtcTime'>2020-05-18 06:34:22.620</Data><Data Name='ProcessGuid'>{5d3d98af-2c4e-5ec2-0000-0010eaff5e00}</Data><Data Name='ProcessId'>4880</Data><Data Name='Image'>C:\Windows\system32\compattelrunner.exe</Data><Data Name='TargetObject'>\REGISTRY\A\{306b2099-7943-b298-df8d-eb87421480ed}\Root\InventoryApplicationFile\py.exe|ddc00304deaa34f3\LinkDate</Data><Data Name='Details'>05/13/2020 22:21:27</Data></EventData></Event><Event xmlns='http://schemas.microsoft.com/win/2004/08/events/event'><System><Provider Name='Microsoft-Windows-Sysmon' Guid='{5770385f-c22a-43e0-bf4c-06f5698ffbd9}'/><EventID>13</EventID><Version>2</Version><Level>4</Level><Task>13</Task><Opcode>0</Opcode><Keywords>0x8000000000000000</Keywords><TimeCreated SystemTime='2020-05-18T06:34:22.672660700Z'/><EventRecordID>2858</EventRecordID><Correlation/><Execution ProcessID='3008' ThreadID='3552'/><Channel>Microsoft-Windows-Sysmon/Operational</Channel><Computer>DESKTOP-P84STH6</Computer><Security UserID='S-1-5-18'/></System><EventData><Data Name='RuleName'>InvDB-Pub</Data><Data Name='EventType'>SetValue</Data><Data Name='UtcTime'>2020-05-18 06:34:22.620</Data><Data Name='ProcessGuid'>{5d3d98af-2c4e-5ec2-0000-0010eaff5e00}</Data><Data Name='ProcessId'>4880</Data><Data Name='Image'>C:\Windows\system32\compattelrunner.exe</Data><Data Name='TargetObject'>\REGISTRY\A\{306b2099-7943-b298-df8d-eb87421480ed}\Root\InventoryApplicationFile\py.exe|ddc00304deaa34f3\Publisher</Data><Data Name='Details'>python software foundation</Data></EventData></Event><Event xmlns='http://schemas.microsoft.com/win/2004/08/events/event'><System><Provider Name='Microsoft-Windows-Sysmon' Guid='{5770385f-c22a-43e0-bf4c-06f5698ffbd9}'/><EventID>13</EventID><Version>2</Version><Level>4</Level><Task>13</Task><Opcode>0</Opcode><Keywords>0x8000000000000000</Keywords><TimeCreated SystemTime='2020-05-18T06:34:22.669563100Z'/><EventRecordID>2857</EventRecordID><Correlation/><Execution ProcessID='3008' ThreadID='3552'/><Channel>Microsoft-Windows-Sysmon/Operational</Channel><Computer>DESKTOP-P84STH6</Computer><Security UserID='S-1-5-18'/></System><EventData><Data Name='RuleName'>InvDB-Path</Data><Data Name='EventType'>SetValue</Data><Data Name='UtcTime'>2020-05-18 06:34:22.620</Data><Data Name='ProcessGuid'>{5d3d98af-2c4e-5ec2-0000-0010eaff5e00}</Data><Data Name='ProcessId'>4880</Data><Data Name='Image'>C:\Windows\system32\compattelrunner.exe</Data><Data Name='TargetObject'>\REGISTRY\A\{306b2099-7943-b298-df8d-eb87421480ed}\Root\InventoryApplicationFile\py.exe|ddc00304deaa34f3\LowerCaseLongPath</Data><Data Name='Details'>c:\windows\py.exe</Data></EventData></Event><Event xmlns='http://schemas.microsoft.com/win/2004/08/events/event'><System><Provider Name='Microsoft-Windows-Sysmon' Guid='{5770385f-c22a-43e0-bf4c-06f5698ffbd9}'/><EventID>13</EventID><Version>2</Version><Level>4</Level><Task>13</Task><Opcode>0</Opcode><Keywords>0x8000000000000000</Keywords><TimeCreated SystemTime='2020-05-18T06:34:22.646947500Z'/><EventRecordID>2856</EventRecordID><Correlation/><Execution ProcessID='3008' ThreadID='3552'/><Channel>Microsoft-Windows-Sysmon/Operational</Channel><Computer>DESKTOP-P84STH6</Computer><Security UserID='S-1-5-18'/></System><EventData><Data Name='RuleName'>InvDB-Pub</Data><Data Name='EventType'>SetValue</Data><Data Name='UtcTime'>2020-05-18 06:34:22.620</Data><Data Name='ProcessGuid'>{5d3d98af-2c4e-5ec2-0000-0010eaff5e00}</Data><Data Name='ProcessId'>4880</Data><Data Name='Image'>C:\Windows\system32\compattelrunner.exe</Data><Data Name='TargetObject'>\REGISTRY\A\{306b2099-7943-b298-df8d-eb87421480ed}\Root\InventoryApplication\0000a1d4e7ce874a4026ddef400fbc402c6700000904\Publisher</Data><Data Name='Details'>Python Software Foundation</Data></EventData></Event><Event xmlns='http://schemas.microsoft.com/win/2004/08/events/event'><System><Provider Name='Microsoft-Windows-Sysmon' Guid='{5770385f-c22a-43e0-bf4c-06f5698ffbd9}'/><EventID>13</EventID><Version>2</Version><Level>4</Level><Task>13</Task><Opcode>0</Opcode><Keywords>0x8000000000000000</Keywords><TimeCreated SystemTime='2020-05-18T06:34:22.624171000Z'/><EventRecordID>2855</EventRecordID><Correlation/><Execution ProcessID='3008' ThreadID='3552'/><Channel>Microsoft-Windows-Sysmon/Operational</Channel><Computer>DESKTOP-P84STH6</Computer><Security UserID='S-1-5-18'/></System><EventData><Data Name='RuleName'>InvDB-Pub</Data><Data Name='EventType'>SetValue</Data><Data Name='UtcTime'>2020-05-18 06:34:22.573</Data><Data Name='ProcessGuid'>{5d3d98af-2c4e-5ec2-0000-0010eaff5e00}</Data><Data Name='ProcessId'>4880</Data><Data Name='Image'>C:\Windows\system32\compattelrunner.exe</Data><Data Name='TargetObject'>\REGISTRY\A\{306b2099-7943-b298-df8d-eb87421480ed}\Root\InventoryApplication\0000321f30329be1e2b56e804b29ae61746200000904\Publisher</Data><Data Name='Details'>Python Software Foundation</Data></EventData></Event><Event xmlns='http://schemas.microsoft.com/win/2004/08/events/event'><System><Provider Name='Microsoft-Windows-Sysmon' Guid='{5770385f-c22a-43e0-bf4c-06f5698ffbd9}'/><EventID>13</EventID><Version>2</Version><Level>4</Level><Task>13</Task><Opcode>0</Opcode><Keywords>0x8000000000000000</Keywords><TimeCreated SystemTime='2020-05-18T06:34:22.602105000Z'/><EventRecordID>2854</EventRecordID><Correlation/><Execution ProcessID='3008' ThreadID='3552'/><Channel>Microsoft-Windows-Sysmon/Operational</Channel><Computer>DESKTOP-P84STH6</Computer><Security UserID='S-1-5-18'/></System><EventData><Data Name='RuleName'>InvDB-Pub</Data><Data Name='EventType'>SetValue</Data><Data Name='UtcTime'>2020-05-18 06:34:22.573</Data><Data Name='ProcessGuid'>{5d3d98af-2c4e-5ec2-0000-0010eaff5e00}</Data><Data Name='ProcessId'>4880</Data><Data Name='Image'>C:\Windows\system32\compattelrunner.exe</Data><Data Name='TargetObject'>\REGISTRY\A\{306b2099-7943-b298-df8d-eb87421480ed}\Root\InventoryApplication\00006b52d4b9ec717ead0e23bac6496704d000000904\Publisher</Data><Data Name='Details'>Python Software Foundation</Data></EventData></Event><Event xmlns='http://schemas.microsoft.com/win/2004/08/events/event'><System><Provider Name='Microsoft-Windows-Sysmon' Guid='{5770385f-c22a-43e0-bf4c-06f5698ffbd9}'/><EventID>13</EventID><Version>2</Version><Level>4</Level><Task>13</Task><Opcode>0</Opcode><Keywords>0x8000000000000000</Keywords><TimeCreated SystemTime='2020-05-18T06:34:22.579946900Z'/><EventRecordID>2853</EventRecordID><Correlation/><Execution ProcessID='3008' ThreadID='3552'/><Channel>Microsoft-Windows-Sysmon/Operational</Channel><Computer>DESKTOP-P84STH6</Computer><Security UserID='S-1-5-18'/></System><EventData><Data Name='RuleName'>InvDB-Pub</Data><Data Name='EventType'>SetValue</Data><Data Name='UtcTime'>2020-05-18 06:34:22.573</Data><Data Name='ProcessGuid'>{5d3d98af-2c4e-5ec2-0000-0010eaff5e00}</Data><Data Name='ProcessId'>4880</Data><Data Name='Image'>C:\Windows\system32\compattelrunner.exe</Data><Data Name='TargetObject'>\REGISTRY\A\{306b2099-7943-b298-df8d-eb87421480ed}\Root\InventoryApplication\0000dbb82cac59cf82c9522ee7fab55e462400000904\Publisher</Data><Data Name='Details'>Python Software Foundation</Data></EventData></Event><Event xmlns='http://schemas.microsoft.com/win/2004/08/events/event'><System><Provider Name='Microsoft-Windows-Sysmon' Guid='{5770385f-c22a-43e0-bf4c-06f5698ffbd9}'/><EventID>13</EventID><Version>2</Version><Level>4</Level><Task>13</Task><Opcode>0</Opcode><Keywords>0x8000000000000000</Keywords><TimeCreated SystemTime='2020-05-18T06:34:22.386728800Z'/><EventRecordID>2852</EventRecordID><Correlation/><Execution ProcessID='3008' ThreadID='3552'/><Channel>Microsoft-Windows-Sysmon/Operational</Channel><Computer>DESKTOP-P84STH6</Computer><Security UserID='S-1-5-18'/></System><EventData><Data Name='RuleName'>InvDB-Pub</Data><Data Name='EventType'>SetValue</Data><Data Name='UtcTime'>2020-05-18 06:34:22.370</Data><Data Name='ProcessGuid'>{5d3d98af-2c4e-5ec2-0000-0010eaff5e00}</Data><Data Name='ProcessId'>4880</Data><Data Name='Image'>C:\Windows\system32\compattelrunner.exe</Data><Data Name='TargetObject'>\REGISTRY\A\{306b2099-7943-b298-df8d-eb87421480ed}\Root\InventoryApplication\0000871826bcdbd2aedf3a62bf7f6e8c052d00000904\Publisher</Data><Data Name='Details'>CN=F80C3B33-B9E8-4F23-AB15-B97C700EFF2F</Data></EventData></Event><Event xmlns='http://schemas.microsoft.com/win/2004/08/events/event'><System><Provider Name='Microsoft-Windows-Sysmon' Guid='{5770385f-c22a-43e0-bf4c-06f5698ffbd9}'/><EventID>13</EventID><Version>2</Version><Level>4</Level><Task>13</Task><Opcode>0</Opcode><Keywords>0x8000000000000000</Keywords><TimeCreated SystemTime='2020-05-18T06:34:21.862392100Z'/><EventRecordID>2851</EventRecordID><Correlation/><Execution ProcessID='3008' ThreadID='3552'/><Channel>Microsoft-Windows-Sysmon/Operational</Channel><Computer>DESKTOP-P84STH6</Computer><Security UserID='S-1-5-18'/></System><EventData><Data Name='RuleName'>InvDB-Pub</Data><Data Name='EventType'>SetValue</Data><Data Name='UtcTime'>2020-05-18 06:34:21.854</Data><Data Name='ProcessGuid'>{5d3d98af-2c4e-5ec2-0000-0010eaff5e00}</Data><Data Name='ProcessId'>4880</Data><Data Name='Image'>C:\Windows\system32\compattelrunner.exe</Data><Data Name='TargetObject'>\REGISTRY\A\{306b2099-7943-b298-df8d-eb87421480ed}\Root\InventoryApplication\0000b22fcdbc9cf73ef4c7d584b1d5299a4000000904\Publisher</Data><Data Name='Details'>CN=F80C3B33-B9E8-4F23-AB15-B97C700EFF2F</Data></EventData></Event><Event xmlns='http://schemas.microsoft.com/win/2004/08/events/event'><System><Provider Name='Microsoft-Windows-Sysmon' Guid='{5770385f-c22a-43e0-bf4c-06f5698ffbd9}'/><EventID>13</EventID><Version>2</Version><Level>4</Level><Task>13</Task><Opcode>0</Opcode><Keywords>0x8000000000000000</Keywords><TimeCreated SystemTime='2020-05-18T06:34:21.310206700Z'/><EventRecordID>2850</EventRecordID><Correlation/><Execution ProcessID='3008' ThreadID='3552'/><Channel>Microsoft-Windows-Sysmon/Operational</Channel><Computer>DESKTOP-P84STH6</Computer><Security UserID='S-1-5-18'/></System><EventData><Data Name='RuleName'>InvDB-Pub</Data><Data Name='EventType'>SetValue</Data><Data Name='UtcTime'>2020-05-18 06:34:21.292</Data><Data Name='ProcessGuid'>{5d3d98af-2c4e-5ec2-0000-0010eaff5e00}</Data><Data Name='ProcessId'>4880</Data><Data Name='Image'>C:\Windows\system32\compattelrunner.exe</Data><Data Name='TargetObject'>\REGISTRY\A\{306b2099-7943-b298-df8d-eb87421480ed}\Root\InventoryApplication\0000aa82bb5b304b3b29b6f6aad40cbc604300000904\Publisher</Data><Data Name='Details'>CN=453637B3-4E12-4CDF-B0D3-2A3C863BF6EF</Data></EventData></Event><Event xmlns='http://schemas.microsoft.com/win/2004/08/events/event'><System><Provider Name='Microsoft-Windows-Sysmon' Guid='{5770385f-c22a-43e0-bf4c-06f5698ffbd9}'/><EventID>1</EventID><Version>5</Version><Level>4</Level><Task>1</Task><Opcode>0</Opcode><Keywords>0x8000000000000000</Keywords><TimeCreated SystemTime='2020-05-18T06:34:18.258643300Z'/><EventRecordID>2849</EventRecordID><Correlation/><Execution ProcessID='3008' ThreadID='3552'/><Channel>Microsoft-Windows-Sysmon/Operational</Channel><Computer>DESKTOP-P84STH6</Computer><Security UserID='S-1-5-18'/></System><EventData><Data Name='RuleName'></Data><Data Name='UtcTime'>2020-05-18 06:34:18.245</Data><Data Name='ProcessGuid'>{5d3d98af-2c6a-5ec2-0000-001073826200}</Data><Data Name='ProcessId'>7944</Data><Data Name='Image'>C:\Users\NS\AppData\Local\Programs\Python\Python38-32\python.exe</Data><Data Name='FileVersion'>3.8.3</Data><Data Name='Description'>Python</Data><Data Name='Product'>Python</Data><Data Name='Company'>Python Software Foundation</Data><Data Name='OriginalFileName'>python.exe</Data><Data Name='CommandLine'>"C:\Users\NS\AppData\Local\Programs\Python\Python38-32\python.exe" -E -s -m ensurepip -U --default-pip</Data><Data Name='CurrentDirectory'>C:\Windows\SysWOW64\</Data><Data Name='User'>DESKTOP-P84STH6\NS</Data><Data Name='LogonGuid'>{5d3d98af-26d0-5ec2-0000-0020be0f0400}</Data><Data Name='LogonId'>0x40fbe</Data><Data Name='TerminalSessionId'>1</Data><Data Name='IntegrityLevel'>Medium</Data><Data Name='Hashes'>MD5=860321C39382CCEFD9E03FEBA1D1D8FC,SHA256=1BDCC081537052182E2AC90395821C3475D09AB5B000AB21D3387E4E1C42BE89,IMPHASH=006745AB9DFC9E0C88019AC2C642F7ED</Data><Data Name='ParentProcessGuid'>{5d3d98af-2c69-5ec2-0000-0010fd7a6200}</Data><Data Name='ParentProcessId'>3528</Data><Data Name='ParentImage'>C:\Windows\SysWOW64\msiexec.exe</Data><Data Name='ParentCommandLine'>C:\Windows\syswow64\MsiExec.exe -Embedding B3DAB6ED1CA9DF863EE51D0AF99E7F50</Data></EventData></Event><Event xmlns='http://schemas.microsoft.com/win/2004/08/events/event'><System><Provider Name='Microsoft-Windows-Sysmon' Guid='{5770385f-c22a-43e0-bf4c-06f5698ffbd9}'/><EventID>1</EventID><Version>5</Version><Level>4</Level><Task>1</Task><Opcode>0</Opcode><Keywords>0x8000000000000000</Keywords><TimeCreated SystemTime='2020-05-18T06:34:17.740800700Z'/><EventRecordID>2848</EventRecordID><Correlation/><Execution ProcessID='3008' ThreadID='3552'/><Channel>Microsoft-Windows-Sysmon/Operational</Channel><Computer>DESKTOP-P84STH6</Computer><Security UserID='S-1-5-18'/></System><EventData><Data Name='RuleName'></Data><Data Name='UtcTime'>2020-05-18 06:34:17.658</Data><Data Name='ProcessGuid'>{5d3d98af-2c69-5ec2-0000-0010fd7a6200}</Data><Data Name='ProcessId'>3528</Data><Data Name='Image'>C:\Windows\SysWOW64\msiexec.exe</Data><Data Name='FileVersion'>5.0.18362.1 (WinBuild.160101.0800)</Data><Data Name='Description'>Windows® installer</Data><Data Name='Product'>Windows Installer - Unicode</Data><Data Name='Company'>Microsoft Corporation</Data><Data Name='OriginalFileName'>msiexec.exe</Data><Data Name='CommandLine'>C:\Windows\syswow64\MsiExec.exe -Embedding B3DAB6ED1CA9DF863EE51D0AF99E7F50</Data><Data Name='CurrentDirectory'>C:\Windows\SysWOW64\</Data><Data Name='User'>DESKTOP-P84STH6\NS</Data><Data Name='LogonGuid'>{5d3d98af-26d0-5ec2-0000-0020be0f0400}</Data><Data Name='LogonId'>0x40fbe</Data><Data Name='TerminalSessionId'>1</Data><Data Name='IntegrityLevel'>Medium</Data><Data Name='Hashes'>MD5=F9A3EEE1C3A4067702BC9A59BC894285,SHA256=8E2AA014D7729CBFEE95671717646EE480561F22E2147DAE87A75C18D7369D99,IMPHASH=E4E40938E4BF6C66424859ED02171C41</Data><Data Name='ParentProcessGuid'>{5d3d98af-2c2f-5ec2-0000-0010d4e25b00}</Data><Data Name='ParentProcessId'>8320</Data><Data Name='ParentImage'>C:\Windows\System32\msiexec.exe</Data><Data Name='ParentCommandLine'>C:\Windows\system32\msiexec.exe /V</Data></EventData></Event><Event xmlns='http://schemas.microsoft.com/win/2004/08/events/event'><System><Provider Name='Microsoft-Windows-Sysmon' Guid='{5770385f-c22a-43e0-bf4c-06f5698ffbd9}'/><EventID>13</EventID><Version>2</Version><Level>4</Level><Task>13</Task><Opcode>0</Opcode><Keywords>0x8000000000000000</Keywords><TimeCreated SystemTime='2020-05-18T06:34:17.291931800Z'/><EventRecordID>2847</EventRecordID><Correlation/><Execution ProcessID='3008' ThreadID='3552'/><Channel>Microsoft-Windows-Sysmon/Operational</Channel><Computer>DESKTOP-P84STH6</Computer><Security UserID='S-1-5-18'/></System><EventData><Data Name='RuleName'></Data><Data Name='EventType'>SetValue</Data><Data Name='UtcTime'>2020-05-18 06:34:17.229</Data><Data Name='ProcessGuid'>{5d3d98af-2c2f-5ec2-0000-0010d4e25b00}</Data><Data Name='ProcessId'>8320</Data><Data Name='Image'>C:\Windows\system32\msiexec.exe</Data><Data Name='TargetObject'>HKLM\SOFTWARE\WOW6432Node\Microsoft\Windows\CurrentVersion\Uninstall\{4ADFAA3D-1670-4161-A64A-83535B6D78C6}\URLUpdateInfo</Data><Data Name='Details'>(Empty)</Data></EventData></Event><Event xmlns='http://schemas.microsoft.com/win/2004/08/events/event'><System><Provider Name='Microsoft-Windows-Sysmon' Guid='{5770385f-c22a-43e0-bf4c-06f5698ffbd9}'/><EventID>13</EventID><Version>2</Version><Level>4</Level><Task>13</Task><Opcode>0</Opcode><Keywords>0x8000000000000000</Keywords><TimeCreated SystemTime='2020-05-18T06:34:17.283962700Z'/><EventRecordID>2846</EventRecordID><Correlation/><Execution ProcessID='3008' ThreadID='3552'/><Channel>Microsoft-Windows-Sysmon/Operational</Channel><Computer>DESKTOP-P84STH6</Computer><Security UserID='S-1-5-18'/></System><EventData><Data Name='RuleName'>InvDB-Pub</Data><Data Name='EventType'>SetValue</Data><Data Name='UtcTime'>2020-05-18 06:34:17.229</Data><Data Name='ProcessGuid'>{5d3d98af-2c2f-5ec2-0000-0010d4e25b00}</Data><Data Name='ProcessId'>8320</Data><Data Name='Image'>C:\Windows\system32\msiexec.exe</Data><Data Name='TargetObject'>HKLM\SOFTWARE\WOW6432Node\Microsoft\Windows\CurrentVersion\Uninstall\{4ADFAA3D-1670-4161-A64A-83535B6D78C6}\Publisher</Data><Data Name='Details'>Python Software Foundation</Data></EventData></Event><Event xmlns='http://schemas.microsoft.com/win/2004/08/events/event'><System><Provider Name='Microsoft-Windows-Sysmon' Guid='{5770385f-c22a-43e0-bf4c-06f5698ffbd9}'/><EventID>13</EventID><Version>2</Version><Level>4</Level><Task>13</Task><Opcode>0</Opcode><Keywords>0x8000000000000000</Keywords><TimeCreated SystemTime='2020-05-18T06:34:17.281818100Z'/><EventRecordID>2845</EventRecordID><Correlation/><Execution ProcessID='3008' ThreadID='3552'/><Channel>Microsoft-Windows-Sysmon/Operational</Channel><Computer>DESKTOP-P84STH6</Computer><Security UserID='S-1-5-18'/></System><EventData><Data Name='RuleName'></Data><Data Name='EventType'>SetValue</Data><Data Name='UtcTime'>2020-05-18 06:34:17.229</Data><Data Name='ProcessGuid'>{5d3d98af-2c2f-5ec2-0000-0010d4e25b00}</Data><Data Name='ProcessId'>8320</Data><Data Name='Image'>C:\Windows\system32\msiexec.exe</Data><Data Name='TargetObject'>HKLM\SOFTWARE\WOW6432Node\Microsoft\Windows\CurrentVersion\Uninstall\{4ADFAA3D-1670-4161-A64A-83535B6D78C6}\InstallSource</Data><Data Name='Details'>C:\Users\NS\AppData\Local\Package Cache\{4ADFAA3D-1670-4161-A64A-83535B6D78C6}v3.8.3150.0\</Data></EventData></Event><Event xmlns='http://schemas.microsoft.com/win/2004/08/events/event'><System><Provider Name='Microsoft-Windows-Sysmon' Guid='{5770385f-c22a-43e0-bf4c-06f5698ffbd9}'/><EventID>13</EventID><Version>2</Version><Level>4</Level><Task>13</Task><Opcode>0</Opcode><Keywords>0x8000000000000000</Keywords><TimeCreated SystemTime='2020-05-18T06:34:17.264462800Z'/><EventRecordID>2844</EventRecordID><Correlation/><Execution ProcessID='3008' ThreadID='3552'/><Channel>Microsoft-Windows-Sysmon/Operational</Channel><Computer>DESKTOP-P84STH6</Computer><Security UserID='S-1-5-18'/></System><EventData><Data Name='RuleName'></Data><Data Name='EventType'>SetValue</Data><Data Name='UtcTime'>2020-05-18 06:34:17.229</Data><Data Name='ProcessGuid'>{5d3d98af-2c2f-5ec2-0000-0010d4e25b00}</Data><Data Name='ProcessId'>8320</Data><Data Name='Image'>C:\Windows\system32\msiexec.exe</Data><Data Name='TargetObject'>HKLM\SOFTWARE\Microsoft\Windows\CurrentVersion\Installer\UserData\S-1-5-21-223836497-1760142647-788189203-1001\Products\D3AAFDA4076116146AA43835B5D6876C\InstallProperties\URLUpdateInfo</Data><Data Name='Details'>(Empty)</Data></EventData></Event><Event xmlns='http://schemas.microsoft.com/win/2004/08/events/event'><System><Provider Name='Microsoft-Windows-Sysmon' Guid='{5770385f-c22a-43e0-bf4c-06f5698ffbd9}'/><EventID>13</EventID><Version>2</Version><Level>4</Level><Task>13</Task><Opcode>0</Opcode><Keywords>0x8000000000000000</Keywords><TimeCreated SystemTime='2020-05-18T06:34:17.252694800Z'/><EventRecordID>2843</EventRecordID><Correlation/><Execution ProcessID='3008' ThreadID='3552'/><Channel>Microsoft-Windows-Sysmon/Operational</Channel><Computer>DESKTOP-P84STH6</Computer><Security UserID='S-1-5-18'/></System><EventData><Data Name='RuleName'>InvDB-Pub</Data><Data Name='EventType'>SetValue</Data><Data Name='UtcTime'>2020-05-18 06:34:17.229</Data><Data Name='ProcessGuid'>{5d3d98af-2c2f-5ec2-0000-0010d4e25b00}</Data><Data Name='ProcessId'>8320</Data><Data Name='Image'>C:\Windows\system32\msiexec.exe</Data><Data Name='TargetObject'>HKLM\SOFTWARE\Microsoft\Windows\CurrentVersion\Installer\UserData\S-1-5-21-223836497-1760142647-788189203-1001\Products\D3AAFDA4076116146AA43835B5D6876C\InstallProperties\Publisher</Data><Data Name='Details'>Python Software Foundation</Data></EventData></Event><Event xmlns='http://schemas.microsoft.com/win/2004/08/events/event'><System><Provider Name='Microsoft-Windows-Sysmon' Guid='{5770385f-c22a-43e0-bf4c-06f5698ffbd9}'/><EventID>13</EventID><Version>2</Version><Level>4</Level><Task>13</Task><Opcode>0</Opcode><Keywords>0x8000000000000000</Keywords><TimeCreated SystemTime='2020-05-18T06:34:17.249896200Z'/><EventRecordID>2842</EventRecordID><Correlation/><Execution ProcessID='3008' ThreadID='3552'/><Channel>Microsoft-Windows-Sysmon/Operational</Channel><Computer>DESKTOP-P84STH6</Computer><Security UserID='S-1-5-18'/></System><EventData><Data Name='RuleName'></Data><Data Name='EventType'>SetValue</Data><Data Name='UtcTime'>2020-05-18 06:34:17.229</Data><Data Name='ProcessGuid'>{5d3d98af-2c2f-5ec2-0000-0010d4e25b00}</Data><Data Name='ProcessId'>8320</Data><Data Name='Image'>C:\Windows\system32\msiexec.exe</Data><Data Name='TargetObject'>HKLM\SOFTWARE\Microsoft\Windows\CurrentVersion\Installer\UserData\S-1-5-21-223836497-1760142647-788189203-1001\Products\D3AAFDA4076116146AA43835B5D6876C\InstallProperties\InstallSource</Data><Data Name='Details'>C:\Users\NS\AppData\Local\Package Cache\{4ADFAA3D-1670-4161-A64A-83535B6D78C6}v3.8.3150.0\</Data></EventData></Event><Event xmlns='http://schemas.microsoft.com/win/2004/08/events/event'><System><Provider Name='Microsoft-Windows-Sysmon' Guid='{5770385f-c22a-43e0-bf4c-06f5698ffbd9}'/><EventID>13</EventID><Version>2</Version><Level>4</Level><Task>13</Task><Opcode>0</Opcode><Keywords>0x8000000000000000</Keywords><TimeCreated SystemTime='2020-05-18T06:34:11.815178300Z'/><EventRecordID>2841</EventRecordID><Correlation/><Execution ProcessID='3008' ThreadID='3552'/><Channel>Microsoft-Windows-Sysmon/Operational</Channel><Computer>DESKTOP-P84STH6</Computer><Security UserID='S-1-5-18'/></System><EventData><Data Name='RuleName'></Data><Data Name='EventType'>SetValue</Data><Data Name='UtcTime'>2020-05-18 06:34:11.791</Data><Data Name='ProcessGuid'>{5d3d98af-2c2f-5ec2-0000-0010d4e25b00}</Data><Data Name='ProcessId'>8320</Data><Data Name='Image'>C:\Windows\system32\msiexec.exe</Data><Data Name='TargetObject'>HKLM\SOFTWARE\WOW6432Node\Microsoft\Windows\CurrentVersion\Uninstall\{406A47EE-C4AE-4944-BADE-1B543A443873}\URLUpdateInfo</Data><Data Name='Details'>(Empty)</Data></EventData></Event><Event xmlns='http://schemas.microsoft.com/win/2004/08/events/event'><System><Provider Name='Microsoft-Windows-Sysmon' Guid='{5770385f-c22a-43e0-bf4c-06f5698ffbd9}'/><EventID>13</EventID><Version>2</Version><Level>4</Level><Task>13</Task><Opcode>0</Opcode><Keywords>0x8000000000000000</Keywords><TimeCreated SystemTime='2020-05-18T06:34:11.808156800Z'/><EventRecordID>2840</EventRecordID><Correlation/><Execution ProcessID='3008' ThreadID='3552'/><Channel>Microsoft-Windows-Sysmon/Operational</Channel><Computer>DESKTOP-P84STH6</Computer><Security UserID='S-1-5-18'/></System><EventData><Data Name='RuleName'>InvDB-Pub</Data><Data Name='EventType'>SetValue</Data><Data Name='UtcTime'>2020-05-18 06:34:11.791</Data><Data Name='ProcessGuid'>{5d3d98af-2c2f-5ec2-0000-0010d4e25b00}</Data><Data Name='ProcessId'>8320</Data><Data Name='Image'>C:\Windows\system32\msiexec.exe</Data><Data Name='TargetObject'>HKLM\SOFTWARE\WOW6432Node\Microsoft\Windows\CurrentVersion\Uninstall\{406A47EE-C4AE-4944-BADE-1B543A443873}\Publisher</Data><Data Name='Details'>Python Software Foundation</Data></EventData></Event><Event xmlns='http://schemas.microsoft.com/win/2004/08/events/event'><System><Provider Name='Microsoft-Windows-Sysmon' Guid='{5770385f-c22a-43e0-bf4c-06f5698ffbd9}'/><EventID>13</EventID><Version>2</Version><Level>4</Level><Task>13</Task><Opcode>0</Opcode><Keywords>0x8000000000000000</Keywords><TimeCreated SystemTime='2020-05-18T06:34:11.804310700Z'/><EventRecordID>2839</EventRecordID><Correlation/><Execution ProcessID='3008' ThreadID='3552'/><Channel>Microsoft-Windows-Sysmon/Operational</Channel><Computer>DESKTOP-P84STH6</Computer><Security UserID='S-1-5-18'/></System><EventData><Data Name='RuleName'></Data><Data Name='EventType'>SetValue</Data><Data Name='UtcTime'>2020-05-18 06:34:11.791</Data><Data Name='ProcessGuid'>{5d3d98af-2c2f-5ec2-0000-0010d4e25b00}</Data><Data Name='ProcessId'>8320</Data><Data Name='Image'>C:\Windows\system32\msiexec.exe</Data><Data Name='TargetObject'>HKLM\SOFTWARE\WOW6432Node\Microsoft\Windows\CurrentVersion\Uninstall\{406A47EE-C4AE-4944-BADE-1B543A443873}\InstallSource</Data><Data Name='Details'>C:\ProgramData\Package Cache\{406A47EE-C4AE-4944-BADE-1B543A443873}v3.8.7072.0\</Data></EventData></Event><Event xmlns='http://schemas.microsoft.com/win/2004/08/events/event'><System><Provider Name='Microsoft-Windows-Sysmon' Guid='{5770385f-c22a-43e0-bf4c-06f5698ffbd9}'/><EventID>13</EventID><Version>2</Version><Level>4</Level><Task>13</Task><Opcode>0</Opcode><Keywords>0x8000000000000000</Keywords><TimeCreated SystemTime='2020-05-18T06:34:11.775590400Z'/><EventRecordID>2838</EventRecordID><Correlation/><Execution ProcessID='3008' ThreadID='3552'/><Channel>Microsoft-Windows-Sysmon/Operational</Channel><Computer>DESKTOP-P84STH6</Computer><Security UserID='S-1-5-18'/></System><EventData><Data Name='RuleName'>T1122</Data><Data Name='EventType'>SetValue</Data><Data Name='UtcTime'>2020-05-18 06:34:11.760</Data><Data Name='ProcessGuid'>{5d3d98af-2c2f-5ec2-0000-0010d4e25b00}</Data><Data Name='ProcessId'>8320</Data><Data Name='Image'>C:\Windows\system32\msiexec.exe</Data><Data Name='TargetObject'>HKCR\CLSID\{BEA218D2-6950-497B-9434-61683EC065FE}\InprocServer32\(Default)</Data><Data Name='Details'>C:\Windows\pyshellext.amd64.dll</Data></EventData></Event><Event xmlns='http://schemas.microsoft.com/win/2004/08/events/event'><System><Provider Name='Microsoft-Windows-Sysmon' Guid='{5770385f-c22a-43e0-bf4c-06f5698ffbd9}'/><EventID>13</EventID><Version>2</Version><Level>4</Level><Task>13</Task><Opcode>0</Opcode><Keywords>0x8000000000000000</Keywords><TimeCreated SystemTime='2020-05-18T06:34:11.759875600Z'/><EventRecordID>2837</EventRecordID><Correlation/><Execution ProcessID='3008' ThreadID='3552'/><Channel>Microsoft-Windows-Sysmon/Operational</Channel><Computer>DESKTOP-P84STH6</Computer><Security UserID='S-1-5-18'/></System><EventData><Data Name='RuleName'>T1042</Data><Data Name='EventType'>SetValue</Data><Data Name='UtcTime'>2020-05-18 06:34:11.745</Data><Data Name='ProcessGuid'>{5d3d98af-2c2f-5ec2-0000-0010d4e25b00}</Data><Data Name='ProcessId'>8320</Data><Data Name='Image'>C:\Windows\system32\msiexec.exe</Data><Data Name='TargetObject'>HKCR\Python.NoConArchiveFile\shell\open\command\(Default)</Data><Data Name='Details'>"C:\Windows\pyw.exe" "%%L" %%*</Data></EventData></Event><Event xmlns='http://schemas.microsoft.com/win/2004/08/events/event'><System><Provider Name='Microsoft-Windows-Sysmon' Guid='{5770385f-c22a-43e0-bf4c-06f5698ffbd9}'/><EventID>13</EventID><Version>2</Version><Level>4</Level><Task>13</Task><Opcode>0</Opcode><Keywords>0x8000000000000000</Keywords><TimeCreated SystemTime='2020-05-18T06:34:11.748168800Z'/><EventRecordID>2836</EventRecordID><Correlation/><Execution ProcessID='3008' ThreadID='3552'/><Channel>Microsoft-Windows-Sysmon/Operational</Channel><Computer>DESKTOP-P84STH6</Computer><Security UserID='S-1-5-18'/></System><EventData><Data Name='RuleName'>T1042</Data><Data Name='EventType'>SetValue</Data><Data Name='UtcTime'>2020-05-18 06:34:11.745</Data><Data Name='ProcessGuid'>{5d3d98af-2c2f-5ec2-0000-0010d4e25b00}</Data><Data Name='ProcessId'>8320</Data><Data Name='Image'>C:\Windows\system32\msiexec.exe</Data><Data Name='TargetObject'>HKCR\Python.ArchiveFile\shell\open\command\(Default)</Data><Data Name='Details'>"C:\Windows\py.exe" "%%L" %%*</Data></EventData></Event><Event xmlns='http://schemas.microsoft.com/win/2004/08/events/event'><System><Provider Name='Microsoft-Windows-Sysmon' Guid='{5770385f-c22a-43e0-bf4c-06f5698ffbd9}'/><EventID>13</EventID><Version>2</Version><Level>4</Level><Task>13</Task><Opcode>0</Opcode><Keywords>0x8000000000000000</Keywords><TimeCreated SystemTime='2020-05-18T06:34:11.728555200Z'/><EventRecordID>2835</EventRecordID><Correlation/><Execution ProcessID='3008' ThreadID='3552'/><Channel>Microsoft-Windows-Sysmon/Operational</Channel><Computer>DESKTOP-P84STH6</Computer><Security UserID='S-1-5-18'/></System><EventData><Data Name='RuleName'>T1042</Data><Data Name='EventType'>SetValue</Data><Data Name='UtcTime'>2020-05-18 06:34:11.714</Data><Data Name='ProcessGuid'>{5d3d98af-2c2f-5ec2-0000-0010d4e25b00}</Data><Data Name='ProcessId'>8320</Data><Data Name='Image'>C:\Windows\system32\msiexec.exe</Data><Data Name='TargetObject'>HKCR\Python.CompiledFile\shell\open\command\(Default)</Data><Data Name='Details'>"C:\Windows\py.exe" "%%L" %%*</Data></EventData></Event><Event xmlns='http://schemas.microsoft.com/win/2004/08/events/event'><System><Provider Name='Microsoft-Windows-Sysmon' Guid='{5770385f-c22a-43e0-bf4c-06f5698ffbd9}'/><EventID>13</EventID><Version>2</Version><Level>4</Level><Task>13</Task><Opcode>0</Opcode><Keywords>0x8000000000000000</Keywords><TimeCreated SystemTime='2020-05-18T06:34:11.711798000Z'/><EventRecordID>2834</EventRecordID><Correlation/><Execution ProcessID='3008' ThreadID='3552'/><Channel>Microsoft-Windows-Sysmon/Operational</Channel><Computer>DESKTOP-P84STH6</Computer><Security UserID='S-1-5-18'/></System><EventData><Data Name='RuleName'>T1042</Data><Data Name='EventType'>SetValue</Data><Data Name='UtcTime'>2020-05-18 06:34:11.698</Data><Data Name='ProcessGuid'>{5d3d98af-2c2f-5ec2-0000-0010d4e25b00}</Data><Data Name='ProcessId'>8320</Data><Data Name='Image'>C:\Windows\system32\msiexec.exe</Data><Data Name='TargetObject'>HKCR\Python.NoConFile\shell\open\command\(Default)</Data><Data Name='Details'>"C:\Windows\pyw.exe" "%%L" %%*</Data></EventData></Event><Event xmlns='http://schemas.microsoft.com/win/2004/08/events/event'><System><Provider Name='Microsoft-Windows-Sysmon' Guid='{5770385f-c22a-43e0-bf4c-06f5698ffbd9}'/><EventID>13</EventID><Version>2</Version><Level>4</Level><Task>13</Task><Opcode>0</Opcode><Keywords>0x8000000000000000</Keywords><TimeCreated SystemTime='2020-05-18T06:34:11.693568300Z'/><EventRecordID>2833</EventRecordID><Correlation/><Execution ProcessID='3008' ThreadID='3552'/><Channel>Microsoft-Windows-Sysmon/Operational</Channel><Computer>DESKTOP-P84STH6</Computer><Security UserID='S-1-5-18'/></System><EventData><Data Name='RuleName'>T1042</Data><Data Name='EventType'>SetValue</Data><Data Name='UtcTime'>2020-05-18 06:34:11.682</Data><Data Name='ProcessGuid'>{5d3d98af-2c2f-5ec2-0000-0010d4e25b00}</Data><Data Name='ProcessId'>8320</Data><Data Name='Image'>C:\Windows\system32\msiexec.exe</Data><Data Name='TargetObject'>HKCR\Python.File\shell\open\command\(Default)</Data><Data Name='Details'>"C:\Windows\py.exe" "%%L" %%*</Data></EventData></Event><Event xmlns='http://schemas.microsoft.com/win/2004/08/events/event'><System><Provider Name='Microsoft-Windows-Sysmon' Guid='{5770385f-c22a-43e0-bf4c-06f5698ffbd9}'/><EventID>2</EventID><Version>4</Version><Level>4</Level><Task>2</Task><Opcode>0</Opcode><Keywords>0x8000000000000000</Keywords><TimeCreated SystemTime='2020-05-18T06:34:11.683467400Z'/><EventRecordID>2832</EventRecordID><Correlation/><Execution ProcessID='3008' ThreadID='3552'/><Channel>Microsoft-Windows-Sysmon/Operational</Channel><Computer>DESKTOP-P84STH6</Computer><Security UserID='S-1-5-18'/></System><EventData><Data Name='RuleName'>T1099</Data><Data Name='UtcTime'>2020-05-18 06:34:11.666</Data><Data Name='ProcessGuid'>{5d3d98af-2c2f-5ec2-0000-0010d4e25b00}</Data><Data Name='ProcessId'>8320</Data><Data Name='Image'>C:\Windows\system32\msiexec.exe</Data><Data Name='TargetFilename'>C:\Windows\pyw.exe</Data><Data Name='CreationUtcTime'>2020-05-13 14:42:48.000</Data><Data Name='PreviousCreationUtcTime'>2020-05-18 06:34:11.666</Data></EventData></Event><Event xmlns='http://schemas.microsoft.com/win/2004/08/events/event'><System><Provider Name='Microsoft-Windows-Sysmon' Guid='{5770385f-c22a-43e0-bf4c-06f5698ffbd9}'/><EventID>11</EventID><Version>2</Version><Level>4</Level><Task>11</Task><Opcode>0</Opcode><Keywords>0x8000000000000000</Keywords><TimeCreated SystemTime='2020-05-18T06:34:11.668154100Z'/><EventRecordID>2831</EventRecordID><Correlation/><Execution ProcessID='3008' ThreadID='3552'/><Channel>Microsoft-Windows-Sysmon/Operational</Channel><Computer>DESKTOP-P84STH6</Computer><Security UserID='S-1-5-18'/></System><EventData><Data Name='RuleName'>EXE</Data><Data Name='UtcTime'>2020-05-18 06:34:11.666</Data><Data Name='ProcessGuid'>{5d3d98af-2c2f-5ec2-0000-0010d4e25b00}</Data><Data Name='ProcessId'>8320</Data><Data Name='Image'>C:\Windows\system32\msiexec.exe</Data><Data Name='TargetFilename'>C:\Windows\pyw.exe</Data><Data Name='CreationUtcTime'>2020-05-18 06:34:11.666</Data></EventData></Event><Event xmlns='http://schemas.microsoft.com/win/2004/08/events/event'><System><Provider Name='Microsoft-Windows-Sysmon' Guid='{5770385f-c22a-43e0-bf4c-06f5698ffbd9}'/><EventID>11</EventID><Version>2</Version><Level>4</Level><Task>11</Task><Opcode>0</Opcode><Keywords>0x8000000000000000</Keywords><TimeCreated SystemTime='2020-05-18T06:34:11.661699500Z'/><EventRecordID>2830</EventRecordID><Correlation/><Execution ProcessID='3008' ThreadID='3552'/><Channel>Microsoft-Windows-Sysmon/Operational</Channel><Computer>DESKTOP-P84STH6</Computer><Security UserID='S-1-5-18'/></System><EventData><Data Name='RuleName'>DLL</Data><Data Name='UtcTime'>2020-05-18 06:34:11.651</Data><Data Name='ProcessGuid'>{5d3d98af-2c2f-5ec2-0000-0010d4e25b00}</Data><Data Name='ProcessId'>8320</Data><Data Name='Image'>C:\Windows\system32\msiexec.exe</Data><Data Name='TargetFilename'>C:\Windows\pyshellext.amd64.dll</Data><Data Name='CreationUtcTime'>2020-05-18 06:34:11.651</Data></EventData></Event><Event xmlns='http://schemas.microsoft.com/win/2004/08/events/event'><System><Provider Name='Microsoft-Windows-Sysmon' Guid='{5770385f-c22a-43e0-bf4c-06f5698ffbd9}'/><EventID>2</EventID><Version>4</Version><Level>4</Level><Task>2</Task><Opcode>0</Opcode><Keywords>0x8000000000000000</Keywords><TimeCreated SystemTime='2020-05-18T06:34:11.657616700Z'/><EventRecordID>2829</EventRecordID><Correlation/><Execution ProcessID='3008' ThreadID='3552'/><Channel>Microsoft-Windows-Sysmon/Operational</Channel><Computer>DESKTOP-P84STH6</Computer><Security UserID='S-1-5-18'/></System><EventData><Data Name='RuleName'>T1099</Data><Data Name='UtcTime'>2020-05-18 06:34:11.651</Data><Data Name='ProcessGuid'>{5d3d98af-2c2f-5ec2-0000-0010d4e25b00}</Data><Data Name='ProcessId'>8320</Data><Data Name='Image'>C:\Windows\system32\msiexec.exe</Data><Data Name='TargetFilename'>C:\Windows\py.exe</Data><Data Name='CreationUtcTime'>2020-05-13 14:42:48.000</Data><Data Name='PreviousCreationUtcTime'>2020-05-18 06:34:11.635</Data></EventData></Event><Event xmlns='http://schemas.microsoft.com/win/2004/08/events/event'><System><Provider Name='Microsoft-Windows-Sysmon' Guid='{5770385f-c22a-43e0-bf4c-06f5698ffbd9}'/><EventID>11</EventID><Version>2</Version><Level>4</Level><Task>11</Task><Opcode>0</Opcode><Keywords>0x8000000000000000</Keywords><TimeCreated SystemTime='2020-05-18T06:34:11.637190500Z'/><EventRecordID>2828</EventRecordID><Correlation/><Execution ProcessID='3008' ThreadID='3552'/><Channel>Microsoft-Windows-Sysmon/Operational</Channel><Computer>DESKTOP-P84STH6</Computer><Security UserID='S-1-5-18'/></System><EventData><Data Name='RuleName'>EXE</Data><Data Name='UtcTime'>2020-05-18 06:34:11.635</Data><Data Name='ProcessGuid'>{5d3d98af-2c2f-5ec2-0000-0010d4e25b00}</Data><Data Name='ProcessId'>8320</Data><Data Name='Image'>C:\Windows\system32\msiexec.exe</Data><Data Name='TargetFilename'>C:\Windows\py.exe</Data><Data Name='CreationUtcTime'>2020-05-18 06:34:11.635</Data></EventData></Event><Event xmlns='http://schemas.microsoft.com/win/2004/08/events/event'><System><Provider Name='Microsoft-Windows-Sysmon' Guid='{5770385f-c22a-43e0-bf4c-06f5698ffbd9}'/><EventID>13</EventID><Version>2</Version><Level>4</Level><Task>13</Task><Opcode>0</Opcode><Keywords>0x8000000000000000</Keywords><TimeCreated SystemTime='2020-05-18T06:34:09.036957600Z'/><EventRecordID>2827</EventRecordID><Correlation/><Execution ProcessID='3008' ThreadID='3552'/><Channel>Microsoft-Windows-Sysmon/Operational</Channel><Computer>DESKTOP-P84STH6</Computer><Security UserID='S-1-5-18'/></System><EventData><Data Name='RuleName'></Data><Data Name='EventType'>SetValue</Data><Data Name='UtcTime'>2020-05-18 06:34:08.977</Data><Data Name='ProcessGuid'>{5d3d98af-2c2f-5ec2-0000-0010d4e25b00}</Data><Data Name='ProcessId'>8320</Data><Data Name='Image'>C:\Windows\system32\msiexec.exe</Data><Data Name='TargetObject'>HKLM\SOFTWARE\WOW6432Node\Microsoft\Windows\CurrentVersion\Uninstall\{56AC5D63-87FC-4BA0-B4F2-6013D58F3302}\URLUpdateInfo</Data><Data Name='Details'>(Empty)</Data></EventData></Event>