<Event xmlns='http://schemas.microsoft.com/win/2004/08/events/event'><System><Provider Name='Microsoft-Windows-Sysmon' Guid='{5770385f-c22a-43e0-bf4c-06f5698ffbd9}'/><EventID>1</EventID><Version>5</Version><Level>4</Level><Task>1</Task><Opcode>0</Opcode><Keywords>0x8000000000000000</Keywords><TimeCreated SystemTime='2020-05-18T06:33:13.135939300Z'/><EventRecordID>2696</EventRecordID><Correlation/><Execution ProcessID='3008' ThreadID='3552'/><Channel>Microsoft-Windows-Sysmon/Operational</Channel><Computer>DESKTOP-P84STH6</Computer><Security UserID='S-1-5-18'/></System><EventData><Data Name='RuleName'></Data><Data Name='UtcTime'>2020-05-18 06:33:13.122</Data><Data Name='ProcessGuid'>{5d3d98af-2c29-5ec2-0000-0010bc725b00}</Data><Data Name='ProcessId'>7460</Data><Data Name='Image'>C:\Users\NS\AppData\Local\Temp\{4C6C8EF8-4023-466E-B5D6-BA680FBBCC11}\.cr\python-3.8.3.exe</Data><Data Name='FileVersion'>3.8.3150.0</Data><Data Name='Description'>Python 3.8.3 (32-bit)</Data><Data Name='Product'>Python 3.8.3 (32-bit)</Data><Data Name='Company'>Python Software Foundation</Data><Data Name='OriginalFileName'>python-3.8.3.exe</Data><Data Name='CommandLine'>"C:\Users\NS\AppData\Local\Temp\{4C6C8EF8-4023-466E-B5D6-BA680FBBCC11}\.cr\python-3.8.3.exe" -burn.clean.room="C:\Users\NS\Downloads\python-3.8.3.exe" -burn.filehandle.attached=660 -burn.filehandle.self=712 </Data><Data Name='CurrentDirectory'>C:\Users\NS\Downloads\</Data><Data Name='User'>DESKTOP-P84STH6\NS</Data><Data Name='LogonGuid'>{5d3d98af-26d0-5ec2-0000-0020be0f0400}</Data><Data Name='LogonId'>0x40fbe</Data><Data Name='TerminalSessionId'>1</Data><Data Name='IntegrityLevel'>Medium</Data><Data Name='Hashes'>MD5=8373CEE699ECCFF2680C1D2D1C568202,SHA256=BD34DF9FBCD277AD1EA978522BB104F8A63ABE53DD0581D3994B65805DD8EDA1,IMPHASH=D7E2FD259780271687FFCA462B9E69B7</Data><Data Name='ParentProcessGuid'>{5d3d98af-2c28-5ec2-0000-00101f6a5b00}</Data><Data Name='ParentProcessId'>5832</Data><Data Name='ParentImage'>C:\Users\NS\Downloads\python-3.8.3.exe</Data><Data Name='ParentCommandLine'>"C:\Users\NS\Downloads\python-3.8.3.exe" </Data></EventData></Event><Event xmlns='http://schemas.microsoft.com/win/2004/08/events/event'><System><Provider Name='Microsoft-Windows-Sysmon' Guid='{5770385f-c22a-43e0-bf4c-06f5698ffbd9}'/><EventID>11</EventID><Version>2</Version><Level>4</Level><Task>11</Task><Opcode>0</Opcode><Keywords>0x8000000000000000</Keywords><TimeCreated SystemTime='2020-05-18T06:33:12.820427200Z'/><EventRecordID>2695</EventRecordID><Correlation/><Execution ProcessID='3008' ThreadID='3552'/><Channel>Microsoft-Windows-Sysmon/Operational</Channel><Computer>DESKTOP-P84STH6</Computer><Security UserID='S-1-5-18'/></System><EventData><Data Name='RuleName'>EXE</Data><Data Name='UtcTime'>2020-05-18 06:33:12.815</Data><Data Name='ProcessGuid'>{5d3d98af-2c28-5ec2-0000-00101f6a5b00}</Data><Data Name='ProcessId'>5832</Data><Data Name='Image'>C:\Users\NS\Downloads\python-3.8.3.exe</Data><Data Name='TargetFilename'>C:\Users\NS\AppData\Local\Temp\{4C6C8EF8-4023-466E-B5D6-BA680FBBCC11}\.cr\python-3.8.3.exe</Data><Data Name='CreationUtcTime'>2020-05-18 06:33:12.815</Data></EventData></Event><Event xmlns='http://schemas.microsoft.com/win/2004/08/events/event'><System><Provider Name='Microsoft-Windows-Sysmon' Guid='{5770385f-c22a-43e0-bf4c-06f5698ffbd9}'/><EventID>1</EventID><Version>5</Version><Level>4</Level><Task>1</Task><Opcode>0</Opcode><Keywords>0x8000000000000000</Keywords><TimeCreated SystemTime='2020-05-18T06:33:12.547189600Z'/><EventRecordID>2694</EventRecordID><Correlation/><Execution ProcessID='3008' ThreadID='3552'/><Channel>Microsoft-Windows-Sysmon/Operational</Channel><Computer>DESKTOP-P84STH6</Computer><Security UserID='S-1-5-18'/></System><EventData><Data Name='RuleName'></Data><Data Name='UtcTime'>2020-05-18 06:33:12.264</Data><Data Name='ProcessGuid'>{5d3d98af-2c28-5ec2-0000-00101f6a5b00}</Data><Data Name='ProcessId'>5832</Data><Data Name='Image'>C:\Users\NS\Downloads\python-3.8.3.exe</Data><Data Name='FileVersion'>3.8.3150.0</Data><Data Name='Description'>Python 3.8.3 (32-bit)</Data><Data Name='Product'>Python 3.8.3 (32-bit)</Data><Data Name='Company'>Python Software Foundation</Data><Data Name='OriginalFileName'>python-3.8.3.exe</Data><Data Name='CommandLine'>"C:\Users\NS\Downloads\python-3.8.3.exe" </Data><Data Name='CurrentDirectory'>C:\Users\NS\Downloads\</Data><Data Name='User'>DESKTOP-P84STH6\NS</Data><Data Name='LogonGuid'>{5d3d98af-26d0-5ec2-0000-0020be0f0400}</Data><Data Name='LogonId'>0x40fbe</Data><Data Name='TerminalSessionId'>1</Data><Data Name='IntegrityLevel'>Medium</Data><Data Name='Hashes'>MD5=452373E2C467C14220EFEB10F40C231F,SHA256=E5EA9F5646FE3CFF2621B61A55A98EA5B3E9CA7DD7CC14C13535E55C88686872,IMPHASH=D7E2FD259780271687FFCA462B9E69B7</Data><Data Name='ParentProcessGuid'>{5d3d98af-29fb-5ec2-0000-00101f983800}</Data><Data Name='ParentProcessId'>1924</Data><Data Name='ParentImage'>C:\Program Files (x86)\Google\Chrome\Application\chrome.exe</Data><Data Name='ParentCommandLine'>"C:\Program Files (x86)\Google\Chrome\Application\chrome.exe" </Data></EventData></Event><Event xmlns='http://schemas.microsoft.com/win/2004/08/events/event'><System><Provider Name='Microsoft-Windows-Sysmon' Guid='{5770385f-c22a-43e0-bf4c-06f5698ffbd9}'/><EventID>15</EventID><Version>2</Version><Level>4</Level><Task>15</Task><Opcode>0</Opcode><Keywords>0x8000000000000000</Keywords><TimeCreated SystemTime='2020-05-18T06:33:05.836851700Z'/><EventRecordID>2693</EventRecordID><Correlation/><Execution ProcessID='3008' ThreadID='3552'/><Channel>Microsoft-Windows-Sysmon/Operational</Channel><Computer>DESKTOP-P84STH6</Computer><Security UserID='S-1-5-18'/></System><EventData><Data Name='RuleName'></Data><Data Name='UtcTime'>2020-05-18 06:33:05.836</Data><Data Name='ProcessGuid'>{5d3d98af-29fb-5ec2-0000-00101f983800}</Data><Data Name='ProcessId'>1924</Data><Data Name='Image'>C:\Program Files (x86)\Google\Chrome\Application\chrome.exe</Data><Data Name='TargetFilename'>C:\Users\NS\Downloads\python-3.8.3.exe:Zone.Identifier</Data><Data Name='CreationUtcTime'>2020-05-18 06:32:55.068</Data><Data Name='Hash'>MD5=EFED1CD90742F6FCDDB8942DD21AC2AC,SHA256=F7D10A8020011B4D10C93F15B2526C63F9B4E4F793EB731CAB4B380D8AE6A313,IMPHASH=00000000000000000000000000000000</Data></EventData></Event><Event xmlns='http://schemas.microsoft.com/win/2004/08/events/event'><System><Provider Name='Microsoft-Windows-Sysmon' Guid='{5770385f-c22a-43e0-bf4c-06f5698ffbd9}'/><EventID>15</EventID><Version>2</Version><Level>4</Level><Task>15</Task><Opcode>0</Opcode><Keywords>0x8000000000000000</Keywords><TimeCreated SystemTime='2020-05-18T06:33:05.836178200Z'/><EventRecordID>2692</EventRecordID><Correlation/><Execution ProcessID='3008' ThreadID='3552'/><Channel>Microsoft-Windows-Sysmon/Operational</Channel><Computer>DESKTOP-P84STH6</Computer><Security UserID='S-1-5-18'/></System><EventData><Data Name='RuleName'></Data><Data Name='UtcTime'>2020-05-18 06:33:05.578</Data><Data Name='ProcessGuid'>{5d3d98af-29fb-5ec2-0000-00101f983800}</Data><Data Name='ProcessId'>1924</Data><Data Name='Image'>C:\Program Files (x86)\Google\Chrome\Application\chrome.exe</Data><Data Name='TargetFilename'>C:\Users\NS\Downloads\python-3.8.3.exe</Data><Data Name='CreationUtcTime'>2020-05-18 06:32:55.068</Data><Data Name='Hash'>MD5=452373E2C467C14220EFEB10F40C231F,SHA256=E5EA9F5646FE3CFF2621B61A55A98EA5B3E9CA7DD7CC14C13535E55C88686872,IMPHASH=D7E2FD259780271687FFCA462B9E69B7</Data></EventData></Event><Event xmlns='http://schemas.microsoft.com/win/2004/08/events/event'><System><Provider Name='Microsoft-Windows-Sysmon' Guid='{5770385f-c22a-43e0-bf4c-06f5698ffbd9}'/><EventID>15</EventID><Version>2</Version><Level>4</Level><Task>15</Task><Opcode>0</Opcode><Keywords>0x8000000000000000</Keywords><TimeCreated SystemTime='2020-05-18T06:33:05.579162900Z'/><EventRecordID>2691</EventRecordID><Correlation/><Execution ProcessID='3008' ThreadID='3552'/><Channel>Microsoft-Windows-Sysmon/Operational</Channel><Computer>DESKTOP-P84STH6</Computer><Security UserID='S-1-5-18'/></System><EventData><Data Name='RuleName'></Data><Data Name='UtcTime'>2020-05-18 06:33:05.578</Data><Data Name='ProcessGuid'>{5d3d98af-29fb-5ec2-0000-00101f983800}</Data><Data Name='ProcessId'>1924</Data><Data Name='Image'>C:\Program Files (x86)\Google\Chrome\Application\chrome.exe</Data><Data Name='TargetFilename'>C:\Users\NS\Downloads\python-3.8.3.exe:Zone.Identifier</Data><Data Name='CreationUtcTime'>2020-05-18 06:32:55.068</Data><Data Name='Hash'>MD5=5E732B01D021FEA585F0874407E6BE6C,SHA256=BCBBEAB9FDD35F9079A5E26A1E7156838364538B563A9B5DC1459F467D938CE2,IMPHASH=00000000000000000000000000000000</Data></EventData></Event><Event xmlns='http://schemas.microsoft.com/win/2004/08/events/event'><System><Provider Name='Microsoft-Windows-Sysmon' Guid='{5770385f-c22a-43e0-bf4c-06f5698ffbd9}'/><EventID>15</EventID><Version>2</Version><Level>4</Level><Task>15</Task><Opcode>0</Opcode><Keywords>0x8000000000000000</Keywords><TimeCreated SystemTime='2020-05-18T06:33:05.578604400Z'/><EventRecordID>2690</EventRecordID><Correlation/><Execution ProcessID='3008' ThreadID='3552'/><Channel>Microsoft-Windows-Sysmon/Operational</Channel><Computer>DESKTOP-P84STH6</Computer><Security UserID='S-1-5-18'/></System><EventData><Data Name='RuleName'></Data><Data Name='UtcTime'>2020-05-18 06:33:05.307</Data><Data Name='ProcessGuid'>{5d3d98af-29fb-5ec2-0000-00101f983800}</Data><Data Name='ProcessId'>1924</Data><Data Name='Image'>C:\Program Files (x86)\Google\Chrome\Application\chrome.exe</Data><Data Name='TargetFilename'>C:\Users\NS\Downloads\python-3.8.3.exe</Data><Data Name='CreationUtcTime'>2020-05-18 06:32:55.068</Data><Data Name='Hash'>MD5=452373E2C467C14220EFEB10F40C231F,SHA256=E5EA9F5646FE3CFF2621B61A55A98EA5B3E9CA7DD7CC14C13535E55C88686872,IMPHASH=D7E2FD259780271687FFCA462B9E69B7</Data></EventData></Event><Event xmlns='http://schemas.microsoft.com/win/2004/08/events/event'><System><Provider Name='Microsoft-Windows-Sysmon' Guid='{5770385f-c22a-43e0-bf4c-06f5698ffbd9}'/><EventID>15</EventID><Version>2</Version><Level>4</Level><Task>15</Task><Opcode>0</Opcode><Keywords>0x8000000000000000</Keywords><TimeCreated SystemTime='2020-05-18T06:33:05.313627200Z'/><EventRecordID>2689</EventRecordID><Correlation/><Execution ProcessID='3008' ThreadID='3552'/><Channel>Microsoft-Windows-Sysmon/Operational</Channel><Computer>DESKTOP-P84STH6</Computer><Security UserID='S-1-5-18'/></System><EventData><Data Name='RuleName'></Data><Data Name='UtcTime'>2020-05-18 06:33:05.307</Data><Data Name='ProcessGuid'>{5d3d98af-29fb-5ec2-0000-00101f983800}</Data><Data Name='ProcessId'>1924</Data><Data Name='Image'>C:\Program Files (x86)\Google\Chrome\Application\chrome.exe</Data><Data Name='TargetFilename'>C:\Users\NS\Downloads\python-3.8.3.exe:Zone.Identifier</Data><Data Name='CreationUtcTime'>2020-05-18 06:32:55.068</Data><Data Name='Hash'>MD5=FBCCF14D504B7B2DBCB5A5BDA75BD93B,SHA256=EACD09517CE90D34BA562171D15AC40D302F0E691B439F91BE1B6406E25F5913,IMPHASH=00000000000000000000000000000000</Data></EventData></Event><Event xmlns='http://schemas.microsoft.com/win/2004/08/events/event'><System><Provider Name='Microsoft-Windows-Sysmon' Guid='{5770385f-c22a-43e0-bf4c-06f5698ffbd9}'/><EventID>11</EventID><Version>2</Version><Level>4</Level><Task>11</Task><Opcode>0</Opcode><Keywords>0x8000000000000000</Keywords><TimeCreated SystemTime='2020-05-18T06:33:05.312662700Z'/><EventRecordID>2688</EventRecordID><Correlation/><Execution ProcessID='3008' ThreadID='3552'/><Channel>Microsoft-Windows-Sysmon/Operational</Channel><Computer>DESKTOP-P84STH6</Computer><Security UserID='S-1-5-18'/></System><EventData><Data Name='RuleName'>Downloads</Data><Data Name='UtcTime'>2020-05-18 06:33:05.307</Data><Data Name='ProcessGuid'>{5d3d98af-29fb-5ec2-0000-00101f983800}</Data><Data Name='ProcessId'>1924</Data><Data Name='Image'>C:\Program Files (x86)\Google\Chrome\Application\chrome.exe</Data><Data Name='TargetFilename'>C:\Users\NS\Downloads\python-3.8.3.exe:Zone.Identifier</Data><Data Name='CreationUtcTime'>2020-05-18 06:32:55.068</Data></EventData></Event><Event xmlns='http://schemas.microsoft.com/win/2004/08/events/event'><System><Provider Name='Microsoft-Windows-Sysmon' Guid='{5770385f-c22a-43e0-bf4c-06f5698ffbd9}'/><EventID>15</EventID><Version>2</Version><Level>4</Level><Task>15</Task><Opcode>0</Opcode><Keywords>0x8000000000000000</Keywords><TimeCreated SystemTime='2020-05-18T06:33:05.312494400Z'/><EventRecordID>2687</EventRecordID><Correlation/><Execution ProcessID='3008' ThreadID='3552'/><Channel>Microsoft-Windows-Sysmon/Operational</Channel><Computer>DESKTOP-P84STH6</Computer><Security UserID='S-1-5-18'/></System><EventData><Data Name='RuleName'></Data><Data Name='UtcTime'>2020-05-18 06:33:00.338</Data><Data Name='ProcessGuid'>{5d3d98af-29fb-5ec2-0000-00101f983800}</Data><Data Name='ProcessId'>1924</Data><Data Name='Image'>C:\Program Files (x86)\Google\Chrome\Application\chrome.exe</Data><Data Name='TargetFilename'>C:\Users\NS\Downloads\python-3.8.3.exe</Data><Data Name='CreationUtcTime'>2020-05-18 06:32:55.068</Data><Data Name='Hash'>MD5=452373E2C467C14220EFEB10F40C231F,SHA256=E5EA9F5646FE3CFF2621B61A55A98EA5B3E9CA7DD7CC14C13535E55C88686872,IMPHASH=D7E2FD259780271687FFCA462B9E69B7</Data></EventData></Event><Event xmlns='http://schemas.microsoft.com/win/2004/08/events/event'><System><Provider Name='Microsoft-Windows-Sysmon' Guid='{5770385f-c22a-43e0-bf4c-06f5698ffbd9}'/><EventID>11</EventID><Version>2</Version><Level>4</Level><Task>11</Task><Opcode>0</Opcode><Keywords>0x8000000000000000</Keywords><TimeCreated SystemTime='2020-05-18T06:32:55.073199000Z'/><EventRecordID>2686</EventRecordID><Correlation/><Execution ProcessID='3008' ThreadID='3552'/><Channel>Microsoft-Windows-Sysmon/Operational</Channel><Computer>DESKTOP-P84STH6</Computer><Security UserID='S-1-5-18'/></System><EventData><Data Name='RuleName'>Downloads</Data><Data Name='UtcTime'>2020-05-18 06:32:55.068</Data><Data Name='ProcessGuid'>{5d3d98af-29fb-5ec2-0000-00101f983800}</Data><Data Name='ProcessId'>1924</Data><Data Name='Image'>C:\Program Files (x86)\Google\Chrome\Application\chrome.exe</Data><Data Name='TargetFilename'>C:\Users\NS\Downloads\a2dac8da-762a-495f-96f5-43ad96a4b31e.tmp</Data><Data Name='CreationUtcTime'>2020-05-18 06:32:55.068</Data></EventData></Event><Event xmlns='http://schemas.microsoft.com/win/2004/08/events/event'><System><Provider Name='Microsoft-Windows-Sysmon' Guid='{5770385f-c22a-43e0-bf4c-06f5698ffbd9}'/><EventID>22</EventID><Version>5</Version><Level>4</Level><Task>22</Task><Opcode>0</Opcode><Keywords>0x8000000000000000</Keywords><TimeCreated SystemTime='2020-05-18T06:32:54.069562600Z'/><EventRecordID>2685</EventRecordID><Correlation/><Execution ProcessID='3008' ThreadID='3548'/><Channel>Microsoft-Windows-Sysmon/Operational</Channel><Computer>DESKTOP-P84STH6</Computer><Security UserID='S-1-5-18'/></System><EventData><Data Name='RuleName'></Data><Data Name='UtcTime'>2020-05-18 06:32:50.900</Data><Data Name='ProcessGuid'>{5d3d98af-29fc-5ec2-0000-001082bd3800}</Data><Data Name='ProcessId'>9196</Data><Data Name='QueryName'>translate.googleapis.com</Data><Data Name='QueryStatus'>0</Data><Data Name='QueryResults'>216.58.200.42;216.239.32.10;2001:4860:4802:32::a;216.239.34.10;2001:4860:4802:34::a;216.239.36.10;2001:4860:4802:36::a;216.239.38.10;2001:4860:4802:38::a;</Data><Data Name='Image'>C:\Program Files (x86)\Google\Chrome\Application\chrome.exe</Data></EventData></Event><Event xmlns='http://schemas.microsoft.com/win/2004/08/events/event'><System><Provider Name='Microsoft-Windows-Sysmon' Guid='{5770385f-c22a-43e0-bf4c-06f5698ffbd9}'/><EventID>22</EventID><Version>5</Version><Level>4</Level><Task>22</Task><Opcode>0</Opcode><Keywords>0x8000000000000000</Keywords><TimeCreated SystemTime='2020-05-18T06:32:54.069091800Z'/><EventRecordID>2684</EventRecordID><Correlation/><Execution ProcessID='3008' ThreadID='3548'/><Channel>Microsoft-Windows-Sysmon/Operational</Channel><Computer>DESKTOP-P84STH6</Computer><Security UserID='S-1-5-18'/></System><EventData><Data Name='RuleName'></Data><Data Name='UtcTime'>2020-05-18 06:32:50.616</Data><Data Name='ProcessGuid'>{5d3d98af-29fc-5ec2-0000-001082bd3800}</Data><Data Name='ProcessId'>9196</Data><Data Name='QueryName'>2p66nmmycsj3.statuspage.io</Data><Data Name='QueryStatus'>0</Data><Data Name='QueryResults'>type:  5 elb-status-us.statuspage.io;13.236.8.150;205.251.192.209;2600:9000:5300:d100::1;205.251.195.183;2600:9000:5303:b700::1;205.251.197.127;2600:9000:5305:7f00::1;205.251.198.24;2600:9000:5306:1800::1;</Data><Data Name='Image'>C:\Program Files (x86)\Google\Chrome\Application\chrome.exe</Data></EventData></Event><Event xmlns='http://schemas.microsoft.com/win/2004/08/events/event'><System><Provider Name='Microsoft-Windows-Sysmon' Guid='{5770385f-c22a-43e0-bf4c-06f5698ffbd9}'/><EventID>22</EventID><Version>5</Version><Level>4</Level><Task>22</Task><Opcode>0</Opcode><Keywords>0x8000000000000000</Keywords><TimeCreated SystemTime='2020-05-18T06:32:50.752640300Z'/><EventRecordID>2683</EventRecordID><Correlation/><Execution ProcessID='3008' ThreadID='3548'/><Channel>Microsoft-Windows-Sysmon/Operational</Channel><Computer>DESKTOP-P84STH6</Computer><Security UserID='S-1-5-18'/></System><EventData><Data Name='RuleName'></Data><Data Name='UtcTime'>2020-05-18 06:32:48.131</Data><Data Name='ProcessGuid'>{5d3d98af-29fc-5ec2-0000-001082bd3800}</Data><Data Name='ProcessId'>9196</Data><Data Name='QueryName'>scontent-tpe1-1.xx.fbcdn.net</Data><Data Name='QueryStatus'>0</Data><Data Name='QueryResults'>31.13.87.5;129.134.30.11;2a03:2880:f0fc:b:face:b00c:0:99;129.134.31.11;2a03:2880:f0fd:b:face:b00c:0:99;185.89.218.11;2a03:2880:f1fc:b:face:b00c:0:99;185.89.219.11;2a03:2880:f1fd:b:face:b00c:0:99;</Data><Data Name='Image'>C:\Program Files (x86)\Google\Chrome\Application\chrome.exe</Data></EventData></Event><Event xmlns='http://schemas.microsoft.com/win/2004/08/events/event'><System><Provider Name='Microsoft-Windows-Sysmon' Guid='{5770385f-c22a-43e0-bf4c-06f5698ffbd9}'/><EventID>22</EventID><Version>5</Version><Level>4</Level><Task>22</Task><Opcode>0</Opcode><Keywords>0x8000000000000000</Keywords><TimeCreated SystemTime='2020-05-18T06:32:49.759092200Z'/><EventRecordID>2682</EventRecordID><Correlation/><Execution ProcessID='3008' ThreadID='3548'/><Channel>Microsoft-Windows-Sysmon/Operational</Channel><Computer>DESKTOP-P84STH6</Computer><Security UserID='S-1-5-18'/></System><EventData><Data Name='RuleName'></Data><Data Name='UtcTime'>2020-05-18 06:32:47.314</Data><Data Name='ProcessGuid'>{5d3d98af-29fc-5ec2-0000-001082bd3800}</Data><Data Name='ProcessId'>9196</Data><Data Name='QueryName'>www.facebook.com</Data><Data Name='QueryStatus'>0</Data><Data Name='QueryResults'>type:  5 star-mini.c10r.facebook.com;31.13.87.36;129.134.30.11;2a03:2880:f0fc:b:face:b00c:0:99;129.134.31.11;2a03:2880:f0fd:b:face:b00c:0:99;185.89.218.11;2a03:2880:f1fc:b:face:b00c:0:99;185.89.219.11;2a03:2880:f1fd:b:face:b00c:0:99;</Data><Data Name='Image'>C:\Program Files (x86)\Google\Chrome\Application\chrome.exe</Data></EventData></Event><Event xmlns='http://schemas.microsoft.com/win/2004/08/events/event'><System><Provider Name='Microsoft-Windows-Sysmon' Guid='{5770385f-c22a-43e0-bf4c-06f5698ffbd9}'/><EventID>22</EventID><Version>5</Version><Level>4</Level><Task>22</Task><Opcode>0</Opcode><Keywords>0x8000000000000000</Keywords><TimeCreated SystemTime='2020-05-18T06:32:45.738603300Z'/><EventRecordID>2681</EventRecordID><Correlation/><Execution ProcessID='3008' ThreadID='3548'/><Channel>Microsoft-Windows-Sysmon/Operational</Channel><Computer>DESKTOP-P84STH6</Computer><Security UserID='S-1-5-18'/></System><EventData><Data Name='RuleName'></Data><Data Name='UtcTime'>2020-05-18 06:32:43.790</Data><Data Name='ProcessGuid'>{5d3d98af-29fc-5ec2-0000-001082bd3800}</Data><Data Name='ProcessId'>9196</Data><Data Name='QueryName'>connect.facebook.net</Data><Data Name='QueryStatus'>0</Data><Data Name='QueryResults'>type:  5 scontent.xx.fbcdn.net;31.13.87.5;129.134.30.11;2a03:2880:f0fc:b:face:b00c:0:99;129.134.31.11;2a03:2880:f0fd:b:face:b00c:0:99;185.89.218.11;2a03:2880:f1fc:b:face:b00c:0:99;</Data><Data Name='Image'>C:\Program Files (x86)\Google\Chrome\Application\chrome.exe</Data></EventData></Event><Event xmlns='http://schemas.microsoft.com/win/2004/08/events/event'><System><Provider Name='Microsoft-Windows-Sysmon' Guid='{5770385f-c22a-43e0-bf4c-06f5698ffbd9}'/><EventID>22</EventID><Version>5</Version><Level>4</Level><Task>22</Task><Opcode>0</Opcode><Keywords>0x8000000000000000</Keywords><TimeCreated SystemTime='2020-05-18T06:32:45.738006400Z'/><EventRecordID>2680</EventRecordID><Correlation/><Execution ProcessID='3008' ThreadID='3548'/><Channel>Microsoft-Windows-Sysmon/Operational</Channel><Computer>DESKTOP-P84STH6</Computer><Security UserID='S-1-5-18'/></System><EventData><Data Name='RuleName'></Data><Data Name='UtcTime'>2020-05-18 06:32:42.739</Data><Data Name='ProcessGuid'>{5d3d98af-29fc-5ec2-0000-001082bd3800}</Data><Data Name='ProcessId'>9196</Data><Data Name='QueryName'>d1dwq032kyr03c.cloudfront.net</Data><Data Name='QueryStatus'>0</Data><Data Name='QueryResults'>13.35.163.82;13.35.163.88;13.35.163.91;13.35.163.75;205.251.193.224;2600:9000:5301:e000::1;205.251.195.137;2600:9000:5303:8900::1;205.251.196.45;2600:9000:5304:2d00::1;205.251.199.77;2600:9000:5307:4d00::1;</Data><Data Name='Image'>C:\Program Files (x86)\Google\Chrome\Application\chrome.exe</Data></EventData></Event><Event xmlns='http://schemas.microsoft.com/win/2004/08/events/event'><System><Provider Name='Microsoft-Windows-Sysmon' Guid='{5770385f-c22a-43e0-bf4c-06f5698ffbd9}'/><EventID>22</EventID><Version>5</Version><Level>4</Level><Task>22</Task><Opcode>0</Opcode><Keywords>0x8000000000000000</Keywords><TimeCreated SystemTime='2020-05-18T06:32:44.737548200Z'/><EventRecordID>2679</EventRecordID><Correlation/><Execution ProcessID='3008' ThreadID='3548'/><Channel>Microsoft-Windows-Sysmon/Operational</Channel><Computer>DESKTOP-P84STH6</Computer><Security UserID='S-1-5-18'/></System><EventData><Data Name='RuleName'></Data><Data Name='UtcTime'>2020-05-18 06:32:42.687</Data><Data Name='ProcessGuid'>{5d3d98af-29fc-5ec2-0000-001082bd3800}</Data><Data Name='ProcessId'>9196</Data><Data Name='QueryName'>itadstatic.ithome.com.tw</Data><Data Name='QueryStatus'>0</Data><Data Name='QueryResults'>type:  5 d21g6c3ku4ir5e.cloudfront.net;13.35.37.4;13.35.37.38;13.35.37.114;13.35.37.127;205.251.193.105;2600:9000:5301:6900::1;205.251.195.176;2600:9000:5303:b000::1;205.251.196.34;2600:9000:5304:2200::1;205.251.199.18;2600:9000:5307:1200::1;</Data><Data Name='Image'>C:\Program Files (x86)\Google\Chrome\Application\chrome.exe</Data></EventData></Event><Event xmlns='http://schemas.microsoft.com/win/2004/08/events/event'><System><Provider Name='Microsoft-Windows-Sysmon' Guid='{5770385f-c22a-43e0-bf4c-06f5698ffbd9}'/><EventID>22</EventID><Version>5</Version><Level>4</Level><Task>22</Task><Opcode>0</Opcode><Keywords>0x8000000000000000</Keywords><TimeCreated SystemTime='2020-05-18T06:32:43.790749200Z'/><EventRecordID>2678</EventRecordID><Correlation/><Execution ProcessID='3008' ThreadID='3548'/><Channel>Microsoft-Windows-Sysmon/Operational</Channel><Computer>DESKTOP-P84STH6</Computer><Security UserID='S-1-5-18'/></System><EventData><Data Name='RuleName'></Data><Data Name='UtcTime'>2020-05-18 06:32:41.994</Data><Data Name='ProcessGuid'>{5d3d98af-29fc-5ec2-0000-001082bd3800}</Data><Data Name='ProcessId'>9196</Data><Data Name='QueryName'>member.ithome.com.tw</Data><Data Name='QueryStatus'>0</Data><Data Name='QueryResults'>210.59.230.114;211.73.64.22;130.211.241.105;168.95.192.10;211.20.231.12;211.20.231.7;2001:c50:ffff:1::184;204.61.216.119;2001:500:14:6119:ad::1;2001:cd8:400::196;202.12.31.53;</Data><Data Name='Image'>C:\Program Files (x86)\Google\Chrome\Application\chrome.exe</Data></EventData></Event><Event xmlns='http://schemas.microsoft.com/win/2004/08/events/event'><System><Provider Name='Microsoft-Windows-Sysmon' Guid='{5770385f-c22a-43e0-bf4c-06f5698ffbd9}'/><EventID>22</EventID><Version>5</Version><Level>4</Level><Task>22</Task><Opcode>0</Opcode><Keywords>0x8000000000000000</Keywords><TimeCreated SystemTime='2020-05-18T06:32:43.790204100Z'/><EventRecordID>2677</EventRecordID><Correlation/><Execution ProcessID='3008' ThreadID='3548'/><Channel>Microsoft-Windows-Sysmon/Operational</Channel><Computer>DESKTOP-P84STH6</Computer><Security UserID='S-1-5-18'/></System><EventData><Data Name='RuleName'></Data><Data Name='UtcTime'>2020-05-18 06:32:41.882</Data><Data Name='ProcessGuid'>{5d3d98af-29fc-5ec2-0000-001082bd3800}</Data><Data Name='ProcessId'>9196</Data><Data Name='QueryName'>itadapi.ithome.com.tw</Data><Data Name='QueryStatus'>0</Data><Data Name='QueryResults'>type:  5 dav395k7pe4za.cloudfront.net;13.35.37.34;13.35.37.69;13.35.37.119;13.35.37.122;205.251.192.166;2600:9000:5300:a600::1;205.251.195.159;2600:9000:5303:9f00::1;205.251.196.233;2600:9000:5304:e900::1;205.251.198.227;2600:9000:5306:e300::1;</Data><Data Name='Image'>C:\Program Files (x86)\Google\Chrome\Application\chrome.exe</Data></EventData></Event><Event xmlns='http://schemas.microsoft.com/win/2004/08/events/event'><System><Provider Name='Microsoft-Windows-Sysmon' Guid='{5770385f-c22a-43e0-bf4c-06f5698ffbd9}'/><EventID>22</EventID><Version>5</Version><Level>4</Level><Task>22</Task><Opcode>0</Opcode><Keywords>0x8000000000000000</Keywords><TimeCreated SystemTime='2020-05-18T06:32:43.789659400Z'/><EventRecordID>2676</EventRecordID><Correlation/><Execution ProcessID='3008' ThreadID='3548'/><Channel>Microsoft-Windows-Sysmon/Operational</Channel><Computer>DESKTOP-P84STH6</Computer><Security UserID='S-1-5-18'/></System><EventData><Data Name='RuleName'></Data><Data Name='UtcTime'>2020-05-18 06:32:41.765</Data><Data Name='ProcessGuid'>{5d3d98af-29fc-5ec2-0000-001082bd3800}</Data><Data Name='ProcessId'>9196</Data><Data Name='QueryName'>cdn.jsdelivr.net</Data><Data Name='QueryStatus'>0</Data><Data Name='QueryResults'>type:  5 cdn.jsdelivr.net.cdn.cloudflare.net;104.16.85.20;104.16.86.20;104.16.87.20;104.16.88.20;104.16.89.20;173.245.59.31;2400:cb00:2049:1::adf5:3b1f;198.41.222.131;2400:cb00:2049:1::c629:de83;198.41.223.131;2400:cb00:2049:1::c629:df83;198.41.223.31;2400:cb00:2049:1::c629:df1f;</Data><Data Name='Image'>C:\Program Files (x86)\Google\Chrome\Application\chrome.exe</Data></EventData></Event><Event xmlns='http://schemas.microsoft.com/win/2004/08/events/event'><System><Provider Name='Microsoft-Windows-Sysmon' Guid='{5770385f-c22a-43e0-bf4c-06f5698ffbd9}'/><EventID>22</EventID><Version>5</Version><Level>4</Level><Task>22</Task><Opcode>0</Opcode><Keywords>0x8000000000000000</Keywords><TimeCreated SystemTime='2020-05-18T06:32:43.789225200Z'/><EventRecordID>2675</EventRecordID><Correlation/><Execution ProcessID='3008' ThreadID='3548'/><Channel>Microsoft-Windows-Sysmon/Operational</Channel><Computer>DESKTOP-P84STH6</Computer><Security UserID='S-1-5-18'/></System><EventData><Data Name='RuleName'></Data><Data Name='UtcTime'>2020-05-18 06:32:41.761</Data><Data Name='ProcessGuid'>{5d3d98af-29fc-5ec2-0000-001082bd3800}</Data><Data Name='ProcessId'>9196</Data><Data Name='QueryName'>maxcdn.bootstrapcdn.com</Data><Data Name='QueryStatus'>0</Data><Data Name='QueryResults'>type:  5 cds.j3z9t3p6.hwcdn.net;209.197.3.15;69.16.174.10;209.197.2.10;</Data><Data Name='Image'>C:\Program Files (x86)\Google\Chrome\Application\chrome.exe</Data></EventData></Event><Event xmlns='http://schemas.microsoft.com/win/2004/08/events/event'><System><Provider Name='Microsoft-Windows-Sysmon' Guid='{5770385f-c22a-43e0-bf4c-06f5698ffbd9}'/><EventID>22</EventID><Version>5</Version><Level>4</Level><Task>22</Task><Opcode>0</Opcode><Keywords>0x8000000000000000</Keywords><TimeCreated SystemTime='2020-05-18T06:32:43.788712400Z'/><EventRecordID>2674</EventRecordID><Correlation/><Execution ProcessID='3008' ThreadID='3548'/><Channel>Microsoft-Windows-Sysmon/Operational</Channel><Computer>DESKTOP-P84STH6</Computer><Security UserID='S-1-5-18'/></System><EventData><Data Name='RuleName'></Data><Data Name='UtcTime'>2020-05-18 06:32:41.298</Data><Data Name='ProcessGuid'>{5d3d98af-29fc-5ec2-0000-001082bd3800}</Data><Data Name='ProcessId'>9196</Data><Data Name='QueryName'>ithelp.ithome.com.tw</Data><Data Name='QueryStatus'>0</Data><Data Name='QueryResults'>type:  5 ithelp-lbs-145875026.ap-northeast-1.elb.amazonaws.com;13.113.169.238;52.69.201.190;205.251.192.54;2600:9000:5300:3600::1;205.251.195.214;2600:9000:5303:d600::1;205.251.197.45;2600:9000:5305:2d00::1;205.251.198.147;2600:9000:5306:9300::1;</Data><Data Name='Image'>C:\Program Files (x86)\Google\Chrome\Application\chrome.exe</Data></EventData></Event><Event xmlns='http://schemas.microsoft.com/win/2004/08/events/event'><System><Provider Name='Microsoft-Windows-Sysmon' Guid='{5770385f-c22a-43e0-bf4c-06f5698ffbd9}'/><EventID>22</EventID><Version>5</Version><Level>4</Level><Task>22</Task><Opcode>0</Opcode><Keywords>0x8000000000000000</Keywords><TimeCreated SystemTime='2020-05-18T06:32:39.543387300Z'/><EventRecordID>2673</EventRecordID><Correlation/><Execution ProcessID='3008' ThreadID='3548'/><Channel>Microsoft-Windows-Sysmon/Operational</Channel><Computer>DESKTOP-P84STH6</Computer><Security UserID='S-1-5-18'/></System><EventData><Data Name='RuleName'></Data><Data Name='UtcTime'>2020-05-18 06:32:36.107</Data><Data Name='ProcessGuid'>{5d3d98af-29fc-5ec2-0000-001082bd3800}</Data><Data Name='ProcessId'>9196</Data><Data Name='QueryName'>www.google.com.tw</Data><Data Name='QueryStatus'>0</Data><Data Name='QueryResults'>172.217.24.3;216.239.32.10;2001:4860:4802:32::a;216.239.34.10;2001:4860:4802:34::a;216.239.36.10;2001:4860:4802:36::a;216.239.38.10;2001:4860:4802:38::a;</Data><Data Name='Image'>C:\Program Files (x86)\Google\Chrome\Application\chrome.exe</Data></EventData></Event><Event xmlns='http://schemas.microsoft.com/win/2004/08/events/event'><System><Provider Name='Microsoft-Windows-Sysmon' Guid='{5770385f-c22a-43e0-bf4c-06f5698ffbd9}'/><EventID>22</EventID><Version>5</Version><Level>4</Level><Task>22</Task><Opcode>0</Opcode><Keywords>0x8000000000000000</Keywords><TimeCreated SystemTime='2020-05-18T06:32:38.540504400Z'/><EventRecordID>2672</EventRecordID><Correlation/><Execution ProcessID='3008' ThreadID='3548'/><Channel>Microsoft-Windows-Sysmon/Operational</Channel><Computer>DESKTOP-P84STH6</Computer><Security UserID='S-1-5-18'/></System><EventData><Data Name='RuleName'></Data><Data Name='UtcTime'>2020-05-18 06:32:35.803</Data><Data Name='ProcessGuid'>{5d3d98af-29fc-5ec2-0000-001082bd3800}</Data><Data Name='ProcessId'>9196</Data><Data Name='QueryName'>content-autofill.googleapis.com</Data><Data Name='QueryStatus'>0</Data><Data Name='QueryResults'>172.217.24.10;216.239.32.10;2001:4860:4802:32::a;216.239.34.10;2001:4860:4802:34::a;216.239.36.10;2001:4860:4802:36::a;216.239.38.10;2001:4860:4802:38::a;</Data><Data Name='Image'>C:\Program Files (x86)\Google\Chrome\Application\chrome.exe</Data></EventData></Event><Event xmlns='http://schemas.microsoft.com/win/2004/08/events/event'><System><Provider Name='Microsoft-Windows-Sysmon' Guid='{5770385f-c22a-43e0-bf4c-06f5698ffbd9}'/><EventID>22</EventID><Version>5</Version><Level>4</Level><Task>22</Task><Opcode>0</Opcode><Keywords>0x8000000000000000</Keywords><TimeCreated SystemTime='2020-05-18T06:32:37.541505400Z'/><EventRecordID>2671</EventRecordID><Correlation/><Execution ProcessID='3008' ThreadID='3548'/><Channel>Microsoft-Windows-Sysmon/Operational</Channel><Computer>DESKTOP-P84STH6</Computer><Security UserID='S-1-5-18'/></System><EventData><Data Name='RuleName'></Data><Data Name='UtcTime'>2020-05-18 06:32:35.352</Data><Data Name='ProcessGuid'>{5d3d98af-29fc-5ec2-0000-001082bd3800}</Data><Data Name='ProcessId'>9196</Data><Data Name='QueryName'>python</Data><Data Name='QueryStatus'>123</Data><Data Name='QueryResults'></Data><Data Name='Image'>C:\Program Files (x86)\Google\Chrome\Application\chrome.exe</Data></EventData></Event><Event xmlns='http://schemas.microsoft.com/win/2004/08/events/event'><System><Provider Name='Microsoft-Windows-Sysmon' Guid='{5770385f-c22a-43e0-bf4c-06f5698ffbd9}'/><EventID>22</EventID><Version>5</Version><Level>4</Level><Task>22</Task><Opcode>0</Opcode><Keywords>0x8000000000000000</Keywords><TimeCreated SystemTime='2020-05-18T06:32:37.541095300Z'/><EventRecordID>2670</EventRecordID><Correlation/><Execution ProcessID='3008' ThreadID='3548'/><Channel>Microsoft-Windows-Sysmon/Operational</Channel><Computer>DESKTOP-P84STH6</Computer><Security UserID='S-1-5-18'/></System><EventData><Data Name='RuleName'></Data><Data Name='UtcTime'>2020-05-18 06:32:34.871</Data><Data Name='ProcessGuid'>{5d3d98af-29fc-5ec2-0000-001082bd3800}</Data><Data Name='ProcessId'>9196</Data><Data Name='QueryName'>ogs.google.com</Data><Data Name='QueryStatus'>0</Data><Data Name='QueryResults'>type:  5 www3.l.google.com;172.217.27.142;216.239.32.10;2001:4860:4802:32::a;216.239.34.10;2001:4860:4802:34::a;216.239.36.10;216.239.38.10;</Data><Data Name='Image'>C:\Program Files (x86)\Google\Chrome\Application\chrome.exe</Data></EventData></Event><Event xmlns='http://schemas.microsoft.com/win/2004/08/events/event'><System><Provider Name='Microsoft-Windows-Sysmon' Guid='{5770385f-c22a-43e0-bf4c-06f5698ffbd9}'/><EventID>22</EventID><Version>5</Version><Level>4</Level><Task>22</Task><Opcode>0</Opcode><Keywords>0x8000000000000000</Keywords><TimeCreated SystemTime='2020-05-18T06:32:35.546050800Z'/><EventRecordID>2669</EventRecordID><Correlation/><Execution ProcessID='3008' ThreadID='3548'/><Channel>Microsoft-Windows-Sysmon/Operational</Channel><Computer>DESKTOP-P84STH6</Computer><Security UserID='S-1-5-18'/></System><EventData><Data Name='RuleName'></Data><Data Name='UtcTime'>2020-05-18 06:32:33.626</Data><Data Name='ProcessGuid'>{5d3d98af-29fc-5ec2-0000-001082bd3800}</Data><Data Name='ProcessId'>9196</Data><Data Name='QueryName'>www.python.org</Data><Data Name='QueryStatus'>0</Data><Data Name='QueryResults'>type:  5 dualstack.python.map.fastly.net;151.101.76.223;23.235.32.32;104.156.80.32;23.235.36.32;104.156.84.32;</Data><Data Name='Image'>C:\Program Files (x86)\Google\Chrome\Application\chrome.exe</Data></EventData></Event><Event xmlns='http://schemas.microsoft.com/win/2004/08/events/event'><System><Provider Name='Microsoft-Windows-Sysmon' Guid='{5770385f-c22a-43e0-bf4c-06f5698ffbd9}'/><EventID>13</EventID><Version>2</Version><Level>4</Level><Task>13</Task><Opcode>0</Opcode><Keywords>0x8000000000000000</Keywords><TimeCreated SystemTime='2020-05-18T06:31:58.437726700Z'/><EventRecordID>2668</EventRecordID><Correlation/><Execution ProcessID='3008' ThreadID='3552'/><Channel>Microsoft-Windows-Sysmon/Operational</Channel><Computer>DESKTOP-P84STH6</Computer><Security UserID='S-1-5-18'/></System><EventData><Data Name='RuleName'>InvDB</Data><Data Name='EventType'>SetValue</Data><Data Name='UtcTime'>2020-05-18 06:31:58.435</Data><Data Name='ProcessGuid'>{5d3d98af-2742-5ec2-0000-00103d570f00}</Data><Data Name='ProcessId'>8344</Data><Data Name='Image'>C:\Windows\system32\svchost.exe</Data><Data Name='TargetObject'>HKU\S-1-5-21-223836497-1760142647-788189203-1001\Software\Microsoft\Windows NT\CurrentVersion\AppCompatFlags\Compatibility Assistant\Store\C:\Program Files (x86)\Google\Chrome\Application\chrome.exe</Data><Data Name='Details'>Binary Data</Data></EventData></Event><Event xmlns='http://schemas.microsoft.com/win/2004/08/events/event'><System><Provider Name='Microsoft-Windows-Sysmon' Guid='{5770385f-c22a-43e0-bf4c-06f5698ffbd9}'/><EventID>3</EventID><Version>5</Version><Level>4</Level><Task>3</Task><Opcode>0</Opcode><Keywords>0x8000000000000000</Keywords><TimeCreated SystemTime='2020-05-18T06:31:58.064411300Z'/><EventRecordID>2667</EventRecordID><Correlation/><Execution ProcessID='3008' ThreadID='3544'/><Channel>Microsoft-Windows-Sysmon/Operational</Channel><Computer>DESKTOP-P84STH6</Computer><Security UserID='S-1-5-18'/></System><EventData><Data Name='RuleName'>Usermode</Data><Data Name='UtcTime'>2020-05-18 06:31:54.856</Data><Data Name='ProcessGuid'>{5d3d98af-296e-5ec2-0000-0010e8ac2b00}</Data><Data Name='ProcessId'>8132</Data><Data Name='Image'>C:\Users\NS\AppData\Local\Programs\Microsoft VS Code\Code.exe</Data><Data Name='User'>DESKTOP-P84STH6\NS</Data><Data Name='Protocol'>tcp</Data><Data Name='Initiated'>true</Data><Data Name='SourceIsIpv6'>false</Data><Data Name='SourceIp'>10.0.2.15</Data><Data Name='SourceHostname'>DESKTOP-P84STH6</Data><Data Name='SourcePort'>50378</Data><Data Name='SourcePortName'></Data><Data Name='DestinationIsIpv6'>false</Data><Data Name='DestinationIp'>111.221.29.254</Data><Data Name='DestinationHostname'></Data><Data Name='DestinationPort'>443</Data><Data Name='DestinationPortName'>https</Data></EventData></Event><Event xmlns='http://schemas.microsoft.com/win/2004/08/events/event'><System><Provider Name='Microsoft-Windows-Sysmon' Guid='{5770385f-c22a-43e0-bf4c-06f5698ffbd9}'/><EventID>1</EventID><Version>5</Version><Level>4</Level><Task>1</Task><Opcode>0</Opcode><Keywords>0x8000000000000000</Keywords><TimeCreated SystemTime='2020-05-18T06:31:56.296202200Z'/><EventRecordID>2666</EventRecordID><Correlation/><Execution ProcessID='3008' ThreadID='3552'/><Channel>Microsoft-Windows-Sysmon/Operational</Channel><Computer>DESKTOP-P84STH6</Computer><Security UserID='S-1-5-18'/></System><EventData><Data Name='RuleName'></Data><Data Name='UtcTime'>2020-05-18 06:31:56.286</Data><Data Name='ProcessGuid'>{5d3d98af-2bdc-5ec2-0000-0010b46b5900}</Data><Data Name='ProcessId'>3784</Data><Data Name='Image'>C:\Program Files (x86)\Google\Chrome\Application\chrome.exe</Data><Data Name='FileVersion'>81.0.4044.138</Data><Data Name='Description'>Google Chrome</Data><Data Name='Product'>Google Chrome</Data><Data Name='Company'>Google LLC</Data><Data Name='OriginalFileName'>chrome.exe</Data><Data Name='CommandLine'>"C:\Program Files (x86)\Google\Chrome\Application\chrome.exe" -- "C:\Users\NS\Downloads\graph.html"</Data><Data Name='CurrentDirectory'>C:\Windows\system32\</Data><Data Name='User'>DESKTOP-P84STH6\NS</Data><Data Name='LogonGuid'>{5d3d98af-26d0-5ec2-0000-0020be0f0400}</Data><Data Name='LogonId'>0x40fbe</Data><Data Name='TerminalSessionId'>1</Data><Data Name='IntegrityLevel'>Medium</Data><Data Name='Hashes'>MD5=86933F74660D7C194805276706EC9B00,SHA256=83BA9143274B2F318DF0BB7E112A959C3F9514C9B7F05F049A232A56DEFFED9A,IMPHASH=EACF25055C18024F25A81253CA4CCF62</Data><Data Name='ParentProcessGuid'>{5d3d98af-26d2-5ec2-0000-0010ce7a0400}</Data><Data Name='ParentProcessId'>4320</Data><Data Name='ParentImage'>C:\Windows\explorer.exe</Data><Data Name='ParentCommandLine'>C:\Windows\Explorer.EXE</Data></EventData></Event><Event xmlns='http://schemas.microsoft.com/win/2004/08/events/event'><System><Provider Name='Microsoft-Windows-Sysmon' Guid='{5770385f-c22a-43e0-bf4c-06f5698ffbd9}'/><EventID>2</EventID><Version>4</Version><Level>4</Level><Task>2</Task><Opcode>0</Opcode><Keywords>0x8000000000000000</Keywords><TimeCreated SystemTime='2020-05-18T06:31:49.462744200Z'/><EventRecordID>2665</EventRecordID><Correlation/><Execution ProcessID='3008' ThreadID='3552'/><Channel>Microsoft-Windows-Sysmon/Operational</Channel><Computer>DESKTOP-P84STH6</Computer><Security UserID='S-1-5-18'/></System><EventData><Data Name='RuleName'>T1099</Data><Data Name='UtcTime'>2020-05-18 06:31:49.461</Data><Data Name='ProcessGuid'>{5d3d98af-2968-5ec2-0000-0010a9432b00}</Data><Data Name='ProcessId'>9028</Data><Data Name='Image'>C:\Users\NS\AppData\Local\Programs\Microsoft VS Code\Code.exe</Data><Data Name='TargetFilename'>C:\Users\NS\AppData\Roaming\Microsoft\Windows\Recent\CustomDestinations\YX11G809GAVMNPS9CTQ7.temp</Data><Data Name='CreationUtcTime'>2020-05-18 06:21:31.799</Data><Data Name='PreviousCreationUtcTime'>2020-05-18 06:31:49.335</Data></EventData></Event><Event xmlns='http://schemas.microsoft.com/win/2004/08/events/event'><System><Provider Name='Microsoft-Windows-Sysmon' Guid='{5770385f-c22a-43e0-bf4c-06f5698ffbd9}'/><EventID>11</EventID><Version>2</Version><Level>4</Level><Task>11</Task><Opcode>0</Opcode><Keywords>0x8000000000000000</Keywords><TimeCreated SystemTime='2020-05-18T06:31:41.034445100Z'/><EventRecordID>2664</EventRecordID><Correlation/><Execution ProcessID='3008' ThreadID='3552'/><Channel>Microsoft-Windows-Sysmon/Operational</Channel><Computer>DESKTOP-P84STH6</Computer><Security UserID='S-1-5-18'/></System><EventData><Data Name='RuleName'>Downloads</Data><Data Name='UtcTime'>2020-05-18 06:31:41.021</Data><Data Name='ProcessGuid'>{5d3d98af-29fb-5ec2-0000-00101f983800}</Data><Data Name='ProcessId'>1924</Data><Data Name='Image'>C:\Program Files (x86)\Google\Chrome\Application\chrome.exe</Data><Data Name='TargetFilename'>C:\Users\NS\Downloads\graph.html</Data><Data Name='CreationUtcTime'>2020-05-18 06:31:40.707</Data></EventData></Event><Event xmlns='http://schemas.microsoft.com/win/2004/08/events/event'><System><Provider Name='Microsoft-Windows-Sysmon' Guid='{5770385f-c22a-43e0-bf4c-06f5698ffbd9}'/><EventID>11</EventID><Version>2</Version><Level>4</Level><Task>11</Task><Opcode>0</Opcode><Keywords>0x8000000000000000</Keywords><TimeCreated SystemTime='2020-05-18T06:31:40.716680300Z'/><EventRecordID>2663</EventRecordID><Correlation/><Execution ProcessID='3008' ThreadID='3552'/><Channel>Microsoft-Windows-Sysmon/Operational</Channel><Computer>DESKTOP-P84STH6</Computer><Security UserID='S-1-5-18'/></System><EventData><Data Name='RuleName'>Downloads</Data><Data Name='UtcTime'>2020-05-18 06:31:40.707</Data><Data Name='ProcessGuid'>{5d3d98af-2bc5-5ec2-0000-0010b9f65700}</Data><Data Name='ProcessId'>4704</Data><Data Name='Image'>C:\Program Files (x86)\Google\Chrome\Application\chrome.exe</Data><Data Name='TargetFilename'>C:\Users\NS\Downloads\graph.html</Data><Data Name='CreationUtcTime'>2020-05-18 06:31:40.707</Data></EventData></Event><Event xmlns='http://schemas.microsoft.com/win/2004/08/events/event'><System><Provider Name='Microsoft-Windows-Sysmon' Guid='{5770385f-c22a-43e0-bf4c-06f5698ffbd9}'/><EventID>11</EventID><Version>2</Version><Level>4</Level><Task>11</Task><Opcode>0</Opcode><Keywords>0x8000000000000000</Keywords><TimeCreated SystemTime='2020-05-18T06:31:35.077608700Z'/><EventRecordID>2662</EventRecordID><Correlation/><Execution ProcessID='3008' ThreadID='3552'/><Channel>Microsoft-Windows-Sysmon/Operational</Channel><Computer>DESKTOP-P84STH6</Computer><Security UserID='S-1-5-18'/></System><EventData><Data Name='RuleName'>T1053</Data><Data Name='UtcTime'>2020-05-18 06:31:35.050</Data><Data Name='ProcessGuid'>{5d3d98af-26b3-5ec2-0000-0010f1f90000}</Data><Data Name='ProcessId'>1484</Data><Data Name='Image'>C:\Windows\system32\svchost.exe</Data><Data Name='TargetFilename'>C:\Windows\System32\Tasks\Microsoft\Windows\Windows Defender\Windows Defender Scheduled Scan</Data><Data Name='CreationUtcTime'>2020-04-18 07:35:04.364</Data></EventData></Event><Event xmlns='http://schemas.microsoft.com/win/2004/08/events/event'><System><Provider Name='Microsoft-Windows-Sysmon' Guid='{5770385f-c22a-43e0-bf4c-06f5698ffbd9}'/><EventID>11</EventID><Version>2</Version><Level>4</Level><Task>11</Task><Opcode>0</Opcode><Keywords>0x8000000000000000</Keywords><TimeCreated SystemTime='2020-05-18T06:31:34.946937700Z'/><EventRecordID>2661</EventRecordID><Correlation/><Execution ProcessID='3008' ThreadID='3552'/><Channel>Microsoft-Windows-Sysmon/Operational</Channel><Computer>DESKTOP-P84STH6</Computer><Security UserID='S-1-5-18'/></System><EventData><Data Name='RuleName'>T1053</Data><Data Name='UtcTime'>2020-05-18 06:31:34.925</Data><Data Name='ProcessGuid'>{5d3d98af-26b3-5ec2-0000-0010f1f90000}</Data><Data Name='ProcessId'>1484</Data><Data Name='Image'>C:\Windows\system32\svchost.exe</Data><Data Name='TargetFilename'>C:\Windows\System32\Tasks\Microsoft\Windows\Windows Defender\Windows Defender Cleanup</Data><Data Name='CreationUtcTime'>2020-04-18 07:35:04.880</Data></EventData></Event><Event xmlns='http://schemas.microsoft.com/win/2004/08/events/event'><System><Provider Name='Microsoft-Windows-Sysmon' Guid='{5770385f-c22a-43e0-bf4c-06f5698ffbd9}'/><EventID>1</EventID><Version>5</Version><Level>4</Level><Task>1</Task><Opcode>0</Opcode><Keywords>0x8000000000000000</Keywords><TimeCreated SystemTime='2020-05-18T06:31:34.883933500Z'/><EventRecordID>2660</EventRecordID><Correlation/><Execution ProcessID='3008' ThreadID='3552'/><Channel>Microsoft-Windows-Sysmon/Operational</Channel><Computer>DESKTOP-P84STH6</Computer><Security UserID='S-1-5-18'/></System><EventData><Data Name='RuleName'></Data><Data Name='UtcTime'>2020-05-18 06:31:34.879</Data><Data Name='ProcessGuid'>{5d3d98af-2bc6-5ec2-0000-0010fd715800}</Data><Data Name='ProcessId'>4896</Data><Data Name='Image'>C:\ProgramData\Microsoft\Windows Defender\Platform\4.18.2005.4-0\MpCmdRun.exe</Data><Data Name='FileVersion'>4.18.2005.4 (WinBuild.160101.0800)</Data><Data Name='Description'>Microsoft Malware Protection Command Line Utility</Data><Data Name='Product'>Microsoft® Windows® Operating System</Data><Data Name='Company'>Microsoft Corporation</Data><Data Name='OriginalFileName'>MpCmdRun.exe</Data><Data Name='CommandLine'>"C:\ProgramData\Microsoft\Windows Defender\platform\4.18.2005.4-0\MpCmdRun.exe" SignaturesUpdateService -ScheduleJob -UnmanagedUpdate</Data><Data Name='CurrentDirectory'>C:\Windows\system32\</Data><Data Name='User'>NT AUTHORITY\SYSTEM</Data><Data Name='LogonGuid'>{5d3d98af-26b2-5ec2-0000-0020e7030000}</Data><Data Name='LogonId'>0x3e7</Data><Data Name='TerminalSessionId'>0</Data><Data Name='IntegrityLevel'>System</Data><Data Name='Hashes'>MD5=6098F51A806CEE0B1DECAD696ABEF35C,SHA256=7E8F6FF0129CE4ED73F2835916C27D3D89D26A43F8B3E9FEDB7530382A02797C,IMPHASH=F6DF3D838F28802D38226A6C60945DDD</Data><Data Name='ParentProcessGuid'>{5d3d98af-2964-5ec2-0000-0010240f2b00}</Data><Data Name='ParentProcessId'>1096</Data><Data Name='ParentImage'>C:\ProgramData\Microsoft\Windows Defender\Platform\4.18.2005.4-0\MsMpEng.exe</Data><Data Name='ParentCommandLine'>"C:\ProgramData\Microsoft\Windows Defender\platform\4.18.2005.4-0\MsMpEng.exe"</Data></EventData></Event><Event xmlns='http://schemas.microsoft.com/win/2004/08/events/event'><System><Provider Name='Microsoft-Windows-Sysmon' Guid='{5770385f-c22a-43e0-bf4c-06f5698ffbd9}'/><EventID>11</EventID><Version>2</Version><Level>4</Level><Task>11</Task><Opcode>0</Opcode><Keywords>0x8000000000000000</Keywords><TimeCreated SystemTime='2020-05-18T06:31:34.850193600Z'/><EventRecordID>2659</EventRecordID><Correlation/><Execution ProcessID='3008' ThreadID='3552'/><Channel>Microsoft-Windows-Sysmon/Operational</Channel><Computer>DESKTOP-P84STH6</Computer><Security UserID='S-1-5-18'/></System><EventData><Data Name='RuleName'>T1053</Data><Data Name='UtcTime'>2020-05-18 06:31:34.831</Data><Data Name='ProcessGuid'>{5d3d98af-26b3-5ec2-0000-0010f1f90000}</Data><Data Name='ProcessId'>1484</Data><Data Name='Image'>C:\Windows\system32\svchost.exe</Data><Data Name='TargetFilename'>C:\Windows\System32\Tasks\Microsoft\Windows\Windows Defender\Windows Defender Cache Maintenance</Data><Data Name='CreationUtcTime'>2020-04-18 07:34:52.864</Data></EventData></Event><Event xmlns='http://schemas.microsoft.com/win/2004/08/events/event'><System><Provider Name='Microsoft-Windows-Sysmon' Guid='{5770385f-c22a-43e0-bf4c-06f5698ffbd9}'/><EventID>1</EventID><Version>5</Version><Level>4</Level><Task>1</Task><Opcode>0</Opcode><Keywords>0x8000000000000000</Keywords><TimeCreated SystemTime='2020-05-18T06:31:34.836124600Z'/><EventRecordID>2658</EventRecordID><Correlation/><Execution ProcessID='3008' ThreadID='3552'/><Channel>Microsoft-Windows-Sysmon/Operational</Channel><Computer>DESKTOP-P84STH6</Computer><Security UserID='S-1-5-18'/></System><EventData><Data Name='RuleName'></Data><Data Name='UtcTime'>2020-05-18 06:31:34.827</Data><Data Name='ProcessGuid'>{5d3d98af-2bc6-5ec2-0000-0010c76e5800}</Data><Data Name='ProcessId'>5976</Data><Data Name='Image'>C:\ProgramData\Microsoft\Windows Defender\Platform\4.18.2005.4-0\MpCmdRun.exe</Data><Data Name='FileVersion'>4.18.2005.4 (WinBuild.160101.0800)</Data><Data Name='Description'>Microsoft Malware Protection Command Line Utility</Data><Data Name='Product'>Microsoft® Windows® Operating System</Data><Data Name='Company'>Microsoft Corporation</Data><Data Name='OriginalFileName'>MpCmdRun.exe</Data><Data Name='CommandLine'>"C:\ProgramData\Microsoft\Windows Defender\platform\4.18.2005.4-0\MpCmdRun.exe" SignatureUpdate -ScheduleJob -RestrictPrivileges -Reinvoke</Data><Data Name='CurrentDirectory'>C:\Windows\system32\</Data><Data Name='User'>NT AUTHORITY\NETWORK SERVICE</Data><Data Name='LogonGuid'>{5d3d98af-26b3-5ec2-0000-0020e4030000}</Data><Data Name='LogonId'>0x3e4</Data><Data Name='TerminalSessionId'>0</Data><Data Name='IntegrityLevel'>System</Data><Data Name='Hashes'>MD5=6098F51A806CEE0B1DECAD696ABEF35C,SHA256=7E8F6FF0129CE4ED73F2835916C27D3D89D26A43F8B3E9FEDB7530382A02797C,IMPHASH=F6DF3D838F28802D38226A6C60945DDD</Data><Data Name='ParentProcessGuid'>{5d3d98af-2bc6-5ec2-0000-0010d8655800}</Data><Data Name='ParentProcessId'>3332</Data><Data Name='ParentImage'>C:\ProgramData\Microsoft\Windows Defender\Platform\4.18.2005.4-0\MpCmdRun.exe</Data><Data Name='ParentCommandLine'>"C:\ProgramData\Microsoft\Windows Defender\platform\4.18.2005.4-0\MpCmdRun.exe" SignatureUpdate -ScheduleJob -RestrictPrivileges</Data></EventData></Event>