<Event xmlns='http://schemas.microsoft.com/win/2004/08/events/event'><System><Provider Name='Microsoft-Windows-Sysmon' Guid='{5770385f-c22a-43e0-bf4c-06f5698ffbd9}'/><EventID>11</EventID><Version>2</Version><Level>4</Level><Task>11</Task><Opcode>0</Opcode><Keywords>0x8000000000000000</Keywords><TimeCreated SystemTime='2020-05-18T07:14:14.240182700Z'/><EventRecordID>3288</EventRecordID><Correlation/><Execution ProcessID='3008' ThreadID='3552'/><Channel>Microsoft-Windows-Sysmon/Operational</Channel><Computer>DESKTOP-P84STH6</Computer><Security UserID='S-1-5-18'/></System><EventData><Data Name='RuleName'>DLL</Data><Data Name='UtcTime'>2020-05-18 07:14:14.236</Data><Data Name='ProcessGuid'>{5d3d98af-35c5-5ec2-0000-00100adb9500}</Data><Data Name='ProcessId'>3988</Data><Data Name='Image'>C:\Windows\Microsoft.NET\Framework\v4.0.30319\mscorsvw.exe</Data><Data Name='TargetFilename'>C:\Windows\assembly\NativeImages_v4.0.30319_32\Temp\f94-0\Microsoft.Security.ApplicationId.PolicyManagement.PolicyManager.dll</Data><Data Name='CreationUtcTime'>2020-05-18 07:14:14.236</Data></EventData></Event><Event xmlns='http://schemas.microsoft.com/win/2004/08/events/event'><System><Provider Name='Microsoft-Windows-Sysmon' Guid='{5770385f-c22a-43e0-bf4c-06f5698ffbd9}'/><EventID>11</EventID><Version>2</Version><Level>4</Level><Task>11</Task><Opcode>0</Opcode><Keywords>0x8000000000000000</Keywords><TimeCreated SystemTime='2020-05-18T07:14:07.464026700Z'/><EventRecordID>3287</EventRecordID><Correlation/><Execution ProcessID='3008' ThreadID='3552'/><Channel>Microsoft-Windows-Sysmon/Operational</Channel><Computer>DESKTOP-P84STH6</Computer><Security UserID='S-1-5-18'/></System><EventData><Data Name='RuleName'>DLL</Data><Data Name='UtcTime'>2020-05-18 07:14:07.456</Data><Data Name='ProcessGuid'>{5d3d98af-35bf-5ec2-0000-001097c49500}</Data><Data Name='ProcessId'>5420</Data><Data Name='Image'>C:\Windows\Microsoft.NET\Framework\v4.0.30319\mscorsvw.exe</Data><Data Name='TargetFilename'>C:\Windows\assembly\NativeImages_v4.0.30319_32\Temp\152c-0\Microsoft.Security.ApplicationId.PolicyManagement.PolicyEngineApi.Interop.dll</Data><Data Name='CreationUtcTime'>2020-05-18 07:14:07.456</Data></EventData></Event><Event xmlns='http://schemas.microsoft.com/win/2004/08/events/event'><System><Provider Name='Microsoft-Windows-Sysmon' Guid='{5770385f-c22a-43e0-bf4c-06f5698ffbd9}'/><EventID>11</EventID><Version>2</Version><Level>4</Level><Task>11</Task><Opcode>0</Opcode><Keywords>0x8000000000000000</Keywords><TimeCreated SystemTime='2020-05-18T07:14:07.115363100Z'/><EventRecordID>3286</EventRecordID><Correlation/><Execution ProcessID='3008' ThreadID='3552'/><Channel>Microsoft-Windows-Sysmon/Operational</Channel><Computer>DESKTOP-P84STH6</Computer><Security UserID='S-1-5-18'/></System><EventData><Data Name='RuleName'>DLL</Data><Data Name='UtcTime'>2020-05-18 07:14:07.112</Data><Data Name='ProcessGuid'>{5d3d98af-35be-5ec2-0000-00107eb79500}</Data><Data Name='ProcessId'>956</Data><Data Name='Image'>C:\Windows\Microsoft.NET\Framework\v4.0.30319\mscorsvw.exe</Data><Data Name='TargetFilename'>C:\Windows\assembly\NativeImages_v4.0.30319_32\Temp\3bc-0\Microsoft.Security.ApplicationId.PolicyManagement.Cmdlets.dll</Data><Data Name='CreationUtcTime'>2020-05-18 07:14:07.112</Data></EventData></Event><Event xmlns='http://schemas.microsoft.com/win/2004/08/events/event'><System><Provider Name='Microsoft-Windows-Sysmon' Guid='{5770385f-c22a-43e0-bf4c-06f5698ffbd9}'/><EventID>11</EventID><Version>2</Version><Level>4</Level><Task>11</Task><Opcode>0</Opcode><Keywords>0x8000000000000000</Keywords><TimeCreated SystemTime='2020-05-18T07:14:06.049120400Z'/><EventRecordID>3285</EventRecordID><Correlation/><Execution ProcessID='3008' ThreadID='3552'/><Channel>Microsoft-Windows-Sysmon/Operational</Channel><Computer>DESKTOP-P84STH6</Computer><Security UserID='S-1-5-18'/></System><EventData><Data Name='RuleName'>DLL</Data><Data Name='UtcTime'>2020-05-18 07:14:06.033</Data><Data Name='ProcessGuid'>{5d3d98af-35ba-5ec2-0000-001036939500}</Data><Data Name='ProcessId'>5628</Data><Data Name='Image'>C:\Windows\Microsoft.NET\Framework\v4.0.30319\mscorsvw.exe</Data><Data Name='TargetFilename'>C:\Windows\assembly\NativeImages_v4.0.30319_32\Temp\15fc-0\Microsoft.PowerShell.Workflow.ServiceCore.dll</Data><Data Name='CreationUtcTime'>2020-05-18 07:14:06.033</Data></EventData></Event><Event xmlns='http://schemas.microsoft.com/win/2004/08/events/event'><System><Provider Name='Microsoft-Windows-Sysmon' Guid='{5770385f-c22a-43e0-bf4c-06f5698ffbd9}'/><EventID>11</EventID><Version>2</Version><Level>4</Level><Task>11</Task><Opcode>0</Opcode><Keywords>0x8000000000000000</Keywords><TimeCreated SystemTime='2020-05-18T07:14:02.056316100Z'/><EventRecordID>3284</EventRecordID><Correlation/><Execution ProcessID='3008' ThreadID='3552'/><Channel>Microsoft-Windows-Sysmon/Operational</Channel><Computer>DESKTOP-P84STH6</Computer><Security UserID='S-1-5-18'/></System><EventData><Data Name='RuleName'>DLL</Data><Data Name='UtcTime'>2020-05-18 07:14:02.049</Data><Data Name='ProcessGuid'>{5d3d98af-35b7-5ec2-0000-00103cdc9400}</Data><Data Name='ProcessId'>3784</Data><Data Name='Image'>C:\Windows\Microsoft.NET\Framework\v4.0.30319\mscorsvw.exe</Data><Data Name='TargetFilename'>C:\Windows\assembly\NativeImages_v4.0.30319_32\Temp\ec8-0\Microsoft.PowerShell.Utility.Activities.dll</Data><Data Name='CreationUtcTime'>2020-05-18 07:14:02.049</Data></EventData></Event><Event xmlns='http://schemas.microsoft.com/win/2004/08/events/event'><System><Provider Name='Microsoft-Windows-Sysmon' Guid='{5770385f-c22a-43e0-bf4c-06f5698ffbd9}'/><EventID>11</EventID><Version>2</Version><Level>4</Level><Task>11</Task><Opcode>0</Opcode><Keywords>0x8000000000000000</Keywords><TimeCreated SystemTime='2020-05-18T07:13:58.857943300Z'/><EventRecordID>3283</EventRecordID><Correlation/><Execution ProcessID='3008' ThreadID='3552'/><Channel>Microsoft-Windows-Sysmon/Operational</Channel><Computer>DESKTOP-P84STH6</Computer><Security UserID='S-1-5-18'/></System><EventData><Data Name='RuleName'>DLL</Data><Data Name='UtcTime'>2020-05-18 07:13:58.846</Data><Data Name='ProcessGuid'>{5d3d98af-35b6-5ec2-0000-0010a0a49400}</Data><Data Name='ProcessId'>1204</Data><Data Name='Image'>C:\Windows\Microsoft.NET\Framework\v4.0.30319\mscorsvw.exe</Data><Data Name='TargetFilename'>C:\Windows\assembly\NativeImages_v4.0.30319_32\Temp\4b4-0\Microsoft.PowerShell.Security.Activities.dll</Data><Data Name='CreationUtcTime'>2020-05-18 07:13:58.846</Data></EventData></Event><Event xmlns='http://schemas.microsoft.com/win/2004/08/events/event'><System><Provider Name='Microsoft-Windows-Sysmon' Guid='{5770385f-c22a-43e0-bf4c-06f5698ffbd9}'/><EventID>11</EventID><Version>2</Version><Level>4</Level><Task>11</Task><Opcode>0</Opcode><Keywords>0x8000000000000000</Keywords><TimeCreated SystemTime='2020-05-18T07:13:57.747342000Z'/><EventRecordID>3282</EventRecordID><Correlation/><Execution ProcessID='3008' ThreadID='3552'/><Channel>Microsoft-Windows-Sysmon/Operational</Channel><Computer>DESKTOP-P84STH6</Computer><Security UserID='S-1-5-18'/></System><EventData><Data Name='RuleName'>DLL</Data><Data Name='UtcTime'>2020-05-18 07:13:57.737</Data><Data Name='ProcessGuid'>{5d3d98af-35b2-5ec2-0000-0010efec9300}</Data><Data Name='ProcessId'>4708</Data><Data Name='Image'>C:\Windows\Microsoft.NET\Framework\v4.0.30319\mscorsvw.exe</Data><Data Name='TargetFilename'>C:\Windows\assembly\NativeImages_v4.0.30319_32\Temp\1264-0\Microsoft.PowerShell.Management.Activities.dll</Data><Data Name='CreationUtcTime'>2020-05-18 07:13:57.737</Data></EventData></Event><Event xmlns='http://schemas.microsoft.com/win/2004/08/events/event'><System><Provider Name='Microsoft-Windows-Sysmon' Guid='{5770385f-c22a-43e0-bf4c-06f5698ffbd9}'/><EventID>11</EventID><Version>2</Version><Level>4</Level><Task>11</Task><Opcode>0</Opcode><Keywords>0x8000000000000000</Keywords><TimeCreated SystemTime='2020-05-18T07:13:53.507270600Z'/><EventRecordID>3281</EventRecordID><Correlation/><Execution ProcessID='3008' ThreadID='3552'/><Channel>Microsoft-Windows-Sysmon/Operational</Channel><Computer>DESKTOP-P84STH6</Computer><Security UserID='S-1-5-18'/></System><EventData><Data Name='RuleName'>DLL</Data><Data Name='UtcTime'>2020-05-18 07:13:53.502</Data><Data Name='ProcessGuid'>{5d3d98af-35b0-5ec2-0000-001087a49300}</Data><Data Name='ProcessId'>8564</Data><Data Name='Image'>C:\Windows\Microsoft.NET\Framework\v4.0.30319\mscorsvw.exe</Data><Data Name='TargetFilename'>C:\Windows\assembly\NativeImages_v4.0.30319_32\Temp\2174-0\Microsoft.PowerShell.Diagnostics.Activities.dll</Data><Data Name='CreationUtcTime'>2020-05-18 07:13:53.502</Data></EventData></Event><Event xmlns='http://schemas.microsoft.com/win/2004/08/events/event'><System><Provider Name='Microsoft-Windows-Sysmon' Guid='{5770385f-c22a-43e0-bf4c-06f5698ffbd9}'/><EventID>5</EventID><Version>3</Version><Level>4</Level><Task>5</Task><Opcode>0</Opcode><Keywords>0x8000000000000000</Keywords><TimeCreated SystemTime='2020-05-18T07:13:52.206641000Z'/><EventRecordID>3280</EventRecordID><Correlation/><Execution ProcessID='3008' ThreadID='3552'/><Channel>Microsoft-Windows-Sysmon/Operational</Channel><Computer>DESKTOP-P84STH6</Computer><Security UserID='S-1-5-18'/></System><EventData><Data Name='RuleName'></Data><Data Name='UtcTime'>2020-05-18 07:13:52.190</Data><Data Name='ProcessGuid'>{5d3d98af-3593-5ec2-0000-001061699100}</Data><Data Name='ProcessId'>5256</Data><Data Name='Image'>C:\Users\NS\AppData\Local\Temp\924BB01C-D995-463B-9B17-8EF4D9A9F068\DismHost.exe</Data></EventData></Event><Event xmlns='http://schemas.microsoft.com/win/2004/08/events/event'><System><Provider Name='Microsoft-Windows-Sysmon' Guid='{5770385f-c22a-43e0-bf4c-06f5698ffbd9}'/><EventID>11</EventID><Version>2</Version><Level>4</Level><Task>11</Task><Opcode>0</Opcode><Keywords>0x8000000000000000</Keywords><TimeCreated SystemTime='2020-05-18T07:13:52.020781100Z'/><EventRecordID>3279</EventRecordID><Correlation/><Execution ProcessID='3008' ThreadID='3552'/><Channel>Microsoft-Windows-Sysmon/Operational</Channel><Computer>DESKTOP-P84STH6</Computer><Security UserID='S-1-5-18'/></System><EventData><Data Name='RuleName'>DLL</Data><Data Name='UtcTime'>2020-05-18 07:13:52.018</Data><Data Name='ProcessGuid'>{5d3d98af-35ad-5ec2-0000-0010448d9300}</Data><Data Name='ProcessId'>768</Data><Data Name='Image'>C:\Windows\Microsoft.NET\Framework\v4.0.30319\mscorsvw.exe</Data><Data Name='TargetFilename'>C:\Windows\assembly\NativeImages_v4.0.30319_32\Temp\300-0\Microsoft.PowerShell.Core.Activities.dll</Data><Data Name='CreationUtcTime'>2020-05-18 07:13:52.018</Data></EventData></Event><Event xmlns='http://schemas.microsoft.com/win/2004/08/events/event'><System><Provider Name='Microsoft-Windows-Sysmon' Guid='{5770385f-c22a-43e0-bf4c-06f5698ffbd9}'/><EventID>13</EventID><Version>2</Version><Level>4</Level><Task>13</Task><Opcode>0</Opcode><Keywords>0x8000000000000000</Keywords><TimeCreated SystemTime='2020-05-18T07:13:52.000940500Z'/><EventRecordID>3278</EventRecordID><Correlation/><Execution ProcessID='3008' ThreadID='3552'/><Channel>Microsoft-Windows-Sysmon/Operational</Channel><Computer>DESKTOP-P84STH6</Computer><Security UserID='S-1-5-18'/></System><EventData><Data Name='RuleName'>Tamper-Winlogon</Data><Data Name='EventType'>SetValue</Data><Data Name='UtcTime'>2020-05-18 07:13:51.986</Data><Data Name='ProcessGuid'>{5d3d98af-358d-5ec2-0000-0010fe2a9000}</Data><Data Name='ProcessId'>6724</Data><Data Name='Image'>C:\Windows\servicing\TrustedInstaller.exe</Data><Data Name='TargetObject'>HKLM\System\CurrentControlSet\Control\Winlogon\Notifications\Components\TrustedInstaller\Events</Data><Data Name='Details'>CreateSession</Data></EventData></Event><Event xmlns='http://schemas.microsoft.com/win/2004/08/events/event'><System><Provider Name='Microsoft-Windows-Sysmon' Guid='{5770385f-c22a-43e0-bf4c-06f5698ffbd9}'/><EventID>11</EventID><Version>2</Version><Level>4</Level><Task>11</Task><Opcode>0</Opcode><Keywords>0x8000000000000000</Keywords><TimeCreated SystemTime='2020-05-18T07:13:49.037275400Z'/><EventRecordID>3277</EventRecordID><Correlation/><Execution ProcessID='3008' ThreadID='3552'/><Channel>Microsoft-Windows-Sysmon/Operational</Channel><Computer>DESKTOP-P84STH6</Computer><Security UserID='S-1-5-18'/></System><EventData><Data Name='RuleName'>DLL</Data><Data Name='UtcTime'>2020-05-18 07:13:49.033</Data><Data Name='ProcessGuid'>{5d3d98af-35ac-5ec2-0000-001063789300}</Data><Data Name='ProcessId'>852</Data><Data Name='Image'>C:\Windows\Microsoft.NET\Framework\v4.0.30319\mscorsvw.exe</Data><Data Name='TargetFilename'>C:\Windows\assembly\NativeImages_v4.0.30319_32\Temp\354-0\Microsoft.PowerShell.Commands.Diagnostics.dll</Data><Data Name='CreationUtcTime'>2020-05-18 07:13:49.033</Data></EventData></Event><Event xmlns='http://schemas.microsoft.com/win/2004/08/events/event'><System><Provider Name='Microsoft-Windows-Sysmon' Guid='{5770385f-c22a-43e0-bf4c-06f5698ffbd9}'/><EventID>11</EventID><Version>2</Version><Level>4</Level><Task>11</Task><Opcode>0</Opcode><Keywords>0x8000000000000000</Keywords><TimeCreated SystemTime='2020-05-18T07:13:47.012522400Z'/><EventRecordID>3276</EventRecordID><Correlation/><Execution ProcessID='3008' ThreadID='3552'/><Channel>Microsoft-Windows-Sysmon/Operational</Channel><Computer>DESKTOP-P84STH6</Computer><Security UserID='S-1-5-18'/></System><EventData><Data Name='RuleName'>DLL</Data><Data Name='UtcTime'>2020-05-18 07:13:47.002</Data><Data Name='ProcessGuid'>{5d3d98af-35a7-5ec2-0000-00104d369300}</Data><Data Name='ProcessId'>2416</Data><Data Name='Image'>C:\Windows\Microsoft.NET\Framework\v4.0.30319\mscorsvw.exe</Data><Data Name='TargetFilename'>C:\Windows\assembly\NativeImages_v4.0.30319_32\Temp\970-0\Microsoft.PowerShell.Activities.dll</Data><Data Name='CreationUtcTime'>2020-05-18 07:13:47.002</Data></EventData></Event><Event xmlns='http://schemas.microsoft.com/win/2004/08/events/event'><System><Provider Name='Microsoft-Windows-Sysmon' Guid='{5770385f-c22a-43e0-bf4c-06f5698ffbd9}'/><EventID>11</EventID><Version>2</Version><Level>4</Level><Task>11</Task><Opcode>0</Opcode><Keywords>0x8000000000000000</Keywords><TimeCreated SystemTime='2020-05-18T07:13:41.094367600Z'/><EventRecordID>3275</EventRecordID><Correlation/><Execution ProcessID='3008' ThreadID='3552'/><Channel>Microsoft-Windows-Sysmon/Operational</Channel><Computer>DESKTOP-P84STH6</Computer><Security UserID='S-1-5-18'/></System><EventData><Data Name='RuleName'>DLL</Data><Data Name='UtcTime'>2020-05-18 07:13:41.081</Data><Data Name='ProcessGuid'>{5d3d98af-35a4-5ec2-0000-0010b51d9300}</Data><Data Name='ProcessId'>5980</Data><Data Name='Image'>C:\Windows\Microsoft.NET\Framework\v4.0.30319\mscorsvw.exe</Data><Data Name='TargetFilename'>C:\Windows\assembly\NativeImages_v4.0.30319_32\Temp\175c-0\Microsoft.ManagementConsole.dll</Data><Data Name='CreationUtcTime'>2020-05-18 07:13:41.081</Data></EventData></Event><Event xmlns='http://schemas.microsoft.com/win/2004/08/events/event'><System><Provider Name='Microsoft-Windows-Sysmon' Guid='{5770385f-c22a-43e0-bf4c-06f5698ffbd9}'/><EventID>11</EventID><Version>2</Version><Level>4</Level><Task>11</Task><Opcode>0</Opcode><Keywords>0x8000000000000000</Keywords><TimeCreated SystemTime='2020-05-18T07:13:39.880415300Z'/><EventRecordID>3274</EventRecordID><Correlation/><Execution ProcessID='3008' ThreadID='3552'/><Channel>Microsoft-Windows-Sysmon/Operational</Channel><Computer>DESKTOP-P84STH6</Computer><Security UserID='S-1-5-18'/></System><EventData><Data Name='RuleName'>DLL</Data><Data Name='UtcTime'>2020-05-18 07:13:39.878</Data><Data Name='ProcessGuid'>{5d3d98af-35a2-5ec2-0000-00108b069300}</Data><Data Name='ProcessId'>688</Data><Data Name='Image'>C:\Windows\Microsoft.NET\Framework\v4.0.30319\mscorsvw.exe</Data><Data Name='TargetFilename'>C:\Windows\assembly\NativeImages_v4.0.30319_32\Temp\2b0-0\Microsoft.Management.Infrastructure.dll</Data><Data Name='CreationUtcTime'>2020-05-18 07:13:39.878</Data></EventData></Event><Event xmlns='http://schemas.microsoft.com/win/2004/08/events/event'><System><Provider Name='Microsoft-Windows-Sysmon' Guid='{5770385f-c22a-43e0-bf4c-06f5698ffbd9}'/><EventID>11</EventID><Version>2</Version><Level>4</Level><Task>11</Task><Opcode>0</Opcode><Keywords>0x8000000000000000</Keywords><TimeCreated SystemTime='2020-05-18T07:13:38.156520500Z'/><EventRecordID>3273</EventRecordID><Correlation/><Execution ProcessID='3008' ThreadID='3552'/><Channel>Microsoft-Windows-Sysmon/Operational</Channel><Computer>DESKTOP-P84STH6</Computer><Security UserID='S-1-5-18'/></System><EventData><Data Name='RuleName'>DLL</Data><Data Name='UtcTime'>2020-05-18 07:13:38.143</Data><Data Name='ProcessGuid'>{5d3d98af-35a0-5ec2-0000-0010baee9200}</Data><Data Name='ProcessId'>8896</Data><Data Name='Image'>C:\Windows\Microsoft.NET\Framework\v4.0.30319\mscorsvw.exe</Data><Data Name='TargetFilename'>C:\Windows\assembly\NativeImages_v4.0.30319_32\Temp\22c0-0\Microsoft.Isam.Esent.Interop.Wsa.dll</Data><Data Name='CreationUtcTime'>2020-05-18 07:13:38.143</Data></EventData></Event><Event xmlns='http://schemas.microsoft.com/win/2004/08/events/event'><System><Provider Name='Microsoft-Windows-Sysmon' Guid='{5770385f-c22a-43e0-bf4c-06f5698ffbd9}'/><EventID>11</EventID><Version>2</Version><Level>4</Level><Task>11</Task><Opcode>0</Opcode><Keywords>0x8000000000000000</Keywords><TimeCreated SystemTime='2020-05-18T07:13:36.397421100Z'/><EventRecordID>3272</EventRecordID><Correlation/><Execution ProcessID='3008' ThreadID='3552'/><Channel>Microsoft-Windows-Sysmon/Operational</Channel><Computer>DESKTOP-P84STH6</Computer><Security UserID='S-1-5-18'/></System><EventData><Data Name='RuleName'>DLL</Data><Data Name='UtcTime'>2020-05-18 07:13:36.393</Data><Data Name='ProcessGuid'>{5d3d98af-359e-5ec2-0000-0010a1dc9200}</Data><Data Name='ProcessId'>552</Data><Data Name='Image'>C:\Windows\Microsoft.NET\Framework\v4.0.30319\mscorsvw.exe</Data><Data Name='TargetFilename'>C:\Windows\assembly\NativeImages_v4.0.30319_32\Temp\228-0\Microsoft.Isam.Esent.Interop.dll</Data><Data Name='CreationUtcTime'>2020-05-18 07:13:36.393</Data></EventData></Event><Event xmlns='http://schemas.microsoft.com/win/2004/08/events/event'><System><Provider Name='Microsoft-Windows-Sysmon' Guid='{5770385f-c22a-43e0-bf4c-06f5698ffbd9}'/><EventID>11</EventID><Version>2</Version><Level>4</Level><Task>11</Task><Opcode>0</Opcode><Keywords>0x8000000000000000</Keywords><TimeCreated SystemTime='2020-05-18T07:13:34.227671400Z'/><EventRecordID>3271</EventRecordID><Correlation/><Execution ProcessID='3008' ThreadID='3552'/><Channel>Microsoft-Windows-Sysmon/Operational</Channel><Computer>DESKTOP-P84STH6</Computer><Security UserID='S-1-5-18'/></System><EventData><Data Name='RuleName'>DLL</Data><Data Name='UtcTime'>2020-05-18 07:13:34.221</Data><Data Name='ProcessGuid'>{5d3d98af-359d-5ec2-0000-001040cb9200}</Data><Data Name='ProcessId'>1240</Data><Data Name='Image'>C:\Windows\Microsoft.NET\Framework\v4.0.30319\mscorsvw.exe</Data><Data Name='TargetFilename'>C:\Windows\assembly\NativeImages_v4.0.30319_32\Temp\4d8-0\Microsoft.GroupPolicy.AdmTmplEditor.dll</Data><Data Name='CreationUtcTime'>2020-05-18 07:13:34.221</Data></EventData></Event><Event xmlns='http://schemas.microsoft.com/win/2004/08/events/event'><System><Provider Name='Microsoft-Windows-Sysmon' Guid='{5770385f-c22a-43e0-bf4c-06f5698ffbd9}'/><EventID>11</EventID><Version>2</Version><Level>4</Level><Task>11</Task><Opcode>0</Opcode><Keywords>0x8000000000000000</Keywords><TimeCreated SystemTime='2020-05-18T07:13:31.150111100Z'/><EventRecordID>3270</EventRecordID><Correlation/><Execution ProcessID='3008' ThreadID='3552'/><Channel>Microsoft-Windows-Sysmon/Operational</Channel><Computer>DESKTOP-P84STH6</Computer><Security UserID='S-1-5-18'/></System><EventData><Data Name='RuleName'>DLL</Data><Data Name='UtcTime'>2020-05-18 07:13:31.144</Data><Data Name='ProcessGuid'>{5d3d98af-3599-5ec2-0000-00109ca89200}</Data><Data Name='ProcessId'>76</Data><Data Name='Image'>C:\Windows\Microsoft.NET\Framework\v4.0.30319\mscorsvw.exe</Data><Data Name='TargetFilename'>C:\Windows\assembly\NativeImages_v4.0.30319_32\Temp\4c-0\Microsoft.Dtc.PowerShell.dll</Data><Data Name='CreationUtcTime'>2020-05-18 07:13:31.144</Data></EventData></Event><Event xmlns='http://schemas.microsoft.com/win/2004/08/events/event'><System><Provider Name='Microsoft-Windows-Sysmon' Guid='{5770385f-c22a-43e0-bf4c-06f5698ffbd9}'/><EventID>13</EventID><Version>2</Version><Level>4</Level><Task>13</Task><Opcode>0</Opcode><Keywords>0x8000000000000000</Keywords><TimeCreated SystemTime='2020-05-18T07:13:30.895254100Z'/><EventRecordID>3269</EventRecordID><Correlation/><Execution ProcessID='3008' ThreadID='3552'/><Channel>Microsoft-Windows-Sysmon/Operational</Channel><Computer>DESKTOP-P84STH6</Computer><Security UserID='S-1-5-18'/></System><EventData><Data Name='RuleName'>Tamper-Winlogon</Data><Data Name='EventType'>SetValue</Data><Data Name='UtcTime'>2020-05-18 07:13:30.893</Data><Data Name='ProcessGuid'>{5d3d98af-358d-5ec2-0000-0010fe2a9000}</Data><Data Name='ProcessId'>6724</Data><Data Name='Image'>C:\Windows\servicing\TrustedInstaller.exe</Data><Data Name='TargetObject'>HKLM\System\CurrentControlSet\Control\Winlogon\Notifications\Components\TrustedInstaller\Events</Data><Data Name='Details'>(Empty)</Data></EventData></Event><Event xmlns='http://schemas.microsoft.com/win/2004/08/events/event'><System><Provider Name='Microsoft-Windows-Sysmon' Guid='{5770385f-c22a-43e0-bf4c-06f5698ffbd9}'/><EventID>11</EventID><Version>2</Version><Level>4</Level><Task>11</Task><Opcode>0</Opcode><Keywords>0x8000000000000000</Keywords><TimeCreated SystemTime='2020-05-18T07:13:28.650850300Z'/><EventRecordID>3268</EventRecordID><Correlation/><Execution ProcessID='3008' ThreadID='3552'/><Channel>Microsoft-Windows-Sysmon/Operational</Channel><Computer>DESKTOP-P84STH6</Computer><Security UserID='S-1-5-18'/></System><EventData><Data Name='RuleName'>DLL</Data><Data Name='UtcTime'>2020-05-18 07:13:28.643</Data><Data Name='ProcessGuid'>{5d3d98af-3597-5ec2-0000-001029649200}</Data><Data Name='ProcessId'>4160</Data><Data Name='Image'>C:\Windows\Microsoft.NET\Framework\v4.0.30319\mscorsvw.exe</Data><Data Name='TargetFilename'>C:\Windows\assembly\NativeImages_v4.0.30319_32\Temp\1040-0\Microsoft.ApplicationId.RuleWizard.dll</Data><Data Name='CreationUtcTime'>2020-05-18 07:13:28.643</Data></EventData></Event><Event xmlns='http://schemas.microsoft.com/win/2004/08/events/event'><System><Provider Name='Microsoft-Windows-Sysmon' Guid='{5770385f-c22a-43e0-bf4c-06f5698ffbd9}'/><EventID>13</EventID><Version>2</Version><Level>4</Level><Task>13</Task><Opcode>0</Opcode><Keywords>0x8000000000000000</Keywords><TimeCreated SystemTime='2020-05-18T07:13:28.114988200Z'/><EventRecordID>3267</EventRecordID><Correlation/><Execution ProcessID='3008' ThreadID='3552'/><Channel>Microsoft-Windows-Sysmon/Operational</Channel><Computer>DESKTOP-P84STH6</Computer><Security UserID='S-1-5-18'/></System><EventData><Data Name='RuleName'>Tamper-Winlogon</Data><Data Name='EventType'>SetValue</Data><Data Name='UtcTime'>2020-05-18 07:13:28.113</Data><Data Name='ProcessGuid'>{5d3d98af-358d-5ec2-0000-0010fe2a9000}</Data><Data Name='ProcessId'>6724</Data><Data Name='Image'>C:\Windows\servicing\TrustedInstaller.exe</Data><Data Name='TargetObject'>HKLM\System\CurrentControlSet\Control\Winlogon\Notifications\Components\TrustedInstaller\Events</Data><Data Name='Details'>CreateSession</Data></EventData></Event><Event xmlns='http://schemas.microsoft.com/win/2004/08/events/event'><System><Provider Name='Microsoft-Windows-Sysmon' Guid='{5770385f-c22a-43e0-bf4c-06f5698ffbd9}'/><EventID>13</EventID><Version>2</Version><Level>4</Level><Task>13</Task><Opcode>0</Opcode><Keywords>0x8000000000000000</Keywords><TimeCreated SystemTime='2020-05-18T07:13:27.800893800Z'/><EventRecordID>3266</EventRecordID><Correlation/><Execution ProcessID='3008' ThreadID='3552'/><Channel>Microsoft-Windows-Sysmon/Operational</Channel><Computer>DESKTOP-P84STH6</Computer><Security UserID='S-1-5-18'/></System><EventData><Data Name='RuleName'>Tamper-Winlogon</Data><Data Name='EventType'>SetValue</Data><Data Name='UtcTime'>2020-05-18 07:13:27.783</Data><Data Name='ProcessGuid'>{5d3d98af-358d-5ec2-0000-0010fe2a9000}</Data><Data Name='ProcessId'>6724</Data><Data Name='Image'>C:\Windows\servicing\TrustedInstaller.exe</Data><Data Name='TargetObject'>HKLM\System\CurrentControlSet\Control\Winlogon\Notifications\Components\TrustedInstaller\Events</Data><Data Name='Details'>(Empty)</Data></EventData></Event><Event xmlns='http://schemas.microsoft.com/win/2004/08/events/event'><System><Provider Name='Microsoft-Windows-Sysmon' Guid='{5770385f-c22a-43e0-bf4c-06f5698ffbd9}'/><EventID>11</EventID><Version>2</Version><Level>4</Level><Task>11</Task><Opcode>0</Opcode><Keywords>0x8000000000000000</Keywords><TimeCreated SystemTime='2020-05-18T07:13:27.261922900Z'/><EventRecordID>3265</EventRecordID><Correlation/><Execution ProcessID='3008' ThreadID='3552'/><Channel>Microsoft-Windows-Sysmon/Operational</Channel><Computer>DESKTOP-P84STH6</Computer><Security UserID='S-1-5-18'/></System><EventData><Data Name='RuleName'>DLL</Data><Data Name='UtcTime'>2020-05-18 07:13:27.252</Data><Data Name='ProcessGuid'>{5d3d98af-3596-5ec2-0000-0010714b9200}</Data><Data Name='ProcessId'>8412</Data><Data Name='Image'>C:\Windows\Microsoft.NET\Framework\v4.0.30319\mscorsvw.exe</Data><Data Name='TargetFilename'>C:\Windows\assembly\NativeImages_v4.0.30319_32\Temp\20dc-0\Microsoft.ApplicationId.Framework.dll</Data><Data Name='CreationUtcTime'>2020-05-18 07:13:27.252</Data></EventData></Event><Event xmlns='http://schemas.microsoft.com/win/2004/08/events/event'><System><Provider Name='Microsoft-Windows-Sysmon' Guid='{5770385f-c22a-43e0-bf4c-06f5698ffbd9}'/><EventID>11</EventID><Version>2</Version><Level>4</Level><Task>11</Task><Opcode>0</Opcode><Keywords>0x8000000000000000</Keywords><TimeCreated SystemTime='2020-05-18T07:13:26.245039700Z'/><EventRecordID>3264</EventRecordID><Correlation/><Execution ProcessID='3008' ThreadID='3552'/><Channel>Microsoft-Windows-Sysmon/Operational</Channel><Computer>DESKTOP-P84STH6</Computer><Security UserID='S-1-5-18'/></System><EventData><Data Name='RuleName'>DLL</Data><Data Name='UtcTime'>2020-05-18 07:13:26.237</Data><Data Name='ProcessGuid'>{5d3d98af-3595-5ec2-0000-0010fcd49100}</Data><Data Name='ProcessId'>5128</Data><Data Name='Image'>C:\Windows\Microsoft.NET\Framework\v4.0.30319\mscorsvw.exe</Data><Data Name='TargetFilename'>C:\Windows\assembly\NativeImages_v4.0.30319_32\Temp\1408-0\EventViewer.dll</Data><Data Name='CreationUtcTime'>2020-05-18 07:13:26.237</Data></EventData></Event><Event xmlns='http://schemas.microsoft.com/win/2004/08/events/event'><System><Provider Name='Microsoft-Windows-Sysmon' Guid='{5770385f-c22a-43e0-bf4c-06f5698ffbd9}'/><EventID>11</EventID><Version>2</Version><Level>4</Level><Task>11</Task><Opcode>0</Opcode><Keywords>0x8000000000000000</Keywords><TimeCreated SystemTime='2020-05-18T07:13:24.640210000Z'/><EventRecordID>3263</EventRecordID><Correlation/><Execution ProcessID='3008' ThreadID='3552'/><Channel>Microsoft-Windows-Sysmon/Operational</Channel><Computer>DESKTOP-P84STH6</Computer><Security UserID='S-1-5-18'/></System><EventData><Data Name='RuleName'>DLL</Data><Data Name='UtcTime'>2020-05-18 07:13:24.627</Data><Data Name='ProcessGuid'>{5d3d98af-3594-5ec2-0000-001054929100}</Data><Data Name='ProcessId'>8864</Data><Data Name='Image'>C:\Windows\Microsoft.NET\Framework\v4.0.30319\mscorsvw.exe</Data><Data Name='TargetFilename'>C:\Windows\assembly\NativeImages_v4.0.30319_32\Temp\22a0-0\AuditPolicyGPManagedStubs.Interop.dll</Data><Data Name='CreationUtcTime'>2020-05-18 07:13:24.627</Data></EventData></Event><Event xmlns='http://schemas.microsoft.com/win/2004/08/events/event'><System><Provider Name='Microsoft-Windows-Sysmon' Guid='{5770385f-c22a-43e0-bf4c-06f5698ffbd9}'/><EventID>1</EventID><Version>5</Version><Level>4</Level><Task>1</Task><Opcode>0</Opcode><Keywords>0x8000000000000000</Keywords><TimeCreated SystemTime='2020-05-18T07:13:23.509794800Z'/><EventRecordID>3262</EventRecordID><Correlation/><Execution ProcessID='3008' ThreadID='3552'/><Channel>Microsoft-Windows-Sysmon/Operational</Channel><Computer>DESKTOP-P84STH6</Computer><Security UserID='S-1-5-18'/></System><EventData><Data Name='RuleName'></Data><Data Name='UtcTime'>2020-05-18 07:13:23.374</Data><Data Name='ProcessGuid'>{5d3d98af-3593-5ec2-0000-001061699100}</Data><Data Name='ProcessId'>5256</Data><Data Name='Image'>C:\Users\NS\AppData\Local\Temp\924BB01C-D995-463B-9B17-8EF4D9A9F068\DismHost.exe</Data><Data Name='FileVersion'>10.0.18362.1 (WinBuild.160101.0800)</Data><Data Name='Description'>Dism Host Servicing Process</Data><Data Name='Product'>Microsoft® Windows® Operating System</Data><Data Name='Company'>Microsoft Corporation</Data><Data Name='OriginalFileName'>DismHost.exe</Data><Data Name='CommandLine'>C:\Users\NS\AppData\Local\Temp\924BB01C-D995-463B-9B17-8EF4D9A9F068\dismhost.exe {42864A7B-E753-4604-86D8-BE802E003F29}</Data><Data Name='CurrentDirectory'>C:\Windows\system32\</Data><Data Name='User'>DESKTOP-P84STH6\NS</Data><Data Name='LogonGuid'>{5d3d98af-26d0-5ec2-0000-0020810f0400}</Data><Data Name='LogonId'>0x40f81</Data><Data Name='TerminalSessionId'>1</Data><Data Name='IntegrityLevel'>High</Data><Data Name='Hashes'>MD5=B5E80BA4CE0781E4B9129AB4D86AB4A9,SHA256=5108587A0713975BBD79A0E1A56B0DD0D0E63D89D7B681D1E0BF7979E21080B0,IMPHASH=A1A2F440F1D9FAC0ABD77A4ECF28BAA4</Data><Data Name='ParentProcessGuid'>{5d3d98af-358d-5ec2-0000-00103b199000}</Data><Data Name='ParentProcessId'>7696</Data><Data Name='ParentImage'>C:\Windows\System32\cleanmgr.exe</Data><Data Name='ParentCommandLine'>C:\Windows\system32\cleanmgr.exe /autoclean /d C:</Data></EventData></Event><Event xmlns='http://schemas.microsoft.com/win/2004/08/events/event'><System><Provider Name='Microsoft-Windows-Sysmon' Guid='{5770385f-c22a-43e0-bf4c-06f5698ffbd9}'/><EventID>11</EventID><Version>2</Version><Level>4</Level><Task>11</Task><Opcode>0</Opcode><Keywords>0x8000000000000000</Keywords><TimeCreated SystemTime='2020-05-18T07:13:23.317267200Z'/><EventRecordID>3261</EventRecordID><Correlation/><Execution ProcessID='3008' ThreadID='3552'/><Channel>Microsoft-Windows-Sysmon/Operational</Channel><Computer>DESKTOP-P84STH6</Computer><Security UserID='S-1-5-18'/></System><EventData><Data Name='RuleName'>DLL</Data><Data Name='UtcTime'>2020-05-18 07:13:23.314</Data><Data Name='ProcessGuid'>{5d3d98af-358d-5ec2-0000-00103b199000}</Data><Data Name='ProcessId'>7696</Data><Data Name='Image'>C:\Windows\system32\cleanmgr.exe</Data><Data Name='TargetFilename'>C:\Users\NS\AppData\Local\Temp\924BB01C-D995-463B-9B17-8EF4D9A9F068\WimProvider.dll</Data><Data Name='CreationUtcTime'>2020-05-18 07:13:23.314</Data></EventData></Event><Event xmlns='http://schemas.microsoft.com/win/2004/08/events/event'><System><Provider Name='Microsoft-Windows-Sysmon' Guid='{5770385f-c22a-43e0-bf4c-06f5698ffbd9}'/><EventID>11</EventID><Version>2</Version><Level>4</Level><Task>11</Task><Opcode>0</Opcode><Keywords>0x8000000000000000</Keywords><TimeCreated SystemTime='2020-05-18T07:13:23.301798600Z'/><EventRecordID>3260</EventRecordID><Correlation/><Execution ProcessID='3008' ThreadID='3552'/><Channel>Microsoft-Windows-Sysmon/Operational</Channel><Computer>DESKTOP-P84STH6</Computer><Security UserID='S-1-5-18'/></System><EventData><Data Name='RuleName'>DLL</Data><Data Name='UtcTime'>2020-05-18 07:13:23.299</Data><Data Name='ProcessGuid'>{5d3d98af-358d-5ec2-0000-00103b199000}</Data><Data Name='ProcessId'>7696</Data><Data Name='Image'>C:\Windows\system32\cleanmgr.exe</Data><Data Name='TargetFilename'>C:\Users\NS\AppData\Local\Temp\924BB01C-D995-463B-9B17-8EF4D9A9F068\VhdProvider.dll</Data><Data Name='CreationUtcTime'>2020-05-18 07:13:23.299</Data></EventData></Event><Event xmlns='http://schemas.microsoft.com/win/2004/08/events/event'><System><Provider Name='Microsoft-Windows-Sysmon' Guid='{5770385f-c22a-43e0-bf4c-06f5698ffbd9}'/><EventID>11</EventID><Version>2</Version><Level>4</Level><Task>11</Task><Opcode>0</Opcode><Keywords>0x8000000000000000</Keywords><TimeCreated SystemTime='2020-05-18T07:13:23.290207500Z'/><EventRecordID>3259</EventRecordID><Correlation/><Execution ProcessID='3008' ThreadID='3552'/><Channel>Microsoft-Windows-Sysmon/Operational</Channel><Computer>DESKTOP-P84STH6</Computer><Security UserID='S-1-5-18'/></System><EventData><Data Name='RuleName'>DLL</Data><Data Name='UtcTime'>2020-05-18 07:13:23.284</Data><Data Name='ProcessGuid'>{5d3d98af-358d-5ec2-0000-00103b199000}</Data><Data Name='ProcessId'>7696</Data><Data Name='Image'>C:\Windows\system32\cleanmgr.exe</Data><Data Name='TargetFilename'>C:\Users\NS\AppData\Local\Temp\924BB01C-D995-463B-9B17-8EF4D9A9F068\UnattendProvider.dll</Data><Data Name='CreationUtcTime'>2020-05-18 07:13:23.284</Data></EventData></Event><Event xmlns='http://schemas.microsoft.com/win/2004/08/events/event'><System><Provider Name='Microsoft-Windows-Sysmon' Guid='{5770385f-c22a-43e0-bf4c-06f5698ffbd9}'/><EventID>11</EventID><Version>2</Version><Level>4</Level><Task>11</Task><Opcode>0</Opcode><Keywords>0x8000000000000000</Keywords><TimeCreated SystemTime='2020-05-18T07:13:23.270316700Z'/><EventRecordID>3258</EventRecordID><Correlation/><Execution ProcessID='3008' ThreadID='3552'/><Channel>Microsoft-Windows-Sysmon/Operational</Channel><Computer>DESKTOP-P84STH6</Computer><Security UserID='S-1-5-18'/></System><EventData><Data Name='RuleName'>DLL</Data><Data Name='UtcTime'>2020-05-18 07:13:23.268</Data><Data Name='ProcessGuid'>{5d3d98af-358d-5ec2-0000-00103b199000}</Data><Data Name='ProcessId'>7696</Data><Data Name='Image'>C:\Windows\system32\cleanmgr.exe</Data><Data Name='TargetFilename'>C:\Users\NS\AppData\Local\Temp\924BB01C-D995-463B-9B17-8EF4D9A9F068\TransmogProvider.dll</Data><Data Name='CreationUtcTime'>2020-05-18 07:13:23.252</Data></EventData></Event><Event xmlns='http://schemas.microsoft.com/win/2004/08/events/event'><System><Provider Name='Microsoft-Windows-Sysmon' Guid='{5770385f-c22a-43e0-bf4c-06f5698ffbd9}'/><EventID>11</EventID><Version>2</Version><Level>4</Level><Task>11</Task><Opcode>0</Opcode><Keywords>0x8000000000000000</Keywords><TimeCreated SystemTime='2020-05-18T07:13:23.249147300Z'/><EventRecordID>3257</EventRecordID><Correlation/><Execution ProcessID='3008' ThreadID='3552'/><Channel>Microsoft-Windows-Sysmon/Operational</Channel><Computer>DESKTOP-P84STH6</Computer><Security UserID='S-1-5-18'/></System><EventData><Data Name='RuleName'>DLL</Data><Data Name='UtcTime'>2020-05-18 07:13:23.237</Data><Data Name='ProcessGuid'>{5d3d98af-358d-5ec2-0000-00103b199000}</Data><Data Name='ProcessId'>7696</Data><Data Name='Image'>C:\Windows\system32\cleanmgr.exe</Data><Data Name='TargetFilename'>C:\Users\NS\AppData\Local\Temp\924BB01C-D995-463B-9B17-8EF4D9A9F068\SysprepProvider.dll</Data><Data Name='CreationUtcTime'>2020-05-18 07:13:23.237</Data></EventData></Event><Event xmlns='http://schemas.microsoft.com/win/2004/08/events/event'><System><Provider Name='Microsoft-Windows-Sysmon' Guid='{5770385f-c22a-43e0-bf4c-06f5698ffbd9}'/><EventID>11</EventID><Version>2</Version><Level>4</Level><Task>11</Task><Opcode>0</Opcode><Keywords>0x8000000000000000</Keywords><TimeCreated SystemTime='2020-05-18T07:13:23.238962100Z'/><EventRecordID>3256</EventRecordID><Correlation/><Execution ProcessID='3008' ThreadID='3552'/><Channel>Microsoft-Windows-Sysmon/Operational</Channel><Computer>DESKTOP-P84STH6</Computer><Security UserID='S-1-5-18'/></System><EventData><Data Name='RuleName'>DLL</Data><Data Name='UtcTime'>2020-05-18 07:13:23.237</Data><Data Name='ProcessGuid'>{5d3d98af-358d-5ec2-0000-00103b199000}</Data><Data Name='ProcessId'>7696</Data><Data Name='Image'>C:\Windows\system32\cleanmgr.exe</Data><Data Name='TargetFilename'>C:\Users\NS\AppData\Local\Temp\924BB01C-D995-463B-9B17-8EF4D9A9F068\SmiProvider.dll</Data><Data Name='CreationUtcTime'>2020-05-18 07:13:23.237</Data></EventData></Event><Event xmlns='http://schemas.microsoft.com/win/2004/08/events/event'><System><Provider Name='Microsoft-Windows-Sysmon' Guid='{5770385f-c22a-43e0-bf4c-06f5698ffbd9}'/><EventID>11</EventID><Version>2</Version><Level>4</Level><Task>11</Task><Opcode>0</Opcode><Keywords>0x8000000000000000</Keywords><TimeCreated SystemTime='2020-05-18T07:13:23.179340000Z'/><EventRecordID>3255</EventRecordID><Correlation/><Execution ProcessID='3008' ThreadID='3552'/><Channel>Microsoft-Windows-Sysmon/Operational</Channel><Computer>DESKTOP-P84STH6</Computer><Security UserID='S-1-5-18'/></System><EventData><Data Name='RuleName'>DLL</Data><Data Name='UtcTime'>2020-05-18 07:13:23.174</Data><Data Name='ProcessGuid'>{5d3d98af-358d-5ec2-0000-00103b199000}</Data><Data Name='ProcessId'>7696</Data><Data Name='Image'>C:\Windows\system32\cleanmgr.exe</Data><Data Name='TargetFilename'>C:\Users\NS\AppData\Local\Temp\924BB01C-D995-463B-9B17-8EF4D9A9F068\SetupPlatformProvider.dll</Data><Data Name='CreationUtcTime'>2020-05-18 07:13:23.174</Data></EventData></Event><Event xmlns='http://schemas.microsoft.com/win/2004/08/events/event'><System><Provider Name='Microsoft-Windows-Sysmon' Guid='{5770385f-c22a-43e0-bf4c-06f5698ffbd9}'/><EventID>11</EventID><Version>2</Version><Level>4</Level><Task>11</Task><Opcode>0</Opcode><Keywords>0x8000000000000000</Keywords><TimeCreated SystemTime='2020-05-18T07:13:22.432359000Z'/><EventRecordID>3254</EventRecordID><Correlation/><Execution ProcessID='3008' ThreadID='3552'/><Channel>Microsoft-Windows-Sysmon/Operational</Channel><Computer>DESKTOP-P84STH6</Computer><Security UserID='S-1-5-18'/></System><EventData><Data Name='RuleName'>DLL</Data><Data Name='UtcTime'>2020-05-18 07:13:22.424</Data><Data Name='ProcessGuid'>{5d3d98af-358d-5ec2-0000-00103b199000}</Data><Data Name='ProcessId'>7696</Data><Data Name='Image'>C:\Windows\system32\cleanmgr.exe</Data><Data Name='TargetFilename'>C:\Users\NS\AppData\Local\Temp\924BB01C-D995-463B-9B17-8EF4D9A9F068\ProvProvider.dll</Data><Data Name='CreationUtcTime'>2020-05-18 07:13:22.424</Data></EventData></Event><Event xmlns='http://schemas.microsoft.com/win/2004/08/events/event'><System><Provider Name='Microsoft-Windows-Sysmon' Guid='{5770385f-c22a-43e0-bf4c-06f5698ffbd9}'/><EventID>11</EventID><Version>2</Version><Level>4</Level><Task>11</Task><Opcode>0</Opcode><Keywords>0x8000000000000000</Keywords><TimeCreated SystemTime='2020-05-18T07:13:22.428551200Z'/><EventRecordID>3253</EventRecordID><Correlation/><Execution ProcessID='3008' ThreadID='3552'/><Channel>Microsoft-Windows-Sysmon/Operational</Channel><Computer>DESKTOP-P84STH6</Computer><Security UserID='S-1-5-18'/></System><EventData><Data Name='RuleName'>DLL</Data><Data Name='UtcTime'>2020-05-18 07:13:22.424</Data><Data Name='ProcessGuid'>{5d3d98af-358d-5ec2-0000-00103b199000}</Data><Data Name='ProcessId'>7696</Data><Data Name='Image'>C:\Windows\system32\cleanmgr.exe</Data><Data Name='TargetFilename'>C:\Users\NS\AppData\Local\Temp\924BB01C-D995-463B-9B17-8EF4D9A9F068\OSProvider.dll</Data><Data Name='CreationUtcTime'>2020-05-18 07:13:22.424</Data></EventData></Event><Event xmlns='http://schemas.microsoft.com/win/2004/08/events/event'><System><Provider Name='Microsoft-Windows-Sysmon' Guid='{5770385f-c22a-43e0-bf4c-06f5698ffbd9}'/><EventID>11</EventID><Version>2</Version><Level>4</Level><Task>11</Task><Opcode>0</Opcode><Keywords>0x8000000000000000</Keywords><TimeCreated SystemTime='2020-05-18T07:13:22.406920700Z'/><EventRecordID>3252</EventRecordID><Correlation/><Execution ProcessID='3008' ThreadID='3552'/><Channel>Microsoft-Windows-Sysmon/Operational</Channel><Computer>DESKTOP-P84STH6</Computer><Security UserID='S-1-5-18'/></System><EventData><Data Name='RuleName'>DLL</Data><Data Name='UtcTime'>2020-05-18 07:13:22.393</Data><Data Name='ProcessGuid'>{5d3d98af-358d-5ec2-0000-00103b199000}</Data><Data Name='ProcessId'>7696</Data><Data Name='Image'>C:\Windows\system32\cleanmgr.exe</Data><Data Name='TargetFilename'>C:\Users\NS\AppData\Local\Temp\924BB01C-D995-463B-9B17-8EF4D9A9F068\OfflineSetupProvider.dll</Data><Data Name='CreationUtcTime'>2020-05-18 07:13:22.393</Data></EventData></Event><Event xmlns='http://schemas.microsoft.com/win/2004/08/events/event'><System><Provider Name='Microsoft-Windows-Sysmon' Guid='{5770385f-c22a-43e0-bf4c-06f5698ffbd9}'/><EventID>11</EventID><Version>2</Version><Level>4</Level><Task>11</Task><Opcode>0</Opcode><Keywords>0x8000000000000000</Keywords><TimeCreated SystemTime='2020-05-18T07:13:22.403560400Z'/><EventRecordID>3251</EventRecordID><Correlation/><Execution ProcessID='3008' ThreadID='3552'/><Channel>Microsoft-Windows-Sysmon/Operational</Channel><Computer>DESKTOP-P84STH6</Computer><Security UserID='S-1-5-18'/></System><EventData><Data Name='RuleName'>DLL</Data><Data Name='UtcTime'>2020-05-18 07:13:22.393</Data><Data Name='ProcessGuid'>{5d3d98af-358d-5ec2-0000-00103b199000}</Data><Data Name='ProcessId'>7696</Data><Data Name='Image'>C:\Windows\system32\cleanmgr.exe</Data><Data Name='TargetFilename'>C:\Users\NS\AppData\Local\Temp\924BB01C-D995-463B-9B17-8EF4D9A9F068\MsiProvider.dll</Data><Data Name='CreationUtcTime'>2020-05-18 07:13:22.393</Data></EventData></Event><Event xmlns='http://schemas.microsoft.com/win/2004/08/events/event'><System><Provider Name='Microsoft-Windows-Sysmon' Guid='{5770385f-c22a-43e0-bf4c-06f5698ffbd9}'/><EventID>11</EventID><Version>2</Version><Level>4</Level><Task>11</Task><Opcode>0</Opcode><Keywords>0x8000000000000000</Keywords><TimeCreated SystemTime='2020-05-18T07:13:22.401245800Z'/><EventRecordID>3250</EventRecordID><Correlation/><Execution ProcessID='3008' ThreadID='3552'/><Channel>Microsoft-Windows-Sysmon/Operational</Channel><Computer>DESKTOP-P84STH6</Computer><Security UserID='S-1-5-18'/></System><EventData><Data Name='RuleName'>DLL</Data><Data Name='UtcTime'>2020-05-18 07:13:22.393</Data><Data Name='ProcessGuid'>{5d3d98af-358d-5ec2-0000-00103b199000}</Data><Data Name='ProcessId'>7696</Data><Data Name='Image'>C:\Windows\system32\cleanmgr.exe</Data><Data Name='TargetFilename'>C:\Users\NS\AppData\Local\Temp\924BB01C-D995-463B-9B17-8EF4D9A9F068\LogProvider.dll</Data><Data Name='CreationUtcTime'>2020-05-18 07:13:22.393</Data></EventData></Event><Event xmlns='http://schemas.microsoft.com/win/2004/08/events/event'><System><Provider Name='Microsoft-Windows-Sysmon' Guid='{5770385f-c22a-43e0-bf4c-06f5698ffbd9}'/><EventID>11</EventID><Version>2</Version><Level>4</Level><Task>11</Task><Opcode>0</Opcode><Keywords>0x8000000000000000</Keywords><TimeCreated SystemTime='2020-05-18T07:13:22.396853100Z'/><EventRecordID>3249</EventRecordID><Correlation/><Execution ProcessID='3008' ThreadID='3552'/><Channel>Microsoft-Windows-Sysmon/Operational</Channel><Computer>DESKTOP-P84STH6</Computer><Security UserID='S-1-5-18'/></System><EventData><Data Name='RuleName'>DLL</Data><Data Name='UtcTime'>2020-05-18 07:13:22.393</Data><Data Name='ProcessGuid'>{5d3d98af-358d-5ec2-0000-00103b199000}</Data><Data Name='ProcessId'>7696</Data><Data Name='Image'>C:\Windows\system32\cleanmgr.exe</Data><Data Name='TargetFilename'>C:\Users\NS\AppData\Local\Temp\924BB01C-D995-463B-9B17-8EF4D9A9F068\IntlProvider.dll</Data><Data Name='CreationUtcTime'>2020-05-18 07:13:22.393</Data></EventData></Event><Event xmlns='http://schemas.microsoft.com/win/2004/08/events/event'><System><Provider Name='Microsoft-Windows-Sysmon' Guid='{5770385f-c22a-43e0-bf4c-06f5698ffbd9}'/><EventID>11</EventID><Version>2</Version><Level>4</Level><Task>11</Task><Opcode>0</Opcode><Keywords>0x8000000000000000</Keywords><TimeCreated SystemTime='2020-05-18T07:13:22.393643500Z'/><EventRecordID>3248</EventRecordID><Correlation/><Execution ProcessID='3008' ThreadID='3552'/><Channel>Microsoft-Windows-Sysmon/Operational</Channel><Computer>DESKTOP-P84STH6</Computer><Security UserID='S-1-5-18'/></System><EventData><Data Name='RuleName'>DLL</Data><Data Name='UtcTime'>2020-05-18 07:13:22.393</Data><Data Name='ProcessGuid'>{5d3d98af-358d-5ec2-0000-00103b199000}</Data><Data Name='ProcessId'>7696</Data><Data Name='Image'>C:\Windows\system32\cleanmgr.exe</Data><Data Name='TargetFilename'>C:\Users\NS\AppData\Local\Temp\924BB01C-D995-463B-9B17-8EF4D9A9F068\ImagingProvider.dll</Data><Data Name='CreationUtcTime'>2020-05-18 07:13:22.392</Data></EventData></Event><Event xmlns='http://schemas.microsoft.com/win/2004/08/events/event'><System><Provider Name='Microsoft-Windows-Sysmon' Guid='{5770385f-c22a-43e0-bf4c-06f5698ffbd9}'/><EventID>11</EventID><Version>2</Version><Level>4</Level><Task>11</Task><Opcode>0</Opcode><Keywords>0x8000000000000000</Keywords><TimeCreated SystemTime='2020-05-18T07:13:22.390831800Z'/><EventRecordID>3247</EventRecordID><Correlation/><Execution ProcessID='3008' ThreadID='3552'/><Channel>Microsoft-Windows-Sysmon/Operational</Channel><Computer>DESKTOP-P84STH6</Computer><Security UserID='S-1-5-18'/></System><EventData><Data Name='RuleName'>DLL</Data><Data Name='UtcTime'>2020-05-18 07:13:22.377</Data><Data Name='ProcessGuid'>{5d3d98af-358d-5ec2-0000-00103b199000}</Data><Data Name='ProcessId'>7696</Data><Data Name='Image'>C:\Windows\system32\cleanmgr.exe</Data><Data Name='TargetFilename'>C:\Users\NS\AppData\Local\Temp\924BB01C-D995-463B-9B17-8EF4D9A9F068\IBSProvider.dll</Data><Data Name='CreationUtcTime'>2020-05-18 07:13:22.377</Data></EventData></Event><Event xmlns='http://schemas.microsoft.com/win/2004/08/events/event'><System><Provider Name='Microsoft-Windows-Sysmon' Guid='{5770385f-c22a-43e0-bf4c-06f5698ffbd9}'/><EventID>11</EventID><Version>2</Version><Level>4</Level><Task>11</Task><Opcode>0</Opcode><Keywords>0x8000000000000000</Keywords><TimeCreated SystemTime='2020-05-18T07:13:22.387770700Z'/><EventRecordID>3246</EventRecordID><Correlation/><Execution ProcessID='3008' ThreadID='3552'/><Channel>Microsoft-Windows-Sysmon/Operational</Channel><Computer>DESKTOP-P84STH6</Computer><Security UserID='S-1-5-18'/></System><EventData><Data Name='RuleName'>DLL</Data><Data Name='UtcTime'>2020-05-18 07:13:22.377</Data><Data Name='ProcessGuid'>{5d3d98af-358d-5ec2-0000-00103b199000}</Data><Data Name='ProcessId'>7696</Data><Data Name='Image'>C:\Windows\system32\cleanmgr.exe</Data><Data Name='TargetFilename'>C:\Users\NS\AppData\Local\Temp\924BB01C-D995-463B-9B17-8EF4D9A9F068\GenericProvider.dll</Data><Data Name='CreationUtcTime'>2020-05-18 07:13:22.377</Data></EventData></Event><Event xmlns='http://schemas.microsoft.com/win/2004/08/events/event'><System><Provider Name='Microsoft-Windows-Sysmon' Guid='{5770385f-c22a-43e0-bf4c-06f5698ffbd9}'/><EventID>11</EventID><Version>2</Version><Level>4</Level><Task>11</Task><Opcode>0</Opcode><Keywords>0x8000000000000000</Keywords><TimeCreated SystemTime='2020-05-18T07:13:22.384528900Z'/><EventRecordID>3245</EventRecordID><Correlation/><Execution ProcessID='3008' ThreadID='3552'/><Channel>Microsoft-Windows-Sysmon/Operational</Channel><Computer>DESKTOP-P84STH6</Computer><Security UserID='S-1-5-18'/></System><EventData><Data Name='RuleName'>DLL</Data><Data Name='UtcTime'>2020-05-18 07:13:22.377</Data><Data Name='ProcessGuid'>{5d3d98af-358d-5ec2-0000-00103b199000}</Data><Data Name='ProcessId'>7696</Data><Data Name='Image'>C:\Windows\system32\cleanmgr.exe</Data><Data Name='TargetFilename'>C:\Users\NS\AppData\Local\Temp\924BB01C-D995-463B-9B17-8EF4D9A9F068\FolderProvider.dll</Data><Data Name='CreationUtcTime'>2020-05-18 07:13:22.377</Data></EventData></Event><Event xmlns='http://schemas.microsoft.com/win/2004/08/events/event'><System><Provider Name='Microsoft-Windows-Sysmon' Guid='{5770385f-c22a-43e0-bf4c-06f5698ffbd9}'/><EventID>11</EventID><Version>2</Version><Level>4</Level><Task>11</Task><Opcode>0</Opcode><Keywords>0x8000000000000000</Keywords><TimeCreated SystemTime='2020-05-18T07:13:22.378274900Z'/><EventRecordID>3244</EventRecordID><Correlation/><Execution ProcessID='3008' ThreadID='3552'/><Channel>Microsoft-Windows-Sysmon/Operational</Channel><Computer>DESKTOP-P84STH6</Computer><Security UserID='S-1-5-18'/></System><EventData><Data Name='RuleName'>DLL</Data><Data Name='UtcTime'>2020-05-18 07:13:22.377</Data><Data Name='ProcessGuid'>{5d3d98af-358d-5ec2-0000-00103b199000}</Data><Data Name='ProcessId'>7696</Data><Data Name='Image'>C:\Windows\system32\cleanmgr.exe</Data><Data Name='TargetFilename'>C:\Users\NS\AppData\Local\Temp\924BB01C-D995-463B-9B17-8EF4D9A9F068\FfuProvider.dll</Data><Data Name='CreationUtcTime'>2020-05-18 07:13:22.377</Data></EventData></Event><Event xmlns='http://schemas.microsoft.com/win/2004/08/events/event'><System><Provider Name='Microsoft-Windows-Sysmon' Guid='{5770385f-c22a-43e0-bf4c-06f5698ffbd9}'/><EventID>11</EventID><Version>2</Version><Level>4</Level><Task>11</Task><Opcode>0</Opcode><Keywords>0x8000000000000000</Keywords><TimeCreated SystemTime='2020-05-18T07:13:22.307501000Z'/><EventRecordID>3243</EventRecordID><Correlation/><Execution ProcessID='3008' ThreadID='3552'/><Channel>Microsoft-Windows-Sysmon/Operational</Channel><Computer>DESKTOP-P84STH6</Computer><Security UserID='S-1-5-18'/></System><EventData><Data Name='RuleName'>DLL</Data><Data Name='UtcTime'>2020-05-18 07:13:22.299</Data><Data Name='ProcessGuid'>{5d3d98af-358d-5ec2-0000-00103b199000}</Data><Data Name='ProcessId'>7696</Data><Data Name='Image'>C:\Windows\system32\cleanmgr.exe</Data><Data Name='TargetFilename'>C:\Users\NS\AppData\Local\Temp\924BB01C-D995-463B-9B17-8EF4D9A9F068\DmiProvider.dll</Data><Data Name='CreationUtcTime'>2020-05-18 07:13:22.299</Data></EventData></Event>