<Event xmlns='http://schemas.microsoft.com/win/2004/08/events/event'><System><Provider Name='Microsoft-Windows-Sysmon' Guid='{5770385f-c22a-43e0-bf4c-06f5698ffbd9}'/><EventID>15</EventID><Version>2</Version><Level>4</Level><Task>15</Task><Opcode>0</Opcode><Keywords>0x8000000000000000</Keywords><TimeCreated SystemTime='2020-05-18T06:20:42.552240300Z'/><EventRecordID>2347</EventRecordID><Correlation/><Execution ProcessID='3008' ThreadID='3552'/><Channel>Microsoft-Windows-Sysmon/Operational</Channel><Computer>DESKTOP-P84STH6</Computer><Security UserID='S-1-5-18'/></System><EventData><Data Name='RuleName'></Data><Data Name='UtcTime'>2020-05-18 06:20:41.967</Data><Data Name='ProcessGuid'>{5d3d98af-27ad-5ec2-0000-00107fc91700}</Data><Data Name='ProcessId'>5756</Data><Data Name='Image'>C:\Program Files (x86)\Google\Chrome\Application\chrome.exe</Data><Data Name='TargetFilename'>C:\Users\NS\Downloads\VSCodeUserSetup-x64-1.45.1.exe</Data><Data Name='CreationUtcTime'>2020-05-18 06:19:23.433</Data><Data Name='Hash'>MD5=56F6DC8E5B4D9F36F3F5732A5992E6A6,SHA256=8858955289BD86743B356DF90A8D45E608000973E66BE17CFBE9B70ADBD77209,IMPHASH=20DD26497880C05CAED9305B3C8B9109</Data></EventData></Event><Event xmlns='http://schemas.microsoft.com/win/2004/08/events/event'><System><Provider Name='Microsoft-Windows-Sysmon' Guid='{5770385f-c22a-43e0-bf4c-06f5698ffbd9}'/><EventID>1</EventID><Version>5</Version><Level>4</Level><Task>1</Task><Opcode>0</Opcode><Keywords>0x8000000000000000</Keywords><TimeCreated SystemTime='2020-05-18T06:20:36.523311000Z'/><EventRecordID>2346</EventRecordID><Correlation/><Execution ProcessID='3008' ThreadID='3552'/><Channel>Microsoft-Windows-Sysmon/Operational</Channel><Computer>DESKTOP-P84STH6</Computer><Security UserID='S-1-5-18'/></System><EventData><Data Name='RuleName'></Data><Data Name='UtcTime'>2020-05-18 06:20:36.501</Data><Data Name='ProcessGuid'>{5d3d98af-2934-5ec2-0000-0010784d2700}</Data><Data Name='ProcessId'>3496</Data><Data Name='Image'>C:\Users\NS\AppData\Local\Temp\is-VGDQ6.tmp\VSCodeUserSetup-x64-1.45.1.tmp</Data><Data Name='FileVersion'>51.1052.0.0</Data><Data Name='Description'>Setup/Uninstall</Data><Data Name='Product'>?</Data><Data Name='Company'>?</Data><Data Name='OriginalFileName'>?</Data><Data Name='CommandLine'>"C:\Users\NS\AppData\Local\Temp\is-VGDQ6.tmp\VSCodeUserSetup-x64-1.45.1.tmp" /SL5="$8020C,55892377,168960,C:\Users\NS\Downloads\VSCodeUserSetup-x64-1.45.1.exe" </Data><Data Name='CurrentDirectory'>C:\Users\NS\Downloads\</Data><Data Name='User'>DESKTOP-P84STH6\NS</Data><Data Name='LogonGuid'>{5d3d98af-26d0-5ec2-0000-0020be0f0400}</Data><Data Name='LogonId'>0x40fbe</Data><Data Name='TerminalSessionId'>1</Data><Data Name='IntegrityLevel'>Medium</Data><Data Name='Hashes'>MD5=1D8CA12FA2187415592146D9DAB1CD03,SHA256=65C62DD5C9DD3AF8A3B5995D08B32650362B2C996D209DA6A95889261284739A,IMPHASH=F62B90E31ECA404F228FCF7068B00F31</Data><Data Name='ParentProcessGuid'>{5d3d98af-2932-5ec2-0000-0010f5462700}</Data><Data Name='ParentProcessId'>4204</Data><Data Name='ParentImage'>C:\Users\NS\Downloads\VSCodeUserSetup-x64-1.45.1.exe</Data><Data Name='ParentCommandLine'>"C:\Users\NS\Downloads\VSCodeUserSetup-x64-1.45.1.exe" </Data></EventData></Event><Event xmlns='http://schemas.microsoft.com/win/2004/08/events/event'><System><Provider Name='Microsoft-Windows-Sysmon' Guid='{5770385f-c22a-43e0-bf4c-06f5698ffbd9}'/><EventID>13</EventID><Version>2</Version><Level>4</Level><Task>13</Task><Opcode>0</Opcode><Keywords>0x8000000000000000</Keywords><TimeCreated SystemTime='2020-05-18T06:20:35.255437500Z'/><EventRecordID>2345</EventRecordID><Correlation/><Execution ProcessID='3008' ThreadID='3552'/><Channel>Microsoft-Windows-Sysmon/Operational</Channel><Computer>DESKTOP-P84STH6</Computer><Security UserID='S-1-5-18'/></System><EventData><Data Name='RuleName'>InvDB</Data><Data Name='EventType'>SetValue</Data><Data Name='UtcTime'>2020-05-18 06:20:35.253</Data><Data Name='ProcessGuid'>{5d3d98af-2742-5ec2-0000-00103d570f00}</Data><Data Name='ProcessId'>8344</Data><Data Name='Image'>C:\Windows\system32\svchost.exe</Data><Data Name='TargetObject'>HKU\S-1-5-21-223836497-1760142647-788189203-1001\Software\Microsoft\Windows NT\CurrentVersion\AppCompatFlags\Compatibility Assistant\Store\C:\Users\NS\Downloads\VSCodeUserSetup-x64-1.45.1.exe</Data><Data Name='Details'>Binary Data</Data></EventData></Event><Event xmlns='http://schemas.microsoft.com/win/2004/08/events/event'><System><Provider Name='Microsoft-Windows-Sysmon' Guid='{5770385f-c22a-43e0-bf4c-06f5698ffbd9}'/><EventID>1</EventID><Version>5</Version><Level>4</Level><Task>1</Task><Opcode>0</Opcode><Keywords>0x8000000000000000</Keywords><TimeCreated SystemTime='2020-05-18T06:20:35.236370000Z'/><EventRecordID>2344</EventRecordID><Correlation/><Execution ProcessID='3008' ThreadID='3552'/><Channel>Microsoft-Windows-Sysmon/Operational</Channel><Computer>DESKTOP-P84STH6</Computer><Security UserID='S-1-5-18'/></System><EventData><Data Name='RuleName'></Data><Data Name='UtcTime'>2020-05-18 06:20:34.754</Data><Data Name='ProcessGuid'>{5d3d98af-2932-5ec2-0000-0010f5462700}</Data><Data Name='ProcessId'>4204</Data><Data Name='Image'>C:\Users\NS\Downloads\VSCodeUserSetup-x64-1.45.1.exe</Data><Data Name='FileVersion'>1.45.1              </Data><Data Name='Description'>Visual Studio Code Setup                                    </Data><Data Name='Product'>Visual Studio Code                                          </Data><Data Name='Company'>Microsoft Corporation                                       </Data><Data Name='OriginalFileName'>?</Data><Data Name='CommandLine'>"C:\Users\NS\Downloads\VSCodeUserSetup-x64-1.45.1.exe" </Data><Data Name='CurrentDirectory'>C:\Users\NS\Downloads\</Data><Data Name='User'>DESKTOP-P84STH6\NS</Data><Data Name='LogonGuid'>{5d3d98af-26d0-5ec2-0000-0020be0f0400}</Data><Data Name='LogonId'>0x40fbe</Data><Data Name='TerminalSessionId'>1</Data><Data Name='IntegrityLevel'>Medium</Data><Data Name='Hashes'>MD5=56F6DC8E5B4D9F36F3F5732A5992E6A6,SHA256=8858955289BD86743B356DF90A8D45E608000973E66BE17CFBE9B70ADBD77209,IMPHASH=20DD26497880C05CAED9305B3C8B9109</Data><Data Name='ParentProcessGuid'>{5d3d98af-26d2-5ec2-0000-0010ce7a0400}</Data><Data Name='ParentProcessId'>4320</Data><Data Name='ParentImage'>C:\Windows\explorer.exe</Data><Data Name='ParentCommandLine'>C:\Windows\Explorer.EXE</Data></EventData></Event><Event xmlns='http://schemas.microsoft.com/win/2004/08/events/event'><System><Provider Name='Microsoft-Windows-Sysmon' Guid='{5770385f-c22a-43e0-bf4c-06f5698ffbd9}'/><EventID>1</EventID><Version>5</Version><Level>4</Level><Task>1</Task><Opcode>0</Opcode><Keywords>0x8000000000000000</Keywords><TimeCreated SystemTime='2020-05-18T06:20:28.651303800Z'/><EventRecordID>2343</EventRecordID><Correlation/><Execution ProcessID='3008' ThreadID='3552'/><Channel>Microsoft-Windows-Sysmon/Operational</Channel><Computer>DESKTOP-P84STH6</Computer><Security UserID='S-1-5-18'/></System><EventData><Data Name='RuleName'></Data><Data Name='UtcTime'>2020-05-18 06:20:28.630</Data><Data Name='ProcessGuid'>{5d3d98af-292c-5ec2-0000-0010cd132700}</Data><Data Name='ProcessId'>8400</Data><Data Name='Image'>C:\Windows\System32\rundll32.exe</Data><Data Name='FileVersion'>10.0.18362.1 (WinBuild.160101.0800)</Data><Data Name='Description'>Windows host process (Rundll32)</Data><Data Name='Product'>Microsoft® Windows® Operating System</Data><Data Name='Company'>Microsoft Corporation</Data><Data Name='OriginalFileName'>RUNDLL32.EXE</Data><Data Name='CommandLine'>C:\Windows\System32\rundll32.exe C:\Windows\System32\shell32.dll,SHCreateLocalServerRunDll {9aa46009-3ce0-458a-a354-715610a075e6} -Embedding</Data><Data Name='CurrentDirectory'>C:\Windows\system32\</Data><Data Name='User'>DESKTOP-P84STH6\NS</Data><Data Name='LogonGuid'>{5d3d98af-26d0-5ec2-0000-0020be0f0400}</Data><Data Name='LogonId'>0x40fbe</Data><Data Name='TerminalSessionId'>1</Data><Data Name='IntegrityLevel'>Medium</Data><Data Name='Hashes'>MD5=F68AF942FD7CCC0E7BAB1A2335D2AD26,SHA256=11064E9EDC605BD5B0C0A505538A0D5FD7DE53883AF342F091687CAE8628ACD0,IMPHASH=F27A7FC3A53E74F45BE370131953896A</Data><Data Name='ParentProcessGuid'>{5d3d98af-26b3-5ec2-0000-00102c720000}</Data><Data Name='ParentProcessId'>844</Data><Data Name='ParentImage'>C:\Windows\System32\svchost.exe</Data><Data Name='ParentCommandLine'>C:\Windows\system32\svchost.exe -k DcomLaunch -p</Data></EventData></Event><Event xmlns='http://schemas.microsoft.com/win/2004/08/events/event'><System><Provider Name='Microsoft-Windows-Sysmon' Guid='{5770385f-c22a-43e0-bf4c-06f5698ffbd9}'/><EventID>1</EventID><Version>5</Version><Level>4</Level><Task>1</Task><Opcode>0</Opcode><Keywords>0x8000000000000000</Keywords><TimeCreated SystemTime='2020-05-18T06:20:06.206446100Z'/><EventRecordID>2342</EventRecordID><Correlation/><Execution ProcessID='3008' ThreadID='3552'/><Channel>Microsoft-Windows-Sysmon/Operational</Channel><Computer>DESKTOP-P84STH6</Computer><Security UserID='S-1-5-18'/></System><EventData><Data Name='RuleName'></Data><Data Name='UtcTime'>2020-05-18 06:20:06.202</Data><Data Name='ProcessGuid'>{5d3d98af-2916-5ec2-0000-0010d10d2600}</Data><Data Name='ProcessId'>2312</Data><Data Name='Image'>C:\Program Files\Windows Defender\MpCmdRun.exe</Data><Data Name='FileVersion'>4.18.1902.5 (GitEnlistment(winpbld).190221-1742)</Data><Data Name='Description'>Microsoft Malware Protection Command Line Utility</Data><Data Name='Product'>Microsoft® Windows® Operating System</Data><Data Name='Company'>Microsoft Corporation</Data><Data Name='OriginalFileName'>MpCmdRun.exe</Data><Data Name='CommandLine'>"C:\Program Files\Windows Defender\MpCmdRun.exe" SignaturesUpdateService -ScheduleJob -UnmanagedUpdate</Data><Data Name='CurrentDirectory'>C:\Windows\system32\</Data><Data Name='User'>NT AUTHORITY\SYSTEM</Data><Data Name='LogonGuid'>{5d3d98af-26b2-5ec2-0000-0020e7030000}</Data><Data Name='LogonId'>0x3e7</Data><Data Name='TerminalSessionId'>0</Data><Data Name='IntegrityLevel'>System</Data><Data Name='Hashes'>MD5=CC4F6CBDE75F08AFDCEFB95087149A5D,SHA256=885557BE148DE55F6A127EA26AC457B9415E3E3BAF30266D82B9D19B89E78EE4,IMPHASH=B34FCC4C232A80C59EEDF422ACC8372D</Data><Data Name='ParentProcessGuid'>{5d3d98af-26b5-5ec2-0000-00108bab0100}</Data><Data Name='ParentProcessId'>3060</Data><Data Name='ParentImage'>C:\Program Files\Windows Defender\MsMpEng.exe</Data><Data Name='ParentCommandLine'>"C:\Program Files\Windows Defender\MsMpEng.exe"</Data></EventData></Event><Event xmlns='http://schemas.microsoft.com/win/2004/08/events/event'><System><Provider Name='Microsoft-Windows-Sysmon' Guid='{5770385f-c22a-43e0-bf4c-06f5698ffbd9}'/><EventID>1</EventID><Version>5</Version><Level>4</Level><Task>1</Task><Opcode>0</Opcode><Keywords>0x8000000000000000</Keywords><TimeCreated SystemTime='2020-05-18T06:20:06.137397900Z'/><EventRecordID>2341</EventRecordID><Correlation/><Execution ProcessID='3008' ThreadID='3552'/><Channel>Microsoft-Windows-Sysmon/Operational</Channel><Computer>DESKTOP-P84STH6</Computer><Security UserID='S-1-5-18'/></System><EventData><Data Name='RuleName'></Data><Data Name='UtcTime'>2020-05-18 06:20:06.131</Data><Data Name='ProcessGuid'>{5d3d98af-2916-5ec2-0000-00105f0b2600}</Data><Data Name='ProcessId'>5268</Data><Data Name='Image'>C:\Program Files\Windows Defender\MpCmdRun.exe</Data><Data Name='FileVersion'>4.18.1902.5 (GitEnlistment(winpbld).190221-1742)</Data><Data Name='Description'>Microsoft Malware Protection Command Line Utility</Data><Data Name='Product'>Microsoft® Windows® Operating System</Data><Data Name='Company'>Microsoft Corporation</Data><Data Name='OriginalFileName'>MpCmdRun.exe</Data><Data Name='CommandLine'>"C:\Program Files\Windows Defender\MpCmdRun.exe" SignatureUpdate -ScheduleJob -RestrictPrivileges -Reinvoke</Data><Data Name='CurrentDirectory'>C:\Windows\system32\</Data><Data Name='User'>NT AUTHORITY\NETWORK SERVICE</Data><Data Name='LogonGuid'>{5d3d98af-26b3-5ec2-0000-0020e4030000}</Data><Data Name='LogonId'>0x3e4</Data><Data Name='TerminalSessionId'>0</Data><Data Name='IntegrityLevel'>System</Data><Data Name='Hashes'>MD5=CC4F6CBDE75F08AFDCEFB95087149A5D,SHA256=885557BE148DE55F6A127EA26AC457B9415E3E3BAF30266D82B9D19B89E78EE4,IMPHASH=B34FCC4C232A80C59EEDF422ACC8372D</Data><Data Name='ParentProcessGuid'>{5d3d98af-2915-5ec2-0000-001053032600}</Data><Data Name='ParentProcessId'>1800</Data><Data Name='ParentImage'>C:\Program Files\Windows Defender\MpCmdRun.exe</Data><Data Name='ParentCommandLine'>"C:\Program Files\Windows Defender\MpCmdRun.exe" SignatureUpdate -ScheduleJob -RestrictPrivileges</Data></EventData></Event><Event xmlns='http://schemas.microsoft.com/win/2004/08/events/event'><System><Provider Name='Microsoft-Windows-Sysmon' Guid='{5770385f-c22a-43e0-bf4c-06f5698ffbd9}'/><EventID>1</EventID><Version>5</Version><Level>4</Level><Task>1</Task><Opcode>0</Opcode><Keywords>0x8000000000000000</Keywords><TimeCreated SystemTime='2020-05-18T06:20:06.001218500Z'/><EventRecordID>2340</EventRecordID><Correlation/><Execution ProcessID='3008' ThreadID='3552'/><Channel>Microsoft-Windows-Sysmon/Operational</Channel><Computer>DESKTOP-P84STH6</Computer><Security UserID='S-1-5-18'/></System><EventData><Data Name='RuleName'></Data><Data Name='UtcTime'>2020-05-18 06:20:05.947</Data><Data Name='ProcessGuid'>{5d3d98af-2915-5ec2-0000-001053032600}</Data><Data Name='ProcessId'>1800</Data><Data Name='Image'>C:\Program Files\Windows Defender\MpCmdRun.exe</Data><Data Name='FileVersion'>4.18.1902.5 (GitEnlistment(winpbld).190221-1742)</Data><Data Name='Description'>Microsoft Malware Protection Command Line Utility</Data><Data Name='Product'>Microsoft® Windows® Operating System</Data><Data Name='Company'>Microsoft Corporation</Data><Data Name='OriginalFileName'>MpCmdRun.exe</Data><Data Name='CommandLine'>"C:\Program Files\Windows Defender\MpCmdRun.exe" SignatureUpdate -ScheduleJob -RestrictPrivileges</Data><Data Name='CurrentDirectory'>C:\Windows\system32\</Data><Data Name='User'>NT AUTHORITY\SYSTEM</Data><Data Name='LogonGuid'>{5d3d98af-26b2-5ec2-0000-0020e7030000}</Data><Data Name='LogonId'>0x3e7</Data><Data Name='TerminalSessionId'>0</Data><Data Name='IntegrityLevel'>System</Data><Data Name='Hashes'>MD5=CC4F6CBDE75F08AFDCEFB95087149A5D,SHA256=885557BE148DE55F6A127EA26AC457B9415E3E3BAF30266D82B9D19B89E78EE4,IMPHASH=B34FCC4C232A80C59EEDF422ACC8372D</Data><Data Name='ParentProcessGuid'>{5d3d98af-26b5-5ec2-0000-00108bab0100}</Data><Data Name='ParentProcessId'>3060</Data><Data Name='ParentImage'>C:\Program Files\Windows Defender\MsMpEng.exe</Data><Data Name='ParentCommandLine'>"C:\Program Files\Windows Defender\MsMpEng.exe"</Data></EventData></Event></Events>