<Event xmlns='http://schemas.microsoft.com/win/2004/08/events/event'><System><Provider Name='Microsoft-Windows-Sysmon' Guid='{5770385f-c22a-43e0-bf4c-06f5698ffbd9}'/><EventID>11</EventID><Version>2</Version><Level>4</Level><Task>11</Task><Opcode>0</Opcode><Keywords>0x8000000000000000</Keywords><TimeCreated SystemTime='2020-05-18T06:33:35.957531300Z'/><EventRecordID>2782</EventRecordID><Correlation/><Execution ProcessID='3008' ThreadID='3552'/><Channel>Microsoft-Windows-Sysmon/Operational</Channel><Computer>DESKTOP-P84STH6</Computer><Security UserID='S-1-5-18'/></System><EventData><Data Name='RuleName'>DLL</Data><Data Name='UtcTime'>2020-05-18 06:33:35.948</Data><Data Name='ProcessGuid'>{5d3d98af-2c2f-5ec2-0000-0010d4e25b00}</Data><Data Name='ProcessId'>8320</Data><Data Name='Image'>C:\Windows\system32\msiexec.exe</Data><Data Name='TargetFilename'>C:\Users\NS\AppData\Local\Programs\Python\Python38-32\DLLs\sqlite3.dll</Data><Data Name='CreationUtcTime'>2020-05-18 06:33:35.948</Data></EventData></Event><Event xmlns='http://schemas.microsoft.com/win/2004/08/events/event'><System><Provider Name='Microsoft-Windows-Sysmon' Guid='{5770385f-c22a-43e0-bf4c-06f5698ffbd9}'/><EventID>2</EventID><Version>4</Version><Level>4</Level><Task>2</Task><Opcode>0</Opcode><Keywords>0x8000000000000000</Keywords><TimeCreated SystemTime='2020-05-18T06:33:35.947709000Z'/><EventRecordID>2781</EventRecordID><Correlation/><Execution ProcessID='3008' ThreadID='3552'/><Channel>Microsoft-Windows-Sysmon/Operational</Channel><Computer>DESKTOP-P84STH6</Computer><Security UserID='S-1-5-18'/></System><EventData><Data Name='RuleName'>T1099</Data><Data Name='UtcTime'>2020-05-18 06:33:35.931</Data><Data Name='ProcessGuid'>{5d3d98af-2c2f-5ec2-0000-0010d4e25b00}</Data><Data Name='ProcessId'>8320</Data><Data Name='Image'>C:\Windows\system32\msiexec.exe</Data><Data Name='TargetFilename'>C:\Users\NS\AppData\Local\Programs\Python\Python38-32\Lib\venv\scripts\nt\pythonw.exe</Data><Data Name='CreationUtcTime'>2020-05-13 14:42:48.000</Data><Data Name='PreviousCreationUtcTime'>2020-05-18 06:33:35.931</Data></EventData></Event><Event xmlns='http://schemas.microsoft.com/win/2004/08/events/event'><System><Provider Name='Microsoft-Windows-Sysmon' Guid='{5770385f-c22a-43e0-bf4c-06f5698ffbd9}'/><EventID>11</EventID><Version>2</Version><Level>4</Level><Task>11</Task><Opcode>0</Opcode><Keywords>0x8000000000000000</Keywords><TimeCreated SystemTime='2020-05-18T06:33:35.940882500Z'/><EventRecordID>2780</EventRecordID><Correlation/><Execution ProcessID='3008' ThreadID='3552'/><Channel>Microsoft-Windows-Sysmon/Operational</Channel><Computer>DESKTOP-P84STH6</Computer><Security UserID='S-1-5-18'/></System><EventData><Data Name='RuleName'>EXE</Data><Data Name='UtcTime'>2020-05-18 06:33:35.931</Data><Data Name='ProcessGuid'>{5d3d98af-2c2f-5ec2-0000-0010d4e25b00}</Data><Data Name='ProcessId'>8320</Data><Data Name='Image'>C:\Windows\system32\msiexec.exe</Data><Data Name='TargetFilename'>C:\Users\NS\AppData\Local\Programs\Python\Python38-32\Lib\venv\scripts\nt\pythonw.exe</Data><Data Name='CreationUtcTime'>2020-05-18 06:33:35.931</Data></EventData></Event><Event xmlns='http://schemas.microsoft.com/win/2004/08/events/event'><System><Provider Name='Microsoft-Windows-Sysmon' Guid='{5770385f-c22a-43e0-bf4c-06f5698ffbd9}'/><EventID>2</EventID><Version>4</Version><Level>4</Level><Task>2</Task><Opcode>0</Opcode><Keywords>0x8000000000000000</Keywords><TimeCreated SystemTime='2020-05-18T06:33:35.920375400Z'/><EventRecordID>2779</EventRecordID><Correlation/><Execution ProcessID='3008' ThreadID='3552'/><Channel>Microsoft-Windows-Sysmon/Operational</Channel><Computer>DESKTOP-P84STH6</Computer><Security UserID='S-1-5-18'/></System><EventData><Data Name='RuleName'>T1099</Data><Data Name='UtcTime'>2020-05-18 06:33:35.915</Data><Data Name='ProcessGuid'>{5d3d98af-2c2f-5ec2-0000-0010d4e25b00}</Data><Data Name='ProcessId'>8320</Data><Data Name='Image'>C:\Windows\system32\msiexec.exe</Data><Data Name='TargetFilename'>C:\Users\NS\AppData\Local\Programs\Python\Python38-32\Lib\venv\scripts\nt\python.exe</Data><Data Name='CreationUtcTime'>2020-05-13 14:42:48.000</Data><Data Name='PreviousCreationUtcTime'>2020-05-18 06:33:35.904</Data></EventData></Event><Event xmlns='http://schemas.microsoft.com/win/2004/08/events/event'><System><Provider Name='Microsoft-Windows-Sysmon' Guid='{5770385f-c22a-43e0-bf4c-06f5698ffbd9}'/><EventID>11</EventID><Version>2</Version><Level>4</Level><Task>11</Task><Opcode>0</Opcode><Keywords>0x8000000000000000</Keywords><TimeCreated SystemTime='2020-05-18T06:33:35.911357000Z'/><EventRecordID>2778</EventRecordID><Correlation/><Execution ProcessID='3008' ThreadID='3552'/><Channel>Microsoft-Windows-Sysmon/Operational</Channel><Computer>DESKTOP-P84STH6</Computer><Security UserID='S-1-5-18'/></System><EventData><Data Name='RuleName'>EXE</Data><Data Name='UtcTime'>2020-05-18 06:33:35.904</Data><Data Name='ProcessGuid'>{5d3d98af-2c2f-5ec2-0000-0010d4e25b00}</Data><Data Name='ProcessId'>8320</Data><Data Name='Image'>C:\Windows\system32\msiexec.exe</Data><Data Name='TargetFilename'>C:\Users\NS\AppData\Local\Programs\Python\Python38-32\Lib\venv\scripts\nt\python.exe</Data><Data Name='CreationUtcTime'>2020-05-18 06:33:35.904</Data></EventData></Event><Event xmlns='http://schemas.microsoft.com/win/2004/08/events/event'><System><Provider Name='Microsoft-Windows-Sysmon' Guid='{5770385f-c22a-43e0-bf4c-06f5698ffbd9}'/><EventID>11</EventID><Version>2</Version><Level>4</Level><Task>11</Task><Opcode>0</Opcode><Keywords>0x8000000000000000</Keywords><TimeCreated SystemTime='2020-05-18T06:33:35.885179300Z'/><EventRecordID>2777</EventRecordID><Correlation/><Execution ProcessID='3008' ThreadID='3552'/><Channel>Microsoft-Windows-Sysmon/Operational</Channel><Computer>DESKTOP-P84STH6</Computer><Security UserID='S-1-5-18'/></System><EventData><Data Name='RuleName'>DLL</Data><Data Name='UtcTime'>2020-05-18 06:33:35.884</Data><Data Name='ProcessGuid'>{5d3d98af-2c2f-5ec2-0000-0010d4e25b00}</Data><Data Name='ProcessId'>8320</Data><Data Name='Image'>C:\Windows\system32\msiexec.exe</Data><Data Name='TargetFilename'>C:\Users\NS\AppData\Local\Programs\Python\Python38-32\DLLs\libssl-1_1.dll</Data><Data Name='CreationUtcTime'>2020-05-18 06:33:35.884</Data></EventData></Event><Event xmlns='http://schemas.microsoft.com/win/2004/08/events/event'><System><Provider Name='Microsoft-Windows-Sysmon' Guid='{5770385f-c22a-43e0-bf4c-06f5698ffbd9}'/><EventID>11</EventID><Version>2</Version><Level>4</Level><Task>11</Task><Opcode>0</Opcode><Keywords>0x8000000000000000</Keywords><TimeCreated SystemTime='2020-05-18T06:33:35.880072200Z'/><EventRecordID>2776</EventRecordID><Correlation/><Execution ProcessID='3008' ThreadID='3552'/><Channel>Microsoft-Windows-Sysmon/Operational</Channel><Computer>DESKTOP-P84STH6</Computer><Security UserID='S-1-5-18'/></System><EventData><Data Name='RuleName'>DLL</Data><Data Name='UtcTime'>2020-05-18 06:33:35.874</Data><Data Name='ProcessGuid'>{5d3d98af-2c2f-5ec2-0000-0010d4e25b00}</Data><Data Name='ProcessId'>8320</Data><Data Name='Image'>C:\Windows\system32\msiexec.exe</Data><Data Name='TargetFilename'>C:\Users\NS\AppData\Local\Programs\Python\Python38-32\DLLs\libffi-7.dll</Data><Data Name='CreationUtcTime'>2020-05-18 06:33:35.874</Data></EventData></Event><Event xmlns='http://schemas.microsoft.com/win/2004/08/events/event'><System><Provider Name='Microsoft-Windows-Sysmon' Guid='{5770385f-c22a-43e0-bf4c-06f5698ffbd9}'/><EventID>11</EventID><Version>2</Version><Level>4</Level><Task>11</Task><Opcode>0</Opcode><Keywords>0x8000000000000000</Keywords><TimeCreated SystemTime='2020-05-18T06:33:35.496645500Z'/><EventRecordID>2775</EventRecordID><Correlation/><Execution ProcessID='3008' ThreadID='3552'/><Channel>Microsoft-Windows-Sysmon/Operational</Channel><Computer>DESKTOP-P84STH6</Computer><Security UserID='S-1-5-18'/></System><EventData><Data Name='RuleName'>DLL</Data><Data Name='UtcTime'>2020-05-18 06:33:35.494</Data><Data Name='ProcessGuid'>{5d3d98af-2c2f-5ec2-0000-0010d4e25b00}</Data><Data Name='ProcessId'>8320</Data><Data Name='Image'>C:\Windows\system32\msiexec.exe</Data><Data Name='TargetFilename'>C:\Users\NS\AppData\Local\Programs\Python\Python38-32\DLLs\libcrypto-1_1.dll</Data><Data Name='CreationUtcTime'>2020-05-18 06:33:35.494</Data></EventData></Event><Event xmlns='http://schemas.microsoft.com/win/2004/08/events/event'><System><Provider Name='Microsoft-Windows-Sysmon' Guid='{5770385f-c22a-43e0-bf4c-06f5698ffbd9}'/><EventID>11</EventID><Version>2</Version><Level>4</Level><Task>11</Task><Opcode>0</Opcode><Keywords>0x8000000000000000</Keywords><TimeCreated SystemTime='2020-05-18T06:33:35.330953800Z'/><EventRecordID>2774</EventRecordID><Correlation/><Execution ProcessID='3008' ThreadID='3552'/><Channel>Microsoft-Windows-Sysmon/Operational</Channel><Computer>DESKTOP-P84STH6</Computer><Security UserID='S-1-5-18'/></System><EventData><Data Name='RuleName'></Data><Data Name='UtcTime'>2020-05-18 06:33:35.322</Data><Data Name='ProcessGuid'>{5d3d98af-2c2f-5ec2-0000-0010d4e25b00}</Data><Data Name='ProcessId'>8320</Data><Data Name='Image'>C:\Windows\system32\msiexec.exe</Data><Data Name='TargetFilename'>C:\Users\NS\AppData\Local\Programs\Python\Python38-32\Lib\venv\scripts\nt\deactivate.bat</Data><Data Name='CreationUtcTime'>2020-05-18 06:33:35.322</Data></EventData></Event><Event xmlns='http://schemas.microsoft.com/win/2004/08/events/event'><System><Provider Name='Microsoft-Windows-Sysmon' Guid='{5770385f-c22a-43e0-bf4c-06f5698ffbd9}'/><EventID>11</EventID><Version>2</Version><Level>4</Level><Task>11</Task><Opcode>0</Opcode><Keywords>0x8000000000000000</Keywords><TimeCreated SystemTime='2020-05-18T06:33:35.327910900Z'/><EventRecordID>2773</EventRecordID><Correlation/><Execution ProcessID='3008' ThreadID='3552'/><Channel>Microsoft-Windows-Sysmon/Operational</Channel><Computer>DESKTOP-P84STH6</Computer><Security UserID='S-1-5-18'/></System><EventData><Data Name='RuleName'></Data><Data Name='UtcTime'>2020-05-18 06:33:35.322</Data><Data Name='ProcessGuid'>{5d3d98af-2c2f-5ec2-0000-0010d4e25b00}</Data><Data Name='ProcessId'>8320</Data><Data Name='Image'>C:\Windows\system32\msiexec.exe</Data><Data Name='TargetFilename'>C:\Users\NS\AppData\Local\Programs\Python\Python38-32\Lib\venv\scripts\nt\activate.bat</Data><Data Name='CreationUtcTime'>2020-05-18 06:33:35.322</Data></EventData></Event><Event xmlns='http://schemas.microsoft.com/win/2004/08/events/event'><System><Provider Name='Microsoft-Windows-Sysmon' Guid='{5770385f-c22a-43e0-bf4c-06f5698ffbd9}'/><EventID>11</EventID><Version>2</Version><Level>4</Level><Task>11</Task><Opcode>0</Opcode><Keywords>0x8000000000000000</Keywords><TimeCreated SystemTime='2020-05-18T06:33:35.322260100Z'/><EventRecordID>2772</EventRecordID><Correlation/><Execution ProcessID='3008' ThreadID='3552'/><Channel>Microsoft-Windows-Sysmon/Operational</Channel><Computer>DESKTOP-P84STH6</Computer><Security UserID='S-1-5-18'/></System><EventData><Data Name='RuleName'></Data><Data Name='UtcTime'>2020-05-18 06:33:35.306</Data><Data Name='ProcessGuid'>{5d3d98af-2c2f-5ec2-0000-0010d4e25b00}</Data><Data Name='ProcessId'>8320</Data><Data Name='Image'>C:\Windows\system32\msiexec.exe</Data><Data Name='TargetFilename'>C:\Users\NS\AppData\Local\Programs\Python\Python38-32\Lib\venv\scripts\common\Activate.ps1</Data><Data Name='CreationUtcTime'>2020-05-18 06:33:35.306</Data></EventData></Event><Event xmlns='http://schemas.microsoft.com/win/2004/08/events/event'><System><Provider Name='Microsoft-Windows-Sysmon' Guid='{5770385f-c22a-43e0-bf4c-06f5698ffbd9}'/><EventID>2</EventID><Version>4</Version><Level>4</Level><Task>2</Task><Opcode>0</Opcode><Keywords>0x8000000000000000</Keywords><TimeCreated SystemTime='2020-05-18T06:33:32.380168700Z'/><EventRecordID>2771</EventRecordID><Correlation/><Execution ProcessID='3008' ThreadID='3552'/><Channel>Microsoft-Windows-Sysmon/Operational</Channel><Computer>DESKTOP-P84STH6</Computer><Security UserID='S-1-5-18'/></System><EventData><Data Name='RuleName'>T1099</Data><Data Name='UtcTime'>2020-05-18 06:33:32.368</Data><Data Name='ProcessGuid'>{5d3d98af-2c2f-5ec2-0000-0010d4e25b00}</Data><Data Name='ProcessId'>8320</Data><Data Name='Image'>C:\Windows\system32\msiexec.exe</Data><Data Name='TargetFilename'>C:\Users\NS\AppData\Local\Programs\Python\Python38-32\Lib\distutils\command\wininst-9.0-amd64.exe</Data><Data Name='CreationUtcTime'>2020-05-13 14:42:38.000</Data><Data Name='PreviousCreationUtcTime'>2020-05-18 06:33:32.368</Data></EventData></Event><Event xmlns='http://schemas.microsoft.com/win/2004/08/events/event'><System><Provider Name='Microsoft-Windows-Sysmon' Guid='{5770385f-c22a-43e0-bf4c-06f5698ffbd9}'/><EventID>11</EventID><Version>2</Version><Level>4</Level><Task>11</Task><Opcode>0</Opcode><Keywords>0x8000000000000000</Keywords><TimeCreated SystemTime='2020-05-18T06:33:32.376158100Z'/><EventRecordID>2770</EventRecordID><Correlation/><Execution ProcessID='3008' ThreadID='3552'/><Channel>Microsoft-Windows-Sysmon/Operational</Channel><Computer>DESKTOP-P84STH6</Computer><Security UserID='S-1-5-18'/></System><EventData><Data Name='RuleName'>EXE</Data><Data Name='UtcTime'>2020-05-18 06:33:32.368</Data><Data Name='ProcessGuid'>{5d3d98af-2c2f-5ec2-0000-0010d4e25b00}</Data><Data Name='ProcessId'>8320</Data><Data Name='Image'>C:\Windows\system32\msiexec.exe</Data><Data Name='TargetFilename'>C:\Users\NS\AppData\Local\Programs\Python\Python38-32\Lib\distutils\command\wininst-9.0-amd64.exe</Data><Data Name='CreationUtcTime'>2020-05-18 06:33:32.368</Data></EventData></Event><Event xmlns='http://schemas.microsoft.com/win/2004/08/events/event'><System><Provider Name='Microsoft-Windows-Sysmon' Guid='{5770385f-c22a-43e0-bf4c-06f5698ffbd9}'/><EventID>2</EventID><Version>4</Version><Level>4</Level><Task>2</Task><Opcode>0</Opcode><Keywords>0x8000000000000000</Keywords><TimeCreated SystemTime='2020-05-18T06:33:32.371880000Z'/><EventRecordID>2769</EventRecordID><Correlation/><Execution ProcessID='3008' ThreadID='3552'/><Channel>Microsoft-Windows-Sysmon/Operational</Channel><Computer>DESKTOP-P84STH6</Computer><Security UserID='S-1-5-18'/></System><EventData><Data Name='RuleName'>T1099</Data><Data Name='UtcTime'>2020-05-18 06:33:32.368</Data><Data Name='ProcessGuid'>{5d3d98af-2c2f-5ec2-0000-0010d4e25b00}</Data><Data Name='ProcessId'>8320</Data><Data Name='Image'>C:\Windows\system32\msiexec.exe</Data><Data Name='TargetFilename'>C:\Users\NS\AppData\Local\Programs\Python\Python38-32\Lib\distutils\command\wininst-9.0.exe</Data><Data Name='CreationUtcTime'>2020-05-13 14:42:38.000</Data><Data Name='PreviousCreationUtcTime'>2020-05-18 06:33:32.354</Data></EventData></Event><Event xmlns='http://schemas.microsoft.com/win/2004/08/events/event'><System><Provider Name='Microsoft-Windows-Sysmon' Guid='{5770385f-c22a-43e0-bf4c-06f5698ffbd9}'/><EventID>11</EventID><Version>2</Version><Level>4</Level><Task>11</Task><Opcode>0</Opcode><Keywords>0x8000000000000000</Keywords><TimeCreated SystemTime='2020-05-18T06:33:32.368565200Z'/><EventRecordID>2768</EventRecordID><Correlation/><Execution ProcessID='3008' ThreadID='3552'/><Channel>Microsoft-Windows-Sysmon/Operational</Channel><Computer>DESKTOP-P84STH6</Computer><Security UserID='S-1-5-18'/></System><EventData><Data Name='RuleName'>EXE</Data><Data Name='UtcTime'>2020-05-18 06:33:32.354</Data><Data Name='ProcessGuid'>{5d3d98af-2c2f-5ec2-0000-0010d4e25b00}</Data><Data Name='ProcessId'>8320</Data><Data Name='Image'>C:\Windows\system32\msiexec.exe</Data><Data Name='TargetFilename'>C:\Users\NS\AppData\Local\Programs\Python\Python38-32\Lib\distutils\command\wininst-9.0.exe</Data><Data Name='CreationUtcTime'>2020-05-18 06:33:32.354</Data></EventData></Event><Event xmlns='http://schemas.microsoft.com/win/2004/08/events/event'><System><Provider Name='Microsoft-Windows-Sysmon' Guid='{5770385f-c22a-43e0-bf4c-06f5698ffbd9}'/><EventID>2</EventID><Version>4</Version><Level>4</Level><Task>2</Task><Opcode>0</Opcode><Keywords>0x8000000000000000</Keywords><TimeCreated SystemTime='2020-05-18T06:33:32.364704600Z'/><EventRecordID>2767</EventRecordID><Correlation/><Execution ProcessID='3008' ThreadID='3552'/><Channel>Microsoft-Windows-Sysmon/Operational</Channel><Computer>DESKTOP-P84STH6</Computer><Security UserID='S-1-5-18'/></System><EventData><Data Name='RuleName'>T1099</Data><Data Name='UtcTime'>2020-05-18 06:33:32.354</Data><Data Name='ProcessGuid'>{5d3d98af-2c2f-5ec2-0000-0010d4e25b00}</Data><Data Name='ProcessId'>8320</Data><Data Name='Image'>C:\Windows\system32\msiexec.exe</Data><Data Name='TargetFilename'>C:\Users\NS\AppData\Local\Programs\Python\Python38-32\Lib\distutils\command\wininst-8.0.exe</Data><Data Name='CreationUtcTime'>2020-05-13 14:42:38.000</Data><Data Name='PreviousCreationUtcTime'>2020-05-18 06:33:32.354</Data></EventData></Event><Event xmlns='http://schemas.microsoft.com/win/2004/08/events/event'><System><Provider Name='Microsoft-Windows-Sysmon' Guid='{5770385f-c22a-43e0-bf4c-06f5698ffbd9}'/><EventID>11</EventID><Version>2</Version><Level>4</Level><Task>11</Task><Opcode>0</Opcode><Keywords>0x8000000000000000</Keywords><TimeCreated SystemTime='2020-05-18T06:33:32.363270700Z'/><EventRecordID>2766</EventRecordID><Correlation/><Execution ProcessID='3008' ThreadID='3552'/><Channel>Microsoft-Windows-Sysmon/Operational</Channel><Computer>DESKTOP-P84STH6</Computer><Security UserID='S-1-5-18'/></System><EventData><Data Name='RuleName'>EXE</Data><Data Name='UtcTime'>2020-05-18 06:33:32.354</Data><Data Name='ProcessGuid'>{5d3d98af-2c2f-5ec2-0000-0010d4e25b00}</Data><Data Name='ProcessId'>8320</Data><Data Name='Image'>C:\Windows\system32\msiexec.exe</Data><Data Name='TargetFilename'>C:\Users\NS\AppData\Local\Programs\Python\Python38-32\Lib\distutils\command\wininst-8.0.exe</Data><Data Name='CreationUtcTime'>2020-05-18 06:33:32.354</Data></EventData></Event><Event xmlns='http://schemas.microsoft.com/win/2004/08/events/event'><System><Provider Name='Microsoft-Windows-Sysmon' Guid='{5770385f-c22a-43e0-bf4c-06f5698ffbd9}'/><EventID>2</EventID><Version>4</Version><Level>4</Level><Task>2</Task><Opcode>0</Opcode><Keywords>0x8000000000000000</Keywords><TimeCreated SystemTime='2020-05-18T06:33:32.359631900Z'/><EventRecordID>2765</EventRecordID><Correlation/><Execution ProcessID='3008' ThreadID='3552'/><Channel>Microsoft-Windows-Sysmon/Operational</Channel><Computer>DESKTOP-P84STH6</Computer><Security UserID='S-1-5-18'/></System><EventData><Data Name='RuleName'>T1099</Data><Data Name='UtcTime'>2020-05-18 06:33:32.354</Data><Data Name='ProcessGuid'>{5d3d98af-2c2f-5ec2-0000-0010d4e25b00}</Data><Data Name='ProcessId'>8320</Data><Data Name='Image'>C:\Windows\system32\msiexec.exe</Data><Data Name='TargetFilename'>C:\Users\NS\AppData\Local\Programs\Python\Python38-32\Lib\distutils\command\wininst-7.1.exe</Data><Data Name='CreationUtcTime'>2020-05-13 14:42:38.000</Data><Data Name='PreviousCreationUtcTime'>2020-05-18 06:33:32.354</Data></EventData></Event><Event xmlns='http://schemas.microsoft.com/win/2004/08/events/event'><System><Provider Name='Microsoft-Windows-Sysmon' Guid='{5770385f-c22a-43e0-bf4c-06f5698ffbd9}'/><EventID>11</EventID><Version>2</Version><Level>4</Level><Task>11</Task><Opcode>0</Opcode><Keywords>0x8000000000000000</Keywords><TimeCreated SystemTime='2020-05-18T06:33:32.358467100Z'/><EventRecordID>2764</EventRecordID><Correlation/><Execution ProcessID='3008' ThreadID='3552'/><Channel>Microsoft-Windows-Sysmon/Operational</Channel><Computer>DESKTOP-P84STH6</Computer><Security UserID='S-1-5-18'/></System><EventData><Data Name='RuleName'>EXE</Data><Data Name='UtcTime'>2020-05-18 06:33:32.354</Data><Data Name='ProcessGuid'>{5d3d98af-2c2f-5ec2-0000-0010d4e25b00}</Data><Data Name='ProcessId'>8320</Data><Data Name='Image'>C:\Windows\system32\msiexec.exe</Data><Data Name='TargetFilename'>C:\Users\NS\AppData\Local\Programs\Python\Python38-32\Lib\distutils\command\wininst-7.1.exe</Data><Data Name='CreationUtcTime'>2020-05-18 06:33:32.354</Data></EventData></Event><Event xmlns='http://schemas.microsoft.com/win/2004/08/events/event'><System><Provider Name='Microsoft-Windows-Sysmon' Guid='{5770385f-c22a-43e0-bf4c-06f5698ffbd9}'/><EventID>2</EventID><Version>4</Version><Level>4</Level><Task>2</Task><Opcode>0</Opcode><Keywords>0x8000000000000000</Keywords><TimeCreated SystemTime='2020-05-18T06:33:32.354509200Z'/><EventRecordID>2763</EventRecordID><Correlation/><Execution ProcessID='3008' ThreadID='3552'/><Channel>Microsoft-Windows-Sysmon/Operational</Channel><Computer>DESKTOP-P84STH6</Computer><Security UserID='S-1-5-18'/></System><EventData><Data Name='RuleName'>T1099</Data><Data Name='UtcTime'>2020-05-18 06:33:32.338</Data><Data Name='ProcessGuid'>{5d3d98af-2c2f-5ec2-0000-0010d4e25b00}</Data><Data Name='ProcessId'>8320</Data><Data Name='Image'>C:\Windows\system32\msiexec.exe</Data><Data Name='TargetFilename'>C:\Users\NS\AppData\Local\Programs\Python\Python38-32\Lib\distutils\command\wininst-6.0.exe</Data><Data Name='CreationUtcTime'>2020-05-13 14:42:38.000</Data><Data Name='PreviousCreationUtcTime'>2020-05-18 06:33:32.338</Data></EventData></Event><Event xmlns='http://schemas.microsoft.com/win/2004/08/events/event'><System><Provider Name='Microsoft-Windows-Sysmon' Guid='{5770385f-c22a-43e0-bf4c-06f5698ffbd9}'/><EventID>11</EventID><Version>2</Version><Level>4</Level><Task>11</Task><Opcode>0</Opcode><Keywords>0x8000000000000000</Keywords><TimeCreated SystemTime='2020-05-18T06:33:32.352973700Z'/><EventRecordID>2762</EventRecordID><Correlation/><Execution ProcessID='3008' ThreadID='3552'/><Channel>Microsoft-Windows-Sysmon/Operational</Channel><Computer>DESKTOP-P84STH6</Computer><Security UserID='S-1-5-18'/></System><EventData><Data Name='RuleName'>EXE</Data><Data Name='UtcTime'>2020-05-18 06:33:32.338</Data><Data Name='ProcessGuid'>{5d3d98af-2c2f-5ec2-0000-0010d4e25b00}</Data><Data Name='ProcessId'>8320</Data><Data Name='Image'>C:\Windows\system32\msiexec.exe</Data><Data Name='TargetFilename'>C:\Users\NS\AppData\Local\Programs\Python\Python38-32\Lib\distutils\command\wininst-6.0.exe</Data><Data Name='CreationUtcTime'>2020-05-18 06:33:32.338</Data></EventData></Event><Event xmlns='http://schemas.microsoft.com/win/2004/08/events/event'><System><Provider Name='Microsoft-Windows-Sysmon' Guid='{5770385f-c22a-43e0-bf4c-06f5698ffbd9}'/><EventID>2</EventID><Version>4</Version><Level>4</Level><Task>2</Task><Opcode>0</Opcode><Keywords>0x8000000000000000</Keywords><TimeCreated SystemTime='2020-05-18T06:33:32.349031500Z'/><EventRecordID>2761</EventRecordID><Correlation/><Execution ProcessID='3008' ThreadID='3552'/><Channel>Microsoft-Windows-Sysmon/Operational</Channel><Computer>DESKTOP-P84STH6</Computer><Security UserID='S-1-5-18'/></System><EventData><Data Name='RuleName'>T1099</Data><Data Name='UtcTime'>2020-05-18 06:33:32.338</Data><Data Name='ProcessGuid'>{5d3d98af-2c2f-5ec2-0000-0010d4e25b00}</Data><Data Name='ProcessId'>8320</Data><Data Name='Image'>C:\Windows\system32\msiexec.exe</Data><Data Name='TargetFilename'>C:\Users\NS\AppData\Local\Programs\Python\Python38-32\Lib\distutils\command\wininst-14.0-amd64.exe</Data><Data Name='CreationUtcTime'>2020-05-13 14:42:38.000</Data><Data Name='PreviousCreationUtcTime'>2020-05-18 06:33:32.322</Data></EventData></Event><Event xmlns='http://schemas.microsoft.com/win/2004/08/events/event'><System><Provider Name='Microsoft-Windows-Sysmon' Guid='{5770385f-c22a-43e0-bf4c-06f5698ffbd9}'/><EventID>11</EventID><Version>2</Version><Level>4</Level><Task>11</Task><Opcode>0</Opcode><Keywords>0x8000000000000000</Keywords><TimeCreated SystemTime='2020-05-18T06:33:32.338277400Z'/><EventRecordID>2760</EventRecordID><Correlation/><Execution ProcessID='3008' ThreadID='3552'/><Channel>Microsoft-Windows-Sysmon/Operational</Channel><Computer>DESKTOP-P84STH6</Computer><Security UserID='S-1-5-18'/></System><EventData><Data Name='RuleName'>EXE</Data><Data Name='UtcTime'>2020-05-18 06:33:32.322</Data><Data Name='ProcessGuid'>{5d3d98af-2c2f-5ec2-0000-0010d4e25b00}</Data><Data Name='ProcessId'>8320</Data><Data Name='Image'>C:\Windows\system32\msiexec.exe</Data><Data Name='TargetFilename'>C:\Users\NS\AppData\Local\Programs\Python\Python38-32\Lib\distutils\command\wininst-14.0-amd64.exe</Data><Data Name='CreationUtcTime'>2020-05-18 06:33:32.322</Data></EventData></Event><Event xmlns='http://schemas.microsoft.com/win/2004/08/events/event'><System><Provider Name='Microsoft-Windows-Sysmon' Guid='{5770385f-c22a-43e0-bf4c-06f5698ffbd9}'/><EventID>2</EventID><Version>4</Version><Level>4</Level><Task>2</Task><Opcode>0</Opcode><Keywords>0x8000000000000000</Keywords><TimeCreated SystemTime='2020-05-18T06:33:32.334433300Z'/><EventRecordID>2759</EventRecordID><Correlation/><Execution ProcessID='3008' ThreadID='3552'/><Channel>Microsoft-Windows-Sysmon/Operational</Channel><Computer>DESKTOP-P84STH6</Computer><Security UserID='S-1-5-18'/></System><EventData><Data Name='RuleName'>T1099</Data><Data Name='UtcTime'>2020-05-18 06:33:32.322</Data><Data Name='ProcessGuid'>{5d3d98af-2c2f-5ec2-0000-0010d4e25b00}</Data><Data Name='ProcessId'>8320</Data><Data Name='Image'>C:\Windows\system32\msiexec.exe</Data><Data Name='TargetFilename'>C:\Users\NS\AppData\Local\Programs\Python\Python38-32\Lib\distutils\command\wininst-14.0.exe</Data><Data Name='CreationUtcTime'>2020-05-13 14:42:38.000</Data><Data Name='PreviousCreationUtcTime'>2020-05-18 06:33:32.322</Data></EventData></Event><Event xmlns='http://schemas.microsoft.com/win/2004/08/events/event'><System><Provider Name='Microsoft-Windows-Sysmon' Guid='{5770385f-c22a-43e0-bf4c-06f5698ffbd9}'/><EventID>11</EventID><Version>2</Version><Level>4</Level><Task>11</Task><Opcode>0</Opcode><Keywords>0x8000000000000000</Keywords><TimeCreated SystemTime='2020-05-18T06:33:32.325790800Z'/><EventRecordID>2758</EventRecordID><Correlation/><Execution ProcessID='3008' ThreadID='3552'/><Channel>Microsoft-Windows-Sysmon/Operational</Channel><Computer>DESKTOP-P84STH6</Computer><Security UserID='S-1-5-18'/></System><EventData><Data Name='RuleName'>EXE</Data><Data Name='UtcTime'>2020-05-18 06:33:32.322</Data><Data Name='ProcessGuid'>{5d3d98af-2c2f-5ec2-0000-0010d4e25b00}</Data><Data Name='ProcessId'>8320</Data><Data Name='Image'>C:\Windows\system32\msiexec.exe</Data><Data Name='TargetFilename'>C:\Users\NS\AppData\Local\Programs\Python\Python38-32\Lib\distutils\command\wininst-14.0.exe</Data><Data Name='CreationUtcTime'>2020-05-18 06:33:32.322</Data></EventData></Event><Event xmlns='http://schemas.microsoft.com/win/2004/08/events/event'><System><Provider Name='Microsoft-Windows-Sysmon' Guid='{5770385f-c22a-43e0-bf4c-06f5698ffbd9}'/><EventID>2</EventID><Version>4</Version><Level>4</Level><Task>2</Task><Opcode>0</Opcode><Keywords>0x8000000000000000</Keywords><TimeCreated SystemTime='2020-05-18T06:33:32.322404200Z'/><EventRecordID>2757</EventRecordID><Correlation/><Execution ProcessID='3008' ThreadID='3552'/><Channel>Microsoft-Windows-Sysmon/Operational</Channel><Computer>DESKTOP-P84STH6</Computer><Security UserID='S-1-5-18'/></System><EventData><Data Name='RuleName'>T1099</Data><Data Name='UtcTime'>2020-05-18 06:33:32.307</Data><Data Name='ProcessGuid'>{5d3d98af-2c2f-5ec2-0000-0010d4e25b00}</Data><Data Name='ProcessId'>8320</Data><Data Name='Image'>C:\Windows\system32\msiexec.exe</Data><Data Name='TargetFilename'>C:\Users\NS\AppData\Local\Programs\Python\Python38-32\Lib\distutils\command\wininst-10.0-amd64.exe</Data><Data Name='CreationUtcTime'>2020-05-13 14:42:38.000</Data><Data Name='PreviousCreationUtcTime'>2020-05-18 06:33:32.307</Data></EventData></Event><Event xmlns='http://schemas.microsoft.com/win/2004/08/events/event'><System><Provider Name='Microsoft-Windows-Sysmon' Guid='{5770385f-c22a-43e0-bf4c-06f5698ffbd9}'/><EventID>11</EventID><Version>2</Version><Level>4</Level><Task>11</Task><Opcode>0</Opcode><Keywords>0x8000000000000000</Keywords><TimeCreated SystemTime='2020-05-18T06:33:32.318540200Z'/><EventRecordID>2756</EventRecordID><Correlation/><Execution ProcessID='3008' ThreadID='3552'/><Channel>Microsoft-Windows-Sysmon/Operational</Channel><Computer>DESKTOP-P84STH6</Computer><Security UserID='S-1-5-18'/></System><EventData><Data Name='RuleName'>EXE</Data><Data Name='UtcTime'>2020-05-18 06:33:32.307</Data><Data Name='ProcessGuid'>{5d3d98af-2c2f-5ec2-0000-0010d4e25b00}</Data><Data Name='ProcessId'>8320</Data><Data Name='Image'>C:\Windows\system32\msiexec.exe</Data><Data Name='TargetFilename'>C:\Users\NS\AppData\Local\Programs\Python\Python38-32\Lib\distutils\command\wininst-10.0-amd64.exe</Data><Data Name='CreationUtcTime'>2020-05-18 06:33:32.307</Data></EventData></Event><Event xmlns='http://schemas.microsoft.com/win/2004/08/events/event'><System><Provider Name='Microsoft-Windows-Sysmon' Guid='{5770385f-c22a-43e0-bf4c-06f5698ffbd9}'/><EventID>2</EventID><Version>4</Version><Level>4</Level><Task>2</Task><Opcode>0</Opcode><Keywords>0x8000000000000000</Keywords><TimeCreated SystemTime='2020-05-18T06:33:32.314962900Z'/><EventRecordID>2755</EventRecordID><Correlation/><Execution ProcessID='3008' ThreadID='3552'/><Channel>Microsoft-Windows-Sysmon/Operational</Channel><Computer>DESKTOP-P84STH6</Computer><Security UserID='S-1-5-18'/></System><EventData><Data Name='RuleName'>T1099</Data><Data Name='UtcTime'>2020-05-18 06:33:32.307</Data><Data Name='ProcessGuid'>{5d3d98af-2c2f-5ec2-0000-0010d4e25b00}</Data><Data Name='ProcessId'>8320</Data><Data Name='Image'>C:\Windows\system32\msiexec.exe</Data><Data Name='TargetFilename'>C:\Users\NS\AppData\Local\Programs\Python\Python38-32\Lib\distutils\command\wininst-10.0.exe</Data><Data Name='CreationUtcTime'>2020-05-13 14:42:38.000</Data><Data Name='PreviousCreationUtcTime'>2020-05-18 06:33:32.307</Data></EventData></Event><Event xmlns='http://schemas.microsoft.com/win/2004/08/events/event'><System><Provider Name='Microsoft-Windows-Sysmon' Guid='{5770385f-c22a-43e0-bf4c-06f5698ffbd9}'/><EventID>11</EventID><Version>2</Version><Level>4</Level><Task>11</Task><Opcode>0</Opcode><Keywords>0x8000000000000000</Keywords><TimeCreated SystemTime='2020-05-18T06:33:32.310453600Z'/><EventRecordID>2754</EventRecordID><Correlation/><Execution ProcessID='3008' ThreadID='3552'/><Channel>Microsoft-Windows-Sysmon/Operational</Channel><Computer>DESKTOP-P84STH6</Computer><Security UserID='S-1-5-18'/></System><EventData><Data Name='RuleName'>EXE</Data><Data Name='UtcTime'>2020-05-18 06:33:32.307</Data><Data Name='ProcessGuid'>{5d3d98af-2c2f-5ec2-0000-0010d4e25b00}</Data><Data Name='ProcessId'>8320</Data><Data Name='Image'>C:\Windows\system32\msiexec.exe</Data><Data Name='TargetFilename'>C:\Users\NS\AppData\Local\Programs\Python\Python38-32\Lib\distutils\command\wininst-10.0.exe</Data><Data Name='CreationUtcTime'>2020-05-18 06:33:32.307</Data></EventData></Event><Event xmlns='http://schemas.microsoft.com/win/2004/08/events/event'><System><Provider Name='Microsoft-Windows-Sysmon' Guid='{5770385f-c22a-43e0-bf4c-06f5698ffbd9}'/><EventID>11</EventID><Version>2</Version><Level>4</Level><Task>11</Task><Opcode>0</Opcode><Keywords>0x8000000000000000</Keywords><TimeCreated SystemTime='2020-05-18T06:33:31.874539300Z'/><EventRecordID>2753</EventRecordID><Correlation/><Execution ProcessID='3008' ThreadID='3552'/><Channel>Microsoft-Windows-Sysmon/Operational</Channel><Computer>DESKTOP-P84STH6</Computer><Security UserID='S-1-5-18'/></System><EventData><Data Name='RuleName'></Data><Data Name='UtcTime'>2020-05-18 06:33:31.868</Data><Data Name='ProcessGuid'>{5d3d98af-2c2f-5ec2-0000-0010d4e25b00}</Data><Data Name='ProcessId'>8320</Data><Data Name='Image'>C:\Windows\system32\msiexec.exe</Data><Data Name='TargetFilename'>C:\Users\NS\AppData\Local\Programs\Python\Python38-32\Lib\ctypes\macholib\fetch_macholib.bat</Data><Data Name='CreationUtcTime'>2020-05-18 06:33:31.868</Data></EventData></Event><Event xmlns='http://schemas.microsoft.com/win/2004/08/events/event'><System><Provider Name='Microsoft-Windows-Sysmon' Guid='{5770385f-c22a-43e0-bf4c-06f5698ffbd9}'/><EventID>13</EventID><Version>2</Version><Level>4</Level><Task>13</Task><Opcode>0</Opcode><Keywords>0x8000000000000000</Keywords><TimeCreated SystemTime='2020-05-18T06:33:31.336546500Z'/><EventRecordID>2752</EventRecordID><Correlation/><Execution ProcessID='3008' ThreadID='3552'/><Channel>Microsoft-Windows-Sysmon/Operational</Channel><Computer>DESKTOP-P84STH6</Computer><Security UserID='S-1-5-18'/></System><EventData><Data Name='RuleName'>T1042</Data><Data Name='EventType'>SetValue</Data><Data Name='UtcTime'>2020-05-18 06:33:31.324</Data><Data Name='ProcessGuid'>{5d3d98af-2c2f-5ec2-0000-0010d4e25b00}</Data><Data Name='ProcessId'>8320</Data><Data Name='Image'>C:\Windows\system32\msiexec.exe</Data><Data Name='TargetObject'>HKLM\SOFTWARE\Microsoft\Windows\CurrentVersion\Installer\Folders\C:\Users\NS\AppData\Local\Programs\Python\Python38-32\Lib\distutils\command\</Data><Data Name='Details'>1</Data></EventData></Event><Event xmlns='http://schemas.microsoft.com/win/2004/08/events/event'><System><Provider Name='Microsoft-Windows-Sysmon' Guid='{5770385f-c22a-43e0-bf4c-06f5698ffbd9}'/><EventID>13</EventID><Version>2</Version><Level>4</Level><Task>13</Task><Opcode>0</Opcode><Keywords>0x8000000000000000</Keywords><TimeCreated SystemTime='2020-05-18T06:33:31.335888400Z'/><EventRecordID>2751</EventRecordID><Correlation/><Execution ProcessID='3008' ThreadID='3552'/><Channel>Microsoft-Windows-Sysmon/Operational</Channel><Computer>DESKTOP-P84STH6</Computer><Security UserID='S-1-5-18'/></System><EventData><Data Name='RuleName'>T1042</Data><Data Name='EventType'>SetValue</Data><Data Name='UtcTime'>2020-05-18 06:33:31.324</Data><Data Name='ProcessGuid'>{5d3d98af-2c2f-5ec2-0000-0010d4e25b00}</Data><Data Name='ProcessId'>8320</Data><Data Name='Image'>C:\Windows\system32\msiexec.exe</Data><Data Name='TargetObject'>HKLM\SOFTWARE\Microsoft\Windows\CurrentVersion\Installer\Folders\C:\Users\NS\AppData\Local\Programs\Python\Python38-32\Lib\distutils\command\__pycache__\</Data><Data Name='Details'>1</Data></EventData></Event><Event xmlns='http://schemas.microsoft.com/win/2004/08/events/event'><System><Provider Name='Microsoft-Windows-Sysmon' Guid='{5770385f-c22a-43e0-bf4c-06f5698ffbd9}'/><EventID>13</EventID><Version>2</Version><Level>4</Level><Task>13</Task><Opcode>0</Opcode><Keywords>0x8000000000000000</Keywords><TimeCreated SystemTime='2020-05-18T06:33:25.620245700Z'/><EventRecordID>2750</EventRecordID><Correlation/><Execution ProcessID='3008' ThreadID='3552'/><Channel>Microsoft-Windows-Sysmon/Operational</Channel><Computer>DESKTOP-P84STH6</Computer><Security UserID='S-1-5-18'/></System><EventData><Data Name='RuleName'></Data><Data Name='EventType'>SetValue</Data><Data Name='UtcTime'>2020-05-18 06:33:25.557</Data><Data Name='ProcessGuid'>{5d3d98af-2c2f-5ec2-0000-0010d4e25b00}</Data><Data Name='ProcessId'>8320</Data><Data Name='Image'>C:\Windows\system32\msiexec.exe</Data><Data Name='TargetObject'>HKLM\SOFTWARE\WOW6432Node\Microsoft\Windows\CurrentVersion\Uninstall\{D1EFF389-2F77-4A46-8AFD-4F37BC6F1F99}\URLUpdateInfo</Data><Data Name='Details'>(Empty)</Data></EventData></Event><Event xmlns='http://schemas.microsoft.com/win/2004/08/events/event'><System><Provider Name='Microsoft-Windows-Sysmon' Guid='{5770385f-c22a-43e0-bf4c-06f5698ffbd9}'/><EventID>13</EventID><Version>2</Version><Level>4</Level><Task>13</Task><Opcode>0</Opcode><Keywords>0x8000000000000000</Keywords><TimeCreated SystemTime='2020-05-18T06:33:25.596479500Z'/><EventRecordID>2749</EventRecordID><Correlation/><Execution ProcessID='3008' ThreadID='3552'/><Channel>Microsoft-Windows-Sysmon/Operational</Channel><Computer>DESKTOP-P84STH6</Computer><Security UserID='S-1-5-18'/></System><EventData><Data Name='RuleName'>InvDB-Pub</Data><Data Name='EventType'>SetValue</Data><Data Name='UtcTime'>2020-05-18 06:33:25.557</Data><Data Name='ProcessGuid'>{5d3d98af-2c2f-5ec2-0000-0010d4e25b00}</Data><Data Name='ProcessId'>8320</Data><Data Name='Image'>C:\Windows\system32\msiexec.exe</Data><Data Name='TargetObject'>HKLM\SOFTWARE\WOW6432Node\Microsoft\Windows\CurrentVersion\Uninstall\{D1EFF389-2F77-4A46-8AFD-4F37BC6F1F99}\Publisher</Data><Data Name='Details'>Python Software Foundation</Data></EventData></Event><Event xmlns='http://schemas.microsoft.com/win/2004/08/events/event'><System><Provider Name='Microsoft-Windows-Sysmon' Guid='{5770385f-c22a-43e0-bf4c-06f5698ffbd9}'/><EventID>13</EventID><Version>2</Version><Level>4</Level><Task>13</Task><Opcode>0</Opcode><Keywords>0x8000000000000000</Keywords><TimeCreated SystemTime='2020-05-18T06:33:25.594228100Z'/><EventRecordID>2748</EventRecordID><Correlation/><Execution ProcessID='3008' ThreadID='3552'/><Channel>Microsoft-Windows-Sysmon/Operational</Channel><Computer>DESKTOP-P84STH6</Computer><Security UserID='S-1-5-18'/></System><EventData><Data Name='RuleName'></Data><Data Name='EventType'>SetValue</Data><Data Name='UtcTime'>2020-05-18 06:33:25.557</Data><Data Name='ProcessGuid'>{5d3d98af-2c2f-5ec2-0000-0010d4e25b00}</Data><Data Name='ProcessId'>8320</Data><Data Name='Image'>C:\Windows\system32\msiexec.exe</Data><Data Name='TargetObject'>HKLM\SOFTWARE\WOW6432Node\Microsoft\Windows\CurrentVersion\Uninstall\{D1EFF389-2F77-4A46-8AFD-4F37BC6F1F99}\InstallSource</Data><Data Name='Details'>C:\Users\NS\AppData\Local\Package Cache\{D1EFF389-2F77-4A46-8AFD-4F37BC6F1F99}v3.8.3150.0\</Data></EventData></Event><Event xmlns='http://schemas.microsoft.com/win/2004/08/events/event'><System><Provider Name='Microsoft-Windows-Sysmon' Guid='{5770385f-c22a-43e0-bf4c-06f5698ffbd9}'/><EventID>13</EventID><Version>2</Version><Level>4</Level><Task>13</Task><Opcode>0</Opcode><Keywords>0x8000000000000000</Keywords><TimeCreated SystemTime='2020-05-18T06:33:25.575977900Z'/><EventRecordID>2747</EventRecordID><Correlation/><Execution ProcessID='3008' ThreadID='3552'/><Channel>Microsoft-Windows-Sysmon/Operational</Channel><Computer>DESKTOP-P84STH6</Computer><Security UserID='S-1-5-18'/></System><EventData><Data Name='RuleName'></Data><Data Name='EventType'>SetValue</Data><Data Name='UtcTime'>2020-05-18 06:33:25.540</Data><Data Name='ProcessGuid'>{5d3d98af-2c2f-5ec2-0000-0010d4e25b00}</Data><Data Name='ProcessId'>8320</Data><Data Name='Image'>C:\Windows\system32\msiexec.exe</Data><Data Name='TargetObject'>HKLM\SOFTWARE\Microsoft\Windows\CurrentVersion\Installer\UserData\S-1-5-21-223836497-1760142647-788189203-1001\Products\983FFE1D77F264A4A8DFF473CBF6F199\InstallProperties\URLUpdateInfo</Data><Data Name='Details'>(Empty)</Data></EventData></Event><Event xmlns='http://schemas.microsoft.com/win/2004/08/events/event'><System><Provider Name='Microsoft-Windows-Sysmon' Guid='{5770385f-c22a-43e0-bf4c-06f5698ffbd9}'/><EventID>13</EventID><Version>2</Version><Level>4</Level><Task>13</Task><Opcode>0</Opcode><Keywords>0x8000000000000000</Keywords><TimeCreated SystemTime='2020-05-18T06:33:25.568086000Z'/><EventRecordID>2746</EventRecordID><Correlation/><Execution ProcessID='3008' ThreadID='3552'/><Channel>Microsoft-Windows-Sysmon/Operational</Channel><Computer>DESKTOP-P84STH6</Computer><Security UserID='S-1-5-18'/></System><EventData><Data Name='RuleName'>InvDB-Pub</Data><Data Name='EventType'>SetValue</Data><Data Name='UtcTime'>2020-05-18 06:33:25.540</Data><Data Name='ProcessGuid'>{5d3d98af-2c2f-5ec2-0000-0010d4e25b00}</Data><Data Name='ProcessId'>8320</Data><Data Name='Image'>C:\Windows\system32\msiexec.exe</Data><Data Name='TargetObject'>HKLM\SOFTWARE\Microsoft\Windows\CurrentVersion\Installer\UserData\S-1-5-21-223836497-1760142647-788189203-1001\Products\983FFE1D77F264A4A8DFF473CBF6F199\InstallProperties\Publisher</Data><Data Name='Details'>Python Software Foundation</Data></EventData></Event><Event xmlns='http://schemas.microsoft.com/win/2004/08/events/event'><System><Provider Name='Microsoft-Windows-Sysmon' Guid='{5770385f-c22a-43e0-bf4c-06f5698ffbd9}'/><EventID>13</EventID><Version>2</Version><Level>4</Level><Task>13</Task><Opcode>0</Opcode><Keywords>0x8000000000000000</Keywords><TimeCreated SystemTime='2020-05-18T06:33:25.565281800Z'/><EventRecordID>2745</EventRecordID><Correlation/><Execution ProcessID='3008' ThreadID='3552'/><Channel>Microsoft-Windows-Sysmon/Operational</Channel><Computer>DESKTOP-P84STH6</Computer><Security UserID='S-1-5-18'/></System><EventData><Data Name='RuleName'></Data><Data Name='EventType'>SetValue</Data><Data Name='UtcTime'>2020-05-18 06:33:25.540</Data><Data Name='ProcessGuid'>{5d3d98af-2c2f-5ec2-0000-0010d4e25b00}</Data><Data Name='ProcessId'>8320</Data><Data Name='Image'>C:\Windows\system32\msiexec.exe</Data><Data Name='TargetObject'>HKLM\SOFTWARE\Microsoft\Windows\CurrentVersion\Installer\UserData\S-1-5-21-223836497-1760142647-788189203-1001\Products\983FFE1D77F264A4A8DFF473CBF6F199\InstallProperties\InstallSource</Data><Data Name='Details'>C:\Users\NS\AppData\Local\Package Cache\{D1EFF389-2F77-4A46-8AFD-4F37BC6F1F99}v3.8.3150.0\</Data></EventData></Event><Event xmlns='http://schemas.microsoft.com/win/2004/08/events/event'><System><Provider Name='Microsoft-Windows-Sysmon' Guid='{5770385f-c22a-43e0-bf4c-06f5698ffbd9}'/><EventID>11</EventID><Version>2</Version><Level>4</Level><Task>11</Task><Opcode>0</Opcode><Keywords>0x8000000000000000</Keywords><TimeCreated SystemTime='2020-05-18T06:33:25.417250300Z'/><EventRecordID>2744</EventRecordID><Correlation/><Execution ProcessID='3008' ThreadID='3552'/><Channel>Microsoft-Windows-Sysmon/Operational</Channel><Computer>DESKTOP-P84STH6</Computer><Security UserID='S-1-5-18'/></System><EventData><Data Name='RuleName'>T1023</Data><Data Name='UtcTime'>2020-05-18 06:33:25.415</Data><Data Name='ProcessGuid'>{5d3d98af-2c2f-5ec2-0000-0010d4e25b00}</Data><Data Name='ProcessId'>8320</Data><Data Name='Image'>C:\Windows\system32\msiexec.exe</Data><Data Name='TargetFilename'>C:\Users\NS\AppData\Roaming\Microsoft\Windows\Start Menu\Programs\Python 3.8\Python 3.8 (32-bit).lnk</Data><Data Name='CreationUtcTime'>2020-05-18 06:33:25.415</Data></EventData></Event><Event xmlns='http://schemas.microsoft.com/win/2004/08/events/event'><System><Provider Name='Microsoft-Windows-Sysmon' Guid='{5770385f-c22a-43e0-bf4c-06f5698ffbd9}'/><EventID>11</EventID><Version>2</Version><Level>4</Level><Task>11</Task><Opcode>0</Opcode><Keywords>0x8000000000000000</Keywords><TimeCreated SystemTime='2020-05-18T06:33:25.213215400Z'/><EventRecordID>2743</EventRecordID><Correlation/><Execution ProcessID='3008' ThreadID='3552'/><Channel>Microsoft-Windows-Sysmon/Operational</Channel><Computer>DESKTOP-P84STH6</Computer><Security UserID='S-1-5-18'/></System><EventData><Data Name='RuleName'>T1023</Data><Data Name='UtcTime'>2020-05-18 06:33:25.198</Data><Data Name='ProcessGuid'>{5d3d98af-2c2f-5ec2-0000-0010d4e25b00}</Data><Data Name='ProcessId'>8320</Data><Data Name='Image'>C:\Windows\system32\msiexec.exe</Data><Data Name='TargetFilename'>C:\Users\NS\AppData\Roaming\Microsoft\Windows\Start Menu\Programs\Python 3.8</Data><Data Name='CreationUtcTime'>2020-05-18 06:33:25.198</Data></EventData></Event><Event xmlns='http://schemas.microsoft.com/win/2004/08/events/event'><System><Provider Name='Microsoft-Windows-Sysmon' Guid='{5770385f-c22a-43e0-bf4c-06f5698ffbd9}'/><EventID>11</EventID><Version>2</Version><Level>4</Level><Task>11</Task><Opcode>0</Opcode><Keywords>0x8000000000000000</Keywords><TimeCreated SystemTime='2020-05-18T06:33:25.122779700Z'/><EventRecordID>2742</EventRecordID><Correlation/><Execution ProcessID='3008' ThreadID='3552'/><Channel>Microsoft-Windows-Sysmon/Operational</Channel><Computer>DESKTOP-P84STH6</Computer><Security UserID='S-1-5-18'/></System><EventData><Data Name='RuleName'>DLL</Data><Data Name='UtcTime'>2020-05-18 06:33:25.118</Data><Data Name='ProcessGuid'>{5d3d98af-2c2f-5ec2-0000-0010d4e25b00}</Data><Data Name='ProcessId'>8320</Data><Data Name='Image'>C:\Windows\system32\msiexec.exe</Data><Data Name='TargetFilename'>C:\Users\NS\AppData\Local\Programs\Python\Python38-32\vcruntime140.dll</Data><Data Name='CreationUtcTime'>2020-05-18 06:33:25.118</Data></EventData></Event><Event xmlns='http://schemas.microsoft.com/win/2004/08/events/event'><System><Provider Name='Microsoft-Windows-Sysmon' Guid='{5770385f-c22a-43e0-bf4c-06f5698ffbd9}'/><EventID>2</EventID><Version>4</Version><Level>4</Level><Task>2</Task><Opcode>0</Opcode><Keywords>0x8000000000000000</Keywords><TimeCreated SystemTime='2020-05-18T06:33:25.118840000Z'/><EventRecordID>2741</EventRecordID><Correlation/><Execution ProcessID='3008' ThreadID='3552'/><Channel>Microsoft-Windows-Sysmon/Operational</Channel><Computer>DESKTOP-P84STH6</Computer><Security UserID='S-1-5-18'/></System><EventData><Data Name='RuleName'>T1099</Data><Data Name='UtcTime'>2020-05-18 06:33:25.103</Data><Data Name='ProcessGuid'>{5d3d98af-2c2f-5ec2-0000-0010d4e25b00}</Data><Data Name='ProcessId'>8320</Data><Data Name='Image'>C:\Windows\system32\msiexec.exe</Data><Data Name='TargetFilename'>C:\Users\NS\AppData\Local\Programs\Python\Python38-32\pythonw.exe</Data><Data Name='CreationUtcTime'>2020-05-13 14:42:48.000</Data><Data Name='PreviousCreationUtcTime'>2020-05-18 06:33:25.103</Data></EventData></Event><Event xmlns='http://schemas.microsoft.com/win/2004/08/events/event'><System><Provider Name='Microsoft-Windows-Sysmon' Guid='{5770385f-c22a-43e0-bf4c-06f5698ffbd9}'/><EventID>11</EventID><Version>2</Version><Level>4</Level><Task>11</Task><Opcode>0</Opcode><Keywords>0x8000000000000000</Keywords><TimeCreated SystemTime='2020-05-18T06:33:25.116268800Z'/><EventRecordID>2740</EventRecordID><Correlation/><Execution ProcessID='3008' ThreadID='3552'/><Channel>Microsoft-Windows-Sysmon/Operational</Channel><Computer>DESKTOP-P84STH6</Computer><Security UserID='S-1-5-18'/></System><EventData><Data Name='RuleName'>EXE</Data><Data Name='UtcTime'>2020-05-18 06:33:25.103</Data><Data Name='ProcessGuid'>{5d3d98af-2c2f-5ec2-0000-0010d4e25b00}</Data><Data Name='ProcessId'>8320</Data><Data Name='Image'>C:\Windows\system32\msiexec.exe</Data><Data Name='TargetFilename'>C:\Users\NS\AppData\Local\Programs\Python\Python38-32\pythonw.exe</Data><Data Name='CreationUtcTime'>2020-05-18 06:33:25.103</Data></EventData></Event><Event xmlns='http://schemas.microsoft.com/win/2004/08/events/event'><System><Provider Name='Microsoft-Windows-Sysmon' Guid='{5770385f-c22a-43e0-bf4c-06f5698ffbd9}'/><EventID>2</EventID><Version>4</Version><Level>4</Level><Task>2</Task><Opcode>0</Opcode><Keywords>0x8000000000000000</Keywords><TimeCreated SystemTime='2020-05-18T06:33:25.112992000Z'/><EventRecordID>2739</EventRecordID><Correlation/><Execution ProcessID='3008' ThreadID='3552'/><Channel>Microsoft-Windows-Sysmon/Operational</Channel><Computer>DESKTOP-P84STH6</Computer><Security UserID='S-1-5-18'/></System><EventData><Data Name='RuleName'>T1099</Data><Data Name='UtcTime'>2020-05-18 06:33:25.103</Data><Data Name='ProcessGuid'>{5d3d98af-2c2f-5ec2-0000-0010d4e25b00}</Data><Data Name='ProcessId'>8320</Data><Data Name='Image'>C:\Windows\system32\msiexec.exe</Data><Data Name='TargetFilename'>C:\Users\NS\AppData\Local\Programs\Python\Python38-32\python.exe</Data><Data Name='CreationUtcTime'>2020-05-13 14:42:48.000</Data><Data Name='PreviousCreationUtcTime'>2020-05-18 06:33:25.103</Data></EventData></Event><Event xmlns='http://schemas.microsoft.com/win/2004/08/events/event'><System><Provider Name='Microsoft-Windows-Sysmon' Guid='{5770385f-c22a-43e0-bf4c-06f5698ffbd9}'/><EventID>11</EventID><Version>2</Version><Level>4</Level><Task>11</Task><Opcode>0</Opcode><Keywords>0x8000000000000000</Keywords><TimeCreated SystemTime='2020-05-18T06:33:25.110495000Z'/><EventRecordID>2738</EventRecordID><Correlation/><Execution ProcessID='3008' ThreadID='3552'/><Channel>Microsoft-Windows-Sysmon/Operational</Channel><Computer>DESKTOP-P84STH6</Computer><Security UserID='S-1-5-18'/></System><EventData><Data Name='RuleName'>EXE</Data><Data Name='UtcTime'>2020-05-18 06:33:25.103</Data><Data Name='ProcessGuid'>{5d3d98af-2c2f-5ec2-0000-0010d4e25b00}</Data><Data Name='ProcessId'>8320</Data><Data Name='Image'>C:\Windows\system32\msiexec.exe</Data><Data Name='TargetFilename'>C:\Users\NS\AppData\Local\Programs\Python\Python38-32\python.exe</Data><Data Name='CreationUtcTime'>2020-05-18 06:33:25.103</Data></EventData></Event><Event xmlns='http://schemas.microsoft.com/win/2004/08/events/event'><System><Provider Name='Microsoft-Windows-Sysmon' Guid='{5770385f-c22a-43e0-bf4c-06f5698ffbd9}'/><EventID>13</EventID><Version>2</Version><Level>4</Level><Task>13</Task><Opcode>0</Opcode><Keywords>0x8000000000000000</Keywords><TimeCreated SystemTime='2020-05-18T06:33:23.927640400Z'/><EventRecordID>2737</EventRecordID><Correlation/><Execution ProcessID='3008' ThreadID='3552'/><Channel>Microsoft-Windows-Sysmon/Operational</Channel><Computer>DESKTOP-P84STH6</Computer><Security UserID='S-1-5-18'/></System><EventData><Data Name='RuleName'></Data><Data Name='EventType'>SetValue</Data><Data Name='UtcTime'>2020-05-18 06:33:23.868</Data><Data Name='ProcessGuid'>{5d3d98af-2c2f-5ec2-0000-0010d4e25b00}</Data><Data Name='ProcessId'>8320</Data><Data Name='Image'>C:\Windows\system32\msiexec.exe</Data><Data Name='TargetObject'>HKLM\SOFTWARE\WOW6432Node\Microsoft\Windows\CurrentVersion\Uninstall\{EA35D9DB-86A9-4705-9D15-7FE33E261450}\URLUpdateInfo</Data><Data Name='Details'>(Empty)</Data></EventData></Event>