<Event xmlns='http://schemas.microsoft.com/win/2004/08/events/event'><System><Provider Name='Microsoft-Windows-Sysmon' Guid='{5770385f-c22a-43e0-bf4c-06f5698ffbd9}'/><EventID>1</EventID><Version>5</Version><Level>4</Level><Task>1</Task><Opcode>0</Opcode><Keywords>0x8000000000000000</Keywords><TimeCreated SystemTime='2020-05-18T06:51:11.827642200Z'/><EventRecordID>3020</EventRecordID><Correlation/><Execution ProcessID='3008' ThreadID='3552'/><Channel>Microsoft-Windows-Sysmon/Operational</Channel><Computer>DESKTOP-P84STH6</Computer><Security UserID='S-1-5-18'/></System><EventData><Data Name='RuleName'></Data><Data Name='UtcTime'>2020-05-18 06:51:11.819</Data><Data Name='ProcessGuid'>{5d3d98af-305f-5ec2-0000-00108d4f7b00}</Data><Data Name='ProcessId'>6972</Data><Data Name='Image'>C:\Windows\System32\sc.exe</Data><Data Name='FileVersion'>10.0.18362.1 (WinBuild.160101.0800)</Data><Data Name='Description'>Service Control Manager Configuration Tool</Data><Data Name='Product'>Microsoft® Windows® Operating System</Data><Data Name='Company'>Microsoft Corporation</Data><Data Name='OriginalFileName'>sc.exe</Data><Data Name='CommandLine'>C:\Windows\system32\sc.exe start w32time task_started</Data><Data Name='CurrentDirectory'>C:\Windows\system32\</Data><Data Name='User'>NT AUTHORITY\LOCAL SERVICE</Data><Data Name='LogonGuid'>{5d3d98af-26b3-5ec2-0000-0020e5030000}</Data><Data Name='LogonId'>0x3e5</Data><Data Name='TerminalSessionId'>0</Data><Data Name='IntegrityLevel'>System</Data><Data Name='Hashes'>MD5=E46C638010C25479F66BACBE8596CA76,SHA256=39C59C362649090B4D34E5C8221C6E86552C07FE2DF3478D591A68B70917BC0A,IMPHASH=35A7FFDE18D444A92D32C8B2879450FF</Data><Data Name='ParentProcessGuid'>{5d3d98af-26b3-5ec2-0000-0010f1f90000}</Data><Data Name='ParentProcessId'>1484</Data><Data Name='ParentImage'>C:\Windows\System32\svchost.exe</Data><Data Name='ParentCommandLine'>C:\Windows\system32\svchost.exe -k netsvcs -p -s Schedule</Data></EventData></Event><Event xmlns='http://schemas.microsoft.com/win/2004/08/events/event'><System><Provider Name='Microsoft-Windows-Sysmon' Guid='{5770385f-c22a-43e0-bf4c-06f5698ffbd9}'/><EventID>1</EventID><Version>5</Version><Level>4</Level><Task>1</Task><Opcode>0</Opcode><Keywords>0x8000000000000000</Keywords><TimeCreated SystemTime='2020-05-18T06:51:11.814800500Z'/><EventRecordID>3019</EventRecordID><Correlation/><Execution ProcessID='3008' ThreadID='3552'/><Channel>Microsoft-Windows-Sysmon/Operational</Channel><Computer>DESKTOP-P84STH6</Computer><Security UserID='S-1-5-18'/></System><EventData><Data Name='RuleName'></Data><Data Name='UtcTime'>2020-05-18 06:51:11.806</Data><Data Name='ProcessGuid'>{5d3d98af-305f-5ec2-0000-00103b4e7b00}</Data><Data Name='ProcessId'>2368</Data><Data Name='Image'>C:\Windows\System32\taskhostw.exe</Data><Data Name='FileVersion'>10.0.18362.387 (WinBuild.160101.0800)</Data><Data Name='Description'>Host Process for Windows Tasks</Data><Data Name='Product'>Microsoft® Windows® Operating System</Data><Data Name='Company'>Microsoft Corporation</Data><Data Name='OriginalFileName'>taskhostw.exe</Data><Data Name='CommandLine'>taskhostw.exe</Data><Data Name='CurrentDirectory'>C:\Windows\system32\</Data><Data Name='User'>NT AUTHORITY\SYSTEM</Data><Data Name='LogonGuid'>{5d3d98af-26b2-5ec2-0000-0020e7030000}</Data><Data Name='LogonId'>0x3e7</Data><Data Name='TerminalSessionId'>0</Data><Data Name='IntegrityLevel'>System</Data><Data Name='Hashes'>MD5=8AC325C757FA721B272ECEA19EBCF745,SHA256=0BEC3128B241FA533DC5A9D3F62AA41323D205DEFC30DCDE228C5ECC2D1E50A9,IMPHASH=9CB27CAED52CB0AFFB32788922A0D083</Data><Data Name='ParentProcessGuid'>{5d3d98af-26b3-5ec2-0000-0010f1f90000}</Data><Data Name='ParentProcessId'>1484</Data><Data Name='ParentImage'>C:\Windows\System32\svchost.exe</Data><Data Name='ParentCommandLine'>C:\Windows\system32\svchost.exe -k netsvcs -p -s Schedule</Data></EventData></Event><Event xmlns='http://schemas.microsoft.com/win/2004/08/events/event'><System><Provider Name='Microsoft-Windows-Sysmon' Guid='{5770385f-c22a-43e0-bf4c-06f5698ffbd9}'/><EventID>1</EventID><Version>5</Version><Level>4</Level><Task>1</Task><Opcode>0</Opcode><Keywords>0x8000000000000000</Keywords><TimeCreated SystemTime='2020-05-18T06:51:11.791409400Z'/><EventRecordID>3018</EventRecordID><Correlation/><Execution ProcessID='3008' ThreadID='3552'/><Channel>Microsoft-Windows-Sysmon/Operational</Channel><Computer>DESKTOP-P84STH6</Computer><Security UserID='S-1-5-18'/></System><EventData><Data Name='RuleName'></Data><Data Name='UtcTime'>2020-05-18 06:51:11.778</Data><Data Name='ProcessGuid'>{5d3d98af-305f-5ec2-0000-0010d24b7b00}</Data><Data Name='ProcessId'>8884</Data><Data Name='Image'>C:\Windows\System32\rundll32.exe</Data><Data Name='FileVersion'>10.0.18362.1 (WinBuild.160101.0800)</Data><Data Name='Description'>Windows host process (Rundll32)</Data><Data Name='Product'>Microsoft® Windows® Operating System</Data><Data Name='Company'>Microsoft Corporation</Data><Data Name='OriginalFileName'>RUNDLL32.EXE</Data><Data Name='CommandLine'>C:\Windows\system32\rundll32.exe C:\Windows\system32\AppxDeploymentClient.dll,AppxPreStageCleanupRunTask</Data><Data Name='CurrentDirectory'>C:\Windows\system32\</Data><Data Name='User'>NT AUTHORITY\SYSTEM</Data><Data Name='LogonGuid'>{5d3d98af-26b2-5ec2-0000-0020e7030000}</Data><Data Name='LogonId'>0x3e7</Data><Data Name='TerminalSessionId'>0</Data><Data Name='IntegrityLevel'>System</Data><Data Name='Hashes'>MD5=F68AF942FD7CCC0E7BAB1A2335D2AD26,SHA256=11064E9EDC605BD5B0C0A505538A0D5FD7DE53883AF342F091687CAE8628ACD0,IMPHASH=F27A7FC3A53E74F45BE370131953896A</Data><Data Name='ParentProcessGuid'>{5d3d98af-26b3-5ec2-0000-0010f1f90000}</Data><Data Name='ParentProcessId'>1484</Data><Data Name='ParentImage'>C:\Windows\System32\svchost.exe</Data><Data Name='ParentCommandLine'>C:\Windows\system32\svchost.exe -k netsvcs -p -s Schedule</Data></EventData></Event><Event xmlns='http://schemas.microsoft.com/win/2004/08/events/event'><System><Provider Name='Microsoft-Windows-Sysmon' Guid='{5770385f-c22a-43e0-bf4c-06f5698ffbd9}'/><EventID>1</EventID><Version>5</Version><Level>4</Level><Task>1</Task><Opcode>0</Opcode><Keywords>0x8000000000000000</Keywords><TimeCreated SystemTime='2020-05-18T06:51:10.940727600Z'/><EventRecordID>3017</EventRecordID><Correlation/><Execution ProcessID='3008' ThreadID='3552'/><Channel>Microsoft-Windows-Sysmon/Operational</Channel><Computer>DESKTOP-P84STH6</Computer><Security UserID='S-1-5-18'/></System><EventData><Data Name='RuleName'></Data><Data Name='UtcTime'>2020-05-18 06:51:10.933</Data><Data Name='ProcessGuid'>{5d3d98af-305e-5ec2-0000-001007117b00}</Data><Data Name='ProcessId'>8104</Data><Data Name='Image'>C:\Windows\WinSxS\amd64_microsoft-windows-servicingstack_31bf3856ad364e35_10.0.18362.411_none_5f53d2d858cf8961\TiWorker.exe</Data><Data Name='FileVersion'>10.0.18362.1 (WinBuild.160101.0800)</Data><Data Name='Description'>Windows Modules Installer Worker</Data><Data Name='Product'>Microsoft® Windows® Operating System</Data><Data Name='Company'>Microsoft Corporation</Data><Data Name='OriginalFileName'>TiWorker.exe</Data><Data Name='CommandLine'>C:\Windows\winsxs\amd64_microsoft-windows-servicingstack_31bf3856ad364e35_10.0.18362.411_none_5f53d2d858cf8961\TiWorker.exe -Embedding</Data><Data Name='CurrentDirectory'>C:\Windows\system32\</Data><Data Name='User'>NT AUTHORITY\SYSTEM</Data><Data Name='LogonGuid'>{5d3d98af-26b2-5ec2-0000-0020e7030000}</Data><Data Name='LogonId'>0x3e7</Data><Data Name='TerminalSessionId'>0</Data><Data Name='IntegrityLevel'>System</Data><Data Name='Hashes'>MD5=0ECD172646FE879F84FF33DA8FFA9373,SHA256=C26DC49916EE8298F8A8CBF8ACE62A4538775F8D8D5B33322A316BA7555616B6,IMPHASH=5C119443B09CF04CA999CBD8CA2382AC</Data><Data Name='ParentProcessGuid'>{5d3d98af-26b3-5ec2-0000-00102c720000}</Data><Data Name='ParentProcessId'>844</Data><Data Name='ParentImage'>C:\Windows\System32\svchost.exe</Data><Data Name='ParentCommandLine'>C:\Windows\system32\svchost.exe -k DcomLaunch -p</Data></EventData></Event><Event xmlns='http://schemas.microsoft.com/win/2004/08/events/event'><System><Provider Name='Microsoft-Windows-Sysmon' Guid='{5770385f-c22a-43e0-bf4c-06f5698ffbd9}'/><EventID>1</EventID><Version>5</Version><Level>4</Level><Task>1</Task><Opcode>0</Opcode><Keywords>0x8000000000000000</Keywords><TimeCreated SystemTime='2020-05-18T06:51:10.834510400Z'/><EventRecordID>3016</EventRecordID><Correlation/><Execution ProcessID='3008' ThreadID='3552'/><Channel>Microsoft-Windows-Sysmon/Operational</Channel><Computer>DESKTOP-P84STH6</Computer><Security UserID='S-1-5-18'/></System><EventData><Data Name='RuleName'></Data><Data Name='UtcTime'>2020-05-18 06:51:10.826</Data><Data Name='ProcessGuid'>{5d3d98af-305e-5ec2-0000-0010bdfe7a00}</Data><Data Name='ProcessId'>6080</Data><Data Name='Image'>C:\Windows\servicing\TrustedInstaller.exe</Data><Data Name='FileVersion'>10.0.18362.1 (WinBuild.160101.0800)</Data><Data Name='Description'>Windows Modules Installer</Data><Data Name='Product'>Microsoft® Windows® Operating System</Data><Data Name='Company'>Microsoft Corporation</Data><Data Name='OriginalFileName'>TrustedInstaller.exe</Data><Data Name='CommandLine'>C:\Windows\servicing\TrustedInstaller.exe</Data><Data Name='CurrentDirectory'>C:\Windows\system32\</Data><Data Name='User'>NT AUTHORITY\SYSTEM</Data><Data Name='LogonGuid'>{5d3d98af-26b2-5ec2-0000-0020e7030000}</Data><Data Name='LogonId'>0x3e7</Data><Data Name='TerminalSessionId'>0</Data><Data Name='IntegrityLevel'>System</Data><Data Name='Hashes'>MD5=8B5AFFC4987F9AE41DF15940C6EF66CB,SHA256=520273402F22ADA8948F8E1CB0899D0A5B1BC01CFF787747C1227945B336E4C5,IMPHASH=88851E233BD15333933A93A6EDD4788A</Data><Data Name='ParentProcessGuid'>{5d3d98af-26b2-5ec2-0000-0010025c0000}</Data><Data Name='ParentProcessId'>660</Data><Data Name='ParentImage'>C:\Windows\System32\services.exe</Data><Data Name='ParentCommandLine'>C:\Windows\system32\services.exe</Data></EventData></Event><Event xmlns='http://schemas.microsoft.com/win/2004/08/events/event'><System><Provider Name='Microsoft-Windows-Sysmon' Guid='{5770385f-c22a-43e0-bf4c-06f5698ffbd9}'/><EventID>1</EventID><Version>5</Version><Level>4</Level><Task>1</Task><Opcode>0</Opcode><Keywords>0x8000000000000000</Keywords><TimeCreated SystemTime='2020-05-18T06:51:10.819608700Z'/><EventRecordID>3015</EventRecordID><Correlation/><Execution ProcessID='3008' ThreadID='3552'/><Channel>Microsoft-Windows-Sysmon/Operational</Channel><Computer>DESKTOP-P84STH6</Computer><Security UserID='S-1-5-18'/></System><EventData><Data Name='RuleName'></Data><Data Name='UtcTime'>2020-05-18 06:51:10.807</Data><Data Name='ProcessGuid'>{5d3d98af-305e-5ec2-0000-001057fa7a00}</Data><Data Name='ProcessId'>1996</Data><Data Name='Image'>C:\Windows\System32\Speech_OneCore\common\SpeechModelDownload.exe</Data><Data Name='FileVersion'>10.0.18362.387 (WinBuild.160101.0800)</Data><Data Name='Description'>Speech Model Download Executable</Data><Data Name='Product'>Microsoft® Windows® Operating System</Data><Data Name='Company'>Microsoft Corporation</Data><Data Name='OriginalFileName'>SpeechModelDownload.exe</Data><Data Name='CommandLine'>C:\Windows\system32\speech_onecore\common\SpeechModelDownload.exe</Data><Data Name='CurrentDirectory'>C:\Windows\system32\</Data><Data Name='User'>NT AUTHORITY\NETWORK SERVICE</Data><Data Name='LogonGuid'>{5d3d98af-26b3-5ec2-0000-0020e4030000}</Data><Data Name='LogonId'>0x3e4</Data><Data Name='TerminalSessionId'>0</Data><Data Name='IntegrityLevel'>System</Data><Data Name='Hashes'>MD5=D2C1C14E9ECC56147DFF8E45622DCB2D,SHA256=E0CDAB81736B81E38E64CB65F9550FBA4B68D2C09B0E64A7A279B13E1E4C033C,IMPHASH=FF88551A00A6BDE9BBBEB2E26E454D9D</Data><Data Name='ParentProcessGuid'>{5d3d98af-26b3-5ec2-0000-0010f1f90000}</Data><Data Name='ParentProcessId'>1484</Data><Data Name='ParentImage'>C:\Windows\System32\svchost.exe</Data><Data Name='ParentCommandLine'>C:\Windows\system32\svchost.exe -k netsvcs -p -s Schedule</Data></EventData></Event><Event xmlns='http://schemas.microsoft.com/win/2004/08/events/event'><System><Provider Name='Microsoft-Windows-Sysmon' Guid='{5770385f-c22a-43e0-bf4c-06f5698ffbd9}'/><EventID>1</EventID><Version>5</Version><Level>4</Level><Task>1</Task><Opcode>0</Opcode><Keywords>0x8000000000000000</Keywords><TimeCreated SystemTime='2020-05-18T06:51:10.773846900Z'/><EventRecordID>3014</EventRecordID><Correlation/><Execution ProcessID='3008' ThreadID='3552'/><Channel>Microsoft-Windows-Sysmon/Operational</Channel><Computer>DESKTOP-P84STH6</Computer><Security UserID='S-1-5-18'/></System><EventData><Data Name='RuleName'></Data><Data Name='UtcTime'>2020-05-18 06:51:10.768</Data><Data Name='ProcessGuid'>{5d3d98af-305e-5ec2-0000-001088f27a00}</Data><Data Name='ProcessId'>3620</Data><Data Name='Image'>C:\Windows\System32\taskhostw.exe</Data><Data Name='FileVersion'>10.0.18362.387 (WinBuild.160101.0800)</Data><Data Name='Description'>Host Process for Windows Tasks</Data><Data Name='Product'>Microsoft® Windows® Operating System</Data><Data Name='Company'>Microsoft Corporation</Data><Data Name='OriginalFileName'>taskhostw.exe</Data><Data Name='CommandLine'>taskhostw.exe -IntegrityCheck</Data><Data Name='CurrentDirectory'>C:\Windows\system32\</Data><Data Name='User'>NT AUTHORITY\SYSTEM</Data><Data Name='LogonGuid'>{5d3d98af-26b2-5ec2-0000-0020e7030000}</Data><Data Name='LogonId'>0x3e7</Data><Data Name='TerminalSessionId'>0</Data><Data Name='IntegrityLevel'>System</Data><Data Name='Hashes'>MD5=8AC325C757FA721B272ECEA19EBCF745,SHA256=0BEC3128B241FA533DC5A9D3F62AA41323D205DEFC30DCDE228C5ECC2D1E50A9,IMPHASH=9CB27CAED52CB0AFFB32788922A0D083</Data><Data Name='ParentProcessGuid'>{5d3d98af-26b3-5ec2-0000-0010f1f90000}</Data><Data Name='ParentProcessId'>1484</Data><Data Name='ParentImage'>C:\Windows\System32\svchost.exe</Data><Data Name='ParentCommandLine'>C:\Windows\system32\svchost.exe -k netsvcs -p -s Schedule</Data></EventData></Event><Event xmlns='http://schemas.microsoft.com/win/2004/08/events/event'><System><Provider Name='Microsoft-Windows-Sysmon' Guid='{5770385f-c22a-43e0-bf4c-06f5698ffbd9}'/><EventID>1</EventID><Version>5</Version><Level>4</Level><Task>1</Task><Opcode>0</Opcode><Keywords>0x8000000000000000</Keywords><TimeCreated SystemTime='2020-05-18T06:51:10.762294000Z'/><EventRecordID>3013</EventRecordID><Correlation/><Execution ProcessID='3008' ThreadID='3552'/><Channel>Microsoft-Windows-Sysmon/Operational</Channel><Computer>DESKTOP-P84STH6</Computer><Security UserID='S-1-5-18'/></System><EventData><Data Name='RuleName'></Data><Data Name='UtcTime'>2020-05-18 06:51:10.745</Data><Data Name='ProcessGuid'>{5d3d98af-305e-5ec2-0000-001095ee7a00}</Data><Data Name='ProcessId'>2508</Data><Data Name='Image'>C:\Windows\System32\taskhostw.exe</Data><Data Name='FileVersion'>10.0.18362.387 (WinBuild.160101.0800)</Data><Data Name='Description'>Host Process for Windows Tasks</Data><Data Name='Product'>Microsoft® Windows® Operating System</Data><Data Name='Company'>Microsoft Corporation</Data><Data Name='OriginalFileName'>taskhostw.exe</Data><Data Name='CommandLine'>taskhostw.exe Install $(Arg0)</Data><Data Name='CurrentDirectory'>C:\Windows\system32\</Data><Data Name='User'>DESKTOP-P84STH6\NS</Data><Data Name='LogonGuid'>{5d3d98af-26d0-5ec2-0000-0020be0f0400}</Data><Data Name='LogonId'>0x40fbe</Data><Data Name='TerminalSessionId'>1</Data><Data Name='IntegrityLevel'>Medium</Data><Data Name='Hashes'>MD5=8AC325C757FA721B272ECEA19EBCF745,SHA256=0BEC3128B241FA533DC5A9D3F62AA41323D205DEFC30DCDE228C5ECC2D1E50A9,IMPHASH=9CB27CAED52CB0AFFB32788922A0D083</Data><Data Name='ParentProcessGuid'>{5d3d98af-26b3-5ec2-0000-0010f1f90000}</Data><Data Name='ParentProcessId'>1484</Data><Data Name='ParentImage'>C:\Windows\System32\svchost.exe</Data><Data Name='ParentCommandLine'>C:\Windows\system32\svchost.exe -k netsvcs -p -s Schedule</Data></EventData></Event><Event xmlns='http://schemas.microsoft.com/win/2004/08/events/event'><System><Provider Name='Microsoft-Windows-Sysmon' Guid='{5770385f-c22a-43e0-bf4c-06f5698ffbd9}'/><EventID>1</EventID><Version>5</Version><Level>4</Level><Task>1</Task><Opcode>0</Opcode><Keywords>0x8000000000000000</Keywords><TimeCreated SystemTime='2020-05-18T06:51:10.757616600Z'/><EventRecordID>3012</EventRecordID><Correlation/><Execution ProcessID='3008' ThreadID='3552'/><Channel>Microsoft-Windows-Sysmon/Operational</Channel><Computer>DESKTOP-P84STH6</Computer><Security UserID='S-1-5-18'/></System><EventData><Data Name='RuleName'></Data><Data Name='UtcTime'>2020-05-18 06:51:10.737</Data><Data Name='ProcessGuid'>{5d3d98af-305e-5ec2-0000-001015ed7a00}</Data><Data Name='ProcessId'>8552</Data><Data Name='Image'>C:\Windows\System32\provtool.exe</Data><Data Name='FileVersion'>10.0.18362.329 (WinBuild.160101.0800)</Data><Data Name='Description'>Provisioning package runtime processing tool</Data><Data Name='Product'>Microsoft® Windows® Operating System</Data><Data Name='Company'>Microsoft Corporation</Data><Data Name='OriginalFileName'>provtool</Data><Data Name='CommandLine'>C:\Windows\system32\ProvTool.exe /turn 5 /source LogonIdleTask</Data><Data Name='CurrentDirectory'>C:\Windows\system32\</Data><Data Name='User'>NT AUTHORITY\SYSTEM</Data><Data Name='LogonGuid'>{5d3d98af-26b2-5ec2-0000-0020e7030000}</Data><Data Name='LogonId'>0x3e7</Data><Data Name='TerminalSessionId'>0</Data><Data Name='IntegrityLevel'>System</Data><Data Name='Hashes'>MD5=059922B58B75F4B9F286BAC87258B0EF,SHA256=33BAE078921EB8AD794EB2A4EDF08C33D4FBF2E4BC2FA84F07066FC23BBCDA4C,IMPHASH=F7E4CB1D938025DAF4D359E1A9BC607E</Data><Data Name='ParentProcessGuid'>{5d3d98af-26b3-5ec2-0000-0010f1f90000}</Data><Data Name='ParentProcessId'>1484</Data><Data Name='ParentImage'>C:\Windows\System32\svchost.exe</Data><Data Name='ParentCommandLine'>C:\Windows\system32\svchost.exe -k netsvcs -p -s Schedule</Data></EventData></Event><Event xmlns='http://schemas.microsoft.com/win/2004/08/events/event'><System><Provider Name='Microsoft-Windows-Sysmon' Guid='{5770385f-c22a-43e0-bf4c-06f5698ffbd9}'/><EventID>22</EventID><Version>5</Version><Level>4</Level><Task>22</Task><Opcode>0</Opcode><Keywords>0x8000000000000000</Keywords><TimeCreated SystemTime='2020-05-18T06:46:22.174544500Z'/><EventRecordID>3011</EventRecordID><Correlation/><Execution ProcessID='3008' ThreadID='3548'/><Channel>Microsoft-Windows-Sysmon/Operational</Channel><Computer>DESKTOP-P84STH6</Computer><Security UserID='S-1-5-18'/></System><EventData><Data Name='RuleName'></Data><Data Name='UtcTime'>2020-05-18 06:46:18.726</Data><Data Name='ProcessGuid'>{5d3d98af-2de2-5ec2-0000-001016bb7200}</Data><Data Name='ProcessId'>5172</Data><Data Name='QueryName'>d3js.org</Data><Data Name='QueryStatus'>0</Data><Data Name='QueryResults'>104.26.7.30;104.26.6.30;173.245.59.175;2606:4700:58::adf5:3baf;173.245.58.87;2606:4700:50::adf5:3a57;</Data><Data Name='Image'>C:\Program Files (x86)\Google\Chrome\Application\chrome.exe</Data></EventData></Event><Event xmlns='http://schemas.microsoft.com/win/2004/08/events/event'><System><Provider Name='Microsoft-Windows-Sysmon' Guid='{5770385f-c22a-43e0-bf4c-06f5698ffbd9}'/><EventID>3</EventID><Version>5</Version><Level>4</Level><Task>3</Task><Opcode>0</Opcode><Keywords>0x8000000000000000</Keywords><TimeCreated SystemTime='2020-05-18T06:46:21.275202300Z'/><EventRecordID>3010</EventRecordID><Correlation/><Execution ProcessID='3008' ThreadID='3544'/><Channel>Microsoft-Windows-Sysmon/Operational</Channel><Computer>DESKTOP-P84STH6</Computer><Security UserID='S-1-5-18'/></System><EventData><Data Name='RuleName'>Usermode</Data><Data Name='UtcTime'>2020-05-18 06:46:18.608</Data><Data Name='ProcessGuid'>{5d3d98af-2f1d-5ec2-0000-0010c2e57700}</Data><Data Name='ProcessId'>3128</Data><Data Name='Image'>C:\Users\NS\AppData\Local\Programs\Python\Python38-32\python.exe</Data><Data Name='User'>DESKTOP-P84STH6\NS</Data><Data Name='Protocol'>tcp</Data><Data Name='Initiated'>false</Data><Data Name='SourceIsIpv6'>true</Data><Data Name='SourceIp'>0:0:0:0:0:0:0:1</Data><Data Name='SourceHostname'>DESKTOP-P84STH6</Data><Data Name='SourcePort'>50516</Data><Data Name='SourcePortName'></Data><Data Name='DestinationIsIpv6'>true</Data><Data Name='DestinationIp'>0:0:0:0:0:0:0:1</Data><Data Name='DestinationHostname'>DESKTOP-P84STH6</Data><Data Name='DestinationPort'>8080</Data><Data Name='DestinationPortName'></Data></EventData></Event><Event xmlns='http://schemas.microsoft.com/win/2004/08/events/event'><System><Provider Name='Microsoft-Windows-Sysmon' Guid='{5770385f-c22a-43e0-bf4c-06f5698ffbd9}'/><EventID>3</EventID><Version>5</Version><Level>4</Level><Task>3</Task><Opcode>0</Opcode><Keywords>0x8000000000000000</Keywords><TimeCreated SystemTime='2020-05-18T06:46:21.275154600Z'/><EventRecordID>3009</EventRecordID><Correlation/><Execution ProcessID='3008' ThreadID='3544'/><Channel>Microsoft-Windows-Sysmon/Operational</Channel><Computer>DESKTOP-P84STH6</Computer><Security UserID='S-1-5-18'/></System><EventData><Data Name='RuleName'>Proxy</Data><Data Name='UtcTime'>2020-05-18 06:46:18.607</Data><Data Name='ProcessGuid'>{5d3d98af-2de2-5ec2-0000-001016bb7200}</Data><Data Name='ProcessId'>5172</Data><Data Name='Image'>C:\Program Files (x86)\Google\Chrome\Application\chrome.exe</Data><Data Name='User'>DESKTOP-P84STH6\NS</Data><Data Name='Protocol'>tcp</Data><Data Name='Initiated'>true</Data><Data Name='SourceIsIpv6'>true</Data><Data Name='SourceIp'>0:0:0:0:0:0:0:1</Data><Data Name='SourceHostname'>DESKTOP-P84STH6</Data><Data Name='SourcePort'>50516</Data><Data Name='SourcePortName'></Data><Data Name='DestinationIsIpv6'>true</Data><Data Name='DestinationIp'>0:0:0:0:0:0:0:1</Data><Data Name='DestinationHostname'>DESKTOP-P84STH6</Data><Data Name='DestinationPort'>8080</Data><Data Name='DestinationPortName'></Data></EventData></Event><Event xmlns='http://schemas.microsoft.com/win/2004/08/events/event'><System><Provider Name='Microsoft-Windows-Sysmon' Guid='{5770385f-c22a-43e0-bf4c-06f5698ffbd9}'/><EventID>3</EventID><Version>5</Version><Level>4</Level><Task>3</Task><Opcode>0</Opcode><Keywords>0x8000000000000000</Keywords><TimeCreated SystemTime='2020-05-18T06:46:21.275038000Z'/><EventRecordID>3008</EventRecordID><Correlation/><Execution ProcessID='3008' ThreadID='3544'/><Channel>Microsoft-Windows-Sysmon/Operational</Channel><Computer>DESKTOP-P84STH6</Computer><Security UserID='S-1-5-18'/></System><EventData><Data Name='RuleName'>Usermode</Data><Data Name='UtcTime'>2020-05-18 06:46:18.607</Data><Data Name='ProcessGuid'>{5d3d98af-2f1d-5ec2-0000-0010c2e57700}</Data><Data Name='ProcessId'>3128</Data><Data Name='Image'>C:\Users\NS\AppData\Local\Programs\Python\Python38-32\python.exe</Data><Data Name='User'>DESKTOP-P84STH6\NS</Data><Data Name='Protocol'>tcp</Data><Data Name='Initiated'>false</Data><Data Name='SourceIsIpv6'>true</Data><Data Name='SourceIp'>0:0:0:0:0:0:0:1</Data><Data Name='SourceHostname'>DESKTOP-P84STH6</Data><Data Name='SourcePort'>50515</Data><Data Name='SourcePortName'></Data><Data Name='DestinationIsIpv6'>true</Data><Data Name='DestinationIp'>0:0:0:0:0:0:0:1</Data><Data Name='DestinationHostname'>DESKTOP-P84STH6</Data><Data Name='DestinationPort'>8080</Data><Data Name='DestinationPortName'></Data></EventData></Event><Event xmlns='http://schemas.microsoft.com/win/2004/08/events/event'><System><Provider Name='Microsoft-Windows-Sysmon' Guid='{5770385f-c22a-43e0-bf4c-06f5698ffbd9}'/><EventID>3</EventID><Version>5</Version><Level>4</Level><Task>3</Task><Opcode>0</Opcode><Keywords>0x8000000000000000</Keywords><TimeCreated SystemTime='2020-05-18T06:46:21.274969700Z'/><EventRecordID>3007</EventRecordID><Correlation/><Execution ProcessID='3008' ThreadID='3544'/><Channel>Microsoft-Windows-Sysmon/Operational</Channel><Computer>DESKTOP-P84STH6</Computer><Security UserID='S-1-5-18'/></System><EventData><Data Name='RuleName'>Proxy</Data><Data Name='UtcTime'>2020-05-18 06:46:18.607</Data><Data Name='ProcessGuid'>{5d3d98af-2de2-5ec2-0000-001016bb7200}</Data><Data Name='ProcessId'>5172</Data><Data Name='Image'>C:\Program Files (x86)\Google\Chrome\Application\chrome.exe</Data><Data Name='User'>DESKTOP-P84STH6\NS</Data><Data Name='Protocol'>tcp</Data><Data Name='Initiated'>true</Data><Data Name='SourceIsIpv6'>true</Data><Data Name='SourceIp'>0:0:0:0:0:0:0:1</Data><Data Name='SourceHostname'>DESKTOP-P84STH6</Data><Data Name='SourcePort'>50515</Data><Data Name='SourcePortName'></Data><Data Name='DestinationIsIpv6'>true</Data><Data Name='DestinationIp'>0:0:0:0:0:0:0:1</Data><Data Name='DestinationHostname'>DESKTOP-P84STH6</Data><Data Name='DestinationPort'>8080</Data><Data Name='DestinationPortName'></Data></EventData></Event><Event xmlns='http://schemas.microsoft.com/win/2004/08/events/event'><System><Provider Name='Microsoft-Windows-Sysmon' Guid='{5770385f-c22a-43e0-bf4c-06f5698ffbd9}'/><EventID>3</EventID><Version>5</Version><Level>4</Level><Task>3</Task><Opcode>0</Opcode><Keywords>0x8000000000000000</Keywords><TimeCreated SystemTime='2020-05-18T06:46:05.929001600Z'/><EventRecordID>3006</EventRecordID><Correlation/><Execution ProcessID='3008' ThreadID='3544'/><Channel>Microsoft-Windows-Sysmon/Operational</Channel><Computer>DESKTOP-P84STH6</Computer><Security UserID='S-1-5-18'/></System><EventData><Data Name='RuleName'>Usermode</Data><Data Name='UtcTime'>2020-05-18 06:46:03.358</Data><Data Name='ProcessGuid'>{5d3d98af-2f1d-5ec2-0000-0010c2e57700}</Data><Data Name='ProcessId'>3128</Data><Data Name='Image'>C:\Users\NS\AppData\Local\Programs\Python\Python38-32\python.exe</Data><Data Name='User'>DESKTOP-P84STH6\NS</Data><Data Name='Protocol'>tcp</Data><Data Name='Initiated'>false</Data><Data Name='SourceIsIpv6'>true</Data><Data Name='SourceIp'>0:0:0:0:0:0:0:1</Data><Data Name='SourceHostname'>DESKTOP-P84STH6</Data><Data Name='SourcePort'>50511</Data><Data Name='SourcePortName'></Data><Data Name='DestinationIsIpv6'>true</Data><Data Name='DestinationIp'>0:0:0:0:0:0:0:1</Data><Data Name='DestinationHostname'>DESKTOP-P84STH6</Data><Data Name='DestinationPort'>8080</Data><Data Name='DestinationPortName'></Data></EventData></Event><Event xmlns='http://schemas.microsoft.com/win/2004/08/events/event'><System><Provider Name='Microsoft-Windows-Sysmon' Guid='{5770385f-c22a-43e0-bf4c-06f5698ffbd9}'/><EventID>3</EventID><Version>5</Version><Level>4</Level><Task>3</Task><Opcode>0</Opcode><Keywords>0x8000000000000000</Keywords><TimeCreated SystemTime='2020-05-18T06:46:05.928954600Z'/><EventRecordID>3005</EventRecordID><Correlation/><Execution ProcessID='3008' ThreadID='3544'/><Channel>Microsoft-Windows-Sysmon/Operational</Channel><Computer>DESKTOP-P84STH6</Computer><Security UserID='S-1-5-18'/></System><EventData><Data Name='RuleName'>Proxy</Data><Data Name='UtcTime'>2020-05-18 06:46:03.358</Data><Data Name='ProcessGuid'>{5d3d98af-2de2-5ec2-0000-001016bb7200}</Data><Data Name='ProcessId'>5172</Data><Data Name='Image'>C:\Program Files (x86)\Google\Chrome\Application\chrome.exe</Data><Data Name='User'>DESKTOP-P84STH6\NS</Data><Data Name='Protocol'>tcp</Data><Data Name='Initiated'>true</Data><Data Name='SourceIsIpv6'>true</Data><Data Name='SourceIp'>0:0:0:0:0:0:0:1</Data><Data Name='SourceHostname'>DESKTOP-P84STH6</Data><Data Name='SourcePort'>50511</Data><Data Name='SourcePortName'></Data><Data Name='DestinationIsIpv6'>true</Data><Data Name='DestinationIp'>0:0:0:0:0:0:0:1</Data><Data Name='DestinationHostname'>DESKTOP-P84STH6</Data><Data Name='DestinationPort'>8080</Data><Data Name='DestinationPortName'></Data></EventData></Event><Event xmlns='http://schemas.microsoft.com/win/2004/08/events/event'><System><Provider Name='Microsoft-Windows-Sysmon' Guid='{5770385f-c22a-43e0-bf4c-06f5698ffbd9}'/><EventID>3</EventID><Version>5</Version><Level>4</Level><Task>3</Task><Opcode>0</Opcode><Keywords>0x8000000000000000</Keywords><TimeCreated SystemTime='2020-05-18T06:46:05.928837200Z'/><EventRecordID>3004</EventRecordID><Correlation/><Execution ProcessID='3008' ThreadID='3544'/><Channel>Microsoft-Windows-Sysmon/Operational</Channel><Computer>DESKTOP-P84STH6</Computer><Security UserID='S-1-5-18'/></System><EventData><Data Name='RuleName'>Usermode</Data><Data Name='UtcTime'>2020-05-18 06:46:03.110</Data><Data Name='ProcessGuid'>{5d3d98af-2f1d-5ec2-0000-0010c2e57700}</Data><Data Name='ProcessId'>3128</Data><Data Name='Image'>C:\Users\NS\AppData\Local\Programs\Python\Python38-32\python.exe</Data><Data Name='User'>DESKTOP-P84STH6\NS</Data><Data Name='Protocol'>tcp</Data><Data Name='Initiated'>false</Data><Data Name='SourceIsIpv6'>true</Data><Data Name='SourceIp'>0:0:0:0:0:0:0:1</Data><Data Name='SourceHostname'>DESKTOP-P84STH6</Data><Data Name='SourcePort'>50510</Data><Data Name='SourcePortName'></Data><Data Name='DestinationIsIpv6'>true</Data><Data Name='DestinationIp'>0:0:0:0:0:0:0:1</Data><Data Name='DestinationHostname'>DESKTOP-P84STH6</Data><Data Name='DestinationPort'>8080</Data><Data Name='DestinationPortName'></Data></EventData></Event><Event xmlns='http://schemas.microsoft.com/win/2004/08/events/event'><System><Provider Name='Microsoft-Windows-Sysmon' Guid='{5770385f-c22a-43e0-bf4c-06f5698ffbd9}'/><EventID>3</EventID><Version>5</Version><Level>4</Level><Task>3</Task><Opcode>0</Opcode><Keywords>0x8000000000000000</Keywords><TimeCreated SystemTime='2020-05-18T06:46:05.928757300Z'/><EventRecordID>3003</EventRecordID><Correlation/><Execution ProcessID='3008' ThreadID='3544'/><Channel>Microsoft-Windows-Sysmon/Operational</Channel><Computer>DESKTOP-P84STH6</Computer><Security UserID='S-1-5-18'/></System><EventData><Data Name='RuleName'>Proxy</Data><Data Name='UtcTime'>2020-05-18 06:46:03.110</Data><Data Name='ProcessGuid'>{5d3d98af-2de2-5ec2-0000-001016bb7200}</Data><Data Name='ProcessId'>5172</Data><Data Name='Image'>C:\Program Files (x86)\Google\Chrome\Application\chrome.exe</Data><Data Name='User'>DESKTOP-P84STH6\NS</Data><Data Name='Protocol'>tcp</Data><Data Name='Initiated'>true</Data><Data Name='SourceIsIpv6'>true</Data><Data Name='SourceIp'>0:0:0:0:0:0:0:1</Data><Data Name='SourceHostname'>DESKTOP-P84STH6</Data><Data Name='SourcePort'>50510</Data><Data Name='SourcePortName'></Data><Data Name='DestinationIsIpv6'>true</Data><Data Name='DestinationIp'>0:0:0:0:0:0:0:1</Data><Data Name='DestinationHostname'>DESKTOP-P84STH6</Data><Data Name='DestinationPort'>8080</Data><Data Name='DestinationPortName'></Data></EventData></Event><Event xmlns='http://schemas.microsoft.com/win/2004/08/events/event'><System><Provider Name='Microsoft-Windows-Sysmon' Guid='{5770385f-c22a-43e0-bf4c-06f5698ffbd9}'/><EventID>3</EventID><Version>5</Version><Level>4</Level><Task>3</Task><Opcode>0</Opcode><Keywords>0x8000000000000000</Keywords><TimeCreated SystemTime='2020-05-18T06:46:05.678007700Z'/><EventRecordID>3002</EventRecordID><Correlation/><Execution ProcessID='3008' ThreadID='3544'/><Channel>Microsoft-Windows-Sysmon/Operational</Channel><Computer>DESKTOP-P84STH6</Computer><Security UserID='S-1-5-18'/></System><EventData><Data Name='RuleName'>Usermode</Data><Data Name='UtcTime'>2020-05-18 06:46:03.109</Data><Data Name='ProcessGuid'>{5d3d98af-2f1d-5ec2-0000-0010c2e57700}</Data><Data Name='ProcessId'>3128</Data><Data Name='Image'>C:\Users\NS\AppData\Local\Programs\Python\Python38-32\python.exe</Data><Data Name='User'>DESKTOP-P84STH6\NS</Data><Data Name='Protocol'>tcp</Data><Data Name='Initiated'>false</Data><Data Name='SourceIsIpv6'>true</Data><Data Name='SourceIp'>0:0:0:0:0:0:0:1</Data><Data Name='SourceHostname'>DESKTOP-P84STH6</Data><Data Name='SourcePort'>50509</Data><Data Name='SourcePortName'></Data><Data Name='DestinationIsIpv6'>true</Data><Data Name='DestinationIp'>0:0:0:0:0:0:0:1</Data><Data Name='DestinationHostname'>DESKTOP-P84STH6</Data><Data Name='DestinationPort'>8080</Data><Data Name='DestinationPortName'></Data></EventData></Event><Event xmlns='http://schemas.microsoft.com/win/2004/08/events/event'><System><Provider Name='Microsoft-Windows-Sysmon' Guid='{5770385f-c22a-43e0-bf4c-06f5698ffbd9}'/><EventID>3</EventID><Version>5</Version><Level>4</Level><Task>3</Task><Opcode>0</Opcode><Keywords>0x8000000000000000</Keywords><TimeCreated SystemTime='2020-05-18T06:46:05.677302100Z'/><EventRecordID>3001</EventRecordID><Correlation/><Execution ProcessID='3008' ThreadID='3544'/><Channel>Microsoft-Windows-Sysmon/Operational</Channel><Computer>DESKTOP-P84STH6</Computer><Security UserID='S-1-5-18'/></System><EventData><Data Name='RuleName'>Proxy</Data><Data Name='UtcTime'>2020-05-18 06:46:03.109</Data><Data Name='ProcessGuid'>{5d3d98af-2de2-5ec2-0000-001016bb7200}</Data><Data Name='ProcessId'>5172</Data><Data Name='Image'>C:\Program Files (x86)\Google\Chrome\Application\chrome.exe</Data><Data Name='User'>DESKTOP-P84STH6\NS</Data><Data Name='Protocol'>tcp</Data><Data Name='Initiated'>true</Data><Data Name='SourceIsIpv6'>true</Data><Data Name='SourceIp'>0:0:0:0:0:0:0:1</Data><Data Name='SourceHostname'>DESKTOP-P84STH6</Data><Data Name='SourcePort'>50509</Data><Data Name='SourcePortName'></Data><Data Name='DestinationIsIpv6'>true</Data><Data Name='DestinationIp'>0:0:0:0:0:0:0:1</Data><Data Name='DestinationHostname'>DESKTOP-P84STH6</Data><Data Name='DestinationPort'>8080</Data><Data Name='DestinationPortName'></Data></EventData></Event><Event xmlns='http://schemas.microsoft.com/win/2004/08/events/event'><System><Provider Name='Microsoft-Windows-Sysmon' Guid='{5770385f-c22a-43e0-bf4c-06f5698ffbd9}'/><EventID>1</EventID><Version>5</Version><Level>4</Level><Task>1</Task><Opcode>0</Opcode><Keywords>0x8000000000000000</Keywords><TimeCreated SystemTime='2020-05-18T06:45:49.704074700Z'/><EventRecordID>3000</EventRecordID><Correlation/><Execution ProcessID='3008' ThreadID='3552'/><Channel>Microsoft-Windows-Sysmon/Operational</Channel><Computer>DESKTOP-P84STH6</Computer><Security UserID='S-1-5-18'/></System><EventData><Data Name='RuleName'></Data><Data Name='UtcTime'>2020-05-18 06:45:49.694</Data><Data Name='ProcessGuid'>{5d3d98af-2f1d-5ec2-0000-0010c2e57700}</Data><Data Name='ProcessId'>3128</Data><Data Name='Image'>C:\Users\NS\AppData\Local\Programs\Python\Python38-32\python.exe</Data><Data Name='FileVersion'>3.8.3</Data><Data Name='Description'>Python</Data><Data Name='Product'>Python</Data><Data Name='Company'>Python Software Foundation</Data><Data Name='OriginalFileName'>python.exe</Data><Data Name='CommandLine'>python  -m http.server 8080</Data><Data Name='CurrentDirectory'>C:\Users\NS\Downloads\</Data><Data Name='User'>DESKTOP-P84STH6\NS</Data><Data Name='LogonGuid'>{5d3d98af-26d0-5ec2-0000-0020be0f0400}</Data><Data Name='LogonId'>0x40fbe</Data><Data Name='TerminalSessionId'>1</Data><Data Name='IntegrityLevel'>Medium</Data><Data Name='Hashes'>MD5=860321C39382CCEFD9E03FEBA1D1D8FC,SHA256=1BDCC081537052182E2AC90395821C3475D09AB5B000AB21D3387E4E1C42BE89,IMPHASH=006745AB9DFC9E0C88019AC2C642F7ED</Data><Data Name='ParentProcessGuid'>{5d3d98af-2d78-5ec2-0000-00101bc56f00}</Data><Data Name='ParentProcessId'>4852</Data><Data Name='ParentImage'>C:\Windows\System32\cmd.exe</Data><Data Name='ParentCommandLine'>"C:\Windows\system32\cmd.exe" </Data></EventData></Event><Event xmlns='http://schemas.microsoft.com/win/2004/08/events/event'><System><Provider Name='Microsoft-Windows-Sysmon' Guid='{5770385f-c22a-43e0-bf4c-06f5698ffbd9}'/><EventID>5</EventID><Version>3</Version><Level>4</Level><Task>5</Task><Opcode>0</Opcode><Keywords>0x8000000000000000</Keywords><TimeCreated SystemTime='2020-05-18T06:45:48.938331000Z'/><EventRecordID>2999</EventRecordID><Correlation/><Execution ProcessID='3008' ThreadID='3552'/><Channel>Microsoft-Windows-Sysmon/Operational</Channel><Computer>DESKTOP-P84STH6</Computer><Security UserID='S-1-5-18'/></System><EventData><Data Name='RuleName'></Data><Data Name='UtcTime'>2020-05-18 06:45:48.924</Data><Data Name='ProcessGuid'>{5d3d98af-2d97-5ec2-0000-00105d2e7000}</Data><Data Name='ProcessId'>132</Data><Data Name='Image'>C:\Users\NS\AppData\Local\Programs\Python\Python38-32\python.exe</Data></EventData></Event><Event xmlns='http://schemas.microsoft.com/win/2004/08/events/event'><System><Provider Name='Microsoft-Windows-Sysmon' Guid='{5770385f-c22a-43e0-bf4c-06f5698ffbd9}'/><EventID>3</EventID><Version>5</Version><Level>4</Level><Task>3</Task><Opcode>0</Opcode><Keywords>0x8000000000000000</Keywords><TimeCreated SystemTime='2020-05-18T06:45:17.850652000Z'/><EventRecordID>2998</EventRecordID><Correlation/><Execution ProcessID='3008' ThreadID='3544'/><Channel>Microsoft-Windows-Sysmon/Operational</Channel><Computer>DESKTOP-P84STH6</Computer><Security UserID='S-1-5-18'/></System><EventData><Data Name='RuleName'>Usermode</Data><Data Name='UtcTime'>2020-05-18 06:45:14.072</Data><Data Name='ProcessGuid'>{5d3d98af-2d97-5ec2-0000-00105d2e7000}</Data><Data Name='ProcessId'>132</Data><Data Name='Image'>C:\Users\NS\AppData\Local\Programs\Python\Python38-32\python.exe</Data><Data Name='User'>DESKTOP-P84STH6\NS</Data><Data Name='Protocol'>tcp</Data><Data Name='Initiated'>false</Data><Data Name='SourceIsIpv6'>true</Data><Data Name='SourceIp'>0:0:0:0:0:0:0:1</Data><Data Name='SourceHostname'>DESKTOP-P84STH6</Data><Data Name='SourcePort'>50494</Data><Data Name='SourcePortName'></Data><Data Name='DestinationIsIpv6'>true</Data><Data Name='DestinationIp'>0:0:0:0:0:0:0:1</Data><Data Name='DestinationHostname'>DESKTOP-P84STH6</Data><Data Name='DestinationPort'>8080</Data><Data Name='DestinationPortName'></Data></EventData></Event><Event xmlns='http://schemas.microsoft.com/win/2004/08/events/event'><System><Provider Name='Microsoft-Windows-Sysmon' Guid='{5770385f-c22a-43e0-bf4c-06f5698ffbd9}'/><EventID>3</EventID><Version>5</Version><Level>4</Level><Task>3</Task><Opcode>0</Opcode><Keywords>0x8000000000000000</Keywords><TimeCreated SystemTime='2020-05-18T06:45:17.850602600Z'/><EventRecordID>2997</EventRecordID><Correlation/><Execution ProcessID='3008' ThreadID='3544'/><Channel>Microsoft-Windows-Sysmon/Operational</Channel><Computer>DESKTOP-P84STH6</Computer><Security UserID='S-1-5-18'/></System><EventData><Data Name='RuleName'>Proxy</Data><Data Name='UtcTime'>2020-05-18 06:45:14.072</Data><Data Name='ProcessGuid'>{5d3d98af-2de2-5ec2-0000-001016bb7200}</Data><Data Name='ProcessId'>5172</Data><Data Name='Image'>C:\Program Files (x86)\Google\Chrome\Application\chrome.exe</Data><Data Name='User'>DESKTOP-P84STH6\NS</Data><Data Name='Protocol'>tcp</Data><Data Name='Initiated'>true</Data><Data Name='SourceIsIpv6'>true</Data><Data Name='SourceIp'>0:0:0:0:0:0:0:1</Data><Data Name='SourceHostname'>DESKTOP-P84STH6</Data><Data Name='SourcePort'>50494</Data><Data Name='SourcePortName'></Data><Data Name='DestinationIsIpv6'>true</Data><Data Name='DestinationIp'>0:0:0:0:0:0:0:1</Data><Data Name='DestinationHostname'>DESKTOP-P84STH6</Data><Data Name='DestinationPort'>8080</Data><Data Name='DestinationPortName'></Data></EventData></Event><Event xmlns='http://schemas.microsoft.com/win/2004/08/events/event'><System><Provider Name='Microsoft-Windows-Sysmon' Guid='{5770385f-c22a-43e0-bf4c-06f5698ffbd9}'/><EventID>3</EventID><Version>5</Version><Level>4</Level><Task>3</Task><Opcode>0</Opcode><Keywords>0x8000000000000000</Keywords><TimeCreated SystemTime='2020-05-18T06:45:17.850482300Z'/><EventRecordID>2996</EventRecordID><Correlation/><Execution ProcessID='3008' ThreadID='3544'/><Channel>Microsoft-Windows-Sysmon/Operational</Channel><Computer>DESKTOP-P84STH6</Computer><Security UserID='S-1-5-18'/></System><EventData><Data Name='RuleName'>Usermode</Data><Data Name='UtcTime'>2020-05-18 06:45:14.072</Data><Data Name='ProcessGuid'>{5d3d98af-2d97-5ec2-0000-00105d2e7000}</Data><Data Name='ProcessId'>132</Data><Data Name='Image'>C:\Users\NS\AppData\Local\Programs\Python\Python38-32\python.exe</Data><Data Name='User'>DESKTOP-P84STH6\NS</Data><Data Name='Protocol'>tcp</Data><Data Name='Initiated'>false</Data><Data Name='SourceIsIpv6'>true</Data><Data Name='SourceIp'>0:0:0:0:0:0:0:1</Data><Data Name='SourceHostname'>DESKTOP-P84STH6</Data><Data Name='SourcePort'>50493</Data><Data Name='SourcePortName'></Data><Data Name='DestinationIsIpv6'>true</Data><Data Name='DestinationIp'>0:0:0:0:0:0:0:1</Data><Data Name='DestinationHostname'>DESKTOP-P84STH6</Data><Data Name='DestinationPort'>8080</Data><Data Name='DestinationPortName'></Data></EventData></Event><Event xmlns='http://schemas.microsoft.com/win/2004/08/events/event'><System><Provider Name='Microsoft-Windows-Sysmon' Guid='{5770385f-c22a-43e0-bf4c-06f5698ffbd9}'/><EventID>3</EventID><Version>5</Version><Level>4</Level><Task>3</Task><Opcode>0</Opcode><Keywords>0x8000000000000000</Keywords><TimeCreated SystemTime='2020-05-18T06:45:17.850421600Z'/><EventRecordID>2995</EventRecordID><Correlation/><Execution ProcessID='3008' ThreadID='3544'/><Channel>Microsoft-Windows-Sysmon/Operational</Channel><Computer>DESKTOP-P84STH6</Computer><Security UserID='S-1-5-18'/></System><EventData><Data Name='RuleName'>Proxy</Data><Data Name='UtcTime'>2020-05-18 06:45:14.072</Data><Data Name='ProcessGuid'>{5d3d98af-2de2-5ec2-0000-001016bb7200}</Data><Data Name='ProcessId'>5172</Data><Data Name='Image'>C:\Program Files (x86)\Google\Chrome\Application\chrome.exe</Data><Data Name='User'>DESKTOP-P84STH6\NS</Data><Data Name='Protocol'>tcp</Data><Data Name='Initiated'>true</Data><Data Name='SourceIsIpv6'>true</Data><Data Name='SourceIp'>0:0:0:0:0:0:0:1</Data><Data Name='SourceHostname'>DESKTOP-P84STH6</Data><Data Name='SourcePort'>50493</Data><Data Name='SourcePortName'></Data><Data Name='DestinationIsIpv6'>true</Data><Data Name='DestinationIp'>0:0:0:0:0:0:0:1</Data><Data Name='DestinationHostname'>DESKTOP-P84STH6</Data><Data Name='DestinationPort'>8080</Data><Data Name='DestinationPortName'></Data></EventData></Event><Event xmlns='http://schemas.microsoft.com/win/2004/08/events/event'><System><Provider Name='Microsoft-Windows-Sysmon' Guid='{5770385f-c22a-43e0-bf4c-06f5698ffbd9}'/><EventID>3</EventID><Version>5</Version><Level>4</Level><Task>3</Task><Opcode>0</Opcode><Keywords>0x8000000000000000</Keywords><TimeCreated SystemTime='2020-05-18T06:45:15.091807700Z'/><EventRecordID>2994</EventRecordID><Correlation/><Execution ProcessID='3008' ThreadID='3544'/><Channel>Microsoft-Windows-Sysmon/Operational</Channel><Computer>DESKTOP-P84STH6</Computer><Security UserID='S-1-5-18'/></System><EventData><Data Name='RuleName'>Usermode</Data><Data Name='UtcTime'>2020-05-18 06:45:11.556</Data><Data Name='ProcessGuid'>{5d3d98af-296e-5ec2-0000-0010e8ac2b00}</Data><Data Name='ProcessId'>8132</Data><Data Name='Image'>C:\Users\NS\AppData\Local\Programs\Microsoft VS Code\Code.exe</Data><Data Name='User'>DESKTOP-P84STH6\NS</Data><Data Name='Protocol'>tcp</Data><Data Name='Initiated'>true</Data><Data Name='SourceIsIpv6'>false</Data><Data Name='SourceIp'>10.0.2.15</Data><Data Name='SourceHostname'>DESKTOP-P84STH6</Data><Data Name='SourcePort'>50492</Data><Data Name='SourcePortName'></Data><Data Name='DestinationIsIpv6'>false</Data><Data Name='DestinationIp'>111.221.29.254</Data><Data Name='DestinationHostname'></Data><Data Name='DestinationPort'>443</Data><Data Name='DestinationPortName'>https</Data></EventData></Event><Event xmlns='http://schemas.microsoft.com/win/2004/08/events/event'><System><Provider Name='Microsoft-Windows-Sysmon' Guid='{5770385f-c22a-43e0-bf4c-06f5698ffbd9}'/><EventID>1</EventID><Version>5</Version><Level>4</Level><Task>1</Task><Opcode>0</Opcode><Keywords>0x8000000000000000</Keywords><TimeCreated SystemTime='2020-05-18T06:41:34.913981000Z'/><EventRecordID>2993</EventRecordID><Correlation/><Execution ProcessID='3008' ThreadID='3552'/><Channel>Microsoft-Windows-Sysmon/Operational</Channel><Computer>DESKTOP-P84STH6</Computer><Security UserID='S-1-5-18'/></System><EventData><Data Name='RuleName'></Data><Data Name='UtcTime'>2020-05-18 06:41:34.906</Data><Data Name='ProcessGuid'>{5d3d98af-2e1e-5ec2-0000-0010869a7500}</Data><Data Name='ProcessId'>5160</Data><Data Name='Image'>C:\Windows\System32\svchost.exe</Data><Data Name='FileVersion'>10.0.18362.1 (WinBuild.160101.0800)</Data><Data Name='Description'>Host Process for Windows Services</Data><Data Name='Product'>Microsoft® Windows® Operating System</Data><Data Name='Company'>Microsoft Corporation</Data><Data Name='OriginalFileName'>svchost.exe</Data><Data Name='CommandLine'>C:\Windows\system32\svchost.exe -k netsvcs -p -s gpsvc</Data><Data Name='CurrentDirectory'>C:\Windows\system32\</Data><Data Name='User'>NT AUTHORITY\SYSTEM</Data><Data Name='LogonGuid'>{5d3d98af-26b2-5ec2-0000-0020e7030000}</Data><Data Name='LogonId'>0x3e7</Data><Data Name='TerminalSessionId'>0</Data><Data Name='IntegrityLevel'>System</Data><Data Name='Hashes'>MD5=9520A99E77D6196D0D09833146424113,SHA256=DD191A5B23DF92E12A8852291F9FB5ED594B76A28A5A464418442584AFD1E048,IMPHASH=247B9220E5D9B720A82B2C8B5069AD69</Data><Data Name='ParentProcessGuid'>{5d3d98af-26b2-5ec2-0000-0010025c0000}</Data><Data Name='ParentProcessId'>660</Data><Data Name='ParentImage'>C:\Windows\System32\services.exe</Data><Data Name='ParentCommandLine'>C:\Windows\system32\services.exe</Data></EventData></Event><Event xmlns='http://schemas.microsoft.com/win/2004/08/events/event'><System><Provider Name='Microsoft-Windows-Sysmon' Guid='{5770385f-c22a-43e0-bf4c-06f5698ffbd9}'/><EventID>1</EventID><Version>5</Version><Level>4</Level><Task>1</Task><Opcode>0</Opcode><Keywords>0x8000000000000000</Keywords><TimeCreated SystemTime='2020-05-18T06:41:34.735421500Z'/><EventRecordID>2992</EventRecordID><Correlation/><Execution ProcessID='3008' ThreadID='3552'/><Channel>Microsoft-Windows-Sysmon/Operational</Channel><Computer>DESKTOP-P84STH6</Computer><Security UserID='S-1-5-18'/></System><EventData><Data Name='RuleName'></Data><Data Name='UtcTime'>2020-05-18 06:41:34.728</Data><Data Name='ProcessGuid'>{5d3d98af-2e1e-5ec2-0000-0010c2917500}</Data><Data Name='ProcessId'>8396</Data><Data Name='Image'>C:\Windows\System32\taskhostw.exe</Data><Data Name='FileVersion'>10.0.18362.387 (WinBuild.160101.0800)</Data><Data Name='Description'>Host Process for Windows Tasks</Data><Data Name='Product'>Microsoft® Windows® Operating System</Data><Data Name='Company'>Microsoft Corporation</Data><Data Name='OriginalFileName'>taskhostw.exe</Data><Data Name='CommandLine'>taskhostw.exe -RegisterDevice -ProtectionStateChanged -FreeNetworkOnly</Data><Data Name='CurrentDirectory'>C:\Windows\system32\</Data><Data Name='User'>NT AUTHORITY\SYSTEM</Data><Data Name='LogonGuid'>{5d3d98af-26b2-5ec2-0000-0020e7030000}</Data><Data Name='LogonId'>0x3e7</Data><Data Name='TerminalSessionId'>0</Data><Data Name='IntegrityLevel'>System</Data><Data Name='Hashes'>MD5=8AC325C757FA721B272ECEA19EBCF745,SHA256=0BEC3128B241FA533DC5A9D3F62AA41323D205DEFC30DCDE228C5ECC2D1E50A9,IMPHASH=9CB27CAED52CB0AFFB32788922A0D083</Data><Data Name='ParentProcessGuid'>{5d3d98af-26b3-5ec2-0000-0010f1f90000}</Data><Data Name='ParentProcessId'>1484</Data><Data Name='ParentImage'>C:\Windows\System32\svchost.exe</Data><Data Name='ParentCommandLine'>C:\Windows\system32\svchost.exe -k netsvcs -p -s Schedule</Data></EventData></Event><Event xmlns='http://schemas.microsoft.com/win/2004/08/events/event'><System><Provider Name='Microsoft-Windows-Sysmon' Guid='{5770385f-c22a-43e0-bf4c-06f5698ffbd9}'/><EventID>3</EventID><Version>5</Version><Level>4</Level><Task>3</Task><Opcode>0</Opcode><Keywords>0x8000000000000000</Keywords><TimeCreated SystemTime='2020-05-18T06:41:14.517788700Z'/><EventRecordID>2991</EventRecordID><Correlation/><Execution ProcessID='3008' ThreadID='3544'/><Channel>Microsoft-Windows-Sysmon/Operational</Channel><Computer>DESKTOP-P84STH6</Computer><Security UserID='S-1-5-18'/></System><EventData><Data Name='RuleName'>Usermode</Data><Data Name='UtcTime'>2020-05-18 06:41:10.790</Data><Data Name='ProcessGuid'>{5d3d98af-296e-5ec2-0000-0010e8ac2b00}</Data><Data Name='ProcessId'>8132</Data><Data Name='Image'>C:\Users\NS\AppData\Local\Programs\Microsoft VS Code\Code.exe</Data><Data Name='User'>DESKTOP-P84STH6\NS</Data><Data Name='Protocol'>tcp</Data><Data Name='Initiated'>true</Data><Data Name='SourceIsIpv6'>false</Data><Data Name='SourceIp'>10.0.2.15</Data><Data Name='SourceHostname'>DESKTOP-P84STH6</Data><Data Name='SourcePort'>50484</Data><Data Name='SourcePortName'></Data><Data Name='DestinationIsIpv6'>false</Data><Data Name='DestinationIp'>111.221.29.254</Data><Data Name='DestinationHostname'></Data><Data Name='DestinationPort'>443</Data><Data Name='DestinationPortName'>https</Data></EventData></Event><Event xmlns='http://schemas.microsoft.com/win/2004/08/events/event'><System><Provider Name='Microsoft-Windows-Sysmon' Guid='{5770385f-c22a-43e0-bf4c-06f5698ffbd9}'/><EventID>22</EventID><Version>5</Version><Level>4</Level><Task>22</Task><Opcode>0</Opcode><Keywords>0x8000000000000000</Keywords><TimeCreated SystemTime='2020-05-18T06:41:11.825752300Z'/><EventRecordID>2990</EventRecordID><Correlation/><Execution ProcessID='3008' ThreadID='3548'/><Channel>Microsoft-Windows-Sysmon/Operational</Channel><Computer>DESKTOP-P84STH6</Computer><Security UserID='S-1-5-18'/></System><EventData><Data Name='RuleName'></Data><Data Name='UtcTime'>2020-05-18 06:41:08.382</Data><Data Name='ProcessGuid'>{5d3d98af-26d1-5ec2-0000-00105b320400}</Data><Data Name='ProcessId'>3964</Data><Data Name='QueryName'>cdn.onenote.net</Data><Data Name='QueryStatus'>0</Data><Data Name='QueryResults'>type:  5 cdn.onenote.net.edgekey.net;type:  5 e1553.dspg.akamaiedge.net;::ffff:104.94.37.40;88.221.81.192;2600:1480:e800::c0;163.28.5.87;23.210.215.103;203.211.2.204;203.211.2.191;203.211.5.23;23.210.215.181;163.28.5.62;</Data><Data Name='Image'>C:\Windows\System32\svchost.exe</Data></EventData></Event>