<Event xmlns='http://schemas.microsoft.com/win/2004/08/events/event'><System><Provider Name='Microsoft-Windows-Sysmon' Guid='{5770385f-c22a-43e0-bf4c-06f5698ffbd9}'/><EventID>13</EventID><Version>2</Version><Level>4</Level><Task>13</Task><Opcode>0</Opcode><Keywords>0x8000000000000000</Keywords><TimeCreated SystemTime='2020-05-18T06:25:26.363846800Z'/><EventRecordID>2623</EventRecordID><Correlation/><Execution ProcessID='3008' ThreadID='3552'/><Channel>Microsoft-Windows-Sysmon/Operational</Channel><Computer>DESKTOP-P84STH6</Computer><Security UserID='S-1-5-18'/></System><EventData><Data Name='RuleName'>T1158</Data><Data Name='EventType'>SetValue</Data><Data Name='UtcTime'>2020-05-18 06:25:26.346</Data><Data Name='ProcessGuid'>{5d3d98af-26d2-5ec2-0000-0010ce7a0400}</Data><Data Name='ProcessId'>4320</Data><Data Name='Image'>C:\Windows\Explorer.EXE</Data><Data Name='TargetObject'>HKU\S-1-5-21-223836497-1760142647-788189203-1001\Software\Microsoft\Windows\CurrentVersion\Explorer\Advanced\HideFileExt</Data><Data Name='Details'>DWORD (0x00000000)</Data></EventData></Event><Event xmlns='http://schemas.microsoft.com/win/2004/08/events/event'><System><Provider Name='Microsoft-Windows-Sysmon' Guid='{5770385f-c22a-43e0-bf4c-06f5698ffbd9}'/><EventID>13</EventID><Version>2</Version><Level>4</Level><Task>13</Task><Opcode>0</Opcode><Keywords>0x8000000000000000</Keywords><TimeCreated SystemTime='2020-05-18T06:25:26.361719200Z'/><EventRecordID>2622</EventRecordID><Correlation/><Execution ProcessID='3008' ThreadID='3552'/><Channel>Microsoft-Windows-Sysmon/Operational</Channel><Computer>DESKTOP-P84STH6</Computer><Security UserID='S-1-5-18'/></System><EventData><Data Name='RuleName'>T1158</Data><Data Name='EventType'>SetValue</Data><Data Name='UtcTime'>2020-05-18 06:25:26.346</Data><Data Name='ProcessGuid'>{5d3d98af-26d2-5ec2-0000-0010ce7a0400}</Data><Data Name='ProcessId'>4320</Data><Data Name='Image'>C:\Windows\Explorer.EXE</Data><Data Name='TargetObject'>HKU\S-1-5-21-223836497-1760142647-788189203-1001\Software\Microsoft\Windows\CurrentVersion\Explorer\Advanced\Hidden</Data><Data Name='Details'>DWORD (0x00000002)</Data></EventData></Event><Event xmlns='http://schemas.microsoft.com/win/2004/08/events/event'><System><Provider Name='Microsoft-Windows-Sysmon' Guid='{5770385f-c22a-43e0-bf4c-06f5698ffbd9}'/><EventID>1</EventID><Version>5</Version><Level>4</Level><Task>1</Task><Opcode>0</Opcode><Keywords>0x8000000000000000</Keywords><TimeCreated SystemTime='2020-05-18T06:25:26.046113400Z'/><EventRecordID>2621</EventRecordID><Correlation/><Execution ProcessID='3008' ThreadID='3552'/><Channel>Microsoft-Windows-Sysmon/Operational</Channel><Computer>DESKTOP-P84STH6</Computer><Security UserID='S-1-5-18'/></System><EventData><Data Name='RuleName'></Data><Data Name='UtcTime'>2020-05-18 06:25:25.992</Data><Data Name='ProcessGuid'>{5d3d98af-2a55-5ec2-0000-001092d54400}</Data><Data Name='ProcessId'>6148</Data><Data Name='Image'>C:\Windows\System32\taskhostw.exe</Data><Data Name='FileVersion'>10.0.18362.387 (WinBuild.160101.0800)</Data><Data Name='Description'>Host Process for Windows Tasks</Data><Data Name='Product'>Microsoft® Windows® Operating System</Data><Data Name='Company'>Microsoft Corporation</Data><Data Name='OriginalFileName'>taskhostw.exe</Data><Data Name='CommandLine'>taskhostw.exe Install $(Arg0)</Data><Data Name='CurrentDirectory'>C:\Windows\system32\</Data><Data Name='User'>DESKTOP-P84STH6\NS</Data><Data Name='LogonGuid'>{5d3d98af-26d0-5ec2-0000-0020be0f0400}</Data><Data Name='LogonId'>0x40fbe</Data><Data Name='TerminalSessionId'>1</Data><Data Name='IntegrityLevel'>Medium</Data><Data Name='Hashes'>MD5=8AC325C757FA721B272ECEA19EBCF745,SHA256=0BEC3128B241FA533DC5A9D3F62AA41323D205DEFC30DCDE228C5ECC2D1E50A9,IMPHASH=9CB27CAED52CB0AFFB32788922A0D083</Data><Data Name='ParentProcessGuid'>{5d3d98af-26b3-5ec2-0000-0010f1f90000}</Data><Data Name='ParentProcessId'>1484</Data><Data Name='ParentImage'>C:\Windows\System32\svchost.exe</Data><Data Name='ParentCommandLine'>C:\Windows\system32\svchost.exe -k netsvcs -p -s Schedule</Data></EventData></Event><Event xmlns='http://schemas.microsoft.com/win/2004/08/events/event'><System><Provider Name='Microsoft-Windows-Sysmon' Guid='{5770385f-c22a-43e0-bf4c-06f5698ffbd9}'/><EventID>13</EventID><Version>2</Version><Level>4</Level><Task>13</Task><Opcode>0</Opcode><Keywords>0x8000000000000000</Keywords><TimeCreated SystemTime='2020-05-18T06:25:20.002531400Z'/><EventRecordID>2620</EventRecordID><Correlation/><Execution ProcessID='3008' ThreadID='3552'/><Channel>Microsoft-Windows-Sysmon/Operational</Channel><Computer>DESKTOP-P84STH6</Computer><Security UserID='S-1-5-18'/></System><EventData><Data Name='RuleName'></Data><Data Name='EventType'>SetValue</Data><Data Name='UtcTime'>2020-05-18 06:25:19.987</Data><Data Name='ProcessGuid'>{5d3d98af-26d2-5ec2-0000-0010ce7a0400}</Data><Data Name='ProcessId'>4320</Data><Data Name='Image'>C:\Windows\Explorer.EXE</Data><Data Name='TargetObject'>HKU\S-1-5-21-223836497-1760142647-788189203-1001\Software\Microsoft\Windows\CurrentVersion\Shell Extensions\Cached\{939D20AC-8036-406F-BD5C-BF672896BD71} {A08CE4D0-FA25-44AB-B57C-C7B1C323E0B9} 0xFFFF</Data><Data Name='Details'>Binary Data</Data></EventData></Event><Event xmlns='http://schemas.microsoft.com/win/2004/08/events/event'><System><Provider Name='Microsoft-Windows-Sysmon' Guid='{5770385f-c22a-43e0-bf4c-06f5698ffbd9}'/><EventID>13</EventID><Version>2</Version><Level>4</Level><Task>13</Task><Opcode>0</Opcode><Keywords>0x8000000000000000</Keywords><TimeCreated SystemTime='2020-05-18T06:25:13.310180500Z'/><EventRecordID>2619</EventRecordID><Correlation/><Execution ProcessID='3008' ThreadID='3552'/><Channel>Microsoft-Windows-Sysmon/Operational</Channel><Computer>DESKTOP-P84STH6</Computer><Security UserID='S-1-5-18'/></System><EventData><Data Name='RuleName'></Data><Data Name='EventType'>SetValue</Data><Data Name='UtcTime'>2020-05-18 06:25:13.309</Data><Data Name='ProcessGuid'>{5d3d98af-26d2-5ec2-0000-0010ce7a0400}</Data><Data Name='ProcessId'>4320</Data><Data Name='Image'>C:\Windows\Explorer.EXE</Data><Data Name='TargetObject'>HKU\S-1-5-21-223836497-1760142647-788189203-1001\Software\Microsoft\Windows\CurrentVersion\Shell Extensions\Cached\{E2765AC3-564C-40F9-AC12-CD393FBAAB0F} {A08CE4D0-FA25-44AB-B57C-C7B1C323E0B9} 0xFFFF</Data><Data Name='Details'>Binary Data</Data></EventData></Event><Event xmlns='http://schemas.microsoft.com/win/2004/08/events/event'><System><Provider Name='Microsoft-Windows-Sysmon' Guid='{5770385f-c22a-43e0-bf4c-06f5698ffbd9}'/><EventID>13</EventID><Version>2</Version><Level>4</Level><Task>13</Task><Opcode>0</Opcode><Keywords>0x8000000000000000</Keywords><TimeCreated SystemTime='2020-05-18T06:25:12.697129400Z'/><EventRecordID>2618</EventRecordID><Correlation/><Execution ProcessID='3008' ThreadID='3552'/><Channel>Microsoft-Windows-Sysmon/Operational</Channel><Computer>DESKTOP-P84STH6</Computer><Security UserID='S-1-5-18'/></System><EventData><Data Name='RuleName'></Data><Data Name='EventType'>SetValue</Data><Data Name='UtcTime'>2020-05-18 06:25:12.689</Data><Data Name='ProcessGuid'>{5d3d98af-26d2-5ec2-0000-0010ce7a0400}</Data><Data Name='ProcessId'>4320</Data><Data Name='Image'>C:\Windows\Explorer.EXE</Data><Data Name='TargetObject'>HKU\S-1-5-21-223836497-1760142647-788189203-1001\Software\Microsoft\Windows\CurrentVersion\Shell Extensions\Cached\{C139C040-532D-451B-80CA-44D1F0839D2A} {A08CE4D0-FA25-44AB-B57C-C7B1C323E0B9} 0xFFFF</Data><Data Name='Details'>Binary Data</Data></EventData></Event><Event xmlns='http://schemas.microsoft.com/win/2004/08/events/event'><System><Provider Name='Microsoft-Windows-Sysmon' Guid='{5770385f-c22a-43e0-bf4c-06f5698ffbd9}'/><EventID>13</EventID><Version>2</Version><Level>4</Level><Task>13</Task><Opcode>0</Opcode><Keywords>0x8000000000000000</Keywords><TimeCreated SystemTime='2020-05-18T06:25:11.980563000Z'/><EventRecordID>2617</EventRecordID><Correlation/><Execution ProcessID='3008' ThreadID='3552'/><Channel>Microsoft-Windows-Sysmon/Operational</Channel><Computer>DESKTOP-P84STH6</Computer><Security UserID='S-1-5-18'/></System><EventData><Data Name='RuleName'></Data><Data Name='EventType'>SetValue</Data><Data Name='UtcTime'>2020-05-18 06:25:11.955</Data><Data Name='ProcessGuid'>{5d3d98af-26d2-5ec2-0000-0010ce7a0400}</Data><Data Name='ProcessId'>4320</Data><Data Name='Image'>C:\Windows\Explorer.EXE</Data><Data Name='TargetObject'>HKU\S-1-5-21-223836497-1760142647-788189203-1001\Software\Microsoft\Windows\CurrentVersion\Shell Extensions\Cached\{BBB9389D-CB46-4855-ADA6-4570E7342B3C} {A08CE4D0-FA25-44AB-B57C-C7B1C323E0B9} 0xFFFF</Data><Data Name='Details'>Binary Data</Data></EventData></Event><Event xmlns='http://schemas.microsoft.com/win/2004/08/events/event'><System><Provider Name='Microsoft-Windows-Sysmon' Guid='{5770385f-c22a-43e0-bf4c-06f5698ffbd9}'/><EventID>13</EventID><Version>2</Version><Level>4</Level><Task>13</Task><Opcode>0</Opcode><Keywords>0x8000000000000000</Keywords><TimeCreated SystemTime='2020-05-18T06:25:09.065177300Z'/><EventRecordID>2616</EventRecordID><Correlation/><Execution ProcessID='3008' ThreadID='3552'/><Channel>Microsoft-Windows-Sysmon/Operational</Channel><Computer>DESKTOP-P84STH6</Computer><Security UserID='S-1-5-18'/></System><EventData><Data Name='RuleName'></Data><Data Name='EventType'>SetValue</Data><Data Name='UtcTime'>2020-05-18 06:25:09.050</Data><Data Name='ProcessGuid'>{5d3d98af-26d2-5ec2-0000-0010ce7a0400}</Data><Data Name='ProcessId'>4320</Data><Data Name='Image'>C:\Windows\Explorer.EXE</Data><Data Name='TargetObject'>HKU\S-1-5-21-223836497-1760142647-788189203-1001\Software\Microsoft\Windows\CurrentVersion\Shell Extensions\Cached\{9C07355E-C50A-45D2-B4A3-0A8235F8047F} {A08CE4D0-FA25-44AB-B57C-C7B1C323E0B9} 0xFFFF</Data><Data Name='Details'>Binary Data</Data></EventData></Event><Event xmlns='http://schemas.microsoft.com/win/2004/08/events/event'><System><Provider Name='Microsoft-Windows-Sysmon' Guid='{5770385f-c22a-43e0-bf4c-06f5698ffbd9}'/><EventID>11</EventID><Version>2</Version><Level>4</Level><Task>11</Task><Opcode>0</Opcode><Keywords>0x8000000000000000</Keywords><TimeCreated SystemTime='2020-05-18T06:25:03.310169300Z'/><EventRecordID>2615</EventRecordID><Correlation/><Execution ProcessID='3008' ThreadID='3552'/><Channel>Microsoft-Windows-Sysmon/Operational</Channel><Computer>DESKTOP-P84STH6</Computer><Security UserID='S-1-5-18'/></System><EventData><Data Name='RuleName'>DLL</Data><Data Name='UtcTime'>2020-05-18 06:25:03.300</Data><Data Name='ProcessGuid'>{5d3d98af-26b8-5ec2-0000-0010b81c0300}</Data><Data Name='ProcessId'>3696</Data><Data Name='Image'>C:\Windows\system32\svchost.exe</Data><Data Name='TargetFilename'>C:\Program Files\WindowsApps\king.com.CandyCrushFriends_1.37.4.0_x86__kgqvnymyfvs32\zlib1.dll</Data><Data Name='CreationUtcTime'>2020-05-18 06:25:03.300</Data></EventData></Event><Event xmlns='http://schemas.microsoft.com/win/2004/08/events/event'><System><Provider Name='Microsoft-Windows-Sysmon' Guid='{5770385f-c22a-43e0-bf4c-06f5698ffbd9}'/><EventID>11</EventID><Version>2</Version><Level>4</Level><Task>11</Task><Opcode>0</Opcode><Keywords>0x8000000000000000</Keywords><TimeCreated SystemTime='2020-05-18T06:25:03.305233300Z'/><EventRecordID>2614</EventRecordID><Correlation/><Execution ProcessID='3008' ThreadID='3552'/><Channel>Microsoft-Windows-Sysmon/Operational</Channel><Computer>DESKTOP-P84STH6</Computer><Security UserID='S-1-5-18'/></System><EventData><Data Name='RuleName'>DLL</Data><Data Name='UtcTime'>2020-05-18 06:25:03.300</Data><Data Name='ProcessGuid'>{5d3d98af-26b8-5ec2-0000-0010b81c0300}</Data><Data Name='ProcessId'>3696</Data><Data Name='Image'>C:\Windows\system32\svchost.exe</Data><Data Name='TargetFilename'>C:\Program Files\WindowsApps\king.com.CandyCrushFriends_1.37.4.0_x86__kgqvnymyfvs32\ssleay32.dll</Data><Data Name='CreationUtcTime'>2020-05-18 06:25:03.300</Data></EventData></Event><Event xmlns='http://schemas.microsoft.com/win/2004/08/events/event'><System><Provider Name='Microsoft-Windows-Sysmon' Guid='{5770385f-c22a-43e0-bf4c-06f5698ffbd9}'/><EventID>11</EventID><Version>2</Version><Level>4</Level><Task>11</Task><Opcode>0</Opcode><Keywords>0x8000000000000000</Keywords><TimeCreated SystemTime='2020-05-18T06:25:02.478011000Z'/><EventRecordID>2613</EventRecordID><Correlation/><Execution ProcessID='3008' ThreadID='3552'/><Channel>Microsoft-Windows-Sysmon/Operational</Channel><Computer>DESKTOP-P84STH6</Computer><Security UserID='S-1-5-18'/></System><EventData><Data Name='RuleName'>Downloads</Data><Data Name='UtcTime'>2020-05-18 06:25:02.457</Data><Data Name='ProcessGuid'>{5d3d98af-26d2-5ec2-0000-0010ce7a0400}</Data><Data Name='ProcessId'>4320</Data><Data Name='Image'>C:\Windows\Explorer.EXE</Data><Data Name='TargetFilename'>C:\Users\NS\Downloads\New Text Document.txt</Data><Data Name='CreationUtcTime'>2020-05-18 06:25:02.457</Data></EventData></Event><Event xmlns='http://schemas.microsoft.com/win/2004/08/events/event'><System><Provider Name='Microsoft-Windows-Sysmon' Guid='{5770385f-c22a-43e0-bf4c-06f5698ffbd9}'/><EventID>1</EventID><Version>5</Version><Level>4</Level><Task>1</Task><Opcode>0</Opcode><Keywords>0x8000000000000000</Keywords><TimeCreated SystemTime='2020-05-18T06:25:02.037835900Z'/><EventRecordID>2612</EventRecordID><Correlation/><Execution ProcessID='3008' ThreadID='3552'/><Channel>Microsoft-Windows-Sysmon/Operational</Channel><Computer>DESKTOP-P84STH6</Computer><Security UserID='S-1-5-18'/></System><EventData><Data Name='RuleName'></Data><Data Name='UtcTime'>2020-05-18 06:24:57.023</Data><Data Name='ProcessGuid'>{5d3d98af-2a39-5ec2-0000-0010fb894200}</Data><Data Name='ProcessId'>5160</Data><Data Name='Image'>C:\Windows\System32\taskhostw.exe</Data><Data Name='FileVersion'>10.0.18362.387 (WinBuild.160101.0800)</Data><Data Name='Description'>Host Process for Windows Tasks</Data><Data Name='Product'>Microsoft® Windows® Operating System</Data><Data Name='Company'>Microsoft Corporation</Data><Data Name='OriginalFileName'>taskhostw.exe</Data><Data Name='CommandLine'>taskhostw.exe</Data><Data Name='CurrentDirectory'>C:\Windows\system32\</Data><Data Name='User'>NT AUTHORITY\SYSTEM</Data><Data Name='LogonGuid'>{5d3d98af-26b2-5ec2-0000-0020e7030000}</Data><Data Name='LogonId'>0x3e7</Data><Data Name='TerminalSessionId'>0</Data><Data Name='IntegrityLevel'>System</Data><Data Name='Hashes'>MD5=8AC325C757FA721B272ECEA19EBCF745,SHA256=0BEC3128B241FA533DC5A9D3F62AA41323D205DEFC30DCDE228C5ECC2D1E50A9,IMPHASH=9CB27CAED52CB0AFFB32788922A0D083</Data><Data Name='ParentProcessGuid'>{5d3d98af-26b3-5ec2-0000-0010f1f90000}</Data><Data Name='ParentProcessId'>1484</Data><Data Name='ParentImage'>C:\Windows\System32\svchost.exe</Data><Data Name='ParentCommandLine'>C:\Windows\system32\svchost.exe -k netsvcs -p -s Schedule</Data></EventData></Event><Event xmlns='http://schemas.microsoft.com/win/2004/08/events/event'><System><Provider Name='Microsoft-Windows-Sysmon' Guid='{5770385f-c22a-43e0-bf4c-06f5698ffbd9}'/><EventID>11</EventID><Version>2</Version><Level>4</Level><Task>11</Task><Opcode>0</Opcode><Keywords>0x8000000000000000</Keywords><TimeCreated SystemTime='2020-05-18T06:24:54.866198000Z'/><EventRecordID>2611</EventRecordID><Correlation/><Execution ProcessID='3008' ThreadID='3552'/><Channel>Microsoft-Windows-Sysmon/Operational</Channel><Computer>DESKTOP-P84STH6</Computer><Security UserID='S-1-5-18'/></System><EventData><Data Name='RuleName'>DLL</Data><Data Name='UtcTime'>2020-05-18 06:24:54.863</Data><Data Name='ProcessGuid'>{5d3d98af-26b8-5ec2-0000-0010b81c0300}</Data><Data Name='ProcessId'>3696</Data><Data Name='Image'>C:\Windows\system32\svchost.exe</Data><Data Name='TargetFilename'>C:\Program Files\WindowsApps\king.com.BubbleWitch3Saga_6.8.5.0_x86__kgqvnymyfvs32\zlib1.dll</Data><Data Name='CreationUtcTime'>2020-05-18 06:24:54.863</Data></EventData></Event><Event xmlns='http://schemas.microsoft.com/win/2004/08/events/event'><System><Provider Name='Microsoft-Windows-Sysmon' Guid='{5770385f-c22a-43e0-bf4c-06f5698ffbd9}'/><EventID>11</EventID><Version>2</Version><Level>4</Level><Task>11</Task><Opcode>0</Opcode><Keywords>0x8000000000000000</Keywords><TimeCreated SystemTime='2020-05-18T06:24:54.849363100Z'/><EventRecordID>2610</EventRecordID><Correlation/><Execution ProcessID='3008' ThreadID='3552'/><Channel>Microsoft-Windows-Sysmon/Operational</Channel><Computer>DESKTOP-P84STH6</Computer><Security UserID='S-1-5-18'/></System><EventData><Data Name='RuleName'>DLL</Data><Data Name='UtcTime'>2020-05-18 06:24:54.831</Data><Data Name='ProcessGuid'>{5d3d98af-26b8-5ec2-0000-0010b81c0300}</Data><Data Name='ProcessId'>3696</Data><Data Name='Image'>C:\Windows\system32\svchost.exe</Data><Data Name='TargetFilename'>C:\Program Files\WindowsApps\king.com.BubbleWitch3Saga_6.8.5.0_x86__kgqvnymyfvs32\ssleay32.dll</Data><Data Name='CreationUtcTime'>2020-05-18 06:24:54.831</Data></EventData></Event><Event xmlns='http://schemas.microsoft.com/win/2004/08/events/event'><System><Provider Name='Microsoft-Windows-Sysmon' Guid='{5770385f-c22a-43e0-bf4c-06f5698ffbd9}'/><EventID>11</EventID><Version>2</Version><Level>4</Level><Task>11</Task><Opcode>0</Opcode><Keywords>0x8000000000000000</Keywords><TimeCreated SystemTime='2020-05-18T06:24:41.554352100Z'/><EventRecordID>2609</EventRecordID><Correlation/><Execution ProcessID='3008' ThreadID='3552'/><Channel>Microsoft-Windows-Sysmon/Operational</Channel><Computer>DESKTOP-P84STH6</Computer><Security UserID='S-1-5-18'/></System><EventData><Data Name='RuleName'></Data><Data Name='UtcTime'>2020-05-18 06:24:41.553</Data><Data Name='ProcessGuid'>{5d3d98af-26b8-5ec2-0000-0010b81c0300}</Data><Data Name='ProcessId'>3696</Data><Data Name='Image'>C:\Windows\system32\svchost.exe</Data><Data Name='TargetFilename'>C:\Program Files\WindowsApps\king.com.CandyCrushFriends_1.37.4.0_x86__kgqvnymyfvs32\res_output\switcher\candies\_build_atlases.bat</Data><Data Name='CreationUtcTime'>2020-05-18 06:24:41.553</Data></EventData></Event><Event xmlns='http://schemas.microsoft.com/win/2004/08/events/event'><System><Provider Name='Microsoft-Windows-Sysmon' Guid='{5770385f-c22a-43e0-bf4c-06f5698ffbd9}'/><EventID>11</EventID><Version>2</Version><Level>4</Level><Task>11</Task><Opcode>0</Opcode><Keywords>0x8000000000000000</Keywords><TimeCreated SystemTime='2020-05-18T06:24:40.659975100Z'/><EventRecordID>2608</EventRecordID><Correlation/><Execution ProcessID='3008' ThreadID='3552'/><Channel>Microsoft-Windows-Sysmon/Operational</Channel><Computer>DESKTOP-P84STH6</Computer><Security UserID='S-1-5-18'/></System><EventData><Data Name='RuleName'></Data><Data Name='UtcTime'>2020-05-18 06:24:40.659</Data><Data Name='ProcessGuid'>{5d3d98af-26b8-5ec2-0000-0010b81c0300}</Data><Data Name='ProcessId'>3696</Data><Data Name='Image'>C:\Windows\system32\svchost.exe</Data><Data Name='TargetFilename'>C:\Program Files\WindowsApps\king.com.CandyCrushFriends_1.37.4.0_x86__kgqvnymyfvs32\res_output\switcher\blockers\_build_atlases.bat</Data><Data Name='CreationUtcTime'>2020-05-18 06:24:40.659</Data></EventData></Event><Event xmlns='http://schemas.microsoft.com/win/2004/08/events/event'><System><Provider Name='Microsoft-Windows-Sysmon' Guid='{5770385f-c22a-43e0-bf4c-06f5698ffbd9}'/><EventID>11</EventID><Version>2</Version><Level>4</Level><Task>11</Task><Opcode>0</Opcode><Keywords>0x8000000000000000</Keywords><TimeCreated SystemTime='2020-05-18T06:24:23.739080800Z'/><EventRecordID>2607</EventRecordID><Correlation/><Execution ProcessID='3008' ThreadID='3552'/><Channel>Microsoft-Windows-Sysmon/Operational</Channel><Computer>DESKTOP-P84STH6</Computer><Security UserID='S-1-5-18'/></System><EventData><Data Name='RuleName'>EXE</Data><Data Name='UtcTime'>2020-05-18 06:24:23.738</Data><Data Name='ProcessGuid'>{5d3d98af-26b8-5ec2-0000-0010b81c0300}</Data><Data Name='ProcessId'>3696</Data><Data Name='Image'>C:\Windows\system32\svchost.exe</Data><Data Name='TargetFilename'>C:\Program Files\WindowsApps\king.com.CandyCrushFriends_1.37.4.0_x86__kgqvnymyfvs32\myling.exe</Data><Data Name='CreationUtcTime'>2020-05-18 06:24:23.738</Data></EventData></Event><Event xmlns='http://schemas.microsoft.com/win/2004/08/events/event'><System><Provider Name='Microsoft-Windows-Sysmon' Guid='{5770385f-c22a-43e0-bf4c-06f5698ffbd9}'/><EventID>11</EventID><Version>2</Version><Level>4</Level><Task>11</Task><Opcode>0</Opcode><Keywords>0x8000000000000000</Keywords><TimeCreated SystemTime='2020-05-18T06:24:23.738278800Z'/><EventRecordID>2606</EventRecordID><Correlation/><Execution ProcessID='3008' ThreadID='3552'/><Channel>Microsoft-Windows-Sysmon/Operational</Channel><Computer>DESKTOP-P84STH6</Computer><Security UserID='S-1-5-18'/></System><EventData><Data Name='RuleName'>DLL</Data><Data Name='UtcTime'>2020-05-18 06:24:23.737</Data><Data Name='ProcessGuid'>{5d3d98af-26b8-5ec2-0000-0010b81c0300}</Data><Data Name='ProcessId'>3696</Data><Data Name='Image'>C:\Windows\system32\svchost.exe</Data><Data Name='TargetFilename'>C:\Program Files\WindowsApps\king.com.CandyCrushFriends_1.37.4.0_x86__kgqvnymyfvs32\libeay32.dll</Data><Data Name='CreationUtcTime'>2020-05-18 06:24:23.736</Data></EventData></Event><Event xmlns='http://schemas.microsoft.com/win/2004/08/events/event'><System><Provider Name='Microsoft-Windows-Sysmon' Guid='{5770385f-c22a-43e0-bf4c-06f5698ffbd9}'/><EventID>11</EventID><Version>2</Version><Level>4</Level><Task>11</Task><Opcode>0</Opcode><Keywords>0x8000000000000000</Keywords><TimeCreated SystemTime='2020-05-18T06:24:23.737127000Z'/><EventRecordID>2605</EventRecordID><Correlation/><Execution ProcessID='3008' ThreadID='3552'/><Channel>Microsoft-Windows-Sysmon/Operational</Channel><Computer>DESKTOP-P84STH6</Computer><Security UserID='S-1-5-18'/></System><EventData><Data Name='RuleName'>DLL</Data><Data Name='UtcTime'>2020-05-18 06:24:23.736</Data><Data Name='ProcessGuid'>{5d3d98af-26b8-5ec2-0000-0010b81c0300}</Data><Data Name='ProcessId'>3696</Data><Data Name='Image'>C:\Windows\system32\svchost.exe</Data><Data Name='TargetFilename'>C:\Program Files\WindowsApps\king.com.CandyCrushFriends_1.37.4.0_x86__kgqvnymyfvs32\libcurl.dll</Data><Data Name='CreationUtcTime'>2020-05-18 06:24:23.735</Data></EventData></Event><Event xmlns='http://schemas.microsoft.com/win/2004/08/events/event'><System><Provider Name='Microsoft-Windows-Sysmon' Guid='{5770385f-c22a-43e0-bf4c-06f5698ffbd9}'/><EventID>11</EventID><Version>2</Version><Level>4</Level><Task>11</Task><Opcode>0</Opcode><Keywords>0x8000000000000000</Keywords><TimeCreated SystemTime='2020-05-18T06:24:23.726148900Z'/><EventRecordID>2604</EventRecordID><Correlation/><Execution ProcessID='3008' ThreadID='3552'/><Channel>Microsoft-Windows-Sysmon/Operational</Channel><Computer>DESKTOP-P84STH6</Computer><Security UserID='S-1-5-18'/></System><EventData><Data Name='RuleName'>DLL</Data><Data Name='UtcTime'>2020-05-18 06:24:23.725</Data><Data Name='ProcessGuid'>{5d3d98af-26b8-5ec2-0000-0010b81c0300}</Data><Data Name='ProcessId'>3696</Data><Data Name='Image'>C:\Windows\system32\svchost.exe</Data><Data Name='TargetFilename'>C:\Program Files\WindowsApps\king.com.CandyCrushFriends_1.37.4.0_x86__kgqvnymyfvs32\facebook-windows-sdk.dll</Data><Data Name='CreationUtcTime'>2020-05-18 06:24:23.724</Data></EventData></Event><Event xmlns='http://schemas.microsoft.com/win/2004/08/events/event'><System><Provider Name='Microsoft-Windows-Sysmon' Guid='{5770385f-c22a-43e0-bf4c-06f5698ffbd9}'/><EventID>22</EventID><Version>5</Version><Level>4</Level><Task>22</Task><Opcode>0</Opcode><Keywords>0x8000000000000000</Keywords><TimeCreated SystemTime='2020-05-18T06:24:16.997857200Z'/><EventRecordID>2603</EventRecordID><Correlation/><Execution ProcessID='3008' ThreadID='3548'/><Channel>Microsoft-Windows-Sysmon/Operational</Channel><Computer>DESKTOP-P84STH6</Computer><Security UserID='S-1-5-18'/></System><EventData><Data Name='RuleName'></Data><Data Name='UtcTime'>2020-05-18 06:24:13.551</Data><Data Name='ProcessGuid'>{5d3d98af-29fc-5ec2-0000-001082bd3800}</Data><Data Name='ProcessId'>9196</Data><Data Name='QueryName'>d3js.org</Data><Data Name='QueryStatus'>0</Data><Data Name='QueryResults'>104.26.7.30;104.26.6.30;173.245.59.175;2606:4700:58::adf5:3baf;</Data><Data Name='Image'>C:\Program Files (x86)\Google\Chrome\Application\chrome.exe</Data></EventData></Event><Event xmlns='http://schemas.microsoft.com/win/2004/08/events/event'><System><Provider Name='Microsoft-Windows-Sysmon' Guid='{5770385f-c22a-43e0-bf4c-06f5698ffbd9}'/><EventID>22</EventID><Version>5</Version><Level>4</Level><Task>22</Task><Opcode>0</Opcode><Keywords>0x8000000000000000</Keywords><TimeCreated SystemTime='2020-05-18T06:24:16.997398800Z'/><EventRecordID>2602</EventRecordID><Correlation/><Execution ProcessID='3008' ThreadID='3548'/><Channel>Microsoft-Windows-Sysmon/Operational</Channel><Computer>DESKTOP-P84STH6</Computer><Security UserID='S-1-5-18'/></System><EventData><Data Name='RuleName'></Data><Data Name='UtcTime'>2020-05-18 06:24:13.550</Data><Data Name='ProcessGuid'>{5d3d98af-29fc-5ec2-0000-001082bd3800}</Data><Data Name='ProcessId'>9196</Data><Data Name='QueryName'>rrr34tw.tk</Data><Data Name='QueryStatus'>0</Data><Data Name='QueryResults'>140.113.194.88;104.155.29.241;</Data><Data Name='Image'>C:\Program Files (x86)\Google\Chrome\Application\chrome.exe</Data></EventData></Event><Event xmlns='http://schemas.microsoft.com/win/2004/08/events/event'><System><Provider Name='Microsoft-Windows-Sysmon' Guid='{5770385f-c22a-43e0-bf4c-06f5698ffbd9}'/><EventID>11</EventID><Version>2</Version><Level>4</Level><Task>11</Task><Opcode>0</Opcode><Keywords>0x8000000000000000</Keywords><TimeCreated SystemTime='2020-05-18T06:24:14.850545100Z'/><EventRecordID>2601</EventRecordID><Correlation/><Execution ProcessID='3008' ThreadID='3552'/><Channel>Microsoft-Windows-Sysmon/Operational</Channel><Computer>DESKTOP-P84STH6</Computer><Security UserID='S-1-5-18'/></System><EventData><Data Name='RuleName'></Data><Data Name='UtcTime'>2020-05-18 06:24:14.846</Data><Data Name='ProcessGuid'>{5d3d98af-26b8-5ec2-0000-0010b81c0300}</Data><Data Name='ProcessId'>3696</Data><Data Name='Image'>C:\Windows\system32\svchost.exe</Data><Data Name='TargetFilename'>C:\Program Files\WindowsApps\king.com.BubbleWitch3Saga_6.8.5.0_x86__kgqvnymyfvs32\res_output\autoexec.bat</Data><Data Name='CreationUtcTime'>2020-05-18 06:24:14.846</Data></EventData></Event><Event xmlns='http://schemas.microsoft.com/win/2004/08/events/event'><System><Provider Name='Microsoft-Windows-Sysmon' Guid='{5770385f-c22a-43e0-bf4c-06f5698ffbd9}'/><EventID>11</EventID><Version>2</Version><Level>4</Level><Task>11</Task><Opcode>0</Opcode><Keywords>0x8000000000000000</Keywords><TimeCreated SystemTime='2020-05-18T06:24:14.690276600Z'/><EventRecordID>2600</EventRecordID><Correlation/><Execution ProcessID='3008' ThreadID='3552'/><Channel>Microsoft-Windows-Sysmon/Operational</Channel><Computer>DESKTOP-P84STH6</Computer><Security UserID='S-1-5-18'/></System><EventData><Data Name='RuleName'>DLL</Data><Data Name='UtcTime'>2020-05-18 06:24:14.674</Data><Data Name='ProcessGuid'>{5d3d98af-26b8-5ec2-0000-0010b81c0300}</Data><Data Name='ProcessId'>3696</Data><Data Name='Image'>C:\Windows\system32\svchost.exe</Data><Data Name='TargetFilename'>C:\Program Files\WindowsApps\king.com.BubbleWitch3Saga_6.8.5.0_x86__kgqvnymyfvs32\libeay32.dll</Data><Data Name='CreationUtcTime'>2020-05-18 06:24:14.674</Data></EventData></Event><Event xmlns='http://schemas.microsoft.com/win/2004/08/events/event'><System><Provider Name='Microsoft-Windows-Sysmon' Guid='{5770385f-c22a-43e0-bf4c-06f5698ffbd9}'/><EventID>11</EventID><Version>2</Version><Level>4</Level><Task>11</Task><Opcode>0</Opcode><Keywords>0x8000000000000000</Keywords><TimeCreated SystemTime='2020-05-18T06:24:14.689554100Z'/><EventRecordID>2599</EventRecordID><Correlation/><Execution ProcessID='3008' ThreadID='3552'/><Channel>Microsoft-Windows-Sysmon/Operational</Channel><Computer>DESKTOP-P84STH6</Computer><Security UserID='S-1-5-18'/></System><EventData><Data Name='RuleName'>DLL</Data><Data Name='UtcTime'>2020-05-18 06:24:14.674</Data><Data Name='ProcessGuid'>{5d3d98af-26b8-5ec2-0000-0010b81c0300}</Data><Data Name='ProcessId'>3696</Data><Data Name='Image'>C:\Windows\system32\svchost.exe</Data><Data Name='TargetFilename'>C:\Program Files\WindowsApps\king.com.BubbleWitch3Saga_6.8.5.0_x86__kgqvnymyfvs32\libcurl.dll</Data><Data Name='CreationUtcTime'>2020-05-18 06:24:14.674</Data></EventData></Event><Event xmlns='http://schemas.microsoft.com/win/2004/08/events/event'><System><Provider Name='Microsoft-Windows-Sysmon' Guid='{5770385f-c22a-43e0-bf4c-06f5698ffbd9}'/><EventID>11</EventID><Version>2</Version><Level>4</Level><Task>11</Task><Opcode>0</Opcode><Keywords>0x8000000000000000</Keywords><TimeCreated SystemTime='2020-05-18T06:24:14.680980100Z'/><EventRecordID>2598</EventRecordID><Correlation/><Execution ProcessID='3008' ThreadID='3552'/><Channel>Microsoft-Windows-Sysmon/Operational</Channel><Computer>DESKTOP-P84STH6</Computer><Security UserID='S-1-5-18'/></System><EventData><Data Name='RuleName'>DLL</Data><Data Name='UtcTime'>2020-05-18 06:24:14.674</Data><Data Name='ProcessGuid'>{5d3d98af-26b8-5ec2-0000-0010b81c0300}</Data><Data Name='ProcessId'>3696</Data><Data Name='Image'>C:\Windows\system32\svchost.exe</Data><Data Name='TargetFilename'>C:\Program Files\WindowsApps\king.com.BubbleWitch3Saga_6.8.5.0_x86__kgqvnymyfvs32\facebook-windows-sdk.dll</Data><Data Name='CreationUtcTime'>2020-05-18 06:24:14.674</Data></EventData></Event><Event xmlns='http://schemas.microsoft.com/win/2004/08/events/event'><System><Provider Name='Microsoft-Windows-Sysmon' Guid='{5770385f-c22a-43e0-bf4c-06f5698ffbd9}'/><EventID>11</EventID><Version>2</Version><Level>4</Level><Task>11</Task><Opcode>0</Opcode><Keywords>0x8000000000000000</Keywords><TimeCreated SystemTime='2020-05-18T06:24:14.677782900Z'/><EventRecordID>2597</EventRecordID><Correlation/><Execution ProcessID='3008' ThreadID='3552'/><Channel>Microsoft-Windows-Sysmon/Operational</Channel><Computer>DESKTOP-P84STH6</Computer><Security UserID='S-1-5-18'/></System><EventData><Data Name='RuleName'>EXE</Data><Data Name='UtcTime'>2020-05-18 06:24:14.674</Data><Data Name='ProcessGuid'>{5d3d98af-26b8-5ec2-0000-0010b81c0300}</Data><Data Name='ProcessId'>3696</Data><Data Name='Image'>C:\Windows\system32\svchost.exe</Data><Data Name='TargetFilename'>C:\Program Files\WindowsApps\king.com.BubbleWitch3Saga_6.8.5.0_x86__kgqvnymyfvs32\bubblewitch3.exe</Data><Data Name='CreationUtcTime'>2020-05-18 06:24:14.674</Data></EventData></Event><Event xmlns='http://schemas.microsoft.com/win/2004/08/events/event'><System><Provider Name='Microsoft-Windows-Sysmon' Guid='{5770385f-c22a-43e0-bf4c-06f5698ffbd9}'/><EventID>13</EventID><Version>2</Version><Level>4</Level><Task>13</Task><Opcode>0</Opcode><Keywords>0x8000000000000000</Keywords><TimeCreated SystemTime='2020-05-18T06:24:14.192243900Z'/><EventRecordID>2596</EventRecordID><Correlation/><Execution ProcessID='3008' ThreadID='3552'/><Channel>Microsoft-Windows-Sysmon/Operational</Channel><Computer>DESKTOP-P84STH6</Computer><Security UserID='S-1-5-18'/></System><EventData><Data Name='RuleName'>Tamper-Winlogon</Data><Data Name='EventType'>SetValue</Data><Data Name='UtcTime'>2020-05-18 06:24:14.175</Data><Data Name='ProcessGuid'>{5d3d98af-2a04-5ec2-0000-001043d43a00}</Data><Data Name='ProcessId'>4008</Data><Data Name='Image'>C:\Windows\servicing\TrustedInstaller.exe</Data><Data Name='TargetObject'>HKLM\System\CurrentControlSet\Control\Winlogon\Notifications\Components\TrustedInstaller\Events</Data><Data Name='Details'>(Empty)</Data></EventData></Event><Event xmlns='http://schemas.microsoft.com/win/2004/08/events/event'><System><Provider Name='Microsoft-Windows-Sysmon' Guid='{5770385f-c22a-43e0-bf4c-06f5698ffbd9}'/><EventID>1</EventID><Version>5</Version><Level>4</Level><Task>1</Task><Opcode>0</Opcode><Keywords>0x8000000000000000</Keywords><TimeCreated SystemTime='2020-05-18T06:24:14.119976200Z'/><EventRecordID>2595</EventRecordID><Correlation/><Execution ProcessID='3008' ThreadID='3552'/><Channel>Microsoft-Windows-Sysmon/Operational</Channel><Computer>DESKTOP-P84STH6</Computer><Security UserID='S-1-5-18'/></System><EventData><Data Name='RuleName'></Data><Data Name='UtcTime'>2020-05-18 06:24:14.113</Data><Data Name='ProcessGuid'>{5d3d98af-2a0e-5ec2-0000-0010d6643c00}</Data><Data Name='ProcessId'>2400</Data><Data Name='Image'>C:\Windows\System32\VSSVC.exe</Data><Data Name='FileVersion'>10.0.18362.1 (WinBuild.160101.0800)</Data><Data Name='Description'>Microsoft® Volume Shadow Copy Service</Data><Data Name='Product'>Microsoft® Windows® Operating System</Data><Data Name='Company'>Microsoft Corporation</Data><Data Name='OriginalFileName'>VSSVC.EXE</Data><Data Name='CommandLine'>C:\Windows\system32\vssvc.exe</Data><Data Name='CurrentDirectory'>C:\Windows\system32\</Data><Data Name='User'>NT AUTHORITY\SYSTEM</Data><Data Name='LogonGuid'>{5d3d98af-26b2-5ec2-0000-0020e7030000}</Data><Data Name='LogonId'>0x3e7</Data><Data Name='TerminalSessionId'>0</Data><Data Name='IntegrityLevel'>System</Data><Data Name='Hashes'>MD5=C82C209DF1CFDA5C72B148DFC2FA5D1D,SHA256=C4A4BB9B050D214D44119D6F39822E9E3B36EF7DA67471843C0856E090987B70,IMPHASH=17A4435C23F6131C19FA794A6C9D65C6</Data><Data Name='ParentProcessGuid'>{5d3d98af-26b2-5ec2-0000-0010025c0000}</Data><Data Name='ParentProcessId'>660</Data><Data Name='ParentImage'>C:\Windows\System32\services.exe</Data><Data Name='ParentCommandLine'>C:\Windows\system32\services.exe</Data></EventData></Event><Event xmlns='http://schemas.microsoft.com/win/2004/08/events/event'><System><Provider Name='Microsoft-Windows-Sysmon' Guid='{5770385f-c22a-43e0-bf4c-06f5698ffbd9}'/><EventID>13</EventID><Version>2</Version><Level>4</Level><Task>13</Task><Opcode>0</Opcode><Keywords>0x8000000000000000</Keywords><TimeCreated SystemTime='2020-05-18T06:24:10.228151000Z'/><EventRecordID>2594</EventRecordID><Correlation/><Execution ProcessID='3008' ThreadID='3552'/><Channel>Microsoft-Windows-Sysmon/Operational</Channel><Computer>DESKTOP-P84STH6</Computer><Security UserID='S-1-5-18'/></System><EventData><Data Name='RuleName'>Tamper-Winlogon</Data><Data Name='EventType'>SetValue</Data><Data Name='UtcTime'>2020-05-18 06:24:10.225</Data><Data Name='ProcessGuid'>{5d3d98af-2a04-5ec2-0000-001043d43a00}</Data><Data Name='ProcessId'>4008</Data><Data Name='Image'>C:\Windows\servicing\TrustedInstaller.exe</Data><Data Name='TargetObject'>HKLM\System\CurrentControlSet\Control\Winlogon\Notifications\Components\TrustedInstaller\Events</Data><Data Name='Details'>CreateSession</Data></EventData></Event><Event xmlns='http://schemas.microsoft.com/win/2004/08/events/event'><System><Provider Name='Microsoft-Windows-Sysmon' Guid='{5770385f-c22a-43e0-bf4c-06f5698ffbd9}'/><EventID>1</EventID><Version>5</Version><Level>4</Level><Task>1</Task><Opcode>0</Opcode><Keywords>0x8000000000000000</Keywords><TimeCreated SystemTime='2020-05-18T06:24:08.219177300Z'/><EventRecordID>2593</EventRecordID><Correlation/><Execution ProcessID='3008' ThreadID='3552'/><Channel>Microsoft-Windows-Sysmon/Operational</Channel><Computer>DESKTOP-P84STH6</Computer><Security UserID='S-1-5-18'/></System><EventData><Data Name='RuleName'></Data><Data Name='UtcTime'>2020-05-18 06:24:08.178</Data><Data Name='ProcessGuid'>{5d3d98af-2a08-5ec2-0000-0010dc8d3b00}</Data><Data Name='ProcessId'>304</Data><Data Name='Image'>C:\Windows\ImmersiveControlPanel\SystemSettings.exe</Data><Data Name='FileVersion'>10.0.18362.387 (WinBuild.160101.0800)</Data><Data Name='Description'>Settings</Data><Data Name='Product'>Microsoft® Windows® Operating System</Data><Data Name='Company'>Microsoft Corporation</Data><Data Name='OriginalFileName'>SystemSettings.exe</Data><Data Name='CommandLine'>"C:\Windows\ImmersiveControlPanel\SystemSettings.exe" -ServerName:microsoft.windows.immersivecontrolpanel</Data><Data Name='CurrentDirectory'>C:\Windows\ImmersiveControlPanel\</Data><Data Name='User'>DESKTOP-P84STH6\NS</Data><Data Name='LogonGuid'>{5d3d98af-26d0-5ec2-0000-0020be0f0400}</Data><Data Name='LogonId'>0x40fbe</Data><Data Name='TerminalSessionId'>1</Data><Data Name='IntegrityLevel'>Medium</Data><Data Name='Hashes'>MD5=370FF523E530887FDAEB537EE3764E9E,SHA256=880DEA11F75380E300BFD5C8054A655EACB2AA0DA2C0D89FEF3C32666DF9A533,IMPHASH=EC87C68A546FB4BDECF11BCB83E7D0E5</Data><Data Name='ParentProcessGuid'>{5d3d98af-26b3-5ec2-0000-00102c720000}</Data><Data Name='ParentProcessId'>844</Data><Data Name='ParentImage'>C:\Windows\System32\svchost.exe</Data><Data Name='ParentCommandLine'>C:\Windows\system32\svchost.exe -k DcomLaunch -p</Data></EventData></Event><Event xmlns='http://schemas.microsoft.com/win/2004/08/events/event'><System><Provider Name='Microsoft-Windows-Sysmon' Guid='{5770385f-c22a-43e0-bf4c-06f5698ffbd9}'/><EventID>22</EventID><Version>5</Version><Level>4</Level><Task>22</Task><Opcode>0</Opcode><Keywords>0x8000000000000000</Keywords><TimeCreated SystemTime='2020-05-18T06:24:07.607802400Z'/><EventRecordID>2592</EventRecordID><Correlation/><Execution ProcessID='3008' ThreadID='3548'/><Channel>Microsoft-Windows-Sysmon/Operational</Channel><Computer>DESKTOP-P84STH6</Computer><Security UserID='S-1-5-18'/></System><EventData><Data Name='RuleName'></Data><Data Name='UtcTime'>2020-05-18 06:24:05.729</Data><Data Name='ProcessGuid'>{5d3d98af-29ff-5ec2-0000-0010299e3900}</Data><Data Name='ProcessId'>6416</Data><Data Name='QueryName'>onecs-live.azureedge.net</Data><Data Name='QueryStatus'>0</Data><Data Name='QueryResults'>type:  5 onecs-live.ec.azureedge.net;type:  5 cs9.wpc.v0cdn.net;::ffff:117.18.232.200;72.21.80.5;2606:2800:1::5;72.21.80.6;192.229.254.5;2606:2800:e::5;</Data><Data Name='Image'>C:\Windows\ImmersiveControlPanel\SystemSettings.exe</Data></EventData></Event><Event xmlns='http://schemas.microsoft.com/win/2004/08/events/event'><System><Provider Name='Microsoft-Windows-Sysmon' Guid='{5770385f-c22a-43e0-bf4c-06f5698ffbd9}'/><EventID>22</EventID><Version>5</Version><Level>4</Level><Task>22</Task><Opcode>0</Opcode><Keywords>0x8000000000000000</Keywords><TimeCreated SystemTime='2020-05-18T06:24:07.607326400Z'/><EventRecordID>2591</EventRecordID><Correlation/><Execution ProcessID='3008' ThreadID='3548'/><Channel>Microsoft-Windows-Sysmon/Operational</Channel><Computer>DESKTOP-P84STH6</Computer><Security UserID='S-1-5-18'/></System><EventData><Data Name='RuleName'></Data><Data Name='UtcTime'>2020-05-18 06:24:04.186</Data><Data Name='ProcessGuid'>{5d3d98af-29fc-5ec2-0000-001082bd3800}</Data><Data Name='ProcessId'>9196</Data><Data Name='QueryName'>rdszvilad</Data><Data Name='QueryStatus'>123</Data><Data Name='QueryResults'></Data><Data Name='Image'>C:\Program Files (x86)\Google\Chrome\Application\chrome.exe</Data></EventData></Event><Event xmlns='http://schemas.microsoft.com/win/2004/08/events/event'><System><Provider Name='Microsoft-Windows-Sysmon' Guid='{5770385f-c22a-43e0-bf4c-06f5698ffbd9}'/><EventID>22</EventID><Version>5</Version><Level>4</Level><Task>22</Task><Opcode>0</Opcode><Keywords>0x8000000000000000</Keywords><TimeCreated SystemTime='2020-05-18T06:24:07.606977100Z'/><EventRecordID>2590</EventRecordID><Correlation/><Execution ProcessID='3008' ThreadID='3548'/><Channel>Microsoft-Windows-Sysmon/Operational</Channel><Computer>DESKTOP-P84STH6</Computer><Security UserID='S-1-5-18'/></System><EventData><Data Name='RuleName'></Data><Data Name='UtcTime'>2020-05-18 06:24:04.186</Data><Data Name='ProcessGuid'>{5d3d98af-29fc-5ec2-0000-001082bd3800}</Data><Data Name='ProcessId'>9196</Data><Data Name='QueryName'>ghbydgvf</Data><Data Name='QueryStatus'>123</Data><Data Name='QueryResults'></Data><Data Name='Image'>C:\Program Files (x86)\Google\Chrome\Application\chrome.exe</Data></EventData></Event><Event xmlns='http://schemas.microsoft.com/win/2004/08/events/event'><System><Provider Name='Microsoft-Windows-Sysmon' Guid='{5770385f-c22a-43e0-bf4c-06f5698ffbd9}'/><EventID>22</EventID><Version>5</Version><Level>4</Level><Task>22</Task><Opcode>0</Opcode><Keywords>0x8000000000000000</Keywords><TimeCreated SystemTime='2020-05-18T06:24:07.606674700Z'/><EventRecordID>2589</EventRecordID><Correlation/><Execution ProcessID='3008' ThreadID='3548'/><Channel>Microsoft-Windows-Sysmon/Operational</Channel><Computer>DESKTOP-P84STH6</Computer><Security UserID='S-1-5-18'/></System><EventData><Data Name='RuleName'></Data><Data Name='UtcTime'>2020-05-18 06:24:04.185</Data><Data Name='ProcessGuid'>{5d3d98af-29fc-5ec2-0000-001082bd3800}</Data><Data Name='ProcessId'>9196</Data><Data Name='QueryName'>njgwlxd</Data><Data Name='QueryStatus'>123</Data><Data Name='QueryResults'></Data><Data Name='Image'>C:\Program Files (x86)\Google\Chrome\Application\chrome.exe</Data></EventData></Event><Event xmlns='http://schemas.microsoft.com/win/2004/08/events/event'><System><Provider Name='Microsoft-Windows-Sysmon' Guid='{5770385f-c22a-43e0-bf4c-06f5698ffbd9}'/><EventID>1</EventID><Version>5</Version><Level>4</Level><Task>1</Task><Opcode>0</Opcode><Keywords>0x8000000000000000</Keywords><TimeCreated SystemTime='2020-05-18T06:24:07.212417800Z'/><EventRecordID>2588</EventRecordID><Correlation/><Execution ProcessID='3008' ThreadID='3552'/><Channel>Microsoft-Windows-Sysmon/Operational</Channel><Computer>DESKTOP-P84STH6</Computer><Security UserID='S-1-5-18'/></System><EventData><Data Name='RuleName'></Data><Data Name='UtcTime'>2020-05-18 06:24:07.198</Data><Data Name='ProcessGuid'>{5d3d98af-2a07-5ec2-0000-00105f643b00}</Data><Data Name='ProcessId'>7892</Data><Data Name='Image'>C:\Windows\System32\svchost.exe</Data><Data Name='FileVersion'>10.0.18362.1 (WinBuild.160101.0800)</Data><Data Name='Description'>Host Process for Windows Services</Data><Data Name='Product'>Microsoft® Windows® Operating System</Data><Data Name='Company'>Microsoft Corporation</Data><Data Name='OriginalFileName'>svchost.exe</Data><Data Name='CommandLine'>C:\Windows\system32\svchost.exe -k BcastDVRUserService -s BcastDVRUserService</Data><Data Name='CurrentDirectory'>C:\Windows\system32\</Data><Data Name='User'>DESKTOP-P84STH6\NS</Data><Data Name='LogonGuid'>{5d3d98af-26d0-5ec2-0000-0020be0f0400}</Data><Data Name='LogonId'>0x40fbe</Data><Data Name='TerminalSessionId'>1</Data><Data Name='IntegrityLevel'>Medium</Data><Data Name='Hashes'>MD5=9520A99E77D6196D0D09833146424113,SHA256=DD191A5B23DF92E12A8852291F9FB5ED594B76A28A5A464418442584AFD1E048,IMPHASH=247B9220E5D9B720A82B2C8B5069AD69</Data><Data Name='ParentProcessGuid'>{5d3d98af-26b2-5ec2-0000-0010025c0000}</Data><Data Name='ParentProcessId'>660</Data><Data Name='ParentImage'>C:\Windows\System32\services.exe</Data><Data Name='ParentCommandLine'>C:\Windows\system32\services.exe</Data></EventData></Event><Event xmlns='http://schemas.microsoft.com/win/2004/08/events/event'><System><Provider Name='Microsoft-Windows-Sysmon' Guid='{5770385f-c22a-43e0-bf4c-06f5698ffbd9}'/><EventID>1</EventID><Version>5</Version><Level>4</Level><Task>1</Task><Opcode>0</Opcode><Keywords>0x8000000000000000</Keywords><TimeCreated SystemTime='2020-05-18T06:24:05.083683500Z'/><EventRecordID>2587</EventRecordID><Correlation/><Execution ProcessID='3008' ThreadID='3552'/><Channel>Microsoft-Windows-Sysmon/Operational</Channel><Computer>DESKTOP-P84STH6</Computer><Security UserID='S-1-5-18'/></System><EventData><Data Name='RuleName'></Data><Data Name='UtcTime'>2020-05-18 06:24:04.630</Data><Data Name='ProcessGuid'>{5d3d98af-2a04-5ec2-0000-0010f2e93a00}</Data><Data Name='ProcessId'>3988</Data><Data Name='Image'>C:\Windows\WinSxS\amd64_microsoft-windows-servicingstack_31bf3856ad364e35_10.0.18362.411_none_5f53d2d858cf8961\TiWorker.exe</Data><Data Name='FileVersion'>10.0.18362.1 (WinBuild.160101.0800)</Data><Data Name='Description'>Windows Modules Installer Worker</Data><Data Name='Product'>Microsoft® Windows® Operating System</Data><Data Name='Company'>Microsoft Corporation</Data><Data Name='OriginalFileName'>TiWorker.exe</Data><Data Name='CommandLine'>C:\Windows\winsxs\amd64_microsoft-windows-servicingstack_31bf3856ad364e35_10.0.18362.411_none_5f53d2d858cf8961\TiWorker.exe -Embedding</Data><Data Name='CurrentDirectory'>C:\Windows\system32\</Data><Data Name='User'>NT AUTHORITY\SYSTEM</Data><Data Name='LogonGuid'>{5d3d98af-26b2-5ec2-0000-0020e7030000}</Data><Data Name='LogonId'>0x3e7</Data><Data Name='TerminalSessionId'>0</Data><Data Name='IntegrityLevel'>System</Data><Data Name='Hashes'>MD5=0ECD172646FE879F84FF33DA8FFA9373,SHA256=C26DC49916EE8298F8A8CBF8ACE62A4538775F8D8D5B33322A316BA7555616B6,IMPHASH=5C119443B09CF04CA999CBD8CA2382AC</Data><Data Name='ParentProcessGuid'>{5d3d98af-26b3-5ec2-0000-00102c720000}</Data><Data Name='ParentProcessId'>844</Data><Data Name='ParentImage'>C:\Windows\System32\svchost.exe</Data><Data Name='ParentCommandLine'>C:\Windows\system32\svchost.exe -k DcomLaunch -p</Data></EventData></Event><Event xmlns='http://schemas.microsoft.com/win/2004/08/events/event'><System><Provider Name='Microsoft-Windows-Sysmon' Guid='{5770385f-c22a-43e0-bf4c-06f5698ffbd9}'/><EventID>1</EventID><Version>5</Version><Level>4</Level><Task>1</Task><Opcode>0</Opcode><Keywords>0x8000000000000000</Keywords><TimeCreated SystemTime='2020-05-18T06:24:04.894687400Z'/><EventRecordID>2586</EventRecordID><Correlation/><Execution ProcessID='3008' ThreadID='3552'/><Channel>Microsoft-Windows-Sysmon/Operational</Channel><Computer>DESKTOP-P84STH6</Computer><Security UserID='S-1-5-18'/></System><EventData><Data Name='RuleName'></Data><Data Name='UtcTime'>2020-05-18 06:24:04.397</Data><Data Name='ProcessGuid'>{5d3d98af-2a04-5ec2-0000-001043d43a00}</Data><Data Name='ProcessId'>4008</Data><Data Name='Image'>C:\Windows\servicing\TrustedInstaller.exe</Data><Data Name='FileVersion'>10.0.18362.1 (WinBuild.160101.0800)</Data><Data Name='Description'>Windows Modules Installer</Data><Data Name='Product'>Microsoft® Windows® Operating System</Data><Data Name='Company'>Microsoft Corporation</Data><Data Name='OriginalFileName'>TrustedInstaller.exe</Data><Data Name='CommandLine'>C:\Windows\servicing\TrustedInstaller.exe</Data><Data Name='CurrentDirectory'>C:\Windows\system32\</Data><Data Name='User'>NT AUTHORITY\SYSTEM</Data><Data Name='LogonGuid'>{5d3d98af-26b2-5ec2-0000-0020e7030000}</Data><Data Name='LogonId'>0x3e7</Data><Data Name='TerminalSessionId'>0</Data><Data Name='IntegrityLevel'>System</Data><Data Name='Hashes'>MD5=8B5AFFC4987F9AE41DF15940C6EF66CB,SHA256=520273402F22ADA8948F8E1CB0899D0A5B1BC01CFF787747C1227945B336E4C5,IMPHASH=88851E233BD15333933A93A6EDD4788A</Data><Data Name='ParentProcessGuid'>{5d3d98af-26b2-5ec2-0000-0010025c0000}</Data><Data Name='ParentProcessId'>660</Data><Data Name='ParentImage'>C:\Windows\System32\services.exe</Data><Data Name='ParentCommandLine'>C:\Windows\system32\services.exe</Data></EventData></Event><Event xmlns='http://schemas.microsoft.com/win/2004/08/events/event'><System><Provider Name='Microsoft-Windows-Sysmon' Guid='{5770385f-c22a-43e0-bf4c-06f5698ffbd9}'/><EventID>1</EventID><Version>5</Version><Level>4</Level><Task>1</Task><Opcode>0</Opcode><Keywords>0x8000000000000000</Keywords><TimeCreated SystemTime='2020-05-18T06:24:04.884534300Z'/><EventRecordID>2585</EventRecordID><Correlation/><Execution ProcessID='3008' ThreadID='3552'/><Channel>Microsoft-Windows-Sysmon/Operational</Channel><Computer>DESKTOP-P84STH6</Computer><Security UserID='S-1-5-18'/></System><EventData><Data Name='RuleName'></Data><Data Name='UtcTime'>2020-05-18 06:24:04.310</Data><Data Name='ProcessGuid'>{5d3d98af-2a04-5ec2-0000-001026cc3a00}</Data><Data Name='ProcessId'>7780</Data><Data Name='Image'>C:\Windows\System32\fodhelper.exe</Data><Data Name='FileVersion'>10.0.18362.1 (WinBuild.160101.0800)</Data><Data Name='Description'>Features On Demand Helper</Data><Data Name='Product'>Microsoft® Windows® Operating System</Data><Data Name='Company'>Microsoft Corporation</Data><Data Name='OriginalFileName'>FodHelper.EXE</Data><Data Name='CommandLine'>C:\Windows\System32\FodHelper.exe -Embedding</Data><Data Name='CurrentDirectory'>C:\Windows\system32\</Data><Data Name='User'>NT AUTHORITY\SYSTEM</Data><Data Name='LogonGuid'>{5d3d98af-26b2-5ec2-0000-0020e7030000}</Data><Data Name='LogonId'>0x3e7</Data><Data Name='TerminalSessionId'>0</Data><Data Name='IntegrityLevel'>System</Data><Data Name='Hashes'>MD5=7215C73EC1AAE35B9E4B1F22C811F85C,SHA256=7E80DA8D839DCF05E30317256460ED7A4EE25CAB2750D768569AAAB35E1E8C64,IMPHASH=2BD851C90720C3E5FEE7E3FF3ACFA3D5</Data><Data Name='ParentProcessGuid'>{5d3d98af-26b3-5ec2-0000-00102c720000}</Data><Data Name='ParentProcessId'>844</Data><Data Name='ParentImage'>C:\Windows\System32\svchost.exe</Data><Data Name='ParentCommandLine'>C:\Windows\system32\svchost.exe -k DcomLaunch -p</Data></EventData></Event>