<Event xmlns='http://schemas.microsoft.com/win/2004/08/events/event'><System><Provider Name='Microsoft-Windows-Sysmon' Guid='{5770385f-c22a-43e0-bf4c-06f5698ffbd9}'/><EventID>1</EventID><Version>5</Version><Level>4</Level><Task>1</Task><Opcode>0</Opcode><Keywords>0x8000000000000000</Keywords><TimeCreated SystemTime='2020-05-18T06:24:04.229844700Z'/><EventRecordID>2584</EventRecordID><Correlation/><Execution ProcessID='3008' ThreadID='3552'/><Channel>Microsoft-Windows-Sysmon/Operational</Channel><Computer>DESKTOP-P84STH6</Computer><Security UserID='S-1-5-18'/></System><EventData><Data Name='RuleName'></Data><Data Name='UtcTime'>2020-05-18 06:24:03.477</Data><Data Name='ProcessGuid'>{5d3d98af-2a03-5ec2-0000-001053863a00}</Data><Data Name='ProcessId'>8148</Data><Data Name='Image'>C:\Windows\System32\svchost.exe</Data><Data Name='FileVersion'>10.0.18362.1 (WinBuild.160101.0800)</Data><Data Name='Description'>Host Process for Windows Services</Data><Data Name='Product'>Microsoft® Windows® Operating System</Data><Data Name='Company'>Microsoft Corporation</Data><Data Name='OriginalFileName'>svchost.exe</Data><Data Name='CommandLine'>C:\Windows\system32\svchost.exe -k WbioSvcGroup -s WbioSrvc</Data><Data Name='CurrentDirectory'>C:\Windows\system32\</Data><Data Name='User'>NT AUTHORITY\SYSTEM</Data><Data Name='LogonGuid'>{5d3d98af-26b2-5ec2-0000-0020e7030000}</Data><Data Name='LogonId'>0x3e7</Data><Data Name='TerminalSessionId'>0</Data><Data Name='IntegrityLevel'>System</Data><Data Name='Hashes'>MD5=9520A99E77D6196D0D09833146424113,SHA256=DD191A5B23DF92E12A8852291F9FB5ED594B76A28A5A464418442584AFD1E048,IMPHASH=247B9220E5D9B720A82B2C8B5069AD69</Data><Data Name='ParentProcessGuid'>{5d3d98af-26b2-5ec2-0000-0010025c0000}</Data><Data Name='ParentProcessId'>660</Data><Data Name='ParentImage'>C:\Windows\System32\services.exe</Data><Data Name='ParentCommandLine'>C:\Windows\system32\services.exe</Data></EventData></Event><Event xmlns='http://schemas.microsoft.com/win/2004/08/events/event'><System><Provider Name='Microsoft-Windows-Sysmon' Guid='{5770385f-c22a-43e0-bf4c-06f5698ffbd9}'/><EventID>1</EventID><Version>5</Version><Level>4</Level><Task>1</Task><Opcode>0</Opcode><Keywords>0x8000000000000000</Keywords><TimeCreated SystemTime='2020-05-18T06:24:03.925252700Z'/><EventRecordID>2583</EventRecordID><Correlation/><Execution ProcessID='3008' ThreadID='3552'/><Channel>Microsoft-Windows-Sysmon/Operational</Channel><Computer>DESKTOP-P84STH6</Computer><Security UserID='S-1-5-18'/></System><EventData><Data Name='RuleName'></Data><Data Name='UtcTime'>2020-05-18 06:24:03.288</Data><Data Name='ProcessGuid'>{5d3d98af-2a03-5ec2-0000-00105a773a00}</Data><Data Name='ProcessId'>3736</Data><Data Name='Image'>C:\Windows\System32\Speech_OneCore\common\SpeechRuntime.exe</Data><Data Name='FileVersion'>10.0.18362.1 (WinBuild.160101.0800)</Data><Data Name='Description'>Speech Runtime Executable</Data><Data Name='Product'>Microsoft® Windows® Operating System</Data><Data Name='Company'>Microsoft Corporation</Data><Data Name='OriginalFileName'>SpeechRuntime.exe</Data><Data Name='CommandLine'>C:\Windows\System32\Speech_OneCore\Common\SpeechRuntime.exe -Embedding</Data><Data Name='CurrentDirectory'>C:\Windows\system32\</Data><Data Name='User'>DESKTOP-P84STH6\NS</Data><Data Name='LogonGuid'>{5d3d98af-26d0-5ec2-0000-0020be0f0400}</Data><Data Name='LogonId'>0x40fbe</Data><Data Name='TerminalSessionId'>1</Data><Data Name='IntegrityLevel'>Medium</Data><Data Name='Hashes'>MD5=61334FA917EAE557B7B77DB5B7BD328F,SHA256=DD45C37C39FBEE84E245B67AFF8970A652D53FC6DD78BFBE36D1F8A04D21D582,IMPHASH=124C4CEEFDDEE73D1EB21D543ABAC203</Data><Data Name='ParentProcessGuid'>{5d3d98af-26b3-5ec2-0000-00102c720000}</Data><Data Name='ParentProcessId'>844</Data><Data Name='ParentImage'>C:\Windows\System32\svchost.exe</Data><Data Name='ParentCommandLine'>C:\Windows\system32\svchost.exe -k DcomLaunch -p</Data></EventData></Event><Event xmlns='http://schemas.microsoft.com/win/2004/08/events/event'><System><Provider Name='Microsoft-Windows-Sysmon' Guid='{5770385f-c22a-43e0-bf4c-06f5698ffbd9}'/><EventID>22</EventID><Version>5</Version><Level>4</Level><Task>22</Task><Opcode>0</Opcode><Keywords>0x8000000000000000</Keywords><TimeCreated SystemTime='2020-05-18T06:24:00.196040100Z'/><EventRecordID>2582</EventRecordID><Correlation/><Execution ProcessID='3008' ThreadID='3548'/><Channel>Microsoft-Windows-Sysmon/Operational</Channel><Computer>DESKTOP-P84STH6</Computer><Security UserID='S-1-5-18'/></System><EventData><Data Name='RuleName'></Data><Data Name='UtcTime'>2020-05-18 06:23:57.840</Data><Data Name='ProcessGuid'>{5d3d98af-29fc-5ec2-0000-001082bd3800}</Data><Data Name='ProcessId'>9196</Data><Data Name='QueryName'>wpad</Data><Data Name='QueryStatus'>123</Data><Data Name='QueryResults'></Data><Data Name='Image'>C:\Program Files (x86)\Google\Chrome\Application\chrome.exe</Data></EventData></Event><Event xmlns='http://schemas.microsoft.com/win/2004/08/events/event'><System><Provider Name='Microsoft-Windows-Sysmon' Guid='{5770385f-c22a-43e0-bf4c-06f5698ffbd9}'/><EventID>1</EventID><Version>5</Version><Level>4</Level><Task>1</Task><Opcode>0</Opcode><Keywords>0x8000000000000000</Keywords><TimeCreated SystemTime='2020-05-18T06:24:00.011124600Z'/><EventRecordID>2581</EventRecordID><Correlation/><Execution ProcessID='3008' ThreadID='3552'/><Channel>Microsoft-Windows-Sysmon/Operational</Channel><Computer>DESKTOP-P84STH6</Computer><Security UserID='S-1-5-18'/></System><EventData><Data Name='RuleName'></Data><Data Name='UtcTime'>2020-05-18 06:23:59.999</Data><Data Name='ProcessGuid'>{5d3d98af-29ff-5ec2-0000-0010299e3900}</Data><Data Name='ProcessId'>6416</Data><Data Name='Image'>C:\Windows\ImmersiveControlPanel\SystemSettings.exe</Data><Data Name='FileVersion'>10.0.18362.387 (WinBuild.160101.0800)</Data><Data Name='Description'>Settings</Data><Data Name='Product'>Microsoft® Windows® Operating System</Data><Data Name='Company'>Microsoft Corporation</Data><Data Name='OriginalFileName'>SystemSettings.exe</Data><Data Name='CommandLine'>"C:\Windows\ImmersiveControlPanel\SystemSettings.exe" -ServerName:microsoft.windows.immersivecontrolpanel</Data><Data Name='CurrentDirectory'>C:\Windows\ImmersiveControlPanel\</Data><Data Name='User'>DESKTOP-P84STH6\NS</Data><Data Name='LogonGuid'>{5d3d98af-26d0-5ec2-0000-0020be0f0400}</Data><Data Name='LogonId'>0x40fbe</Data><Data Name='TerminalSessionId'>1</Data><Data Name='IntegrityLevel'>Medium</Data><Data Name='Hashes'>MD5=370FF523E530887FDAEB537EE3764E9E,SHA256=880DEA11F75380E300BFD5C8054A655EACB2AA0DA2C0D89FEF3C32666DF9A533,IMPHASH=EC87C68A546FB4BDECF11BCB83E7D0E5</Data><Data Name='ParentProcessGuid'>{5d3d98af-26b3-5ec2-0000-00102c720000}</Data><Data Name='ParentProcessId'>844</Data><Data Name='ParentImage'>C:\Windows\System32\svchost.exe</Data><Data Name='ParentCommandLine'>C:\Windows\system32\svchost.exe -k DcomLaunch -p</Data></EventData></Event><Event xmlns='http://schemas.microsoft.com/win/2004/08/events/event'><System><Provider Name='Microsoft-Windows-Sysmon' Guid='{5770385f-c22a-43e0-bf4c-06f5698ffbd9}'/><EventID>22</EventID><Version>5</Version><Level>4</Level><Task>22</Task><Opcode>0</Opcode><Keywords>0x8000000000000000</Keywords><TimeCreated SystemTime='2020-05-18T06:23:59.194888800Z'/><EventRecordID>2580</EventRecordID><Correlation/><Execution ProcessID='3008' ThreadID='3548'/><Channel>Microsoft-Windows-Sysmon/Operational</Channel><Computer>DESKTOP-P84STH6</Computer><Security UserID='S-1-5-18'/></System><EventData><Data Name='RuleName'></Data><Data Name='UtcTime'>2020-05-18 06:23:56.547</Data><Data Name='ProcessGuid'>{5d3d98af-29fc-5ec2-0000-001082bd3800}</Data><Data Name='ProcessId'>9196</Data><Data Name='QueryName'>accounts.google.com</Data><Data Name='QueryStatus'>0</Data><Data Name='QueryResults'>172.217.160.77;216.239.32.10;2001:4860:4802:32::a;216.239.34.10;2001:4860:4802:34::a;216.239.36.10;216.239.38.10;</Data><Data Name='Image'>C:\Program Files (x86)\Google\Chrome\Application\chrome.exe</Data></EventData></Event><Event xmlns='http://schemas.microsoft.com/win/2004/08/events/event'><System><Provider Name='Microsoft-Windows-Sysmon' Guid='{5770385f-c22a-43e0-bf4c-06f5698ffbd9}'/><EventID>22</EventID><Version>5</Version><Level>4</Level><Task>22</Task><Opcode>0</Opcode><Keywords>0x8000000000000000</Keywords><TimeCreated SystemTime='2020-05-18T06:23:59.194583800Z'/><EventRecordID>2579</EventRecordID><Correlation/><Execution ProcessID='3008' ThreadID='3548'/><Channel>Microsoft-Windows-Sysmon/Operational</Channel><Computer>DESKTOP-P84STH6</Computer><Security UserID='S-1-5-18'/></System><EventData><Data Name='RuleName'></Data><Data Name='UtcTime'>2020-05-18 06:23:56.540</Data><Data Name='ProcessGuid'>{5d3d98af-29fc-5ec2-0000-001082bd3800}</Data><Data Name='ProcessId'>9196</Data><Data Name='QueryName'>www.google.com</Data><Data Name='QueryStatus'>0</Data><Data Name='QueryResults'>172.217.160.68;216.239.32.10;2001:4860:4802:32::a;216.239.34.10;2001:4860:4802:34::a;216.239.36.10;216.239.38.10;</Data><Data Name='Image'>C:\Program Files (x86)\Google\Chrome\Application\chrome.exe</Data></EventData></Event><Event xmlns='http://schemas.microsoft.com/win/2004/08/events/event'><System><Provider Name='Microsoft-Windows-Sysmon' Guid='{5770385f-c22a-43e0-bf4c-06f5698ffbd9}'/><EventID>22</EventID><Version>5</Version><Level>4</Level><Task>22</Task><Opcode>0</Opcode><Keywords>0x8000000000000000</Keywords><TimeCreated SystemTime='2020-05-18T06:23:59.194246700Z'/><EventRecordID>2578</EventRecordID><Correlation/><Execution ProcessID='3008' ThreadID='3548'/><Channel>Microsoft-Windows-Sysmon/Operational</Channel><Computer>DESKTOP-P84STH6</Computer><Security UserID='S-1-5-18'/></System><EventData><Data Name='RuleName'></Data><Data Name='UtcTime'>2020-05-18 06:23:56.385</Data><Data Name='ProcessGuid'>{5d3d98af-26dd-5ec2-0000-00100bde0500}</Data><Data Name='ProcessId'>3468</Data><Data Name='QueryName'>fp-afd.azurefd.us</Data><Data Name='QueryStatus'>0</Data><Data Name='QueryResults'>type:  5 t-0001.msedge.azure.us;type:  5 eafd-defaultvips-3p-gov.usgovtrafficmanager.net;type:  5 eafd-ffgov-phx01.elasticafd.msedge.azure.us;::ffff:52.244.38.213;2001:489a:4000::1;195.134.226.1;2001:489a:4002::1;204.13.122.1;2001:489a:4006::1;</Data><Data Name='Image'>C:\Windows\SystemApps\Microsoft.Windows.Cortana_cw5n1h2txyewy\SearchUI.exe</Data></EventData></Event><Event xmlns='http://schemas.microsoft.com/win/2004/08/events/event'><System><Provider Name='Microsoft-Windows-Sysmon' Guid='{5770385f-c22a-43e0-bf4c-06f5698ffbd9}'/><EventID>3</EventID><Version>5</Version><Level>4</Level><Task>3</Task><Opcode>0</Opcode><Keywords>0x8000000000000000</Keywords><TimeCreated SystemTime='2020-05-18T06:23:57.454252900Z'/><EventRecordID>2577</EventRecordID><Correlation/><Execution ProcessID='3008' ThreadID='3544'/><Channel>Microsoft-Windows-Sysmon/Operational</Channel><Computer>DESKTOP-P84STH6</Computer><Security UserID='S-1-5-18'/></System><EventData><Data Name='RuleName'>Usermode</Data><Data Name='UtcTime'>2020-05-18 06:23:53.678</Data><Data Name='ProcessGuid'>{5d3d98af-296e-5ec2-0000-0010e8ac2b00}</Data><Data Name='ProcessId'>8132</Data><Data Name='Image'>C:\Users\NS\AppData\Local\Programs\Microsoft VS Code\Code.exe</Data><Data Name='User'>DESKTOP-P84STH6\NS</Data><Data Name='Protocol'>tcp</Data><Data Name='Initiated'>true</Data><Data Name='SourceIsIpv6'>false</Data><Data Name='SourceIp'>10.0.2.15</Data><Data Name='SourceHostname'>DESKTOP-P84STH6</Data><Data Name='SourcePort'>50135</Data><Data Name='SourcePortName'></Data><Data Name='DestinationIsIpv6'>false</Data><Data Name='DestinationIp'>111.221.29.254</Data><Data Name='DestinationHostname'></Data><Data Name='DestinationPort'>443</Data><Data Name='DestinationPortName'>https</Data></EventData></Event><Event xmlns='http://schemas.microsoft.com/win/2004/08/events/event'><System><Provider Name='Microsoft-Windows-Sysmon' Guid='{5770385f-c22a-43e0-bf4c-06f5698ffbd9}'/><EventID>1</EventID><Version>5</Version><Level>4</Level><Task>1</Task><Opcode>0</Opcode><Keywords>0x8000000000000000</Keywords><TimeCreated SystemTime='2020-05-18T06:23:56.713234000Z'/><EventRecordID>2576</EventRecordID><Correlation/><Execution ProcessID='3008' ThreadID='3552'/><Channel>Microsoft-Windows-Sysmon/Operational</Channel><Computer>DESKTOP-P84STH6</Computer><Security UserID='S-1-5-18'/></System><EventData><Data Name='RuleName'></Data><Data Name='UtcTime'>2020-05-18 06:23:56.702</Data><Data Name='ProcessGuid'>{5d3d98af-29fc-5ec2-0000-0010a0d63800}</Data><Data Name='ProcessId'>1920</Data><Data Name='Image'>C:\Windows\System32\CompPkgSrv.exe</Data><Data Name='FileVersion'>10.0.18362.1 (WinBuild.160101.0800)</Data><Data Name='Description'>Component Package Support Server</Data><Data Name='Product'>Microsoft® Windows® Operating System</Data><Data Name='Company'>Microsoft Corporation</Data><Data Name='OriginalFileName'>CompPkgSrv.exe</Data><Data Name='CommandLine'>C:\Windows\System32\CompPkgSrv.exe -Embedding</Data><Data Name='CurrentDirectory'>C:\Windows\system32\</Data><Data Name='User'>DESKTOP-P84STH6\NS</Data><Data Name='LogonGuid'>{5d3d98af-26d0-5ec2-0000-0020be0f0400}</Data><Data Name='LogonId'>0x40fbe</Data><Data Name='TerminalSessionId'>1</Data><Data Name='IntegrityLevel'>Low</Data><Data Name='Hashes'>MD5=6B61564CE8524ACCA9BCD2CEC6B71AB9,SHA256=87C2892DF8F1F0503763855E4972CD4B85036AE50F1D6F1B910B3AEC47372B07,IMPHASH=F1EC8853335CDCD4147E21F9212709F4</Data><Data Name='ParentProcessGuid'>{5d3d98af-26b3-5ec2-0000-00102c720000}</Data><Data Name='ParentProcessId'>844</Data><Data Name='ParentImage'>C:\Windows\System32\svchost.exe</Data><Data Name='ParentCommandLine'>C:\Windows\system32\svchost.exe -k DcomLaunch -p</Data></EventData></Event><Event xmlns='http://schemas.microsoft.com/win/2004/08/events/event'><System><Provider Name='Microsoft-Windows-Sysmon' Guid='{5770385f-c22a-43e0-bf4c-06f5698ffbd9}'/><EventID>13</EventID><Version>2</Version><Level>4</Level><Task>13</Task><Opcode>0</Opcode><Keywords>0x8000000000000000</Keywords><TimeCreated SystemTime='2020-05-18T06:23:55.833119700Z'/><EventRecordID>2575</EventRecordID><Correlation/><Execution ProcessID='3008' ThreadID='3552'/><Channel>Microsoft-Windows-Sysmon/Operational</Channel><Computer>DESKTOP-P84STH6</Computer><Security UserID='S-1-5-18'/></System><EventData><Data Name='RuleName'>InvDB</Data><Data Name='EventType'>SetValue</Data><Data Name='UtcTime'>2020-05-18 06:23:55.799</Data><Data Name='ProcessGuid'>{5d3d98af-2742-5ec2-0000-00103d570f00}</Data><Data Name='ProcessId'>8344</Data><Data Name='Image'>C:\Windows\system32\svchost.exe</Data><Data Name='TargetObject'>HKU\S-1-5-21-223836497-1760142647-788189203-1001\Software\Microsoft\Windows NT\CurrentVersion\AppCompatFlags\Compatibility Assistant\Store\C:\Program Files (x86)\Google\Chrome\Application\chrome.exe</Data><Data Name='Details'>Binary Data</Data></EventData></Event><Event xmlns='http://schemas.microsoft.com/win/2004/08/events/event'><System><Provider Name='Microsoft-Windows-Sysmon' Guid='{5770385f-c22a-43e0-bf4c-06f5698ffbd9}'/><EventID>1</EventID><Version>5</Version><Level>4</Level><Task>1</Task><Opcode>0</Opcode><Keywords>0x8000000000000000</Keywords><TimeCreated SystemTime='2020-05-18T06:23:55.783004100Z'/><EventRecordID>2574</EventRecordID><Correlation/><Execution ProcessID='3008' ThreadID='3552'/><Channel>Microsoft-Windows-Sysmon/Operational</Channel><Computer>DESKTOP-P84STH6</Computer><Security UserID='S-1-5-18'/></System><EventData><Data Name='RuleName'></Data><Data Name='UtcTime'>2020-05-18 06:23:55.690</Data><Data Name='ProcessGuid'>{5d3d98af-29fb-5ec2-0000-00101f983800}</Data><Data Name='ProcessId'>1924</Data><Data Name='Image'>C:\Program Files (x86)\Google\Chrome\Application\chrome.exe</Data><Data Name='FileVersion'>81.0.4044.138</Data><Data Name='Description'>Google Chrome</Data><Data Name='Product'>Google Chrome</Data><Data Name='Company'>Google LLC</Data><Data Name='OriginalFileName'>chrome.exe</Data><Data Name='CommandLine'>"C:\Program Files (x86)\Google\Chrome\Application\chrome.exe" </Data><Data Name='CurrentDirectory'>C:\Program Files (x86)\Google\Chrome\Application\</Data><Data Name='User'>DESKTOP-P84STH6\NS</Data><Data Name='LogonGuid'>{5d3d98af-26d0-5ec2-0000-0020be0f0400}</Data><Data Name='LogonId'>0x40fbe</Data><Data Name='TerminalSessionId'>1</Data><Data Name='IntegrityLevel'>Medium</Data><Data Name='Hashes'>MD5=86933F74660D7C194805276706EC9B00,SHA256=83BA9143274B2F318DF0BB7E112A959C3F9514C9B7F05F049A232A56DEFFED9A,IMPHASH=EACF25055C18024F25A81253CA4CCF62</Data><Data Name='ParentProcessGuid'>{5d3d98af-26d2-5ec2-0000-0010ce7a0400}</Data><Data Name='ParentProcessId'>4320</Data><Data Name='ParentImage'>C:\Windows\explorer.exe</Data><Data Name='ParentCommandLine'>C:\Windows\Explorer.EXE</Data></EventData></Event><Event xmlns='http://schemas.microsoft.com/win/2004/08/events/event'><System><Provider Name='Microsoft-Windows-Sysmon' Guid='{5770385f-c22a-43e0-bf4c-06f5698ffbd9}'/><EventID>3</EventID><Version>5</Version><Level>4</Level><Task>3</Task><Opcode>0</Opcode><Keywords>0x8000000000000000</Keywords><TimeCreated SystemTime='2020-05-18T06:23:46.802782800Z'/><EventRecordID>2573</EventRecordID><Correlation/><Execution ProcessID='3008' ThreadID='3544'/><Channel>Microsoft-Windows-Sysmon/Operational</Channel><Computer>DESKTOP-P84STH6</Computer><Security UserID='S-1-5-18'/></System><EventData><Data Name='RuleName'>Usermode</Data><Data Name='UtcTime'>2020-05-18 06:23:43.177</Data><Data Name='ProcessGuid'>{5d3d98af-2971-5ec2-0000-00107adf2b00}</Data><Data Name='ProcessId'>1108</Data><Data Name='Image'>C:\Users\NS\AppData\Local\Programs\Microsoft VS Code\Code.exe</Data><Data Name='User'>DESKTOP-P84STH6\NS</Data><Data Name='Protocol'>tcp</Data><Data Name='Initiated'>true</Data><Data Name='SourceIsIpv6'>false</Data><Data Name='SourceIp'>10.0.2.15</Data><Data Name='SourceHostname'>DESKTOP-P84STH6</Data><Data Name='SourcePort'>50133</Data><Data Name='SourcePortName'></Data><Data Name='DestinationIsIpv6'>false</Data><Data Name='DestinationIp'>13.75.38.7</Data><Data Name='DestinationHostname'></Data><Data Name='DestinationPort'>443</Data><Data Name='DestinationPortName'>https</Data></EventData></Event><Event xmlns='http://schemas.microsoft.com/win/2004/08/events/event'><System><Provider Name='Microsoft-Windows-Sysmon' Guid='{5770385f-c22a-43e0-bf4c-06f5698ffbd9}'/><EventID>22</EventID><Version>5</Version><Level>4</Level><Task>22</Task><Opcode>0</Opcode><Keywords>0x8000000000000000</Keywords><TimeCreated SystemTime='2020-05-18T06:23:46.606896600Z'/><EventRecordID>2572</EventRecordID><Correlation/><Execution ProcessID='3008' ThreadID='3548'/><Channel>Microsoft-Windows-Sysmon/Operational</Channel><Computer>DESKTOP-P84STH6</Computer><Security UserID='S-1-5-18'/></System><EventData><Data Name='RuleName'></Data><Data Name='UtcTime'>2020-05-18 06:23:43.224</Data><Data Name='ProcessGuid'>{5d3d98af-2971-5ec2-0000-00107adf2b00}</Data><Data Name='ProcessId'>1108</Data><Data Name='QueryName'>dc.services.visualstudio.com</Data><Data Name='QueryStatus'>0</Data><Data Name='QueryResults'>type:  5 dc.applicationinsights.microsoft.com;type:  5 applicationinsights_ingestion.monitor.azure.com;type:  5 applicationinsights_ingestion.privatelink.monitor.azure.com;type:  5 dc.trafficmanager.net;type:  5 eas-breeziest-in.cloudapp.net;::ffff:13.75.38.7;40.90.4.201;64.4.48.201;13.107.24.201;13.107.160.201;</Data><Data Name='Image'>C:\Users\NS\AppData\Local\Programs\Microsoft VS Code\Code.exe</Data></EventData></Event><Event xmlns='http://schemas.microsoft.com/win/2004/08/events/event'><System><Provider Name='Microsoft-Windows-Sysmon' Guid='{5770385f-c22a-43e0-bf4c-06f5698ffbd9}'/><EventID>1</EventID><Version>5</Version><Level>4</Level><Task>1</Task><Opcode>0</Opcode><Keywords>0x8000000000000000</Keywords><TimeCreated SystemTime='2020-05-18T06:23:44.542595100Z'/><EventRecordID>2571</EventRecordID><Correlation/><Execution ProcessID='3008' ThreadID='3552'/><Channel>Microsoft-Windows-Sysmon/Operational</Channel><Computer>DESKTOP-P84STH6</Computer><Security UserID='S-1-5-18'/></System><EventData><Data Name='RuleName'></Data><Data Name='UtcTime'>2020-05-18 06:23:44.528</Data><Data Name='ProcessGuid'>{5d3d98af-29f0-5ec2-0000-0010f4d43600}</Data><Data Name='ProcessId'>6984</Data><Data Name='Image'>C:\Users\NS\AppData\Local\Programs\Microsoft VS Code\Code.exe</Data><Data Name='FileVersion'>1.45.1</Data><Data Name='Description'>Visual Studio Code</Data><Data Name='Product'>Visual Studio Code</Data><Data Name='Company'>Microsoft Corporation</Data><Data Name='OriginalFileName'>electron.exe</Data><Data Name='CommandLine'>"C:\Users\NS\AppData\Local\Programs\Microsoft VS Code\Code.exe" "c:\Users\NS\AppData\Local\Programs\Microsoft VS Code\resources\app\extensions\html-language-features\server\dist\htmlServerMain" --node-ipc --clientProcessId=1108</Data><Data Name='CurrentDirectory'>C:\Users\NS\AppData\Local\Programs\Microsoft VS Code\</Data><Data Name='User'>DESKTOP-P84STH6\NS</Data><Data Name='LogonGuid'>{5d3d98af-26d0-5ec2-0000-0020be0f0400}</Data><Data Name='LogonId'>0x40fbe</Data><Data Name='TerminalSessionId'>1</Data><Data Name='IntegrityLevel'>Medium</Data><Data Name='Hashes'>MD5=4C66F09586E44B8B150A262CEA150C74,SHA256=56C589A0102158EF99A853370CA03499466E4E452E8AD534B39503846319E35F,IMPHASH=F0965A9069FD1185407193EA8AF0C7DE</Data><Data Name='ParentProcessGuid'>{5d3d98af-2971-5ec2-0000-00107adf2b00}</Data><Data Name='ParentProcessId'>1108</Data><Data Name='ParentImage'>C:\Users\NS\AppData\Local\Programs\Microsoft VS Code\Code.exe</Data><Data Name='ParentCommandLine'>"C:\Users\NS\AppData\Local\Programs\Microsoft VS Code\Code.exe" --inspect-port=0 "c:\Users\NS\AppData\Local\Programs\Microsoft VS Code\resources\app\out\bootstrap-fork" --type=extensionHost</Data></EventData></Event><Event xmlns='http://schemas.microsoft.com/win/2004/08/events/event'><System><Provider Name='Microsoft-Windows-Sysmon' Guid='{5770385f-c22a-43e0-bf4c-06f5698ffbd9}'/><EventID>2</EventID><Version>4</Version><Level>4</Level><Task>2</Task><Opcode>0</Opcode><Keywords>0x8000000000000000</Keywords><TimeCreated SystemTime='2020-05-18T06:23:43.671568000Z'/><EventRecordID>2570</EventRecordID><Correlation/><Execution ProcessID='3008' ThreadID='3552'/><Channel>Microsoft-Windows-Sysmon/Operational</Channel><Computer>DESKTOP-P84STH6</Computer><Security UserID='S-1-5-18'/></System><EventData><Data Name='RuleName'>T1099</Data><Data Name='UtcTime'>2020-05-18 06:23:43.665</Data><Data Name='ProcessGuid'>{5d3d98af-2968-5ec2-0000-0010a9432b00}</Data><Data Name='ProcessId'>9028</Data><Data Name='Image'>C:\Users\NS\AppData\Local\Programs\Microsoft VS Code\Code.exe</Data><Data Name='TargetFilename'>C:\Users\NS\AppData\Roaming\Microsoft\Windows\Recent\CustomDestinations\5374LNERVBQE4W4NZJ1N.temp</Data><Data Name='CreationUtcTime'>2020-05-18 06:21:31.799</Data><Data Name='PreviousCreationUtcTime'>2020-05-18 06:23:43.584</Data></EventData></Event><Event xmlns='http://schemas.microsoft.com/win/2004/08/events/event'><System><Provider Name='Microsoft-Windows-Sysmon' Guid='{5770385f-c22a-43e0-bf4c-06f5698ffbd9}'/><EventID>11</EventID><Version>2</Version><Level>4</Level><Task>11</Task><Opcode>0</Opcode><Keywords>0x8000000000000000</Keywords><TimeCreated SystemTime='2020-05-18T06:23:40.798985600Z'/><EventRecordID>2569</EventRecordID><Correlation/><Execution ProcessID='3008' ThreadID='3552'/><Channel>Microsoft-Windows-Sysmon/Operational</Channel><Computer>DESKTOP-P84STH6</Computer><Security UserID='S-1-5-18'/></System><EventData><Data Name='RuleName'>EXE</Data><Data Name='UtcTime'>2020-05-18 06:23:40.676</Data><Data Name='ProcessGuid'>{5d3d98af-26b8-5ec2-0000-0010b81c0300}</Data><Data Name='ProcessId'>3696</Data><Data Name='Image'>C:\Windows\system32\svchost.exe</Data><Data Name='TargetFilename'>C:\Users\NS\AppData\Local\Microsoft\WindowsApps\SpotifyAB.SpotifyMusic_zpdnekdrzrea0\Spotify.exe</Data><Data Name='CreationUtcTime'>2020-05-18 06:23:40.676</Data></EventData></Event><Event xmlns='http://schemas.microsoft.com/win/2004/08/events/event'><System><Provider Name='Microsoft-Windows-Sysmon' Guid='{5770385f-c22a-43e0-bf4c-06f5698ffbd9}'/><EventID>11</EventID><Version>2</Version><Level>4</Level><Task>11</Task><Opcode>0</Opcode><Keywords>0x8000000000000000</Keywords><TimeCreated SystemTime='2020-05-18T06:23:39.766985200Z'/><EventRecordID>2568</EventRecordID><Correlation/><Execution ProcessID='3008' ThreadID='3552'/><Channel>Microsoft-Windows-Sysmon/Operational</Channel><Computer>DESKTOP-P84STH6</Computer><Security UserID='S-1-5-18'/></System><EventData><Data Name='RuleName'>EXE</Data><Data Name='UtcTime'>2020-05-18 06:23:39.766</Data><Data Name='ProcessGuid'>{5d3d98af-26b8-5ec2-0000-0010b81c0300}</Data><Data Name='ProcessId'>3696</Data><Data Name='Image'>C:\Windows\system32\svchost.exe</Data><Data Name='TargetFilename'>C:\Users\NS\AppData\Local\Microsoft\WindowsApps\Spotify.exe</Data><Data Name='CreationUtcTime'>2020-05-18 06:23:39.765</Data></EventData></Event><Event xmlns='http://schemas.microsoft.com/win/2004/08/events/event'><System><Provider Name='Microsoft-Windows-Sysmon' Guid='{5770385f-c22a-43e0-bf4c-06f5698ffbd9}'/><EventID>1</EventID><Version>5</Version><Level>4</Level><Task>1</Task><Opcode>0</Opcode><Keywords>0x8000000000000000</Keywords><TimeCreated SystemTime='2020-05-18T06:23:39.031898900Z'/><EventRecordID>2567</EventRecordID><Correlation/><Execution ProcessID='3008' ThreadID='3552'/><Channel>Microsoft-Windows-Sysmon/Operational</Channel><Computer>DESKTOP-P84STH6</Computer><Security UserID='S-1-5-18'/></System><EventData><Data Name='RuleName'></Data><Data Name='UtcTime'>2020-05-18 06:23:39.016</Data><Data Name='ProcessGuid'>{5d3d98af-29eb-5ec2-0000-001016303500}</Data><Data Name='ProcessId'>7372</Data><Data Name='Image'>C:\Windows\System32\rundll32.exe</Data><Data Name='FileVersion'>10.0.18362.1 (WinBuild.160101.0800)</Data><Data Name='Description'>Windows host process (Rundll32)</Data><Data Name='Product'>Microsoft® Windows® Operating System</Data><Data Name='Company'>Microsoft Corporation</Data><Data Name='OriginalFileName'>RUNDLL32.EXE</Data><Data Name='CommandLine'>rundll32.exe AppXDeploymentExtensions.OneCore.dll,ShellRefresh</Data><Data Name='CurrentDirectory'>C:\Windows\system32\</Data><Data Name='User'>DESKTOP-P84STH6\NS</Data><Data Name='LogonGuid'>{5d3d98af-26d0-5ec2-0000-0020be0f0400}</Data><Data Name='LogonId'>0x40fbe</Data><Data Name='TerminalSessionId'>1</Data><Data Name='IntegrityLevel'>Medium</Data><Data Name='Hashes'>MD5=F68AF942FD7CCC0E7BAB1A2335D2AD26,SHA256=11064E9EDC605BD5B0C0A505538A0D5FD7DE53883AF342F091687CAE8628ACD0,IMPHASH=F27A7FC3A53E74F45BE370131953896A</Data><Data Name='ParentProcessGuid'>{5d3d98af-26b8-5ec2-0000-0010b81c0300}</Data><Data Name='ParentProcessId'>3696</Data><Data Name='ParentImage'>C:\Windows\System32\svchost.exe</Data><Data Name='ParentCommandLine'>C:\Windows\system32\svchost.exe -k wsappx -p -s AppXSvc</Data></EventData></Event><Event xmlns='http://schemas.microsoft.com/win/2004/08/events/event'><System><Provider Name='Microsoft-Windows-Sysmon' Guid='{5770385f-c22a-43e0-bf4c-06f5698ffbd9}'/><EventID>5</EventID><Version>3</Version><Level>4</Level><Task>5</Task><Opcode>0</Opcode><Keywords>0x8000000000000000</Keywords><TimeCreated SystemTime='2020-05-18T06:23:30.609430500Z'/><EventRecordID>2566</EventRecordID><Correlation/><Execution ProcessID='3008' ThreadID='3552'/><Channel>Microsoft-Windows-Sysmon/Operational</Channel><Computer>DESKTOP-P84STH6</Computer><Security UserID='S-1-5-18'/></System><EventData><Data Name='RuleName'></Data><Data Name='UtcTime'>2020-05-18 06:23:30.429</Data><Data Name='ProcessGuid'>{5d3d98af-29e2-5ec2-0000-001056733300}</Data><Data Name='ProcessId'>4248</Data><Data Name='Image'>C:\Users\NS\AppData\Local\Programs\Microsoft VS Code\Code.exe</Data></EventData></Event><Event xmlns='http://schemas.microsoft.com/win/2004/08/events/event'><System><Provider Name='Microsoft-Windows-Sysmon' Guid='{5770385f-c22a-43e0-bf4c-06f5698ffbd9}'/><EventID>1</EventID><Version>5</Version><Level>4</Level><Task>1</Task><Opcode>0</Opcode><Keywords>0x8000000000000000</Keywords><TimeCreated SystemTime='2020-05-18T06:23:30.308186700Z'/><EventRecordID>2565</EventRecordID><Correlation/><Execution ProcessID='3008' ThreadID='3552'/><Channel>Microsoft-Windows-Sysmon/Operational</Channel><Computer>DESKTOP-P84STH6</Computer><Security UserID='S-1-5-18'/></System><EventData><Data Name='RuleName'></Data><Data Name='UtcTime'>2020-05-18 06:23:30.069</Data><Data Name='ProcessGuid'>{5d3d98af-29e2-5ec2-0000-001056733300}</Data><Data Name='ProcessId'>4248</Data><Data Name='Image'>C:\Users\NS\AppData\Local\Programs\Microsoft VS Code\Code.exe</Data><Data Name='FileVersion'>1.45.1</Data><Data Name='Description'>Visual Studio Code</Data><Data Name='Product'>Visual Studio Code</Data><Data Name='Company'>Microsoft Corporation</Data><Data Name='OriginalFileName'>electron.exe</Data><Data Name='CommandLine'>"C:\Users\NS\AppData\Local\Programs\Microsoft VS Code\Code.exe" --type=gpu-process --field-trial-handle=1724,7175088997007170833,7611624299165236812,131072 --disable-features=LayoutNG,PictureInPicture,SpareRendererForSitePerProcess --disable-gpu-sandbox --use-gl=disabled --disable-color-correct-rendering --gpu-preferences=KAAAAAAAAADoAAAwAAAAAAAAYAAAAAAAEAAAAAAAAAAAAAAAAAAAACgAAAAEAAAAIAAAAAAAAAAoAAAAAAAAADAAAAAAAAAAOAAAAAAAAAAQAAAAAAAAAAAAAAAFAAAAEAAAAAAAAAAAAAAABgAAABAAAAAAAAAAAQAAAAUAAAAQAAAAAAAAAAEAAAAGAAAA --service-request-channel-token=10379375397801364785 --mojo-platform-channel-handle=2012 /prefetch:2</Data><Data Name='CurrentDirectory'>C:\Users\NS\AppData\Local\Programs\Microsoft VS Code\</Data><Data Name='User'>DESKTOP-P84STH6\NS</Data><Data Name='LogonGuid'>{5d3d98af-26d0-5ec2-0000-0020be0f0400}</Data><Data Name='LogonId'>0x40fbe</Data><Data Name='TerminalSessionId'>1</Data><Data Name='IntegrityLevel'>Medium</Data><Data Name='Hashes'>MD5=4C66F09586E44B8B150A262CEA150C74,SHA256=56C589A0102158EF99A853370CA03499466E4E452E8AD534B39503846319E35F,IMPHASH=F0965A9069FD1185407193EA8AF0C7DE</Data><Data Name='ParentProcessGuid'>{5d3d98af-2968-5ec2-0000-0010a9432b00}</Data><Data Name='ParentProcessId'>9028</Data><Data Name='ParentImage'>C:\Users\NS\AppData\Local\Programs\Microsoft VS Code\Code.exe</Data><Data Name='ParentCommandLine'>"C:\Users\NS\AppData\Local\Programs\Microsoft VS Code\Code.exe"</Data></EventData></Event><Event xmlns='http://schemas.microsoft.com/win/2004/08/events/event'><System><Provider Name='Microsoft-Windows-Sysmon' Guid='{5770385f-c22a-43e0-bf4c-06f5698ffbd9}'/><EventID>11</EventID><Version>2</Version><Level>4</Level><Task>11</Task><Opcode>0</Opcode><Keywords>0x8000000000000000</Keywords><TimeCreated SystemTime='2020-05-18T06:23:29.246177000Z'/><EventRecordID>2564</EventRecordID><Correlation/><Execution ProcessID='3008' ThreadID='3552'/><Channel>Microsoft-Windows-Sysmon/Operational</Channel><Computer>DESKTOP-P84STH6</Computer><Security UserID='S-1-5-18'/></System><EventData><Data Name='RuleName'>DLL</Data><Data Name='UtcTime'>2020-05-18 06:23:29.021</Data><Data Name='ProcessGuid'>{5d3d98af-26b8-5ec2-0000-0010b81c0300}</Data><Data Name='ProcessId'>3696</Data><Data Name='Image'>C:\Windows\system32\svchost.exe</Data><Data Name='TargetFilename'>C:\Program Files\WindowsApps\Microsoft.VCLibs.140.00_14.0.27810.0_x64__8wekyb3d8bbwe\vcruntime140_app.dll</Data><Data Name='CreationUtcTime'>2020-05-18 06:23:29.021</Data></EventData></Event><Event xmlns='http://schemas.microsoft.com/win/2004/08/events/event'><System><Provider Name='Microsoft-Windows-Sysmon' Guid='{5770385f-c22a-43e0-bf4c-06f5698ffbd9}'/><EventID>11</EventID><Version>2</Version><Level>4</Level><Task>11</Task><Opcode>0</Opcode><Keywords>0x8000000000000000</Keywords><TimeCreated SystemTime='2020-05-18T06:23:29.245960400Z'/><EventRecordID>2563</EventRecordID><Correlation/><Execution ProcessID='3008' ThreadID='3552'/><Channel>Microsoft-Windows-Sysmon/Operational</Channel><Computer>DESKTOP-P84STH6</Computer><Security UserID='S-1-5-18'/></System><EventData><Data Name='RuleName'>DLL</Data><Data Name='UtcTime'>2020-05-18 06:23:29.020</Data><Data Name='ProcessGuid'>{5d3d98af-26b8-5ec2-0000-0010b81c0300}</Data><Data Name='ProcessId'>3696</Data><Data Name='Image'>C:\Windows\system32\svchost.exe</Data><Data Name='TargetFilename'>C:\Program Files\WindowsApps\Microsoft.VCLibs.140.00_14.0.27810.0_x64__8wekyb3d8bbwe\vcruntime140_1_app.dll</Data><Data Name='CreationUtcTime'>2020-05-18 06:23:29.020</Data></EventData></Event><Event xmlns='http://schemas.microsoft.com/win/2004/08/events/event'><System><Provider Name='Microsoft-Windows-Sysmon' Guid='{5770385f-c22a-43e0-bf4c-06f5698ffbd9}'/><EventID>11</EventID><Version>2</Version><Level>4</Level><Task>11</Task><Opcode>0</Opcode><Keywords>0x8000000000000000</Keywords><TimeCreated SystemTime='2020-05-18T06:23:29.245779500Z'/><EventRecordID>2562</EventRecordID><Correlation/><Execution ProcessID='3008' ThreadID='3552'/><Channel>Microsoft-Windows-Sysmon/Operational</Channel><Computer>DESKTOP-P84STH6</Computer><Security UserID='S-1-5-18'/></System><EventData><Data Name='RuleName'>DLL</Data><Data Name='UtcTime'>2020-05-18 06:23:29.019</Data><Data Name='ProcessGuid'>{5d3d98af-26b8-5ec2-0000-0010b81c0300}</Data><Data Name='ProcessId'>3696</Data><Data Name='Image'>C:\Windows\system32\svchost.exe</Data><Data Name='TargetFilename'>C:\Program Files\WindowsApps\Microsoft.VCLibs.140.00_14.0.27810.0_x64__8wekyb3d8bbwe\vcomp140_app.dll</Data><Data Name='CreationUtcTime'>2020-05-18 06:23:29.019</Data></EventData></Event><Event xmlns='http://schemas.microsoft.com/win/2004/08/events/event'><System><Provider Name='Microsoft-Windows-Sysmon' Guid='{5770385f-c22a-43e0-bf4c-06f5698ffbd9}'/><EventID>11</EventID><Version>2</Version><Level>4</Level><Task>11</Task><Opcode>0</Opcode><Keywords>0x8000000000000000</Keywords><TimeCreated SystemTime='2020-05-18T06:23:29.245602300Z'/><EventRecordID>2561</EventRecordID><Correlation/><Execution ProcessID='3008' ThreadID='3552'/><Channel>Microsoft-Windows-Sysmon/Operational</Channel><Computer>DESKTOP-P84STH6</Computer><Security UserID='S-1-5-18'/></System><EventData><Data Name='RuleName'>DLL</Data><Data Name='UtcTime'>2020-05-18 06:23:29.018</Data><Data Name='ProcessGuid'>{5d3d98af-26b8-5ec2-0000-0010b81c0300}</Data><Data Name='ProcessId'>3696</Data><Data Name='Image'>C:\Windows\system32\svchost.exe</Data><Data Name='TargetFilename'>C:\Program Files\WindowsApps\Microsoft.VCLibs.140.00_14.0.27810.0_x64__8wekyb3d8bbwe\vccorlib140_app.dll</Data><Data Name='CreationUtcTime'>2020-05-18 06:23:29.018</Data></EventData></Event><Event xmlns='http://schemas.microsoft.com/win/2004/08/events/event'><System><Provider Name='Microsoft-Windows-Sysmon' Guid='{5770385f-c22a-43e0-bf4c-06f5698ffbd9}'/><EventID>11</EventID><Version>2</Version><Level>4</Level><Task>11</Task><Opcode>0</Opcode><Keywords>0x8000000000000000</Keywords><TimeCreated SystemTime='2020-05-18T06:23:29.245406400Z'/><EventRecordID>2560</EventRecordID><Correlation/><Execution ProcessID='3008' ThreadID='3552'/><Channel>Microsoft-Windows-Sysmon/Operational</Channel><Computer>DESKTOP-P84STH6</Computer><Security UserID='S-1-5-18'/></System><EventData><Data Name='RuleName'>DLL</Data><Data Name='UtcTime'>2020-05-18 06:23:29.017</Data><Data Name='ProcessGuid'>{5d3d98af-26b8-5ec2-0000-0010b81c0300}</Data><Data Name='ProcessId'>3696</Data><Data Name='Image'>C:\Windows\system32\svchost.exe</Data><Data Name='TargetFilename'>C:\Program Files\WindowsApps\Microsoft.VCLibs.140.00_14.0.27810.0_x64__8wekyb3d8bbwe\vcamp140_app.dll</Data><Data Name='CreationUtcTime'>2020-05-18 06:23:29.017</Data></EventData></Event><Event xmlns='http://schemas.microsoft.com/win/2004/08/events/event'><System><Provider Name='Microsoft-Windows-Sysmon' Guid='{5770385f-c22a-43e0-bf4c-06f5698ffbd9}'/><EventID>11</EventID><Version>2</Version><Level>4</Level><Task>11</Task><Opcode>0</Opcode><Keywords>0x8000000000000000</Keywords><TimeCreated SystemTime='2020-05-18T06:23:29.245195400Z'/><EventRecordID>2559</EventRecordID><Correlation/><Execution ProcessID='3008' ThreadID='3552'/><Channel>Microsoft-Windows-Sysmon/Operational</Channel><Computer>DESKTOP-P84STH6</Computer><Security UserID='S-1-5-18'/></System><EventData><Data Name='RuleName'>DLL</Data><Data Name='UtcTime'>2020-05-18 06:23:29.016</Data><Data Name='ProcessGuid'>{5d3d98af-26b8-5ec2-0000-0010b81c0300}</Data><Data Name='ProcessId'>3696</Data><Data Name='Image'>C:\Windows\system32\svchost.exe</Data><Data Name='TargetFilename'>C:\Program Files\WindowsApps\Microsoft.VCLibs.140.00_14.0.27810.0_x64__8wekyb3d8bbwe\msvcp140_codecvt_ids_app.dll</Data><Data Name='CreationUtcTime'>2020-05-18 06:23:29.015</Data></EventData></Event><Event xmlns='http://schemas.microsoft.com/win/2004/08/events/event'><System><Provider Name='Microsoft-Windows-Sysmon' Guid='{5770385f-c22a-43e0-bf4c-06f5698ffbd9}'/><EventID>11</EventID><Version>2</Version><Level>4</Level><Task>11</Task><Opcode>0</Opcode><Keywords>0x8000000000000000</Keywords><TimeCreated SystemTime='2020-05-18T06:23:29.245012900Z'/><EventRecordID>2558</EventRecordID><Correlation/><Execution ProcessID='3008' ThreadID='3552'/><Channel>Microsoft-Windows-Sysmon/Operational</Channel><Computer>DESKTOP-P84STH6</Computer><Security UserID='S-1-5-18'/></System><EventData><Data Name='RuleName'>DLL</Data><Data Name='UtcTime'>2020-05-18 06:23:29.015</Data><Data Name='ProcessGuid'>{5d3d98af-26b8-5ec2-0000-0010b81c0300}</Data><Data Name='ProcessId'>3696</Data><Data Name='Image'>C:\Windows\system32\svchost.exe</Data><Data Name='TargetFilename'>C:\Program Files\WindowsApps\Microsoft.VCLibs.140.00_14.0.27810.0_x64__8wekyb3d8bbwe\msvcp140_app.dll</Data><Data Name='CreationUtcTime'>2020-05-18 06:23:29.014</Data></EventData></Event><Event xmlns='http://schemas.microsoft.com/win/2004/08/events/event'><System><Provider Name='Microsoft-Windows-Sysmon' Guid='{5770385f-c22a-43e0-bf4c-06f5698ffbd9}'/><EventID>11</EventID><Version>2</Version><Level>4</Level><Task>11</Task><Opcode>0</Opcode><Keywords>0x8000000000000000</Keywords><TimeCreated SystemTime='2020-05-18T06:23:29.244857500Z'/><EventRecordID>2557</EventRecordID><Correlation/><Execution ProcessID='3008' ThreadID='3552'/><Channel>Microsoft-Windows-Sysmon/Operational</Channel><Computer>DESKTOP-P84STH6</Computer><Security UserID='S-1-5-18'/></System><EventData><Data Name='RuleName'>DLL</Data><Data Name='UtcTime'>2020-05-18 06:23:29.014</Data><Data Name='ProcessGuid'>{5d3d98af-26b8-5ec2-0000-0010b81c0300}</Data><Data Name='ProcessId'>3696</Data><Data Name='Image'>C:\Windows\system32\svchost.exe</Data><Data Name='TargetFilename'>C:\Program Files\WindowsApps\Microsoft.VCLibs.140.00_14.0.27810.0_x64__8wekyb3d8bbwe\msvcp140_2_app.dll</Data><Data Name='CreationUtcTime'>2020-05-18 06:23:29.013</Data></EventData></Event><Event xmlns='http://schemas.microsoft.com/win/2004/08/events/event'><System><Provider Name='Microsoft-Windows-Sysmon' Guid='{5770385f-c22a-43e0-bf4c-06f5698ffbd9}'/><EventID>11</EventID><Version>2</Version><Level>4</Level><Task>11</Task><Opcode>0</Opcode><Keywords>0x8000000000000000</Keywords><TimeCreated SystemTime='2020-05-18T06:23:29.244658400Z'/><EventRecordID>2556</EventRecordID><Correlation/><Execution ProcessID='3008' ThreadID='3552'/><Channel>Microsoft-Windows-Sysmon/Operational</Channel><Computer>DESKTOP-P84STH6</Computer><Security UserID='S-1-5-18'/></System><EventData><Data Name='RuleName'>DLL</Data><Data Name='UtcTime'>2020-05-18 06:23:29.013</Data><Data Name='ProcessGuid'>{5d3d98af-26b8-5ec2-0000-0010b81c0300}</Data><Data Name='ProcessId'>3696</Data><Data Name='Image'>C:\Windows\system32\svchost.exe</Data><Data Name='TargetFilename'>C:\Program Files\WindowsApps\Microsoft.VCLibs.140.00_14.0.27810.0_x64__8wekyb3d8bbwe\msvcp140_1_app.dll</Data><Data Name='CreationUtcTime'>2020-05-18 06:23:29.011</Data></EventData></Event><Event xmlns='http://schemas.microsoft.com/win/2004/08/events/event'><System><Provider Name='Microsoft-Windows-Sysmon' Guid='{5770385f-c22a-43e0-bf4c-06f5698ffbd9}'/><EventID>11</EventID><Version>2</Version><Level>4</Level><Task>11</Task><Opcode>0</Opcode><Keywords>0x8000000000000000</Keywords><TimeCreated SystemTime='2020-05-18T06:23:29.242430100Z'/><EventRecordID>2555</EventRecordID><Correlation/><Execution ProcessID='3008' ThreadID='3552'/><Channel>Microsoft-Windows-Sysmon/Operational</Channel><Computer>DESKTOP-P84STH6</Computer><Security UserID='S-1-5-18'/></System><EventData><Data Name='RuleName'>DLL</Data><Data Name='UtcTime'>2020-05-18 06:23:29.011</Data><Data Name='ProcessGuid'>{5d3d98af-26b8-5ec2-0000-0010b81c0300}</Data><Data Name='ProcessId'>3696</Data><Data Name='Image'>C:\Windows\system32\svchost.exe</Data><Data Name='TargetFilename'>C:\Program Files\WindowsApps\Microsoft.VCLibs.140.00_14.0.27810.0_x64__8wekyb3d8bbwe\concrt140_app.dll</Data><Data Name='CreationUtcTime'>2020-05-18 06:23:29.010</Data></EventData></Event><Event xmlns='http://schemas.microsoft.com/win/2004/08/events/event'><System><Provider Name='Microsoft-Windows-Sysmon' Guid='{5770385f-c22a-43e0-bf4c-06f5698ffbd9}'/><EventID>11</EventID><Version>2</Version><Level>4</Level><Task>11</Task><Opcode>0</Opcode><Keywords>0x8000000000000000</Keywords><TimeCreated SystemTime='2020-05-18T06:23:28.399346200Z'/><EventRecordID>2554</EventRecordID><Correlation/><Execution ProcessID='3008' ThreadID='3552'/><Channel>Microsoft-Windows-Sysmon/Operational</Channel><Computer>DESKTOP-P84STH6</Computer><Security UserID='S-1-5-18'/></System><EventData><Data Name='RuleName'>Downloads</Data><Data Name='UtcTime'>2020-05-18 06:23:28.399</Data><Data Name='ProcessGuid'>{5d3d98af-27ad-5ec2-0000-00107fc91700}</Data><Data Name='ProcessId'>5756</Data><Data Name='Image'>C:\Program Files (x86)\Google\Chrome\Application\chrome.exe</Data><Data Name='TargetFilename'>C:\Users\NS\Downloads\graph_files</Data><Data Name='CreationUtcTime'>2020-05-18 06:23:28.398</Data></EventData></Event><Event xmlns='http://schemas.microsoft.com/win/2004/08/events/event'><System><Provider Name='Microsoft-Windows-Sysmon' Guid='{5770385f-c22a-43e0-bf4c-06f5698ffbd9}'/><EventID>11</EventID><Version>2</Version><Level>4</Level><Task>11</Task><Opcode>0</Opcode><Keywords>0x8000000000000000</Keywords><TimeCreated SystemTime='2020-05-18T06:23:27.368691000Z'/><EventRecordID>2553</EventRecordID><Correlation/><Execution ProcessID='3008' ThreadID='3552'/><Channel>Microsoft-Windows-Sysmon/Operational</Channel><Computer>DESKTOP-P84STH6</Computer><Security UserID='S-1-5-18'/></System><EventData><Data Name='RuleName'>Downloads</Data><Data Name='UtcTime'>2020-05-18 06:23:27.363</Data><Data Name='ProcessGuid'>{5d3d98af-29d8-5ec2-0000-001004063200}</Data><Data Name='ProcessId'>6368</Data><Data Name='Image'>C:\Program Files (x86)\Google\Chrome\Application\chrome.exe</Data><Data Name='TargetFilename'>C:\Users\NS\Downloads\graph.html</Data><Data Name='CreationUtcTime'>2020-05-18 06:23:27.363</Data></EventData></Event><Event xmlns='http://schemas.microsoft.com/win/2004/08/events/event'><System><Provider Name='Microsoft-Windows-Sysmon' Guid='{5770385f-c22a-43e0-bf4c-06f5698ffbd9}'/><EventID>11</EventID><Version>2</Version><Level>4</Level><Task>11</Task><Opcode>0</Opcode><Keywords>0x8000000000000000</Keywords><TimeCreated SystemTime='2020-05-18T06:23:13.492816400Z'/><EventRecordID>2552</EventRecordID><Correlation/><Execution ProcessID='3008' ThreadID='3552'/><Channel>Microsoft-Windows-Sysmon/Operational</Channel><Computer>DESKTOP-P84STH6</Computer><Security UserID='S-1-5-18'/></System><EventData><Data Name='RuleName'>DLL</Data><Data Name='UtcTime'>2020-05-18 06:23:13.473</Data><Data Name='ProcessGuid'>{5d3d98af-26b8-5ec2-0000-0010b81c0300}</Data><Data Name='ProcessId'>3696</Data><Data Name='Image'>C:\Windows\system32\svchost.exe</Data><Data Name='TargetFilename'>C:\Program Files\WindowsApps\Microsoft.VCLibs.140.00_14.0.27810.0_x86__8wekyb3d8bbwe\vcruntime140_app.dll</Data><Data Name='CreationUtcTime'>2020-05-18 06:23:13.473</Data></EventData></Event><Event xmlns='http://schemas.microsoft.com/win/2004/08/events/event'><System><Provider Name='Microsoft-Windows-Sysmon' Guid='{5770385f-c22a-43e0-bf4c-06f5698ffbd9}'/><EventID>11</EventID><Version>2</Version><Level>4</Level><Task>11</Task><Opcode>0</Opcode><Keywords>0x8000000000000000</Keywords><TimeCreated SystemTime='2020-05-18T06:23:13.430945200Z'/><EventRecordID>2551</EventRecordID><Correlation/><Execution ProcessID='3008' ThreadID='3552'/><Channel>Microsoft-Windows-Sysmon/Operational</Channel><Computer>DESKTOP-P84STH6</Computer><Security UserID='S-1-5-18'/></System><EventData><Data Name='RuleName'>DLL</Data><Data Name='UtcTime'>2020-05-18 06:23:13.379</Data><Data Name='ProcessGuid'>{5d3d98af-26b8-5ec2-0000-0010b81c0300}</Data><Data Name='ProcessId'>3696</Data><Data Name='Image'>C:\Windows\system32\svchost.exe</Data><Data Name='TargetFilename'>C:\Program Files\WindowsApps\Microsoft.VCLibs.140.00_14.0.27810.0_x86__8wekyb3d8bbwe\vcomp140_app.dll</Data><Data Name='CreationUtcTime'>2020-05-18 06:23:13.379</Data></EventData></Event><Event xmlns='http://schemas.microsoft.com/win/2004/08/events/event'><System><Provider Name='Microsoft-Windows-Sysmon' Guid='{5770385f-c22a-43e0-bf4c-06f5698ffbd9}'/><EventID>11</EventID><Version>2</Version><Level>4</Level><Task>11</Task><Opcode>0</Opcode><Keywords>0x8000000000000000</Keywords><TimeCreated SystemTime='2020-05-18T06:23:13.430801200Z'/><EventRecordID>2550</EventRecordID><Correlation/><Execution ProcessID='3008' ThreadID='3552'/><Channel>Microsoft-Windows-Sysmon/Operational</Channel><Computer>DESKTOP-P84STH6</Computer><Security UserID='S-1-5-18'/></System><EventData><Data Name='RuleName'>DLL</Data><Data Name='UtcTime'>2020-05-18 06:23:13.379</Data><Data Name='ProcessGuid'>{5d3d98af-26b8-5ec2-0000-0010b81c0300}</Data><Data Name='ProcessId'>3696</Data><Data Name='Image'>C:\Windows\system32\svchost.exe</Data><Data Name='TargetFilename'>C:\Program Files\WindowsApps\Microsoft.VCLibs.140.00_14.0.27810.0_x86__8wekyb3d8bbwe\vccorlib140_app.dll</Data><Data Name='CreationUtcTime'>2020-05-18 06:23:13.379</Data></EventData></Event><Event xmlns='http://schemas.microsoft.com/win/2004/08/events/event'><System><Provider Name='Microsoft-Windows-Sysmon' Guid='{5770385f-c22a-43e0-bf4c-06f5698ffbd9}'/><EventID>11</EventID><Version>2</Version><Level>4</Level><Task>11</Task><Opcode>0</Opcode><Keywords>0x8000000000000000</Keywords><TimeCreated SystemTime='2020-05-18T06:23:13.430648900Z'/><EventRecordID>2549</EventRecordID><Correlation/><Execution ProcessID='3008' ThreadID='3552'/><Channel>Microsoft-Windows-Sysmon/Operational</Channel><Computer>DESKTOP-P84STH6</Computer><Security UserID='S-1-5-18'/></System><EventData><Data Name='RuleName'>DLL</Data><Data Name='UtcTime'>2020-05-18 06:23:13.379</Data><Data Name='ProcessGuid'>{5d3d98af-26b8-5ec2-0000-0010b81c0300}</Data><Data Name='ProcessId'>3696</Data><Data Name='Image'>C:\Windows\system32\svchost.exe</Data><Data Name='TargetFilename'>C:\Program Files\WindowsApps\Microsoft.VCLibs.140.00_14.0.27810.0_x86__8wekyb3d8bbwe\vcamp140_app.dll</Data><Data Name='CreationUtcTime'>2020-05-18 06:23:13.379</Data></EventData></Event><Event xmlns='http://schemas.microsoft.com/win/2004/08/events/event'><System><Provider Name='Microsoft-Windows-Sysmon' Guid='{5770385f-c22a-43e0-bf4c-06f5698ffbd9}'/><EventID>11</EventID><Version>2</Version><Level>4</Level><Task>11</Task><Opcode>0</Opcode><Keywords>0x8000000000000000</Keywords><TimeCreated SystemTime='2020-05-18T06:23:13.430504600Z'/><EventRecordID>2548</EventRecordID><Correlation/><Execution ProcessID='3008' ThreadID='3552'/><Channel>Microsoft-Windows-Sysmon/Operational</Channel><Computer>DESKTOP-P84STH6</Computer><Security UserID='S-1-5-18'/></System><EventData><Data Name='RuleName'>DLL</Data><Data Name='UtcTime'>2020-05-18 06:23:13.379</Data><Data Name='ProcessGuid'>{5d3d98af-26b8-5ec2-0000-0010b81c0300}</Data><Data Name='ProcessId'>3696</Data><Data Name='Image'>C:\Windows\system32\svchost.exe</Data><Data Name='TargetFilename'>C:\Program Files\WindowsApps\Microsoft.VCLibs.140.00_14.0.27810.0_x86__8wekyb3d8bbwe\msvcp140_codecvt_ids_app.dll</Data><Data Name='CreationUtcTime'>2020-05-18 06:23:13.379</Data></EventData></Event><Event xmlns='http://schemas.microsoft.com/win/2004/08/events/event'><System><Provider Name='Microsoft-Windows-Sysmon' Guid='{5770385f-c22a-43e0-bf4c-06f5698ffbd9}'/><EventID>11</EventID><Version>2</Version><Level>4</Level><Task>11</Task><Opcode>0</Opcode><Keywords>0x8000000000000000</Keywords><TimeCreated SystemTime='2020-05-18T06:23:13.430348200Z'/><EventRecordID>2547</EventRecordID><Correlation/><Execution ProcessID='3008' ThreadID='3552'/><Channel>Microsoft-Windows-Sysmon/Operational</Channel><Computer>DESKTOP-P84STH6</Computer><Security UserID='S-1-5-18'/></System><EventData><Data Name='RuleName'>DLL</Data><Data Name='UtcTime'>2020-05-18 06:23:13.362</Data><Data Name='ProcessGuid'>{5d3d98af-26b8-5ec2-0000-0010b81c0300}</Data><Data Name='ProcessId'>3696</Data><Data Name='Image'>C:\Windows\system32\svchost.exe</Data><Data Name='TargetFilename'>C:\Program Files\WindowsApps\Microsoft.VCLibs.140.00_14.0.27810.0_x86__8wekyb3d8bbwe\msvcp140_app.dll</Data><Data Name='CreationUtcTime'>2020-05-18 06:23:13.362</Data></EventData></Event>