<Event xmlns='http://schemas.microsoft.com/win/2004/08/events/event'><System><Provider Name='Microsoft-Windows-Sysmon' Guid='{5770385f-c22a-43e0-bf4c-06f5698ffbd9}'/><EventID>11</EventID><Version>2</Version><Level>4</Level><Task>11</Task><Opcode>0</Opcode><Keywords>0x8000000000000000</Keywords><TimeCreated SystemTime='2020-05-18T06:21:07.938889200Z'/><EventRecordID>2387</EventRecordID><Correlation/><Execution ProcessID='3008' ThreadID='3552'/><Channel>Microsoft-Windows-Sysmon/Operational</Channel><Computer>DESKTOP-P84STH6</Computer><Security UserID='S-1-5-18'/></System><EventData><Data Name='RuleName'></Data><Data Name='UtcTime'>2020-05-18 06:21:07.926</Data><Data Name='ProcessGuid'>{5d3d98af-294a-5ec2-0000-001061ca2800}</Data><Data Name='ProcessId'>5284</Data><Data Name='Image'>C:\Windows\SoftwareDistribution\Download\Install\updateplatform.exe</Data><Data Name='TargetFilename'>C:\Windows\Temp\C7F8CBF4-2F7D-4836-BBBB-0C21A94C614F\Drivers\WdNisDrv.sys</Data><Data Name='CreationUtcTime'>2020-05-18 06:21:07.926</Data></EventData></Event><Event xmlns='http://schemas.microsoft.com/win/2004/08/events/event'><System><Provider Name='Microsoft-Windows-Sysmon' Guid='{5770385f-c22a-43e0-bf4c-06f5698ffbd9}'/><EventID>11</EventID><Version>2</Version><Level>4</Level><Task>11</Task><Opcode>0</Opcode><Keywords>0x8000000000000000</Keywords><TimeCreated SystemTime='2020-05-18T06:21:07.718646300Z'/><EventRecordID>2386</EventRecordID><Correlation/><Execution ProcessID='3008' ThreadID='3552'/><Channel>Microsoft-Windows-Sysmon/Operational</Channel><Computer>DESKTOP-P84STH6</Computer><Security UserID='S-1-5-18'/></System><EventData><Data Name='RuleName'></Data><Data Name='UtcTime'>2020-05-18 06:21:07.707</Data><Data Name='ProcessGuid'>{5d3d98af-294a-5ec2-0000-001061ca2800}</Data><Data Name='ProcessId'>5284</Data><Data Name='Image'>C:\Windows\SoftwareDistribution\Download\Install\updateplatform.exe</Data><Data Name='TargetFilename'>C:\Windows\Temp\C7F8CBF4-2F7D-4836-BBBB-0C21A94C614F\Drivers\WdFilter.sys</Data><Data Name='CreationUtcTime'>2020-05-18 06:21:07.707</Data></EventData></Event><Event xmlns='http://schemas.microsoft.com/win/2004/08/events/event'><System><Provider Name='Microsoft-Windows-Sysmon' Guid='{5770385f-c22a-43e0-bf4c-06f5698ffbd9}'/><EventID>11</EventID><Version>2</Version><Level>4</Level><Task>11</Task><Opcode>0</Opcode><Keywords>0x8000000000000000</Keywords><TimeCreated SystemTime='2020-05-18T06:21:07.638663600Z'/><EventRecordID>2385</EventRecordID><Correlation/><Execution ProcessID='3008' ThreadID='3552'/><Channel>Microsoft-Windows-Sysmon/Operational</Channel><Computer>DESKTOP-P84STH6</Computer><Security UserID='S-1-5-18'/></System><EventData><Data Name='RuleName'></Data><Data Name='UtcTime'>2020-05-18 06:21:07.629</Data><Data Name='ProcessGuid'>{5d3d98af-294a-5ec2-0000-001061ca2800}</Data><Data Name='ProcessId'>5284</Data><Data Name='Image'>C:\Windows\SoftwareDistribution\Download\Install\updateplatform.exe</Data><Data Name='TargetFilename'>C:\Windows\Temp\C7F8CBF4-2F7D-4836-BBBB-0C21A94C614F\Drivers\WdBoot.sys</Data><Data Name='CreationUtcTime'>2020-05-18 06:21:07.629</Data></EventData></Event><Event xmlns='http://schemas.microsoft.com/win/2004/08/events/event'><System><Provider Name='Microsoft-Windows-Sysmon' Guid='{5770385f-c22a-43e0-bf4c-06f5698ffbd9}'/><EventID>11</EventID><Version>2</Version><Level>4</Level><Task>11</Task><Opcode>0</Opcode><Keywords>0x8000000000000000</Keywords><TimeCreated SystemTime='2020-05-18T06:21:07.216654900Z'/><EventRecordID>2384</EventRecordID><Correlation/><Execution ProcessID='3008' ThreadID='3552'/><Channel>Microsoft-Windows-Sysmon/Operational</Channel><Computer>DESKTOP-P84STH6</Computer><Security UserID='S-1-5-18'/></System><EventData><Data Name='RuleName'>EXE</Data><Data Name='UtcTime'>2020-05-18 06:21:07.207</Data><Data Name='ProcessGuid'>{5d3d98af-294a-5ec2-0000-001061ca2800}</Data><Data Name='ProcessId'>5284</Data><Data Name='Image'>C:\Windows\SoftwareDistribution\Download\Install\updateplatform.exe</Data><Data Name='TargetFilename'>C:\Windows\Temp\C7F8CBF4-2F7D-4836-BBBB-0C21A94C614F\x86\MpCmdRun.exe</Data><Data Name='CreationUtcTime'>2020-05-18 06:21:07.207</Data></EventData></Event><Event xmlns='http://schemas.microsoft.com/win/2004/08/events/event'><System><Provider Name='Microsoft-Windows-Sysmon' Guid='{5770385f-c22a-43e0-bf4c-06f5698ffbd9}'/><EventID>11</EventID><Version>2</Version><Level>4</Level><Task>11</Task><Opcode>0</Opcode><Keywords>0x8000000000000000</Keywords><TimeCreated SystemTime='2020-05-18T06:21:07.000529900Z'/><EventRecordID>2383</EventRecordID><Correlation/><Execution ProcessID='3008' ThreadID='3552'/><Channel>Microsoft-Windows-Sysmon/Operational</Channel><Computer>DESKTOP-P84STH6</Computer><Security UserID='S-1-5-18'/></System><EventData><Data Name='RuleName'>EXE</Data><Data Name='UtcTime'>2020-05-18 06:21:06.988</Data><Data Name='ProcessGuid'>{5d3d98af-294a-5ec2-0000-001061ca2800}</Data><Data Name='ProcessId'>5284</Data><Data Name='Image'>C:\Windows\SoftwareDistribution\Download\Install\updateplatform.exe</Data><Data Name='TargetFilename'>C:\Windows\Temp\C7F8CBF4-2F7D-4836-BBBB-0C21A94C614F\NisSrv.exe</Data><Data Name='CreationUtcTime'>2020-05-18 06:21:06.988</Data></EventData></Event><Event xmlns='http://schemas.microsoft.com/win/2004/08/events/event'><System><Provider Name='Microsoft-Windows-Sysmon' Guid='{5770385f-c22a-43e0-bf4c-06f5698ffbd9}'/><EventID>11</EventID><Version>2</Version><Level>4</Level><Task>11</Task><Opcode>0</Opcode><Keywords>0x8000000000000000</Keywords><TimeCreated SystemTime='2020-05-18T06:21:06.841068700Z'/><EventRecordID>2382</EventRecordID><Correlation/><Execution ProcessID='3008' ThreadID='3552'/><Channel>Microsoft-Windows-Sysmon/Operational</Channel><Computer>DESKTOP-P84STH6</Computer><Security UserID='S-1-5-18'/></System><EventData><Data Name='RuleName'>EXE</Data><Data Name='UtcTime'>2020-05-18 06:21:06.833</Data><Data Name='ProcessGuid'>{5d3d98af-294a-5ec2-0000-001061ca2800}</Data><Data Name='ProcessId'>5284</Data><Data Name='Image'>C:\Windows\SoftwareDistribution\Download\Install\updateplatform.exe</Data><Data Name='TargetFilename'>C:\Windows\Temp\C7F8CBF4-2F7D-4836-BBBB-0C21A94C614F\MsMpEng.exe</Data><Data Name='CreationUtcTime'>2020-05-18 06:21:06.833</Data></EventData></Event><Event xmlns='http://schemas.microsoft.com/win/2004/08/events/event'><System><Provider Name='Microsoft-Windows-Sysmon' Guid='{5770385f-c22a-43e0-bf4c-06f5698ffbd9}'/><EventID>11</EventID><Version>2</Version><Level>4</Level><Task>11</Task><Opcode>0</Opcode><Keywords>0x8000000000000000</Keywords><TimeCreated SystemTime='2020-05-18T06:21:06.686577900Z'/><EventRecordID>2381</EventRecordID><Correlation/><Execution ProcessID='3008' ThreadID='3552'/><Channel>Microsoft-Windows-Sysmon/Operational</Channel><Computer>DESKTOP-P84STH6</Computer><Security UserID='S-1-5-18'/></System><EventData><Data Name='RuleName'>EXE</Data><Data Name='UtcTime'>2020-05-18 06:21:06.676</Data><Data Name='ProcessGuid'>{5d3d98af-294a-5ec2-0000-001061ca2800}</Data><Data Name='ProcessId'>5284</Data><Data Name='Image'>C:\Windows\SoftwareDistribution\Download\Install\updateplatform.exe</Data><Data Name='TargetFilename'>C:\Windows\Temp\C7F8CBF4-2F7D-4836-BBBB-0C21A94C614F\MpSigStub.exe</Data><Data Name='CreationUtcTime'>2020-05-18 06:21:06.676</Data></EventData></Event><Event xmlns='http://schemas.microsoft.com/win/2004/08/events/event'><System><Provider Name='Microsoft-Windows-Sysmon' Guid='{5770385f-c22a-43e0-bf4c-06f5698ffbd9}'/><EventID>11</EventID><Version>2</Version><Level>4</Level><Task>11</Task><Opcode>0</Opcode><Keywords>0x8000000000000000</Keywords><TimeCreated SystemTime='2020-05-18T06:21:06.564447900Z'/><EventRecordID>2380</EventRecordID><Correlation/><Execution ProcessID='3008' ThreadID='3552'/><Channel>Microsoft-Windows-Sysmon/Operational</Channel><Computer>DESKTOP-P84STH6</Computer><Security UserID='S-1-5-18'/></System><EventData><Data Name='RuleName'>EXE</Data><Data Name='UtcTime'>2020-05-18 06:21:06.550</Data><Data Name='ProcessGuid'>{5d3d98af-294a-5ec2-0000-001061ca2800}</Data><Data Name='ProcessId'>5284</Data><Data Name='Image'>C:\Windows\SoftwareDistribution\Download\Install\updateplatform.exe</Data><Data Name='TargetFilename'>C:\Windows\Temp\C7F8CBF4-2F7D-4836-BBBB-0C21A94C614F\MpDlpCmd.exe</Data><Data Name='CreationUtcTime'>2020-05-18 06:21:06.550</Data></EventData></Event><Event xmlns='http://schemas.microsoft.com/win/2004/08/events/event'><System><Provider Name='Microsoft-Windows-Sysmon' Guid='{5770385f-c22a-43e0-bf4c-06f5698ffbd9}'/><EventID>11</EventID><Version>2</Version><Level>4</Level><Task>11</Task><Opcode>0</Opcode><Keywords>0x8000000000000000</Keywords><TimeCreated SystemTime='2020-05-18T06:21:06.447812600Z'/><EventRecordID>2379</EventRecordID><Correlation/><Execution ProcessID='3008' ThreadID='3552'/><Channel>Microsoft-Windows-Sysmon/Operational</Channel><Computer>DESKTOP-P84STH6</Computer><Security UserID='S-1-5-18'/></System><EventData><Data Name='RuleName'>EXE</Data><Data Name='UtcTime'>2020-05-18 06:21:06.441</Data><Data Name='ProcessGuid'>{5d3d98af-294a-5ec2-0000-001061ca2800}</Data><Data Name='ProcessId'>5284</Data><Data Name='Image'>C:\Windows\SoftwareDistribution\Download\Install\updateplatform.exe</Data><Data Name='TargetFilename'>C:\Windows\Temp\C7F8CBF4-2F7D-4836-BBBB-0C21A94C614F\MpCmdRun.exe</Data><Data Name='CreationUtcTime'>2020-05-18 06:21:06.441</Data></EventData></Event><Event xmlns='http://schemas.microsoft.com/win/2004/08/events/event'><System><Provider Name='Microsoft-Windows-Sysmon' Guid='{5770385f-c22a-43e0-bf4c-06f5698ffbd9}'/><EventID>11</EventID><Version>2</Version><Level>4</Level><Task>11</Task><Opcode>0</Opcode><Keywords>0x8000000000000000</Keywords><TimeCreated SystemTime='2020-05-18T06:21:06.320346800Z'/><EventRecordID>2378</EventRecordID><Correlation/><Execution ProcessID='3008' ThreadID='3552'/><Channel>Microsoft-Windows-Sysmon/Operational</Channel><Computer>DESKTOP-P84STH6</Computer><Security UserID='S-1-5-18'/></System><EventData><Data Name='RuleName'>DLL</Data><Data Name='UtcTime'>2020-05-18 06:21:06.316</Data><Data Name='ProcessGuid'>{5d3d98af-294a-5ec2-0000-001061ca2800}</Data><Data Name='ProcessId'>5284</Data><Data Name='Image'>C:\Windows\SoftwareDistribution\Download\Install\updateplatform.exe</Data><Data Name='TargetFilename'>C:\Windows\Temp\C7F8CBF4-2F7D-4836-BBBB-0C21A94C614F\x86\MsMpLics.dll</Data><Data Name='CreationUtcTime'>2020-05-18 06:21:06.316</Data></EventData></Event><Event xmlns='http://schemas.microsoft.com/win/2004/08/events/event'><System><Provider Name='Microsoft-Windows-Sysmon' Guid='{5770385f-c22a-43e0-bf4c-06f5698ffbd9}'/><EventID>11</EventID><Version>2</Version><Level>4</Level><Task>11</Task><Opcode>0</Opcode><Keywords>0x8000000000000000</Keywords><TimeCreated SystemTime='2020-05-18T06:21:06.182773300Z'/><EventRecordID>2377</EventRecordID><Correlation/><Execution ProcessID='3008' ThreadID='3552'/><Channel>Microsoft-Windows-Sysmon/Operational</Channel><Computer>DESKTOP-P84STH6</Computer><Security UserID='S-1-5-18'/></System><EventData><Data Name='RuleName'>DLL</Data><Data Name='UtcTime'>2020-05-18 06:21:06.176</Data><Data Name='ProcessGuid'>{5d3d98af-294a-5ec2-0000-001061ca2800}</Data><Data Name='ProcessId'>5284</Data><Data Name='Image'>C:\Windows\SoftwareDistribution\Download\Install\updateplatform.exe</Data><Data Name='TargetFilename'>C:\Windows\Temp\C7F8CBF4-2F7D-4836-BBBB-0C21A94C614F\x86\MpOAV.dll</Data><Data Name='CreationUtcTime'>2020-05-18 06:21:06.176</Data></EventData></Event><Event xmlns='http://schemas.microsoft.com/win/2004/08/events/event'><System><Provider Name='Microsoft-Windows-Sysmon' Guid='{5770385f-c22a-43e0-bf4c-06f5698ffbd9}'/><EventID>11</EventID><Version>2</Version><Level>4</Level><Task>11</Task><Opcode>0</Opcode><Keywords>0x8000000000000000</Keywords><TimeCreated SystemTime='2020-05-18T06:21:06.112729100Z'/><EventRecordID>2376</EventRecordID><Correlation/><Execution ProcessID='3008' ThreadID='3552'/><Channel>Microsoft-Windows-Sysmon/Operational</Channel><Computer>DESKTOP-P84STH6</Computer><Security UserID='S-1-5-18'/></System><EventData><Data Name='RuleName'>DLL</Data><Data Name='UtcTime'>2020-05-18 06:21:06.098</Data><Data Name='ProcessGuid'>{5d3d98af-294a-5ec2-0000-001061ca2800}</Data><Data Name='ProcessId'>5284</Data><Data Name='Image'>C:\Windows\SoftwareDistribution\Download\Install\updateplatform.exe</Data><Data Name='TargetFilename'>C:\Windows\Temp\C7F8CBF4-2F7D-4836-BBBB-0C21A94C614F\x86\MpDetours.dll</Data><Data Name='CreationUtcTime'>2020-05-18 06:21:06.098</Data></EventData></Event><Event xmlns='http://schemas.microsoft.com/win/2004/08/events/event'><System><Provider Name='Microsoft-Windows-Sysmon' Guid='{5770385f-c22a-43e0-bf4c-06f5698ffbd9}'/><EventID>11</EventID><Version>2</Version><Level>4</Level><Task>11</Task><Opcode>0</Opcode><Keywords>0x8000000000000000</Keywords><TimeCreated SystemTime='2020-05-18T06:21:05.953480700Z'/><EventRecordID>2375</EventRecordID><Correlation/><Execution ProcessID='3008' ThreadID='3552'/><Channel>Microsoft-Windows-Sysmon/Operational</Channel><Computer>DESKTOP-P84STH6</Computer><Security UserID='S-1-5-18'/></System><EventData><Data Name='RuleName'>DLL</Data><Data Name='UtcTime'>2020-05-18 06:21:05.941</Data><Data Name='ProcessGuid'>{5d3d98af-294a-5ec2-0000-001061ca2800}</Data><Data Name='ProcessId'>5284</Data><Data Name='Image'>C:\Windows\SoftwareDistribution\Download\Install\updateplatform.exe</Data><Data Name='TargetFilename'>C:\Windows\Temp\C7F8CBF4-2F7D-4836-BBBB-0C21A94C614F\x86\MpClient.dll</Data><Data Name='CreationUtcTime'>2020-05-18 06:21:05.941</Data></EventData></Event><Event xmlns='http://schemas.microsoft.com/win/2004/08/events/event'><System><Provider Name='Microsoft-Windows-Sysmon' Guid='{5770385f-c22a-43e0-bf4c-06f5698ffbd9}'/><EventID>11</EventID><Version>2</Version><Level>4</Level><Task>11</Task><Opcode>0</Opcode><Keywords>0x8000000000000000</Keywords><TimeCreated SystemTime='2020-05-18T06:21:05.277315600Z'/><EventRecordID>2374</EventRecordID><Correlation/><Execution ProcessID='3008' ThreadID='3552'/><Channel>Microsoft-Windows-Sysmon/Operational</Channel><Computer>DESKTOP-P84STH6</Computer><Security UserID='S-1-5-18'/></System><EventData><Data Name='RuleName'>DLL</Data><Data Name='UtcTime'>2020-05-18 06:21:05.269</Data><Data Name='ProcessGuid'>{5d3d98af-294a-5ec2-0000-001061ca2800}</Data><Data Name='ProcessId'>5284</Data><Data Name='Image'>C:\Windows\SoftwareDistribution\Download\Install\updateplatform.exe</Data><Data Name='TargetFilename'>C:\Windows\Temp\C7F8CBF4-2F7D-4836-BBBB-0C21A94C614F\endpointdlp.dll</Data><Data Name='CreationUtcTime'>2020-05-18 06:21:05.269</Data></EventData></Event><Event xmlns='http://schemas.microsoft.com/win/2004/08/events/event'><System><Provider Name='Microsoft-Windows-Sysmon' Guid='{5770385f-c22a-43e0-bf4c-06f5698ffbd9}'/><EventID>11</EventID><Version>2</Version><Level>4</Level><Task>11</Task><Opcode>0</Opcode><Keywords>0x8000000000000000</Keywords><TimeCreated SystemTime='2020-05-18T06:21:04.587110300Z'/><EventRecordID>2373</EventRecordID><Correlation/><Execution ProcessID='3008' ThreadID='3552'/><Channel>Microsoft-Windows-Sysmon/Operational</Channel><Computer>DESKTOP-P84STH6</Computer><Security UserID='S-1-5-18'/></System><EventData><Data Name='RuleName'>DLL</Data><Data Name='UtcTime'>2020-05-18 06:21:04.584</Data><Data Name='ProcessGuid'>{5d3d98af-294a-5ec2-0000-001061ca2800}</Data><Data Name='ProcessId'>5284</Data><Data Name='Image'>C:\Windows\SoftwareDistribution\Download\Install\updateplatform.exe</Data><Data Name='TargetFilename'>C:\Windows\Temp\C7F8CBF4-2F7D-4836-BBBB-0C21A94C614F\ProtectionManagement.dll</Data><Data Name='CreationUtcTime'>2020-05-18 06:21:04.584</Data></EventData></Event><Event xmlns='http://schemas.microsoft.com/win/2004/08/events/event'><System><Provider Name='Microsoft-Windows-Sysmon' Guid='{5770385f-c22a-43e0-bf4c-06f5698ffbd9}'/><EventID>11</EventID><Version>2</Version><Level>4</Level><Task>11</Task><Opcode>0</Opcode><Keywords>0x8000000000000000</Keywords><TimeCreated SystemTime='2020-05-18T06:21:03.629434700Z'/><EventRecordID>2372</EventRecordID><Correlation/><Execution ProcessID='3008' ThreadID='3552'/><Channel>Microsoft-Windows-Sysmon/Operational</Channel><Computer>DESKTOP-P84STH6</Computer><Security UserID='S-1-5-18'/></System><EventData><Data Name='RuleName'>DLL</Data><Data Name='UtcTime'>2020-05-18 06:21:03.613</Data><Data Name='ProcessGuid'>{5d3d98af-294a-5ec2-0000-001061ca2800}</Data><Data Name='ProcessId'>5284</Data><Data Name='Image'>C:\Windows\SoftwareDistribution\Download\Install\updateplatform.exe</Data><Data Name='TargetFilename'>C:\Windows\Temp\C7F8CBF4-2F7D-4836-BBBB-0C21A94C614F\MsMpLics.dll</Data><Data Name='CreationUtcTime'>2020-05-18 06:21:03.613</Data></EventData></Event><Event xmlns='http://schemas.microsoft.com/win/2004/08/events/event'><System><Provider Name='Microsoft-Windows-Sysmon' Guid='{5770385f-c22a-43e0-bf4c-06f5698ffbd9}'/><EventID>11</EventID><Version>2</Version><Level>4</Level><Task>11</Task><Opcode>0</Opcode><Keywords>0x8000000000000000</Keywords><TimeCreated SystemTime='2020-05-18T06:21:03.546660900Z'/><EventRecordID>2371</EventRecordID><Correlation/><Execution ProcessID='3008' ThreadID='3552'/><Channel>Microsoft-Windows-Sysmon/Operational</Channel><Computer>DESKTOP-P84STH6</Computer><Security UserID='S-1-5-18'/></System><EventData><Data Name='RuleName'>DLL</Data><Data Name='UtcTime'>2020-05-18 06:21:03.535</Data><Data Name='ProcessGuid'>{5d3d98af-294a-5ec2-0000-001061ca2800}</Data><Data Name='ProcessId'>5284</Data><Data Name='Image'>C:\Windows\SoftwareDistribution\Download\Install\updateplatform.exe</Data><Data Name='TargetFilename'>C:\Windows\Temp\C7F8CBF4-2F7D-4836-BBBB-0C21A94C614F\MpUpdate.dll</Data><Data Name='CreationUtcTime'>2020-05-18 06:21:03.535</Data></EventData></Event><Event xmlns='http://schemas.microsoft.com/win/2004/08/events/event'><System><Provider Name='Microsoft-Windows-Sysmon' Guid='{5770385f-c22a-43e0-bf4c-06f5698ffbd9}'/><EventID>11</EventID><Version>2</Version><Level>4</Level><Task>11</Task><Opcode>0</Opcode><Keywords>0x8000000000000000</Keywords><TimeCreated SystemTime='2020-05-18T06:21:03.202501800Z'/><EventRecordID>2370</EventRecordID><Correlation/><Execution ProcessID='3008' ThreadID='3552'/><Channel>Microsoft-Windows-Sysmon/Operational</Channel><Computer>DESKTOP-P84STH6</Computer><Security UserID='S-1-5-18'/></System><EventData><Data Name='RuleName'>DLL</Data><Data Name='UtcTime'>2020-05-18 06:21:03.191</Data><Data Name='ProcessGuid'>{5d3d98af-294a-5ec2-0000-001061ca2800}</Data><Data Name='ProcessId'>5284</Data><Data Name='Image'>C:\Windows\SoftwareDistribution\Download\Install\updateplatform.exe</Data><Data Name='TargetFilename'>C:\Windows\Temp\C7F8CBF4-2F7D-4836-BBBB-0C21A94C614F\MpSvc.dll</Data><Data Name='CreationUtcTime'>2020-05-18 06:21:03.191</Data></EventData></Event><Event xmlns='http://schemas.microsoft.com/win/2004/08/events/event'><System><Provider Name='Microsoft-Windows-Sysmon' Guid='{5770385f-c22a-43e0-bf4c-06f5698ffbd9}'/><EventID>11</EventID><Version>2</Version><Level>4</Level><Task>11</Task><Opcode>0</Opcode><Keywords>0x8000000000000000</Keywords><TimeCreated SystemTime='2020-05-18T06:21:02.874881300Z'/><EventRecordID>2369</EventRecordID><Correlation/><Execution ProcessID='3008' ThreadID='3552'/><Channel>Microsoft-Windows-Sysmon/Operational</Channel><Computer>DESKTOP-P84STH6</Computer><Security UserID='S-1-5-18'/></System><EventData><Data Name='RuleName'>DLL</Data><Data Name='UtcTime'>2020-05-18 06:21:02.864</Data><Data Name='ProcessGuid'>{5d3d98af-294a-5ec2-0000-001061ca2800}</Data><Data Name='ProcessId'>5284</Data><Data Name='Image'>C:\Windows\SoftwareDistribution\Download\Install\updateplatform.exe</Data><Data Name='TargetFilename'>C:\Windows\Temp\C7F8CBF4-2F7D-4836-BBBB-0C21A94C614F\MpRtp.dll</Data><Data Name='CreationUtcTime'>2020-05-18 06:21:02.864</Data></EventData></Event><Event xmlns='http://schemas.microsoft.com/win/2004/08/events/event'><System><Provider Name='Microsoft-Windows-Sysmon' Guid='{5770385f-c22a-43e0-bf4c-06f5698ffbd9}'/><EventID>11</EventID><Version>2</Version><Level>4</Level><Task>11</Task><Opcode>0</Opcode><Keywords>0x8000000000000000</Keywords><TimeCreated SystemTime='2020-05-18T06:21:02.630620000Z'/><EventRecordID>2368</EventRecordID><Correlation/><Execution ProcessID='3008' ThreadID='3552'/><Channel>Microsoft-Windows-Sysmon/Operational</Channel><Computer>DESKTOP-P84STH6</Computer><Security UserID='S-1-5-18'/></System><EventData><Data Name='RuleName'>DLL</Data><Data Name='UtcTime'>2020-05-18 06:21:02.629</Data><Data Name='ProcessGuid'>{5d3d98af-294a-5ec2-0000-001061ca2800}</Data><Data Name='ProcessId'>5284</Data><Data Name='Image'>C:\Windows\SoftwareDistribution\Download\Install\updateplatform.exe</Data><Data Name='TargetFilename'>C:\Windows\Temp\C7F8CBF4-2F7D-4836-BBBB-0C21A94C614F\MpPrintFlt.dll</Data><Data Name='CreationUtcTime'>2020-05-18 06:21:02.629</Data></EventData></Event><Event xmlns='http://schemas.microsoft.com/win/2004/08/events/event'><System><Provider Name='Microsoft-Windows-Sysmon' Guid='{5770385f-c22a-43e0-bf4c-06f5698ffbd9}'/><EventID>11</EventID><Version>2</Version><Level>4</Level><Task>11</Task><Opcode>0</Opcode><Keywords>0x8000000000000000</Keywords><TimeCreated SystemTime='2020-05-18T06:21:02.241142000Z'/><EventRecordID>2367</EventRecordID><Correlation/><Execution ProcessID='3008' ThreadID='3552'/><Channel>Microsoft-Windows-Sysmon/Operational</Channel><Computer>DESKTOP-P84STH6</Computer><Security UserID='S-1-5-18'/></System><EventData><Data Name='RuleName'>DLL</Data><Data Name='UtcTime'>2020-05-18 06:21:02.238</Data><Data Name='ProcessGuid'>{5d3d98af-294a-5ec2-0000-001061ca2800}</Data><Data Name='ProcessId'>5284</Data><Data Name='Image'>C:\Windows\SoftwareDistribution\Download\Install\updateplatform.exe</Data><Data Name='TargetFilename'>C:\Windows\Temp\C7F8CBF4-2F7D-4836-BBBB-0C21A94C614F\MpOAV.dll</Data><Data Name='CreationUtcTime'>2020-05-18 06:21:02.238</Data></EventData></Event><Event xmlns='http://schemas.microsoft.com/win/2004/08/events/event'><System><Provider Name='Microsoft-Windows-Sysmon' Guid='{5770385f-c22a-43e0-bf4c-06f5698ffbd9}'/><EventID>11</EventID><Version>2</Version><Level>4</Level><Task>11</Task><Opcode>0</Opcode><Keywords>0x8000000000000000</Keywords><TimeCreated SystemTime='2020-05-18T06:21:02.144605800Z'/><EventRecordID>2366</EventRecordID><Correlation/><Execution ProcessID='3008' ThreadID='3552'/><Channel>Microsoft-Windows-Sysmon/Operational</Channel><Computer>DESKTOP-P84STH6</Computer><Security UserID='S-1-5-18'/></System><EventData><Data Name='RuleName'>DLL</Data><Data Name='UtcTime'>2020-05-18 06:21:02.144</Data><Data Name='ProcessGuid'>{5d3d98af-294a-5ec2-0000-001061ca2800}</Data><Data Name='ProcessId'>5284</Data><Data Name='Image'>C:\Windows\SoftwareDistribution\Download\Install\updateplatform.exe</Data><Data Name='TargetFilename'>C:\Windows\Temp\C7F8CBF4-2F7D-4836-BBBB-0C21A94C614F\MpDetours.dll</Data><Data Name='CreationUtcTime'>2020-05-18 06:21:02.129</Data></EventData></Event><Event xmlns='http://schemas.microsoft.com/win/2004/08/events/event'><System><Provider Name='Microsoft-Windows-Sysmon' Guid='{5770385f-c22a-43e0-bf4c-06f5698ffbd9}'/><EventID>11</EventID><Version>2</Version><Level>4</Level><Task>11</Task><Opcode>0</Opcode><Keywords>0x8000000000000000</Keywords><TimeCreated SystemTime='2020-05-18T06:21:02.065283200Z'/><EventRecordID>2365</EventRecordID><Correlation/><Execution ProcessID='3008' ThreadID='3552'/><Channel>Microsoft-Windows-Sysmon/Operational</Channel><Computer>DESKTOP-P84STH6</Computer><Security UserID='S-1-5-18'/></System><EventData><Data Name='RuleName'>DLL</Data><Data Name='UtcTime'>2020-05-18 06:21:02.051</Data><Data Name='ProcessGuid'>{5d3d98af-294a-5ec2-0000-001061ca2800}</Data><Data Name='ProcessId'>5284</Data><Data Name='Image'>C:\Windows\SoftwareDistribution\Download\Install\updateplatform.exe</Data><Data Name='TargetFilename'>C:\Windows\Temp\C7F8CBF4-2F7D-4836-BBBB-0C21A94C614F\MpCommu.dll</Data><Data Name='CreationUtcTime'>2020-05-18 06:21:02.051</Data></EventData></Event><Event xmlns='http://schemas.microsoft.com/win/2004/08/events/event'><System><Provider Name='Microsoft-Windows-Sysmon' Guid='{5770385f-c22a-43e0-bf4c-06f5698ffbd9}'/><EventID>11</EventID><Version>2</Version><Level>4</Level><Task>11</Task><Opcode>0</Opcode><Keywords>0x8000000000000000</Keywords><TimeCreated SystemTime='2020-05-18T06:21:01.904532600Z'/><EventRecordID>2364</EventRecordID><Correlation/><Execution ProcessID='3008' ThreadID='3552'/><Channel>Microsoft-Windows-Sysmon/Operational</Channel><Computer>DESKTOP-P84STH6</Computer><Security UserID='S-1-5-18'/></System><EventData><Data Name='RuleName'>DLL</Data><Data Name='UtcTime'>2020-05-18 06:21:01.895</Data><Data Name='ProcessGuid'>{5d3d98af-294a-5ec2-0000-001061ca2800}</Data><Data Name='ProcessId'>5284</Data><Data Name='Image'>C:\Windows\SoftwareDistribution\Download\Install\updateplatform.exe</Data><Data Name='TargetFilename'>C:\Windows\Temp\C7F8CBF4-2F7D-4836-BBBB-0C21A94C614F\MpClient.dll</Data><Data Name='CreationUtcTime'>2020-05-18 06:21:01.895</Data></EventData></Event><Event xmlns='http://schemas.microsoft.com/win/2004/08/events/event'><System><Provider Name='Microsoft-Windows-Sysmon' Guid='{5770385f-c22a-43e0-bf4c-06f5698ffbd9}'/><EventID>11</EventID><Version>2</Version><Level>4</Level><Task>11</Task><Opcode>0</Opcode><Keywords>0x8000000000000000</Keywords><TimeCreated SystemTime='2020-05-18T06:21:01.570875100Z'/><EventRecordID>2363</EventRecordID><Correlation/><Execution ProcessID='3008' ThreadID='3552'/><Channel>Microsoft-Windows-Sysmon/Operational</Channel><Computer>DESKTOP-P84STH6</Computer><Security UserID='S-1-5-18'/></System><EventData><Data Name='RuleName'>DLL</Data><Data Name='UtcTime'>2020-05-18 06:21:01.566</Data><Data Name='ProcessGuid'>{5d3d98af-294a-5ec2-0000-001061ca2800}</Data><Data Name='ProcessId'>5284</Data><Data Name='Image'>C:\Windows\SoftwareDistribution\Download\Install\updateplatform.exe</Data><Data Name='TargetFilename'>C:\Windows\Temp\C7F8CBF4-2F7D-4836-BBBB-0C21A94C614F\MpAzSubmit.dll</Data><Data Name='CreationUtcTime'>2020-05-18 06:21:01.566</Data></EventData></Event><Event xmlns='http://schemas.microsoft.com/win/2004/08/events/event'><System><Provider Name='Microsoft-Windows-Sysmon' Guid='{5770385f-c22a-43e0-bf4c-06f5698ffbd9}'/><EventID>11</EventID><Version>2</Version><Level>4</Level><Task>11</Task><Opcode>0</Opcode><Keywords>0x8000000000000000</Keywords><TimeCreated SystemTime='2020-05-18T06:21:01.094937900Z'/><EventRecordID>2362</EventRecordID><Correlation/><Execution ProcessID='3008' ThreadID='3552'/><Channel>Microsoft-Windows-Sysmon/Operational</Channel><Computer>DESKTOP-P84STH6</Computer><Security UserID='S-1-5-18'/></System><EventData><Data Name='RuleName'>DLL</Data><Data Name='UtcTime'>2020-05-18 06:21:01.082</Data><Data Name='ProcessGuid'>{5d3d98af-294a-5ec2-0000-001061ca2800}</Data><Data Name='ProcessId'>5284</Data><Data Name='Image'>C:\Windows\SoftwareDistribution\Download\Install\updateplatform.exe</Data><Data Name='TargetFilename'>C:\Windows\Temp\C7F8CBF4-2F7D-4836-BBBB-0C21A94C614F\DefenderCSP.dll</Data><Data Name='CreationUtcTime'>2020-05-18 06:21:01.082</Data></EventData></Event><Event xmlns='http://schemas.microsoft.com/win/2004/08/events/event'><System><Provider Name='Microsoft-Windows-Sysmon' Guid='{5770385f-c22a-43e0-bf4c-06f5698ffbd9}'/><EventID>1</EventID><Version>5</Version><Level>4</Level><Task>1</Task><Opcode>0</Opcode><Keywords>0x8000000000000000</Keywords><TimeCreated SystemTime='2020-05-18T06:20:58.730049400Z'/><EventRecordID>2361</EventRecordID><Correlation/><Execution ProcessID='3008' ThreadID='3552'/><Channel>Microsoft-Windows-Sysmon/Operational</Channel><Computer>DESKTOP-P84STH6</Computer><Security UserID='S-1-5-18'/></System><EventData><Data Name='RuleName'></Data><Data Name='UtcTime'>2020-05-18 06:20:58.328</Data><Data Name='ProcessGuid'>{5d3d98af-294a-5ec2-0000-001061ca2800}</Data><Data Name='ProcessId'>5284</Data><Data Name='Image'>C:\Windows\SoftwareDistribution\Download\Install\updateplatform.exe</Data><Data Name='FileVersion'>4.18.2005.4</Data><Data Name='Description'>AntiMalware Platform Update (amd64fre)</Data><Data Name='Product'>Microsoft Malware Protection</Data><Data Name='Company'>Microsoft Corporation</Data><Data Name='OriginalFileName'>UpdatePlatform.exe</Data><Data Name='CommandLine'>"C:\Windows\SoftwareDistribution\Download\Install\updateplatform.exe" </Data><Data Name='CurrentDirectory'>C:\Windows\SoftwareDistribution\Download\Install\</Data><Data Name='User'>NT AUTHORITY\SYSTEM</Data><Data Name='LogonGuid'>{5d3d98af-26b2-5ec2-0000-0020e7030000}</Data><Data Name='LogonId'>0x3e7</Data><Data Name='TerminalSessionId'>0</Data><Data Name='IntegrityLevel'>System</Data><Data Name='Hashes'>MD5=011509545DC2A68B64E77510EF29DBFD,SHA256=46D0791D3DF520E4BA3B47E32A5FC65F8A98FF6F58193FB0FD489B308C37C7B5,IMPHASH=17227F67AA67F513DB63F8CDD338A772</Data><Data Name='ParentProcessGuid'>{5d3d98af-2949-5ec2-0000-0010acc62800}</Data><Data Name='ParentProcessId'>3380</Data><Data Name='ParentImage'>C:\Windows\System32\wuauclt.exe</Data><Data Name='ParentCommandLine'>"C:\Windows\system32\wuauclt.exe" /UpdateDeploymentProvider wuaueng.dll /RunHandlerComServer</Data></EventData></Event><Event xmlns='http://schemas.microsoft.com/win/2004/08/events/event'><System><Provider Name='Microsoft-Windows-Sysmon' Guid='{5770385f-c22a-43e0-bf4c-06f5698ffbd9}'/><EventID>11</EventID><Version>2</Version><Level>4</Level><Task>11</Task><Opcode>0</Opcode><Keywords>0x8000000000000000</Keywords><TimeCreated SystemTime='2020-05-18T06:20:58.026836900Z'/><EventRecordID>2360</EventRecordID><Correlation/><Execution ProcessID='3008' ThreadID='3552'/><Channel>Microsoft-Windows-Sysmon/Operational</Channel><Computer>DESKTOP-P84STH6</Computer><Security UserID='S-1-5-18'/></System><EventData><Data Name='RuleName'>EXE</Data><Data Name='UtcTime'>2020-05-18 06:20:58.020</Data><Data Name='ProcessGuid'>{5d3d98af-271e-5ec2-0000-001057e40b00}</Data><Data Name='ProcessId'>7648</Data><Data Name='Image'>C:\Windows\system32\svchost.exe</Data><Data Name='TargetFilename'>C:\Windows\SoftwareDistribution\Download\Install\updateplatform.exe</Data><Data Name='CreationUtcTime'>2020-05-18 06:20:58.020</Data></EventData></Event><Event xmlns='http://schemas.microsoft.com/win/2004/08/events/event'><System><Provider Name='Microsoft-Windows-Sysmon' Guid='{5770385f-c22a-43e0-bf4c-06f5698ffbd9}'/><EventID>1</EventID><Version>5</Version><Level>4</Level><Task>1</Task><Opcode>0</Opcode><Keywords>0x8000000000000000</Keywords><TimeCreated SystemTime='2020-05-18T06:20:57.933754800Z'/><EventRecordID>2359</EventRecordID><Correlation/><Execution ProcessID='3008' ThreadID='3552'/><Channel>Microsoft-Windows-Sysmon/Operational</Channel><Computer>DESKTOP-P84STH6</Computer><Security UserID='S-1-5-18'/></System><EventData><Data Name='RuleName'></Data><Data Name='UtcTime'>2020-05-18 06:20:57.927</Data><Data Name='ProcessGuid'>{5d3d98af-2949-5ec2-0000-0010acc62800}</Data><Data Name='ProcessId'>3380</Data><Data Name='Image'>C:\Windows\System32\wuauclt.exe</Data><Data Name='FileVersion'>10.0.18362.387 (WinBuild.160101.0800)</Data><Data Name='Description'>Windows Update</Data><Data Name='Product'>Microsoft® Windows® Operating System</Data><Data Name='Company'>Microsoft Corporation</Data><Data Name='OriginalFileName'>wuauclt.exe</Data><Data Name='CommandLine'>"C:\Windows\system32\wuauclt.exe" /UpdateDeploymentProvider wuaueng.dll /RunHandlerComServer</Data><Data Name='CurrentDirectory'>C:\Windows\system32\</Data><Data Name='User'>NT AUTHORITY\SYSTEM</Data><Data Name='LogonGuid'>{5d3d98af-26b2-5ec2-0000-0020e7030000}</Data><Data Name='LogonId'>0x3e7</Data><Data Name='TerminalSessionId'>0</Data><Data Name='IntegrityLevel'>System</Data><Data Name='Hashes'>MD5=F3F208DEC2ECE1BB80F39096DC72892C,SHA256=55FA30F5C88D5667B6DC01F6EA5C1C851B07B8AD344D8FA8F832CDC18118DACF,IMPHASH=BE9B473C189DDACB39D5DEE749A544E5</Data><Data Name='ParentProcessGuid'>{5d3d98af-271e-5ec2-0000-001057e40b00}</Data><Data Name='ParentProcessId'>7648</Data><Data Name='ParentImage'>C:\Windows\System32\svchost.exe</Data><Data Name='ParentCommandLine'>C:\Windows\system32\svchost.exe -k netsvcs -p -s wuauserv</Data></EventData></Event><Event xmlns='http://schemas.microsoft.com/win/2004/08/events/event'><System><Provider Name='Microsoft-Windows-Sysmon' Guid='{5770385f-c22a-43e0-bf4c-06f5698ffbd9}'/><EventID>1</EventID><Version>5</Version><Level>4</Level><Task>1</Task><Opcode>0</Opcode><Keywords>0x8000000000000000</Keywords><TimeCreated SystemTime='2020-05-18T06:20:56.688828200Z'/><EventRecordID>2358</EventRecordID><Correlation/><Execution ProcessID='3008' ThreadID='3552'/><Channel>Microsoft-Windows-Sysmon/Operational</Channel><Computer>DESKTOP-P84STH6</Computer><Security UserID='S-1-5-18'/></System><EventData><Data Name='RuleName'></Data><Data Name='UtcTime'>2020-05-18 06:20:56.680</Data><Data Name='ProcessGuid'>{5d3d98af-2948-5ec2-0000-0010aa8d2800}</Data><Data Name='ProcessId'>2420</Data><Data Name='Image'>C:\Windows\System32\svchost.exe</Data><Data Name='FileVersion'>10.0.18362.1 (WinBuild.160101.0800)</Data><Data Name='Description'>Host Process for Windows Services</Data><Data Name='Product'>Microsoft® Windows® Operating System</Data><Data Name='Company'>Microsoft Corporation</Data><Data Name='OriginalFileName'>svchost.exe</Data><Data Name='CommandLine'>C:\Windows\system32\svchost.exe -k netsvcs -p -s gpsvc</Data><Data Name='CurrentDirectory'>C:\Windows\system32\</Data><Data Name='User'>NT AUTHORITY\SYSTEM</Data><Data Name='LogonGuid'>{5d3d98af-26b2-5ec2-0000-0020e7030000}</Data><Data Name='LogonId'>0x3e7</Data><Data Name='TerminalSessionId'>0</Data><Data Name='IntegrityLevel'>System</Data><Data Name='Hashes'>MD5=9520A99E77D6196D0D09833146424113,SHA256=DD191A5B23DF92E12A8852291F9FB5ED594B76A28A5A464418442584AFD1E048,IMPHASH=247B9220E5D9B720A82B2C8B5069AD69</Data><Data Name='ParentProcessGuid'>{5d3d98af-26b2-5ec2-0000-0010025c0000}</Data><Data Name='ParentProcessId'>660</Data><Data Name='ParentImage'>C:\Windows\System32\services.exe</Data><Data Name='ParentCommandLine'>C:\Windows\system32\services.exe</Data></EventData></Event><Event xmlns='http://schemas.microsoft.com/win/2004/08/events/event'><System><Provider Name='Microsoft-Windows-Sysmon' Guid='{5770385f-c22a-43e0-bf4c-06f5698ffbd9}'/><EventID>1</EventID><Version>5</Version><Level>4</Level><Task>1</Task><Opcode>0</Opcode><Keywords>0x8000000000000000</Keywords><TimeCreated SystemTime='2020-05-18T06:20:56.624706000Z'/><EventRecordID>2357</EventRecordID><Correlation/><Execution ProcessID='3008' ThreadID='3552'/><Channel>Microsoft-Windows-Sysmon/Operational</Channel><Computer>DESKTOP-P84STH6</Computer><Security UserID='S-1-5-18'/></System><EventData><Data Name='RuleName'></Data><Data Name='UtcTime'>2020-05-18 06:20:56.618</Data><Data Name='ProcessGuid'>{5d3d98af-2948-5ec2-0000-001029882800}</Data><Data Name='ProcessId'>5228</Data><Data Name='Image'>C:\Windows\System32\taskhostw.exe</Data><Data Name='FileVersion'>10.0.18362.387 (WinBuild.160101.0800)</Data><Data Name='Description'>Host Process for Windows Tasks</Data><Data Name='Product'>Microsoft® Windows® Operating System</Data><Data Name='Company'>Microsoft Corporation</Data><Data Name='OriginalFileName'>taskhostw.exe</Data><Data Name='CommandLine'>taskhostw.exe -RegisterDevice -ProtectionStateChanged -FreeNetworkOnly</Data><Data Name='CurrentDirectory'>C:\Windows\system32\</Data><Data Name='User'>NT AUTHORITY\SYSTEM</Data><Data Name='LogonGuid'>{5d3d98af-26b2-5ec2-0000-0020e7030000}</Data><Data Name='LogonId'>0x3e7</Data><Data Name='TerminalSessionId'>0</Data><Data Name='IntegrityLevel'>System</Data><Data Name='Hashes'>MD5=8AC325C757FA721B272ECEA19EBCF745,SHA256=0BEC3128B241FA533DC5A9D3F62AA41323D205DEFC30DCDE228C5ECC2D1E50A9,IMPHASH=9CB27CAED52CB0AFFB32788922A0D083</Data><Data Name='ParentProcessGuid'>{5d3d98af-26b3-5ec2-0000-0010f1f90000}</Data><Data Name='ParentProcessId'>1484</Data><Data Name='ParentImage'>C:\Windows\System32\svchost.exe</Data><Data Name='ParentCommandLine'>C:\Windows\system32\svchost.exe -k netsvcs -p -s Schedule</Data></EventData></Event><Event xmlns='http://schemas.microsoft.com/win/2004/08/events/event'><System><Provider Name='Microsoft-Windows-Sysmon' Guid='{5770385f-c22a-43e0-bf4c-06f5698ffbd9}'/><EventID>1</EventID><Version>5</Version><Level>4</Level><Task>1</Task><Opcode>0</Opcode><Keywords>0x8000000000000000</Keywords><TimeCreated SystemTime='2020-05-18T06:20:46.075554300Z'/><EventRecordID>2356</EventRecordID><Correlation/><Execution ProcessID='3008' ThreadID='3552'/><Channel>Microsoft-Windows-Sysmon/Operational</Channel><Computer>DESKTOP-P84STH6</Computer><Security UserID='S-1-5-18'/></System><EventData><Data Name='RuleName'></Data><Data Name='UtcTime'>2020-05-18 06:20:46.058</Data><Data Name='ProcessGuid'>{5d3d98af-293e-5ec2-0000-0010fac92700}</Data><Data Name='ProcessId'>1376</Data><Data Name='Image'>C:\Users\NS\AppData\Local\Temp\is-KQ1J1.tmp\VSCodeUserSetup-x64-1.45.1.tmp</Data><Data Name='FileVersion'>51.1052.0.0</Data><Data Name='Description'>Setup/Uninstall</Data><Data Name='Product'>?</Data><Data Name='Company'>?</Data><Data Name='OriginalFileName'>?</Data><Data Name='CommandLine'>"C:\Users\NS\AppData\Local\Temp\is-KQ1J1.tmp\VSCodeUserSetup-x64-1.45.1.tmp" /SL5="$3037A,55892377,168960,C:\Users\NS\Downloads\VSCodeUserSetup-x64-1.45.1.exe" </Data><Data Name='CurrentDirectory'>C:\Users\NS\Downloads\</Data><Data Name='User'>DESKTOP-P84STH6\NS</Data><Data Name='LogonGuid'>{5d3d98af-26d0-5ec2-0000-0020be0f0400}</Data><Data Name='LogonId'>0x40fbe</Data><Data Name='TerminalSessionId'>1</Data><Data Name='IntegrityLevel'>Medium</Data><Data Name='Hashes'>MD5=1D8CA12FA2187415592146D9DAB1CD03,SHA256=65C62DD5C9DD3AF8A3B5995D08B32650362B2C996D209DA6A95889261284739A,IMPHASH=F62B90E31ECA404F228FCF7068B00F31</Data><Data Name='ParentProcessGuid'>{5d3d98af-293c-5ec2-0000-0010899f2700}</Data><Data Name='ParentProcessId'>6216</Data><Data Name='ParentImage'>C:\Users\NS\Downloads\VSCodeUserSetup-x64-1.45.1.exe</Data><Data Name='ParentCommandLine'>"C:\Users\NS\Downloads\VSCodeUserSetup-x64-1.45.1.exe" </Data></EventData></Event><Event xmlns='http://schemas.microsoft.com/win/2004/08/events/event'><System><Provider Name='Microsoft-Windows-Sysmon' Guid='{5770385f-c22a-43e0-bf4c-06f5698ffbd9}'/><EventID>1</EventID><Version>5</Version><Level>4</Level><Task>1</Task><Opcode>0</Opcode><Keywords>0x8000000000000000</Keywords><TimeCreated SystemTime='2020-05-18T06:20:45.599977500Z'/><EventRecordID>2355</EventRecordID><Correlation/><Execution ProcessID='3008' ThreadID='3552'/><Channel>Microsoft-Windows-Sysmon/Operational</Channel><Computer>DESKTOP-P84STH6</Computer><Security UserID='S-1-5-18'/></System><EventData><Data Name='RuleName'></Data><Data Name='UtcTime'>2020-05-18 06:20:45.581</Data><Data Name='ProcessGuid'>{5d3d98af-293d-5ec2-0000-0010acab2700}</Data><Data Name='ProcessId'>7464</Data><Data Name='Image'>C:\Windows\System32\VSSVC.exe</Data><Data Name='FileVersion'>10.0.18362.1 (WinBuild.160101.0800)</Data><Data Name='Description'>Microsoft® Volume Shadow Copy Service</Data><Data Name='Product'>Microsoft® Windows® Operating System</Data><Data Name='Company'>Microsoft Corporation</Data><Data Name='OriginalFileName'>VSSVC.EXE</Data><Data Name='CommandLine'>C:\Windows\system32\vssvc.exe</Data><Data Name='CurrentDirectory'>C:\Windows\system32\</Data><Data Name='User'>NT AUTHORITY\SYSTEM</Data><Data Name='LogonGuid'>{5d3d98af-26b2-5ec2-0000-0020e7030000}</Data><Data Name='LogonId'>0x3e7</Data><Data Name='TerminalSessionId'>0</Data><Data Name='IntegrityLevel'>System</Data><Data Name='Hashes'>MD5=C82C209DF1CFDA5C72B148DFC2FA5D1D,SHA256=C4A4BB9B050D214D44119D6F39822E9E3B36EF7DA67471843C0856E090987B70,IMPHASH=17A4435C23F6131C19FA794A6C9D65C6</Data><Data Name='ParentProcessGuid'>{5d3d98af-26b2-5ec2-0000-0010025c0000}</Data><Data Name='ParentProcessId'>660</Data><Data Name='ParentImage'>C:\Windows\System32\services.exe</Data><Data Name='ParentCommandLine'>C:\Windows\system32\services.exe</Data></EventData></Event><Event xmlns='http://schemas.microsoft.com/win/2004/08/events/event'><System><Provider Name='Microsoft-Windows-Sysmon' Guid='{5770385f-c22a-43e0-bf4c-06f5698ffbd9}'/><EventID>1</EventID><Version>5</Version><Level>4</Level><Task>1</Task><Opcode>0</Opcode><Keywords>0x8000000000000000</Keywords><TimeCreated SystemTime='2020-05-18T06:20:45.074707900Z'/><EventRecordID>2354</EventRecordID><Correlation/><Execution ProcessID='3008' ThreadID='3552'/><Channel>Microsoft-Windows-Sysmon/Operational</Channel><Computer>DESKTOP-P84STH6</Computer><Security UserID='S-1-5-18'/></System><EventData><Data Name='RuleName'></Data><Data Name='UtcTime'>2020-05-18 06:20:44.555</Data><Data Name='ProcessGuid'>{5d3d98af-293c-5ec2-0000-0010899f2700}</Data><Data Name='ProcessId'>6216</Data><Data Name='Image'>C:\Users\NS\Downloads\VSCodeUserSetup-x64-1.45.1.exe</Data><Data Name='FileVersion'>1.45.1              </Data><Data Name='Description'>Visual Studio Code Setup                                    </Data><Data Name='Product'>Visual Studio Code                                          </Data><Data Name='Company'>Microsoft Corporation                                       </Data><Data Name='OriginalFileName'>?</Data><Data Name='CommandLine'>"C:\Users\NS\Downloads\VSCodeUserSetup-x64-1.45.1.exe" </Data><Data Name='CurrentDirectory'>C:\Users\NS\Downloads\</Data><Data Name='User'>DESKTOP-P84STH6\NS</Data><Data Name='LogonGuid'>{5d3d98af-26d0-5ec2-0000-0020be0f0400}</Data><Data Name='LogonId'>0x40fbe</Data><Data Name='TerminalSessionId'>1</Data><Data Name='IntegrityLevel'>Medium</Data><Data Name='Hashes'>MD5=56F6DC8E5B4D9F36F3F5732A5992E6A6,SHA256=8858955289BD86743B356DF90A8D45E608000973E66BE17CFBE9B70ADBD77209,IMPHASH=20DD26497880C05CAED9305B3C8B9109</Data><Data Name='ParentProcessGuid'>{5d3d98af-27ad-5ec2-0000-00107fc91700}</Data><Data Name='ParentProcessId'>5756</Data><Data Name='ParentImage'>C:\Program Files (x86)\Google\Chrome\Application\chrome.exe</Data><Data Name='ParentCommandLine'>"C:\Program Files (x86)\Google\Chrome\Application\chrome.exe"</Data></EventData></Event><Event xmlns='http://schemas.microsoft.com/win/2004/08/events/event'><System><Provider Name='Microsoft-Windows-Sysmon' Guid='{5770385f-c22a-43e0-bf4c-06f5698ffbd9}'/><EventID>15</EventID><Version>2</Version><Level>4</Level><Task>15</Task><Opcode>0</Opcode><Keywords>0x8000000000000000</Keywords><TimeCreated SystemTime='2020-05-18T06:20:43.621891000Z'/><EventRecordID>2353</EventRecordID><Correlation/><Execution ProcessID='3008' ThreadID='3552'/><Channel>Microsoft-Windows-Sysmon/Operational</Channel><Computer>DESKTOP-P84STH6</Computer><Security UserID='S-1-5-18'/></System><EventData><Data Name='RuleName'></Data><Data Name='UtcTime'>2020-05-18 06:20:43.621</Data><Data Name='ProcessGuid'>{5d3d98af-27ad-5ec2-0000-00107fc91700}</Data><Data Name='ProcessId'>5756</Data><Data Name='Image'>C:\Program Files (x86)\Google\Chrome\Application\chrome.exe</Data><Data Name='TargetFilename'>C:\Users\NS\Downloads\VSCodeUserSetup-x64-1.45.1.exe:Zone.Identifier</Data><Data Name='CreationUtcTime'>2020-05-18 06:19:23.433</Data><Data Name='Hash'>MD5=6915F430B0C93840A1B3212B8F82F99A,SHA256=0AFB8A266A27B6A9B863D78A2B8087FA2D1CE5AB5B412B645B8377ABF2DD3E68,IMPHASH=00000000000000000000000000000000</Data></EventData></Event><Event xmlns='http://schemas.microsoft.com/win/2004/08/events/event'><System><Provider Name='Microsoft-Windows-Sysmon' Guid='{5770385f-c22a-43e0-bf4c-06f5698ffbd9}'/><EventID>15</EventID><Version>2</Version><Level>4</Level><Task>15</Task><Opcode>0</Opcode><Keywords>0x8000000000000000</Keywords><TimeCreated SystemTime='2020-05-18T06:20:43.621498800Z'/><EventRecordID>2352</EventRecordID><Correlation/><Execution ProcessID='3008' ThreadID='3552'/><Channel>Microsoft-Windows-Sysmon/Operational</Channel><Computer>DESKTOP-P84STH6</Computer><Security UserID='S-1-5-18'/></System><EventData><Data Name='RuleName'></Data><Data Name='UtcTime'>2020-05-18 06:20:43.112</Data><Data Name='ProcessGuid'>{5d3d98af-27ad-5ec2-0000-00107fc91700}</Data><Data Name='ProcessId'>5756</Data><Data Name='Image'>C:\Program Files (x86)\Google\Chrome\Application\chrome.exe</Data><Data Name='TargetFilename'>C:\Users\NS\Downloads\VSCodeUserSetup-x64-1.45.1.exe</Data><Data Name='CreationUtcTime'>2020-05-18 06:19:23.433</Data><Data Name='Hash'>MD5=56F6DC8E5B4D9F36F3F5732A5992E6A6,SHA256=8858955289BD86743B356DF90A8D45E608000973E66BE17CFBE9B70ADBD77209,IMPHASH=20DD26497880C05CAED9305B3C8B9109</Data></EventData></Event><Event xmlns='http://schemas.microsoft.com/win/2004/08/events/event'><System><Provider Name='Microsoft-Windows-Sysmon' Guid='{5770385f-c22a-43e0-bf4c-06f5698ffbd9}'/><EventID>15</EventID><Version>2</Version><Level>4</Level><Task>15</Task><Opcode>0</Opcode><Keywords>0x8000000000000000</Keywords><TimeCreated SystemTime='2020-05-18T06:20:43.111647400Z'/><EventRecordID>2351</EventRecordID><Correlation/><Execution ProcessID='3008' ThreadID='3552'/><Channel>Microsoft-Windows-Sysmon/Operational</Channel><Computer>DESKTOP-P84STH6</Computer><Security UserID='S-1-5-18'/></System><EventData><Data Name='RuleName'></Data><Data Name='UtcTime'>2020-05-18 06:20:43.111</Data><Data Name='ProcessGuid'>{5d3d98af-27ad-5ec2-0000-00107fc91700}</Data><Data Name='ProcessId'>5756</Data><Data Name='Image'>C:\Program Files (x86)\Google\Chrome\Application\chrome.exe</Data><Data Name='TargetFilename'>C:\Users\NS\Downloads\VSCodeUserSetup-x64-1.45.1.exe:Zone.Identifier</Data><Data Name='CreationUtcTime'>2020-05-18 06:19:23.433</Data><Data Name='Hash'>MD5=D2E7685A60E27FA8408AC96336CA77A0,SHA256=E3E800946E4B1EE146F942CDFDA27B8C94B9DBABBDFD76B4515FB6BF00B9A888,IMPHASH=00000000000000000000000000000000</Data></EventData></Event><Event xmlns='http://schemas.microsoft.com/win/2004/08/events/event'><System><Provider Name='Microsoft-Windows-Sysmon' Guid='{5770385f-c22a-43e0-bf4c-06f5698ffbd9}'/><EventID>15</EventID><Version>2</Version><Level>4</Level><Task>15</Task><Opcode>0</Opcode><Keywords>0x8000000000000000</Keywords><TimeCreated SystemTime='2020-05-18T06:20:43.110716100Z'/><EventRecordID>2350</EventRecordID><Correlation/><Execution ProcessID='3008' ThreadID='3552'/><Channel>Microsoft-Windows-Sysmon/Operational</Channel><Computer>DESKTOP-P84STH6</Computer><Security UserID='S-1-5-18'/></System><EventData><Data Name='RuleName'></Data><Data Name='UtcTime'>2020-05-18 06:20:42.552</Data><Data Name='ProcessGuid'>{5d3d98af-27ad-5ec2-0000-00107fc91700}</Data><Data Name='ProcessId'>5756</Data><Data Name='Image'>C:\Program Files (x86)\Google\Chrome\Application\chrome.exe</Data><Data Name='TargetFilename'>C:\Users\NS\Downloads\VSCodeUserSetup-x64-1.45.1.exe</Data><Data Name='CreationUtcTime'>2020-05-18 06:19:23.433</Data><Data Name='Hash'>MD5=56F6DC8E5B4D9F36F3F5732A5992E6A6,SHA256=8858955289BD86743B356DF90A8D45E608000973E66BE17CFBE9B70ADBD77209,IMPHASH=20DD26497880C05CAED9305B3C8B9109</Data></EventData></Event><Event xmlns='http://schemas.microsoft.com/win/2004/08/events/event'><System><Provider Name='Microsoft-Windows-Sysmon' Guid='{5770385f-c22a-43e0-bf4c-06f5698ffbd9}'/><EventID>15</EventID><Version>2</Version><Level>4</Level><Task>15</Task><Opcode>0</Opcode><Keywords>0x8000000000000000</Keywords><TimeCreated SystemTime='2020-05-18T06:20:42.553159500Z'/><EventRecordID>2349</EventRecordID><Correlation/><Execution ProcessID='3008' ThreadID='3552'/><Channel>Microsoft-Windows-Sysmon/Operational</Channel><Computer>DESKTOP-P84STH6</Computer><Security UserID='S-1-5-18'/></System><EventData><Data Name='RuleName'></Data><Data Name='UtcTime'>2020-05-18 06:20:42.552</Data><Data Name='ProcessGuid'>{5d3d98af-27ad-5ec2-0000-00107fc91700}</Data><Data Name='ProcessId'>5756</Data><Data Name='Image'>C:\Program Files (x86)\Google\Chrome\Application\chrome.exe</Data><Data Name='TargetFilename'>C:\Users\NS\Downloads\VSCodeUserSetup-x64-1.45.1.exe:Zone.Identifier</Data><Data Name='CreationUtcTime'>2020-05-18 06:19:23.433</Data><Data Name='Hash'>MD5=FBCCF14D504B7B2DBCB5A5BDA75BD93B,SHA256=EACD09517CE90D34BA562171D15AC40D302F0E691B439F91BE1B6406E25F5913,IMPHASH=00000000000000000000000000000000</Data></EventData></Event><Event xmlns='http://schemas.microsoft.com/win/2004/08/events/event'><System><Provider Name='Microsoft-Windows-Sysmon' Guid='{5770385f-c22a-43e0-bf4c-06f5698ffbd9}'/><EventID>11</EventID><Version>2</Version><Level>4</Level><Task>11</Task><Opcode>0</Opcode><Keywords>0x8000000000000000</Keywords><TimeCreated SystemTime='2020-05-18T06:20:42.552449900Z'/><EventRecordID>2348</EventRecordID><Correlation/><Execution ProcessID='3008' ThreadID='3552'/><Channel>Microsoft-Windows-Sysmon/Operational</Channel><Computer>DESKTOP-P84STH6</Computer><Security UserID='S-1-5-18'/></System><EventData><Data Name='RuleName'>Downloads</Data><Data Name='UtcTime'>2020-05-18 06:20:42.551</Data><Data Name='ProcessGuid'>{5d3d98af-27ad-5ec2-0000-00107fc91700}</Data><Data Name='ProcessId'>5756</Data><Data Name='Image'>C:\Program Files (x86)\Google\Chrome\Application\chrome.exe</Data><Data Name='TargetFilename'>C:\Users\NS\Downloads\VSCodeUserSetup-x64-1.45.1.exe:Zone.Identifier</Data><Data Name='CreationUtcTime'>2020-05-18 06:19:23.433</Data></EventData></Event>