<Event xmlns='http://schemas.microsoft.com/win/2004/08/events/event'><System><Provider Name='Microsoft-Windows-Sysmon' Guid='{5770385f-c22a-43e0-bf4c-06f5698ffbd9}'/><EventID>1</EventID><Version>5</Version><Level>4</Level><Task>1</Task><Opcode>0</Opcode><Keywords>0x8000000000000000</Keywords><TimeCreated SystemTime='2020-05-18T06:21:30.082372800Z'/><EventRecordID>2470</EventRecordID><Correlation/><Execution ProcessID='3008' ThreadID='3552'/><Channel>Microsoft-Windows-Sysmon/Operational</Channel><Computer>DESKTOP-P84STH6</Computer><Security UserID='S-1-5-18'/></System><EventData><Data Name='RuleName'></Data><Data Name='UtcTime'>2020-05-18 06:21:30.072</Data><Data Name='ProcessGuid'>{5d3d98af-296a-5ec2-0000-00104f4c2b00}</Data><Data Name='ProcessId'>4824</Data><Data Name='Image'>C:\Users\NS\AppData\Local\Programs\Microsoft VS Code\Code.exe</Data><Data Name='FileVersion'>1.45.1</Data><Data Name='Description'>Visual Studio Code</Data><Data Name='Product'>Visual Studio Code</Data><Data Name='Company'>Microsoft Corporation</Data><Data Name='OriginalFileName'>electron.exe</Data><Data Name='CommandLine'>"C:\Users\NS\AppData\Local\Programs\Microsoft VS Code\Code.exe" --type=gpu-process --field-trial-handle=1724,7175088997007170833,7611624299165236812,131072 --disable-features=LayoutNG,PictureInPicture,SpareRendererForSitePerProcess --disable-color-correct-rendering --gpu-preferences=KAAAAAAAAADgAAAwAAAAAAAAYAAAAAAAEAAAAAAAAAAAAAAAAAAAACgAAAAEAAAAIAAAAAAAAAAoAAAAAAAAADAAAAAAAAAAOAAAAAAAAAAQAAAAAAAAAAAAAAAFAAAAEAAAAAAAAAAAAAAABgAAABAAAAAAAAAAAQAAAAUAAAAQAAAAAAAAAAEAAAAGAAAA --service-request-channel-token=12880044272609632117 --mojo-platform-channel-handle=1808 --ignored=" --type=renderer " /prefetch:2</Data><Data Name='CurrentDirectory'>C:\Users\NS\AppData\Local\Programs\Microsoft VS Code\</Data><Data Name='User'>DESKTOP-P84STH6\NS</Data><Data Name='LogonGuid'>{5d3d98af-26d0-5ec2-0000-0020be0f0400}</Data><Data Name='LogonId'>0x40fbe</Data><Data Name='TerminalSessionId'>1</Data><Data Name='IntegrityLevel'>Low</Data><Data Name='Hashes'>MD5=4C66F09586E44B8B150A262CEA150C74,SHA256=56C589A0102158EF99A853370CA03499466E4E452E8AD534B39503846319E35F,IMPHASH=F0965A9069FD1185407193EA8AF0C7DE</Data><Data Name='ParentProcessGuid'>{5d3d98af-2968-5ec2-0000-0010a9432b00}</Data><Data Name='ParentProcessId'>9028</Data><Data Name='ParentImage'>C:\Users\NS\AppData\Local\Programs\Microsoft VS Code\Code.exe</Data><Data Name='ParentCommandLine'>"C:\Users\NS\AppData\Local\Programs\Microsoft VS Code\Code.exe"</Data></EventData></Event><Event xmlns='http://schemas.microsoft.com/win/2004/08/events/event'><System><Provider Name='Microsoft-Windows-Sysmon' Guid='{5770385f-c22a-43e0-bf4c-06f5698ffbd9}'/><EventID>1</EventID><Version>5</Version><Level>4</Level><Task>1</Task><Opcode>0</Opcode><Keywords>0x8000000000000000</Keywords><TimeCreated SystemTime='2020-05-18T06:21:29.528736000Z'/><EventRecordID>2469</EventRecordID><Correlation/><Execution ProcessID='3008' ThreadID='3552'/><Channel>Microsoft-Windows-Sysmon/Operational</Channel><Computer>DESKTOP-P84STH6</Computer><Security UserID='S-1-5-18'/></System><EventData><Data Name='RuleName'></Data><Data Name='UtcTime'>2020-05-18 06:21:28.605</Data><Data Name='ProcessGuid'>{5d3d98af-2968-5ec2-0000-0010a9432b00}</Data><Data Name='ProcessId'>9028</Data><Data Name='Image'>C:\Users\NS\AppData\Local\Programs\Microsoft VS Code\Code.exe</Data><Data Name='FileVersion'>1.45.1</Data><Data Name='Description'>Visual Studio Code</Data><Data Name='Product'>Visual Studio Code</Data><Data Name='Company'>Microsoft Corporation</Data><Data Name='OriginalFileName'>electron.exe</Data><Data Name='CommandLine'>"C:\Users\NS\AppData\Local\Programs\Microsoft VS Code\Code.exe"</Data><Data Name='CurrentDirectory'>C:\Users\NS\AppData\Local\Programs\Microsoft VS Code\</Data><Data Name='User'>DESKTOP-P84STH6\NS</Data><Data Name='LogonGuid'>{5d3d98af-26d0-5ec2-0000-0020be0f0400}</Data><Data Name='LogonId'>0x40fbe</Data><Data Name='TerminalSessionId'>1</Data><Data Name='IntegrityLevel'>Medium</Data><Data Name='Hashes'>MD5=4C66F09586E44B8B150A262CEA150C74,SHA256=56C589A0102158EF99A853370CA03499466E4E452E8AD534B39503846319E35F,IMPHASH=F0965A9069FD1185407193EA8AF0C7DE</Data><Data Name='ParentProcessGuid'>{5d3d98af-2934-5ec2-0000-0010784d2700}</Data><Data Name='ParentProcessId'>3496</Data><Data Name='ParentImage'>C:\Users\NS\AppData\Local\Temp\is-VGDQ6.tmp\VSCodeUserSetup-x64-1.45.1.tmp</Data><Data Name='ParentCommandLine'>"C:\Users\NS\AppData\Local\Temp\is-VGDQ6.tmp\VSCodeUserSetup-x64-1.45.1.tmp" /SL5="$8020C,55892377,168960,C:\Users\NS\Downloads\VSCodeUserSetup-x64-1.45.1.exe" </Data></EventData></Event><Event xmlns='http://schemas.microsoft.com/win/2004/08/events/event'><System><Provider Name='Microsoft-Windows-Sysmon' Guid='{5770385f-c22a-43e0-bf4c-06f5698ffbd9}'/><EventID>13</EventID><Version>2</Version><Level>4</Level><Task>13</Task><Opcode>0</Opcode><Keywords>0x8000000000000000</Keywords><TimeCreated SystemTime='2020-05-18T06:21:24.798865100Z'/><EventRecordID>2468</EventRecordID><Correlation/><Execution ProcessID='3008' ThreadID='3552'/><Channel>Microsoft-Windows-Sysmon/Operational</Channel><Computer>DESKTOP-P84STH6</Computer><Security UserID='S-1-5-18'/></System><EventData><Data Name='RuleName'>T1031,T1050</Data><Data Name='EventType'>SetValue</Data><Data Name='UtcTime'>2020-05-18 06:21:24.783</Data><Data Name='ProcessGuid'>{5d3d98af-26b2-5ec2-0000-0010025c0000}</Data><Data Name='ProcessId'>660</Data><Data Name='Image'>C:\Windows\system32\services.exe</Data><Data Name='TargetObject'>HKLM\System\CurrentControlSet\Services\WinDefend\Start</Data><Data Name='Details'>DWORD (0x00000002)</Data></EventData></Event><Event xmlns='http://schemas.microsoft.com/win/2004/08/events/event'><System><Provider Name='Microsoft-Windows-Sysmon' Guid='{5770385f-c22a-43e0-bf4c-06f5698ffbd9}'/><EventID>13</EventID><Version>2</Version><Level>4</Level><Task>13</Task><Opcode>0</Opcode><Keywords>0x8000000000000000</Keywords><TimeCreated SystemTime='2020-05-18T06:21:24.797864000Z'/><EventRecordID>2467</EventRecordID><Correlation/><Execution ProcessID='3008' ThreadID='3552'/><Channel>Microsoft-Windows-Sysmon/Operational</Channel><Computer>DESKTOP-P84STH6</Computer><Security UserID='S-1-5-18'/></System><EventData><Data Name='RuleName'>T1031,T1050</Data><Data Name='EventType'>SetValue</Data><Data Name='UtcTime'>2020-05-18 06:21:24.783</Data><Data Name='ProcessGuid'>{5d3d98af-26b2-5ec2-0000-0010025c0000}</Data><Data Name='ProcessId'>660</Data><Data Name='Image'>C:\Windows\system32\services.exe</Data><Data Name='TargetObject'>HKLM\System\CurrentControlSet\Services\WdBoot\Start</Data><Data Name='Details'>DWORD (0x00000000)</Data></EventData></Event><Event xmlns='http://schemas.microsoft.com/win/2004/08/events/event'><System><Provider Name='Microsoft-Windows-Sysmon' Guid='{5770385f-c22a-43e0-bf4c-06f5698ffbd9}'/><EventID>13</EventID><Version>2</Version><Level>4</Level><Task>13</Task><Opcode>0</Opcode><Keywords>0x8000000000000000</Keywords><TimeCreated SystemTime='2020-05-18T06:21:24.797101100Z'/><EventRecordID>2466</EventRecordID><Correlation/><Execution ProcessID='3008' ThreadID='3552'/><Channel>Microsoft-Windows-Sysmon/Operational</Channel><Computer>DESKTOP-P84STH6</Computer><Security UserID='S-1-5-18'/></System><EventData><Data Name='RuleName'>T1031,T1050</Data><Data Name='EventType'>SetValue</Data><Data Name='UtcTime'>2020-05-18 06:21:24.783</Data><Data Name='ProcessGuid'>{5d3d98af-26b2-5ec2-0000-0010025c0000}</Data><Data Name='ProcessId'>660</Data><Data Name='Image'>C:\Windows\system32\services.exe</Data><Data Name='TargetObject'>HKLM\System\CurrentControlSet\Services\WdFilter\Start</Data><Data Name='Details'>DWORD (0x00000000)</Data></EventData></Event><Event xmlns='http://schemas.microsoft.com/win/2004/08/events/event'><System><Provider Name='Microsoft-Windows-Sysmon' Guid='{5770385f-c22a-43e0-bf4c-06f5698ffbd9}'/><EventID>13</EventID><Version>2</Version><Level>4</Level><Task>13</Task><Opcode>0</Opcode><Keywords>0x8000000000000000</Keywords><TimeCreated SystemTime='2020-05-18T06:21:24.712837800Z'/><EventRecordID>2465</EventRecordID><Correlation/><Execution ProcessID='3008' ThreadID='3552'/><Channel>Microsoft-Windows-Sysmon/Operational</Channel><Computer>DESKTOP-P84STH6</Computer><Security UserID='S-1-5-18'/></System><EventData><Data Name='RuleName'>T1060,RunKey</Data><Data Name='EventType'>SetValue</Data><Data Name='UtcTime'>2020-05-18 06:21:24.704</Data><Data Name='ProcessGuid'>{5d3d98af-2964-5ec2-0000-0010240f2b00}</Data><Data Name='ProcessId'>1096</Data><Data Name='Image'>C:\ProgramData\Microsoft\Windows Defender\platform\4.18.2005.4-0\MsMpEng.exe</Data><Data Name='TargetObject'>HKLM\SOFTWARE\Microsoft\Windows\CurrentVersion\Run\WindowsDefender</Data><Data Name='Details'>"%%ProgramFiles%%\Windows Defender\MSASCuiL.exe"</Data></EventData></Event><Event xmlns='http://schemas.microsoft.com/win/2004/08/events/event'><System><Provider Name='Microsoft-Windows-Sysmon' Guid='{5770385f-c22a-43e0-bf4c-06f5698ffbd9}'/><EventID>13</EventID><Version>2</Version><Level>4</Level><Task>13</Task><Opcode>0</Opcode><Keywords>0x8000000000000000</Keywords><TimeCreated SystemTime='2020-05-18T06:21:24.702369000Z'/><EventRecordID>2464</EventRecordID><Correlation/><Execution ProcessID='3008' ThreadID='3552'/><Channel>Microsoft-Windows-Sysmon/Operational</Channel><Computer>DESKTOP-P84STH6</Computer><Security UserID='S-1-5-18'/></System><EventData><Data Name='RuleName'></Data><Data Name='EventType'>SetValue</Data><Data Name='UtcTime'>2020-05-18 06:21:24.688</Data><Data Name='ProcessGuid'>{5d3d98af-2964-5ec2-0000-0010240f2b00}</Data><Data Name='ProcessId'>1096</Data><Data Name='Image'>C:\ProgramData\Microsoft\Windows Defender\platform\4.18.2005.4-0\MsMpEng.exe</Data><Data Name='TargetObject'>HKCR\Directory\shellex\ContextMenuHandlers\EPP\(Default)</Data><Data Name='Details'>{09A47860-11B0-4DA5-AFA5-26D86198A780}</Data></EventData></Event><Event xmlns='http://schemas.microsoft.com/win/2004/08/events/event'><System><Provider Name='Microsoft-Windows-Sysmon' Guid='{5770385f-c22a-43e0-bf4c-06f5698ffbd9}'/><EventID>13</EventID><Version>2</Version><Level>4</Level><Task>13</Task><Opcode>0</Opcode><Keywords>0x8000000000000000</Keywords><TimeCreated SystemTime='2020-05-18T06:21:24.701637300Z'/><EventRecordID>2463</EventRecordID><Correlation/><Execution ProcessID='3008' ThreadID='3552'/><Channel>Microsoft-Windows-Sysmon/Operational</Channel><Computer>DESKTOP-P84STH6</Computer><Security UserID='S-1-5-18'/></System><EventData><Data Name='RuleName'></Data><Data Name='EventType'>SetValue</Data><Data Name='UtcTime'>2020-05-18 06:21:24.688</Data><Data Name='ProcessGuid'>{5d3d98af-2964-5ec2-0000-0010240f2b00}</Data><Data Name='ProcessId'>1096</Data><Data Name='Image'>C:\ProgramData\Microsoft\Windows Defender\platform\4.18.2005.4-0\MsMpEng.exe</Data><Data Name='TargetObject'>HKCR\Drive\shellex\ContextMenuHandlers\EPP\(Default)</Data><Data Name='Details'>{09A47860-11B0-4DA5-AFA5-26D86198A780}</Data></EventData></Event><Event xmlns='http://schemas.microsoft.com/win/2004/08/events/event'><System><Provider Name='Microsoft-Windows-Sysmon' Guid='{5770385f-c22a-43e0-bf4c-06f5698ffbd9}'/><EventID>13</EventID><Version>2</Version><Level>4</Level><Task>13</Task><Opcode>0</Opcode><Keywords>0x8000000000000000</Keywords><TimeCreated SystemTime='2020-05-18T06:21:24.700682500Z'/><EventRecordID>2462</EventRecordID><Correlation/><Execution ProcessID='3008' ThreadID='3552'/><Channel>Microsoft-Windows-Sysmon/Operational</Channel><Computer>DESKTOP-P84STH6</Computer><Security UserID='S-1-5-18'/></System><EventData><Data Name='RuleName'></Data><Data Name='EventType'>SetValue</Data><Data Name='UtcTime'>2020-05-18 06:21:24.688</Data><Data Name='ProcessGuid'>{5d3d98af-2964-5ec2-0000-0010240f2b00}</Data><Data Name='ProcessId'>1096</Data><Data Name='Image'>C:\ProgramData\Microsoft\Windows Defender\platform\4.18.2005.4-0\MsMpEng.exe</Data><Data Name='TargetObject'>HKCR\*\shellex\ContextMenuHandlers\EPP\(Default)</Data><Data Name='Details'>{09A47860-11B0-4DA5-AFA5-26D86198A780}</Data></EventData></Event><Event xmlns='http://schemas.microsoft.com/win/2004/08/events/event'><System><Provider Name='Microsoft-Windows-Sysmon' Guid='{5770385f-c22a-43e0-bf4c-06f5698ffbd9}'/><EventID>1</EventID><Version>5</Version><Level>4</Level><Task>1</Task><Opcode>0</Opcode><Keywords>0x8000000000000000</Keywords><TimeCreated SystemTime='2020-05-18T06:21:24.699771100Z'/><EventRecordID>2461</EventRecordID><Correlation/><Execution ProcessID='3008' ThreadID='3552'/><Channel>Microsoft-Windows-Sysmon/Operational</Channel><Computer>DESKTOP-P84STH6</Computer><Security UserID='S-1-5-18'/></System><EventData><Data Name='RuleName'></Data><Data Name='UtcTime'>2020-05-18 06:21:24.692</Data><Data Name='ProcessGuid'>{5d3d98af-2964-5ec2-0000-001013192b00}</Data><Data Name='ProcessId'>3592</Data><Data Name='Image'>C:\Program Files\Windows Defender\MpCmdRun.exe</Data><Data Name='FileVersion'>4.18.1902.5 (GitEnlistment(winpbld).190221-1742)</Data><Data Name='Description'>Microsoft Malware Protection Command Line Utility</Data><Data Name='Product'>Microsoft® Windows® Operating System</Data><Data Name='Company'>Microsoft Corporation</Data><Data Name='OriginalFileName'>MpCmdRun.exe</Data><Data Name='CommandLine'>"C:\Program Files\Windows Defender\MpCmdRun.exe" -EnableService</Data><Data Name='CurrentDirectory'>C:\Windows\system32\</Data><Data Name='User'>NT AUTHORITY\SYSTEM</Data><Data Name='LogonGuid'>{5d3d98af-26b2-5ec2-0000-0020e7030000}</Data><Data Name='LogonId'>0x3e7</Data><Data Name='TerminalSessionId'>0</Data><Data Name='IntegrityLevel'>System</Data><Data Name='Hashes'>MD5=CC4F6CBDE75F08AFDCEFB95087149A5D,SHA256=885557BE148DE55F6A127EA26AC457B9415E3E3BAF30266D82B9D19B89E78EE4,IMPHASH=B34FCC4C232A80C59EEDF422ACC8372D</Data><Data Name='ParentProcessGuid'>{5d3d98af-2964-5ec2-0000-0010240f2b00}</Data><Data Name='ParentProcessId'>1096</Data><Data Name='ParentImage'>C:\ProgramData\Microsoft\Windows Defender\Platform\4.18.2005.4-0\MsMpEng.exe</Data><Data Name='ParentCommandLine'>"C:\ProgramData\Microsoft\Windows Defender\platform\4.18.2005.4-0\MsMpEng.exe"</Data></EventData></Event><Event xmlns='http://schemas.microsoft.com/win/2004/08/events/event'><System><Provider Name='Microsoft-Windows-Sysmon' Guid='{5770385f-c22a-43e0-bf4c-06f5698ffbd9}'/><EventID>13</EventID><Version>2</Version><Level>4</Level><Task>13</Task><Opcode>0</Opcode><Keywords>0x8000000000000000</Keywords><TimeCreated SystemTime='2020-05-18T06:21:24.692723500Z'/><EventRecordID>2460</EventRecordID><Correlation/><Execution ProcessID='3008' ThreadID='3552'/><Channel>Microsoft-Windows-Sysmon/Operational</Channel><Computer>DESKTOP-P84STH6</Computer><Security UserID='S-1-5-18'/></System><EventData><Data Name='RuleName'>T1089,Tamper-Defender</Data><Data Name='EventType'>SetValue</Data><Data Name='UtcTime'>2020-05-18 06:21:24.688</Data><Data Name='ProcessGuid'>{5d3d98af-2964-5ec2-0000-0010240f2b00}</Data><Data Name='ProcessId'>1096</Data><Data Name='Image'>C:\ProgramData\Microsoft\Windows Defender\platform\4.18.2005.4-0\MsMpEng.exe</Data><Data Name='TargetObject'>HKLM\SOFTWARE\Microsoft\Windows Defender\DisableAntiVirus</Data><Data Name='Details'>DWORD (0x00000000)</Data></EventData></Event><Event xmlns='http://schemas.microsoft.com/win/2004/08/events/event'><System><Provider Name='Microsoft-Windows-Sysmon' Guid='{5770385f-c22a-43e0-bf4c-06f5698ffbd9}'/><EventID>13</EventID><Version>2</Version><Level>4</Level><Task>13</Task><Opcode>0</Opcode><Keywords>0x8000000000000000</Keywords><TimeCreated SystemTime='2020-05-18T06:21:24.691798900Z'/><EventRecordID>2459</EventRecordID><Correlation/><Execution ProcessID='3008' ThreadID='3552'/><Channel>Microsoft-Windows-Sysmon/Operational</Channel><Computer>DESKTOP-P84STH6</Computer><Security UserID='S-1-5-18'/></System><EventData><Data Name='RuleName'>T1089,Tamper-Defender</Data><Data Name='EventType'>SetValue</Data><Data Name='UtcTime'>2020-05-18 06:21:24.688</Data><Data Name='ProcessGuid'>{5d3d98af-2964-5ec2-0000-0010240f2b00}</Data><Data Name='ProcessId'>1096</Data><Data Name='Image'>C:\ProgramData\Microsoft\Windows Defender\platform\4.18.2005.4-0\MsMpEng.exe</Data><Data Name='TargetObject'>HKLM\SOFTWARE\Microsoft\Windows Defender\DisableAntiSpyware</Data><Data Name='Details'>DWORD (0x00000000)</Data></EventData></Event><Event xmlns='http://schemas.microsoft.com/win/2004/08/events/event'><System><Provider Name='Microsoft-Windows-Sysmon' Guid='{5770385f-c22a-43e0-bf4c-06f5698ffbd9}'/><EventID>1</EventID><Version>5</Version><Level>4</Level><Task>1</Task><Opcode>0</Opcode><Keywords>0x8000000000000000</Keywords><TimeCreated SystemTime='2020-05-18T06:21:24.492561900Z'/><EventRecordID>2458</EventRecordID><Correlation/><Execution ProcessID='3008' ThreadID='3552'/><Channel>Microsoft-Windows-Sysmon/Operational</Channel><Computer>DESKTOP-P84STH6</Computer><Security UserID='S-1-5-18'/></System><EventData><Data Name='RuleName'></Data><Data Name='UtcTime'>2020-05-18 06:21:24.488</Data><Data Name='ProcessGuid'>{5d3d98af-2964-5ec2-0000-0010240f2b00}</Data><Data Name='ProcessId'>1096</Data><Data Name='Image'>C:\ProgramData\Microsoft\Windows Defender\Platform\4.18.2005.4-0\MsMpEng.exe</Data><Data Name='FileVersion'>4.18.2005.4 (WinBuild.160101.0800)</Data><Data Name='Description'>Antimalware Service Executable</Data><Data Name='Product'>Microsoft® Windows® Operating System</Data><Data Name='Company'>Microsoft Corporation</Data><Data Name='OriginalFileName'>MsMpEng.exe</Data><Data Name='CommandLine'>"C:\ProgramData\Microsoft\Windows Defender\platform\4.18.2005.4-0\MsMpEng.exe"</Data><Data Name='CurrentDirectory'>C:\Windows\system32\</Data><Data Name='User'>NT AUTHORITY\SYSTEM</Data><Data Name='LogonGuid'>{5d3d98af-26b2-5ec2-0000-0020e7030000}</Data><Data Name='LogonId'>0x3e7</Data><Data Name='TerminalSessionId'>0</Data><Data Name='IntegrityLevel'>System</Data><Data Name='Hashes'>MD5=B1B3D9084C0801B2FCA9C7EDDD80476D,SHA256=B5209AF5CF94D0B0DAA9D2B1D7E9402BC97999A25E7038EBBFBBFBDEB8DC675F,IMPHASH=B3524FFE94198287C22E873C996C4818</Data><Data Name='ParentProcessGuid'>{5d3d98af-26b2-5ec2-0000-0010025c0000}</Data><Data Name='ParentProcessId'>660</Data><Data Name='ParentImage'>C:\Windows\System32\services.exe</Data><Data Name='ParentCommandLine'>C:\Windows\system32\services.exe</Data></EventData></Event><Event xmlns='http://schemas.microsoft.com/win/2004/08/events/event'><System><Provider Name='Microsoft-Windows-Sysmon' Guid='{5770385f-c22a-43e0-bf4c-06f5698ffbd9}'/><EventID>1</EventID><Version>5</Version><Level>4</Level><Task>1</Task><Opcode>0</Opcode><Keywords>0x8000000000000000</Keywords><TimeCreated SystemTime='2020-05-18T06:21:21.353059800Z'/><EventRecordID>2457</EventRecordID><Correlation/><Execution ProcessID='3008' ThreadID='3552'/><Channel>Microsoft-Windows-Sysmon/Operational</Channel><Computer>DESKTOP-P84STH6</Computer><Security UserID='S-1-5-18'/></System><EventData><Data Name='RuleName'></Data><Data Name='UtcTime'>2020-05-18 06:21:21.349</Data><Data Name='ProcessGuid'>{5d3d98af-2961-5ec2-0000-001070702a00}</Data><Data Name='ProcessId'>4136</Data><Data Name='Image'>C:\Program Files\Windows Defender\MpCmdRun.exe</Data><Data Name='FileVersion'>4.18.1902.5 (GitEnlistment(winpbld).190221-1742)</Data><Data Name='Description'>Microsoft Malware Protection Command Line Utility</Data><Data Name='Product'>Microsoft® Windows® Operating System</Data><Data Name='Company'>Microsoft Corporation</Data><Data Name='OriginalFileName'>MpCmdRun.exe</Data><Data Name='CommandLine'>"C:\Program Files\Windows Defender\MpCmdRun.exe" -RestartService</Data><Data Name='CurrentDirectory'>C:\Windows\system32\</Data><Data Name='User'>NT AUTHORITY\SYSTEM</Data><Data Name='LogonGuid'>{5d3d98af-26b2-5ec2-0000-0020e7030000}</Data><Data Name='LogonId'>0x3e7</Data><Data Name='TerminalSessionId'>0</Data><Data Name='IntegrityLevel'>System</Data><Data Name='Hashes'>MD5=CC4F6CBDE75F08AFDCEFB95087149A5D,SHA256=885557BE148DE55F6A127EA26AC457B9415E3E3BAF30266D82B9D19B89E78EE4,IMPHASH=B34FCC4C232A80C59EEDF422ACC8372D</Data><Data Name='ParentProcessGuid'>{5d3d98af-295e-5ec2-0000-00103cf82900}</Data><Data Name='ParentProcessId'>7748</Data><Data Name='ParentImage'>C:\Program Files\Windows Defender\MsMpEng.exe</Data><Data Name='ParentCommandLine'>"C:\Program Files\Windows Defender\MsMpEng.exe"</Data></EventData></Event><Event xmlns='http://schemas.microsoft.com/win/2004/08/events/event'><System><Provider Name='Microsoft-Windows-Sysmon' Guid='{5770385f-c22a-43e0-bf4c-06f5698ffbd9}'/><EventID>13</EventID><Version>2</Version><Level>4</Level><Task>13</Task><Opcode>0</Opcode><Keywords>0x8000000000000000</Keywords><TimeCreated SystemTime='2020-05-18T06:21:21.347287800Z'/><EventRecordID>2456</EventRecordID><Correlation/><Execution ProcessID='3008' ThreadID='3552'/><Channel>Microsoft-Windows-Sysmon/Operational</Channel><Computer>DESKTOP-P84STH6</Computer><Security UserID='S-1-5-18'/></System><EventData><Data Name='RuleName'>T1031,T1050</Data><Data Name='EventType'>SetValue</Data><Data Name='UtcTime'>2020-05-18 06:21:21.345</Data><Data Name='ProcessGuid'>{5d3d98af-26b2-5ec2-0000-0010025c0000}</Data><Data Name='ProcessId'>660</Data><Data Name='Image'>C:\Windows\system32\services.exe</Data><Data Name='TargetObject'>HKLM\System\CurrentControlSet\Services\WinDefend\ImagePath</Data><Data Name='Details'>"C:\ProgramData\Microsoft\Windows Defender\platform\4.18.2005.4-0\MsMpEng.exe"</Data></EventData></Event><Event xmlns='http://schemas.microsoft.com/win/2004/08/events/event'><System><Provider Name='Microsoft-Windows-Sysmon' Guid='{5770385f-c22a-43e0-bf4c-06f5698ffbd9}'/><EventID>1</EventID><Version>5</Version><Level>4</Level><Task>1</Task><Opcode>0</Opcode><Keywords>0x8000000000000000</Keywords><TimeCreated SystemTime='2020-05-18T06:21:21.069013500Z'/><EventRecordID>2455</EventRecordID><Correlation/><Execution ProcessID='3008' ThreadID='3552'/><Channel>Microsoft-Windows-Sysmon/Operational</Channel><Computer>DESKTOP-P84STH6</Computer><Security UserID='S-1-5-18'/></System><EventData><Data Name='RuleName'></Data><Data Name='UtcTime'>2020-05-18 06:21:21.062</Data><Data Name='ProcessGuid'>{5d3d98af-2961-5ec2-0000-00109f632a00}</Data><Data Name='ProcessId'>8544</Data><Data Name='Image'>C:\Windows\System32\taskkill.exe</Data><Data Name='FileVersion'>10.0.18362.1 (WinBuild.160101.0800)</Data><Data Name='Description'>Terminates Processes</Data><Data Name='Product'>Microsoft® Windows® Operating System</Data><Data Name='Company'>Microsoft Corporation</Data><Data Name='OriginalFileName'>taskkill.exe</Data><Data Name='CommandLine'>C:\Windows\system32\taskkill.exe /f /FI "MODULES eq protectionmanagement.dll" /IM WmiPrvSE.exe</Data><Data Name='CurrentDirectory'>C:\Windows\system32\</Data><Data Name='User'>NT AUTHORITY\SYSTEM</Data><Data Name='LogonGuid'>{5d3d98af-26b2-5ec2-0000-0020e7030000}</Data><Data Name='LogonId'>0x3e7</Data><Data Name='TerminalSessionId'>0</Data><Data Name='IntegrityLevel'>System</Data><Data Name='Hashes'>MD5=3BBEE3AC757CA54F33710DF8FB9D47A7,SHA256=D9E29313D2127FF1983A050D84626765D01682EDB2C1C5D5F209DDA20C3EAB87,IMPHASH=100938B32F577E925618EA395A8C469B</Data><Data Name='ParentProcessGuid'>{5d3d98af-295e-5ec2-0000-00103cf82900}</Data><Data Name='ParentProcessId'>7748</Data><Data Name='ParentImage'>C:\Program Files\Windows Defender\MsMpEng.exe</Data><Data Name='ParentCommandLine'>"C:\Program Files\Windows Defender\MsMpEng.exe"</Data></EventData></Event><Event xmlns='http://schemas.microsoft.com/win/2004/08/events/event'><System><Provider Name='Microsoft-Windows-Sysmon' Guid='{5770385f-c22a-43e0-bf4c-06f5698ffbd9}'/><EventID>13</EventID><Version>2</Version><Level>4</Level><Task>13</Task><Opcode>0</Opcode><Keywords>0x8000000000000000</Keywords><TimeCreated SystemTime='2020-05-18T06:21:20.949828100Z'/><EventRecordID>2454</EventRecordID><Correlation/><Execution ProcessID='3008' ThreadID='3552'/><Channel>Microsoft-Windows-Sysmon/Operational</Channel><Computer>DESKTOP-P84STH6</Computer><Security UserID='S-1-5-18'/></System><EventData><Data Name='RuleName'>T1122</Data><Data Name='EventType'>SetValue</Data><Data Name='UtcTime'>2020-05-18 06:21:20.939</Data><Data Name='ProcessGuid'>{5d3d98af-295e-5ec2-0000-00103cf82900}</Data><Data Name='ProcessId'>7748</Data><Data Name='Image'>C:\Program Files\Windows Defender\MsMpEng.exe</Data><Data Name='TargetObject'>HKCR\CLSID\{A7C452EF-8E9F-42EB-9F2B-245613CA0DC9}\InprocServer32\(Default)</Data><Data Name='Details'>"%%ProgramData%%\Microsoft\Windows Defender\platform\4.18.2005.4-0\ProtectionManagement.dll"</Data></EventData></Event><Event xmlns='http://schemas.microsoft.com/win/2004/08/events/event'><System><Provider Name='Microsoft-Windows-Sysmon' Guid='{5770385f-c22a-43e0-bf4c-06f5698ffbd9}'/><EventID>11</EventID><Version>2</Version><Level>4</Level><Task>11</Task><Opcode>0</Opcode><Keywords>0x8000000000000000</Keywords><TimeCreated SystemTime='2020-05-18T06:21:20.711284300Z'/><EventRecordID>2453</EventRecordID><Correlation/><Execution ProcessID='3008' ThreadID='3552'/><Channel>Microsoft-Windows-Sysmon/Operational</Channel><Computer>DESKTOP-P84STH6</Computer><Security UserID='S-1-5-18'/></System><EventData><Data Name='RuleName'></Data><Data Name='UtcTime'>2020-05-18 06:21:20.705</Data><Data Name='ProcessGuid'>{5d3d98af-2960-5ec2-0000-001066252a00}</Data><Data Name='ProcessId'>1296</Data><Data Name='Image'>C:\Windows\system32\wbem\mofcomp.exe</Data><Data Name='TargetFilename'>C:\Windows\System32\wbem\AutoRecover\92126D32F29F8C4B1F830B9B25AE4AF4.mof</Data><Data Name='CreationUtcTime'>2020-05-18 06:21:20.705</Data></EventData></Event><Event xmlns='http://schemas.microsoft.com/win/2004/08/events/event'><System><Provider Name='Microsoft-Windows-Sysmon' Guid='{5770385f-c22a-43e0-bf4c-06f5698ffbd9}'/><EventID>13</EventID><Version>2</Version><Level>4</Level><Task>13</Task><Opcode>0</Opcode><Keywords>0x8000000000000000</Keywords><TimeCreated SystemTime='2020-05-18T06:21:20.417879900Z'/><EventRecordID>2452</EventRecordID><Correlation/><Execution ProcessID='3008' ThreadID='3552'/><Channel>Microsoft-Windows-Sysmon/Operational</Channel><Computer>DESKTOP-P84STH6</Computer><Security UserID='S-1-5-18'/></System><EventData><Data Name='RuleName'></Data><Data Name='EventType'>SetValue</Data><Data Name='UtcTime'>2020-05-18 06:21:20.376</Data><Data Name='ProcessGuid'>{5d3d98af-2934-5ec2-0000-0010784d2700}</Data><Data Name='ProcessId'>3496</Data><Data Name='Image'>C:\Users\NS\AppData\Local\Temp\is-VGDQ6.tmp\VSCodeUserSetup-x64-1.45.1.tmp</Data><Data Name='TargetObject'>HKU\S-1-5-21-223836497-1760142647-788189203-1001\Software\Microsoft\Windows\CurrentVersion\Uninstall\{771FD6B0-FA20-440A-A002-3B3BAC16DC50}_is1\URLUpdateInfo</Data><Data Name='Details'>https://code.visualstudio.com/</Data></EventData></Event><Event xmlns='http://schemas.microsoft.com/win/2004/08/events/event'><System><Provider Name='Microsoft-Windows-Sysmon' Guid='{5770385f-c22a-43e0-bf4c-06f5698ffbd9}'/><EventID>13</EventID><Version>2</Version><Level>4</Level><Task>13</Task><Opcode>0</Opcode><Keywords>0x8000000000000000</Keywords><TimeCreated SystemTime='2020-05-18T06:21:20.413095700Z'/><EventRecordID>2451</EventRecordID><Correlation/><Execution ProcessID='3008' ThreadID='3552'/><Channel>Microsoft-Windows-Sysmon/Operational</Channel><Computer>DESKTOP-P84STH6</Computer><Security UserID='S-1-5-18'/></System><EventData><Data Name='RuleName'>InvDB-Pub</Data><Data Name='EventType'>SetValue</Data><Data Name='UtcTime'>2020-05-18 06:21:20.376</Data><Data Name='ProcessGuid'>{5d3d98af-2934-5ec2-0000-0010784d2700}</Data><Data Name='ProcessId'>3496</Data><Data Name='Image'>C:\Users\NS\AppData\Local\Temp\is-VGDQ6.tmp\VSCodeUserSetup-x64-1.45.1.tmp</Data><Data Name='TargetObject'>HKU\S-1-5-21-223836497-1760142647-788189203-1001\Software\Microsoft\Windows\CurrentVersion\Uninstall\{771FD6B0-FA20-440A-A002-3B3BAC16DC50}_is1\Publisher</Data><Data Name='Details'>Microsoft Corporation</Data></EventData></Event><Event xmlns='http://schemas.microsoft.com/win/2004/08/events/event'><System><Provider Name='Microsoft-Windows-Sysmon' Guid='{5770385f-c22a-43e0-bf4c-06f5698ffbd9}'/><EventID>13</EventID><Version>2</Version><Level>4</Level><Task>13</Task><Opcode>0</Opcode><Keywords>0x8000000000000000</Keywords><TimeCreated SystemTime='2020-05-18T06:21:20.381087000Z'/><EventRecordID>2450</EventRecordID><Correlation/><Execution ProcessID='3008' ThreadID='3552'/><Channel>Microsoft-Windows-Sysmon/Operational</Channel><Computer>DESKTOP-P84STH6</Computer><Security UserID='S-1-5-18'/></System><EventData><Data Name='RuleName'>T1042</Data><Data Name='EventType'>SetValue</Data><Data Name='UtcTime'>2020-05-18 06:21:20.360</Data><Data Name='ProcessGuid'>{5d3d98af-2934-5ec2-0000-0010784d2700}</Data><Data Name='ProcessId'>3496</Data><Data Name='Image'>C:\Users\NS\AppData\Local\Temp\is-VGDQ6.tmp\VSCodeUserSetup-x64-1.45.1.tmp</Data><Data Name='TargetObject'>HKU\S-1-5-21-223836497-1760142647-788189203-1001_Classes\Applications\Code.exe\shell\open\command\(Default)</Data><Data Name='Details'>"C:\Users\NS\AppData\Local\Programs\Microsoft VS Code\Code.exe" "%%1"</Data></EventData></Event><Event xmlns='http://schemas.microsoft.com/win/2004/08/events/event'><System><Provider Name='Microsoft-Windows-Sysmon' Guid='{5770385f-c22a-43e0-bf4c-06f5698ffbd9}'/><EventID>13</EventID><Version>2</Version><Level>4</Level><Task>13</Task><Opcode>0</Opcode><Keywords>0x8000000000000000</Keywords><TimeCreated SystemTime='2020-05-18T06:21:20.377613200Z'/><EventRecordID>2449</EventRecordID><Correlation/><Execution ProcessID='3008' ThreadID='3552'/><Channel>Microsoft-Windows-Sysmon/Operational</Channel><Computer>DESKTOP-P84STH6</Computer><Security UserID='S-1-5-18'/></System><EventData><Data Name='RuleName'>T1042</Data><Data Name='EventType'>SetValue</Data><Data Name='UtcTime'>2020-05-18 06:21:20.360</Data><Data Name='ProcessGuid'>{5d3d98af-2934-5ec2-0000-0010784d2700}</Data><Data Name='ProcessId'>3496</Data><Data Name='Image'>C:\Users\NS\AppData\Local\Temp\is-VGDQ6.tmp\VSCodeUserSetup-x64-1.45.1.tmp</Data><Data Name='TargetObject'>HKU\S-1-5-21-223836497-1760142647-788189203-1001_Classes\VSCodeSourceFile\shell\open\command\(Default)</Data><Data Name='Details'>"C:\Users\NS\AppData\Local\Programs\Microsoft VS Code\Code.exe" "%%1"</Data></EventData></Event><Event xmlns='http://schemas.microsoft.com/win/2004/08/events/event'><System><Provider Name='Microsoft-Windows-Sysmon' Guid='{5770385f-c22a-43e0-bf4c-06f5698ffbd9}'/><EventID>11</EventID><Version>2</Version><Level>4</Level><Task>11</Task><Opcode>0</Opcode><Keywords>0x8000000000000000</Keywords><TimeCreated SystemTime='2020-05-18T06:21:20.291075400Z'/><EventRecordID>2448</EventRecordID><Correlation/><Execution ProcessID='3008' ThreadID='3552'/><Channel>Microsoft-Windows-Sysmon/Operational</Channel><Computer>DESKTOP-P84STH6</Computer><Security UserID='S-1-5-18'/></System><EventData><Data Name='RuleName'>T1023</Data><Data Name='UtcTime'>2020-05-18 06:21:20.282</Data><Data Name='ProcessGuid'>{5d3d98af-2934-5ec2-0000-0010784d2700}</Data><Data Name='ProcessId'>3496</Data><Data Name='Image'>C:\Users\NS\AppData\Local\Temp\is-VGDQ6.tmp\VSCodeUserSetup-x64-1.45.1.tmp</Data><Data Name='TargetFilename'>C:\Users\NS\AppData\Roaming\Microsoft\Windows\Start Menu\Programs\Visual Studio Code\Visual Studio Code.lnk</Data><Data Name='CreationUtcTime'>2020-05-18 06:21:20.282</Data></EventData></Event><Event xmlns='http://schemas.microsoft.com/win/2004/08/events/event'><System><Provider Name='Microsoft-Windows-Sysmon' Guid='{5770385f-c22a-43e0-bf4c-06f5698ffbd9}'/><EventID>11</EventID><Version>2</Version><Level>4</Level><Task>11</Task><Opcode>0</Opcode><Keywords>0x8000000000000000</Keywords><TimeCreated SystemTime='2020-05-18T06:21:20.121851600Z'/><EventRecordID>2447</EventRecordID><Correlation/><Execution ProcessID='3008' ThreadID='3552'/><Channel>Microsoft-Windows-Sysmon/Operational</Channel><Computer>DESKTOP-P84STH6</Computer><Security UserID='S-1-5-18'/></System><EventData><Data Name='RuleName'>T1023</Data><Data Name='UtcTime'>2020-05-18 06:21:20.110</Data><Data Name='ProcessGuid'>{5d3d98af-2934-5ec2-0000-0010784d2700}</Data><Data Name='ProcessId'>3496</Data><Data Name='Image'>C:\Users\NS\AppData\Local\Temp\is-VGDQ6.tmp\VSCodeUserSetup-x64-1.45.1.tmp</Data><Data Name='TargetFilename'>C:\Users\NS\AppData\Roaming\Microsoft\Windows\Start Menu\Programs\Visual Studio Code</Data><Data Name='CreationUtcTime'>2020-05-18 06:21:20.110</Data></EventData></Event><Event xmlns='http://schemas.microsoft.com/win/2004/08/events/event'><System><Provider Name='Microsoft-Windows-Sysmon' Guid='{5770385f-c22a-43e0-bf4c-06f5698ffbd9}'/><EventID>1</EventID><Version>5</Version><Level>4</Level><Task>1</Task><Opcode>0</Opcode><Keywords>0x8000000000000000</Keywords><TimeCreated SystemTime='2020-05-18T06:21:20.062013900Z'/><EventRecordID>2446</EventRecordID><Correlation/><Execution ProcessID='3008' ThreadID='3552'/><Channel>Microsoft-Windows-Sysmon/Operational</Channel><Computer>DESKTOP-P84STH6</Computer><Security UserID='S-1-5-18'/></System><EventData><Data Name='RuleName'></Data><Data Name='UtcTime'>2020-05-18 06:21:20.057</Data><Data Name='ProcessGuid'>{5d3d98af-2960-5ec2-0000-001066252a00}</Data><Data Name='ProcessId'>1296</Data><Data Name='Image'>C:\Windows\System32\wbem\mofcomp.exe</Data><Data Name='FileVersion'>10.0.18362.1 (WinBuild.160101.0800)</Data><Data Name='Description'>The Managed Object Format (MOF) Compiler </Data><Data Name='Product'>Microsoft® Windows® Operating System</Data><Data Name='Company'>Microsoft Corporation</Data><Data Name='OriginalFileName'>mofcomp.exe</Data><Data Name='CommandLine'>C:\Windows\system32\wbem\mofcomp.exe "C:\ProgramData\Microsoft\Windows Defender\platform\4.18.2005.4-0\ProtectionManagement.mof"</Data><Data Name='CurrentDirectory'>C:\Windows\system32\</Data><Data Name='User'>NT AUTHORITY\SYSTEM</Data><Data Name='LogonGuid'>{5d3d98af-26b2-5ec2-0000-0020e7030000}</Data><Data Name='LogonId'>0x3e7</Data><Data Name='TerminalSessionId'>0</Data><Data Name='IntegrityLevel'>System</Data><Data Name='Hashes'>MD5=3CB33A0E18DD6523FEE62C907C3C20B9,SHA256=F74EEC05ED51FEB73FF444F0CC592216F7BAF77CD5414019B755926B54900DA3,IMPHASH=9A6A5E4D269C5D18366CA5BF7D1981EB</Data><Data Name='ParentProcessGuid'>{5d3d98af-295e-5ec2-0000-00103cf82900}</Data><Data Name='ParentProcessId'>7748</Data><Data Name='ParentImage'>C:\Program Files\Windows Defender\MsMpEng.exe</Data><Data Name='ParentCommandLine'>"C:\Program Files\Windows Defender\MsMpEng.exe"</Data></EventData></Event><Event xmlns='http://schemas.microsoft.com/win/2004/08/events/event'><System><Provider Name='Microsoft-Windows-Sysmon' Guid='{5770385f-c22a-43e0-bf4c-06f5698ffbd9}'/><EventID>11</EventID><Version>2</Version><Level>4</Level><Task>11</Task><Opcode>0</Opcode><Keywords>0x8000000000000000</Keywords><TimeCreated SystemTime='2020-05-18T06:21:20.045129600Z'/><EventRecordID>2445</EventRecordID><Correlation/><Execution ProcessID='3008' ThreadID='3552'/><Channel>Microsoft-Windows-Sysmon/Operational</Channel><Computer>DESKTOP-P84STH6</Computer><Security UserID='S-1-5-18'/></System><EventData><Data Name='RuleName'></Data><Data Name='UtcTime'>2020-05-18 06:21:20.033</Data><Data Name='ProcessGuid'>{5d3d98af-295e-5ec2-0000-00103cf82900}</Data><Data Name='ProcessId'>7748</Data><Data Name='Image'>C:\Program Files\Windows Defender\MsMpEng.exe</Data><Data Name='TargetFilename'>C:\Windows\System32\WindowsPowerShell\v1.0\Modules\ConfigDefender\MSFT_MpSignature.cdxml</Data><Data Name='CreationUtcTime'>2020-05-18 06:21:20.033</Data></EventData></Event><Event xmlns='http://schemas.microsoft.com/win/2004/08/events/event'><System><Provider Name='Microsoft-Windows-Sysmon' Guid='{5770385f-c22a-43e0-bf4c-06f5698ffbd9}'/><EventID>11</EventID><Version>2</Version><Level>4</Level><Task>11</Task><Opcode>0</Opcode><Keywords>0x8000000000000000</Keywords><TimeCreated SystemTime='2020-05-18T06:21:20.044117300Z'/><EventRecordID>2444</EventRecordID><Correlation/><Execution ProcessID='3008' ThreadID='3552'/><Channel>Microsoft-Windows-Sysmon/Operational</Channel><Computer>DESKTOP-P84STH6</Computer><Security UserID='S-1-5-18'/></System><EventData><Data Name='RuleName'></Data><Data Name='UtcTime'>2020-05-18 06:21:20.033</Data><Data Name='ProcessGuid'>{5d3d98af-295e-5ec2-0000-00103cf82900}</Data><Data Name='ProcessId'>7748</Data><Data Name='Image'>C:\Program Files\Windows Defender\MsMpEng.exe</Data><Data Name='TargetFilename'>C:\Windows\System32\WindowsPowerShell\v1.0\Modules\ConfigDefender\MSFT_MpWDOScan.cdxml</Data><Data Name='CreationUtcTime'>2020-05-18 06:21:20.033</Data></EventData></Event><Event xmlns='http://schemas.microsoft.com/win/2004/08/events/event'><System><Provider Name='Microsoft-Windows-Sysmon' Guid='{5770385f-c22a-43e0-bf4c-06f5698ffbd9}'/><EventID>11</EventID><Version>2</Version><Level>4</Level><Task>11</Task><Opcode>0</Opcode><Keywords>0x8000000000000000</Keywords><TimeCreated SystemTime='2020-05-18T06:21:20.037369700Z'/><EventRecordID>2443</EventRecordID><Correlation/><Execution ProcessID='3008' ThreadID='3552'/><Channel>Microsoft-Windows-Sysmon/Operational</Channel><Computer>DESKTOP-P84STH6</Computer><Security UserID='S-1-5-18'/></System><EventData><Data Name='RuleName'></Data><Data Name='UtcTime'>2020-05-18 06:21:20.033</Data><Data Name='ProcessGuid'>{5d3d98af-295e-5ec2-0000-00103cf82900}</Data><Data Name='ProcessId'>7748</Data><Data Name='Image'>C:\Program Files\Windows Defender\MsMpEng.exe</Data><Data Name='TargetFilename'>C:\Windows\System32\WindowsPowerShell\v1.0\Modules\ConfigDefender\MSFT_MpScan.cdxml</Data><Data Name='CreationUtcTime'>2020-05-18 06:21:20.033</Data></EventData></Event><Event xmlns='http://schemas.microsoft.com/win/2004/08/events/event'><System><Provider Name='Microsoft-Windows-Sysmon' Guid='{5770385f-c22a-43e0-bf4c-06f5698ffbd9}'/><EventID>11</EventID><Version>2</Version><Level>4</Level><Task>11</Task><Opcode>0</Opcode><Keywords>0x8000000000000000</Keywords><TimeCreated SystemTime='2020-05-18T06:21:20.036506200Z'/><EventRecordID>2442</EventRecordID><Correlation/><Execution ProcessID='3008' ThreadID='3552'/><Channel>Microsoft-Windows-Sysmon/Operational</Channel><Computer>DESKTOP-P84STH6</Computer><Security UserID='S-1-5-18'/></System><EventData><Data Name='RuleName'></Data><Data Name='UtcTime'>2020-05-18 06:21:20.033</Data><Data Name='ProcessGuid'>{5d3d98af-295e-5ec2-0000-00103cf82900}</Data><Data Name='ProcessId'>7748</Data><Data Name='Image'>C:\Program Files\Windows Defender\MsMpEng.exe</Data><Data Name='TargetFilename'>C:\Windows\System32\WindowsPowerShell\v1.0\Modules\ConfigDefender\MSFT_MpPreference.cdxml</Data><Data Name='CreationUtcTime'>2020-05-18 06:21:20.033</Data></EventData></Event><Event xmlns='http://schemas.microsoft.com/win/2004/08/events/event'><System><Provider Name='Microsoft-Windows-Sysmon' Guid='{5770385f-c22a-43e0-bf4c-06f5698ffbd9}'/><EventID>11</EventID><Version>2</Version><Level>4</Level><Task>11</Task><Opcode>0</Opcode><Keywords>0x8000000000000000</Keywords><TimeCreated SystemTime='2020-05-18T06:21:20.035746500Z'/><EventRecordID>2441</EventRecordID><Correlation/><Execution ProcessID='3008' ThreadID='3552'/><Channel>Microsoft-Windows-Sysmon/Operational</Channel><Computer>DESKTOP-P84STH6</Computer><Security UserID='S-1-5-18'/></System><EventData><Data Name='RuleName'></Data><Data Name='UtcTime'>2020-05-18 06:21:20.033</Data><Data Name='ProcessGuid'>{5d3d98af-295e-5ec2-0000-00103cf82900}</Data><Data Name='ProcessId'>7748</Data><Data Name='Image'>C:\Program Files\Windows Defender\MsMpEng.exe</Data><Data Name='TargetFilename'>C:\Windows\System32\WindowsPowerShell\v1.0\Modules\ConfigDefender\MSFT_MpThreatDetection.cdxml</Data><Data Name='CreationUtcTime'>2020-05-18 06:21:20.033</Data></EventData></Event><Event xmlns='http://schemas.microsoft.com/win/2004/08/events/event'><System><Provider Name='Microsoft-Windows-Sysmon' Guid='{5770385f-c22a-43e0-bf4c-06f5698ffbd9}'/><EventID>11</EventID><Version>2</Version><Level>4</Level><Task>11</Task><Opcode>0</Opcode><Keywords>0x8000000000000000</Keywords><TimeCreated SystemTime='2020-05-18T06:21:20.034982000Z'/><EventRecordID>2440</EventRecordID><Correlation/><Execution ProcessID='3008' ThreadID='3552'/><Channel>Microsoft-Windows-Sysmon/Operational</Channel><Computer>DESKTOP-P84STH6</Computer><Security UserID='S-1-5-18'/></System><EventData><Data Name='RuleName'></Data><Data Name='UtcTime'>2020-05-18 06:21:20.033</Data><Data Name='ProcessGuid'>{5d3d98af-295e-5ec2-0000-00103cf82900}</Data><Data Name='ProcessId'>7748</Data><Data Name='Image'>C:\Program Files\Windows Defender\MsMpEng.exe</Data><Data Name='TargetFilename'>C:\Windows\System32\WindowsPowerShell\v1.0\Modules\ConfigDefender\MSFT_MpThreatCatalog.cdxml</Data><Data Name='CreationUtcTime'>2020-05-18 06:21:20.033</Data></EventData></Event><Event xmlns='http://schemas.microsoft.com/win/2004/08/events/event'><System><Provider Name='Microsoft-Windows-Sysmon' Guid='{5770385f-c22a-43e0-bf4c-06f5698ffbd9}'/><EventID>11</EventID><Version>2</Version><Level>4</Level><Task>11</Task><Opcode>0</Opcode><Keywords>0x8000000000000000</Keywords><TimeCreated SystemTime='2020-05-18T06:21:20.034246200Z'/><EventRecordID>2439</EventRecordID><Correlation/><Execution ProcessID='3008' ThreadID='3552'/><Channel>Microsoft-Windows-Sysmon/Operational</Channel><Computer>DESKTOP-P84STH6</Computer><Security UserID='S-1-5-18'/></System><EventData><Data Name='RuleName'></Data><Data Name='UtcTime'>2020-05-18 06:21:20.033</Data><Data Name='ProcessGuid'>{5d3d98af-295e-5ec2-0000-00103cf82900}</Data><Data Name='ProcessId'>7748</Data><Data Name='Image'>C:\Program Files\Windows Defender\MsMpEng.exe</Data><Data Name='TargetFilename'>C:\Windows\System32\WindowsPowerShell\v1.0\Modules\ConfigDefender\MSFT_MpThreat.cdxml</Data><Data Name='CreationUtcTime'>2020-05-18 06:21:20.017</Data></EventData></Event><Event xmlns='http://schemas.microsoft.com/win/2004/08/events/event'><System><Provider Name='Microsoft-Windows-Sysmon' Guid='{5770385f-c22a-43e0-bf4c-06f5698ffbd9}'/><EventID>11</EventID><Version>2</Version><Level>4</Level><Task>11</Task><Opcode>0</Opcode><Keywords>0x8000000000000000</Keywords><TimeCreated SystemTime='2020-05-18T06:21:20.032731500Z'/><EventRecordID>2438</EventRecordID><Correlation/><Execution ProcessID='3008' ThreadID='3552'/><Channel>Microsoft-Windows-Sysmon/Operational</Channel><Computer>DESKTOP-P84STH6</Computer><Security UserID='S-1-5-18'/></System><EventData><Data Name='RuleName'></Data><Data Name='UtcTime'>2020-05-18 06:21:20.017</Data><Data Name='ProcessGuid'>{5d3d98af-295e-5ec2-0000-00103cf82900}</Data><Data Name='ProcessId'>7748</Data><Data Name='Image'>C:\Program Files\Windows Defender\MsMpEng.exe</Data><Data Name='TargetFilename'>C:\Windows\System32\WindowsPowerShell\v1.0\Modules\ConfigDefender\MSFT_MpComputerStatus.cdxml</Data><Data Name='CreationUtcTime'>2020-05-18 06:21:20.017</Data></EventData></Event><Event xmlns='http://schemas.microsoft.com/win/2004/08/events/event'><System><Provider Name='Microsoft-Windows-Sysmon' Guid='{5770385f-c22a-43e0-bf4c-06f5698ffbd9}'/><EventID>11</EventID><Version>2</Version><Level>4</Level><Task>11</Task><Opcode>0</Opcode><Keywords>0x8000000000000000</Keywords><TimeCreated SystemTime='2020-05-18T06:21:20.031456200Z'/><EventRecordID>2437</EventRecordID><Correlation/><Execution ProcessID='3008' ThreadID='3552'/><Channel>Microsoft-Windows-Sysmon/Operational</Channel><Computer>DESKTOP-P84STH6</Computer><Security UserID='S-1-5-18'/></System><EventData><Data Name='RuleName'></Data><Data Name='UtcTime'>2020-05-18 06:21:20.017</Data><Data Name='ProcessGuid'>{5d3d98af-295e-5ec2-0000-00103cf82900}</Data><Data Name='ProcessId'>7748</Data><Data Name='Image'>C:\Program Files\Windows Defender\MsMpEng.exe</Data><Data Name='TargetFilename'>C:\Windows\System32\WindowsPowerShell\v1.0\Modules\ConfigDefender\ConfigDefender.psd1</Data><Data Name='CreationUtcTime'>2020-05-18 06:21:20.017</Data></EventData></Event><Event xmlns='http://schemas.microsoft.com/win/2004/08/events/event'><System><Provider Name='Microsoft-Windows-Sysmon' Guid='{5770385f-c22a-43e0-bf4c-06f5698ffbd9}'/><EventID>11</EventID><Version>2</Version><Level>4</Level><Task>11</Task><Opcode>0</Opcode><Keywords>0x8000000000000000</Keywords><TimeCreated SystemTime='2020-05-18T06:21:20.030641300Z'/><EventRecordID>2436</EventRecordID><Correlation/><Execution ProcessID='3008' ThreadID='3552'/><Channel>Microsoft-Windows-Sysmon/Operational</Channel><Computer>DESKTOP-P84STH6</Computer><Security UserID='S-1-5-18'/></System><EventData><Data Name='RuleName'></Data><Data Name='UtcTime'>2020-05-18 06:21:20.017</Data><Data Name='ProcessGuid'>{5d3d98af-295e-5ec2-0000-00103cf82900}</Data><Data Name='ProcessId'>7748</Data><Data Name='Image'>C:\Program Files\Windows Defender\MsMpEng.exe</Data><Data Name='TargetFilename'>C:\Windows\System32\WindowsPowerShell\v1.0\Modules\ConfigDefender</Data><Data Name='CreationUtcTime'>2020-05-18 06:21:20.017</Data></EventData></Event><Event xmlns='http://schemas.microsoft.com/win/2004/08/events/event'><System><Provider Name='Microsoft-Windows-Sysmon' Guid='{5770385f-c22a-43e0-bf4c-06f5698ffbd9}'/><EventID>13</EventID><Version>2</Version><Level>4</Level><Task>13</Task><Opcode>0</Opcode><Keywords>0x8000000000000000</Keywords><TimeCreated SystemTime='2020-05-18T06:21:20.020262100Z'/><EventRecordID>2435</EventRecordID><Correlation/><Execution ProcessID='3008' ThreadID='3552'/><Channel>Microsoft-Windows-Sysmon/Operational</Channel><Computer>DESKTOP-P84STH6</Computer><Security UserID='S-1-5-18'/></System><EventData><Data Name='RuleName'>T1122</Data><Data Name='EventType'>SetValue</Data><Data Name='UtcTime'>2020-05-18 06:21:20.017</Data><Data Name='ProcessGuid'>{5d3d98af-295e-5ec2-0000-00103cf82900}</Data><Data Name='ProcessId'>7748</Data><Data Name='Image'>C:\Program Files\Windows Defender\MsMpEng.exe</Data><Data Name='TargetObject'>HKCR\CLSID\{195B4D07-3DE2-4744-BBF2-D90121AE785B}\InprocServer32\(Default)</Data><Data Name='Details'>"%%ProgramData%%\Microsoft\Windows Defender\platform\4.18.2005.4-0\DefenderCSP.dll"</Data></EventData></Event><Event xmlns='http://schemas.microsoft.com/win/2004/08/events/event'><System><Provider Name='Microsoft-Windows-Sysmon' Guid='{5770385f-c22a-43e0-bf4c-06f5698ffbd9}'/><EventID>13</EventID><Version>2</Version><Level>4</Level><Task>13</Task><Opcode>0</Opcode><Keywords>0x8000000000000000</Keywords><TimeCreated SystemTime='2020-05-18T06:21:20.017819200Z'/><EventRecordID>2434</EventRecordID><Correlation/><Execution ProcessID='3008' ThreadID='3552'/><Channel>Microsoft-Windows-Sysmon/Operational</Channel><Computer>DESKTOP-P84STH6</Computer><Security UserID='S-1-5-18'/></System><EventData><Data Name='RuleName'>T1122</Data><Data Name='EventType'>SetValue</Data><Data Name='UtcTime'>2020-05-18 06:21:20.001</Data><Data Name='ProcessGuid'>{5d3d98af-295e-5ec2-0000-00103cf82900}</Data><Data Name='ProcessId'>7748</Data><Data Name='Image'>C:\Program Files\Windows Defender\MsMpEng.exe</Data><Data Name='TargetObject'>HKCR\WOW6432Node\CLSID\{2781761E-28E0-4109-99FE-B9D127C57AFE}\InprocServer32\(Default)</Data><Data Name='Details'>"C:\ProgramData\Microsoft\Windows Defender\platform\4.18.2005.4-0\X86\MpOav.dll"</Data></EventData></Event><Event xmlns='http://schemas.microsoft.com/win/2004/08/events/event'><System><Provider Name='Microsoft-Windows-Sysmon' Guid='{5770385f-c22a-43e0-bf4c-06f5698ffbd9}'/><EventID>13</EventID><Version>2</Version><Level>4</Level><Task>13</Task><Opcode>0</Opcode><Keywords>0x8000000000000000</Keywords><TimeCreated SystemTime='2020-05-18T06:21:20.017183500Z'/><EventRecordID>2433</EventRecordID><Correlation/><Execution ProcessID='3008' ThreadID='3552'/><Channel>Microsoft-Windows-Sysmon/Operational</Channel><Computer>DESKTOP-P84STH6</Computer><Security UserID='S-1-5-18'/></System><EventData><Data Name='RuleName'>T1122</Data><Data Name='EventType'>SetValue</Data><Data Name='UtcTime'>2020-05-18 06:21:20.001</Data><Data Name='ProcessGuid'>{5d3d98af-295e-5ec2-0000-00103cf82900}</Data><Data Name='ProcessId'>7748</Data><Data Name='Image'>C:\Program Files\Windows Defender\MsMpEng.exe</Data><Data Name='TargetObject'>HKCR\CLSID\{2781761E-28E0-4109-99FE-B9D127C57AFE}\InprocServer32\(Default)</Data><Data Name='Details'>"%%ProgramData%%\Microsoft\Windows Defender\platform\4.18.2005.4-0\MpOav.dll"</Data></EventData></Event><Event xmlns='http://schemas.microsoft.com/win/2004/08/events/event'><System><Provider Name='Microsoft-Windows-Sysmon' Guid='{5770385f-c22a-43e0-bf4c-06f5698ffbd9}'/><EventID>13</EventID><Version>2</Version><Level>4</Level><Task>13</Task><Opcode>0</Opcode><Keywords>0x8000000000000000</Keywords><TimeCreated SystemTime='2020-05-18T06:21:20.013957800Z'/><EventRecordID>2432</EventRecordID><Correlation/><Execution ProcessID='3008' ThreadID='3552'/><Channel>Microsoft-Windows-Sysmon/Operational</Channel><Computer>DESKTOP-P84STH6</Computer><Security UserID='S-1-5-18'/></System><EventData><Data Name='RuleName'>T1031,T1050</Data><Data Name='EventType'>SetValue</Data><Data Name='UtcTime'>2020-05-18 06:21:20.001</Data><Data Name='ProcessGuid'>{5d3d98af-26b2-5ec2-0000-0010025c0000}</Data><Data Name='ProcessId'>660</Data><Data Name='Image'>C:\Windows\system32\services.exe</Data><Data Name='TargetObject'>HKLM\System\CurrentControlSet\Services\WdNisDrv\ImagePath</Data><Data Name='Details'>system32\drivers\wd\WdNisDrv.sys</Data></EventData></Event>