<Event xmlns='http://schemas.microsoft.com/win/2004/08/events/event'><System><Provider Name='Microsoft-Windows-Sysmon' Guid='{5770385f-c22a-43e0-bf4c-06f5698ffbd9}'/><EventID>13</EventID><Version>2</Version><Level>4</Level><Task>13</Task><Opcode>0</Opcode><Keywords>0x8000000000000000</Keywords><TimeCreated SystemTime='2020-05-18T06:21:19.996227400Z'/><EventRecordID>2431</EventRecordID><Correlation/><Execution ProcessID='3008' ThreadID='3552'/><Channel>Microsoft-Windows-Sysmon/Operational</Channel><Computer>DESKTOP-P84STH6</Computer><Security UserID='S-1-5-18'/></System><EventData><Data Name='RuleName'>T1031,T1050</Data><Data Name='EventType'>SetValue</Data><Data Name='UtcTime'>2020-05-18 06:21:19.985</Data><Data Name='ProcessGuid'>{5d3d98af-26b2-5ec2-0000-0010025c0000}</Data><Data Name='ProcessId'>660</Data><Data Name='Image'>C:\Windows\system32\services.exe</Data><Data Name='TargetObject'>HKLM\System\CurrentControlSet\Services\WdFilter\ImagePath</Data><Data Name='Details'>system32\drivers\wd\WdFilter.sys</Data></EventData></Event><Event xmlns='http://schemas.microsoft.com/win/2004/08/events/event'><System><Provider Name='Microsoft-Windows-Sysmon' Guid='{5770385f-c22a-43e0-bf4c-06f5698ffbd9}'/><EventID>13</EventID><Version>2</Version><Level>4</Level><Task>13</Task><Opcode>0</Opcode><Keywords>0x8000000000000000</Keywords><TimeCreated SystemTime='2020-05-18T06:21:19.980334700Z'/><EventRecordID>2430</EventRecordID><Correlation/><Execution ProcessID='3008' ThreadID='3552'/><Channel>Microsoft-Windows-Sysmon/Operational</Channel><Computer>DESKTOP-P84STH6</Computer><Security UserID='S-1-5-18'/></System><EventData><Data Name='RuleName'>T1031,T1050</Data><Data Name='EventType'>SetValue</Data><Data Name='UtcTime'>2020-05-18 06:21:19.970</Data><Data Name='ProcessGuid'>{5d3d98af-26b2-5ec2-0000-0010025c0000}</Data><Data Name='ProcessId'>660</Data><Data Name='Image'>C:\Windows\system32\services.exe</Data><Data Name='TargetObject'>HKLM\System\CurrentControlSet\Services\WdBoot\ImagePath</Data><Data Name='Details'>system32\drivers\wd\WdBoot.sys</Data></EventData></Event><Event xmlns='http://schemas.microsoft.com/win/2004/08/events/event'><System><Provider Name='Microsoft-Windows-Sysmon' Guid='{5770385f-c22a-43e0-bf4c-06f5698ffbd9}'/><EventID>13</EventID><Version>2</Version><Level>4</Level><Task>13</Task><Opcode>0</Opcode><Keywords>0x8000000000000000</Keywords><TimeCreated SystemTime='2020-05-18T06:21:19.962099300Z'/><EventRecordID>2429</EventRecordID><Correlation/><Execution ProcessID='3008' ThreadID='3552'/><Channel>Microsoft-Windows-Sysmon/Operational</Channel><Computer>DESKTOP-P84STH6</Computer><Security UserID='S-1-5-18'/></System><EventData><Data Name='RuleName'>T1031,T1050</Data><Data Name='EventType'>SetValue</Data><Data Name='UtcTime'>2020-05-18 06:21:19.954</Data><Data Name='ProcessGuid'>{5d3d98af-26b2-5ec2-0000-0010025c0000}</Data><Data Name='ProcessId'>660</Data><Data Name='Image'>C:\Windows\system32\services.exe</Data><Data Name='TargetObject'>HKLM\System\CurrentControlSet\Services\WdNisSvc\ImagePath</Data><Data Name='Details'>"%%ProgramData%%\Microsoft\Windows Defender\platform\4.18.2005.4-0\NisSrv.exe"</Data></EventData></Event><Event xmlns='http://schemas.microsoft.com/win/2004/08/events/event'><System><Provider Name='Microsoft-Windows-Sysmon' Guid='{5770385f-c22a-43e0-bf4c-06f5698ffbd9}'/><EventID>1</EventID><Version>5</Version><Level>4</Level><Task>1</Task><Opcode>0</Opcode><Keywords>0x8000000000000000</Keywords><TimeCreated SystemTime='2020-05-18T06:21:18.527414700Z'/><EventRecordID>2428</EventRecordID><Correlation/><Execution ProcessID='3008' ThreadID='3552'/><Channel>Microsoft-Windows-Sysmon/Operational</Channel><Computer>DESKTOP-P84STH6</Computer><Security UserID='S-1-5-18'/></System><EventData><Data Name='RuleName'></Data><Data Name='UtcTime'>2020-05-18 06:21:18.521</Data><Data Name='ProcessGuid'>{5d3d98af-295e-5ec2-0000-00103cf82900}</Data><Data Name='ProcessId'>7748</Data><Data Name='Image'>C:\Program Files\Windows Defender\MsMpEng.exe</Data><Data Name='FileVersion'>4.18.1902.5 (GitEnlistment(winpbld).190221-1742)</Data><Data Name='Description'>Antimalware Service Executable</Data><Data Name='Product'>Microsoft® Windows® Operating System</Data><Data Name='Company'>Microsoft Corporation</Data><Data Name='OriginalFileName'>MsMpEng.exe</Data><Data Name='CommandLine'>"C:\Program Files\Windows Defender\MsMpEng.exe"</Data><Data Name='CurrentDirectory'>C:\Windows\system32\</Data><Data Name='User'>NT AUTHORITY\SYSTEM</Data><Data Name='LogonGuid'>{5d3d98af-26b2-5ec2-0000-0020e7030000}</Data><Data Name='LogonId'>0x3e7</Data><Data Name='TerminalSessionId'>0</Data><Data Name='IntegrityLevel'>System</Data><Data Name='Hashes'>MD5=D3E0AD3E048F0B4444108D5E3AE9EE69,SHA256=AD13BE9F051BC3B319FACE9B704FCA33355CBDBB50D80F8F4777887790C90A04,IMPHASH=BF6871190EBC23C782B30D156B94B20C</Data><Data Name='ParentProcessGuid'>{5d3d98af-26b2-5ec2-0000-0010025c0000}</Data><Data Name='ParentProcessId'>660</Data><Data Name='ParentImage'>C:\Windows\System32\services.exe</Data><Data Name='ParentCommandLine'>C:\Windows\system32\services.exe</Data></EventData></Event><Event xmlns='http://schemas.microsoft.com/win/2004/08/events/event'><System><Provider Name='Microsoft-Windows-Sysmon' Guid='{5770385f-c22a-43e0-bf4c-06f5698ffbd9}'/><EventID>13</EventID><Version>2</Version><Level>4</Level><Task>13</Task><Opcode>0</Opcode><Keywords>0x8000000000000000</Keywords><TimeCreated SystemTime='2020-05-18T06:21:16.786815200Z'/><EventRecordID>2427</EventRecordID><Correlation/><Execution ProcessID='3008' ThreadID='3552'/><Channel>Microsoft-Windows-Sysmon/Operational</Channel><Computer>DESKTOP-P84STH6</Computer><Security UserID='S-1-5-18'/></System><EventData><Data Name='RuleName'>T1031,T1050</Data><Data Name='EventType'>SetValue</Data><Data Name='UtcTime'>2020-05-18 06:21:16.782</Data><Data Name='ProcessGuid'>{5d3d98af-26b2-5ec2-0000-0010025c0000}</Data><Data Name='ProcessId'>660</Data><Data Name='Image'>C:\Windows\system32\services.exe</Data><Data Name='TargetObject'>HKLM\System\CurrentControlSet\Services\WdNisDrv\Start</Data><Data Name='Details'>DWORD (0x00000003)</Data></EventData></Event><Event xmlns='http://schemas.microsoft.com/win/2004/08/events/event'><System><Provider Name='Microsoft-Windows-Sysmon' Guid='{5770385f-c22a-43e0-bf4c-06f5698ffbd9}'/><EventID>13</EventID><Version>2</Version><Level>4</Level><Task>13</Task><Opcode>0</Opcode><Keywords>0x8000000000000000</Keywords><TimeCreated SystemTime='2020-05-18T06:21:16.784223800Z'/><EventRecordID>2426</EventRecordID><Correlation/><Execution ProcessID='3008' ThreadID='3552'/><Channel>Microsoft-Windows-Sysmon/Operational</Channel><Computer>DESKTOP-P84STH6</Computer><Security UserID='S-1-5-18'/></System><EventData><Data Name='RuleName'>T1031,T1050</Data><Data Name='EventType'>SetValue</Data><Data Name='UtcTime'>2020-05-18 06:21:16.782</Data><Data Name='ProcessGuid'>{5d3d98af-26b2-5ec2-0000-0010025c0000}</Data><Data Name='ProcessId'>660</Data><Data Name='Image'>C:\Windows\system32\services.exe</Data><Data Name='TargetObject'>HKLM\System\CurrentControlSet\Services\WdNisDrv\Start</Data><Data Name='Details'>DWORD (0x00000003)</Data></EventData></Event><Event xmlns='http://schemas.microsoft.com/win/2004/08/events/event'><System><Provider Name='Microsoft-Windows-Sysmon' Guid='{5770385f-c22a-43e0-bf4c-06f5698ffbd9}'/><EventID>1</EventID><Version>5</Version><Level>4</Level><Task>1</Task><Opcode>0</Opcode><Keywords>0x8000000000000000</Keywords><TimeCreated SystemTime='2020-05-18T06:21:16.363836000Z'/><EventRecordID>2425</EventRecordID><Correlation/><Execution ProcessID='3008' ThreadID='3552'/><Channel>Microsoft-Windows-Sysmon/Operational</Channel><Computer>DESKTOP-P84STH6</Computer><Security UserID='S-1-5-18'/></System><EventData><Data Name='RuleName'></Data><Data Name='UtcTime'>2020-05-18 06:21:16.357</Data><Data Name='ProcessGuid'>{5d3d98af-295c-5ec2-0000-00106fd22900}</Data><Data Name='ProcessId'>2424</Data><Data Name='Image'>C:\Program Files\Windows Defender\MpCmdRun.exe</Data><Data Name='FileVersion'>4.18.1902.5 (GitEnlistment(winpbld).190221-1742)</Data><Data Name='Description'>Microsoft Malware Protection Command Line Utility</Data><Data Name='Product'>Microsoft® Windows® Operating System</Data><Data Name='Company'>Microsoft Corporation</Data><Data Name='OriginalFileName'>MpCmdRun.exe</Data><Data Name='CommandLine'>"C:\Program Files\Windows Defender\MpCmdRun.exe" -RestartService</Data><Data Name='CurrentDirectory'>C:\Windows\system32\</Data><Data Name='User'>NT AUTHORITY\SYSTEM</Data><Data Name='LogonGuid'>{5d3d98af-26b2-5ec2-0000-0020e7030000}</Data><Data Name='LogonId'>0x3e7</Data><Data Name='TerminalSessionId'>0</Data><Data Name='IntegrityLevel'>System</Data><Data Name='Hashes'>MD5=CC4F6CBDE75F08AFDCEFB95087149A5D,SHA256=885557BE148DE55F6A127EA26AC457B9415E3E3BAF30266D82B9D19B89E78EE4,IMPHASH=B34FCC4C232A80C59EEDF422ACC8372D</Data><Data Name='ParentProcessGuid'>{5d3d98af-26b5-5ec2-0000-00108bab0100}</Data><Data Name='ParentProcessId'>3060</Data><Data Name='ParentImage'>C:\Program Files\Windows Defender\MsMpEng.exe</Data><Data Name='ParentCommandLine'>"C:\Program Files\Windows Defender\MsMpEng.exe"</Data></EventData></Event><Event xmlns='http://schemas.microsoft.com/win/2004/08/events/event'><System><Provider Name='Microsoft-Windows-Sysmon' Guid='{5770385f-c22a-43e0-bf4c-06f5698ffbd9}'/><EventID>11</EventID><Version>2</Version><Level>4</Level><Task>11</Task><Opcode>0</Opcode><Keywords>0x8000000000000000</Keywords><TimeCreated SystemTime='2020-05-18T06:21:16.338124800Z'/><EventRecordID>2424</EventRecordID><Correlation/><Execution ProcessID='3008' ThreadID='3552'/><Channel>Microsoft-Windows-Sysmon/Operational</Channel><Computer>DESKTOP-P84STH6</Computer><Security UserID='S-1-5-18'/></System><EventData><Data Name='RuleName'>DLL</Data><Data Name='UtcTime'>2020-05-18 06:21:16.329</Data><Data Name='ProcessGuid'>{5d3d98af-26b5-5ec2-0000-00108bab0100}</Data><Data Name='ProcessId'>3060</Data><Data Name='Image'>C:\Program Files\Windows Defender\MsMpEng.exe</Data><Data Name='TargetFilename'>C:\ProgramData\Microsoft\Windows Defender\Platform\4.18.2005.4-0\X86\MsMpLics.dll</Data><Data Name='CreationUtcTime'>2020-05-18 06:21:16.329</Data></EventData></Event><Event xmlns='http://schemas.microsoft.com/win/2004/08/events/event'><System><Provider Name='Microsoft-Windows-Sysmon' Guid='{5770385f-c22a-43e0-bf4c-06f5698ffbd9}'/><EventID>11</EventID><Version>2</Version><Level>4</Level><Task>11</Task><Opcode>0</Opcode><Keywords>0x8000000000000000</Keywords><TimeCreated SystemTime='2020-05-18T06:21:16.336790300Z'/><EventRecordID>2423</EventRecordID><Correlation/><Execution ProcessID='3008' ThreadID='3552'/><Channel>Microsoft-Windows-Sysmon/Operational</Channel><Computer>DESKTOP-P84STH6</Computer><Security UserID='S-1-5-18'/></System><EventData><Data Name='RuleName'>DLL</Data><Data Name='UtcTime'>2020-05-18 06:21:16.329</Data><Data Name='ProcessGuid'>{5d3d98af-26b5-5ec2-0000-00108bab0100}</Data><Data Name='ProcessId'>3060</Data><Data Name='Image'>C:\Program Files\Windows Defender\MsMpEng.exe</Data><Data Name='TargetFilename'>C:\ProgramData\Microsoft\Windows Defender\Platform\4.18.2005.4-0\X86\MpOAV.dll</Data><Data Name='CreationUtcTime'>2020-05-18 06:21:16.329</Data></EventData></Event><Event xmlns='http://schemas.microsoft.com/win/2004/08/events/event'><System><Provider Name='Microsoft-Windows-Sysmon' Guid='{5770385f-c22a-43e0-bf4c-06f5698ffbd9}'/><EventID>11</EventID><Version>2</Version><Level>4</Level><Task>11</Task><Opcode>0</Opcode><Keywords>0x8000000000000000</Keywords><TimeCreated SystemTime='2020-05-18T06:21:16.336637600Z'/><EventRecordID>2422</EventRecordID><Correlation/><Execution ProcessID='3008' ThreadID='3552'/><Channel>Microsoft-Windows-Sysmon/Operational</Channel><Computer>DESKTOP-P84STH6</Computer><Security UserID='S-1-5-18'/></System><EventData><Data Name='RuleName'>DLL</Data><Data Name='UtcTime'>2020-05-18 06:21:16.329</Data><Data Name='ProcessGuid'>{5d3d98af-26b5-5ec2-0000-00108bab0100}</Data><Data Name='ProcessId'>3060</Data><Data Name='Image'>C:\Program Files\Windows Defender\MsMpEng.exe</Data><Data Name='TargetFilename'>C:\ProgramData\Microsoft\Windows Defender\Platform\4.18.2005.4-0\X86\MpDetours.dll</Data><Data Name='CreationUtcTime'>2020-05-18 06:21:16.329</Data></EventData></Event><Event xmlns='http://schemas.microsoft.com/win/2004/08/events/event'><System><Provider Name='Microsoft-Windows-Sysmon' Guid='{5770385f-c22a-43e0-bf4c-06f5698ffbd9}'/><EventID>11</EventID><Version>2</Version><Level>4</Level><Task>11</Task><Opcode>0</Opcode><Keywords>0x8000000000000000</Keywords><TimeCreated SystemTime='2020-05-18T06:21:16.334778700Z'/><EventRecordID>2421</EventRecordID><Correlation/><Execution ProcessID='3008' ThreadID='3552'/><Channel>Microsoft-Windows-Sysmon/Operational</Channel><Computer>DESKTOP-P84STH6</Computer><Security UserID='S-1-5-18'/></System><EventData><Data Name='RuleName'>EXE</Data><Data Name='UtcTime'>2020-05-18 06:21:16.329</Data><Data Name='ProcessGuid'>{5d3d98af-26b5-5ec2-0000-00108bab0100}</Data><Data Name='ProcessId'>3060</Data><Data Name='Image'>C:\Program Files\Windows Defender\MsMpEng.exe</Data><Data Name='TargetFilename'>C:\ProgramData\Microsoft\Windows Defender\Platform\4.18.2005.4-0\X86\MpCmdRun.exe</Data><Data Name='CreationUtcTime'>2020-05-18 06:21:16.329</Data></EventData></Event><Event xmlns='http://schemas.microsoft.com/win/2004/08/events/event'><System><Provider Name='Microsoft-Windows-Sysmon' Guid='{5770385f-c22a-43e0-bf4c-06f5698ffbd9}'/><EventID>11</EventID><Version>2</Version><Level>4</Level><Task>11</Task><Opcode>0</Opcode><Keywords>0x8000000000000000</Keywords><TimeCreated SystemTime='2020-05-18T06:21:16.334571100Z'/><EventRecordID>2420</EventRecordID><Correlation/><Execution ProcessID='3008' ThreadID='3552'/><Channel>Microsoft-Windows-Sysmon/Operational</Channel><Computer>DESKTOP-P84STH6</Computer><Security UserID='S-1-5-18'/></System><EventData><Data Name='RuleName'>DLL</Data><Data Name='UtcTime'>2020-05-18 06:21:16.329</Data><Data Name='ProcessGuid'>{5d3d98af-26b5-5ec2-0000-00108bab0100}</Data><Data Name='ProcessId'>3060</Data><Data Name='Image'>C:\Program Files\Windows Defender\MsMpEng.exe</Data><Data Name='TargetFilename'>C:\ProgramData\Microsoft\Windows Defender\Platform\4.18.2005.4-0\X86\MpClient.dll</Data><Data Name='CreationUtcTime'>2020-05-18 06:21:16.329</Data></EventData></Event><Event xmlns='http://schemas.microsoft.com/win/2004/08/events/event'><System><Provider Name='Microsoft-Windows-Sysmon' Guid='{5770385f-c22a-43e0-bf4c-06f5698ffbd9}'/><EventID>11</EventID><Version>2</Version><Level>4</Level><Task>11</Task><Opcode>0</Opcode><Keywords>0x8000000000000000</Keywords><TimeCreated SystemTime='2020-05-18T06:21:16.325241800Z'/><EventRecordID>2419</EventRecordID><Correlation/><Execution ProcessID='3008' ThreadID='3552'/><Channel>Microsoft-Windows-Sysmon/Operational</Channel><Computer>DESKTOP-P84STH6</Computer><Security UserID='S-1-5-18'/></System><EventData><Data Name='RuleName'>DLL</Data><Data Name='UtcTime'>2020-05-18 06:21:16.313</Data><Data Name='ProcessGuid'>{5d3d98af-26b5-5ec2-0000-00108bab0100}</Data><Data Name='ProcessId'>3060</Data><Data Name='Image'>C:\Program Files\Windows Defender\MsMpEng.exe</Data><Data Name='TargetFilename'>C:\ProgramData\Microsoft\Windows Defender\Platform\4.18.2005.4-0\X86\MpAsDesc.dll</Data><Data Name='CreationUtcTime'>2020-05-18 06:21:16.313</Data></EventData></Event><Event xmlns='http://schemas.microsoft.com/win/2004/08/events/event'><System><Provider Name='Microsoft-Windows-Sysmon' Guid='{5770385f-c22a-43e0-bf4c-06f5698ffbd9}'/><EventID>11</EventID><Version>2</Version><Level>4</Level><Task>11</Task><Opcode>0</Opcode><Keywords>0x8000000000000000</Keywords><TimeCreated SystemTime='2020-05-18T06:21:16.317718100Z'/><EventRecordID>2418</EventRecordID><Correlation/><Execution ProcessID='3008' ThreadID='3552'/><Channel>Microsoft-Windows-Sysmon/Operational</Channel><Computer>DESKTOP-P84STH6</Computer><Security UserID='S-1-5-18'/></System><EventData><Data Name='RuleName'>EXE</Data><Data Name='UtcTime'>2020-05-18 06:21:16.313</Data><Data Name='ProcessGuid'>{5d3d98af-26b5-5ec2-0000-00108bab0100}</Data><Data Name='ProcessId'>3060</Data><Data Name='Image'>C:\Program Files\Windows Defender\MsMpEng.exe</Data><Data Name='TargetFilename'>C:\ProgramData\Microsoft\Windows Defender\Platform\4.18.2005.4-0\MpDlpCmd.exe</Data><Data Name='CreationUtcTime'>2020-05-18 06:21:16.313</Data></EventData></Event><Event xmlns='http://schemas.microsoft.com/win/2004/08/events/event'><System><Provider Name='Microsoft-Windows-Sysmon' Guid='{5770385f-c22a-43e0-bf4c-06f5698ffbd9}'/><EventID>11</EventID><Version>2</Version><Level>4</Level><Task>11</Task><Opcode>0</Opcode><Keywords>0x8000000000000000</Keywords><TimeCreated SystemTime='2020-05-18T06:21:16.306812000Z'/><EventRecordID>2417</EventRecordID><Correlation/><Execution ProcessID='3008' ThreadID='3552'/><Channel>Microsoft-Windows-Sysmon/Operational</Channel><Computer>DESKTOP-P84STH6</Computer><Security UserID='S-1-5-18'/></System><EventData><Data Name='RuleName'>DLL</Data><Data Name='UtcTime'>2020-05-18 06:21:16.305</Data><Data Name='ProcessGuid'>{5d3d98af-26b5-5ec2-0000-00108bab0100}</Data><Data Name='ProcessId'>3060</Data><Data Name='Image'>C:\Program Files\Windows Defender\MsMpEng.exe</Data><Data Name='TargetFilename'>C:\ProgramData\Microsoft\Windows Defender\Platform\4.18.2005.4-0\MpPrintFlt.dll</Data><Data Name='CreationUtcTime'>2020-05-18 06:21:16.304</Data></EventData></Event><Event xmlns='http://schemas.microsoft.com/win/2004/08/events/event'><System><Provider Name='Microsoft-Windows-Sysmon' Guid='{5770385f-c22a-43e0-bf4c-06f5698ffbd9}'/><EventID>11</EventID><Version>2</Version><Level>4</Level><Task>11</Task><Opcode>0</Opcode><Keywords>0x8000000000000000</Keywords><TimeCreated SystemTime='2020-05-18T06:21:16.306456800Z'/><EventRecordID>2416</EventRecordID><Correlation/><Execution ProcessID='3008' ThreadID='3552'/><Channel>Microsoft-Windows-Sysmon/Operational</Channel><Computer>DESKTOP-P84STH6</Computer><Security UserID='S-1-5-18'/></System><EventData><Data Name='RuleName'>DLL</Data><Data Name='UtcTime'>2020-05-18 06:21:16.301</Data><Data Name='ProcessGuid'>{5d3d98af-26b5-5ec2-0000-00108bab0100}</Data><Data Name='ProcessId'>3060</Data><Data Name='Image'>C:\Program Files\Windows Defender\MsMpEng.exe</Data><Data Name='TargetFilename'>C:\ProgramData\Microsoft\Windows Defender\Platform\4.18.2005.4-0\endpointdlp.dll</Data><Data Name='CreationUtcTime'>2020-05-18 06:21:16.299</Data></EventData></Event><Event xmlns='http://schemas.microsoft.com/win/2004/08/events/event'><System><Provider Name='Microsoft-Windows-Sysmon' Guid='{5770385f-c22a-43e0-bf4c-06f5698ffbd9}'/><EventID>11</EventID><Version>2</Version><Level>4</Level><Task>11</Task><Opcode>0</Opcode><Keywords>0x8000000000000000</Keywords><TimeCreated SystemTime='2020-05-18T06:21:16.306253700Z'/><EventRecordID>2415</EventRecordID><Correlation/><Execution ProcessID='3008' ThreadID='3552'/><Channel>Microsoft-Windows-Sysmon/Operational</Channel><Computer>DESKTOP-P84STH6</Computer><Security UserID='S-1-5-18'/></System><EventData><Data Name='RuleName'></Data><Data Name='UtcTime'>2020-05-18 06:21:16.299</Data><Data Name='ProcessGuid'>{5d3d98af-26b5-5ec2-0000-00108bab0100}</Data><Data Name='ProcessId'>3060</Data><Data Name='Image'>C:\Program Files\Windows Defender\MsMpEng.exe</Data><Data Name='TargetFilename'>C:\ProgramData\Microsoft\Windows Defender\Platform\4.18.2005.4-0\Drivers\WdNisDrv.sys</Data><Data Name='CreationUtcTime'>2020-05-18 06:21:16.299</Data></EventData></Event><Event xmlns='http://schemas.microsoft.com/win/2004/08/events/event'><System><Provider Name='Microsoft-Windows-Sysmon' Guid='{5770385f-c22a-43e0-bf4c-06f5698ffbd9}'/><EventID>11</EventID><Version>2</Version><Level>4</Level><Task>11</Task><Opcode>0</Opcode><Keywords>0x8000000000000000</Keywords><TimeCreated SystemTime='2020-05-18T06:21:16.306033000Z'/><EventRecordID>2414</EventRecordID><Correlation/><Execution ProcessID='3008' ThreadID='3552'/><Channel>Microsoft-Windows-Sysmon/Operational</Channel><Computer>DESKTOP-P84STH6</Computer><Security UserID='S-1-5-18'/></System><EventData><Data Name='RuleName'></Data><Data Name='UtcTime'>2020-05-18 06:21:16.298</Data><Data Name='ProcessGuid'>{5d3d98af-26b5-5ec2-0000-00108bab0100}</Data><Data Name='ProcessId'>3060</Data><Data Name='Image'>C:\Program Files\Windows Defender\MsMpEng.exe</Data><Data Name='TargetFilename'>C:\ProgramData\Microsoft\Windows Defender\Platform\4.18.2005.4-0\Drivers\WdFilter.sys</Data><Data Name='CreationUtcTime'>2020-05-18 06:21:16.298</Data></EventData></Event><Event xmlns='http://schemas.microsoft.com/win/2004/08/events/event'><System><Provider Name='Microsoft-Windows-Sysmon' Guid='{5770385f-c22a-43e0-bf4c-06f5698ffbd9}'/><EventID>11</EventID><Version>2</Version><Level>4</Level><Task>11</Task><Opcode>0</Opcode><Keywords>0x8000000000000000</Keywords><TimeCreated SystemTime='2020-05-18T06:21:16.305842400Z'/><EventRecordID>2413</EventRecordID><Correlation/><Execution ProcessID='3008' ThreadID='3552'/><Channel>Microsoft-Windows-Sysmon/Operational</Channel><Computer>DESKTOP-P84STH6</Computer><Security UserID='S-1-5-18'/></System><EventData><Data Name='RuleName'></Data><Data Name='UtcTime'>2020-05-18 06:21:16.296</Data><Data Name='ProcessGuid'>{5d3d98af-26b5-5ec2-0000-00108bab0100}</Data><Data Name='ProcessId'>3060</Data><Data Name='Image'>C:\Program Files\Windows Defender\MsMpEng.exe</Data><Data Name='TargetFilename'>C:\ProgramData\Microsoft\Windows Defender\Platform\4.18.2005.4-0\Drivers\WdBoot.sys</Data><Data Name='CreationUtcTime'>2020-05-18 06:21:16.296</Data></EventData></Event><Event xmlns='http://schemas.microsoft.com/win/2004/08/events/event'><System><Provider Name='Microsoft-Windows-Sysmon' Guid='{5770385f-c22a-43e0-bf4c-06f5698ffbd9}'/><EventID>11</EventID><Version>2</Version><Level>4</Level><Task>11</Task><Opcode>0</Opcode><Keywords>0x8000000000000000</Keywords><TimeCreated SystemTime='2020-05-18T06:21:16.292337700Z'/><EventRecordID>2412</EventRecordID><Correlation/><Execution ProcessID='3008' ThreadID='3552'/><Channel>Microsoft-Windows-Sysmon/Operational</Channel><Computer>DESKTOP-P84STH6</Computer><Security UserID='S-1-5-18'/></System><EventData><Data Name='RuleName'>DLL</Data><Data Name='UtcTime'>2020-05-18 06:21:16.290</Data><Data Name='ProcessGuid'>{5d3d98af-26b5-5ec2-0000-00108bab0100}</Data><Data Name='ProcessId'>3060</Data><Data Name='Image'>C:\Program Files\Windows Defender\MsMpEng.exe</Data><Data Name='TargetFilename'>C:\ProgramData\Microsoft\Windows Defender\Platform\4.18.2005.4-0\ProtectionManagement.dll</Data><Data Name='CreationUtcTime'>2020-05-18 06:21:16.290</Data></EventData></Event><Event xmlns='http://schemas.microsoft.com/win/2004/08/events/event'><System><Provider Name='Microsoft-Windows-Sysmon' Guid='{5770385f-c22a-43e0-bf4c-06f5698ffbd9}'/><EventID>11</EventID><Version>2</Version><Level>4</Level><Task>11</Task><Opcode>0</Opcode><Keywords>0x8000000000000000</Keywords><TimeCreated SystemTime='2020-05-18T06:21:16.292147000Z'/><EventRecordID>2411</EventRecordID><Correlation/><Execution ProcessID='3008' ThreadID='3552'/><Channel>Microsoft-Windows-Sysmon/Operational</Channel><Computer>DESKTOP-P84STH6</Computer><Security UserID='S-1-5-18'/></System><EventData><Data Name='RuleName'>DLL</Data><Data Name='UtcTime'>2020-05-18 06:21:16.289</Data><Data Name='ProcessGuid'>{5d3d98af-26b5-5ec2-0000-00108bab0100}</Data><Data Name='ProcessId'>3060</Data><Data Name='Image'>C:\Program Files\Windows Defender\MsMpEng.exe</Data><Data Name='TargetFilename'>C:\ProgramData\Microsoft\Windows Defender\Platform\4.18.2005.4-0\DefenderCSP.dll</Data><Data Name='CreationUtcTime'>2020-05-18 06:21:16.289</Data></EventData></Event><Event xmlns='http://schemas.microsoft.com/win/2004/08/events/event'><System><Provider Name='Microsoft-Windows-Sysmon' Guid='{5770385f-c22a-43e0-bf4c-06f5698ffbd9}'/><EventID>11</EventID><Version>2</Version><Level>4</Level><Task>11</Task><Opcode>0</Opcode><Keywords>0x8000000000000000</Keywords><TimeCreated SystemTime='2020-05-18T06:21:16.289390000Z'/><EventRecordID>2410</EventRecordID><Correlation/><Execution ProcessID='3008' ThreadID='3552'/><Channel>Microsoft-Windows-Sysmon/Operational</Channel><Computer>DESKTOP-P84STH6</Computer><Security UserID='S-1-5-18'/></System><EventData><Data Name='RuleName'>EXE</Data><Data Name='UtcTime'>2020-05-18 06:21:16.284</Data><Data Name='ProcessGuid'>{5d3d98af-26b5-5ec2-0000-00108bab0100}</Data><Data Name='ProcessId'>3060</Data><Data Name='Image'>C:\Program Files\Windows Defender\MsMpEng.exe</Data><Data Name='TargetFilename'>C:\ProgramData\Microsoft\Windows Defender\Platform\4.18.2005.4-0\NisSrv.exe</Data><Data Name='CreationUtcTime'>2020-05-18 06:21:16.284</Data></EventData></Event><Event xmlns='http://schemas.microsoft.com/win/2004/08/events/event'><System><Provider Name='Microsoft-Windows-Sysmon' Guid='{5770385f-c22a-43e0-bf4c-06f5698ffbd9}'/><EventID>11</EventID><Version>2</Version><Level>4</Level><Task>11</Task><Opcode>0</Opcode><Keywords>0x8000000000000000</Keywords><TimeCreated SystemTime='2020-05-18T06:21:16.285635200Z'/><EventRecordID>2409</EventRecordID><Correlation/><Execution ProcessID='3008' ThreadID='3552'/><Channel>Microsoft-Windows-Sysmon/Operational</Channel><Computer>DESKTOP-P84STH6</Computer><Security UserID='S-1-5-18'/></System><EventData><Data Name='RuleName'>DLL</Data><Data Name='UtcTime'>2020-05-18 06:21:16.283</Data><Data Name='ProcessGuid'>{5d3d98af-26b5-5ec2-0000-00108bab0100}</Data><Data Name='ProcessId'>3060</Data><Data Name='Image'>C:\Program Files\Windows Defender\MsMpEng.exe</Data><Data Name='TargetFilename'>C:\ProgramData\Microsoft\Windows Defender\Platform\4.18.2005.4-0\MsMpLics.dll</Data><Data Name='CreationUtcTime'>2020-05-18 06:21:16.283</Data></EventData></Event><Event xmlns='http://schemas.microsoft.com/win/2004/08/events/event'><System><Provider Name='Microsoft-Windows-Sysmon' Guid='{5770385f-c22a-43e0-bf4c-06f5698ffbd9}'/><EventID>11</EventID><Version>2</Version><Level>4</Level><Task>11</Task><Opcode>0</Opcode><Keywords>0x8000000000000000</Keywords><TimeCreated SystemTime='2020-05-18T06:21:16.285360400Z'/><EventRecordID>2408</EventRecordID><Correlation/><Execution ProcessID='3008' ThreadID='3552'/><Channel>Microsoft-Windows-Sysmon/Operational</Channel><Computer>DESKTOP-P84STH6</Computer><Security UserID='S-1-5-18'/></System><EventData><Data Name='RuleName'>EXE</Data><Data Name='UtcTime'>2020-05-18 06:21:16.281</Data><Data Name='ProcessGuid'>{5d3d98af-26b5-5ec2-0000-00108bab0100}</Data><Data Name='ProcessId'>3060</Data><Data Name='Image'>C:\Program Files\Windows Defender\MsMpEng.exe</Data><Data Name='TargetFilename'>C:\ProgramData\Microsoft\Windows Defender\Platform\4.18.2005.4-0\MsMpEng.exe</Data><Data Name='CreationUtcTime'>2020-05-18 06:21:16.281</Data></EventData></Event><Event xmlns='http://schemas.microsoft.com/win/2004/08/events/event'><System><Provider Name='Microsoft-Windows-Sysmon' Guid='{5770385f-c22a-43e0-bf4c-06f5698ffbd9}'/><EventID>11</EventID><Version>2</Version><Level>4</Level><Task>11</Task><Opcode>0</Opcode><Keywords>0x8000000000000000</Keywords><TimeCreated SystemTime='2020-05-18T06:21:16.285153800Z'/><EventRecordID>2407</EventRecordID><Correlation/><Execution ProcessID='3008' ThreadID='3552'/><Channel>Microsoft-Windows-Sysmon/Operational</Channel><Computer>DESKTOP-P84STH6</Computer><Security UserID='S-1-5-18'/></System><EventData><Data Name='RuleName'>DLL</Data><Data Name='UtcTime'>2020-05-18 06:21:16.281</Data><Data Name='ProcessGuid'>{5d3d98af-26b5-5ec2-0000-00108bab0100}</Data><Data Name='ProcessId'>3060</Data><Data Name='Image'>C:\Program Files\Windows Defender\MsMpEng.exe</Data><Data Name='TargetFilename'>C:\ProgramData\Microsoft\Windows Defender\Platform\4.18.2005.4-0\MpUpdate.dll</Data><Data Name='CreationUtcTime'>2020-05-18 06:21:16.281</Data></EventData></Event><Event xmlns='http://schemas.microsoft.com/win/2004/08/events/event'><System><Provider Name='Microsoft-Windows-Sysmon' Guid='{5770385f-c22a-43e0-bf4c-06f5698ffbd9}'/><EventID>1</EventID><Version>5</Version><Level>4</Level><Task>1</Task><Opcode>0</Opcode><Keywords>0x8000000000000000</Keywords><TimeCreated SystemTime='2020-05-18T06:21:16.284464700Z'/><EventRecordID>2406</EventRecordID><Correlation/><Execution ProcessID='3008' ThreadID='3552'/><Channel>Microsoft-Windows-Sysmon/Operational</Channel><Computer>DESKTOP-P84STH6</Computer><Security UserID='S-1-5-18'/></System><EventData><Data Name='RuleName'></Data><Data Name='UtcTime'>2020-05-18 06:21:16.275</Data><Data Name='ProcessGuid'>{5d3d98af-295c-5ec2-0000-0010a6cd2900}</Data><Data Name='ProcessId'>5720</Data><Data Name='Image'>C:\Program Files\Wireshark\dumpcap.exe</Data><Data Name='FileVersion'>3.2.3</Data><Data Name='Description'>Dumpcap</Data><Data Name='Product'>Dumpcap</Data><Data Name='Company'>The Wireshark developer community</Data><Data Name='OriginalFileName'>Dumpcap.exe</Data><Data Name='CommandLine'>"C:\Program Files\Wireshark\dumpcap.exe" -n -i \Device\NPF_{1BF6DE2B-07A9-4FF4-8C4F-79DA555DBF9C} -y EN10MB -Z 7788</Data><Data Name='CurrentDirectory'>C:\Program Files\Wireshark\styles\</Data><Data Name='User'>DESKTOP-P84STH6\NS</Data><Data Name='LogonGuid'>{5d3d98af-26d0-5ec2-0000-0020be0f0400}</Data><Data Name='LogonId'>0x40fbe</Data><Data Name='TerminalSessionId'>1</Data><Data Name='IntegrityLevel'>Medium</Data><Data Name='Hashes'>MD5=2A801266AB558D2F51333D58F2F3B3B0,SHA256=F74A5A7B97A508E7E241D7A6E77B60F2D3237E55DC74B8684AB5DD87ABF3DBBD,IMPHASH=62C2ADC8A4D23E2D07B7EEB4235EEB0C</Data><Data Name='ParentProcessGuid'>{5d3d98af-2833-5ec2-0000-001016f21f00}</Data><Data Name='ParentProcessId'>7788</Data><Data Name='ParentImage'>C:\Program Files\Wireshark\Wireshark.exe</Data><Data Name='ParentCommandLine'>"C:\Program Files\Wireshark\Wireshark.exe" </Data></EventData></Event><Event xmlns='http://schemas.microsoft.com/win/2004/08/events/event'><System><Provider Name='Microsoft-Windows-Sysmon' Guid='{5770385f-c22a-43e0-bf4c-06f5698ffbd9}'/><EventID>11</EventID><Version>2</Version><Level>4</Level><Task>11</Task><Opcode>0</Opcode><Keywords>0x8000000000000000</Keywords><TimeCreated SystemTime='2020-05-18T06:21:16.277883600Z'/><EventRecordID>2405</EventRecordID><Correlation/><Execution ProcessID='3008' ThreadID='3552'/><Channel>Microsoft-Windows-Sysmon/Operational</Channel><Computer>DESKTOP-P84STH6</Computer><Security UserID='S-1-5-18'/></System><EventData><Data Name='RuleName'>DLL</Data><Data Name='UtcTime'>2020-05-18 06:21:16.277</Data><Data Name='ProcessGuid'>{5d3d98af-26b5-5ec2-0000-00108bab0100}</Data><Data Name='ProcessId'>3060</Data><Data Name='Image'>C:\Program Files\Windows Defender\MsMpEng.exe</Data><Data Name='TargetFilename'>C:\ProgramData\Microsoft\Windows Defender\Platform\4.18.2005.4-0\MpSvc.dll</Data><Data Name='CreationUtcTime'>2020-05-18 06:21:16.277</Data></EventData></Event><Event xmlns='http://schemas.microsoft.com/win/2004/08/events/event'><System><Provider Name='Microsoft-Windows-Sysmon' Guid='{5770385f-c22a-43e0-bf4c-06f5698ffbd9}'/><EventID>11</EventID><Version>2</Version><Level>4</Level><Task>11</Task><Opcode>0</Opcode><Keywords>0x8000000000000000</Keywords><TimeCreated SystemTime='2020-05-18T06:21:16.276076000Z'/><EventRecordID>2404</EventRecordID><Correlation/><Execution ProcessID='3008' ThreadID='3552'/><Channel>Microsoft-Windows-Sysmon/Operational</Channel><Computer>DESKTOP-P84STH6</Computer><Security UserID='S-1-5-18'/></System><EventData><Data Name='RuleName'>DLL</Data><Data Name='UtcTime'>2020-05-18 06:21:16.275</Data><Data Name='ProcessGuid'>{5d3d98af-26b5-5ec2-0000-00108bab0100}</Data><Data Name='ProcessId'>3060</Data><Data Name='Image'>C:\Program Files\Windows Defender\MsMpEng.exe</Data><Data Name='TargetFilename'>C:\ProgramData\Microsoft\Windows Defender\Platform\4.18.2005.4-0\MpRtp.dll</Data><Data Name='CreationUtcTime'>2020-05-18 06:21:16.275</Data></EventData></Event><Event xmlns='http://schemas.microsoft.com/win/2004/08/events/event'><System><Provider Name='Microsoft-Windows-Sysmon' Guid='{5770385f-c22a-43e0-bf4c-06f5698ffbd9}'/><EventID>11</EventID><Version>2</Version><Level>4</Level><Task>11</Task><Opcode>0</Opcode><Keywords>0x8000000000000000</Keywords><TimeCreated SystemTime='2020-05-18T06:21:16.274788500Z'/><EventRecordID>2403</EventRecordID><Correlation/><Execution ProcessID='3008' ThreadID='3552'/><Channel>Microsoft-Windows-Sysmon/Operational</Channel><Computer>DESKTOP-P84STH6</Computer><Security UserID='S-1-5-18'/></System><EventData><Data Name='RuleName'>DLL</Data><Data Name='UtcTime'>2020-05-18 06:21:16.273</Data><Data Name='ProcessGuid'>{5d3d98af-26b5-5ec2-0000-00108bab0100}</Data><Data Name='ProcessId'>3060</Data><Data Name='Image'>C:\Program Files\Windows Defender\MsMpEng.exe</Data><Data Name='TargetFilename'>C:\ProgramData\Microsoft\Windows Defender\Platform\4.18.2005.4-0\MpOAV.dll</Data><Data Name='CreationUtcTime'>2020-05-18 06:21:16.272</Data></EventData></Event><Event xmlns='http://schemas.microsoft.com/win/2004/08/events/event'><System><Provider Name='Microsoft-Windows-Sysmon' Guid='{5770385f-c22a-43e0-bf4c-06f5698ffbd9}'/><EventID>11</EventID><Version>2</Version><Level>4</Level><Task>11</Task><Opcode>0</Opcode><Keywords>0x8000000000000000</Keywords><TimeCreated SystemTime='2020-05-18T06:21:16.273121500Z'/><EventRecordID>2402</EventRecordID><Correlation/><Execution ProcessID='3008' ThreadID='3552'/><Channel>Microsoft-Windows-Sysmon/Operational</Channel><Computer>DESKTOP-P84STH6</Computer><Security UserID='S-1-5-18'/></System><EventData><Data Name='RuleName'>DLL</Data><Data Name='UtcTime'>2020-05-18 06:21:16.272</Data><Data Name='ProcessGuid'>{5d3d98af-26b5-5ec2-0000-00108bab0100}</Data><Data Name='ProcessId'>3060</Data><Data Name='Image'>C:\Program Files\Windows Defender\MsMpEng.exe</Data><Data Name='TargetFilename'>C:\ProgramData\Microsoft\Windows Defender\Platform\4.18.2005.4-0\MpDetours.dll</Data><Data Name='CreationUtcTime'>2020-05-18 06:21:16.272</Data></EventData></Event><Event xmlns='http://schemas.microsoft.com/win/2004/08/events/event'><System><Provider Name='Microsoft-Windows-Sysmon' Guid='{5770385f-c22a-43e0-bf4c-06f5698ffbd9}'/><EventID>11</EventID><Version>2</Version><Level>4</Level><Task>11</Task><Opcode>0</Opcode><Keywords>0x8000000000000000</Keywords><TimeCreated SystemTime='2020-05-18T06:21:16.272140700Z'/><EventRecordID>2401</EventRecordID><Correlation/><Execution ProcessID='3008' ThreadID='3552'/><Channel>Microsoft-Windows-Sysmon/Operational</Channel><Computer>DESKTOP-P84STH6</Computer><Security UserID='S-1-5-18'/></System><EventData><Data Name='RuleName'>DLL</Data><Data Name='UtcTime'>2020-05-18 06:21:16.270</Data><Data Name='ProcessGuid'>{5d3d98af-26b5-5ec2-0000-00108bab0100}</Data><Data Name='ProcessId'>3060</Data><Data Name='Image'>C:\Program Files\Windows Defender\MsMpEng.exe</Data><Data Name='TargetFilename'>C:\ProgramData\Microsoft\Windows Defender\Platform\4.18.2005.4-0\MpCommu.dll</Data><Data Name='CreationUtcTime'>2020-05-18 06:21:16.270</Data></EventData></Event><Event xmlns='http://schemas.microsoft.com/win/2004/08/events/event'><System><Provider Name='Microsoft-Windows-Sysmon' Guid='{5770385f-c22a-43e0-bf4c-06f5698ffbd9}'/><EventID>11</EventID><Version>2</Version><Level>4</Level><Task>11</Task><Opcode>0</Opcode><Keywords>0x8000000000000000</Keywords><TimeCreated SystemTime='2020-05-18T06:21:16.270045800Z'/><EventRecordID>2400</EventRecordID><Correlation/><Execution ProcessID='3008' ThreadID='3552'/><Channel>Microsoft-Windows-Sysmon/Operational</Channel><Computer>DESKTOP-P84STH6</Computer><Security UserID='S-1-5-18'/></System><EventData><Data Name='RuleName'>EXE</Data><Data Name='UtcTime'>2020-05-18 06:21:16.268</Data><Data Name='ProcessGuid'>{5d3d98af-26b5-5ec2-0000-00108bab0100}</Data><Data Name='ProcessId'>3060</Data><Data Name='Image'>C:\Program Files\Windows Defender\MsMpEng.exe</Data><Data Name='TargetFilename'>C:\ProgramData\Microsoft\Windows Defender\Platform\4.18.2005.4-0\MpCmdRun.exe</Data><Data Name='CreationUtcTime'>2020-05-18 06:21:16.268</Data></EventData></Event><Event xmlns='http://schemas.microsoft.com/win/2004/08/events/event'><System><Provider Name='Microsoft-Windows-Sysmon' Guid='{5770385f-c22a-43e0-bf4c-06f5698ffbd9}'/><EventID>11</EventID><Version>2</Version><Level>4</Level><Task>11</Task><Opcode>0</Opcode><Keywords>0x8000000000000000</Keywords><TimeCreated SystemTime='2020-05-18T06:21:16.267670900Z'/><EventRecordID>2399</EventRecordID><Correlation/><Execution ProcessID='3008' ThreadID='3552'/><Channel>Microsoft-Windows-Sysmon/Operational</Channel><Computer>DESKTOP-P84STH6</Computer><Security UserID='S-1-5-18'/></System><EventData><Data Name='RuleName'>DLL</Data><Data Name='UtcTime'>2020-05-18 06:21:16.266</Data><Data Name='ProcessGuid'>{5d3d98af-26b5-5ec2-0000-00108bab0100}</Data><Data Name='ProcessId'>3060</Data><Data Name='Image'>C:\Program Files\Windows Defender\MsMpEng.exe</Data><Data Name='TargetFilename'>C:\ProgramData\Microsoft\Windows Defender\Platform\4.18.2005.4-0\MpClient.dll</Data><Data Name='CreationUtcTime'>2020-05-18 06:21:16.265</Data></EventData></Event><Event xmlns='http://schemas.microsoft.com/win/2004/08/events/event'><System><Provider Name='Microsoft-Windows-Sysmon' Guid='{5770385f-c22a-43e0-bf4c-06f5698ffbd9}'/><EventID>11</EventID><Version>2</Version><Level>4</Level><Task>11</Task><Opcode>0</Opcode><Keywords>0x8000000000000000</Keywords><TimeCreated SystemTime='2020-05-18T06:21:16.265108600Z'/><EventRecordID>2398</EventRecordID><Correlation/><Execution ProcessID='3008' ThreadID='3552'/><Channel>Microsoft-Windows-Sysmon/Operational</Channel><Computer>DESKTOP-P84STH6</Computer><Security UserID='S-1-5-18'/></System><EventData><Data Name='RuleName'>DLL</Data><Data Name='UtcTime'>2020-05-18 06:21:16.263</Data><Data Name='ProcessGuid'>{5d3d98af-26b5-5ec2-0000-00108bab0100}</Data><Data Name='ProcessId'>3060</Data><Data Name='Image'>C:\Program Files\Windows Defender\MsMpEng.exe</Data><Data Name='TargetFilename'>C:\ProgramData\Microsoft\Windows Defender\Platform\4.18.2005.4-0\MpAzSubmit.dll</Data><Data Name='CreationUtcTime'>2020-05-18 06:21:16.263</Data></EventData></Event><Event xmlns='http://schemas.microsoft.com/win/2004/08/events/event'><System><Provider Name='Microsoft-Windows-Sysmon' Guid='{5770385f-c22a-43e0-bf4c-06f5698ffbd9}'/><EventID>11</EventID><Version>2</Version><Level>4</Level><Task>11</Task><Opcode>0</Opcode><Keywords>0x8000000000000000</Keywords><TimeCreated SystemTime='2020-05-18T06:21:16.259966100Z'/><EventRecordID>2397</EventRecordID><Correlation/><Execution ProcessID='3008' ThreadID='3552'/><Channel>Microsoft-Windows-Sysmon/Operational</Channel><Computer>DESKTOP-P84STH6</Computer><Security UserID='S-1-5-18'/></System><EventData><Data Name='RuleName'>DLL</Data><Data Name='UtcTime'>2020-05-18 06:21:16.259</Data><Data Name='ProcessGuid'>{5d3d98af-26b5-5ec2-0000-00108bab0100}</Data><Data Name='ProcessId'>3060</Data><Data Name='Image'>C:\Program Files\Windows Defender\MsMpEng.exe</Data><Data Name='TargetFilename'>C:\ProgramData\Microsoft\Windows Defender\Platform\4.18.2005.4-0\MpAsDesc.dll</Data><Data Name='CreationUtcTime'>2020-05-18 06:21:16.258</Data></EventData></Event><Event xmlns='http://schemas.microsoft.com/win/2004/08/events/event'><System><Provider Name='Microsoft-Windows-Sysmon' Guid='{5770385f-c22a-43e0-bf4c-06f5698ffbd9}'/><EventID>11</EventID><Version>2</Version><Level>4</Level><Task>11</Task><Opcode>0</Opcode><Keywords>0x8000000000000000</Keywords><TimeCreated SystemTime='2020-05-18T06:21:16.247704900Z'/><EventRecordID>2396</EventRecordID><Correlation/><Execution ProcessID='3008' ThreadID='3552'/><Channel>Microsoft-Windows-Sysmon/Operational</Channel><Computer>DESKTOP-P84STH6</Computer><Security UserID='S-1-5-18'/></System><EventData><Data Name='RuleName'>EXE</Data><Data Name='UtcTime'>2020-05-18 06:21:16.243</Data><Data Name='ProcessGuid'>{5d3d98af-26b5-5ec2-0000-00108bab0100}</Data><Data Name='ProcessId'>3060</Data><Data Name='Image'>C:\Program Files\Windows Defender\MsMpEng.exe</Data><Data Name='TargetFilename'>C:\ProgramData\Microsoft\Windows Defender\Platform\4.18.2005.4-0\ConfigSecurityPolicy.exe</Data><Data Name='CreationUtcTime'>2020-05-18 06:21:16.243</Data></EventData></Event><Event xmlns='http://schemas.microsoft.com/win/2004/08/events/event'><System><Provider Name='Microsoft-Windows-Sysmon' Guid='{5770385f-c22a-43e0-bf4c-06f5698ffbd9}'/><EventID>13</EventID><Version>2</Version><Level>4</Level><Task>13</Task><Opcode>0</Opcode><Keywords>0x8000000000000000</Keywords><TimeCreated SystemTime='2020-05-18T06:21:12.521840200Z'/><EventRecordID>2395</EventRecordID><Correlation/><Execution ProcessID='3008' ThreadID='3552'/><Channel>Microsoft-Windows-Sysmon/Operational</Channel><Computer>DESKTOP-P84STH6</Computer><Security UserID='S-1-5-18'/></System><EventData><Data Name='RuleName'>InvDB-Ver</Data><Data Name='EventType'>SetValue</Data><Data Name='UtcTime'>2020-05-18 06:21:12.505</Data><Data Name='ProcessGuid'>{5d3d98af-2742-5ec2-0000-00103d570f00}</Data><Data Name='ProcessId'>8344</Data><Data Name='Image'>C:\Windows\system32\svchost.exe</Data><Data Name='TargetObject'>\REGISTRY\A\{306b2099-7943-b298-df8d-eb87421480ed}\Root\InventoryApplicationFile\vscodeusersetup-|b0eebb669332ea5d\BinProductVersion</Data><Data Name='Details'>1.45.1.0</Data></EventData></Event><Event xmlns='http://schemas.microsoft.com/win/2004/08/events/event'><System><Provider Name='Microsoft-Windows-Sysmon' Guid='{5770385f-c22a-43e0-bf4c-06f5698ffbd9}'/><EventID>13</EventID><Version>2</Version><Level>4</Level><Task>13</Task><Opcode>0</Opcode><Keywords>0x8000000000000000</Keywords><TimeCreated SystemTime='2020-05-18T06:21:12.520759600Z'/><EventRecordID>2394</EventRecordID><Correlation/><Execution ProcessID='3008' ThreadID='3552'/><Channel>Microsoft-Windows-Sysmon/Operational</Channel><Computer>DESKTOP-P84STH6</Computer><Security UserID='S-1-5-18'/></System><EventData><Data Name='RuleName'>InvDB-CompileTimeClaim</Data><Data Name='EventType'>SetValue</Data><Data Name='UtcTime'>2020-05-18 06:21:12.505</Data><Data Name='ProcessGuid'>{5d3d98af-2742-5ec2-0000-00103d570f00}</Data><Data Name='ProcessId'>8344</Data><Data Name='Image'>C:\Windows\system32\svchost.exe</Data><Data Name='TargetObject'>\REGISTRY\A\{306b2099-7943-b298-df8d-eb87421480ed}\Root\InventoryApplicationFile\vscodeusersetup-|b0eebb669332ea5d\LinkDate</Data><Data Name='Details'>06/14/2018 13:27:46</Data></EventData></Event><Event xmlns='http://schemas.microsoft.com/win/2004/08/events/event'><System><Provider Name='Microsoft-Windows-Sysmon' Guid='{5770385f-c22a-43e0-bf4c-06f5698ffbd9}'/><EventID>13</EventID><Version>2</Version><Level>4</Level><Task>13</Task><Opcode>0</Opcode><Keywords>0x8000000000000000</Keywords><TimeCreated SystemTime='2020-05-18T06:21:12.514552100Z'/><EventRecordID>2393</EventRecordID><Correlation/><Execution ProcessID='3008' ThreadID='3552'/><Channel>Microsoft-Windows-Sysmon/Operational</Channel><Computer>DESKTOP-P84STH6</Computer><Security UserID='S-1-5-18'/></System><EventData><Data Name='RuleName'>InvDB-Pub</Data><Data Name='EventType'>SetValue</Data><Data Name='UtcTime'>2020-05-18 06:21:12.505</Data><Data Name='ProcessGuid'>{5d3d98af-2742-5ec2-0000-00103d570f00}</Data><Data Name='ProcessId'>8344</Data><Data Name='Image'>C:\Windows\system32\svchost.exe</Data><Data Name='TargetObject'>\REGISTRY\A\{306b2099-7943-b298-df8d-eb87421480ed}\Root\InventoryApplicationFile\vscodeusersetup-|b0eebb669332ea5d\Publisher</Data><Data Name='Details'>microsoft corporation                                       </Data></EventData></Event><Event xmlns='http://schemas.microsoft.com/win/2004/08/events/event'><System><Provider Name='Microsoft-Windows-Sysmon' Guid='{5770385f-c22a-43e0-bf4c-06f5698ffbd9}'/><EventID>13</EventID><Version>2</Version><Level>4</Level><Task>13</Task><Opcode>0</Opcode><Keywords>0x8000000000000000</Keywords><TimeCreated SystemTime='2020-05-18T06:21:12.511141100Z'/><EventRecordID>2392</EventRecordID><Correlation/><Execution ProcessID='3008' ThreadID='3552'/><Channel>Microsoft-Windows-Sysmon/Operational</Channel><Computer>DESKTOP-P84STH6</Computer><Security UserID='S-1-5-18'/></System><EventData><Data Name='RuleName'>InvDB-Path</Data><Data Name='EventType'>SetValue</Data><Data Name='UtcTime'>2020-05-18 06:21:12.505</Data><Data Name='ProcessGuid'>{5d3d98af-2742-5ec2-0000-00103d570f00}</Data><Data Name='ProcessId'>8344</Data><Data Name='Image'>C:\Windows\system32\svchost.exe</Data><Data Name='TargetObject'>\REGISTRY\A\{306b2099-7943-b298-df8d-eb87421480ed}\Root\InventoryApplicationFile\vscodeusersetup-|b0eebb669332ea5d\LowerCaseLongPath</Data><Data Name='Details'>c:\users\ns\downloads\vscodeusersetup-x64-1.45.1.exe</Data></EventData></Event><Event xmlns='http://schemas.microsoft.com/win/2004/08/events/event'><System><Provider Name='Microsoft-Windows-Sysmon' Guid='{5770385f-c22a-43e0-bf4c-06f5698ffbd9}'/><EventID>13</EventID><Version>2</Version><Level>4</Level><Task>13</Task><Opcode>0</Opcode><Keywords>0x8000000000000000</Keywords><TimeCreated SystemTime='2020-05-18T06:21:12.398737000Z'/><EventRecordID>2391</EventRecordID><Correlation/><Execution ProcessID='3008' ThreadID='3552'/><Channel>Microsoft-Windows-Sysmon/Operational</Channel><Computer>DESKTOP-P84STH6</Computer><Security UserID='S-1-5-18'/></System><EventData><Data Name='RuleName'>InvDB</Data><Data Name='EventType'>SetValue</Data><Data Name='UtcTime'>2020-05-18 06:21:12.393</Data><Data Name='ProcessGuid'>{5d3d98af-2742-5ec2-0000-00103d570f00}</Data><Data Name='ProcessId'>8344</Data><Data Name='Image'>C:\Windows\system32\svchost.exe</Data><Data Name='TargetObject'>HKU\S-1-5-21-223836497-1760142647-788189203-1001\Software\Microsoft\Windows NT\CurrentVersion\AppCompatFlags\Compatibility Assistant\Store\C:\Users\NS\Downloads\VSCodeUserSetup-x64-1.45.1.exe</Data><Data Name='Details'>Binary Data</Data></EventData></Event><Event xmlns='http://schemas.microsoft.com/win/2004/08/events/event'><System><Provider Name='Microsoft-Windows-Sysmon' Guid='{5770385f-c22a-43e0-bf4c-06f5698ffbd9}'/><EventID>5</EventID><Version>3</Version><Level>4</Level><Task>5</Task><Opcode>0</Opcode><Keywords>0x8000000000000000</Keywords><TimeCreated SystemTime='2020-05-18T06:21:10.379677100Z'/><EventRecordID>2390</EventRecordID><Correlation/><Execution ProcessID='3008' ThreadID='3552'/><Channel>Microsoft-Windows-Sysmon/Operational</Channel><Computer>DESKTOP-P84STH6</Computer><Security UserID='S-1-5-18'/></System><EventData><Data Name='RuleName'></Data><Data Name='UtcTime'>2020-05-18 06:21:10.371</Data><Data Name='ProcessGuid'>{5d3d98af-293c-5ec2-0000-0010899f2700}</Data><Data Name='ProcessId'>6216</Data><Data Name='Image'>C:\Users\NS\Downloads\VSCodeUserSetup-x64-1.45.1.exe</Data></EventData></Event><Event xmlns='http://schemas.microsoft.com/win/2004/08/events/event'><System><Provider Name='Microsoft-Windows-Sysmon' Guid='{5770385f-c22a-43e0-bf4c-06f5698ffbd9}'/><EventID>5</EventID><Version>3</Version><Level>4</Level><Task>5</Task><Opcode>0</Opcode><Keywords>0x8000000000000000</Keywords><TimeCreated SystemTime='2020-05-18T06:21:10.354499900Z'/><EventRecordID>2389</EventRecordID><Correlation/><Execution ProcessID='3008' ThreadID='3552'/><Channel>Microsoft-Windows-Sysmon/Operational</Channel><Computer>DESKTOP-P84STH6</Computer><Security UserID='S-1-5-18'/></System><EventData><Data Name='RuleName'></Data><Data Name='UtcTime'>2020-05-18 06:21:10.350</Data><Data Name='ProcessGuid'>{5d3d98af-293e-5ec2-0000-0010fac92700}</Data><Data Name='ProcessId'>1376</Data><Data Name='Image'>C:\Users\NS\AppData\Local\Temp\is-KQ1J1.tmp\VSCodeUserSetup-x64-1.45.1.tmp</Data></EventData></Event><Event xmlns='http://schemas.microsoft.com/win/2004/08/events/event'><System><Provider Name='Microsoft-Windows-Sysmon' Guid='{5770385f-c22a-43e0-bf4c-06f5698ffbd9}'/><EventID>1</EventID><Version>5</Version><Level>4</Level><Task>1</Task><Opcode>0</Opcode><Keywords>0x8000000000000000</Keywords><TimeCreated SystemTime='2020-05-18T06:21:08.204706200Z'/><EventRecordID>2388</EventRecordID><Correlation/><Execution ProcessID='3008' ThreadID='3552'/><Channel>Microsoft-Windows-Sysmon/Operational</Channel><Computer>DESKTOP-P84STH6</Computer><Security UserID='S-1-5-18'/></System><EventData><Data Name='RuleName'></Data><Data Name='UtcTime'>2020-05-18 06:21:08.190</Data><Data Name='ProcessGuid'>{5d3d98af-2954-5ec2-0000-0010563f2900}</Data><Data Name='ProcessId'>7996</Data><Data Name='Image'>C:\Windows\Temp\C7F8CBF4-2F7D-4836-BBBB-0C21A94C614F\MpSigStub.exe</Data><Data Name='FileVersion'>1.1.16900.5 (f6fe444569f9663015a6e1992ed19388cf741704)</Data><Data Name='Description'>Microsoft Malware Protection Signature Update Stub</Data><Data Name='Product'>Microsoft Malware Protection</Data><Data Name='Company'>Microsoft Corporation</Data><Data Name='OriginalFileName'>MpSigStub.exe</Data><Data Name='CommandLine'>C:\Windows\TEMP\C7F8CBF4-2F7D-4836-BBBB-0C21A94C614F\MpSigStub.exe /stub 1.1.16900.5 /payload 4.18.2005.4 /program C:\Windows\SoftwareDistribution\Download\Install\updateplatform.exe</Data><Data Name='CurrentDirectory'>C:\Windows\TEMP\C7F8CBF4-2F7D-4836-BBBB-0C21A94C614F\</Data><Data Name='User'>NT AUTHORITY\SYSTEM</Data><Data Name='LogonGuid'>{5d3d98af-26b2-5ec2-0000-0020e7030000}</Data><Data Name='LogonId'>0x3e7</Data><Data Name='TerminalSessionId'>0</Data><Data Name='IntegrityLevel'>System</Data><Data Name='Hashes'>MD5=89614F78EABF194EF6586F7807B6A1BC,SHA256=D0772BFB0687E068D4D21749C90DBAC7FB7F71F74F3A8CAF6D69CAC483A1C17F,IMPHASH=9EC6E03165E3120AE00585DA50B9B538</Data><Data Name='ParentProcessGuid'>{5d3d98af-294a-5ec2-0000-001061ca2800}</Data><Data Name='ParentProcessId'>5284</Data><Data Name='ParentImage'>C:\Windows\SoftwareDistribution\Download\Install\updateplatform.exe</Data><Data Name='ParentCommandLine'>"C:\Windows\SoftwareDistribution\Download\Install\updateplatform.exe" </Data></EventData></Event>