<Event xmlns='http://schemas.microsoft.com/win/2004/08/events/event'><System><Provider Name='Microsoft-Windows-Sysmon' Guid='{5770385f-c22a-43e0-bf4c-06f5698ffbd9}'/><EventID>3</EventID><Version>5</Version><Level>4</Level><Task>3</Task><Opcode>0</Opcode><Keywords>0x8000000000000000</Keywords><TimeCreated SystemTime='2020-05-18T06:54:09.089049400Z'/><EventRecordID>3136</EventRecordID><Correlation/><Execution ProcessID='3008' ThreadID='3544'/><Channel>Microsoft-Windows-Sysmon/Operational</Channel><Computer>DESKTOP-P84STH6</Computer><Security UserID='S-1-5-18'/></System><EventData><Data Name='RuleName'>Proxy</Data><Data Name='UtcTime'>2020-05-18 06:54:06.450</Data><Data Name='ProcessGuid'>{5d3d98af-2de2-5ec2-0000-001016bb7200}</Data><Data Name='ProcessId'>5172</Data><Data Name='Image'>C:\Program Files (x86)\Google\Chrome\Application\chrome.exe</Data><Data Name='User'>DESKTOP-P84STH6\NS</Data><Data Name='Protocol'>tcp</Data><Data Name='Initiated'>true</Data><Data Name='SourceIsIpv6'>true</Data><Data Name='SourceIp'>0:0:0:0:0:0:0:1</Data><Data Name='SourceHostname'>DESKTOP-P84STH6</Data><Data Name='SourcePort'>50546</Data><Data Name='SourcePortName'></Data><Data Name='DestinationIsIpv6'>true</Data><Data Name='DestinationIp'>0:0:0:0:0:0:0:1</Data><Data Name='DestinationHostname'>DESKTOP-P84STH6</Data><Data Name='DestinationPort'>8080</Data><Data Name='DestinationPortName'></Data></EventData></Event><Event xmlns='http://schemas.microsoft.com/win/2004/08/events/event'><System><Provider Name='Microsoft-Windows-Sysmon' Guid='{5770385f-c22a-43e0-bf4c-06f5698ffbd9}'/><EventID>3</EventID><Version>5</Version><Level>4</Level><Task>3</Task><Opcode>0</Opcode><Keywords>0x8000000000000000</Keywords><TimeCreated SystemTime='2020-05-18T06:54:09.088930500Z'/><EventRecordID>3135</EventRecordID><Correlation/><Execution ProcessID='3008' ThreadID='3544'/><Channel>Microsoft-Windows-Sysmon/Operational</Channel><Computer>DESKTOP-P84STH6</Computer><Security UserID='S-1-5-18'/></System><EventData><Data Name='RuleName'>Usermode</Data><Data Name='UtcTime'>2020-05-18 06:54:06.449</Data><Data Name='ProcessGuid'>{5d3d98af-2f1d-5ec2-0000-0010c2e57700}</Data><Data Name='ProcessId'>3128</Data><Data Name='Image'>C:\Users\NS\AppData\Local\Programs\Python\Python38-32\python.exe</Data><Data Name='User'>DESKTOP-P84STH6\NS</Data><Data Name='Protocol'>tcp</Data><Data Name='Initiated'>false</Data><Data Name='SourceIsIpv6'>true</Data><Data Name='SourceIp'>0:0:0:0:0:0:0:1</Data><Data Name='SourceHostname'>DESKTOP-P84STH6</Data><Data Name='SourcePort'>50545</Data><Data Name='SourcePortName'></Data><Data Name='DestinationIsIpv6'>true</Data><Data Name='DestinationIp'>0:0:0:0:0:0:0:1</Data><Data Name='DestinationHostname'>DESKTOP-P84STH6</Data><Data Name='DestinationPort'>8080</Data><Data Name='DestinationPortName'></Data></EventData></Event><Event xmlns='http://schemas.microsoft.com/win/2004/08/events/event'><System><Provider Name='Microsoft-Windows-Sysmon' Guid='{5770385f-c22a-43e0-bf4c-06f5698ffbd9}'/><EventID>3</EventID><Version>5</Version><Level>4</Level><Task>3</Task><Opcode>0</Opcode><Keywords>0x8000000000000000</Keywords><TimeCreated SystemTime='2020-05-18T06:54:09.088859900Z'/><EventRecordID>3134</EventRecordID><Correlation/><Execution ProcessID='3008' ThreadID='3544'/><Channel>Microsoft-Windows-Sysmon/Operational</Channel><Computer>DESKTOP-P84STH6</Computer><Security UserID='S-1-5-18'/></System><EventData><Data Name='RuleName'>Proxy</Data><Data Name='UtcTime'>2020-05-18 06:54:06.449</Data><Data Name='ProcessGuid'>{5d3d98af-2de2-5ec2-0000-001016bb7200}</Data><Data Name='ProcessId'>5172</Data><Data Name='Image'>C:\Program Files (x86)\Google\Chrome\Application\chrome.exe</Data><Data Name='User'>DESKTOP-P84STH6\NS</Data><Data Name='Protocol'>tcp</Data><Data Name='Initiated'>true</Data><Data Name='SourceIsIpv6'>true</Data><Data Name='SourceIp'>0:0:0:0:0:0:0:1</Data><Data Name='SourceHostname'>DESKTOP-P84STH6</Data><Data Name='SourcePort'>50545</Data><Data Name='SourcePortName'></Data><Data Name='DestinationIsIpv6'>true</Data><Data Name='DestinationIp'>0:0:0:0:0:0:0:1</Data><Data Name='DestinationHostname'>DESKTOP-P84STH6</Data><Data Name='DestinationPort'>8080</Data><Data Name='DestinationPortName'></Data></EventData></Event><Event xmlns='http://schemas.microsoft.com/win/2004/08/events/event'><System><Provider Name='Microsoft-Windows-Sysmon' Guid='{5770385f-c22a-43e0-bf4c-06f5698ffbd9}'/><EventID>11</EventID><Version>2</Version><Level>4</Level><Task>11</Task><Opcode>0</Opcode><Keywords>0x8000000000000000</Keywords><TimeCreated SystemTime='2020-05-18T06:54:03.653916800Z'/><EventRecordID>3133</EventRecordID><Correlation/><Execution ProcessID='3008' ThreadID='3552'/><Channel>Microsoft-Windows-Sysmon/Operational</Channel><Computer>DESKTOP-P84STH6</Computer><Security UserID='S-1-5-18'/></System><EventData><Data Name='RuleName'>DLL</Data><Data Name='UtcTime'>2020-05-18 06:54:03.644</Data><Data Name='ProcessGuid'>{5d3d98af-310a-5ec2-0000-0010f98a8300}</Data><Data Name='ProcessId'>3712</Data><Data Name='Image'>C:\Windows\Microsoft.NET\Framework64\v4.0.30319\mscorsvw.exe</Data><Data Name='TargetFilename'>C:\Windows\assembly\NativeImages_v4.0.30319_64\Temp\e80-0\SrpUxSnapIn.dll</Data><Data Name='CreationUtcTime'>2020-05-18 06:54:03.644</Data></EventData></Event><Event xmlns='http://schemas.microsoft.com/win/2004/08/events/event'><System><Provider Name='Microsoft-Windows-Sysmon' Guid='{5770385f-c22a-43e0-bf4c-06f5698ffbd9}'/><EventID>11</EventID><Version>2</Version><Level>4</Level><Task>11</Task><Opcode>0</Opcode><Keywords>0x8000000000000000</Keywords><TimeCreated SystemTime='2020-05-18T06:54:02.640542500Z'/><EventRecordID>3132</EventRecordID><Correlation/><Execution ProcessID='3008' ThreadID='3552'/><Channel>Microsoft-Windows-Sysmon/Operational</Channel><Computer>DESKTOP-P84STH6</Computer><Security UserID='S-1-5-18'/></System><EventData><Data Name='RuleName'>DLL</Data><Data Name='UtcTime'>2020-05-18 06:54:02.630</Data><Data Name='ProcessGuid'>{5d3d98af-310a-5ec2-0000-0010bf7e8300}</Data><Data Name='ProcessId'>4832</Data><Data Name='Image'>C:\Windows\Microsoft.NET\Framework64\v4.0.30319\mscorsvw.exe</Data><Data Name='TargetFilename'>C:\Windows\assembly\NativeImages_v4.0.30319_64\Temp\12e0-0\SecurityAuditPoliciesSnapIn.dll</Data><Data Name='CreationUtcTime'>2020-05-18 06:54:02.630</Data></EventData></Event><Event xmlns='http://schemas.microsoft.com/win/2004/08/events/event'><System><Provider Name='Microsoft-Windows-Sysmon' Guid='{5770385f-c22a-43e0-bf4c-06f5698ffbd9}'/><EventID>11</EventID><Version>2</Version><Level>4</Level><Task>11</Task><Opcode>0</Opcode><Keywords>0x8000000000000000</Keywords><TimeCreated SystemTime='2020-05-18T06:54:02.146613300Z'/><EventRecordID>3131</EventRecordID><Correlation/><Execution ProcessID='3008' ThreadID='3552'/><Channel>Microsoft-Windows-Sysmon/Operational</Channel><Computer>DESKTOP-P84STH6</Computer><Security UserID='S-1-5-18'/></System><EventData><Data Name='RuleName'>DLL</Data><Data Name='UtcTime'>2020-05-18 06:54:02.132</Data><Data Name='ProcessGuid'>{5d3d98af-3109-5ec2-0000-00108f748300}</Data><Data Name='ProcessId'>5424</Data><Data Name='Image'>C:\Windows\Microsoft.NET\Framework64\v4.0.30319\mscorsvw.exe</Data><Data Name='TargetFilename'>C:\Windows\assembly\NativeImages_v4.0.30319_64\Temp\1530-0\napinit.dll</Data><Data Name='CreationUtcTime'>2020-05-18 06:54:02.132</Data></EventData></Event><Event xmlns='http://schemas.microsoft.com/win/2004/08/events/event'><System><Provider Name='Microsoft-Windows-Sysmon' Guid='{5770385f-c22a-43e0-bf4c-06f5698ffbd9}'/><EventID>11</EventID><Version>2</Version><Level>4</Level><Task>11</Task><Opcode>0</Opcode><Keywords>0x8000000000000000</Keywords><TimeCreated SystemTime='2020-05-18T06:54:01.817111400Z'/><EventRecordID>3130</EventRecordID><Correlation/><Execution ProcessID='3008' ThreadID='3552'/><Channel>Microsoft-Windows-Sysmon/Operational</Channel><Computer>DESKTOP-P84STH6</Computer><Security UserID='S-1-5-18'/></System><EventData><Data Name='RuleName'>DLL</Data><Data Name='UtcTime'>2020-05-18 06:54:01.816</Data><Data Name='ProcessGuid'>{5d3d98af-3109-5ec2-0000-0010af6a8300}</Data><Data Name='ProcessId'>2028</Data><Data Name='Image'>C:\Windows\Microsoft.NET\Framework64\v4.0.30319\mscorsvw.exe</Data><Data Name='TargetFilename'>C:\Windows\assembly\NativeImages_v4.0.30319_64\Temp\7ec-0\napcrypt.dll</Data><Data Name='CreationUtcTime'>2020-05-18 06:54:01.816</Data></EventData></Event><Event xmlns='http://schemas.microsoft.com/win/2004/08/events/event'><System><Provider Name='Microsoft-Windows-Sysmon' Guid='{5770385f-c22a-43e0-bf4c-06f5698ffbd9}'/><EventID>11</EventID><Version>2</Version><Level>4</Level><Task>11</Task><Opcode>0</Opcode><Keywords>0x8000000000000000</Keywords><TimeCreated SystemTime='2020-05-18T06:54:01.448457800Z'/><EventRecordID>3129</EventRecordID><Correlation/><Execution ProcessID='3008' ThreadID='3552'/><Channel>Microsoft-Windows-Sysmon/Operational</Channel><Computer>DESKTOP-P84STH6</Computer><Security UserID='S-1-5-18'/></System><EventData><Data Name='RuleName'>DLL</Data><Data Name='UtcTime'>2020-05-18 06:54:01.446</Data><Data Name='ProcessGuid'>{5d3d98af-3109-5ec2-0000-001035608300}</Data><Data Name='ProcessId'>188</Data><Data Name='Image'>C:\Windows\Microsoft.NET\Framework64\v4.0.30319\mscorsvw.exe</Data><Data Name='TargetFilename'>C:\Windows\assembly\NativeImages_v4.0.30319_64\Temp\bc-0\MMCFxCommon.dll</Data><Data Name='CreationUtcTime'>2020-05-18 06:54:01.446</Data></EventData></Event><Event xmlns='http://schemas.microsoft.com/win/2004/08/events/event'><System><Provider Name='Microsoft-Windows-Sysmon' Guid='{5770385f-c22a-43e0-bf4c-06f5698ffbd9}'/><EventID>11</EventID><Version>2</Version><Level>4</Level><Task>11</Task><Opcode>0</Opcode><Keywords>0x8000000000000000</Keywords><TimeCreated SystemTime='2020-05-18T06:54:00.900286600Z'/><EventRecordID>3128</EventRecordID><Correlation/><Execution ProcessID='3008' ThreadID='3552'/><Channel>Microsoft-Windows-Sysmon/Operational</Channel><Computer>DESKTOP-P84STH6</Computer><Security UserID='S-1-5-18'/></System><EventData><Data Name='RuleName'>DLL</Data><Data Name='UtcTime'>2020-05-18 06:54:00.894</Data><Data Name='ProcessGuid'>{5d3d98af-3105-5ec2-0000-00106a3e8300}</Data><Data Name='ProcessId'>404</Data><Data Name='Image'>C:\Windows\Microsoft.NET\Framework64\v4.0.30319\mscorsvw.exe</Data><Data Name='TargetFilename'>C:\Windows\assembly\NativeImages_v4.0.30319_64\Temp\194-0\MMCEx.dll</Data><Data Name='CreationUtcTime'>2020-05-18 06:54:00.894</Data></EventData></Event><Event xmlns='http://schemas.microsoft.com/win/2004/08/events/event'><System><Provider Name='Microsoft-Windows-Sysmon' Guid='{5770385f-c22a-43e0-bf4c-06f5698ffbd9}'/><EventID>11</EventID><Version>2</Version><Level>4</Level><Task>11</Task><Opcode>0</Opcode><Keywords>0x8000000000000000</Keywords><TimeCreated SystemTime='2020-05-18T06:53:57.656412700Z'/><EventRecordID>3127</EventRecordID><Correlation/><Execution ProcessID='3008' ThreadID='3552'/><Channel>Microsoft-Windows-Sysmon/Operational</Channel><Computer>DESKTOP-P84STH6</Computer><Security UserID='S-1-5-18'/></System><EventData><Data Name='RuleName'>DLL</Data><Data Name='UtcTime'>2020-05-18 06:53:57.655</Data><Data Name='ProcessGuid'>{5d3d98af-3105-5ec2-0000-00105c338300}</Data><Data Name='ProcessId'>9056</Data><Data Name='Image'>C:\Windows\Microsoft.NET\Framework64\v4.0.30319\mscorsvw.exe</Data><Data Name='TargetFilename'>C:\Windows\assembly\NativeImages_v4.0.30319_64\Temp\2360-0\Microsoft.WSMan.Runtime.dll</Data><Data Name='CreationUtcTime'>2020-05-18 06:53:57.655</Data></EventData></Event><Event xmlns='http://schemas.microsoft.com/win/2004/08/events/event'><System><Provider Name='Microsoft-Windows-Sysmon' Guid='{5770385f-c22a-43e0-bf4c-06f5698ffbd9}'/><EventID>11</EventID><Version>2</Version><Level>4</Level><Task>11</Task><Opcode>0</Opcode><Keywords>0x8000000000000000</Keywords><TimeCreated SystemTime='2020-05-18T06:53:57.367104700Z'/><EventRecordID>3126</EventRecordID><Correlation/><Execution ProcessID='3008' ThreadID='3552'/><Channel>Microsoft-Windows-Sysmon/Operational</Channel><Computer>DESKTOP-P84STH6</Computer><Security UserID='S-1-5-18'/></System><EventData><Data Name='RuleName'>DLL</Data><Data Name='UtcTime'>2020-05-18 06:53:57.366</Data><Data Name='ProcessGuid'>{5d3d98af-3104-5ec2-0000-001091258300}</Data><Data Name='ProcessId'>5636</Data><Data Name='Image'>C:\Windows\Microsoft.NET\Framework64\v4.0.30319\mscorsvw.exe</Data><Data Name='TargetFilename'>C:\Windows\assembly\NativeImages_v4.0.30319_64\Temp\1604-0\Microsoft.WSMan.Management.Activities.dll</Data><Data Name='CreationUtcTime'>2020-05-18 06:53:57.365</Data></EventData></Event><Event xmlns='http://schemas.microsoft.com/win/2004/08/events/event'><System><Provider Name='Microsoft-Windows-Sysmon' Guid='{5770385f-c22a-43e0-bf4c-06f5698ffbd9}'/><EventID>11</EventID><Version>2</Version><Level>4</Level><Task>11</Task><Opcode>0</Opcode><Keywords>0x8000000000000000</Keywords><TimeCreated SystemTime='2020-05-18T06:53:55.818879100Z'/><EventRecordID>3125</EventRecordID><Correlation/><Execution ProcessID='3008' ThreadID='3552'/><Channel>Microsoft-Windows-Sysmon/Operational</Channel><Computer>DESKTOP-P84STH6</Computer><Security UserID='S-1-5-18'/></System><EventData><Data Name='RuleName'>DLL</Data><Data Name='UtcTime'>2020-05-18 06:53:55.817</Data><Data Name='ProcessGuid'>{5d3d98af-3103-5ec2-0000-00109e188300}</Data><Data Name='ProcessId'>128</Data><Data Name='Image'>C:\Windows\Microsoft.NET\Framework64\v4.0.30319\mscorsvw.exe</Data><Data Name='TargetFilename'>C:\Windows\assembly\NativeImages_v4.0.30319_64\Temp\80-0\Microsoft.WSMan.Management.dll</Data><Data Name='CreationUtcTime'>2020-05-18 06:53:55.816</Data></EventData></Event><Event xmlns='http://schemas.microsoft.com/win/2004/08/events/event'><System><Provider Name='Microsoft-Windows-Sysmon' Guid='{5770385f-c22a-43e0-bf4c-06f5698ffbd9}'/><EventID>11</EventID><Version>2</Version><Level>4</Level><Task>11</Task><Opcode>0</Opcode><Keywords>0x8000000000000000</Keywords><TimeCreated SystemTime='2020-05-18T06:53:54.936571900Z'/><EventRecordID>3124</EventRecordID><Correlation/><Execution ProcessID='3008' ThreadID='3552'/><Channel>Microsoft-Windows-Sysmon/Operational</Channel><Computer>DESKTOP-P84STH6</Computer><Security UserID='S-1-5-18'/></System><EventData><Data Name='RuleName'>DLL</Data><Data Name='UtcTime'>2020-05-18 06:53:54.927</Data><Data Name='ProcessGuid'>{5d3d98af-3102-5ec2-0000-0010320e8300}</Data><Data Name='ProcessId'>2180</Data><Data Name='Image'>C:\Windows\Microsoft.NET\Framework64\v4.0.30319\mscorsvw.exe</Data><Data Name='TargetFilename'>C:\Windows\assembly\NativeImages_v4.0.30319_64\Temp\884-0\Microsoft.WindowsSearch.Commands.dll</Data><Data Name='CreationUtcTime'>2020-05-18 06:53:54.927</Data></EventData></Event><Event xmlns='http://schemas.microsoft.com/win/2004/08/events/event'><System><Provider Name='Microsoft-Windows-Sysmon' Guid='{5770385f-c22a-43e0-bf4c-06f5698ffbd9}'/><EventID>11</EventID><Version>2</Version><Level>4</Level><Task>11</Task><Opcode>0</Opcode><Keywords>0x8000000000000000</Keywords><TimeCreated SystemTime='2020-05-18T06:53:54.636781000Z'/><EventRecordID>3123</EventRecordID><Correlation/><Execution ProcessID='3008' ThreadID='3552'/><Channel>Microsoft-Windows-Sysmon/Operational</Channel><Computer>DESKTOP-P84STH6</Computer><Security UserID='S-1-5-18'/></System><EventData><Data Name='RuleName'>DLL</Data><Data Name='UtcTime'>2020-05-18 06:53:54.635</Data><Data Name='ProcessGuid'>{5d3d98af-3102-5ec2-0000-001012058300}</Data><Data Name='ProcessId'>3996</Data><Data Name='Image'>C:\Windows\Microsoft.NET\Framework64\v4.0.30319\mscorsvw.exe</Data><Data Name='TargetFilename'>C:\Windows\assembly\NativeImages_v4.0.30319_64\Temp\f9c-0\Microsoft.WindowsAuthenticationProtocols.Commands.dll</Data><Data Name='CreationUtcTime'>2020-05-18 06:53:54.635</Data></EventData></Event><Event xmlns='http://schemas.microsoft.com/win/2004/08/events/event'><System><Provider Name='Microsoft-Windows-Sysmon' Guid='{5770385f-c22a-43e0-bf4c-06f5698ffbd9}'/><EventID>11</EventID><Version>2</Version><Level>4</Level><Task>11</Task><Opcode>0</Opcode><Keywords>0x8000000000000000</Keywords><TimeCreated SystemTime='2020-05-18T06:53:54.149356000Z'/><EventRecordID>3122</EventRecordID><Correlation/><Execution ProcessID='3008' ThreadID='3552'/><Channel>Microsoft-Windows-Sysmon/Operational</Channel><Computer>DESKTOP-P84STH6</Computer><Security UserID='S-1-5-18'/></System><EventData><Data Name='RuleName'>DLL</Data><Data Name='UtcTime'>2020-05-18 06:53:54.148</Data><Data Name='ProcessGuid'>{5d3d98af-30ff-5ec2-0000-001027f08200}</Data><Data Name='ProcessId'>7880</Data><Data Name='Image'>C:\Windows\Microsoft.NET\Framework64\v4.0.30319\mscorsvw.exe</Data><Data Name='TargetFilename'>C:\Windows\assembly\NativeImages_v4.0.30319_64\Temp\1ec8-0\Microsoft.Windows.DSC.CoreConfProviders.dll</Data><Data Name='CreationUtcTime'>2020-05-18 06:53:54.147</Data></EventData></Event><Event xmlns='http://schemas.microsoft.com/win/2004/08/events/event'><System><Provider Name='Microsoft-Windows-Sysmon' Guid='{5770385f-c22a-43e0-bf4c-06f5698ffbd9}'/><EventID>11</EventID><Version>2</Version><Level>4</Level><Task>11</Task><Opcode>0</Opcode><Keywords>0x8000000000000000</Keywords><TimeCreated SystemTime='2020-05-18T06:53:51.497118900Z'/><EventRecordID>3121</EventRecordID><Correlation/><Execution ProcessID='3008' ThreadID='3552'/><Channel>Microsoft-Windows-Sysmon/Operational</Channel><Computer>DESKTOP-P84STH6</Computer><Security UserID='S-1-5-18'/></System><EventData><Data Name='RuleName'>DLL</Data><Data Name='UtcTime'>2020-05-18 06:53:51.487</Data><Data Name='ProcessGuid'>{5d3d98af-30ff-5ec2-0000-001020e48200}</Data><Data Name='ProcessId'>8076</Data><Data Name='Image'>C:\Windows\Microsoft.NET\Framework64\v4.0.30319\mscorsvw.exe</Data><Data Name='TargetFilename'>C:\Windows\assembly\NativeImages_v4.0.30319_64\Temp\1f8c-0\Microsoft.Windows.Diagnosis.TroubleshootingPack.dll</Data><Data Name='CreationUtcTime'>2020-05-18 06:53:51.487</Data></EventData></Event><Event xmlns='http://schemas.microsoft.com/win/2004/08/events/event'><System><Provider Name='Microsoft-Windows-Sysmon' Guid='{5770385f-c22a-43e0-bf4c-06f5698ffbd9}'/><EventID>11</EventID><Version>2</Version><Level>4</Level><Task>11</Task><Opcode>0</Opcode><Keywords>0x8000000000000000</Keywords><TimeCreated SystemTime='2020-05-18T06:53:51.086414900Z'/><EventRecordID>3120</EventRecordID><Correlation/><Execution ProcessID='3008' ThreadID='3552'/><Channel>Microsoft-Windows-Sysmon/Operational</Channel><Computer>DESKTOP-P84STH6</Computer><Security UserID='S-1-5-18'/></System><EventData><Data Name='RuleName'>DLL</Data><Data Name='UtcTime'>2020-05-18 06:53:51.085</Data><Data Name='ProcessGuid'>{5d3d98af-30fe-5ec2-0000-0010fad78200}</Data><Data Name='ProcessId'>6220</Data><Data Name='Image'>C:\Windows\Microsoft.NET\Framework64\v4.0.30319\mscorsvw.exe</Data><Data Name='TargetFilename'>C:\Windows\assembly\NativeImages_v4.0.30319_64\Temp\184c-0\Microsoft.Windows.Diagnosis.SDHost.dll</Data><Data Name='CreationUtcTime'>2020-05-18 06:53:51.085</Data></EventData></Event><Event xmlns='http://schemas.microsoft.com/win/2004/08/events/event'><System><Provider Name='Microsoft-Windows-Sysmon' Guid='{5770385f-c22a-43e0-bf4c-06f5698ffbd9}'/><EventID>11</EventID><Version>2</Version><Level>4</Level><Task>11</Task><Opcode>0</Opcode><Keywords>0x8000000000000000</Keywords><TimeCreated SystemTime='2020-05-18T06:53:50.587562400Z'/><EventRecordID>3119</EventRecordID><Correlation/><Execution ProcessID='3008' ThreadID='3552'/><Channel>Microsoft-Windows-Sysmon/Operational</Channel><Computer>DESKTOP-P84STH6</Computer><Security UserID='S-1-5-18'/></System><EventData><Data Name='RuleName'>DLL</Data><Data Name='UtcTime'>2020-05-18 06:53:50.586</Data><Data Name='ProcessGuid'>{5d3d98af-30fe-5ec2-0000-0010a3cd8200}</Data><Data Name='ProcessId'>7324</Data><Data Name='Image'>C:\Windows\Microsoft.NET\Framework64\v4.0.30319\mscorsvw.exe</Data><Data Name='TargetFilename'>C:\Windows\assembly\NativeImages_v4.0.30319_64\Temp\1c9c-0\Microsoft.Windows.Diagnosis.SDEngine.dll</Data><Data Name='CreationUtcTime'>2020-05-18 06:53:50.586</Data></EventData></Event><Event xmlns='http://schemas.microsoft.com/win/2004/08/events/event'><System><Provider Name='Microsoft-Windows-Sysmon' Guid='{5770385f-c22a-43e0-bf4c-06f5698ffbd9}'/><EventID>11</EventID><Version>2</Version><Level>4</Level><Task>11</Task><Opcode>0</Opcode><Keywords>0x8000000000000000</Keywords><TimeCreated SystemTime='2020-05-18T06:53:50.338962100Z'/><EventRecordID>3118</EventRecordID><Correlation/><Execution ProcessID='3008' ThreadID='3552'/><Channel>Microsoft-Windows-Sysmon/Operational</Channel><Computer>DESKTOP-P84STH6</Computer><Security UserID='S-1-5-18'/></System><EventData><Data Name='RuleName'>DLL</Data><Data Name='UtcTime'>2020-05-18 06:53:50.337</Data><Data Name='ProcessGuid'>{5d3d98af-30fe-5ec2-0000-001057c38200}</Data><Data Name='ProcessId'>5796</Data><Data Name='Image'>C:\Windows\Microsoft.NET\Framework64\v4.0.30319\mscorsvw.exe</Data><Data Name='TargetFilename'>C:\Windows\assembly\NativeImages_v4.0.30319_64\Temp\16a4-0\Microsoft.Windows.Diagnosis.SDCommon.dll</Data><Data Name='CreationUtcTime'>2020-05-18 06:53:50.337</Data></EventData></Event><Event xmlns='http://schemas.microsoft.com/win/2004/08/events/event'><System><Provider Name='Microsoft-Windows-Sysmon' Guid='{5770385f-c22a-43e0-bf4c-06f5698ffbd9}'/><EventID>11</EventID><Version>2</Version><Level>4</Level><Task>11</Task><Opcode>0</Opcode><Keywords>0x8000000000000000</Keywords><TimeCreated SystemTime='2020-05-18T06:53:50.095992700Z'/><EventRecordID>3117</EventRecordID><Correlation/><Execution ProcessID='3008' ThreadID='3552'/><Channel>Microsoft-Windows-Sysmon/Operational</Channel><Computer>DESKTOP-P84STH6</Computer><Security UserID='S-1-5-18'/></System><EventData><Data Name='RuleName'>DLL</Data><Data Name='UtcTime'>2020-05-18 06:53:50.095</Data><Data Name='ProcessGuid'>{5d3d98af-30fd-5ec2-0000-001096b98200}</Data><Data Name='ProcessId'>7368</Data><Data Name='Image'>C:\Windows\Microsoft.NET\Framework64\v4.0.30319\mscorsvw.exe</Data><Data Name='TargetFilename'>C:\Windows\assembly\NativeImages_v4.0.30319_64\Temp\1cc8-0\Microsoft.Windows.Diagnosis.Commands.WriteDiagTelemetry.dll</Data><Data Name='CreationUtcTime'>2020-05-18 06:53:50.095</Data></EventData></Event><Event xmlns='http://schemas.microsoft.com/win/2004/08/events/event'><System><Provider Name='Microsoft-Windows-Sysmon' Guid='{5770385f-c22a-43e0-bf4c-06f5698ffbd9}'/><EventID>11</EventID><Version>2</Version><Level>4</Level><Task>11</Task><Opcode>0</Opcode><Keywords>0x8000000000000000</Keywords><TimeCreated SystemTime='2020-05-18T06:53:49.761603900Z'/><EventRecordID>3116</EventRecordID><Correlation/><Execution ProcessID='3008' ThreadID='3552'/><Channel>Microsoft-Windows-Sysmon/Operational</Channel><Computer>DESKTOP-P84STH6</Computer><Security UserID='S-1-5-18'/></System><EventData><Data Name='RuleName'>DLL</Data><Data Name='UtcTime'>2020-05-18 06:53:49.753</Data><Data Name='ProcessGuid'>{5d3d98af-30fd-5ec2-0000-00105caf8200}</Data><Data Name='ProcessId'>6732</Data><Data Name='Image'>C:\Windows\Microsoft.NET\Framework64\v4.0.30319\mscorsvw.exe</Data><Data Name='TargetFilename'>C:\Windows\assembly\NativeImages_v4.0.30319_64\Temp\1a4c-0\Microsoft.Windows.Diagnosis.Commands.WriteDiagProgress.dll</Data><Data Name='CreationUtcTime'>2020-05-18 06:53:49.753</Data></EventData></Event><Event xmlns='http://schemas.microsoft.com/win/2004/08/events/event'><System><Provider Name='Microsoft-Windows-Sysmon' Guid='{5770385f-c22a-43e0-bf4c-06f5698ffbd9}'/><EventID>11</EventID><Version>2</Version><Level>4</Level><Task>11</Task><Opcode>0</Opcode><Keywords>0x8000000000000000</Keywords><TimeCreated SystemTime='2020-05-18T06:53:49.450919300Z'/><EventRecordID>3115</EventRecordID><Correlation/><Execution ProcessID='3008' ThreadID='3552'/><Channel>Microsoft-Windows-Sysmon/Operational</Channel><Computer>DESKTOP-P84STH6</Computer><Security UserID='S-1-5-18'/></System><EventData><Data Name='RuleName'>DLL</Data><Data Name='UtcTime'>2020-05-18 06:53:49.450</Data><Data Name='ProcessGuid'>{5d3d98af-30fd-5ec2-0000-001032a58200}</Data><Data Name='ProcessId'>6360</Data><Data Name='Image'>C:\Windows\Microsoft.NET\Framework64\v4.0.30319\mscorsvw.exe</Data><Data Name='TargetFilename'>C:\Windows\assembly\NativeImages_v4.0.30319_64\Temp\18d8-0\Microsoft.Windows.Diagnosis.Commands.UpdateDiagRootcause.dll</Data><Data Name='CreationUtcTime'>2020-05-18 06:53:49.449</Data></EventData></Event><Event xmlns='http://schemas.microsoft.com/win/2004/08/events/event'><System><Provider Name='Microsoft-Windows-Sysmon' Guid='{5770385f-c22a-43e0-bf4c-06f5698ffbd9}'/><EventID>11</EventID><Version>2</Version><Level>4</Level><Task>11</Task><Opcode>0</Opcode><Keywords>0x8000000000000000</Keywords><TimeCreated SystemTime='2020-05-18T06:53:49.153247700Z'/><EventRecordID>3114</EventRecordID><Correlation/><Execution ProcessID='3008' ThreadID='3552'/><Channel>Microsoft-Windows-Sysmon/Operational</Channel><Computer>DESKTOP-P84STH6</Computer><Security UserID='S-1-5-18'/></System><EventData><Data Name='RuleName'>DLL</Data><Data Name='UtcTime'>2020-05-18 06:53:49.152</Data><Data Name='ProcessGuid'>{5d3d98af-30fc-5ec2-0000-00102d938200}</Data><Data Name='ProcessId'>8540</Data><Data Name='Image'>C:\Windows\Microsoft.NET\Framework64\v4.0.30319\mscorsvw.exe</Data><Data Name='TargetFilename'>C:\Windows\assembly\NativeImages_v4.0.30319_64\Temp\215c-0\Microsoft.Windows.Diagnosis.Commands.UpdateDiagReport.dll</Data><Data Name='CreationUtcTime'>2020-05-18 06:53:49.151</Data></EventData></Event><Event xmlns='http://schemas.microsoft.com/win/2004/08/events/event'><System><Provider Name='Microsoft-Windows-Sysmon' Guid='{5770385f-c22a-43e0-bf4c-06f5698ffbd9}'/><EventID>11</EventID><Version>2</Version><Level>4</Level><Task>11</Task><Opcode>0</Opcode><Keywords>0x8000000000000000</Keywords><TimeCreated SystemTime='2020-05-18T06:53:48.833178400Z'/><EventRecordID>3113</EventRecordID><Correlation/><Execution ProcessID='3008' ThreadID='3552'/><Channel>Microsoft-Windows-Sysmon/Operational</Channel><Computer>DESKTOP-P84STH6</Computer><Security UserID='S-1-5-18'/></System><EventData><Data Name='RuleName'>DLL</Data><Data Name='UtcTime'>2020-05-18 06:53:48.832</Data><Data Name='ProcessGuid'>{5d3d98af-30fc-5ec2-0000-0010fa888200}</Data><Data Name='ProcessId'>8284</Data><Data Name='Image'>C:\Windows\Microsoft.NET\Framework64\v4.0.30319\mscorsvw.exe</Data><Data Name='TargetFilename'>C:\Windows\assembly\NativeImages_v4.0.30319_64\Temp\205c-0\Microsoft.Windows.Diagnosis.Commands.GetDiagInput.dll</Data><Data Name='CreationUtcTime'>2020-05-18 06:53:48.831</Data></EventData></Event><Event xmlns='http://schemas.microsoft.com/win/2004/08/events/event'><System><Provider Name='Microsoft-Windows-Sysmon' Guid='{5770385f-c22a-43e0-bf4c-06f5698ffbd9}'/><EventID>11</EventID><Version>2</Version><Level>4</Level><Task>11</Task><Opcode>0</Opcode><Keywords>0x8000000000000000</Keywords><TimeCreated SystemTime='2020-05-18T06:53:48.516160100Z'/><EventRecordID>3112</EventRecordID><Correlation/><Execution ProcessID='3008' ThreadID='3552'/><Channel>Microsoft-Windows-Sysmon/Operational</Channel><Computer>DESKTOP-P84STH6</Computer><Security UserID='S-1-5-18'/></System><EventData><Data Name='RuleName'>DLL</Data><Data Name='UtcTime'>2020-05-18 06:53:48.503</Data><Data Name='ProcessGuid'>{5d3d98af-30fc-5ec2-0000-0010a57e8200}</Data><Data Name='ProcessId'>2256</Data><Data Name='Image'>C:\Windows\Microsoft.NET\Framework64\v4.0.30319\mscorsvw.exe</Data><Data Name='TargetFilename'>C:\Windows\assembly\NativeImages_v4.0.30319_64\Temp\8d0-0\Microsoft.Tpm.Commands.dll</Data><Data Name='CreationUtcTime'>2020-05-18 06:53:48.503</Data></EventData></Event><Event xmlns='http://schemas.microsoft.com/win/2004/08/events/event'><System><Provider Name='Microsoft-Windows-Sysmon' Guid='{5770385f-c22a-43e0-bf4c-06f5698ffbd9}'/><EventID>11</EventID><Version>2</Version><Level>4</Level><Task>11</Task><Opcode>0</Opcode><Keywords>0x8000000000000000</Keywords><TimeCreated SystemTime='2020-05-18T06:53:48.003476000Z'/><EventRecordID>3111</EventRecordID><Correlation/><Execution ProcessID='3008' ThreadID='3552'/><Channel>Microsoft-Windows-Sysmon/Operational</Channel><Computer>DESKTOP-P84STH6</Computer><Security UserID='S-1-5-18'/></System><EventData><Data Name='RuleName'>DLL</Data><Data Name='UtcTime'>2020-05-18 06:53:48.002</Data><Data Name='ProcessGuid'>{5d3d98af-30fb-5ec2-0000-0010a6738200}</Data><Data Name='ProcessId'>1492</Data><Data Name='Image'>C:\Windows\Microsoft.NET\Framework64\v4.0.30319\mscorsvw.exe</Data><Data Name='TargetFilename'>C:\Windows\assembly\NativeImages_v4.0.30319_64\Temp\5d4-0\Microsoft.Security.ApplicationId.Wizards.AutomaticRuleGenerationWizard.dll</Data><Data Name='CreationUtcTime'>2020-05-18 06:53:48.001</Data></EventData></Event><Event xmlns='http://schemas.microsoft.com/win/2004/08/events/event'><System><Provider Name='Microsoft-Windows-Sysmon' Guid='{5770385f-c22a-43e0-bf4c-06f5698ffbd9}'/><EventID>11</EventID><Version>2</Version><Level>4</Level><Task>11</Task><Opcode>0</Opcode><Keywords>0x8000000000000000</Keywords><TimeCreated SystemTime='2020-05-18T06:53:47.289034500Z'/><EventRecordID>3110</EventRecordID><Correlation/><Execution ProcessID='3008' ThreadID='3552'/><Channel>Microsoft-Windows-Sysmon/Operational</Channel><Computer>DESKTOP-P84STH6</Computer><Security UserID='S-1-5-18'/></System><EventData><Data Name='RuleName'>DLL</Data><Data Name='UtcTime'>2020-05-18 06:53:47.288</Data><Data Name='ProcessGuid'>{5d3d98af-30fb-5ec2-0000-00101b688200}</Data><Data Name='ProcessId'>4008</Data><Data Name='Image'>C:\Windows\Microsoft.NET\Framework64\v4.0.30319\mscorsvw.exe</Data><Data Name='TargetFilename'>C:\Windows\assembly\NativeImages_v4.0.30319_64\Temp\fa8-0\Microsoft.Security.ApplicationId.PolicyManagement.XmlHelper.dll</Data><Data Name='CreationUtcTime'>2020-05-18 06:53:47.288</Data></EventData></Event><Event xmlns='http://schemas.microsoft.com/win/2004/08/events/event'><System><Provider Name='Microsoft-Windows-Sysmon' Guid='{5770385f-c22a-43e0-bf4c-06f5698ffbd9}'/><EventID>11</EventID><Version>2</Version><Level>4</Level><Task>11</Task><Opcode>0</Opcode><Keywords>0x8000000000000000</Keywords><TimeCreated SystemTime='2020-05-18T06:53:47.001201600Z'/><EventRecordID>3109</EventRecordID><Correlation/><Execution ProcessID='3008' ThreadID='3552'/><Channel>Microsoft-Windows-Sysmon/Operational</Channel><Computer>DESKTOP-P84STH6</Computer><Security UserID='S-1-5-18'/></System><EventData><Data Name='RuleName'>DLL</Data><Data Name='UtcTime'>2020-05-18 06:53:47.000</Data><Data Name='ProcessGuid'>{5d3d98af-30fa-5ec2-0000-0010595d8200}</Data><Data Name='ProcessId'>852</Data><Data Name='Image'>C:\Windows\Microsoft.NET\Framework64\v4.0.30319\mscorsvw.exe</Data><Data Name='TargetFilename'>C:\Windows\assembly\NativeImages_v4.0.30319_64\Temp\354-0\Microsoft.Security.ApplicationId.PolicyManagement.PolicyModel.dll</Data><Data Name='CreationUtcTime'>2020-05-18 06:53:46.999</Data></EventData></Event><Event xmlns='http://schemas.microsoft.com/win/2004/08/events/event'><System><Provider Name='Microsoft-Windows-Sysmon' Guid='{5770385f-c22a-43e0-bf4c-06f5698ffbd9}'/><EventID>11</EventID><Version>2</Version><Level>4</Level><Task>11</Task><Opcode>0</Opcode><Keywords>0x8000000000000000</Keywords><TimeCreated SystemTime='2020-05-18T06:53:46.456573900Z'/><EventRecordID>3108</EventRecordID><Correlation/><Execution ProcessID='3008' ThreadID='3552'/><Channel>Microsoft-Windows-Sysmon/Operational</Channel><Computer>DESKTOP-P84STH6</Computer><Security UserID='S-1-5-18'/></System><EventData><Data Name='RuleName'>DLL</Data><Data Name='UtcTime'>2020-05-18 06:53:46.455</Data><Data Name='ProcessGuid'>{5d3d98af-30f9-5ec2-0000-0010d3528200}</Data><Data Name='ProcessId'>6232</Data><Data Name='Image'>C:\Windows\Microsoft.NET\Framework64\v4.0.30319\mscorsvw.exe</Data><Data Name='TargetFilename'>C:\Windows\assembly\NativeImages_v4.0.30319_64\Temp\1858-0\Microsoft.Security.ApplicationId.PolicyManagement.PolicyManager.dll</Data><Data Name='CreationUtcTime'>2020-05-18 06:53:46.454</Data></EventData></Event><Event xmlns='http://schemas.microsoft.com/win/2004/08/events/event'><System><Provider Name='Microsoft-Windows-Sysmon' Guid='{5770385f-c22a-43e0-bf4c-06f5698ffbd9}'/><EventID>11</EventID><Version>2</Version><Level>4</Level><Task>11</Task><Opcode>0</Opcode><Keywords>0x8000000000000000</Keywords><TimeCreated SystemTime='2020-05-18T06:53:45.555232600Z'/><EventRecordID>3107</EventRecordID><Correlation/><Execution ProcessID='3008' ThreadID='3552'/><Channel>Microsoft-Windows-Sysmon/Operational</Channel><Computer>DESKTOP-P84STH6</Computer><Security UserID='S-1-5-18'/></System><EventData><Data Name='RuleName'>DLL</Data><Data Name='UtcTime'>2020-05-18 06:53:45.554</Data><Data Name='ProcessGuid'>{5d3d98af-30f9-5ec2-0000-0010ed478200}</Data><Data Name='ProcessId'>1808</Data><Data Name='Image'>C:\Windows\Microsoft.NET\Framework64\v4.0.30319\mscorsvw.exe</Data><Data Name='TargetFilename'>C:\Windows\assembly\NativeImages_v4.0.30319_64\Temp\710-0\Microsoft.Security.ApplicationId.PolicyManagement.PolicyEngineApi.Interop.dll</Data><Data Name='CreationUtcTime'>2020-05-18 06:53:45.554</Data></EventData></Event><Event xmlns='http://schemas.microsoft.com/win/2004/08/events/event'><System><Provider Name='Microsoft-Windows-Sysmon' Guid='{5770385f-c22a-43e0-bf4c-06f5698ffbd9}'/><EventID>11</EventID><Version>2</Version><Level>4</Level><Task>11</Task><Opcode>0</Opcode><Keywords>0x8000000000000000</Keywords><TimeCreated SystemTime='2020-05-18T06:53:45.278411300Z'/><EventRecordID>3106</EventRecordID><Correlation/><Execution ProcessID='3008' ThreadID='3552'/><Channel>Microsoft-Windows-Sysmon/Operational</Channel><Computer>DESKTOP-P84STH6</Computer><Security UserID='S-1-5-18'/></System><EventData><Data Name='RuleName'>DLL</Data><Data Name='UtcTime'>2020-05-18 06:53:45.277</Data><Data Name='ProcessGuid'>{5d3d98af-30f8-5ec2-0000-0010e53b8200}</Data><Data Name='ProcessId'>3388</Data><Data Name='Image'>C:\Windows\Microsoft.NET\Framework64\v4.0.30319\mscorsvw.exe</Data><Data Name='TargetFilename'>C:\Windows\assembly\NativeImages_v4.0.30319_64\Temp\d3c-0\Microsoft.Security.ApplicationId.PolicyManagement.Cmdlets.dll</Data><Data Name='CreationUtcTime'>2020-05-18 06:53:45.276</Data></EventData></Event><Event xmlns='http://schemas.microsoft.com/win/2004/08/events/event'><System><Provider Name='Microsoft-Windows-Sysmon' Guid='{5770385f-c22a-43e0-bf4c-06f5698ffbd9}'/><EventID>11</EventID><Version>2</Version><Level>4</Level><Task>11</Task><Opcode>0</Opcode><Keywords>0x8000000000000000</Keywords><TimeCreated SystemTime='2020-05-18T06:53:44.449817200Z'/><EventRecordID>3105</EventRecordID><Correlation/><Execution ProcessID='3008' ThreadID='3552'/><Channel>Microsoft-Windows-Sysmon/Operational</Channel><Computer>DESKTOP-P84STH6</Computer><Security UserID='S-1-5-18'/></System><EventData><Data Name='RuleName'>DLL</Data><Data Name='UtcTime'>2020-05-18 06:53:44.440</Data><Data Name='ProcessGuid'>{5d3d98af-30f8-5ec2-0000-0010ac318200}</Data><Data Name='ProcessId'>6772</Data><Data Name='Image'>C:\Windows\Microsoft.NET\Framework64\v4.0.30319\mscorsvw.exe</Data><Data Name='TargetFilename'>C:\Windows\assembly\NativeImages_v4.0.30319_64\Temp\1a74-0\Microsoft.SecureBoot.Commands.dll</Data><Data Name='CreationUtcTime'>2020-05-18 06:53:44.440</Data></EventData></Event><Event xmlns='http://schemas.microsoft.com/win/2004/08/events/event'><System><Provider Name='Microsoft-Windows-Sysmon' Guid='{5770385f-c22a-43e0-bf4c-06f5698ffbd9}'/><EventID>11</EventID><Version>2</Version><Level>4</Level><Task>11</Task><Opcode>0</Opcode><Keywords>0x8000000000000000</Keywords><TimeCreated SystemTime='2020-05-18T06:53:43.937570600Z'/><EventRecordID>3104</EventRecordID><Correlation/><Execution ProcessID='3008' ThreadID='3552'/><Channel>Microsoft-Windows-Sysmon/Operational</Channel><Computer>DESKTOP-P84STH6</Computer><Security UserID='S-1-5-18'/></System><EventData><Data Name='RuleName'>DLL</Data><Data Name='UtcTime'>2020-05-18 06:53:43.925</Data><Data Name='ProcessGuid'>{5d3d98af-30f4-5ec2-0000-00109d198200}</Data><Data Name='ProcessId'>8404</Data><Data Name='Image'>C:\Windows\Microsoft.NET\Framework64\v4.0.30319\mscorsvw.exe</Data><Data Name='TargetFilename'>C:\Windows\assembly\NativeImages_v4.0.30319_64\Temp\20d4-0\Microsoft.PowerShell.Workflow.ServiceCore.dll</Data><Data Name='CreationUtcTime'>2020-05-18 06:53:43.925</Data></EventData></Event><Event xmlns='http://schemas.microsoft.com/win/2004/08/events/event'><System><Provider Name='Microsoft-Windows-Sysmon' Guid='{5770385f-c22a-43e0-bf4c-06f5698ffbd9}'/><EventID>11</EventID><Version>2</Version><Level>4</Level><Task>11</Task><Opcode>0</Opcode><Keywords>0x8000000000000000</Keywords><TimeCreated SystemTime='2020-05-18T06:53:39.722108300Z'/><EventRecordID>3103</EventRecordID><Correlation/><Execution ProcessID='3008' ThreadID='3552'/><Channel>Microsoft-Windows-Sysmon/Operational</Channel><Computer>DESKTOP-P84STH6</Computer><Security UserID='S-1-5-18'/></System><EventData><Data Name='RuleName'>DLL</Data><Data Name='UtcTime'>2020-05-18 06:53:39.709</Data><Data Name='ProcessGuid'>{5d3d98af-30f0-5ec2-0000-001005038200}</Data><Data Name='ProcessId'>708</Data><Data Name='Image'>C:\Windows\Microsoft.NET\Framework64\v4.0.30319\mscorsvw.exe</Data><Data Name='TargetFilename'>C:\Windows\assembly\NativeImages_v4.0.30319_64\Temp\2c4-0\Microsoft.PowerShell.Utility.Activities.dll</Data><Data Name='CreationUtcTime'>2020-05-18 06:53:39.709</Data></EventData></Event><Event xmlns='http://schemas.microsoft.com/win/2004/08/events/event'><System><Provider Name='Microsoft-Windows-Sysmon' Guid='{5770385f-c22a-43e0-bf4c-06f5698ffbd9}'/><EventID>11</EventID><Version>2</Version><Level>4</Level><Task>11</Task><Opcode>0</Opcode><Keywords>0x8000000000000000</Keywords><TimeCreated SystemTime='2020-05-18T06:53:36.399877200Z'/><EventRecordID>3102</EventRecordID><Correlation/><Execution ProcessID='3008' ThreadID='3552'/><Channel>Microsoft-Windows-Sysmon/Operational</Channel><Computer>DESKTOP-P84STH6</Computer><Security UserID='S-1-5-18'/></System><EventData><Data Name='RuleName'>DLL</Data><Data Name='UtcTime'>2020-05-18 06:53:36.394</Data><Data Name='ProcessGuid'>{5d3d98af-30ef-5ec2-0000-001056f68100}</Data><Data Name='ProcessId'>4448</Data><Data Name='Image'>C:\Windows\Microsoft.NET\Framework64\v4.0.30319\mscorsvw.exe</Data><Data Name='TargetFilename'>C:\Windows\assembly\NativeImages_v4.0.30319_64\Temp\1160-0\Microsoft.PowerShell.Security.Activities.dll</Data><Data Name='CreationUtcTime'>2020-05-18 06:53:36.394</Data></EventData></Event><Event xmlns='http://schemas.microsoft.com/win/2004/08/events/event'><System><Provider Name='Microsoft-Windows-Sysmon' Guid='{5770385f-c22a-43e0-bf4c-06f5698ffbd9}'/><EventID>11</EventID><Version>2</Version><Level>4</Level><Task>11</Task><Opcode>0</Opcode><Keywords>0x8000000000000000</Keywords><TimeCreated SystemTime='2020-05-18T06:53:35.351057700Z'/><EventRecordID>3101</EventRecordID><Correlation/><Execution ProcessID='3008' ThreadID='3552'/><Channel>Microsoft-Windows-Sysmon/Operational</Channel><Computer>DESKTOP-P84STH6</Computer><Security UserID='S-1-5-18'/></System><EventData><Data Name='RuleName'>DLL</Data><Data Name='UtcTime'>2020-05-18 06:53:35.350</Data><Data Name='ProcessGuid'>{5d3d98af-30ee-5ec2-0000-0010bbe98100}</Data><Data Name='ProcessId'>4132</Data><Data Name='Image'>C:\Windows\Microsoft.NET\Framework64\v4.0.30319\mscorsvw.exe</Data><Data Name='TargetFilename'>C:\Windows\assembly\NativeImages_v4.0.30319_64\Temp\1024-0\Microsoft.PowerShell.Security.dll</Data><Data Name='CreationUtcTime'>2020-05-18 06:53:35.349</Data></EventData></Event><Event xmlns='http://schemas.microsoft.com/win/2004/08/events/event'><System><Provider Name='Microsoft-Windows-Sysmon' Guid='{5770385f-c22a-43e0-bf4c-06f5698ffbd9}'/><EventID>11</EventID><Version>2</Version><Level>4</Level><Task>11</Task><Opcode>0</Opcode><Keywords>0x8000000000000000</Keywords><TimeCreated SystemTime='2020-05-18T06:53:34.501522900Z'/><EventRecordID>3100</EventRecordID><Correlation/><Execution ProcessID='3008' ThreadID='3552'/><Channel>Microsoft-Windows-Sysmon/Operational</Channel><Computer>DESKTOP-P84STH6</Computer><Security UserID='S-1-5-18'/></System><EventData><Data Name='RuleName'>DLL</Data><Data Name='UtcTime'>2020-05-18 06:53:34.500</Data><Data Name='ProcessGuid'>{5d3d98af-30ed-5ec2-0000-0010c7d38100}</Data><Data Name='ProcessId'>7520</Data><Data Name='Image'>C:\Windows\Microsoft.NET\Framework64\v4.0.30319\mscorsvw.exe</Data><Data Name='TargetFilename'>C:\Windows\assembly\NativeImages_v4.0.30319_64\Temp\1d60-0\Microsoft.PowerShell.ScheduledJob.dll</Data><Data Name='CreationUtcTime'>2020-05-18 06:53:34.500</Data></EventData></Event><Event xmlns='http://schemas.microsoft.com/win/2004/08/events/event'><System><Provider Name='Microsoft-Windows-Sysmon' Guid='{5770385f-c22a-43e0-bf4c-06f5698ffbd9}'/><EventID>11</EventID><Version>2</Version><Level>4</Level><Task>11</Task><Opcode>0</Opcode><Keywords>0x8000000000000000</Keywords><TimeCreated SystemTime='2020-05-18T06:53:32.904843600Z'/><EventRecordID>3099</EventRecordID><Correlation/><Execution ProcessID='3008' ThreadID='3552'/><Channel>Microsoft-Windows-Sysmon/Operational</Channel><Computer>DESKTOP-P84STH6</Computer><Security UserID='S-1-5-18'/></System><EventData><Data Name='RuleName'>DLL</Data><Data Name='UtcTime'>2020-05-18 06:53:32.904</Data><Data Name='ProcessGuid'>{5d3d98af-30e9-5ec2-0000-0010f0c38100}</Data><Data Name='ProcessId'>928</Data><Data Name='Image'>C:\Windows\Microsoft.NET\Framework64\v4.0.30319\mscorsvw.exe</Data><Data Name='TargetFilename'>C:\Windows\assembly\NativeImages_v4.0.30319_64\Temp\3a0-0\Microsoft.PowerShell.Management.Activities.dll</Data><Data Name='CreationUtcTime'>2020-05-18 06:53:32.903</Data></EventData></Event><Event xmlns='http://schemas.microsoft.com/win/2004/08/events/event'><System><Provider Name='Microsoft-Windows-Sysmon' Guid='{5770385f-c22a-43e0-bf4c-06f5698ffbd9}'/><EventID>11</EventID><Version>2</Version><Level>4</Level><Task>11</Task><Opcode>0</Opcode><Keywords>0x8000000000000000</Keywords><TimeCreated SystemTime='2020-05-18T06:53:29.398641100Z'/><EventRecordID>3098</EventRecordID><Correlation/><Execution ProcessID='3008' ThreadID='3552'/><Channel>Microsoft-Windows-Sysmon/Operational</Channel><Computer>DESKTOP-P84STH6</Computer><Security UserID='S-1-5-18'/></System><EventData><Data Name='RuleName'>DLL</Data><Data Name='UtcTime'>2020-05-18 06:53:29.393</Data><Data Name='ProcessGuid'>{5d3d98af-30e9-5ec2-0000-00107bb88100}</Data><Data Name='ProcessId'>4252</Data><Data Name='Image'>C:\Windows\Microsoft.NET\Framework64\v4.0.30319\mscorsvw.exe</Data><Data Name='TargetFilename'>C:\Windows\assembly\NativeImages_v4.0.30319_64\Temp\109c-0\Microsoft.PowerShell.ISECommon.dll</Data><Data Name='CreationUtcTime'>2020-05-18 06:53:29.393</Data></EventData></Event><Event xmlns='http://schemas.microsoft.com/win/2004/08/events/event'><System><Provider Name='Microsoft-Windows-Sysmon' Guid='{5770385f-c22a-43e0-bf4c-06f5698ffbd9}'/><EventID>11</EventID><Version>2</Version><Level>4</Level><Task>11</Task><Opcode>0</Opcode><Keywords>0x8000000000000000</Keywords><TimeCreated SystemTime='2020-05-18T06:53:29.046030500Z'/><EventRecordID>3097</EventRecordID><Correlation/><Execution ProcessID='3008' ThreadID='3552'/><Channel>Microsoft-Windows-Sysmon/Operational</Channel><Computer>DESKTOP-P84STH6</Computer><Security UserID='S-1-5-18'/></System><EventData><Data Name='RuleName'>DLL</Data><Data Name='UtcTime'>2020-05-18 06:53:29.044</Data><Data Name='ProcessGuid'>{5d3d98af-30e7-5ec2-0000-0010d0a38100}</Data><Data Name='ProcessId'>4996</Data><Data Name='Image'>C:\Windows\Microsoft.NET\Framework64\v4.0.30319\mscorsvw.exe</Data><Data Name='TargetFilename'>C:\Windows\assembly\NativeImages_v4.0.30319_64\Temp\1384-0\Microsoft.PowerShell.GraphicalHost.dll</Data><Data Name='CreationUtcTime'>2020-05-18 06:53:29.043</Data></EventData></Event><Event xmlns='http://schemas.microsoft.com/win/2004/08/events/event'><System><Provider Name='Microsoft-Windows-Sysmon' Guid='{5770385f-c22a-43e0-bf4c-06f5698ffbd9}'/><EventID>11</EventID><Version>2</Version><Level>4</Level><Task>11</Task><Opcode>0</Opcode><Keywords>0x8000000000000000</Keywords><TimeCreated SystemTime='2020-05-18T06:53:26.553523700Z'/><EventRecordID>3096</EventRecordID><Correlation/><Execution ProcessID='3008' ThreadID='3552'/><Channel>Microsoft-Windows-Sysmon/Operational</Channel><Computer>DESKTOP-P84STH6</Computer><Security UserID='S-1-5-18'/></System><EventData><Data Name='RuleName'>DLL</Data><Data Name='UtcTime'>2020-05-18 06:53:26.549</Data><Data Name='ProcessGuid'>{5d3d98af-30e1-5ec2-0000-0010e98a8100}</Data><Data Name='ProcessId'>404</Data><Data Name='Image'>C:\Windows\Microsoft.NET\Framework64\v4.0.30319\mscorsvw.exe</Data><Data Name='TargetFilename'>C:\Windows\assembly\NativeImages_v4.0.30319_64\Temp\194-0\Microsoft.PowerShell.GPowerShell.dll</Data><Data Name='CreationUtcTime'>2020-05-18 06:53:26.549</Data></EventData></Event><Event xmlns='http://schemas.microsoft.com/win/2004/08/events/event'><System><Provider Name='Microsoft-Windows-Sysmon' Guid='{5770385f-c22a-43e0-bf4c-06f5698ffbd9}'/><EventID>11</EventID><Version>2</Version><Level>4</Level><Task>11</Task><Opcode>0</Opcode><Keywords>0x8000000000000000</Keywords><TimeCreated SystemTime='2020-05-18T06:53:21.012861300Z'/><EventRecordID>3095</EventRecordID><Correlation/><Execution ProcessID='3008' ThreadID='3552'/><Channel>Microsoft-Windows-Sysmon/Operational</Channel><Computer>DESKTOP-P84STH6</Computer><Security UserID='S-1-5-18'/></System><EventData><Data Name='RuleName'>DLL</Data><Data Name='UtcTime'>2020-05-18 06:53:21.012</Data><Data Name='ProcessGuid'>{5d3d98af-30d7-5ec2-0000-0010326b8100}</Data><Data Name='ProcessId'>6492</Data><Data Name='Image'>C:\Windows\Microsoft.NET\Framework64\v4.0.30319\mscorsvw.exe</Data><Data Name='TargetFilename'>C:\Windows\assembly\NativeImages_v4.0.30319_64\Temp\195c-0\Microsoft.PowerShell.Editor.dll</Data><Data Name='CreationUtcTime'>2020-05-18 06:53:21.010</Data></EventData></Event><Event xmlns='http://schemas.microsoft.com/win/2004/08/events/event'><System><Provider Name='Microsoft-Windows-Sysmon' Guid='{5770385f-c22a-43e0-bf4c-06f5698ffbd9}'/><EventID>11</EventID><Version>2</Version><Level>4</Level><Task>11</Task><Opcode>0</Opcode><Keywords>0x8000000000000000</Keywords><TimeCreated SystemTime='2020-05-18T06:53:11.526250400Z'/><EventRecordID>3094</EventRecordID><Correlation/><Execution ProcessID='3008' ThreadID='3552'/><Channel>Microsoft-Windows-Sysmon/Operational</Channel><Computer>DESKTOP-P84STH6</Computer><Security UserID='S-1-5-18'/></System><EventData><Data Name='RuleName'>DLL</Data><Data Name='UtcTime'>2020-05-18 06:53:11.519</Data><Data Name='ProcessGuid'>{5d3d98af-30d6-5ec2-0000-0010ac5c8100}</Data><Data Name='ProcessId'>4708</Data><Data Name='Image'>C:\Windows\Microsoft.NET\Framework64\v4.0.30319\mscorsvw.exe</Data><Data Name='TargetFilename'>C:\Windows\assembly\NativeImages_v4.0.30319_64\Temp\1264-0\Microsoft.PowerShell.Diagnostics.Activities.dll</Data><Data Name='CreationUtcTime'>2020-05-18 06:53:11.519</Data></EventData></Event><Event xmlns='http://schemas.microsoft.com/win/2004/08/events/event'><System><Provider Name='Microsoft-Windows-Sysmon' Guid='{5770385f-c22a-43e0-bf4c-06f5698ffbd9}'/><EventID>11</EventID><Version>2</Version><Level>4</Level><Task>11</Task><Opcode>0</Opcode><Keywords>0x8000000000000000</Keywords><TimeCreated SystemTime='2020-05-18T06:53:10.166664600Z'/><EventRecordID>3093</EventRecordID><Correlation/><Execution ProcessID='3008' ThreadID='3552'/><Channel>Microsoft-Windows-Sysmon/Operational</Channel><Computer>DESKTOP-P84STH6</Computer><Security UserID='S-1-5-18'/></System><EventData><Data Name='RuleName'>DLL</Data><Data Name='UtcTime'>2020-05-18 06:53:10.165</Data><Data Name='ProcessGuid'>{5d3d98af-30d3-5ec2-0000-001006478100}</Data><Data Name='ProcessId'>3080</Data><Data Name='Image'>C:\Windows\Microsoft.NET\Framework64\v4.0.30319\mscorsvw.exe</Data><Data Name='TargetFilename'>C:\Windows\assembly\NativeImages_v4.0.30319_64\Temp\c08-0\Microsoft.PowerShell.Core.Activities.dll</Data><Data Name='CreationUtcTime'>2020-05-18 06:53:10.165</Data></EventData></Event><Event xmlns='http://schemas.microsoft.com/win/2004/08/events/event'><System><Provider Name='Microsoft-Windows-Sysmon' Guid='{5770385f-c22a-43e0-bf4c-06f5698ffbd9}'/><EventID>11</EventID><Version>2</Version><Level>4</Level><Task>11</Task><Opcode>0</Opcode><Keywords>0x8000000000000000</Keywords><TimeCreated SystemTime='2020-05-18T06:53:06.874163600Z'/><EventRecordID>3092</EventRecordID><Correlation/><Execution ProcessID='3008' ThreadID='3552'/><Channel>Microsoft-Windows-Sysmon/Operational</Channel><Computer>DESKTOP-P84STH6</Computer><Security UserID='S-1-5-18'/></System><EventData><Data Name='RuleName'>DLL</Data><Data Name='UtcTime'>2020-05-18 06:53:06.862</Data><Data Name='ProcessGuid'>{5d3d98af-30d1-5ec2-0000-0010a83b8100}</Data><Data Name='ProcessId'>4988</Data><Data Name='Image'>C:\Windows\Microsoft.NET\Framework64\v4.0.30319\mscorsvw.exe</Data><Data Name='TargetFilename'>C:\Windows\assembly\NativeImages_v4.0.30319_64\Temp\137c-0\Microsoft.PowerShell.ConsoleHost.dll</Data><Data Name='CreationUtcTime'>2020-05-18 06:53:06.862</Data></EventData></Event>