<Event xmlns='http://schemas.microsoft.com/win/2004/08/events/event'><System><Provider Name='Microsoft-Windows-Sysmon' Guid='{5770385f-c22a-43e0-bf4c-06f5698ffbd9}'/><EventID>13</EventID><Version>2</Version><Level>4</Level><Task>13</Task><Opcode>0</Opcode><Keywords>0x8000000000000000</Keywords><TimeCreated SystemTime='2020-05-18T06:33:23.919883100Z'/><EventRecordID>2736</EventRecordID><Correlation/><Execution ProcessID='3008' ThreadID='3552'/><Channel>Microsoft-Windows-Sysmon/Operational</Channel><Computer>DESKTOP-P84STH6</Computer><Security UserID='S-1-5-18'/></System><EventData><Data Name='RuleName'>InvDB-Pub</Data><Data Name='EventType'>SetValue</Data><Data Name='UtcTime'>2020-05-18 06:33:23.868</Data><Data Name='ProcessGuid'>{5d3d98af-2c2f-5ec2-0000-0010d4e25b00}</Data><Data Name='ProcessId'>8320</Data><Data Name='Image'>C:\Windows\system32\msiexec.exe</Data><Data Name='TargetObject'>HKLM\SOFTWARE\WOW6432Node\Microsoft\Windows\CurrentVersion\Uninstall\{EA35D9DB-86A9-4705-9D15-7FE33E261450}\Publisher</Data><Data Name='Details'>Python Software Foundation</Data></EventData></Event><Event xmlns='http://schemas.microsoft.com/win/2004/08/events/event'><System><Provider Name='Microsoft-Windows-Sysmon' Guid='{5770385f-c22a-43e0-bf4c-06f5698ffbd9}'/><EventID>13</EventID><Version>2</Version><Level>4</Level><Task>13</Task><Opcode>0</Opcode><Keywords>0x8000000000000000</Keywords><TimeCreated SystemTime='2020-05-18T06:33:23.916217500Z'/><EventRecordID>2735</EventRecordID><Correlation/><Execution ProcessID='3008' ThreadID='3552'/><Channel>Microsoft-Windows-Sysmon/Operational</Channel><Computer>DESKTOP-P84STH6</Computer><Security UserID='S-1-5-18'/></System><EventData><Data Name='RuleName'></Data><Data Name='EventType'>SetValue</Data><Data Name='UtcTime'>2020-05-18 06:33:23.868</Data><Data Name='ProcessGuid'>{5d3d98af-2c2f-5ec2-0000-0010d4e25b00}</Data><Data Name='ProcessId'>8320</Data><Data Name='Image'>C:\Windows\system32\msiexec.exe</Data><Data Name='TargetObject'>HKLM\SOFTWARE\WOW6432Node\Microsoft\Windows\CurrentVersion\Uninstall\{EA35D9DB-86A9-4705-9D15-7FE33E261450}\InstallSource</Data><Data Name='Details'>C:\Users\NS\AppData\Local\Package Cache\{EA35D9DB-86A9-4705-9D15-7FE33E261450}v3.8.3150.0\</Data></EventData></Event><Event xmlns='http://schemas.microsoft.com/win/2004/08/events/event'><System><Provider Name='Microsoft-Windows-Sysmon' Guid='{5770385f-c22a-43e0-bf4c-06f5698ffbd9}'/><EventID>13</EventID><Version>2</Version><Level>4</Level><Task>13</Task><Opcode>0</Opcode><Keywords>0x8000000000000000</Keywords><TimeCreated SystemTime='2020-05-18T06:33:23.898534300Z'/><EventRecordID>2734</EventRecordID><Correlation/><Execution ProcessID='3008' ThreadID='3552'/><Channel>Microsoft-Windows-Sysmon/Operational</Channel><Computer>DESKTOP-P84STH6</Computer><Security UserID='S-1-5-18'/></System><EventData><Data Name='RuleName'></Data><Data Name='EventType'>SetValue</Data><Data Name='UtcTime'>2020-05-18 06:33:23.868</Data><Data Name='ProcessGuid'>{5d3d98af-2c2f-5ec2-0000-0010d4e25b00}</Data><Data Name='ProcessId'>8320</Data><Data Name='Image'>C:\Windows\system32\msiexec.exe</Data><Data Name='TargetObject'>HKLM\SOFTWARE\Microsoft\Windows\CurrentVersion\Installer\UserData\S-1-5-21-223836497-1760142647-788189203-1001\Products\BD9D53AE9A685074D951F73EE3624105\InstallProperties\URLUpdateInfo</Data><Data Name='Details'>(Empty)</Data></EventData></Event><Event xmlns='http://schemas.microsoft.com/win/2004/08/events/event'><System><Provider Name='Microsoft-Windows-Sysmon' Guid='{5770385f-c22a-43e0-bf4c-06f5698ffbd9}'/><EventID>13</EventID><Version>2</Version><Level>4</Level><Task>13</Task><Opcode>0</Opcode><Keywords>0x8000000000000000</Keywords><TimeCreated SystemTime='2020-05-18T06:33:23.889218700Z'/><EventRecordID>2733</EventRecordID><Correlation/><Execution ProcessID='3008' ThreadID='3552'/><Channel>Microsoft-Windows-Sysmon/Operational</Channel><Computer>DESKTOP-P84STH6</Computer><Security UserID='S-1-5-18'/></System><EventData><Data Name='RuleName'>InvDB-Pub</Data><Data Name='EventType'>SetValue</Data><Data Name='UtcTime'>2020-05-18 06:33:23.868</Data><Data Name='ProcessGuid'>{5d3d98af-2c2f-5ec2-0000-0010d4e25b00}</Data><Data Name='ProcessId'>8320</Data><Data Name='Image'>C:\Windows\system32\msiexec.exe</Data><Data Name='TargetObject'>HKLM\SOFTWARE\Microsoft\Windows\CurrentVersion\Installer\UserData\S-1-5-21-223836497-1760142647-788189203-1001\Products\BD9D53AE9A685074D951F73EE3624105\InstallProperties\Publisher</Data><Data Name='Details'>Python Software Foundation</Data></EventData></Event><Event xmlns='http://schemas.microsoft.com/win/2004/08/events/event'><System><Provider Name='Microsoft-Windows-Sysmon' Guid='{5770385f-c22a-43e0-bf4c-06f5698ffbd9}'/><EventID>13</EventID><Version>2</Version><Level>4</Level><Task>13</Task><Opcode>0</Opcode><Keywords>0x8000000000000000</Keywords><TimeCreated SystemTime='2020-05-18T06:33:23.886476800Z'/><EventRecordID>2732</EventRecordID><Correlation/><Execution ProcessID='3008' ThreadID='3552'/><Channel>Microsoft-Windows-Sysmon/Operational</Channel><Computer>DESKTOP-P84STH6</Computer><Security UserID='S-1-5-18'/></System><EventData><Data Name='RuleName'></Data><Data Name='EventType'>SetValue</Data><Data Name='UtcTime'>2020-05-18 06:33:23.868</Data><Data Name='ProcessGuid'>{5d3d98af-2c2f-5ec2-0000-0010d4e25b00}</Data><Data Name='ProcessId'>8320</Data><Data Name='Image'>C:\Windows\system32\msiexec.exe</Data><Data Name='TargetObject'>HKLM\SOFTWARE\Microsoft\Windows\CurrentVersion\Installer\UserData\S-1-5-21-223836497-1760142647-788189203-1001\Products\BD9D53AE9A685074D951F73EE3624105\InstallProperties\InstallSource</Data><Data Name='Details'>C:\Users\NS\AppData\Local\Package Cache\{EA35D9DB-86A9-4705-9D15-7FE33E261450}v3.8.3150.0\</Data></EventData></Event><Event xmlns='http://schemas.microsoft.com/win/2004/08/events/event'><System><Provider Name='Microsoft-Windows-Sysmon' Guid='{5770385f-c22a-43e0-bf4c-06f5698ffbd9}'/><EventID>13</EventID><Version>2</Version><Level>4</Level><Task>13</Task><Opcode>0</Opcode><Keywords>0x8000000000000000</Keywords><TimeCreated SystemTime='2020-05-18T06:33:21.188443100Z'/><EventRecordID>2731</EventRecordID><Correlation/><Execution ProcessID='3008' ThreadID='3552'/><Channel>Microsoft-Windows-Sysmon/Operational</Channel><Computer>DESKTOP-P84STH6</Computer><Security UserID='S-1-5-18'/></System><EventData><Data Name='RuleName'></Data><Data Name='EventType'>SetValue</Data><Data Name='UtcTime'>2020-05-18 06:33:21.134</Data><Data Name='ProcessGuid'>{5d3d98af-2c2f-5ec2-0000-0010d4e25b00}</Data><Data Name='ProcessId'>8320</Data><Data Name='Image'>C:\Windows\system32\msiexec.exe</Data><Data Name='TargetObject'>HKLM\SOFTWARE\WOW6432Node\Microsoft\Windows\CurrentVersion\Uninstall\{D3A7FDC5-BA4E-44FC-8822-800226B81C71}\URLUpdateInfo</Data><Data Name='Details'>(Empty)</Data></EventData></Event><Event xmlns='http://schemas.microsoft.com/win/2004/08/events/event'><System><Provider Name='Microsoft-Windows-Sysmon' Guid='{5770385f-c22a-43e0-bf4c-06f5698ffbd9}'/><EventID>13</EventID><Version>2</Version><Level>4</Level><Task>13</Task><Opcode>0</Opcode><Keywords>0x8000000000000000</Keywords><TimeCreated SystemTime='2020-05-18T06:33:21.179550600Z'/><EventRecordID>2730</EventRecordID><Correlation/><Execution ProcessID='3008' ThreadID='3552'/><Channel>Microsoft-Windows-Sysmon/Operational</Channel><Computer>DESKTOP-P84STH6</Computer><Security UserID='S-1-5-18'/></System><EventData><Data Name='RuleName'>InvDB-Pub</Data><Data Name='EventType'>SetValue</Data><Data Name='UtcTime'>2020-05-18 06:33:21.134</Data><Data Name='ProcessGuid'>{5d3d98af-2c2f-5ec2-0000-0010d4e25b00}</Data><Data Name='ProcessId'>8320</Data><Data Name='Image'>C:\Windows\system32\msiexec.exe</Data><Data Name='TargetObject'>HKLM\SOFTWARE\WOW6432Node\Microsoft\Windows\CurrentVersion\Uninstall\{D3A7FDC5-BA4E-44FC-8822-800226B81C71}\Publisher</Data><Data Name='Details'>Python Software Foundation</Data></EventData></Event><Event xmlns='http://schemas.microsoft.com/win/2004/08/events/event'><System><Provider Name='Microsoft-Windows-Sysmon' Guid='{5770385f-c22a-43e0-bf4c-06f5698ffbd9}'/><EventID>13</EventID><Version>2</Version><Level>4</Level><Task>13</Task><Opcode>0</Opcode><Keywords>0x8000000000000000</Keywords><TimeCreated SystemTime='2020-05-18T06:33:21.177421000Z'/><EventRecordID>2729</EventRecordID><Correlation/><Execution ProcessID='3008' ThreadID='3552'/><Channel>Microsoft-Windows-Sysmon/Operational</Channel><Computer>DESKTOP-P84STH6</Computer><Security UserID='S-1-5-18'/></System><EventData><Data Name='RuleName'></Data><Data Name='EventType'>SetValue</Data><Data Name='UtcTime'>2020-05-18 06:33:21.134</Data><Data Name='ProcessGuid'>{5d3d98af-2c2f-5ec2-0000-0010d4e25b00}</Data><Data Name='ProcessId'>8320</Data><Data Name='Image'>C:\Windows\system32\msiexec.exe</Data><Data Name='TargetObject'>HKLM\SOFTWARE\WOW6432Node\Microsoft\Windows\CurrentVersion\Uninstall\{D3A7FDC5-BA4E-44FC-8822-800226B81C71}\InstallSource</Data><Data Name='Details'>C:\Users\NS\AppData\Local\Package Cache\{D3A7FDC5-BA4E-44FC-8822-800226B81C71}v3.8.3150.0\</Data></EventData></Event><Event xmlns='http://schemas.microsoft.com/win/2004/08/events/event'><System><Provider Name='Microsoft-Windows-Sysmon' Guid='{5770385f-c22a-43e0-bf4c-06f5698ffbd9}'/><EventID>13</EventID><Version>2</Version><Level>4</Level><Task>13</Task><Opcode>0</Opcode><Keywords>0x8000000000000000</Keywords><TimeCreated SystemTime='2020-05-18T06:33:21.155936800Z'/><EventRecordID>2728</EventRecordID><Correlation/><Execution ProcessID='3008' ThreadID='3552'/><Channel>Microsoft-Windows-Sysmon/Operational</Channel><Computer>DESKTOP-P84STH6</Computer><Security UserID='S-1-5-18'/></System><EventData><Data Name='RuleName'></Data><Data Name='EventType'>SetValue</Data><Data Name='UtcTime'>2020-05-18 06:33:21.119</Data><Data Name='ProcessGuid'>{5d3d98af-2c2f-5ec2-0000-0010d4e25b00}</Data><Data Name='ProcessId'>8320</Data><Data Name='Image'>C:\Windows\system32\msiexec.exe</Data><Data Name='TargetObject'>HKLM\SOFTWARE\Microsoft\Windows\CurrentVersion\Installer\UserData\S-1-5-21-223836497-1760142647-788189203-1001\Products\5CDF7A3DE4ABCF4488220820628BC117\InstallProperties\URLUpdateInfo</Data><Data Name='Details'>(Empty)</Data></EventData></Event><Event xmlns='http://schemas.microsoft.com/win/2004/08/events/event'><System><Provider Name='Microsoft-Windows-Sysmon' Guid='{5770385f-c22a-43e0-bf4c-06f5698ffbd9}'/><EventID>13</EventID><Version>2</Version><Level>4</Level><Task>13</Task><Opcode>0</Opcode><Keywords>0x8000000000000000</Keywords><TimeCreated SystemTime='2020-05-18T06:33:21.146491000Z'/><EventRecordID>2727</EventRecordID><Correlation/><Execution ProcessID='3008' ThreadID='3552'/><Channel>Microsoft-Windows-Sysmon/Operational</Channel><Computer>DESKTOP-P84STH6</Computer><Security UserID='S-1-5-18'/></System><EventData><Data Name='RuleName'>InvDB-Pub</Data><Data Name='EventType'>SetValue</Data><Data Name='UtcTime'>2020-05-18 06:33:21.119</Data><Data Name='ProcessGuid'>{5d3d98af-2c2f-5ec2-0000-0010d4e25b00}</Data><Data Name='ProcessId'>8320</Data><Data Name='Image'>C:\Windows\system32\msiexec.exe</Data><Data Name='TargetObject'>HKLM\SOFTWARE\Microsoft\Windows\CurrentVersion\Installer\UserData\S-1-5-21-223836497-1760142647-788189203-1001\Products\5CDF7A3DE4ABCF4488220820628BC117\InstallProperties\Publisher</Data><Data Name='Details'>Python Software Foundation</Data></EventData></Event><Event xmlns='http://schemas.microsoft.com/win/2004/08/events/event'><System><Provider Name='Microsoft-Windows-Sysmon' Guid='{5770385f-c22a-43e0-bf4c-06f5698ffbd9}'/><EventID>13</EventID><Version>2</Version><Level>4</Level><Task>13</Task><Opcode>0</Opcode><Keywords>0x8000000000000000</Keywords><TimeCreated SystemTime='2020-05-18T06:33:21.143660500Z'/><EventRecordID>2726</EventRecordID><Correlation/><Execution ProcessID='3008' ThreadID='3552'/><Channel>Microsoft-Windows-Sysmon/Operational</Channel><Computer>DESKTOP-P84STH6</Computer><Security UserID='S-1-5-18'/></System><EventData><Data Name='RuleName'></Data><Data Name='EventType'>SetValue</Data><Data Name='UtcTime'>2020-05-18 06:33:21.119</Data><Data Name='ProcessGuid'>{5d3d98af-2c2f-5ec2-0000-0010d4e25b00}</Data><Data Name='ProcessId'>8320</Data><Data Name='Image'>C:\Windows\system32\msiexec.exe</Data><Data Name='TargetObject'>HKLM\SOFTWARE\Microsoft\Windows\CurrentVersion\Installer\UserData\S-1-5-21-223836497-1760142647-788189203-1001\Products\5CDF7A3DE4ABCF4488220820628BC117\InstallProperties\InstallSource</Data><Data Name='Details'>C:\Users\NS\AppData\Local\Package Cache\{D3A7FDC5-BA4E-44FC-8822-800226B81C71}v3.8.3150.0\</Data></EventData></Event><Event xmlns='http://schemas.microsoft.com/win/2004/08/events/event'><System><Provider Name='Microsoft-Windows-Sysmon' Guid='{5770385f-c22a-43e0-bf4c-06f5698ffbd9}'/><EventID>11</EventID><Version>2</Version><Level>4</Level><Task>11</Task><Opcode>0</Opcode><Keywords>0x8000000000000000</Keywords><TimeCreated SystemTime='2020-05-18T06:33:21.117750900Z'/><EventRecordID>2725</EventRecordID><Correlation/><Execution ProcessID='3008' ThreadID='3552'/><Channel>Microsoft-Windows-Sysmon/Operational</Channel><Computer>DESKTOP-P84STH6</Computer><Security UserID='S-1-5-18'/></System><EventData><Data Name='RuleName'>DLL</Data><Data Name='UtcTime'>2020-05-18 06:33:21.104</Data><Data Name='ProcessGuid'>{5d3d98af-2c2f-5ec2-0000-0010d4e25b00}</Data><Data Name='ProcessId'>8320</Data><Data Name='Image'>C:\Windows\system32\msiexec.exe</Data><Data Name='TargetFilename'>C:\Users\NS\AppData\Local\Programs\Python\Python38-32\python3.dll</Data><Data Name='CreationUtcTime'>2020-05-18 06:33:21.104</Data></EventData></Event><Event xmlns='http://schemas.microsoft.com/win/2004/08/events/event'><System><Provider Name='Microsoft-Windows-Sysmon' Guid='{5770385f-c22a-43e0-bf4c-06f5698ffbd9}'/><EventID>11</EventID><Version>2</Version><Level>4</Level><Task>11</Task><Opcode>0</Opcode><Keywords>0x8000000000000000</Keywords><TimeCreated SystemTime='2020-05-18T06:33:21.036780900Z'/><EventRecordID>2724</EventRecordID><Correlation/><Execution ProcessID='3008' ThreadID='3552'/><Channel>Microsoft-Windows-Sysmon/Operational</Channel><Computer>DESKTOP-P84STH6</Computer><Security UserID='S-1-5-18'/></System><EventData><Data Name='RuleName'>DLL</Data><Data Name='UtcTime'>2020-05-18 06:33:21.025</Data><Data Name='ProcessGuid'>{5d3d98af-2c2f-5ec2-0000-0010d4e25b00}</Data><Data Name='ProcessId'>8320</Data><Data Name='Image'>C:\Windows\system32\msiexec.exe</Data><Data Name='TargetFilename'>C:\Users\NS\AppData\Local\Programs\Python\Python38-32\python38.dll</Data><Data Name='CreationUtcTime'>2020-05-18 06:33:21.025</Data></EventData></Event><Event xmlns='http://schemas.microsoft.com/win/2004/08/events/event'><System><Provider Name='Microsoft-Windows-Sysmon' Guid='{5770385f-c22a-43e0-bf4c-06f5698ffbd9}'/><EventID>1</EventID><Version>5</Version><Level>4</Level><Task>1</Task><Opcode>0</Opcode><Keywords>0x8000000000000000</Keywords><TimeCreated SystemTime='2020-05-18T06:33:19.828324200Z'/><EventRecordID>2723</EventRecordID><Correlation/><Execution ProcessID='3008' ThreadID='3552'/><Channel>Microsoft-Windows-Sysmon/Operational</Channel><Computer>DESKTOP-P84STH6</Computer><Security UserID='S-1-5-18'/></System><EventData><Data Name='RuleName'></Data><Data Name='UtcTime'>2020-05-18 06:33:19.822</Data><Data Name='ProcessGuid'>{5d3d98af-2c2f-5ec2-0000-0010d4e25b00}</Data><Data Name='ProcessId'>8320</Data><Data Name='Image'>C:\Windows\System32\msiexec.exe</Data><Data Name='FileVersion'>5.0.18362.1 (WinBuild.160101.0800)</Data><Data Name='Description'>Windows® installer</Data><Data Name='Product'>Windows Installer - Unicode</Data><Data Name='Company'>Microsoft Corporation</Data><Data Name='OriginalFileName'>msiexec.exe</Data><Data Name='CommandLine'>C:\Windows\system32\msiexec.exe /V</Data><Data Name='CurrentDirectory'>C:\Windows\system32\</Data><Data Name='User'>NT AUTHORITY\SYSTEM</Data><Data Name='LogonGuid'>{5d3d98af-26b2-5ec2-0000-0020e7030000}</Data><Data Name='LogonId'>0x3e7</Data><Data Name='TerminalSessionId'>0</Data><Data Name='IntegrityLevel'>System</Data><Data Name='Hashes'>MD5=2D9F692E71D9985F1C6237F063F6FE76,SHA256=199B3890D28A1F5906F4014E73615A268B3C4414F1F71697BF13E0D464258D54,IMPHASH=13C7ACE23F99CD5FBC3ABD5C16BF2DCE</Data><Data Name='ParentProcessGuid'>{5d3d98af-26b2-5ec2-0000-0010025c0000}</Data><Data Name='ParentProcessId'>660</Data><Data Name='ParentImage'>C:\Windows\System32\services.exe</Data><Data Name='ParentCommandLine'>C:\Windows\system32\services.exe</Data></EventData></Event><Event xmlns='http://schemas.microsoft.com/win/2004/08/events/event'><System><Provider Name='Microsoft-Windows-Sysmon' Guid='{5770385f-c22a-43e0-bf4c-06f5698ffbd9}'/><EventID>2</EventID><Version>4</Version><Level>4</Level><Task>2</Task><Opcode>0</Opcode><Keywords>0x8000000000000000</Keywords><TimeCreated SystemTime='2020-05-18T06:33:19.498187100Z'/><EventRecordID>2722</EventRecordID><Correlation/><Execution ProcessID='3008' ThreadID='3552'/><Channel>Microsoft-Windows-Sysmon/Operational</Channel><Computer>DESKTOP-P84STH6</Computer><Security UserID='S-1-5-18'/></System><EventData><Data Name='RuleName'>T1099</Data><Data Name='UtcTime'>2020-05-18 06:33:19.494</Data><Data Name='ProcessGuid'>{5d3d98af-2c29-5ec2-0000-0010bc725b00}</Data><Data Name='ProcessId'>7460</Data><Data Name='Image'>C:\Users\NS\AppData\Local\Temp\{4C6C8EF8-4023-466E-B5D6-BA680FBBCC11}\.cr\python-3.8.3.exe</Data><Data Name='TargetFilename'>C:\Users\NS\AppData\Local\Temp\{59804A57-C8A9-4C06-AE6A-66A81B82C29C}\pip_JustForMe</Data><Data Name='CreationUtcTime'>2020-05-13 14:45:32.000</Data><Data Name='PreviousCreationUtcTime'>2020-05-18 06:33:19.479</Data></EventData></Event><Event xmlns='http://schemas.microsoft.com/win/2004/08/events/event'><System><Provider Name='Microsoft-Windows-Sysmon' Guid='{5770385f-c22a-43e0-bf4c-06f5698ffbd9}'/><EventID>2</EventID><Version>4</Version><Level>4</Level><Task>2</Task><Opcode>0</Opcode><Keywords>0x8000000000000000</Keywords><TimeCreated SystemTime='2020-05-18T06:33:19.491022200Z'/><EventRecordID>2721</EventRecordID><Correlation/><Execution ProcessID='3008' ThreadID='3552'/><Channel>Microsoft-Windows-Sysmon/Operational</Channel><Computer>DESKTOP-P84STH6</Computer><Security UserID='S-1-5-18'/></System><EventData><Data Name='RuleName'>T1099</Data><Data Name='UtcTime'>2020-05-18 06:33:19.479</Data><Data Name='ProcessGuid'>{5d3d98af-2c29-5ec2-0000-0010bc725b00}</Data><Data Name='ProcessId'>7460</Data><Data Name='Image'>C:\Users\NS\AppData\Local\Temp\{4C6C8EF8-4023-466E-B5D6-BA680FBBCC11}\.cr\python-3.8.3.exe</Data><Data Name='TargetFilename'>C:\Users\NS\AppData\Local\Temp\{59804A57-C8A9-4C06-AE6A-66A81B82C29C}\launcher_AllUsers</Data><Data Name='CreationUtcTime'>2020-05-13 14:43:54.000</Data><Data Name='PreviousCreationUtcTime'>2020-05-18 06:33:19.479</Data></EventData></Event><Event xmlns='http://schemas.microsoft.com/win/2004/08/events/event'><System><Provider Name='Microsoft-Windows-Sysmon' Guid='{5770385f-c22a-43e0-bf4c-06f5698ffbd9}'/><EventID>2</EventID><Version>4</Version><Level>4</Level><Task>2</Task><Opcode>0</Opcode><Keywords>0x8000000000000000</Keywords><TimeCreated SystemTime='2020-05-18T06:33:19.484219900Z'/><EventRecordID>2720</EventRecordID><Correlation/><Execution ProcessID='3008' ThreadID='3552'/><Channel>Microsoft-Windows-Sysmon/Operational</Channel><Computer>DESKTOP-P84STH6</Computer><Security UserID='S-1-5-18'/></System><EventData><Data Name='RuleName'>T1099</Data><Data Name='UtcTime'>2020-05-18 06:33:19.479</Data><Data Name='ProcessGuid'>{5d3d98af-2c29-5ec2-0000-0010bc725b00}</Data><Data Name='ProcessId'>7460</Data><Data Name='Image'>C:\Users\NS\AppData\Local\Temp\{4C6C8EF8-4023-466E-B5D6-BA680FBBCC11}\.cr\python-3.8.3.exe</Data><Data Name='TargetFilename'>C:\Users\NS\AppData\Local\Temp\{59804A57-C8A9-4C06-AE6A-66A81B82C29C}\tcltk_JustForMe</Data><Data Name='CreationUtcTime'>2020-05-13 14:45:46.000</Data><Data Name='PreviousCreationUtcTime'>2020-05-18 06:33:19.462</Data></EventData></Event><Event xmlns='http://schemas.microsoft.com/win/2004/08/events/event'><System><Provider Name='Microsoft-Windows-Sysmon' Guid='{5770385f-c22a-43e0-bf4c-06f5698ffbd9}'/><EventID>2</EventID><Version>4</Version><Level>4</Level><Task>2</Task><Opcode>0</Opcode><Keywords>0x8000000000000000</Keywords><TimeCreated SystemTime='2020-05-18T06:33:19.461574600Z'/><EventRecordID>2719</EventRecordID><Correlation/><Execution ProcessID='3008' ThreadID='3552'/><Channel>Microsoft-Windows-Sysmon/Operational</Channel><Computer>DESKTOP-P84STH6</Computer><Security UserID='S-1-5-18'/></System><EventData><Data Name='RuleName'>T1099</Data><Data Name='UtcTime'>2020-05-18 06:33:19.453</Data><Data Name='ProcessGuid'>{5d3d98af-2c29-5ec2-0000-0010bc725b00}</Data><Data Name='ProcessId'>7460</Data><Data Name='Image'>C:\Users\NS\AppData\Local\Temp\{4C6C8EF8-4023-466E-B5D6-BA680FBBCC11}\.cr\python-3.8.3.exe</Data><Data Name='TargetFilename'>C:\Users\NS\AppData\Local\Temp\{59804A57-C8A9-4C06-AE6A-66A81B82C29C}\tools_JustForMe</Data><Data Name='CreationUtcTime'>2020-05-13 14:46:22.000</Data><Data Name='PreviousCreationUtcTime'>2020-05-18 06:33:19.453</Data></EventData></Event><Event xmlns='http://schemas.microsoft.com/win/2004/08/events/event'><System><Provider Name='Microsoft-Windows-Sysmon' Guid='{5770385f-c22a-43e0-bf4c-06f5698ffbd9}'/><EventID>2</EventID><Version>4</Version><Level>4</Level><Task>2</Task><Opcode>0</Opcode><Keywords>0x8000000000000000</Keywords><TimeCreated SystemTime='2020-05-18T06:33:19.456208500Z'/><EventRecordID>2718</EventRecordID><Correlation/><Execution ProcessID='3008' ThreadID='3552'/><Channel>Microsoft-Windows-Sysmon/Operational</Channel><Computer>DESKTOP-P84STH6</Computer><Security UserID='S-1-5-18'/></System><EventData><Data Name='RuleName'>T1099</Data><Data Name='UtcTime'>2020-05-18 06:33:19.453</Data><Data Name='ProcessGuid'>{5d3d98af-2c29-5ec2-0000-0010bc725b00}</Data><Data Name='ProcessId'>7460</Data><Data Name='Image'>C:\Users\NS\AppData\Local\Temp\{4C6C8EF8-4023-466E-B5D6-BA680FBBCC11}\.cr\python-3.8.3.exe</Data><Data Name='TargetFilename'>C:\Users\NS\AppData\Local\Temp\{59804A57-C8A9-4C06-AE6A-66A81B82C29C}\doc_JustForMe</Data><Data Name='CreationUtcTime'>2020-05-13 14:44:32.000</Data><Data Name='PreviousCreationUtcTime'>2020-05-18 06:33:19.418</Data></EventData></Event><Event xmlns='http://schemas.microsoft.com/win/2004/08/events/event'><System><Provider Name='Microsoft-Windows-Sysmon' Guid='{5770385f-c22a-43e0-bf4c-06f5698ffbd9}'/><EventID>2</EventID><Version>4</Version><Level>4</Level><Task>2</Task><Opcode>0</Opcode><Keywords>0x8000000000000000</Keywords><TimeCreated SystemTime='2020-05-18T06:33:19.421113100Z'/><EventRecordID>2717</EventRecordID><Correlation/><Execution ProcessID='3008' ThreadID='3552'/><Channel>Microsoft-Windows-Sysmon/Operational</Channel><Computer>DESKTOP-P84STH6</Computer><Security UserID='S-1-5-18'/></System><EventData><Data Name='RuleName'>T1099</Data><Data Name='UtcTime'>2020-05-18 06:33:19.418</Data><Data Name='ProcessGuid'>{5d3d98af-2c29-5ec2-0000-0010bc725b00}</Data><Data Name='ProcessId'>7460</Data><Data Name='Image'>C:\Users\NS\AppData\Local\Temp\{4C6C8EF8-4023-466E-B5D6-BA680FBBCC11}\.cr\python-3.8.3.exe</Data><Data Name='TargetFilename'>C:\Users\NS\AppData\Local\Temp\{59804A57-C8A9-4C06-AE6A-66A81B82C29C}\test_JustForMe</Data><Data Name='CreationUtcTime'>2020-05-13 14:46:14.000</Data><Data Name='PreviousCreationUtcTime'>2020-05-18 06:33:19.387</Data></EventData></Event><Event xmlns='http://schemas.microsoft.com/win/2004/08/events/event'><System><Provider Name='Microsoft-Windows-Sysmon' Guid='{5770385f-c22a-43e0-bf4c-06f5698ffbd9}'/><EventID>2</EventID><Version>4</Version><Level>4</Level><Task>2</Task><Opcode>0</Opcode><Keywords>0x8000000000000000</Keywords><TimeCreated SystemTime='2020-05-18T06:33:19.396330500Z'/><EventRecordID>2716</EventRecordID><Correlation/><Execution ProcessID='3008' ThreadID='3552'/><Channel>Microsoft-Windows-Sysmon/Operational</Channel><Computer>DESKTOP-P84STH6</Computer><Security UserID='S-1-5-18'/></System><EventData><Data Name='RuleName'>T1099</Data><Data Name='UtcTime'>2020-05-18 06:33:19.387</Data><Data Name='ProcessGuid'>{5d3d98af-2c29-5ec2-0000-0010bc725b00}</Data><Data Name='ProcessId'>7460</Data><Data Name='Image'>C:\Users\NS\AppData\Local\Temp\{4C6C8EF8-4023-466E-B5D6-BA680FBBCC11}\.cr\python-3.8.3.exe</Data><Data Name='TargetFilename'>C:\Users\NS\AppData\Local\Temp\{59804A57-C8A9-4C06-AE6A-66A81B82C29C}\lib_JustForMe</Data><Data Name='CreationUtcTime'>2020-05-13 14:44:58.000</Data><Data Name='PreviousCreationUtcTime'>2020-05-18 06:33:19.354</Data></EventData></Event><Event xmlns='http://schemas.microsoft.com/win/2004/08/events/event'><System><Provider Name='Microsoft-Windows-Sysmon' Guid='{5770385f-c22a-43e0-bf4c-06f5698ffbd9}'/><EventID>2</EventID><Version>4</Version><Level>4</Level><Task>2</Task><Opcode>0</Opcode><Keywords>0x8000000000000000</Keywords><TimeCreated SystemTime='2020-05-18T06:33:19.357848600Z'/><EventRecordID>2715</EventRecordID><Correlation/><Execution ProcessID='3008' ThreadID='3552'/><Channel>Microsoft-Windows-Sysmon/Operational</Channel><Computer>DESKTOP-P84STH6</Computer><Security UserID='S-1-5-18'/></System><EventData><Data Name='RuleName'>T1099</Data><Data Name='UtcTime'>2020-05-18 06:33:19.354</Data><Data Name='ProcessGuid'>{5d3d98af-2c29-5ec2-0000-0010bc725b00}</Data><Data Name='ProcessId'>7460</Data><Data Name='Image'>C:\Users\NS\AppData\Local\Temp\{4C6C8EF8-4023-466E-B5D6-BA680FBBCC11}\.cr\python-3.8.3.exe</Data><Data Name='TargetFilename'>C:\Users\NS\AppData\Local\Temp\{59804A57-C8A9-4C06-AE6A-66A81B82C29C}\exe_JustForMe</Data><Data Name='CreationUtcTime'>2020-05-13 14:44:34.000</Data><Data Name='PreviousCreationUtcTime'>2020-05-18 06:33:19.338</Data></EventData></Event><Event xmlns='http://schemas.microsoft.com/win/2004/08/events/event'><System><Provider Name='Microsoft-Windows-Sysmon' Guid='{5770385f-c22a-43e0-bf4c-06f5698ffbd9}'/><EventID>2</EventID><Version>4</Version><Level>4</Level><Task>2</Task><Opcode>0</Opcode><Keywords>0x8000000000000000</Keywords><TimeCreated SystemTime='2020-05-18T06:33:19.351888300Z'/><EventRecordID>2714</EventRecordID><Correlation/><Execution ProcessID='3008' ThreadID='3552'/><Channel>Microsoft-Windows-Sysmon/Operational</Channel><Computer>DESKTOP-P84STH6</Computer><Security UserID='S-1-5-18'/></System><EventData><Data Name='RuleName'>T1099</Data><Data Name='UtcTime'>2020-05-18 06:33:19.338</Data><Data Name='ProcessGuid'>{5d3d98af-2c29-5ec2-0000-0010bc725b00}</Data><Data Name='ProcessId'>7460</Data><Data Name='Image'>C:\Users\NS\AppData\Local\Temp\{4C6C8EF8-4023-466E-B5D6-BA680FBBCC11}\.cr\python-3.8.3.exe</Data><Data Name='TargetFilename'>C:\Users\NS\AppData\Local\Temp\{59804A57-C8A9-4C06-AE6A-66A81B82C29C}\dev_JustForMe</Data><Data Name='CreationUtcTime'>2020-05-13 14:44:22.000</Data><Data Name='PreviousCreationUtcTime'>2020-05-18 06:33:19.338</Data></EventData></Event><Event xmlns='http://schemas.microsoft.com/win/2004/08/events/event'><System><Provider Name='Microsoft-Windows-Sysmon' Guid='{5770385f-c22a-43e0-bf4c-06f5698ffbd9}'/><EventID>2</EventID><Version>4</Version><Level>4</Level><Task>2</Task><Opcode>0</Opcode><Keywords>0x8000000000000000</Keywords><TimeCreated SystemTime='2020-05-18T06:33:19.348466700Z'/><EventRecordID>2713</EventRecordID><Correlation/><Execution ProcessID='3008' ThreadID='3552'/><Channel>Microsoft-Windows-Sysmon/Operational</Channel><Computer>DESKTOP-P84STH6</Computer><Security UserID='S-1-5-18'/></System><EventData><Data Name='RuleName'>T1099</Data><Data Name='UtcTime'>2020-05-18 06:33:19.338</Data><Data Name='ProcessGuid'>{5d3d98af-2c29-5ec2-0000-0010bc725b00}</Data><Data Name='ProcessId'>7460</Data><Data Name='Image'>C:\Users\NS\AppData\Local\Temp\{4C6C8EF8-4023-466E-B5D6-BA680FBBCC11}\.cr\python-3.8.3.exe</Data><Data Name='TargetFilename'>C:\Users\NS\AppData\Local\Temp\{59804A57-C8A9-4C06-AE6A-66A81B82C29C}\core_JustForMe</Data><Data Name='CreationUtcTime'>2020-05-13 14:44:00.000</Data><Data Name='PreviousCreationUtcTime'>2020-05-18 06:33:19.322</Data></EventData></Event><Event xmlns='http://schemas.microsoft.com/win/2004/08/events/event'><System><Provider Name='Microsoft-Windows-Sysmon' Guid='{5770385f-c22a-43e0-bf4c-06f5698ffbd9}'/><EventID>13</EventID><Version>2</Version><Level>4</Level><Task>13</Task><Opcode>0</Opcode><Keywords>0x8000000000000000</Keywords><TimeCreated SystemTime='2020-05-18T06:33:19.345517800Z'/><EventRecordID>2712</EventRecordID><Correlation/><Execution ProcessID='3008' ThreadID='3552'/><Channel>Microsoft-Windows-Sysmon/Operational</Channel><Computer>DESKTOP-P84STH6</Computer><Security UserID='S-1-5-18'/></System><EventData><Data Name='RuleName'>T1060,RunKey</Data><Data Name='EventType'>SetValue</Data><Data Name='UtcTime'>2020-05-18 06:33:19.307</Data><Data Name='ProcessGuid'>{5d3d98af-2c29-5ec2-0000-0010bc725b00}</Data><Data Name='ProcessId'>7460</Data><Data Name='Image'>C:\Users\NS\AppData\Local\Temp\{4C6C8EF8-4023-466E-B5D6-BA680FBBCC11}\.cr\python-3.8.3.exe</Data><Data Name='TargetObject'>HKU\S-1-5-21-223836497-1760142647-788189203-1001\Software\Microsoft\Windows\CurrentVersion\RunOnce\{6f6f2a2d-6475-4359-bc65-b2cf464bd085}</Data><Data Name='Details'>"C:\Users\NS\AppData\Local\Package Cache\{6f6f2a2d-6475-4359-bc65-b2cf464bd085}\python-3.8.3.exe" /burn.runonce</Data></EventData></Event><Event xmlns='http://schemas.microsoft.com/win/2004/08/events/event'><System><Provider Name='Microsoft-Windows-Sysmon' Guid='{5770385f-c22a-43e0-bf4c-06f5698ffbd9}'/><EventID>13</EventID><Version>2</Version><Level>4</Level><Task>13</Task><Opcode>0</Opcode><Keywords>0x8000000000000000</Keywords><TimeCreated SystemTime='2020-05-18T06:33:19.332144300Z'/><EventRecordID>2711</EventRecordID><Correlation/><Execution ProcessID='3008' ThreadID='3552'/><Channel>Microsoft-Windows-Sysmon/Operational</Channel><Computer>DESKTOP-P84STH6</Computer><Security UserID='S-1-5-18'/></System><EventData><Data Name='RuleName'>InvDB-Pub</Data><Data Name='EventType'>SetValue</Data><Data Name='UtcTime'>2020-05-18 06:33:19.307</Data><Data Name='ProcessGuid'>{5d3d98af-2c29-5ec2-0000-0010bc725b00}</Data><Data Name='ProcessId'>7460</Data><Data Name='Image'>C:\Users\NS\AppData\Local\Temp\{4C6C8EF8-4023-466E-B5D6-BA680FBBCC11}\.cr\python-3.8.3.exe</Data><Data Name='TargetObject'>HKU\S-1-5-21-223836497-1760142647-788189203-1001\Software\Microsoft\Windows\CurrentVersion\Uninstall\{6f6f2a2d-6475-4359-bc65-b2cf464bd085}\Publisher</Data><Data Name='Details'>Python Software Foundation</Data></EventData></Event><Event xmlns='http://schemas.microsoft.com/win/2004/08/events/event'><System><Provider Name='Microsoft-Windows-Sysmon' Guid='{5770385f-c22a-43e0-bf4c-06f5698ffbd9}'/><EventID>11</EventID><Version>2</Version><Level>4</Level><Task>11</Task><Opcode>0</Opcode><Keywords>0x8000000000000000</Keywords><TimeCreated SystemTime='2020-05-18T06:33:19.306820800Z'/><EventRecordID>2710</EventRecordID><Correlation/><Execution ProcessID='3008' ThreadID='3552'/><Channel>Microsoft-Windows-Sysmon/Operational</Channel><Computer>DESKTOP-P84STH6</Computer><Security UserID='S-1-5-18'/></System><EventData><Data Name='RuleName'>EXE</Data><Data Name='UtcTime'>2020-05-18 06:33:19.292</Data><Data Name='ProcessGuid'>{5d3d98af-2c29-5ec2-0000-0010bc725b00}</Data><Data Name='ProcessId'>7460</Data><Data Name='Image'>C:\Users\NS\AppData\Local\Temp\{4C6C8EF8-4023-466E-B5D6-BA680FBBCC11}\.cr\python-3.8.3.exe</Data><Data Name='TargetFilename'>C:\Users\NS\AppData\Local\Package Cache\{6f6f2a2d-6475-4359-bc65-b2cf464bd085}\python-3.8.3.exe</Data><Data Name='CreationUtcTime'>2020-05-18 06:33:19.292</Data></EventData></Event><Event xmlns='http://schemas.microsoft.com/win/2004/08/events/event'><System><Provider Name='Microsoft-Windows-Sysmon' Guid='{5770385f-c22a-43e0-bf4c-06f5698ffbd9}'/><EventID>13</EventID><Version>2</Version><Level>4</Level><Task>13</Task><Opcode>0</Opcode><Keywords>0x8000000000000000</Keywords><TimeCreated SystemTime='2020-05-18T06:33:18.812906900Z'/><EventRecordID>2709</EventRecordID><Correlation/><Execution ProcessID='3008' ThreadID='3552'/><Channel>Microsoft-Windows-Sysmon/Operational</Channel><Computer>DESKTOP-P84STH6</Computer><Security UserID='S-1-5-18'/></System><EventData><Data Name='RuleName'>InvDB-Ver</Data><Data Name='EventType'>SetValue</Data><Data Name='UtcTime'>2020-05-18 06:33:18.791</Data><Data Name='ProcessGuid'>{5d3d98af-2742-5ec2-0000-00103d570f00}</Data><Data Name='ProcessId'>8344</Data><Data Name='Image'>C:\Windows\system32\svchost.exe</Data><Data Name='TargetObject'>\REGISTRY\A\{306b2099-7943-b298-df8d-eb87421480ed}\Root\InventoryApplicationFile\python-3.8.3.exe|fd9cd533677e210b\BinProductVersion</Data><Data Name='Details'>3.8.3150.0</Data></EventData></Event><Event xmlns='http://schemas.microsoft.com/win/2004/08/events/event'><System><Provider Name='Microsoft-Windows-Sysmon' Guid='{5770385f-c22a-43e0-bf4c-06f5698ffbd9}'/><EventID>13</EventID><Version>2</Version><Level>4</Level><Task>13</Task><Opcode>0</Opcode><Keywords>0x8000000000000000</Keywords><TimeCreated SystemTime='2020-05-18T06:33:18.811845400Z'/><EventRecordID>2708</EventRecordID><Correlation/><Execution ProcessID='3008' ThreadID='3552'/><Channel>Microsoft-Windows-Sysmon/Operational</Channel><Computer>DESKTOP-P84STH6</Computer><Security UserID='S-1-5-18'/></System><EventData><Data Name='RuleName'>InvDB-CompileTimeClaim</Data><Data Name='EventType'>SetValue</Data><Data Name='UtcTime'>2020-05-18 06:33:18.791</Data><Data Name='ProcessGuid'>{5d3d98af-2742-5ec2-0000-00103d570f00}</Data><Data Name='ProcessId'>8344</Data><Data Name='Image'>C:\Windows\system32\svchost.exe</Data><Data Name='TargetObject'>\REGISTRY\A\{306b2099-7943-b298-df8d-eb87421480ed}\Root\InventoryApplicationFile\python-3.8.3.exe|fd9cd533677e210b\LinkDate</Data><Data Name='Details'>11/18/2017 22:00:38</Data></EventData></Event><Event xmlns='http://schemas.microsoft.com/win/2004/08/events/event'><System><Provider Name='Microsoft-Windows-Sysmon' Guid='{5770385f-c22a-43e0-bf4c-06f5698ffbd9}'/><EventID>13</EventID><Version>2</Version><Level>4</Level><Task>13</Task><Opcode>0</Opcode><Keywords>0x8000000000000000</Keywords><TimeCreated SystemTime='2020-05-18T06:33:18.804688300Z'/><EventRecordID>2707</EventRecordID><Correlation/><Execution ProcessID='3008' ThreadID='3552'/><Channel>Microsoft-Windows-Sysmon/Operational</Channel><Computer>DESKTOP-P84STH6</Computer><Security UserID='S-1-5-18'/></System><EventData><Data Name='RuleName'>InvDB-Pub</Data><Data Name='EventType'>SetValue</Data><Data Name='UtcTime'>2020-05-18 06:33:18.791</Data><Data Name='ProcessGuid'>{5d3d98af-2742-5ec2-0000-00103d570f00}</Data><Data Name='ProcessId'>8344</Data><Data Name='Image'>C:\Windows\system32\svchost.exe</Data><Data Name='TargetObject'>\REGISTRY\A\{306b2099-7943-b298-df8d-eb87421480ed}\Root\InventoryApplicationFile\python-3.8.3.exe|fd9cd533677e210b\Publisher</Data><Data Name='Details'>python software foundation</Data></EventData></Event><Event xmlns='http://schemas.microsoft.com/win/2004/08/events/event'><System><Provider Name='Microsoft-Windows-Sysmon' Guid='{5770385f-c22a-43e0-bf4c-06f5698ffbd9}'/><EventID>13</EventID><Version>2</Version><Level>4</Level><Task>13</Task><Opcode>0</Opcode><Keywords>0x8000000000000000</Keywords><TimeCreated SystemTime='2020-05-18T06:33:18.801622000Z'/><EventRecordID>2706</EventRecordID><Correlation/><Execution ProcessID='3008' ThreadID='3552'/><Channel>Microsoft-Windows-Sysmon/Operational</Channel><Computer>DESKTOP-P84STH6</Computer><Security UserID='S-1-5-18'/></System><EventData><Data Name='RuleName'>InvDB-Path</Data><Data Name='EventType'>SetValue</Data><Data Name='UtcTime'>2020-05-18 06:33:18.791</Data><Data Name='ProcessGuid'>{5d3d98af-2742-5ec2-0000-00103d570f00}</Data><Data Name='ProcessId'>8344</Data><Data Name='Image'>C:\Windows\system32\svchost.exe</Data><Data Name='TargetObject'>\REGISTRY\A\{306b2099-7943-b298-df8d-eb87421480ed}\Root\InventoryApplicationFile\python-3.8.3.exe|fd9cd533677e210b\LowerCaseLongPath</Data><Data Name='Details'>c:\users\ns\appdata\local\temp\{59804a57-c8a9-4c06-ae6a-66a81b82c29c}\.be\python-3.8.3.exe</Data></EventData></Event><Event xmlns='http://schemas.microsoft.com/win/2004/08/events/event'><System><Provider Name='Microsoft-Windows-Sysmon' Guid='{5770385f-c22a-43e0-bf4c-06f5698ffbd9}'/><EventID>1</EventID><Version>5</Version><Level>4</Level><Task>1</Task><Opcode>0</Opcode><Keywords>0x8000000000000000</Keywords><TimeCreated SystemTime='2020-05-18T06:33:18.767108700Z'/><EventRecordID>2705</EventRecordID><Correlation/><Execution ProcessID='3008' ThreadID='3552'/><Channel>Microsoft-Windows-Sysmon/Operational</Channel><Computer>DESKTOP-P84STH6</Computer><Security UserID='S-1-5-18'/></System><EventData><Data Name='RuleName'></Data><Data Name='UtcTime'>2020-05-18 06:33:18.752</Data><Data Name='ProcessGuid'>{5d3d98af-2c2e-5ec2-0000-00107ec45b00}</Data><Data Name='ProcessId'>5668</Data><Data Name='Image'>C:\Users\NS\AppData\Local\Temp\{59804A57-C8A9-4C06-AE6A-66A81B82C29C}\.be\python-3.8.3.exe</Data><Data Name='FileVersion'>3.8.3150.0</Data><Data Name='Description'>Python 3.8.3 (32-bit)</Data><Data Name='Product'>Python 3.8.3 (32-bit)</Data><Data Name='Company'>Python Software Foundation</Data><Data Name='OriginalFileName'>python-3.8.3.exe</Data><Data Name='CommandLine'>"C:\Users\NS\AppData\Local\Temp\{59804A57-C8A9-4C06-AE6A-66A81B82C29C}\.be\python-3.8.3.exe" -q -burn.elevated BurnPipe.{74DB4F0F-2ACA-444B-9A27-AD42F7CF7EE6} {3E326D3F-BD0F-46CC-8FF4-34A4B6107F26} 7460</Data><Data Name='CurrentDirectory'>C:\Users\NS\Downloads\</Data><Data Name='User'>DESKTOP-P84STH6\NS</Data><Data Name='LogonGuid'>{5d3d98af-26d0-5ec2-0000-0020810f0400}</Data><Data Name='LogonId'>0x40f81</Data><Data Name='TerminalSessionId'>1</Data><Data Name='IntegrityLevel'>High</Data><Data Name='Hashes'>MD5=8373CEE699ECCFF2680C1D2D1C568202,SHA256=BD34DF9FBCD277AD1EA978522BB104F8A63ABE53DD0581D3994B65805DD8EDA1,IMPHASH=D7E2FD259780271687FFCA462B9E69B7</Data><Data Name='ParentProcessGuid'>{5d3d98af-2c29-5ec2-0000-0010bc725b00}</Data><Data Name='ParentProcessId'>7460</Data><Data Name='ParentImage'>C:\Users\NS\AppData\Local\Temp\{4C6C8EF8-4023-466E-B5D6-BA680FBBCC11}\.cr\python-3.8.3.exe</Data><Data Name='ParentCommandLine'>"C:\Users\NS\AppData\Local\Temp\{4C6C8EF8-4023-466E-B5D6-BA680FBBCC11}\.cr\python-3.8.3.exe" -burn.clean.room="C:\Users\NS\Downloads\python-3.8.3.exe" -burn.filehandle.attached=660 -burn.filehandle.self=712 </Data></EventData></Event><Event xmlns='http://schemas.microsoft.com/win/2004/08/events/event'><System><Provider Name='Microsoft-Windows-Sysmon' Guid='{5770385f-c22a-43e0-bf4c-06f5698ffbd9}'/><EventID>1</EventID><Version>5</Version><Level>4</Level><Task>1</Task><Opcode>0</Opcode><Keywords>0x8000000000000000</Keywords><TimeCreated SystemTime='2020-05-18T06:33:16.674344900Z'/><EventRecordID>2704</EventRecordID><Correlation/><Execution ProcessID='3008' ThreadID='3552'/><Channel>Microsoft-Windows-Sysmon/Operational</Channel><Computer>DESKTOP-P84STH6</Computer><Security UserID='S-1-5-18'/></System><EventData><Data Name='RuleName'></Data><Data Name='UtcTime'>2020-05-18 06:33:16.667</Data><Data Name='ProcessGuid'>{5d3d98af-2c2c-5ec2-0000-001085a05b00}</Data><Data Name='ProcessId'>7808</Data><Data Name='Image'>C:\Windows\System32\consent.exe</Data><Data Name='FileVersion'>10.0.18362.1 (WinBuild.160101.0800)</Data><Data Name='Description'>Consent UI for administrative applications</Data><Data Name='Product'>Microsoft® Windows® Operating System</Data><Data Name='Company'>Microsoft Corporation</Data><Data Name='OriginalFileName'>consent.exe</Data><Data Name='CommandLine'>consent.exe 3400 884 000001ECAE425500</Data><Data Name='CurrentDirectory'>C:\Windows\system32\</Data><Data Name='User'>NT AUTHORITY\SYSTEM</Data><Data Name='LogonGuid'>{5d3d98af-26b2-5ec2-0000-0020e7030000}</Data><Data Name='LogonId'>0x3e7</Data><Data Name='TerminalSessionId'>1</Data><Data Name='IntegrityLevel'>System</Data><Data Name='Hashes'>MD5=EE2A1C85C472F89B146CC8EE598CCCBC,SHA256=19FD0010DA92B654D1CA270247061A39EA13C0A58529FD8257A97E2EF7794911,IMPHASH=522D83761201075834F05037F5307949</Data><Data Name='ParentProcessGuid'>{5d3d98af-274e-5ec2-0000-001020901000}</Data><Data Name='ParentProcessId'>3400</Data><Data Name='ParentImage'>C:\Windows\System32\svchost.exe</Data><Data Name='ParentCommandLine'>C:\Windows\system32\svchost.exe -k netsvcs -p -s Appinfo</Data></EventData></Event><Event xmlns='http://schemas.microsoft.com/win/2004/08/events/event'><System><Provider Name='Microsoft-Windows-Sysmon' Guid='{5770385f-c22a-43e0-bf4c-06f5698ffbd9}'/><EventID>11</EventID><Version>2</Version><Level>4</Level><Task>11</Task><Opcode>0</Opcode><Keywords>0x8000000000000000</Keywords><TimeCreated SystemTime='2020-05-18T06:33:16.213097400Z'/><EventRecordID>2703</EventRecordID><Correlation/><Execution ProcessID='3008' ThreadID='3552'/><Channel>Microsoft-Windows-Sysmon/Operational</Channel><Computer>DESKTOP-P84STH6</Computer><Security UserID='S-1-5-18'/></System><EventData><Data Name='RuleName'>EXE</Data><Data Name='UtcTime'>2020-05-18 06:33:16.207</Data><Data Name='ProcessGuid'>{5d3d98af-2c29-5ec2-0000-0010bc725b00}</Data><Data Name='ProcessId'>7460</Data><Data Name='Image'>C:\Users\NS\AppData\Local\Temp\{4C6C8EF8-4023-466E-B5D6-BA680FBBCC11}\.cr\python-3.8.3.exe</Data><Data Name='TargetFilename'>C:\Users\NS\AppData\Local\Temp\{59804A57-C8A9-4C06-AE6A-66A81B82C29C}\.be\python-3.8.3.exe</Data><Data Name='CreationUtcTime'>2020-05-18 06:33:16.207</Data></EventData></Event><Event xmlns='http://schemas.microsoft.com/win/2004/08/events/event'><System><Provider Name='Microsoft-Windows-Sysmon' Guid='{5770385f-c22a-43e0-bf4c-06f5698ffbd9}'/><EventID>2</EventID><Version>4</Version><Level>4</Level><Task>2</Task><Opcode>0</Opcode><Keywords>0x8000000000000000</Keywords><TimeCreated SystemTime='2020-05-18T06:33:13.283882300Z'/><EventRecordID>2702</EventRecordID><Correlation/><Execution ProcessID='3008' ThreadID='3552'/><Channel>Microsoft-Windows-Sysmon/Operational</Channel><Computer>DESKTOP-P84STH6</Computer><Security UserID='S-1-5-18'/></System><EventData><Data Name='RuleName'>T1099</Data><Data Name='UtcTime'>2020-05-18 06:33:13.282</Data><Data Name='ProcessGuid'>{5d3d98af-2c29-5ec2-0000-0010bc725b00}</Data><Data Name='ProcessId'>7460</Data><Data Name='Image'>C:\Users\NS\AppData\Local\Temp\{4C6C8EF8-4023-466E-B5D6-BA680FBBCC11}\.cr\python-3.8.3.exe</Data><Data Name='TargetFilename'>C:\Users\NS\AppData\Local\Temp\{59804A57-C8A9-4C06-AE6A-66A81B82C29C}\.ba\BootstrapperApplicationData.xml</Data><Data Name='CreationUtcTime'>2020-05-13 14:46:32.000</Data><Data Name='PreviousCreationUtcTime'>2020-05-18 06:33:13.271</Data></EventData></Event><Event xmlns='http://schemas.microsoft.com/win/2004/08/events/event'><System><Provider Name='Microsoft-Windows-Sysmon' Guid='{5770385f-c22a-43e0-bf4c-06f5698ffbd9}'/><EventID>2</EventID><Version>4</Version><Level>4</Level><Task>2</Task><Opcode>0</Opcode><Keywords>0x8000000000000000</Keywords><TimeCreated SystemTime='2020-05-18T06:33:13.279544000Z'/><EventRecordID>2701</EventRecordID><Correlation/><Execution ProcessID='3008' ThreadID='3552'/><Channel>Microsoft-Windows-Sysmon/Operational</Channel><Computer>DESKTOP-P84STH6</Computer><Security UserID='S-1-5-18'/></System><EventData><Data Name='RuleName'>T1099</Data><Data Name='UtcTime'>2020-05-18 06:33:13.271</Data><Data Name='ProcessGuid'>{5d3d98af-2c29-5ec2-0000-0010bc725b00}</Data><Data Name='ProcessId'>7460</Data><Data Name='Image'>C:\Users\NS\AppData\Local\Temp\{4C6C8EF8-4023-466E-B5D6-BA680FBBCC11}\.cr\python-3.8.3.exe</Data><Data Name='TargetFilename'>C:\Users\NS\AppData\Local\Temp\{59804A57-C8A9-4C06-AE6A-66A81B82C29C}\.ba\SideBar.png</Data><Data Name='CreationUtcTime'>2020-05-13 14:42:40.000</Data><Data Name='PreviousCreationUtcTime'>2020-05-18 06:33:13.271</Data></EventData></Event><Event xmlns='http://schemas.microsoft.com/win/2004/08/events/event'><System><Provider Name='Microsoft-Windows-Sysmon' Guid='{5770385f-c22a-43e0-bf4c-06f5698ffbd9}'/><EventID>2</EventID><Version>4</Version><Level>4</Level><Task>2</Task><Opcode>0</Opcode><Keywords>0x8000000000000000</Keywords><TimeCreated SystemTime='2020-05-18T06:33:13.277272500Z'/><EventRecordID>2700</EventRecordID><Correlation/><Execution ProcessID='3008' ThreadID='3552'/><Channel>Microsoft-Windows-Sysmon/Operational</Channel><Computer>DESKTOP-P84STH6</Computer><Security UserID='S-1-5-18'/></System><EventData><Data Name='RuleName'>T1099</Data><Data Name='UtcTime'>2020-05-18 06:33:13.271</Data><Data Name='ProcessGuid'>{5d3d98af-2c29-5ec2-0000-0010bc725b00}</Data><Data Name='ProcessId'>7460</Data><Data Name='Image'>C:\Users\NS\AppData\Local\Temp\{4C6C8EF8-4023-466E-B5D6-BA680FBBCC11}\.cr\python-3.8.3.exe</Data><Data Name='TargetFilename'>C:\Users\NS\AppData\Local\Temp\{59804A57-C8A9-4C06-AE6A-66A81B82C29C}\.ba\Default.wxl</Data><Data Name='CreationUtcTime'>2020-05-13 14:42:40.000</Data><Data Name='PreviousCreationUtcTime'>2020-05-18 06:33:13.271</Data></EventData></Event><Event xmlns='http://schemas.microsoft.com/win/2004/08/events/event'><System><Provider Name='Microsoft-Windows-Sysmon' Guid='{5770385f-c22a-43e0-bf4c-06f5698ffbd9}'/><EventID>2</EventID><Version>4</Version><Level>4</Level><Task>2</Task><Opcode>0</Opcode><Keywords>0x8000000000000000</Keywords><TimeCreated SystemTime='2020-05-18T06:33:13.274124800Z'/><EventRecordID>2699</EventRecordID><Correlation/><Execution ProcessID='3008' ThreadID='3552'/><Channel>Microsoft-Windows-Sysmon/Operational</Channel><Computer>DESKTOP-P84STH6</Computer><Security UserID='S-1-5-18'/></System><EventData><Data Name='RuleName'>T1099</Data><Data Name='UtcTime'>2020-05-18 06:33:13.271</Data><Data Name='ProcessGuid'>{5d3d98af-2c29-5ec2-0000-0010bc725b00}</Data><Data Name='ProcessId'>7460</Data><Data Name='Image'>C:\Users\NS\AppData\Local\Temp\{4C6C8EF8-4023-466E-B5D6-BA680FBBCC11}\.cr\python-3.8.3.exe</Data><Data Name='TargetFilename'>C:\Users\NS\AppData\Local\Temp\{59804A57-C8A9-4C06-AE6A-66A81B82C29C}\.ba\Default.thm</Data><Data Name='CreationUtcTime'>2020-05-13 14:42:40.000</Data><Data Name='PreviousCreationUtcTime'>2020-05-18 06:33:13.271</Data></EventData></Event><Event xmlns='http://schemas.microsoft.com/win/2004/08/events/event'><System><Provider Name='Microsoft-Windows-Sysmon' Guid='{5770385f-c22a-43e0-bf4c-06f5698ffbd9}'/><EventID>2</EventID><Version>4</Version><Level>4</Level><Task>2</Task><Opcode>0</Opcode><Keywords>0x8000000000000000</Keywords><TimeCreated SystemTime='2020-05-18T06:33:13.271401700Z'/><EventRecordID>2698</EventRecordID><Correlation/><Execution ProcessID='3008' ThreadID='3552'/><Channel>Microsoft-Windows-Sysmon/Operational</Channel><Computer>DESKTOP-P84STH6</Computer><Security UserID='S-1-5-18'/></System><EventData><Data Name='RuleName'>T1099</Data><Data Name='UtcTime'>2020-05-18 06:33:13.265</Data><Data Name='ProcessGuid'>{5d3d98af-2c29-5ec2-0000-0010bc725b00}</Data><Data Name='ProcessId'>7460</Data><Data Name='Image'>C:\Users\NS\AppData\Local\Temp\{4C6C8EF8-4023-466E-B5D6-BA680FBBCC11}\.cr\python-3.8.3.exe</Data><Data Name='TargetFilename'>C:\Users\NS\AppData\Local\Temp\{59804A57-C8A9-4C06-AE6A-66A81B82C29C}\.ba\PythonBA.dll</Data><Data Name='CreationUtcTime'>2020-05-13 14:46:30.000</Data><Data Name='PreviousCreationUtcTime'>2020-05-18 06:33:13.254</Data></EventData></Event><Event xmlns='http://schemas.microsoft.com/win/2004/08/events/event'><System><Provider Name='Microsoft-Windows-Sysmon' Guid='{5770385f-c22a-43e0-bf4c-06f5698ffbd9}'/><EventID>11</EventID><Version>2</Version><Level>4</Level><Task>11</Task><Opcode>0</Opcode><Keywords>0x8000000000000000</Keywords><TimeCreated SystemTime='2020-05-18T06:33:13.262289900Z'/><EventRecordID>2697</EventRecordID><Correlation/><Execution ProcessID='3008' ThreadID='3552'/><Channel>Microsoft-Windows-Sysmon/Operational</Channel><Computer>DESKTOP-P84STH6</Computer><Security UserID='S-1-5-18'/></System><EventData><Data Name='RuleName'>DLL</Data><Data Name='UtcTime'>2020-05-18 06:33:13.254</Data><Data Name='ProcessGuid'>{5d3d98af-2c29-5ec2-0000-0010bc725b00}</Data><Data Name='ProcessId'>7460</Data><Data Name='Image'>C:\Users\NS\AppData\Local\Temp\{4C6C8EF8-4023-466E-B5D6-BA680FBBCC11}\.cr\python-3.8.3.exe</Data><Data Name='TargetFilename'>C:\Users\NS\AppData\Local\Temp\{59804A57-C8A9-4C06-AE6A-66A81B82C29C}\.ba\PythonBA.dll</Data><Data Name='CreationUtcTime'>2020-05-18 06:33:13.254</Data></EventData></Event>