<Event xmlns='http://schemas.microsoft.com/win/2004/08/events/event'><System><Provider Name='Microsoft-Windows-Sysmon' Guid='{5770385f-c22a-43e0-bf4c-06f5698ffbd9}'/><EventID>13</EventID><Version>2</Version><Level>4</Level><Task>13</Task><Opcode>0</Opcode><Keywords>0x8000000000000000</Keywords><TimeCreated SystemTime='2020-05-18T06:29:30.258688600Z'/><EventRecordID>4519</EventRecordID><Correlation/><Execution ProcessID='2480' ThreadID='3260'/><Channel>Microsoft-Windows-Sysmon/Operational</Channel><Computer>DESKTOP-P84STH6</Computer><Security UserID='S-1-5-18'/></System><EventData><Data Name='RuleName'>T1089,Tamper-Defender</Data><Data Name='EventType'>SetValue</Data><Data Name='UtcTime'>2020-05-18 06:29:30.249</Data><Data Name='ProcessGuid'>{5d3d98af-2b4a-5ec2-0000-00107c623a00}</Data><Data Name='ProcessId'>6208</Data><Data Name='Image'>C:\ProgramData\Microsoft\Windows Defender\platform\4.18.2005.4-0\MsMpEng.exe</Data><Data Name='TargetObject'>HKLM\SOFTWARE\Microsoft\Windows Defender\DisableAntiVirus</Data><Data Name='Details'>DWORD (0x00000000)</Data></EventData></Event><Event xmlns='http://schemas.microsoft.com/win/2004/08/events/event'><System><Provider Name='Microsoft-Windows-Sysmon' Guid='{5770385f-c22a-43e0-bf4c-06f5698ffbd9}'/><EventID>13</EventID><Version>2</Version><Level>4</Level><Task>13</Task><Opcode>0</Opcode><Keywords>0x8000000000000000</Keywords><TimeCreated SystemTime='2020-05-18T06:29:30.258506200Z'/><EventRecordID>4518</EventRecordID><Correlation/><Execution ProcessID='2480' ThreadID='3260'/><Channel>Microsoft-Windows-Sysmon/Operational</Channel><Computer>DESKTOP-P84STH6</Computer><Security UserID='S-1-5-18'/></System><EventData><Data Name='RuleName'>T1089,Tamper-Defender</Data><Data Name='EventType'>SetValue</Data><Data Name='UtcTime'>2020-05-18 06:29:30.249</Data><Data Name='ProcessGuid'>{5d3d98af-2b4a-5ec2-0000-00107c623a00}</Data><Data Name='ProcessId'>6208</Data><Data Name='Image'>C:\ProgramData\Microsoft\Windows Defender\platform\4.18.2005.4-0\MsMpEng.exe</Data><Data Name='TargetObject'>HKLM\SOFTWARE\Microsoft\Windows Defender\DisableAntiSpyware</Data><Data Name='Details'>DWORD (0x00000000)</Data></EventData></Event><Event xmlns='http://schemas.microsoft.com/win/2004/08/events/event'><System><Provider Name='Microsoft-Windows-Sysmon' Guid='{5770385f-c22a-43e0-bf4c-06f5698ffbd9}'/><EventID>1</EventID><Version>5</Version><Level>4</Level><Task>1</Task><Opcode>0</Opcode><Keywords>0x8000000000000000</Keywords><TimeCreated SystemTime='2020-05-18T06:29:30.193874600Z'/><EventRecordID>4517</EventRecordID><Correlation/><Execution ProcessID='2480' ThreadID='3260'/><Channel>Microsoft-Windows-Sysmon/Operational</Channel><Computer>DESKTOP-P84STH6</Computer><Security UserID='S-1-5-18'/></System><EventData><Data Name='RuleName'></Data><Data Name='UtcTime'>2020-05-18 06:29:30.167</Data><Data Name='ProcessGuid'>{5d3d98af-2b4a-5ec2-0000-00107c623a00}</Data><Data Name='ProcessId'>6208</Data><Data Name='Image'>C:\ProgramData\Microsoft\Windows Defender\Platform\4.18.2005.4-0\MsMpEng.exe</Data><Data Name='FileVersion'>4.18.2005.4 (WinBuild.160101.0800)</Data><Data Name='Description'>Antimalware Service Executable</Data><Data Name='Product'>Microsoft® Windows® Operating System</Data><Data Name='Company'>Microsoft Corporation</Data><Data Name='OriginalFileName'>MsMpEng.exe</Data><Data Name='CommandLine'>"C:\ProgramData\Microsoft\Windows Defender\platform\4.18.2005.4-0\MsMpEng.exe"</Data><Data Name='CurrentDirectory'>C:\Windows\system32\</Data><Data Name='User'>NT AUTHORITY\SYSTEM</Data><Data Name='LogonGuid'>{5d3d98af-27d7-5ec2-0000-0020e7030000}</Data><Data Name='LogonId'>0x3e7</Data><Data Name='TerminalSessionId'>0</Data><Data Name='IntegrityLevel'>System</Data><Data Name='Hashes'>MD5=B1B3D9084C0801B2FCA9C7EDDD80476D,SHA256=B5209AF5CF94D0B0DAA9D2B1D7E9402BC97999A25E7038EBBFBBFBDEB8DC675F,IMPHASH=B3524FFE94198287C22E873C996C4818</Data><Data Name='ParentProcessGuid'>{5d3d98af-27d6-5ec2-0000-001090590000}</Data><Data Name='ParentProcessId'>588</Data><Data Name='ParentImage'>C:\Windows\System32\services.exe</Data><Data Name='ParentCommandLine'>C:\Windows\system32\services.exe</Data></EventData></Event><Event xmlns='http://schemas.microsoft.com/win/2004/08/events/event'><System><Provider Name='Microsoft-Windows-Sysmon' Guid='{5770385f-c22a-43e0-bf4c-06f5698ffbd9}'/><EventID>1</EventID><Version>5</Version><Level>4</Level><Task>1</Task><Opcode>0</Opcode><Keywords>0x8000000000000000</Keywords><TimeCreated SystemTime='2020-05-18T06:29:27.094473300Z'/><EventRecordID>4516</EventRecordID><Correlation/><Execution ProcessID='2480' ThreadID='3260'/><Channel>Microsoft-Windows-Sysmon/Operational</Channel><Computer>DESKTOP-P84STH6</Computer><Security UserID='S-1-5-18'/></System><EventData><Data Name='RuleName'></Data><Data Name='UtcTime'>2020-05-18 06:29:27.091</Data><Data Name='ProcessGuid'>{5d3d98af-2b47-5ec2-0000-00103d4b3a00}</Data><Data Name='ProcessId'>4744</Data><Data Name='Image'>C:\Program Files\Windows Defender\MpCmdRun.exe</Data><Data Name='FileVersion'>4.18.1902.5 (GitEnlistment(winpbld).190221-1742)</Data><Data Name='Description'>Microsoft Malware Protection Command Line Utility</Data><Data Name='Product'>Microsoft® Windows® Operating System</Data><Data Name='Company'>Microsoft Corporation</Data><Data Name='OriginalFileName'>MpCmdRun.exe</Data><Data Name='CommandLine'>"C:\Program Files\Windows Defender\MpCmdRun.exe" -RestartService</Data><Data Name='CurrentDirectory'>C:\Windows\system32\</Data><Data Name='User'>NT AUTHORITY\SYSTEM</Data><Data Name='LogonGuid'>{5d3d98af-27d7-5ec2-0000-0020e7030000}</Data><Data Name='LogonId'>0x3e7</Data><Data Name='TerminalSessionId'>0</Data><Data Name='IntegrityLevel'>System</Data><Data Name='Hashes'>MD5=CC4F6CBDE75F08AFDCEFB95087149A5D,SHA256=885557BE148DE55F6A127EA26AC457B9415E3E3BAF30266D82B9D19B89E78EE4,IMPHASH=B34FCC4C232A80C59EEDF422ACC8372D</Data><Data Name='ParentProcessGuid'>{5d3d98af-2b45-5ec2-0000-0010b3073a00}</Data><Data Name='ParentProcessId'>6872</Data><Data Name='ParentImage'>C:\Program Files\Windows Defender\MsMpEng.exe</Data><Data Name='ParentCommandLine'>"C:\Program Files\Windows Defender\MsMpEng.exe"</Data></EventData></Event><Event xmlns='http://schemas.microsoft.com/win/2004/08/events/event'><System><Provider Name='Microsoft-Windows-Sysmon' Guid='{5770385f-c22a-43e0-bf4c-06f5698ffbd9}'/><EventID>13</EventID><Version>2</Version><Level>4</Level><Task>13</Task><Opcode>0</Opcode><Keywords>0x8000000000000000</Keywords><TimeCreated SystemTime='2020-05-18T06:29:27.092302100Z'/><EventRecordID>4515</EventRecordID><Correlation/><Execution ProcessID='2480' ThreadID='3260'/><Channel>Microsoft-Windows-Sysmon/Operational</Channel><Computer>DESKTOP-P84STH6</Computer><Security UserID='S-1-5-18'/></System><EventData><Data Name='RuleName'>T1031,T1050</Data><Data Name='EventType'>SetValue</Data><Data Name='UtcTime'>2020-05-18 06:29:27.077</Data><Data Name='ProcessGuid'>{5d3d98af-27d6-5ec2-0000-001090590000}</Data><Data Name='ProcessId'>588</Data><Data Name='Image'>C:\Windows\system32\services.exe</Data><Data Name='TargetObject'>HKLM\System\CurrentControlSet\Services\WinDefend\ImagePath</Data><Data Name='Details'>"C:\ProgramData\Microsoft\Windows Defender\platform\4.18.2005.4-0\MsMpEng.exe"</Data></EventData></Event><Event xmlns='http://schemas.microsoft.com/win/2004/08/events/event'><System><Provider Name='Microsoft-Windows-Sysmon' Guid='{5770385f-c22a-43e0-bf4c-06f5698ffbd9}'/><EventID>1</EventID><Version>5</Version><Level>4</Level><Task>1</Task><Opcode>0</Opcode><Keywords>0x8000000000000000</Keywords><TimeCreated SystemTime='2020-05-18T06:29:26.779593900Z'/><EventRecordID>4514</EventRecordID><Correlation/><Execution ProcessID='2480' ThreadID='3260'/><Channel>Microsoft-Windows-Sysmon/Operational</Channel><Computer>DESKTOP-P84STH6</Computer><Security UserID='S-1-5-18'/></System><EventData><Data Name='RuleName'></Data><Data Name='UtcTime'>2020-05-18 06:29:26.774</Data><Data Name='ProcessGuid'>{5d3d98af-2b46-5ec2-0000-0010bd373a00}</Data><Data Name='ProcessId'>6468</Data><Data Name='Image'>C:\Windows\System32\taskkill.exe</Data><Data Name='FileVersion'>10.0.18362.1 (WinBuild.160101.0800)</Data><Data Name='Description'>Terminates Processes</Data><Data Name='Product'>Microsoft® Windows® Operating System</Data><Data Name='Company'>Microsoft Corporation</Data><Data Name='OriginalFileName'>taskkill.exe</Data><Data Name='CommandLine'>C:\Windows\system32\taskkill.exe /f /FI "MODULES eq protectionmanagement.dll" /IM WmiPrvSE.exe</Data><Data Name='CurrentDirectory'>C:\Windows\system32\</Data><Data Name='User'>NT AUTHORITY\SYSTEM</Data><Data Name='LogonGuid'>{5d3d98af-27d7-5ec2-0000-0020e7030000}</Data><Data Name='LogonId'>0x3e7</Data><Data Name='TerminalSessionId'>0</Data><Data Name='IntegrityLevel'>System</Data><Data Name='Hashes'>MD5=3BBEE3AC757CA54F33710DF8FB9D47A7,SHA256=D9E29313D2127FF1983A050D84626765D01682EDB2C1C5D5F209DDA20C3EAB87,IMPHASH=100938B32F577E925618EA395A8C469B</Data><Data Name='ParentProcessGuid'>{5d3d98af-2b45-5ec2-0000-0010b3073a00}</Data><Data Name='ParentProcessId'>6872</Data><Data Name='ParentImage'>C:\Program Files\Windows Defender\MsMpEng.exe</Data><Data Name='ParentCommandLine'>"C:\Program Files\Windows Defender\MsMpEng.exe"</Data></EventData></Event><Event xmlns='http://schemas.microsoft.com/win/2004/08/events/event'><System><Provider Name='Microsoft-Windows-Sysmon' Guid='{5770385f-c22a-43e0-bf4c-06f5698ffbd9}'/><EventID>13</EventID><Version>2</Version><Level>4</Level><Task>13</Task><Opcode>0</Opcode><Keywords>0x8000000000000000</Keywords><TimeCreated SystemTime='2020-05-18T06:29:26.773705800Z'/><EventRecordID>4513</EventRecordID><Correlation/><Execution ProcessID='2480' ThreadID='3260'/><Channel>Microsoft-Windows-Sysmon/Operational</Channel><Computer>DESKTOP-P84STH6</Computer><Security UserID='S-1-5-18'/></System><EventData><Data Name='RuleName'>T1122</Data><Data Name='EventType'>SetValue</Data><Data Name='UtcTime'>2020-05-18 06:29:26.768</Data><Data Name='ProcessGuid'>{5d3d98af-2b45-5ec2-0000-0010b3073a00}</Data><Data Name='ProcessId'>6872</Data><Data Name='Image'>C:\Program Files\Windows Defender\MsMpEng.exe</Data><Data Name='TargetObject'>HKCR\CLSID\{A7C452EF-8E9F-42EB-9F2B-245613CA0DC9}\InprocServer32\(Default)</Data><Data Name='Details'>"%%ProgramData%%\Microsoft\Windows Defender\platform\4.18.2005.4-0\ProtectionManagement.dll"</Data></EventData></Event><Event xmlns='http://schemas.microsoft.com/win/2004/08/events/event'><System><Provider Name='Microsoft-Windows-Sysmon' Guid='{5770385f-c22a-43e0-bf4c-06f5698ffbd9}'/><EventID>11</EventID><Version>2</Version><Level>4</Level><Task>11</Task><Opcode>0</Opcode><Keywords>0x8000000000000000</Keywords><TimeCreated SystemTime='2020-05-18T06:29:26.760917500Z'/><EventRecordID>4512</EventRecordID><Correlation/><Execution ProcessID='2480' ThreadID='3260'/><Channel>Microsoft-Windows-Sysmon/Operational</Channel><Computer>DESKTOP-P84STH6</Computer><Security UserID='S-1-5-18'/></System><EventData><Data Name='RuleName'></Data><Data Name='UtcTime'>2020-05-18 06:29:26.751</Data><Data Name='ProcessGuid'>{5d3d98af-2b46-5ec2-0000-0010a62d3a00}</Data><Data Name='ProcessId'>3816</Data><Data Name='Image'>C:\Windows\system32\wbem\mofcomp.exe</Data><Data Name='TargetFilename'>C:\Windows\System32\wbem\AutoRecover\92126D32F29F8C4B1F830B9B25AE4AF4.mof</Data><Data Name='CreationUtcTime'>2020-05-18 06:29:26.751</Data></EventData></Event><Event xmlns='http://schemas.microsoft.com/win/2004/08/events/event'><System><Provider Name='Microsoft-Windows-Sysmon' Guid='{5770385f-c22a-43e0-bf4c-06f5698ffbd9}'/><EventID>1</EventID><Version>5</Version><Level>4</Level><Task>1</Task><Opcode>0</Opcode><Keywords>0x8000000000000000</Keywords><TimeCreated SystemTime='2020-05-18T06:29:26.304676900Z'/><EventRecordID>4511</EventRecordID><Correlation/><Execution ProcessID='2480' ThreadID='3260'/><Channel>Microsoft-Windows-Sysmon/Operational</Channel><Computer>DESKTOP-P84STH6</Computer><Security UserID='S-1-5-18'/></System><EventData><Data Name='RuleName'></Data><Data Name='UtcTime'>2020-05-18 06:29:26.294</Data><Data Name='ProcessGuid'>{5d3d98af-2b46-5ec2-0000-0010a62d3a00}</Data><Data Name='ProcessId'>3816</Data><Data Name='Image'>C:\Windows\System32\wbem\mofcomp.exe</Data><Data Name='FileVersion'>10.0.18362.1 (WinBuild.160101.0800)</Data><Data Name='Description'>The Managed Object Format (MOF) Compiler </Data><Data Name='Product'>Microsoft® Windows® Operating System</Data><Data Name='Company'>Microsoft Corporation</Data><Data Name='OriginalFileName'>mofcomp.exe</Data><Data Name='CommandLine'>C:\Windows\system32\wbem\mofcomp.exe "C:\ProgramData\Microsoft\Windows Defender\platform\4.18.2005.4-0\ProtectionManagement.mof"</Data><Data Name='CurrentDirectory'>C:\Windows\system32\</Data><Data Name='User'>NT AUTHORITY\SYSTEM</Data><Data Name='LogonGuid'>{5d3d98af-27d7-5ec2-0000-0020e7030000}</Data><Data Name='LogonId'>0x3e7</Data><Data Name='TerminalSessionId'>0</Data><Data Name='IntegrityLevel'>System</Data><Data Name='Hashes'>MD5=3CB33A0E18DD6523FEE62C907C3C20B9,SHA256=F74EEC05ED51FEB73FF444F0CC592216F7BAF77CD5414019B755926B54900DA3,IMPHASH=9A6A5E4D269C5D18366CA5BF7D1981EB</Data><Data Name='ParentProcessGuid'>{5d3d98af-2b45-5ec2-0000-0010b3073a00}</Data><Data Name='ParentProcessId'>6872</Data><Data Name='ParentImage'>C:\Program Files\Windows Defender\MsMpEng.exe</Data><Data Name='ParentCommandLine'>"C:\Program Files\Windows Defender\MsMpEng.exe"</Data></EventData></Event><Event xmlns='http://schemas.microsoft.com/win/2004/08/events/event'><System><Provider Name='Microsoft-Windows-Sysmon' Guid='{5770385f-c22a-43e0-bf4c-06f5698ffbd9}'/><EventID>11</EventID><Version>2</Version><Level>4</Level><Task>11</Task><Opcode>0</Opcode><Keywords>0x8000000000000000</Keywords><TimeCreated SystemTime='2020-05-18T06:29:26.298209600Z'/><EventRecordID>4510</EventRecordID><Correlation/><Execution ProcessID='2480' ThreadID='3260'/><Channel>Microsoft-Windows-Sysmon/Operational</Channel><Computer>DESKTOP-P84STH6</Computer><Security UserID='S-1-5-18'/></System><EventData><Data Name='RuleName'></Data><Data Name='UtcTime'>2020-05-18 06:29:26.280</Data><Data Name='ProcessGuid'>{5d3d98af-2b45-5ec2-0000-0010b3073a00}</Data><Data Name='ProcessId'>6872</Data><Data Name='Image'>C:\Program Files\Windows Defender\MsMpEng.exe</Data><Data Name='TargetFilename'>C:\Windows\System32\WindowsPowerShell\v1.0\Modules\ConfigDefender\MSFT_MpSignature.cdxml</Data><Data Name='CreationUtcTime'>2020-05-18 06:29:26.280</Data></EventData></Event><Event xmlns='http://schemas.microsoft.com/win/2004/08/events/event'><System><Provider Name='Microsoft-Windows-Sysmon' Guid='{5770385f-c22a-43e0-bf4c-06f5698ffbd9}'/><EventID>11</EventID><Version>2</Version><Level>4</Level><Task>11</Task><Opcode>0</Opcode><Keywords>0x8000000000000000</Keywords><TimeCreated SystemTime='2020-05-18T06:29:26.298159600Z'/><EventRecordID>4509</EventRecordID><Correlation/><Execution ProcessID='2480' ThreadID='3260'/><Channel>Microsoft-Windows-Sysmon/Operational</Channel><Computer>DESKTOP-P84STH6</Computer><Security UserID='S-1-5-18'/></System><EventData><Data Name='RuleName'></Data><Data Name='UtcTime'>2020-05-18 06:29:26.280</Data><Data Name='ProcessGuid'>{5d3d98af-2b45-5ec2-0000-0010b3073a00}</Data><Data Name='ProcessId'>6872</Data><Data Name='Image'>C:\Program Files\Windows Defender\MsMpEng.exe</Data><Data Name='TargetFilename'>C:\Windows\System32\WindowsPowerShell\v1.0\Modules\ConfigDefender\MSFT_MpWDOScan.cdxml</Data><Data Name='CreationUtcTime'>2020-05-18 06:29:26.280</Data></EventData></Event><Event xmlns='http://schemas.microsoft.com/win/2004/08/events/event'><System><Provider Name='Microsoft-Windows-Sysmon' Guid='{5770385f-c22a-43e0-bf4c-06f5698ffbd9}'/><EventID>11</EventID><Version>2</Version><Level>4</Level><Task>11</Task><Opcode>0</Opcode><Keywords>0x8000000000000000</Keywords><TimeCreated SystemTime='2020-05-18T06:29:26.298109600Z'/><EventRecordID>4508</EventRecordID><Correlation/><Execution ProcessID='2480' ThreadID='3260'/><Channel>Microsoft-Windows-Sysmon/Operational</Channel><Computer>DESKTOP-P84STH6</Computer><Security UserID='S-1-5-18'/></System><EventData><Data Name='RuleName'></Data><Data Name='UtcTime'>2020-05-18 06:29:26.280</Data><Data Name='ProcessGuid'>{5d3d98af-2b45-5ec2-0000-0010b3073a00}</Data><Data Name='ProcessId'>6872</Data><Data Name='Image'>C:\Program Files\Windows Defender\MsMpEng.exe</Data><Data Name='TargetFilename'>C:\Windows\System32\WindowsPowerShell\v1.0\Modules\ConfigDefender\MSFT_MpScan.cdxml</Data><Data Name='CreationUtcTime'>2020-05-18 06:29:26.280</Data></EventData></Event><Event xmlns='http://schemas.microsoft.com/win/2004/08/events/event'><System><Provider Name='Microsoft-Windows-Sysmon' Guid='{5770385f-c22a-43e0-bf4c-06f5698ffbd9}'/><EventID>11</EventID><Version>2</Version><Level>4</Level><Task>11</Task><Opcode>0</Opcode><Keywords>0x8000000000000000</Keywords><TimeCreated SystemTime='2020-05-18T06:29:26.298059400Z'/><EventRecordID>4507</EventRecordID><Correlation/><Execution ProcessID='2480' ThreadID='3260'/><Channel>Microsoft-Windows-Sysmon/Operational</Channel><Computer>DESKTOP-P84STH6</Computer><Security UserID='S-1-5-18'/></System><EventData><Data Name='RuleName'></Data><Data Name='UtcTime'>2020-05-18 06:29:26.280</Data><Data Name='ProcessGuid'>{5d3d98af-2b45-5ec2-0000-0010b3073a00}</Data><Data Name='ProcessId'>6872</Data><Data Name='Image'>C:\Program Files\Windows Defender\MsMpEng.exe</Data><Data Name='TargetFilename'>C:\Windows\System32\WindowsPowerShell\v1.0\Modules\ConfigDefender\MSFT_MpPreference.cdxml</Data><Data Name='CreationUtcTime'>2020-05-18 06:29:26.280</Data></EventData></Event><Event xmlns='http://schemas.microsoft.com/win/2004/08/events/event'><System><Provider Name='Microsoft-Windows-Sysmon' Guid='{5770385f-c22a-43e0-bf4c-06f5698ffbd9}'/><EventID>11</EventID><Version>2</Version><Level>4</Level><Task>11</Task><Opcode>0</Opcode><Keywords>0x8000000000000000</Keywords><TimeCreated SystemTime='2020-05-18T06:29:26.298008300Z'/><EventRecordID>4506</EventRecordID><Correlation/><Execution ProcessID='2480' ThreadID='3260'/><Channel>Microsoft-Windows-Sysmon/Operational</Channel><Computer>DESKTOP-P84STH6</Computer><Security UserID='S-1-5-18'/></System><EventData><Data Name='RuleName'></Data><Data Name='UtcTime'>2020-05-18 06:29:26.280</Data><Data Name='ProcessGuid'>{5d3d98af-2b45-5ec2-0000-0010b3073a00}</Data><Data Name='ProcessId'>6872</Data><Data Name='Image'>C:\Program Files\Windows Defender\MsMpEng.exe</Data><Data Name='TargetFilename'>C:\Windows\System32\WindowsPowerShell\v1.0\Modules\ConfigDefender\MSFT_MpThreatDetection.cdxml</Data><Data Name='CreationUtcTime'>2020-05-18 06:29:26.280</Data></EventData></Event><Event xmlns='http://schemas.microsoft.com/win/2004/08/events/event'><System><Provider Name='Microsoft-Windows-Sysmon' Guid='{5770385f-c22a-43e0-bf4c-06f5698ffbd9}'/><EventID>11</EventID><Version>2</Version><Level>4</Level><Task>11</Task><Opcode>0</Opcode><Keywords>0x8000000000000000</Keywords><TimeCreated SystemTime='2020-05-18T06:29:26.297956700Z'/><EventRecordID>4505</EventRecordID><Correlation/><Execution ProcessID='2480' ThreadID='3260'/><Channel>Microsoft-Windows-Sysmon/Operational</Channel><Computer>DESKTOP-P84STH6</Computer><Security UserID='S-1-5-18'/></System><EventData><Data Name='RuleName'></Data><Data Name='UtcTime'>2020-05-18 06:29:26.280</Data><Data Name='ProcessGuid'>{5d3d98af-2b45-5ec2-0000-0010b3073a00}</Data><Data Name='ProcessId'>6872</Data><Data Name='Image'>C:\Program Files\Windows Defender\MsMpEng.exe</Data><Data Name='TargetFilename'>C:\Windows\System32\WindowsPowerShell\v1.0\Modules\ConfigDefender\MSFT_MpThreatCatalog.cdxml</Data><Data Name='CreationUtcTime'>2020-05-18 06:29:26.280</Data></EventData></Event><Event xmlns='http://schemas.microsoft.com/win/2004/08/events/event'><System><Provider Name='Microsoft-Windows-Sysmon' Guid='{5770385f-c22a-43e0-bf4c-06f5698ffbd9}'/><EventID>11</EventID><Version>2</Version><Level>4</Level><Task>11</Task><Opcode>0</Opcode><Keywords>0x8000000000000000</Keywords><TimeCreated SystemTime='2020-05-18T06:29:26.297905300Z'/><EventRecordID>4504</EventRecordID><Correlation/><Execution ProcessID='2480' ThreadID='3260'/><Channel>Microsoft-Windows-Sysmon/Operational</Channel><Computer>DESKTOP-P84STH6</Computer><Security UserID='S-1-5-18'/></System><EventData><Data Name='RuleName'></Data><Data Name='UtcTime'>2020-05-18 06:29:26.280</Data><Data Name='ProcessGuid'>{5d3d98af-2b45-5ec2-0000-0010b3073a00}</Data><Data Name='ProcessId'>6872</Data><Data Name='Image'>C:\Program Files\Windows Defender\MsMpEng.exe</Data><Data Name='TargetFilename'>C:\Windows\System32\WindowsPowerShell\v1.0\Modules\ConfigDefender\MSFT_MpThreat.cdxml</Data><Data Name='CreationUtcTime'>2020-05-18 06:29:26.280</Data></EventData></Event><Event xmlns='http://schemas.microsoft.com/win/2004/08/events/event'><System><Provider Name='Microsoft-Windows-Sysmon' Guid='{5770385f-c22a-43e0-bf4c-06f5698ffbd9}'/><EventID>11</EventID><Version>2</Version><Level>4</Level><Task>11</Task><Opcode>0</Opcode><Keywords>0x8000000000000000</Keywords><TimeCreated SystemTime='2020-05-18T06:29:26.297852900Z'/><EventRecordID>4503</EventRecordID><Correlation/><Execution ProcessID='2480' ThreadID='3260'/><Channel>Microsoft-Windows-Sysmon/Operational</Channel><Computer>DESKTOP-P84STH6</Computer><Security UserID='S-1-5-18'/></System><EventData><Data Name='RuleName'></Data><Data Name='UtcTime'>2020-05-18 06:29:26.280</Data><Data Name='ProcessGuid'>{5d3d98af-2b45-5ec2-0000-0010b3073a00}</Data><Data Name='ProcessId'>6872</Data><Data Name='Image'>C:\Program Files\Windows Defender\MsMpEng.exe</Data><Data Name='TargetFilename'>C:\Windows\System32\WindowsPowerShell\v1.0\Modules\ConfigDefender\MSFT_MpComputerStatus.cdxml</Data><Data Name='CreationUtcTime'>2020-05-18 06:29:26.280</Data></EventData></Event><Event xmlns='http://schemas.microsoft.com/win/2004/08/events/event'><System><Provider Name='Microsoft-Windows-Sysmon' Guid='{5770385f-c22a-43e0-bf4c-06f5698ffbd9}'/><EventID>11</EventID><Version>2</Version><Level>4</Level><Task>11</Task><Opcode>0</Opcode><Keywords>0x8000000000000000</Keywords><TimeCreated SystemTime='2020-05-18T06:29:26.297787300Z'/><EventRecordID>4502</EventRecordID><Correlation/><Execution ProcessID='2480' ThreadID='3260'/><Channel>Microsoft-Windows-Sysmon/Operational</Channel><Computer>DESKTOP-P84STH6</Computer><Security UserID='S-1-5-18'/></System><EventData><Data Name='RuleName'></Data><Data Name='UtcTime'>2020-05-18 06:29:26.280</Data><Data Name='ProcessGuid'>{5d3d98af-2b45-5ec2-0000-0010b3073a00}</Data><Data Name='ProcessId'>6872</Data><Data Name='Image'>C:\Program Files\Windows Defender\MsMpEng.exe</Data><Data Name='TargetFilename'>C:\Windows\System32\WindowsPowerShell\v1.0\Modules\ConfigDefender\ConfigDefender.psd1</Data><Data Name='CreationUtcTime'>2020-05-18 06:29:26.280</Data></EventData></Event><Event xmlns='http://schemas.microsoft.com/win/2004/08/events/event'><System><Provider Name='Microsoft-Windows-Sysmon' Guid='{5770385f-c22a-43e0-bf4c-06f5698ffbd9}'/><EventID>11</EventID><Version>2</Version><Level>4</Level><Task>11</Task><Opcode>0</Opcode><Keywords>0x8000000000000000</Keywords><TimeCreated SystemTime='2020-05-18T06:29:26.297553800Z'/><EventRecordID>4501</EventRecordID><Correlation/><Execution ProcessID='2480' ThreadID='3260'/><Channel>Microsoft-Windows-Sysmon/Operational</Channel><Computer>DESKTOP-P84STH6</Computer><Security UserID='S-1-5-18'/></System><EventData><Data Name='RuleName'></Data><Data Name='UtcTime'>2020-05-18 06:29:26.280</Data><Data Name='ProcessGuid'>{5d3d98af-2b45-5ec2-0000-0010b3073a00}</Data><Data Name='ProcessId'>6872</Data><Data Name='Image'>C:\Program Files\Windows Defender\MsMpEng.exe</Data><Data Name='TargetFilename'>C:\Windows\System32\WindowsPowerShell\v1.0\Modules\ConfigDefender</Data><Data Name='CreationUtcTime'>2020-05-18 06:29:26.280</Data></EventData></Event><Event xmlns='http://schemas.microsoft.com/win/2004/08/events/event'><System><Provider Name='Microsoft-Windows-Sysmon' Guid='{5770385f-c22a-43e0-bf4c-06f5698ffbd9}'/><EventID>13</EventID><Version>2</Version><Level>4</Level><Task>13</Task><Opcode>0</Opcode><Keywords>0x8000000000000000</Keywords><TimeCreated SystemTime='2020-05-18T06:29:26.297223600Z'/><EventRecordID>4500</EventRecordID><Correlation/><Execution ProcessID='2480' ThreadID='3260'/><Channel>Microsoft-Windows-Sysmon/Operational</Channel><Computer>DESKTOP-P84STH6</Computer><Security UserID='S-1-5-18'/></System><EventData><Data Name='RuleName'>T1122</Data><Data Name='EventType'>SetValue</Data><Data Name='UtcTime'>2020-05-18 06:29:26.280</Data><Data Name='ProcessGuid'>{5d3d98af-2b45-5ec2-0000-0010b3073a00}</Data><Data Name='ProcessId'>6872</Data><Data Name='Image'>C:\Program Files\Windows Defender\MsMpEng.exe</Data><Data Name='TargetObject'>HKCR\CLSID\{195B4D07-3DE2-4744-BBF2-D90121AE785B}\InprocServer32\(Default)</Data><Data Name='Details'>"%%ProgramData%%\Microsoft\Windows Defender\platform\4.18.2005.4-0\DefenderCSP.dll"</Data></EventData></Event><Event xmlns='http://schemas.microsoft.com/win/2004/08/events/event'><System><Provider Name='Microsoft-Windows-Sysmon' Guid='{5770385f-c22a-43e0-bf4c-06f5698ffbd9}'/><EventID>13</EventID><Version>2</Version><Level>4</Level><Task>13</Task><Opcode>0</Opcode><Keywords>0x8000000000000000</Keywords><TimeCreated SystemTime='2020-05-18T06:29:26.297070400Z'/><EventRecordID>4499</EventRecordID><Correlation/><Execution ProcessID='2480' ThreadID='3260'/><Channel>Microsoft-Windows-Sysmon/Operational</Channel><Computer>DESKTOP-P84STH6</Computer><Security UserID='S-1-5-18'/></System><EventData><Data Name='RuleName'>T1122</Data><Data Name='EventType'>SetValue</Data><Data Name='UtcTime'>2020-05-18 06:29:26.280</Data><Data Name='ProcessGuid'>{5d3d98af-2b45-5ec2-0000-0010b3073a00}</Data><Data Name='ProcessId'>6872</Data><Data Name='Image'>C:\Program Files\Windows Defender\MsMpEng.exe</Data><Data Name='TargetObject'>HKCR\WOW6432Node\CLSID\{2781761E-28E0-4109-99FE-B9D127C57AFE}\InprocServer32\(Default)</Data><Data Name='Details'>"C:\ProgramData\Microsoft\Windows Defender\platform\4.18.2005.4-0\X86\MpOav.dll"</Data></EventData></Event><Event xmlns='http://schemas.microsoft.com/win/2004/08/events/event'><System><Provider Name='Microsoft-Windows-Sysmon' Guid='{5770385f-c22a-43e0-bf4c-06f5698ffbd9}'/><EventID>13</EventID><Version>2</Version><Level>4</Level><Task>13</Task><Opcode>0</Opcode><Keywords>0x8000000000000000</Keywords><TimeCreated SystemTime='2020-05-18T06:29:26.295505600Z'/><EventRecordID>4498</EventRecordID><Correlation/><Execution ProcessID='2480' ThreadID='3260'/><Channel>Microsoft-Windows-Sysmon/Operational</Channel><Computer>DESKTOP-P84STH6</Computer><Security UserID='S-1-5-18'/></System><EventData><Data Name='RuleName'>T1122</Data><Data Name='EventType'>SetValue</Data><Data Name='UtcTime'>2020-05-18 06:29:26.280</Data><Data Name='ProcessGuid'>{5d3d98af-2b45-5ec2-0000-0010b3073a00}</Data><Data Name='ProcessId'>6872</Data><Data Name='Image'>C:\Program Files\Windows Defender\MsMpEng.exe</Data><Data Name='TargetObject'>HKCR\CLSID\{2781761E-28E0-4109-99FE-B9D127C57AFE}\InprocServer32\(Default)</Data><Data Name='Details'>"%%ProgramData%%\Microsoft\Windows Defender\platform\4.18.2005.4-0\MpOav.dll"</Data></EventData></Event><Event xmlns='http://schemas.microsoft.com/win/2004/08/events/event'><System><Provider Name='Microsoft-Windows-Sysmon' Guid='{5770385f-c22a-43e0-bf4c-06f5698ffbd9}'/><EventID>13</EventID><Version>2</Version><Level>4</Level><Task>13</Task><Opcode>0</Opcode><Keywords>0x8000000000000000</Keywords><TimeCreated SystemTime='2020-05-18T06:29:26.293321000Z'/><EventRecordID>4497</EventRecordID><Correlation/><Execution ProcessID='2480' ThreadID='3260'/><Channel>Microsoft-Windows-Sysmon/Operational</Channel><Computer>DESKTOP-P84STH6</Computer><Security UserID='S-1-5-18'/></System><EventData><Data Name='RuleName'>T1031,T1050</Data><Data Name='EventType'>SetValue</Data><Data Name='UtcTime'>2020-05-18 06:29:26.280</Data><Data Name='ProcessGuid'>{5d3d98af-27d6-5ec2-0000-001090590000}</Data><Data Name='ProcessId'>588</Data><Data Name='Image'>C:\Windows\system32\services.exe</Data><Data Name='TargetObject'>HKLM\System\CurrentControlSet\Services\WdNisDrv\ImagePath</Data><Data Name='Details'>system32\drivers\wd\WdNisDrv.sys</Data></EventData></Event><Event xmlns='http://schemas.microsoft.com/win/2004/08/events/event'><System><Provider Name='Microsoft-Windows-Sysmon' Guid='{5770385f-c22a-43e0-bf4c-06f5698ffbd9}'/><EventID>13</EventID><Version>2</Version><Level>4</Level><Task>13</Task><Opcode>0</Opcode><Keywords>0x8000000000000000</Keywords><TimeCreated SystemTime='2020-05-18T06:29:26.292576200Z'/><EventRecordID>4496</EventRecordID><Correlation/><Execution ProcessID='2480' ThreadID='3260'/><Channel>Microsoft-Windows-Sysmon/Operational</Channel><Computer>DESKTOP-P84STH6</Computer><Security UserID='S-1-5-18'/></System><EventData><Data Name='RuleName'>T1031,T1050</Data><Data Name='EventType'>SetValue</Data><Data Name='UtcTime'>2020-05-18 06:29:26.265</Data><Data Name='ProcessGuid'>{5d3d98af-27d6-5ec2-0000-001090590000}</Data><Data Name='ProcessId'>588</Data><Data Name='Image'>C:\Windows\system32\services.exe</Data><Data Name='TargetObject'>HKLM\System\CurrentControlSet\Services\WdFilter\ImagePath</Data><Data Name='Details'>system32\drivers\wd\WdFilter.sys</Data></EventData></Event><Event xmlns='http://schemas.microsoft.com/win/2004/08/events/event'><System><Provider Name='Microsoft-Windows-Sysmon' Guid='{5770385f-c22a-43e0-bf4c-06f5698ffbd9}'/><EventID>13</EventID><Version>2</Version><Level>4</Level><Task>13</Task><Opcode>0</Opcode><Keywords>0x8000000000000000</Keywords><TimeCreated SystemTime='2020-05-18T06:29:26.286135200Z'/><EventRecordID>4495</EventRecordID><Correlation/><Execution ProcessID='2480' ThreadID='3260'/><Channel>Microsoft-Windows-Sysmon/Operational</Channel><Computer>DESKTOP-P84STH6</Computer><Security UserID='S-1-5-18'/></System><EventData><Data Name='RuleName'>T1031,T1050</Data><Data Name='EventType'>SetValue</Data><Data Name='UtcTime'>2020-05-18 06:29:26.249</Data><Data Name='ProcessGuid'>{5d3d98af-27d6-5ec2-0000-001090590000}</Data><Data Name='ProcessId'>588</Data><Data Name='Image'>C:\Windows\system32\services.exe</Data><Data Name='TargetObject'>HKLM\System\CurrentControlSet\Services\WdBoot\ImagePath</Data><Data Name='Details'>system32\drivers\wd\WdBoot.sys</Data></EventData></Event><Event xmlns='http://schemas.microsoft.com/win/2004/08/events/event'><System><Provider Name='Microsoft-Windows-Sysmon' Guid='{5770385f-c22a-43e0-bf4c-06f5698ffbd9}'/><EventID>13</EventID><Version>2</Version><Level>4</Level><Task>13</Task><Opcode>0</Opcode><Keywords>0x8000000000000000</Keywords><TimeCreated SystemTime='2020-05-18T06:29:26.284654600Z'/><EventRecordID>4494</EventRecordID><Correlation/><Execution ProcessID='2480' ThreadID='3260'/><Channel>Microsoft-Windows-Sysmon/Operational</Channel><Computer>DESKTOP-P84STH6</Computer><Security UserID='S-1-5-18'/></System><EventData><Data Name='RuleName'>T1031,T1050</Data><Data Name='EventType'>SetValue</Data><Data Name='UtcTime'>2020-05-18 06:29:26.249</Data><Data Name='ProcessGuid'>{5d3d98af-27d6-5ec2-0000-001090590000}</Data><Data Name='ProcessId'>588</Data><Data Name='Image'>C:\Windows\system32\services.exe</Data><Data Name='TargetObject'>HKLM\System\CurrentControlSet\Services\WdNisSvc\ImagePath</Data><Data Name='Details'>"%%ProgramData%%\Microsoft\Windows Defender\platform\4.18.2005.4-0\NisSrv.exe"</Data></EventData></Event><Event xmlns='http://schemas.microsoft.com/win/2004/08/events/event'><System><Provider Name='Microsoft-Windows-Sysmon' Guid='{5770385f-c22a-43e0-bf4c-06f5698ffbd9}'/><EventID>1</EventID><Version>5</Version><Level>4</Level><Task>1</Task><Opcode>0</Opcode><Keywords>0x8000000000000000</Keywords><TimeCreated SystemTime='2020-05-18T06:29:25.912614700Z'/><EventRecordID>4493</EventRecordID><Correlation/><Execution ProcessID='2480' ThreadID='3260'/><Channel>Microsoft-Windows-Sysmon/Operational</Channel><Computer>DESKTOP-P84STH6</Computer><Security UserID='S-1-5-18'/></System><EventData><Data Name='RuleName'></Data><Data Name='UtcTime'>2020-05-18 06:29:25.875</Data><Data Name='ProcessGuid'>{5d3d98af-2b45-5ec2-0000-0010b3073a00}</Data><Data Name='ProcessId'>6872</Data><Data Name='Image'>C:\Program Files\Windows Defender\MsMpEng.exe</Data><Data Name='FileVersion'>4.18.1902.5 (GitEnlistment(winpbld).190221-1742)</Data><Data Name='Description'>Antimalware Service Executable</Data><Data Name='Product'>Microsoft® Windows® Operating System</Data><Data Name='Company'>Microsoft Corporation</Data><Data Name='OriginalFileName'>MsMpEng.exe</Data><Data Name='CommandLine'>"C:\Program Files\Windows Defender\MsMpEng.exe"</Data><Data Name='CurrentDirectory'>C:\Windows\system32\</Data><Data Name='User'>NT AUTHORITY\SYSTEM</Data><Data Name='LogonGuid'>{5d3d98af-27d7-5ec2-0000-0020e7030000}</Data><Data Name='LogonId'>0x3e7</Data><Data Name='TerminalSessionId'>0</Data><Data Name='IntegrityLevel'>System</Data><Data Name='Hashes'>MD5=D3E0AD3E048F0B4444108D5E3AE9EE69,SHA256=AD13BE9F051BC3B319FACE9B704FCA33355CBDBB50D80F8F4777887790C90A04,IMPHASH=BF6871190EBC23C782B30D156B94B20C</Data><Data Name='ParentProcessGuid'>{5d3d98af-27d6-5ec2-0000-001090590000}</Data><Data Name='ParentProcessId'>588</Data><Data Name='ParentImage'>C:\Windows\System32\services.exe</Data><Data Name='ParentCommandLine'>C:\Windows\system32\services.exe</Data></EventData></Event><Event xmlns='http://schemas.microsoft.com/win/2004/08/events/event'><System><Provider Name='Microsoft-Windows-Sysmon' Guid='{5770385f-c22a-43e0-bf4c-06f5698ffbd9}'/><EventID>1</EventID><Version>5</Version><Level>4</Level><Task>1</Task><Opcode>0</Opcode><Keywords>0x8000000000000000</Keywords><TimeCreated SystemTime='2020-05-18T06:29:23.801947400Z'/><EventRecordID>4492</EventRecordID><Correlation/><Execution ProcessID='2480' ThreadID='3260'/><Channel>Microsoft-Windows-Sysmon/Operational</Channel><Computer>DESKTOP-P84STH6</Computer><Security UserID='S-1-5-18'/></System><EventData><Data Name='RuleName'></Data><Data Name='UtcTime'>2020-05-18 06:29:23.798</Data><Data Name='ProcessGuid'>{5d3d98af-2b43-5ec2-0000-001085fe3900}</Data><Data Name='ProcessId'>6892</Data><Data Name='Image'>C:\Windows\System32\smartscreen.exe</Data><Data Name='FileVersion'>10.0.18362.836 (WinBuild.160101.0800)</Data><Data Name='Description'>Windows Defender SmartScreen</Data><Data Name='Product'>Microsoft® Windows® Operating System</Data><Data Name='Company'>Microsoft Corporation</Data><Data Name='OriginalFileName'>smartscreen.exe</Data><Data Name='CommandLine'>C:\Windows\System32\smartscreen.exe -Embedding</Data><Data Name='CurrentDirectory'>C:\Windows\system32\</Data><Data Name='User'>DESKTOP-P84STH6\NS</Data><Data Name='LogonGuid'>{5d3d98af-2879-5ec2-0000-00206fe00a00}</Data><Data Name='LogonId'>0xae06f</Data><Data Name='TerminalSessionId'>1</Data><Data Name='IntegrityLevel'>Medium</Data><Data Name='Hashes'>MD5=6033F55F30364319ED5B7E1C6E6C9ED4,SHA256=533A950B1B8A63226573E93604C11C241AB1AE34E1BE47D9919882A1681ACB42,IMPHASH=1CF27DAF6490453338CA3A6A3792FBBF</Data><Data Name='ParentProcessGuid'>{5d3d98af-27d7-5ec2-0000-0010a3710000}</Data><Data Name='ParentProcessId'>784</Data><Data Name='ParentImage'>C:\Windows\System32\svchost.exe</Data><Data Name='ParentCommandLine'>C:\Windows\system32\svchost.exe -k DcomLaunch -p</Data></EventData></Event><Event xmlns='http://schemas.microsoft.com/win/2004/08/events/event'><System><Provider Name='Microsoft-Windows-Sysmon' Guid='{5770385f-c22a-43e0-bf4c-06f5698ffbd9}'/><EventID>1</EventID><Version>5</Version><Level>4</Level><Task>1</Task><Opcode>0</Opcode><Keywords>0x8000000000000000</Keywords><TimeCreated SystemTime='2020-05-18T06:29:23.351404900Z'/><EventRecordID>4491</EventRecordID><Correlation/><Execution ProcessID='2480' ThreadID='3260'/><Channel>Microsoft-Windows-Sysmon/Operational</Channel><Computer>DESKTOP-P84STH6</Computer><Security UserID='S-1-5-18'/></System><EventData><Data Name='RuleName'></Data><Data Name='UtcTime'>2020-05-18 06:29:23.347</Data><Data Name='ProcessGuid'>{5d3d98af-2b43-5ec2-0000-001039f33900}</Data><Data Name='ProcessId'>5048</Data><Data Name='Image'>C:\Windows\System32\svchost.exe</Data><Data Name='FileVersion'>10.0.18362.1 (WinBuild.160101.0800)</Data><Data Name='Description'>Host Process for Windows Services</Data><Data Name='Product'>Microsoft® Windows® Operating System</Data><Data Name='Company'>Microsoft Corporation</Data><Data Name='OriginalFileName'>svchost.exe</Data><Data Name='CommandLine'>C:\Windows\system32\svchost.exe -k netsvcs -p -s gpsvc</Data><Data Name='CurrentDirectory'>C:\Windows\system32\</Data><Data Name='User'>NT AUTHORITY\SYSTEM</Data><Data Name='LogonGuid'>{5d3d98af-27d7-5ec2-0000-0020e7030000}</Data><Data Name='LogonId'>0x3e7</Data><Data Name='TerminalSessionId'>0</Data><Data Name='IntegrityLevel'>System</Data><Data Name='Hashes'>MD5=9520A99E77D6196D0D09833146424113,SHA256=DD191A5B23DF92E12A8852291F9FB5ED594B76A28A5A464418442584AFD1E048,IMPHASH=247B9220E5D9B720A82B2C8B5069AD69</Data><Data Name='ParentProcessGuid'>{5d3d98af-27d6-5ec2-0000-001090590000}</Data><Data Name='ParentProcessId'>588</Data><Data Name='ParentImage'>C:\Windows\System32\services.exe</Data><Data Name='ParentCommandLine'>C:\Windows\system32\services.exe</Data></EventData></Event><Event xmlns='http://schemas.microsoft.com/win/2004/08/events/event'><System><Provider Name='Microsoft-Windows-Sysmon' Guid='{5770385f-c22a-43e0-bf4c-06f5698ffbd9}'/><EventID>13</EventID><Version>2</Version><Level>4</Level><Task>13</Task><Opcode>0</Opcode><Keywords>0x8000000000000000</Keywords><TimeCreated SystemTime='2020-05-18T06:29:22.987301100Z'/><EventRecordID>4490</EventRecordID><Correlation/><Execution ProcessID='2480' ThreadID='3260'/><Channel>Microsoft-Windows-Sysmon/Operational</Channel><Computer>DESKTOP-P84STH6</Computer><Security UserID='S-1-5-18'/></System><EventData><Data Name='RuleName'>T1031,T1050</Data><Data Name='EventType'>SetValue</Data><Data Name='UtcTime'>2020-05-18 06:29:22.968</Data><Data Name='ProcessGuid'>{5d3d98af-27d6-5ec2-0000-001090590000}</Data><Data Name='ProcessId'>588</Data><Data Name='Image'>C:\Windows\system32\services.exe</Data><Data Name='TargetObject'>HKLM\System\CurrentControlSet\Services\WdNisDrv\Start</Data><Data Name='Details'>DWORD (0x00000003)</Data></EventData></Event><Event xmlns='http://schemas.microsoft.com/win/2004/08/events/event'><System><Provider Name='Microsoft-Windows-Sysmon' Guid='{5770385f-c22a-43e0-bf4c-06f5698ffbd9}'/><EventID>13</EventID><Version>2</Version><Level>4</Level><Task>13</Task><Opcode>0</Opcode><Keywords>0x8000000000000000</Keywords><TimeCreated SystemTime='2020-05-18T06:29:22.987175400Z'/><EventRecordID>4489</EventRecordID><Correlation/><Execution ProcessID='2480' ThreadID='3260'/><Channel>Microsoft-Windows-Sysmon/Operational</Channel><Computer>DESKTOP-P84STH6</Computer><Security UserID='S-1-5-18'/></System><EventData><Data Name='RuleName'>T1031,T1050</Data><Data Name='EventType'>SetValue</Data><Data Name='UtcTime'>2020-05-18 06:29:22.968</Data><Data Name='ProcessGuid'>{5d3d98af-27d6-5ec2-0000-001090590000}</Data><Data Name='ProcessId'>588</Data><Data Name='Image'>C:\Windows\system32\services.exe</Data><Data Name='TargetObject'>HKLM\System\CurrentControlSet\Services\WdNisDrv\Start</Data><Data Name='Details'>DWORD (0x00000003)</Data></EventData></Event><Event xmlns='http://schemas.microsoft.com/win/2004/08/events/event'><System><Provider Name='Microsoft-Windows-Sysmon' Guid='{5770385f-c22a-43e0-bf4c-06f5698ffbd9}'/><EventID>1</EventID><Version>5</Version><Level>4</Level><Task>1</Task><Opcode>0</Opcode><Keywords>0x8000000000000000</Keywords><TimeCreated SystemTime='2020-05-18T06:29:22.768383500Z'/><EventRecordID>4488</EventRecordID><Correlation/><Execution ProcessID='2480' ThreadID='3260'/><Channel>Microsoft-Windows-Sysmon/Operational</Channel><Computer>DESKTOP-P84STH6</Computer><Security UserID='S-1-5-18'/></System><EventData><Data Name='RuleName'></Data><Data Name='UtcTime'>2020-05-18 06:29:22.710</Data><Data Name='ProcessGuid'>{5d3d98af-2b42-5ec2-0000-001074e43900}</Data><Data Name='ProcessId'>3912</Data><Data Name='Image'>C:\Program Files\Windows Defender\MpCmdRun.exe</Data><Data Name='FileVersion'>4.18.1902.5 (GitEnlistment(winpbld).190221-1742)</Data><Data Name='Description'>Microsoft Malware Protection Command Line Utility</Data><Data Name='Product'>Microsoft® Windows® Operating System</Data><Data Name='Company'>Microsoft Corporation</Data><Data Name='OriginalFileName'>MpCmdRun.exe</Data><Data Name='CommandLine'>"C:\Program Files\Windows Defender\MpCmdRun.exe" -RestartService</Data><Data Name='CurrentDirectory'>C:\Windows\system32\</Data><Data Name='User'>NT AUTHORITY\SYSTEM</Data><Data Name='LogonGuid'>{5d3d98af-27d7-5ec2-0000-0020e7030000}</Data><Data Name='LogonId'>0x3e7</Data><Data Name='TerminalSessionId'>0</Data><Data Name='IntegrityLevel'>System</Data><Data Name='Hashes'>MD5=CC4F6CBDE75F08AFDCEFB95087149A5D,SHA256=885557BE148DE55F6A127EA26AC457B9415E3E3BAF30266D82B9D19B89E78EE4,IMPHASH=B34FCC4C232A80C59EEDF422ACC8372D</Data><Data Name='ParentProcessGuid'>{5d3d98af-27de-5ec2-0000-0010808c0200}</Data><Data Name='ParentProcessId'>2548</Data><Data Name='ParentImage'>C:\Program Files\Windows Defender\MsMpEng.exe</Data><Data Name='ParentCommandLine'>"C:\Program Files\Windows Defender\MsMpEng.exe"</Data></EventData></Event><Event xmlns='http://schemas.microsoft.com/win/2004/08/events/event'><System><Provider Name='Microsoft-Windows-Sysmon' Guid='{5770385f-c22a-43e0-bf4c-06f5698ffbd9}'/><EventID>11</EventID><Version>2</Version><Level>4</Level><Task>11</Task><Opcode>0</Opcode><Keywords>0x8000000000000000</Keywords><TimeCreated SystemTime='2020-05-18T06:29:22.714859600Z'/><EventRecordID>4487</EventRecordID><Correlation/><Execution ProcessID='2480' ThreadID='3260'/><Channel>Microsoft-Windows-Sysmon/Operational</Channel><Computer>DESKTOP-P84STH6</Computer><Security UserID='S-1-5-18'/></System><EventData><Data Name='RuleName'>DLL</Data><Data Name='UtcTime'>2020-05-18 06:29:22.704</Data><Data Name='ProcessGuid'>{5d3d98af-27de-5ec2-0000-0010808c0200}</Data><Data Name='ProcessId'>2548</Data><Data Name='Image'>C:\Program Files\Windows Defender\MsMpEng.exe</Data><Data Name='TargetFilename'>C:\ProgramData\Microsoft\Windows Defender\Platform\4.18.2005.4-0\X86\MsMpLics.dll</Data><Data Name='CreationUtcTime'>2020-05-18 06:29:22.703</Data></EventData></Event><Event xmlns='http://schemas.microsoft.com/win/2004/08/events/event'><System><Provider Name='Microsoft-Windows-Sysmon' Guid='{5770385f-c22a-43e0-bf4c-06f5698ffbd9}'/><EventID>11</EventID><Version>2</Version><Level>4</Level><Task>11</Task><Opcode>0</Opcode><Keywords>0x8000000000000000</Keywords><TimeCreated SystemTime='2020-05-18T06:29:22.714820600Z'/><EventRecordID>4486</EventRecordID><Correlation/><Execution ProcessID='2480' ThreadID='3260'/><Channel>Microsoft-Windows-Sysmon/Operational</Channel><Computer>DESKTOP-P84STH6</Computer><Security UserID='S-1-5-18'/></System><EventData><Data Name='RuleName'>DLL</Data><Data Name='UtcTime'>2020-05-18 06:29:22.703</Data><Data Name='ProcessGuid'>{5d3d98af-27de-5ec2-0000-0010808c0200}</Data><Data Name='ProcessId'>2548</Data><Data Name='Image'>C:\Program Files\Windows Defender\MsMpEng.exe</Data><Data Name='TargetFilename'>C:\ProgramData\Microsoft\Windows Defender\Platform\4.18.2005.4-0\X86\MpOAV.dll</Data><Data Name='CreationUtcTime'>2020-05-18 06:29:22.703</Data></EventData></Event><Event xmlns='http://schemas.microsoft.com/win/2004/08/events/event'><System><Provider Name='Microsoft-Windows-Sysmon' Guid='{5770385f-c22a-43e0-bf4c-06f5698ffbd9}'/><EventID>11</EventID><Version>2</Version><Level>4</Level><Task>11</Task><Opcode>0</Opcode><Keywords>0x8000000000000000</Keywords><TimeCreated SystemTime='2020-05-18T06:29:22.714780900Z'/><EventRecordID>4485</EventRecordID><Correlation/><Execution ProcessID='2480' ThreadID='3260'/><Channel>Microsoft-Windows-Sysmon/Operational</Channel><Computer>DESKTOP-P84STH6</Computer><Security UserID='S-1-5-18'/></System><EventData><Data Name='RuleName'>DLL</Data><Data Name='UtcTime'>2020-05-18 06:29:22.702</Data><Data Name='ProcessGuid'>{5d3d98af-27de-5ec2-0000-0010808c0200}</Data><Data Name='ProcessId'>2548</Data><Data Name='Image'>C:\Program Files\Windows Defender\MsMpEng.exe</Data><Data Name='TargetFilename'>C:\ProgramData\Microsoft\Windows Defender\Platform\4.18.2005.4-0\X86\MpDetours.dll</Data><Data Name='CreationUtcTime'>2020-05-18 06:29:22.702</Data></EventData></Event><Event xmlns='http://schemas.microsoft.com/win/2004/08/events/event'><System><Provider Name='Microsoft-Windows-Sysmon' Guid='{5770385f-c22a-43e0-bf4c-06f5698ffbd9}'/><EventID>11</EventID><Version>2</Version><Level>4</Level><Task>11</Task><Opcode>0</Opcode><Keywords>0x8000000000000000</Keywords><TimeCreated SystemTime='2020-05-18T06:29:22.714737000Z'/><EventRecordID>4484</EventRecordID><Correlation/><Execution ProcessID='2480' ThreadID='3260'/><Channel>Microsoft-Windows-Sysmon/Operational</Channel><Computer>DESKTOP-P84STH6</Computer><Security UserID='S-1-5-18'/></System><EventData><Data Name='RuleName'>EXE</Data><Data Name='UtcTime'>2020-05-18 06:29:22.702</Data><Data Name='ProcessGuid'>{5d3d98af-27de-5ec2-0000-0010808c0200}</Data><Data Name='ProcessId'>2548</Data><Data Name='Image'>C:\Program Files\Windows Defender\MsMpEng.exe</Data><Data Name='TargetFilename'>C:\ProgramData\Microsoft\Windows Defender\Platform\4.18.2005.4-0\X86\MpCmdRun.exe</Data><Data Name='CreationUtcTime'>2020-05-18 06:29:22.702</Data></EventData></Event><Event xmlns='http://schemas.microsoft.com/win/2004/08/events/event'><System><Provider Name='Microsoft-Windows-Sysmon' Guid='{5770385f-c22a-43e0-bf4c-06f5698ffbd9}'/><EventID>11</EventID><Version>2</Version><Level>4</Level><Task>11</Task><Opcode>0</Opcode><Keywords>0x8000000000000000</Keywords><TimeCreated SystemTime='2020-05-18T06:29:22.714669100Z'/><EventRecordID>4483</EventRecordID><Correlation/><Execution ProcessID='2480' ThreadID='3260'/><Channel>Microsoft-Windows-Sysmon/Operational</Channel><Computer>DESKTOP-P84STH6</Computer><Security UserID='S-1-5-18'/></System><EventData><Data Name='RuleName'>DLL</Data><Data Name='UtcTime'>2020-05-18 06:29:22.701</Data><Data Name='ProcessGuid'>{5d3d98af-27de-5ec2-0000-0010808c0200}</Data><Data Name='ProcessId'>2548</Data><Data Name='Image'>C:\Program Files\Windows Defender\MsMpEng.exe</Data><Data Name='TargetFilename'>C:\ProgramData\Microsoft\Windows Defender\Platform\4.18.2005.4-0\X86\MpClient.dll</Data><Data Name='CreationUtcTime'>2020-05-18 06:29:22.701</Data></EventData></Event><Event xmlns='http://schemas.microsoft.com/win/2004/08/events/event'><System><Provider Name='Microsoft-Windows-Sysmon' Guid='{5770385f-c22a-43e0-bf4c-06f5698ffbd9}'/><EventID>11</EventID><Version>2</Version><Level>4</Level><Task>11</Task><Opcode>0</Opcode><Keywords>0x8000000000000000</Keywords><TimeCreated SystemTime='2020-05-18T06:29:22.714629800Z'/><EventRecordID>4482</EventRecordID><Correlation/><Execution ProcessID='2480' ThreadID='3260'/><Channel>Microsoft-Windows-Sysmon/Operational</Channel><Computer>DESKTOP-P84STH6</Computer><Security UserID='S-1-5-18'/></System><EventData><Data Name='RuleName'>DLL</Data><Data Name='UtcTime'>2020-05-18 06:29:22.699</Data><Data Name='ProcessGuid'>{5d3d98af-27de-5ec2-0000-0010808c0200}</Data><Data Name='ProcessId'>2548</Data><Data Name='Image'>C:\Program Files\Windows Defender\MsMpEng.exe</Data><Data Name='TargetFilename'>C:\ProgramData\Microsoft\Windows Defender\Platform\4.18.2005.4-0\X86\MpAsDesc.dll</Data><Data Name='CreationUtcTime'>2020-05-18 06:29:22.699</Data></EventData></Event><Event xmlns='http://schemas.microsoft.com/win/2004/08/events/event'><System><Provider Name='Microsoft-Windows-Sysmon' Guid='{5770385f-c22a-43e0-bf4c-06f5698ffbd9}'/><EventID>11</EventID><Version>2</Version><Level>4</Level><Task>11</Task><Opcode>0</Opcode><Keywords>0x8000000000000000</Keywords><TimeCreated SystemTime='2020-05-18T06:29:22.714526900Z'/><EventRecordID>4481</EventRecordID><Correlation/><Execution ProcessID='2480' ThreadID='3260'/><Channel>Microsoft-Windows-Sysmon/Operational</Channel><Computer>DESKTOP-P84STH6</Computer><Security UserID='S-1-5-18'/></System><EventData><Data Name='RuleName'>EXE</Data><Data Name='UtcTime'>2020-05-18 06:29:22.698</Data><Data Name='ProcessGuid'>{5d3d98af-27de-5ec2-0000-0010808c0200}</Data><Data Name='ProcessId'>2548</Data><Data Name='Image'>C:\Program Files\Windows Defender\MsMpEng.exe</Data><Data Name='TargetFilename'>C:\ProgramData\Microsoft\Windows Defender\Platform\4.18.2005.4-0\MpDlpCmd.exe</Data><Data Name='CreationUtcTime'>2020-05-18 06:29:22.698</Data></EventData></Event><Event xmlns='http://schemas.microsoft.com/win/2004/08/events/event'><System><Provider Name='Microsoft-Windows-Sysmon' Guid='{5770385f-c22a-43e0-bf4c-06f5698ffbd9}'/><EventID>11</EventID><Version>2</Version><Level>4</Level><Task>11</Task><Opcode>0</Opcode><Keywords>0x8000000000000000</Keywords><TimeCreated SystemTime='2020-05-18T06:29:22.713931900Z'/><EventRecordID>4480</EventRecordID><Correlation/><Execution ProcessID='2480' ThreadID='3260'/><Channel>Microsoft-Windows-Sysmon/Operational</Channel><Computer>DESKTOP-P84STH6</Computer><Security UserID='S-1-5-18'/></System><EventData><Data Name='RuleName'>DLL</Data><Data Name='UtcTime'>2020-05-18 06:29:22.692</Data><Data Name='ProcessGuid'>{5d3d98af-27de-5ec2-0000-0010808c0200}</Data><Data Name='ProcessId'>2548</Data><Data Name='Image'>C:\Program Files\Windows Defender\MsMpEng.exe</Data><Data Name='TargetFilename'>C:\ProgramData\Microsoft\Windows Defender\Platform\4.18.2005.4-0\MpPrintFlt.dll</Data><Data Name='CreationUtcTime'>2020-05-18 06:29:22.692</Data></EventData></Event>