<Event xmlns='http://schemas.microsoft.com/win/2004/08/events/event'><System><Provider Name='Microsoft-Windows-Sysmon' Guid='{5770385f-c22a-43e0-bf4c-06f5698ffbd9}'/><EventID>1</EventID><Version>5</Version><Level>4</Level><Task>1</Task><Opcode>0</Opcode><Keywords>0x8000000000000000</Keywords><TimeCreated SystemTime='2020-05-18T06:21:56.982083100Z'/><EventRecordID>4393</EventRecordID><Correlation/><Execution ProcessID='2480' ThreadID='3260'/><Channel>Microsoft-Windows-Sysmon/Operational</Channel><Computer>DESKTOP-P84STH6</Computer><Security UserID='S-1-5-18'/></System><EventData><Data Name='RuleName'></Data><Data Name='UtcTime'>2020-05-18 06:21:56.977</Data><Data Name='ProcessGuid'>{5d3d98af-2984-5ec2-0000-001065c32100}</Data><Data Name='ProcessId'>3320</Data><Data Name='Image'>C:\Windows\System32\svchost.exe</Data><Data Name='FileVersion'>10.0.18362.1 (WinBuild.160101.0800)</Data><Data Name='Description'>Host Process for Windows Services</Data><Data Name='Product'>Microsoft® Windows® Operating System</Data><Data Name='Company'>Microsoft Corporation</Data><Data Name='OriginalFileName'>svchost.exe</Data><Data Name='CommandLine'>C:\Windows\System32\svchost.exe -k netsvcs -p</Data><Data Name='CurrentDirectory'>C:\Windows\system32\</Data><Data Name='User'>NT AUTHORITY\SYSTEM</Data><Data Name='LogonGuid'>{5d3d98af-27d7-5ec2-0000-0020e7030000}</Data><Data Name='LogonId'>0x3e7</Data><Data Name='TerminalSessionId'>0</Data><Data Name='IntegrityLevel'>System</Data><Data Name='Hashes'>MD5=9520A99E77D6196D0D09833146424113,SHA256=DD191A5B23DF92E12A8852291F9FB5ED594B76A28A5A464418442584AFD1E048,IMPHASH=247B9220E5D9B720A82B2C8B5069AD69</Data><Data Name='ParentProcessGuid'>{5d3d98af-27d6-5ec2-0000-001090590000}</Data><Data Name='ParentProcessId'>588</Data><Data Name='ParentImage'>C:\Windows\System32\services.exe</Data><Data Name='ParentCommandLine'>C:\Windows\system32\services.exe</Data></EventData></Event><Event xmlns='http://schemas.microsoft.com/win/2004/08/events/event'><System><Provider Name='Microsoft-Windows-Sysmon' Guid='{5770385f-c22a-43e0-bf4c-06f5698ffbd9}'/><EventID>1</EventID><Version>5</Version><Level>4</Level><Task>1</Task><Opcode>0</Opcode><Keywords>0x8000000000000000</Keywords><TimeCreated SystemTime='2020-05-18T06:21:51.485055300Z'/><EventRecordID>4392</EventRecordID><Correlation/><Execution ProcessID='2480' ThreadID='3260'/><Channel>Microsoft-Windows-Sysmon/Operational</Channel><Computer>DESKTOP-P84STH6</Computer><Security UserID='S-1-5-18'/></System><EventData><Data Name='RuleName'></Data><Data Name='UtcTime'>2020-05-18 06:21:51.474</Data><Data Name='ProcessGuid'>{5d3d98af-297f-5ec2-0000-0010e5b32000}</Data><Data Name='ProcessId'>3464</Data><Data Name='Image'>C:\Windows\System32\svchost.exe</Data><Data Name='FileVersion'>10.0.18362.1 (WinBuild.160101.0800)</Data><Data Name='Description'>Host Process for Windows Services</Data><Data Name='Product'>Microsoft® Windows® Operating System</Data><Data Name='Company'>Microsoft Corporation</Data><Data Name='OriginalFileName'>svchost.exe</Data><Data Name='CommandLine'>C:\Windows\System32\svchost.exe -k LocalService -p -s LicenseManager</Data><Data Name='CurrentDirectory'>C:\Windows\system32\</Data><Data Name='User'>NT AUTHORITY\LOCAL SERVICE</Data><Data Name='LogonGuid'>{5d3d98af-27d8-5ec2-0000-0020e5030000}</Data><Data Name='LogonId'>0x3e5</Data><Data Name='TerminalSessionId'>0</Data><Data Name='IntegrityLevel'>System</Data><Data Name='Hashes'>MD5=9520A99E77D6196D0D09833146424113,SHA256=DD191A5B23DF92E12A8852291F9FB5ED594B76A28A5A464418442584AFD1E048,IMPHASH=247B9220E5D9B720A82B2C8B5069AD69</Data><Data Name='ParentProcessGuid'>{5d3d98af-27d6-5ec2-0000-001090590000}</Data><Data Name='ParentProcessId'>588</Data><Data Name='ParentImage'>C:\Windows\System32\services.exe</Data><Data Name='ParentCommandLine'>C:\Windows\system32\services.exe</Data></EventData></Event><Event xmlns='http://schemas.microsoft.com/win/2004/08/events/event'><System><Provider Name='Microsoft-Windows-Sysmon' Guid='{5770385f-c22a-43e0-bf4c-06f5698ffbd9}'/><EventID>1</EventID><Version>5</Version><Level>4</Level><Task>1</Task><Opcode>0</Opcode><Keywords>0x8000000000000000</Keywords><TimeCreated SystemTime='2020-05-18T06:21:00.349939900Z'/><EventRecordID>4391</EventRecordID><Correlation/><Execution ProcessID='2480' ThreadID='3260'/><Channel>Microsoft-Windows-Sysmon/Operational</Channel><Computer>DESKTOP-P84STH6</Computer><Security UserID='S-1-5-18'/></System><EventData><Data Name='RuleName'></Data><Data Name='UtcTime'>2020-05-18 06:21:00.346</Data><Data Name='ProcessGuid'>{5d3d98af-294c-5ec2-0000-0010c59a1f00}</Data><Data Name='ProcessId'>1632</Data><Data Name='Image'>C:\Windows\WinSxS\amd64_microsoft-windows-servicingstack_31bf3856ad364e35_10.0.18362.772_none_5f13f94c58ff41d3\TiWorker.exe</Data><Data Name='FileVersion'>10.0.18362.772 (WinBuild.160101.0800)</Data><Data Name='Description'>Windows Modules Installer Worker</Data><Data Name='Product'>Microsoft® Windows® Operating System</Data><Data Name='Company'>Microsoft Corporation</Data><Data Name='OriginalFileName'>TiWorker.exe</Data><Data Name='CommandLine'>C:\Windows\winsxs\amd64_microsoft-windows-servicingstack_31bf3856ad364e35_10.0.18362.772_none_5f13f94c58ff41d3\TiWorker.exe -Embedding</Data><Data Name='CurrentDirectory'>C:\Windows\system32\</Data><Data Name='User'>NT AUTHORITY\SYSTEM</Data><Data Name='LogonGuid'>{5d3d98af-27d7-5ec2-0000-0020e7030000}</Data><Data Name='LogonId'>0x3e7</Data><Data Name='TerminalSessionId'>0</Data><Data Name='IntegrityLevel'>System</Data><Data Name='Hashes'>MD5=935CA12348040410E0B2A8215180474E,SHA256=844600A6A19C2FDCC2E8E3D0C1EB5DC5B9DD929E61BAB163F3EA55EC0A32338C,IMPHASH=5C119443B09CF04CA999CBD8CA2382AC</Data><Data Name='ParentProcessGuid'>{5d3d98af-27d7-5ec2-0000-0010a3710000}</Data><Data Name='ParentProcessId'>784</Data><Data Name='ParentImage'>C:\Windows\System32\svchost.exe</Data><Data Name='ParentCommandLine'>C:\Windows\system32\svchost.exe -k DcomLaunch -p</Data></EventData></Event><Event xmlns='http://schemas.microsoft.com/win/2004/08/events/event'><System><Provider Name='Microsoft-Windows-Sysmon' Guid='{5770385f-c22a-43e0-bf4c-06f5698ffbd9}'/><EventID>1</EventID><Version>5</Version><Level>4</Level><Task>1</Task><Opcode>0</Opcode><Keywords>0x8000000000000000</Keywords><TimeCreated SystemTime='2020-05-18T06:21:00.283413000Z'/><EventRecordID>4390</EventRecordID><Correlation/><Execution ProcessID='2480' ThreadID='3260'/><Channel>Microsoft-Windows-Sysmon/Operational</Channel><Computer>DESKTOP-P84STH6</Computer><Security UserID='S-1-5-18'/></System><EventData><Data Name='RuleName'></Data><Data Name='UtcTime'>2020-05-18 06:21:00.274</Data><Data Name='ProcessGuid'>{5d3d98af-294c-5ec2-0000-00109b971f00}</Data><Data Name='ProcessId'>4368</Data><Data Name='Image'>C:\Windows\servicing\TrustedInstaller.exe</Data><Data Name='FileVersion'>10.0.18362.719 (WinBuild.160101.0800)</Data><Data Name='Description'>Windows Modules Installer</Data><Data Name='Product'>Microsoft® Windows® Operating System</Data><Data Name='Company'>Microsoft Corporation</Data><Data Name='OriginalFileName'>TrustedInstaller.exe</Data><Data Name='CommandLine'>C:\Windows\servicing\TrustedInstaller.exe</Data><Data Name='CurrentDirectory'>C:\Windows\system32\</Data><Data Name='User'>NT AUTHORITY\SYSTEM</Data><Data Name='LogonGuid'>{5d3d98af-27d7-5ec2-0000-0020e7030000}</Data><Data Name='LogonId'>0x3e7</Data><Data Name='TerminalSessionId'>0</Data><Data Name='IntegrityLevel'>System</Data><Data Name='Hashes'>MD5=966317326671E66535AE59AA917C2B42,SHA256=336701CCB71B703003DD5EB01C69B7CF37AAE33AD19FFE7F9483A5C12D18F41A,IMPHASH=88851E233BD15333933A93A6EDD4788A</Data><Data Name='ParentProcessGuid'>{5d3d98af-27d6-5ec2-0000-001090590000}</Data><Data Name='ParentProcessId'>588</Data><Data Name='ParentImage'>C:\Windows\System32\services.exe</Data><Data Name='ParentCommandLine'>C:\Windows\system32\services.exe</Data></EventData></Event><Event xmlns='http://schemas.microsoft.com/win/2004/08/events/event'><System><Provider Name='Microsoft-Windows-Sysmon' Guid='{5770385f-c22a-43e0-bf4c-06f5698ffbd9}'/><EventID>11</EventID><Version>2</Version><Level>4</Level><Task>11</Task><Opcode>0</Opcode><Keywords>0x8000000000000000</Keywords><TimeCreated SystemTime='2020-05-18T06:21:00.164040200Z'/><EventRecordID>4389</EventRecordID><Correlation/><Execution ProcessID='2480' ThreadID='3260'/><Channel>Microsoft-Windows-Sysmon/Operational</Channel><Computer>DESKTOP-P84STH6</Computer><Security UserID='S-1-5-18'/></System><EventData><Data Name='RuleName'>DLL</Data><Data Name='UtcTime'>2020-05-18 06:21:00.153</Data><Data Name='ProcessGuid'>{5d3d98af-294b-5ec2-0000-00106b811f00}</Data><Data Name='ProcessId'>5704</Data><Data Name='Image'>C:\Windows\system32\svchost.exe</Data><Data Name='TargetFilename'>C:\Windows\SoftwareDistribution\Download\a75e1456b7eea7fc8bbfe9d9b17072e2\Metadata\ReserveManager.dll</Data><Data Name='CreationUtcTime'>2020-05-05 12:06:42.000</Data></EventData></Event><Event xmlns='http://schemas.microsoft.com/win/2004/08/events/event'><System><Provider Name='Microsoft-Windows-Sysmon' Guid='{5770385f-c22a-43e0-bf4c-06f5698ffbd9}'/><EventID>11</EventID><Version>2</Version><Level>4</Level><Task>11</Task><Opcode>0</Opcode><Keywords>0x8000000000000000</Keywords><TimeCreated SystemTime='2020-05-18T06:21:00.163979800Z'/><EventRecordID>4388</EventRecordID><Correlation/><Execution ProcessID='2480' ThreadID='3260'/><Channel>Microsoft-Windows-Sysmon/Operational</Channel><Computer>DESKTOP-P84STH6</Computer><Security UserID='S-1-5-18'/></System><EventData><Data Name='RuleName'>DLL</Data><Data Name='UtcTime'>2020-05-18 06:21:00.138</Data><Data Name='ProcessGuid'>{5d3d98af-294b-5ec2-0000-00106b811f00}</Data><Data Name='ProcessId'>5704</Data><Data Name='Image'>C:\Windows\system32\svchost.exe</Data><Data Name='TargetFilename'>C:\Windows\SoftwareDistribution\Download\a75e1456b7eea7fc8bbfe9d9b17072e2\Metadata\TurboStack.dll</Data><Data Name='CreationUtcTime'>2020-05-05 11:49:08.000</Data></EventData></Event><Event xmlns='http://schemas.microsoft.com/win/2004/08/events/event'><System><Provider Name='Microsoft-Windows-Sysmon' Guid='{5770385f-c22a-43e0-bf4c-06f5698ffbd9}'/><EventID>11</EventID><Version>2</Version><Level>4</Level><Task>11</Task><Opcode>0</Opcode><Keywords>0x8000000000000000</Keywords><TimeCreated SystemTime='2020-05-18T06:21:00.098853000Z'/><EventRecordID>4387</EventRecordID><Correlation/><Execution ProcessID='2480' ThreadID='3260'/><Channel>Microsoft-Windows-Sysmon/Operational</Channel><Computer>DESKTOP-P84STH6</Computer><Security UserID='S-1-5-18'/></System><EventData><Data Name='RuleName'>DLL</Data><Data Name='UtcTime'>2020-05-18 06:21:00.086</Data><Data Name='ProcessGuid'>{5d3d98af-294b-5ec2-0000-00106b811f00}</Data><Data Name='ProcessId'>5704</Data><Data Name='Image'>C:\Windows\system32\svchost.exe</Data><Data Name='TargetFilename'>C:\Windows\SoftwareDistribution\Download\a75e1456b7eea7fc8bbfe9d9b17072e2\Metadata\wcp.dll</Data><Data Name='CreationUtcTime'>2020-05-05 11:47:18.000</Data></EventData></Event><Event xmlns='http://schemas.microsoft.com/win/2004/08/events/event'><System><Provider Name='Microsoft-Windows-Sysmon' Guid='{5770385f-c22a-43e0-bf4c-06f5698ffbd9}'/><EventID>11</EventID><Version>2</Version><Level>4</Level><Task>11</Task><Opcode>0</Opcode><Keywords>0x8000000000000000</Keywords><TimeCreated SystemTime='2020-05-18T06:21:00.087061800Z'/><EventRecordID>4386</EventRecordID><Correlation/><Execution ProcessID='2480' ThreadID='3260'/><Channel>Microsoft-Windows-Sysmon/Operational</Channel><Computer>DESKTOP-P84STH6</Computer><Security UserID='S-1-5-18'/></System><EventData><Data Name='RuleName'>DLL</Data><Data Name='UtcTime'>2020-05-18 06:21:00.081</Data><Data Name='ProcessGuid'>{5d3d98af-294b-5ec2-0000-00106b811f00}</Data><Data Name='ProcessId'>5704</Data><Data Name='Image'>C:\Windows\system32\svchost.exe</Data><Data Name='TargetFilename'>C:\Windows\SoftwareDistribution\Download\a75e1456b7eea7fc8bbfe9d9b17072e2\Metadata\UAOneSettings.dll</Data><Data Name='CreationUtcTime'>2020-05-05 12:03:08.000</Data></EventData></Event><Event xmlns='http://schemas.microsoft.com/win/2004/08/events/event'><System><Provider Name='Microsoft-Windows-Sysmon' Guid='{5770385f-c22a-43e0-bf4c-06f5698ffbd9}'/><EventID>11</EventID><Version>2</Version><Level>4</Level><Task>11</Task><Opcode>0</Opcode><Keywords>0x8000000000000000</Keywords><TimeCreated SystemTime='2020-05-18T06:21:00.081258400Z'/><EventRecordID>4385</EventRecordID><Correlation/><Execution ProcessID='2480' ThreadID='3260'/><Channel>Microsoft-Windows-Sysmon/Operational</Channel><Computer>DESKTOP-P84STH6</Computer><Security UserID='S-1-5-18'/></System><EventData><Data Name='RuleName'>DLL</Data><Data Name='UtcTime'>2020-05-18 06:21:00.057</Data><Data Name='ProcessGuid'>{5d3d98af-294b-5ec2-0000-00106b811f00}</Data><Data Name='ProcessId'>5704</Data><Data Name='Image'>C:\Windows\system32\svchost.exe</Data><Data Name='TargetFilename'>C:\Windows\SoftwareDistribution\Download\a75e1456b7eea7fc8bbfe9d9b17072e2\Metadata\Mitigation.dll</Data><Data Name='CreationUtcTime'>2020-05-05 17:59:40.000</Data></EventData></Event><Event xmlns='http://schemas.microsoft.com/win/2004/08/events/event'><System><Provider Name='Microsoft-Windows-Sysmon' Guid='{5770385f-c22a-43e0-bf4c-06f5698ffbd9}'/><EventID>11</EventID><Version>2</Version><Level>4</Level><Task>11</Task><Opcode>0</Opcode><Keywords>0x8000000000000000</Keywords><TimeCreated SystemTime='2020-05-18T06:21:00.066863500Z'/><EventRecordID>4384</EventRecordID><Correlation/><Execution ProcessID='2480' ThreadID='3260'/><Channel>Microsoft-Windows-Sysmon/Operational</Channel><Computer>DESKTOP-P84STH6</Computer><Security UserID='S-1-5-18'/></System><EventData><Data Name='RuleName'>DLL</Data><Data Name='UtcTime'>2020-05-18 06:21:00.057</Data><Data Name='ProcessGuid'>{5d3d98af-294b-5ec2-0000-00106b811f00}</Data><Data Name='ProcessId'>5704</Data><Data Name='Image'>C:\Windows\system32\svchost.exe</Data><Data Name='TargetFilename'>C:\Windows\SoftwareDistribution\Download\a75e1456b7eea7fc8bbfe9d9b17072e2\Metadata\dpx.dll</Data><Data Name='CreationUtcTime'>2020-05-05 11:46:02.000</Data></EventData></Event><Event xmlns='http://schemas.microsoft.com/win/2004/08/events/event'><System><Provider Name='Microsoft-Windows-Sysmon' Guid='{5770385f-c22a-43e0-bf4c-06f5698ffbd9}'/><EventID>11</EventID><Version>2</Version><Level>4</Level><Task>11</Task><Opcode>0</Opcode><Keywords>0x8000000000000000</Keywords><TimeCreated SystemTime='2020-05-18T06:21:00.017787100Z'/><EventRecordID>4383</EventRecordID><Correlation/><Execution ProcessID='2480' ThreadID='3260'/><Channel>Microsoft-Windows-Sysmon/Operational</Channel><Computer>DESKTOP-P84STH6</Computer><Security UserID='S-1-5-18'/></System><EventData><Data Name='RuleName'>DLL</Data><Data Name='UtcTime'>2020-05-18 06:20:59.999</Data><Data Name='ProcessGuid'>{5d3d98af-294b-5ec2-0000-00106b811f00}</Data><Data Name='ProcessId'>5704</Data><Data Name='Image'>C:\Windows\system32\svchost.exe</Data><Data Name='TargetFilename'>C:\Windows\SoftwareDistribution\Download\a75e1456b7eea7fc8bbfe9d9b17072e2\Metadata\UpdateAgent.dll</Data><Data Name='CreationUtcTime'>2020-05-05 11:49:00.000</Data></EventData></Event><Event xmlns='http://schemas.microsoft.com/win/2004/08/events/event'><System><Provider Name='Microsoft-Windows-Sysmon' Guid='{5770385f-c22a-43e0-bf4c-06f5698ffbd9}'/><EventID>1</EventID><Version>5</Version><Level>4</Level><Task>1</Task><Opcode>0</Opcode><Keywords>0x8000000000000000</Keywords><TimeCreated SystemTime='2020-05-18T06:20:59.279954300Z'/><EventRecordID>4382</EventRecordID><Correlation/><Execution ProcessID='2480' ThreadID='3260'/><Channel>Microsoft-Windows-Sysmon/Operational</Channel><Computer>DESKTOP-P84STH6</Computer><Security UserID='S-1-5-18'/></System><EventData><Data Name='RuleName'></Data><Data Name='UtcTime'>2020-05-18 06:20:59.274</Data><Data Name='ProcessGuid'>{5d3d98af-294b-5ec2-0000-001058731f00}</Data><Data Name='ProcessId'>5632</Data><Data Name='Image'>C:\Windows\System32\svchost.exe</Data><Data Name='FileVersion'>10.0.18362.1 (WinBuild.160101.0800)</Data><Data Name='Description'>Host Process for Windows Services</Data><Data Name='Product'>Microsoft® Windows® Operating System</Data><Data Name='Company'>Microsoft Corporation</Data><Data Name='OriginalFileName'>svchost.exe</Data><Data Name='CommandLine'>C:\Windows\System32\svchost.exe -k netsvcs -p -s PushToInstall</Data><Data Name='CurrentDirectory'>C:\Windows\system32\</Data><Data Name='User'>NT AUTHORITY\SYSTEM</Data><Data Name='LogonGuid'>{5d3d98af-27d7-5ec2-0000-0020e7030000}</Data><Data Name='LogonId'>0x3e7</Data><Data Name='TerminalSessionId'>0</Data><Data Name='IntegrityLevel'>System</Data><Data Name='Hashes'>MD5=9520A99E77D6196D0D09833146424113,SHA256=DD191A5B23DF92E12A8852291F9FB5ED594B76A28A5A464418442584AFD1E048,IMPHASH=247B9220E5D9B720A82B2C8B5069AD69</Data><Data Name='ParentProcessGuid'>{5d3d98af-27d6-5ec2-0000-001090590000}</Data><Data Name='ParentProcessId'>588</Data><Data Name='ParentImage'>C:\Windows\System32\services.exe</Data><Data Name='ParentCommandLine'>C:\Windows\system32\services.exe</Data></EventData></Event><Event xmlns='http://schemas.microsoft.com/win/2004/08/events/event'><System><Provider Name='Microsoft-Windows-Sysmon' Guid='{5770385f-c22a-43e0-bf4c-06f5698ffbd9}'/><EventID>22</EventID><Version>5</Version><Level>4</Level><Task>22</Task><Opcode>0</Opcode><Keywords>0x8000000000000000</Keywords><TimeCreated SystemTime='2020-05-18T06:20:59.256239200Z'/><EventRecordID>4381</EventRecordID><Correlation/><Execution ProcessID='2480' ThreadID='2496'/><Channel>Microsoft-Windows-Sysmon/Operational</Channel><Computer>DESKTOP-P84STH6</Computer><Security UserID='S-1-5-18'/></System><EventData><Data Name='RuleName'></Data><Data Name='UtcTime'>2020-05-18 06:21:01.621</Data><Data Name='ProcessGuid'>{5d3d98af-2942-5ec2-0000-00100ad31d00}</Data><Data Name='ProcessId'>6552</Data><Data Name='QueryName'>fxwwoejbmy</Data><Data Name='QueryStatus'>123</Data><Data Name='QueryResults'></Data><Data Name='Image'>C:\Program Files (x86)\Google\Chrome\Application\chrome.exe</Data></EventData></Event><Event xmlns='http://schemas.microsoft.com/win/2004/08/events/event'><System><Provider Name='Microsoft-Windows-Sysmon' Guid='{5770385f-c22a-43e0-bf4c-06f5698ffbd9}'/><EventID>22</EventID><Version>5</Version><Level>4</Level><Task>22</Task><Opcode>0</Opcode><Keywords>0x8000000000000000</Keywords><TimeCreated SystemTime='2020-05-18T06:20:59.256165400Z'/><EventRecordID>4380</EventRecordID><Correlation/><Execution ProcessID='2480' ThreadID='2496'/><Channel>Microsoft-Windows-Sysmon/Operational</Channel><Computer>DESKTOP-P84STH6</Computer><Security UserID='S-1-5-18'/></System><EventData><Data Name='RuleName'></Data><Data Name='UtcTime'>2020-05-18 06:21:01.621</Data><Data Name='ProcessGuid'>{5d3d98af-2942-5ec2-0000-00100ad31d00}</Data><Data Name='ProcessId'>6552</Data><Data Name='QueryName'>ybibakkwuselz</Data><Data Name='QueryStatus'>123</Data><Data Name='QueryResults'></Data><Data Name='Image'>C:\Program Files (x86)\Google\Chrome\Application\chrome.exe</Data></EventData></Event><Event xmlns='http://schemas.microsoft.com/win/2004/08/events/event'><System><Provider Name='Microsoft-Windows-Sysmon' Guid='{5770385f-c22a-43e0-bf4c-06f5698ffbd9}'/><EventID>22</EventID><Version>5</Version><Level>4</Level><Task>22</Task><Opcode>0</Opcode><Keywords>0x8000000000000000</Keywords><TimeCreated SystemTime='2020-05-18T06:20:59.256087200Z'/><EventRecordID>4379</EventRecordID><Correlation/><Execution ProcessID='2480' ThreadID='2496'/><Channel>Microsoft-Windows-Sysmon/Operational</Channel><Computer>DESKTOP-P84STH6</Computer><Security UserID='S-1-5-18'/></System><EventData><Data Name='RuleName'></Data><Data Name='UtcTime'>2020-05-18 06:21:01.621</Data><Data Name='ProcessGuid'>{5d3d98af-2942-5ec2-0000-00100ad31d00}</Data><Data Name='ProcessId'>6552</Data><Data Name='QueryName'>ikbzsbv</Data><Data Name='QueryStatus'>123</Data><Data Name='QueryResults'></Data><Data Name='Image'>C:\Program Files (x86)\Google\Chrome\Application\chrome.exe</Data></EventData></Event><Event xmlns='http://schemas.microsoft.com/win/2004/08/events/event'><System><Provider Name='Microsoft-Windows-Sysmon' Guid='{5770385f-c22a-43e0-bf4c-06f5698ffbd9}'/><EventID>22</EventID><Version>5</Version><Level>4</Level><Task>22</Task><Opcode>0</Opcode><Keywords>0x8000000000000000</Keywords><TimeCreated SystemTime='2020-05-18T06:20:57.562958900Z'/><EventRecordID>4378</EventRecordID><Correlation/><Execution ProcessID='2480' ThreadID='2496'/><Channel>Microsoft-Windows-Sysmon/Operational</Channel><Computer>DESKTOP-P84STH6</Computer><Security UserID='S-1-5-18'/></System><EventData><Data Name='RuleName'></Data><Data Name='UtcTime'>2020-05-18 06:20:59.634</Data><Data Name='ProcessGuid'>{5d3d98af-2946-5ec2-0000-0010a4381e00}</Data><Data Name='ProcessId'>5168</Data><Data Name='QueryName'>onecs-live.azureedge.net</Data><Data Name='QueryStatus'>0</Data><Data Name='QueryResults'>type:  5 onecs-live.ec.azureedge.net;type:  5 cs9.wpc.v0cdn.net;::ffff:117.18.232.200;</Data><Data Name='Image'>C:\Windows\ImmersiveControlPanel\SystemSettings.exe</Data></EventData></Event><Event xmlns='http://schemas.microsoft.com/win/2004/08/events/event'><System><Provider Name='Microsoft-Windows-Sysmon' Guid='{5770385f-c22a-43e0-bf4c-06f5698ffbd9}'/><EventID>1</EventID><Version>5</Version><Level>4</Level><Task>1</Task><Opcode>0</Opcode><Keywords>0x8000000000000000</Keywords><TimeCreated SystemTime='2020-05-18T06:20:56.607013500Z'/><EventRecordID>4377</EventRecordID><Correlation/><Execution ProcessID='2480' ThreadID='3260'/><Channel>Microsoft-Windows-Sysmon/Operational</Channel><Computer>DESKTOP-P84STH6</Computer><Security UserID='S-1-5-18'/></System><EventData><Data Name='RuleName'></Data><Data Name='UtcTime'>2020-05-18 06:20:56.588</Data><Data Name='ProcessGuid'>{5d3d98af-2948-5ec2-0000-00107bac1e00}</Data><Data Name='ProcessId'>3960</Data><Data Name='Image'>C:\Windows\System32\Speech_OneCore\common\SpeechRuntime.exe</Data><Data Name='FileVersion'>10.0.18362.628 (WinBuild.160101.0800)</Data><Data Name='Description'>Speech Runtime Executable</Data><Data Name='Product'>Microsoft® Windows® Operating System</Data><Data Name='Company'>Microsoft Corporation</Data><Data Name='OriginalFileName'>SpeechRuntime.exe</Data><Data Name='CommandLine'>C:\Windows\System32\Speech_OneCore\Common\SpeechRuntime.exe -Embedding</Data><Data Name='CurrentDirectory'>C:\Windows\system32\</Data><Data Name='User'>DESKTOP-P84STH6\NS</Data><Data Name='LogonGuid'>{5d3d98af-2879-5ec2-0000-00206fe00a00}</Data><Data Name='LogonId'>0xae06f</Data><Data Name='TerminalSessionId'>1</Data><Data Name='IntegrityLevel'>Medium</Data><Data Name='Hashes'>MD5=AED2FA77264438F9455AC63DE39BDCCC,SHA256=D68610A1B25A3B5E7E2F0A791DDEF7949C8DD6F341B19B48443FED9D3B16E9CB,IMPHASH=124C4CEEFDDEE73D1EB21D543ABAC203</Data><Data Name='ParentProcessGuid'>{5d3d98af-27d7-5ec2-0000-0010a3710000}</Data><Data Name='ParentProcessId'>784</Data><Data Name='ParentImage'>C:\Windows\System32\svchost.exe</Data><Data Name='ParentCommandLine'>C:\Windows\system32\svchost.exe -k DcomLaunch -p</Data></EventData></Event><Event xmlns='http://schemas.microsoft.com/win/2004/08/events/event'><System><Provider Name='Microsoft-Windows-Sysmon' Guid='{5770385f-c22a-43e0-bf4c-06f5698ffbd9}'/><EventID>22</EventID><Version>5</Version><Level>4</Level><Task>22</Task><Opcode>0</Opcode><Keywords>0x8000000000000000</Keywords><TimeCreated SystemTime='2020-05-18T06:20:54.982523800Z'/><EventRecordID>4376</EventRecordID><Correlation/><Execution ProcessID='2480' ThreadID='2496'/><Channel>Microsoft-Windows-Sysmon/Operational</Channel><Computer>DESKTOP-P84STH6</Computer><Security UserID='S-1-5-18'/></System><EventData><Data Name='RuleName'></Data><Data Name='UtcTime'>2020-05-18 06:20:55.837</Data><Data Name='ProcessGuid'>{5d3d98af-2942-5ec2-0000-00100ad31d00}</Data><Data Name='ProcessId'>6552</Data><Data Name='QueryName'>wpad</Data><Data Name='QueryStatus'>123</Data><Data Name='QueryResults'></Data><Data Name='Image'>C:\Program Files (x86)\Google\Chrome\Application\chrome.exe</Data></EventData></Event><Event xmlns='http://schemas.microsoft.com/win/2004/08/events/event'><System><Provider Name='Microsoft-Windows-Sysmon' Guid='{5770385f-c22a-43e0-bf4c-06f5698ffbd9}'/><EventID>1</EventID><Version>5</Version><Level>4</Level><Task>1</Task><Opcode>0</Opcode><Keywords>0x8000000000000000</Keywords><TimeCreated SystemTime='2020-05-18T06:20:54.590279300Z'/><EventRecordID>4375</EventRecordID><Correlation/><Execution ProcessID='2480' ThreadID='3260'/><Channel>Microsoft-Windows-Sysmon/Operational</Channel><Computer>DESKTOP-P84STH6</Computer><Security UserID='S-1-5-18'/></System><EventData><Data Name='RuleName'></Data><Data Name='UtcTime'>2020-05-18 06:20:54.554</Data><Data Name='ProcessGuid'>{5d3d98af-2946-5ec2-0000-0010a4381e00}</Data><Data Name='ProcessId'>5168</Data><Data Name='Image'>C:\Windows\ImmersiveControlPanel\SystemSettings.exe</Data><Data Name='FileVersion'>10.0.18362.628 (WinBuild.160101.0800)</Data><Data Name='Description'>Settings</Data><Data Name='Product'>Microsoft® Windows® Operating System</Data><Data Name='Company'>Microsoft Corporation</Data><Data Name='OriginalFileName'>SystemSettings.exe</Data><Data Name='CommandLine'>"C:\Windows\ImmersiveControlPanel\SystemSettings.exe" -ServerName:microsoft.windows.immersivecontrolpanel</Data><Data Name='CurrentDirectory'>C:\Windows\ImmersiveControlPanel\</Data><Data Name='User'>DESKTOP-P84STH6\NS</Data><Data Name='LogonGuid'>{5d3d98af-2879-5ec2-0000-00206fe00a00}</Data><Data Name='LogonId'>0xae06f</Data><Data Name='TerminalSessionId'>1</Data><Data Name='IntegrityLevel'>Medium</Data><Data Name='Hashes'>MD5=4A857F1273178C1CA1008F6A4ABB5726,SHA256=E98DAFEA825E9F18543FDE450A17C0319DD50974DC69B4D9186EC48B8220A22B,IMPHASH=EC87C68A546FB4BDECF11BCB83E7D0E5</Data><Data Name='ParentProcessGuid'>{5d3d98af-27d7-5ec2-0000-0010a3710000}</Data><Data Name='ParentProcessId'>784</Data><Data Name='ParentImage'>C:\Windows\System32\svchost.exe</Data><Data Name='ParentCommandLine'>C:\Windows\system32\svchost.exe -k DcomLaunch -p</Data></EventData></Event><Event xmlns='http://schemas.microsoft.com/win/2004/08/events/event'><System><Provider Name='Microsoft-Windows-Sysmon' Guid='{5770385f-c22a-43e0-bf4c-06f5698ffbd9}'/><EventID>22</EventID><Version>5</Version><Level>4</Level><Task>22</Task><Opcode>0</Opcode><Keywords>0x8000000000000000</Keywords><TimeCreated SystemTime='2020-05-18T06:20:54.069689400Z'/><EventRecordID>4374</EventRecordID><Correlation/><Execution ProcessID='2480' ThreadID='2496'/><Channel>Microsoft-Windows-Sysmon/Operational</Channel><Computer>DESKTOP-P84STH6</Computer><Security UserID='S-1-5-18'/></System><EventData><Data Name='RuleName'></Data><Data Name='UtcTime'>2020-05-18 06:20:54.741</Data><Data Name='ProcessGuid'>{5d3d98af-2942-5ec2-0000-00100ad31d00}</Data><Data Name='ProcessId'>6552</Data><Data Name='QueryName'>www.google.com</Data><Data Name='QueryStatus'>0</Data><Data Name='QueryResults'>172.217.160.100;</Data><Data Name='Image'>C:\Program Files (x86)\Google\Chrome\Application\chrome.exe</Data></EventData></Event><Event xmlns='http://schemas.microsoft.com/win/2004/08/events/event'><System><Provider Name='Microsoft-Windows-Sysmon' Guid='{5770385f-c22a-43e0-bf4c-06f5698ffbd9}'/><EventID>22</EventID><Version>5</Version><Level>4</Level><Task>22</Task><Opcode>0</Opcode><Keywords>0x8000000000000000</Keywords><TimeCreated SystemTime='2020-05-18T06:20:54.069618700Z'/><EventRecordID>4373</EventRecordID><Correlation/><Execution ProcessID='2480' ThreadID='2496'/><Channel>Microsoft-Windows-Sysmon/Operational</Channel><Computer>DESKTOP-P84STH6</Computer><Security UserID='S-1-5-18'/></System><EventData><Data Name='RuleName'></Data><Data Name='UtcTime'>2020-05-18 06:20:54.737</Data><Data Name='ProcessGuid'>{5d3d98af-2942-5ec2-0000-00100ad31d00}</Data><Data Name='ProcessId'>6552</Data><Data Name='QueryName'>accounts.google.com</Data><Data Name='QueryStatus'>0</Data><Data Name='QueryResults'>172.217.160.109;</Data><Data Name='Image'>C:\Program Files (x86)\Google\Chrome\Application\chrome.exe</Data></EventData></Event><Event xmlns='http://schemas.microsoft.com/win/2004/08/events/event'><System><Provider Name='Microsoft-Windows-Sysmon' Guid='{5770385f-c22a-43e0-bf4c-06f5698ffbd9}'/><EventID>1</EventID><Version>5</Version><Level>4</Level><Task>1</Task><Opcode>0</Opcode><Keywords>0x8000000000000000</Keywords><TimeCreated SystemTime='2020-05-18T06:20:52.200197200Z'/><EventRecordID>4372</EventRecordID><Correlation/><Execution ProcessID='2480' ThreadID='3260'/><Channel>Microsoft-Windows-Sysmon/Operational</Channel><Computer>DESKTOP-P84STH6</Computer><Security UserID='S-1-5-18'/></System><EventData><Data Name='RuleName'></Data><Data Name='UtcTime'>2020-05-18 06:20:52.161</Data><Data Name='ProcessGuid'>{5d3d98af-2944-5ec2-0000-0010f7f51d00}</Data><Data Name='ProcessId'>5580</Data><Data Name='Image'>C:\Windows\System32\sc.exe</Data><Data Name='FileVersion'>10.0.18362.1 (WinBuild.160101.0800)</Data><Data Name='Description'>Service Control Manager Configuration Tool</Data><Data Name='Product'>Microsoft® Windows® Operating System</Data><Data Name='Company'>Microsoft Corporation</Data><Data Name='OriginalFileName'>sc.exe</Data><Data Name='CommandLine'>C:\Windows\system32\sc.exe start pushtoinstall registration</Data><Data Name='CurrentDirectory'>C:\Windows\system32\</Data><Data Name='User'>NT AUTHORITY\SYSTEM</Data><Data Name='LogonGuid'>{5d3d98af-27d7-5ec2-0000-0020e7030000}</Data><Data Name='LogonId'>0x3e7</Data><Data Name='TerminalSessionId'>0</Data><Data Name='IntegrityLevel'>System</Data><Data Name='Hashes'>MD5=E46C638010C25479F66BACBE8596CA76,SHA256=39C59C362649090B4D34E5C8221C6E86552C07FE2DF3478D591A68B70917BC0A,IMPHASH=35A7FFDE18D444A92D32C8B2879450FF</Data><Data Name='ParentProcessGuid'>{5d3d98af-27d9-5ec2-0000-001001f30000}</Data><Data Name='ParentProcessId'>1156</Data><Data Name='ParentImage'>C:\Windows\System32\svchost.exe</Data><Data Name='ParentCommandLine'>C:\Windows\system32\svchost.exe -k netsvcs -p -s Schedule</Data></EventData></Event><Event xmlns='http://schemas.microsoft.com/win/2004/08/events/event'><System><Provider Name='Microsoft-Windows-Sysmon' Guid='{5770385f-c22a-43e0-bf4c-06f5698ffbd9}'/><EventID>1</EventID><Version>5</Version><Level>4</Level><Task>1</Task><Opcode>0</Opcode><Keywords>0x8000000000000000</Keywords><TimeCreated SystemTime='2020-05-18T06:20:52.178197400Z'/><EventRecordID>4371</EventRecordID><Correlation/><Execution ProcessID='2480' ThreadID='3260'/><Channel>Microsoft-Windows-Sysmon/Operational</Channel><Computer>DESKTOP-P84STH6</Computer><Security UserID='S-1-5-18'/></System><EventData><Data Name='RuleName'></Data><Data Name='UtcTime'>2020-05-18 06:20:52.118</Data><Data Name='ProcessGuid'>{5d3d98af-2944-5ec2-0000-001017f41d00}</Data><Data Name='ProcessId'>6824</Data><Data Name='Image'>C:\Windows\System32\CompPkgSrv.exe</Data><Data Name='FileVersion'>10.0.18362.1 (WinBuild.160101.0800)</Data><Data Name='Description'>Component Package Support Server</Data><Data Name='Product'>Microsoft® Windows® Operating System</Data><Data Name='Company'>Microsoft Corporation</Data><Data Name='OriginalFileName'>CompPkgSrv.exe</Data><Data Name='CommandLine'>C:\Windows\System32\CompPkgSrv.exe -Embedding</Data><Data Name='CurrentDirectory'>C:\Windows\system32\</Data><Data Name='User'>DESKTOP-P84STH6\NS</Data><Data Name='LogonGuid'>{5d3d98af-2879-5ec2-0000-00206fe00a00}</Data><Data Name='LogonId'>0xae06f</Data><Data Name='TerminalSessionId'>1</Data><Data Name='IntegrityLevel'>Low</Data><Data Name='Hashes'>MD5=6B61564CE8524ACCA9BCD2CEC6B71AB9,SHA256=87C2892DF8F1F0503763855E4972CD4B85036AE50F1D6F1B910B3AEC47372B07,IMPHASH=F1EC8853335CDCD4147E21F9212709F4</Data><Data Name='ParentProcessGuid'>{5d3d98af-27d7-5ec2-0000-0010a3710000}</Data><Data Name='ParentProcessId'>784</Data><Data Name='ParentImage'>C:\Windows\System32\svchost.exe</Data><Data Name='ParentCommandLine'>C:\Windows\system32\svchost.exe -k DcomLaunch -p</Data></EventData></Event><Event xmlns='http://schemas.microsoft.com/win/2004/08/events/event'><System><Provider Name='Microsoft-Windows-Sysmon' Guid='{5770385f-c22a-43e0-bf4c-06f5698ffbd9}'/><EventID>22</EventID><Version>5</Version><Level>4</Level><Task>22</Task><Opcode>0</Opcode><Keywords>0x8000000000000000</Keywords><TimeCreated SystemTime='2020-05-18T06:20:50.536727500Z'/><EventRecordID>4370</EventRecordID><Correlation/><Execution ProcessID='2480' ThreadID='2496'/><Channel>Microsoft-Windows-Sysmon/Operational</Channel><Computer>DESKTOP-P84STH6</Computer><Security UserID='S-1-5-18'/></System><EventData><Data Name='RuleName'></Data><Data Name='UtcTime'>2020-05-18 06:20:50.324</Data><Data Name='ProcessGuid'>{5d3d98af-291f-5ec2-0000-001058e51c00}</Data><Data Name='ProcessId'>2880</Data><Data Name='QueryName'>update.libreoffice.org</Data><Data Name='QueryStatus'>0</Data><Data Name='QueryResults'>type:  5 gimli.documentfoundation.org;::ffff:89.238.68.201;</Data><Data Name='Image'>C:\Program Files\LibreOffice\program\soffice.bin</Data></EventData></Event><Event xmlns='http://schemas.microsoft.com/win/2004/08/events/event'><System><Provider Name='Microsoft-Windows-Sysmon' Guid='{5770385f-c22a-43e0-bf4c-06f5698ffbd9}'/><EventID>1</EventID><Version>5</Version><Level>4</Level><Task>1</Task><Opcode>0</Opcode><Keywords>0x8000000000000000</Keywords><TimeCreated SystemTime='2020-05-18T06:20:50.509591700Z'/><EventRecordID>4369</EventRecordID><Correlation/><Execution ProcessID='2480' ThreadID='3260'/><Channel>Microsoft-Windows-Sysmon/Operational</Channel><Computer>DESKTOP-P84STH6</Computer><Security UserID='S-1-5-18'/></System><EventData><Data Name='RuleName'></Data><Data Name='UtcTime'>2020-05-18 06:20:50.483</Data><Data Name='ProcessGuid'>{5d3d98af-2942-5ec2-0000-0010acbc1d00}</Data><Data Name='ProcessId'>6520</Data><Data Name='Image'>C:\Program Files (x86)\Google\Chrome\Application\chrome.exe</Data><Data Name='FileVersion'>81.0.4044.138</Data><Data Name='Description'>Google Chrome</Data><Data Name='Product'>Google Chrome</Data><Data Name='Company'>Google LLC</Data><Data Name='OriginalFileName'>chrome.exe</Data><Data Name='CommandLine'>"C:\Program Files (x86)\Google\Chrome\Application\chrome.exe" </Data><Data Name='CurrentDirectory'>C:\Program Files (x86)\Google\Chrome\Application\</Data><Data Name='User'>DESKTOP-P84STH6\NS</Data><Data Name='LogonGuid'>{5d3d98af-2879-5ec2-0000-00206fe00a00}</Data><Data Name='LogonId'>0xae06f</Data><Data Name='TerminalSessionId'>1</Data><Data Name='IntegrityLevel'>Medium</Data><Data Name='Hashes'>MD5=86933F74660D7C194805276706EC9B00,SHA256=83BA9143274B2F318DF0BB7E112A959C3F9514C9B7F05F049A232A56DEFFED9A,IMPHASH=EACF25055C18024F25A81253CA4CCF62</Data><Data Name='ParentProcessGuid'>{5d3d98af-287c-5ec2-0000-001009b00b00}</Data><Data Name='ParentProcessId'>1816</Data><Data Name='ParentImage'>C:\Windows\explorer.exe</Data><Data Name='ParentCommandLine'>C:\Windows\Explorer.EXE</Data></EventData></Event><Event xmlns='http://schemas.microsoft.com/win/2004/08/events/event'><System><Provider Name='Microsoft-Windows-Sysmon' Guid='{5770385f-c22a-43e0-bf4c-06f5698ffbd9}'/><EventID>13</EventID><Version>2</Version><Level>4</Level><Task>13</Task><Opcode>0</Opcode><Keywords>0x8000000000000000</Keywords><TimeCreated SystemTime='2020-05-18T06:20:41.349744800Z'/><EventRecordID>4368</EventRecordID><Correlation/><Execution ProcessID='2480' ThreadID='3260'/><Channel>Microsoft-Windows-Sysmon/Operational</Channel><Computer>DESKTOP-P84STH6</Computer><Security UserID='S-1-5-18'/></System><EventData><Data Name='RuleName'>Suspicious,ImageBeginWithBackslash</Data><Data Name='EventType'>SetValue</Data><Data Name='UtcTime'>2020-05-18 06:20:41.346</Data><Data Name='ProcessGuid'>{5d3d98af-28d0-5ec2-0000-0010b7041300}</Data><Data Name='ProcessId'>5688</Data><Data Name='Image'>\\?\C:\Windows\system32\wbem\WMIADAP.EXE</Data><Data Name='TargetObject'>HKLM\SOFTWARE\Microsoft\Wbem\PROVIDERS\Performance\Performance Refreshed</Data><Data Name='Details'>DWORD (0x00000001)</Data></EventData></Event><Event xmlns='http://schemas.microsoft.com/win/2004/08/events/event'><System><Provider Name='Microsoft-Windows-Sysmon' Guid='{5770385f-c22a-43e0-bf4c-06f5698ffbd9}'/><EventID>13</EventID><Version>2</Version><Level>4</Level><Task>13</Task><Opcode>0</Opcode><Keywords>0x8000000000000000</Keywords><TimeCreated SystemTime='2020-05-18T06:20:41.349676300Z'/><EventRecordID>4367</EventRecordID><Correlation/><Execution ProcessID='2480' ThreadID='3260'/><Channel>Microsoft-Windows-Sysmon/Operational</Channel><Computer>DESKTOP-P84STH6</Computer><Security UserID='S-1-5-18'/></System><EventData><Data Name='RuleName'>Suspicious,ImageBeginWithBackslash</Data><Data Name='EventType'>SetValue</Data><Data Name='UtcTime'>2020-05-18 06:20:41.346</Data><Data Name='ProcessGuid'>{5d3d98af-28d0-5ec2-0000-0010b7041300}</Data><Data Name='ProcessId'>5688</Data><Data Name='Image'>\\?\C:\Windows\system32\wbem\WMIADAP.EXE</Data><Data Name='TargetObject'>HKLM\SOFTWARE\Microsoft\Wbem\PROVIDERS\Performance\Performance Refresh</Data><Data Name='Details'>DWORD (0x00000000)</Data></EventData></Event><Event xmlns='http://schemas.microsoft.com/win/2004/08/events/event'><System><Provider Name='Microsoft-Windows-Sysmon' Guid='{5770385f-c22a-43e0-bf4c-06f5698ffbd9}'/><EventID>13</EventID><Version>2</Version><Level>4</Level><Task>13</Task><Opcode>0</Opcode><Keywords>0x8000000000000000</Keywords><TimeCreated SystemTime='2020-05-18T06:20:41.349606500Z'/><EventRecordID>4366</EventRecordID><Correlation/><Execution ProcessID='2480' ThreadID='3260'/><Channel>Microsoft-Windows-Sysmon/Operational</Channel><Computer>DESKTOP-P84STH6</Computer><Security UserID='S-1-5-18'/></System><EventData><Data Name='RuleName'>Suspicious,ImageBeginWithBackslash</Data><Data Name='EventType'>SetValue</Data><Data Name='UtcTime'>2020-05-18 06:20:41.346</Data><Data Name='ProcessGuid'>{5d3d98af-28d0-5ec2-0000-0010b7041300}</Data><Data Name='ProcessId'>5688</Data><Data Name='Image'>\\?\C:\Windows\system32\wbem\WMIADAP.EXE</Data><Data Name='TargetObject'>HKLM\SOFTWARE\Microsoft\Wbem\WDM\DREDGE\C:\Windows\System32\Drivers\portcls.SYS[PortclsMof]</Data><Data Name='Details'>LowDateTime:1600772231,HighDateTime:30727761***Binary mof compiled successfully</Data></EventData></Event><Event xmlns='http://schemas.microsoft.com/win/2004/08/events/event'><System><Provider Name='Microsoft-Windows-Sysmon' Guid='{5770385f-c22a-43e0-bf4c-06f5698ffbd9}'/><EventID>13</EventID><Version>2</Version><Level>4</Level><Task>13</Task><Opcode>0</Opcode><Keywords>0x8000000000000000</Keywords><TimeCreated SystemTime='2020-05-18T06:20:41.349529600Z'/><EventRecordID>4365</EventRecordID><Correlation/><Execution ProcessID='2480' ThreadID='3260'/><Channel>Microsoft-Windows-Sysmon/Operational</Channel><Computer>DESKTOP-P84STH6</Computer><Security UserID='S-1-5-18'/></System><EventData><Data Name='RuleName'>Suspicious,ImageBeginWithBackslash</Data><Data Name='EventType'>SetValue</Data><Data Name='UtcTime'>2020-05-18 06:20:41.346</Data><Data Name='ProcessGuid'>{5d3d98af-28d0-5ec2-0000-0010b7041300}</Data><Data Name='ProcessId'>5688</Data><Data Name='Image'>\\?\C:\Windows\system32\wbem\WMIADAP.EXE</Data><Data Name='TargetObject'>HKLM\SOFTWARE\Microsoft\Wbem\WDM\DREDGE\C:\Windows\System32\drivers\en-US\processr.sys.mui[PROCESSORWMI]</Data><Data Name='Details'>LowDateTime:-1229438816,HighDateTime:30727774***Binary mof compiled successfully</Data></EventData></Event><Event xmlns='http://schemas.microsoft.com/win/2004/08/events/event'><System><Provider Name='Microsoft-Windows-Sysmon' Guid='{5770385f-c22a-43e0-bf4c-06f5698ffbd9}'/><EventID>13</EventID><Version>2</Version><Level>4</Level><Task>13</Task><Opcode>0</Opcode><Keywords>0x8000000000000000</Keywords><TimeCreated SystemTime='2020-05-18T06:20:41.349444400Z'/><EventRecordID>4364</EventRecordID><Correlation/><Execution ProcessID='2480' ThreadID='3260'/><Channel>Microsoft-Windows-Sysmon/Operational</Channel><Computer>DESKTOP-P84STH6</Computer><Security UserID='S-1-5-18'/></System><EventData><Data Name='RuleName'>Suspicious,ImageBeginWithBackslash</Data><Data Name='EventType'>SetValue</Data><Data Name='UtcTime'>2020-05-18 06:20:41.346</Data><Data Name='ProcessGuid'>{5d3d98af-28d0-5ec2-0000-0010b7041300}</Data><Data Name='ProcessId'>5688</Data><Data Name='Image'>\\?\C:\Windows\system32\wbem\WMIADAP.EXE</Data><Data Name='TargetObject'>HKLM\SOFTWARE\Microsoft\Wbem\WDM\DREDGE\C:\Windows\System32\drivers\processr.sys[PROCESSORWMI]</Data><Data Name='Details'>LowDateTime:1505558173,HighDateTime:30813469***Binary mof compiled successfully</Data></EventData></Event><Event xmlns='http://schemas.microsoft.com/win/2004/08/events/event'><System><Provider Name='Microsoft-Windows-Sysmon' Guid='{5770385f-c22a-43e0-bf4c-06f5698ffbd9}'/><EventID>13</EventID><Version>2</Version><Level>4</Level><Task>13</Task><Opcode>0</Opcode><Keywords>0x8000000000000000</Keywords><TimeCreated SystemTime='2020-05-18T06:20:41.349372600Z'/><EventRecordID>4363</EventRecordID><Correlation/><Execution ProcessID='2480' ThreadID='3260'/><Channel>Microsoft-Windows-Sysmon/Operational</Channel><Computer>DESKTOP-P84STH6</Computer><Security UserID='S-1-5-18'/></System><EventData><Data Name='RuleName'>Suspicious,ImageBeginWithBackslash</Data><Data Name='EventType'>SetValue</Data><Data Name='UtcTime'>2020-05-18 06:20:41.346</Data><Data Name='ProcessGuid'>{5d3d98af-28d0-5ec2-0000-0010b7041300}</Data><Data Name='ProcessId'>5688</Data><Data Name='Image'>\\?\C:\Windows\system32\wbem\WMIADAP.EXE</Data><Data Name='TargetObject'>HKLM\SOFTWARE\Microsoft\Wbem\WDM\DREDGE\C:\Windows\System32\drivers\HDAudBus.sys[HDAudioMofName]</Data><Data Name='Details'>LowDateTime:1498521146,HighDateTime:30813469***Binary mof compiled successfully</Data></EventData></Event><Event xmlns='http://schemas.microsoft.com/win/2004/08/events/event'><System><Provider Name='Microsoft-Windows-Sysmon' Guid='{5770385f-c22a-43e0-bf4c-06f5698ffbd9}'/><EventID>13</EventID><Version>2</Version><Level>4</Level><Task>13</Task><Opcode>0</Opcode><Keywords>0x8000000000000000</Keywords><TimeCreated SystemTime='2020-05-18T06:20:41.349299500Z'/><EventRecordID>4362</EventRecordID><Correlation/><Execution ProcessID='2480' ThreadID='3260'/><Channel>Microsoft-Windows-Sysmon/Operational</Channel><Computer>DESKTOP-P84STH6</Computer><Security UserID='S-1-5-18'/></System><EventData><Data Name='RuleName'>Suspicious,ImageBeginWithBackslash</Data><Data Name='EventType'>SetValue</Data><Data Name='UtcTime'>2020-05-18 06:20:41.346</Data><Data Name='ProcessGuid'>{5d3d98af-28d0-5ec2-0000-0010b7041300}</Data><Data Name='ProcessId'>5688</Data><Data Name='Image'>\\?\C:\Windows\system32\wbem\WMIADAP.EXE</Data><Data Name='TargetObject'>HKLM\SOFTWARE\Microsoft\Wbem\WDM\DREDGE\C:\Windows\System32\drivers\en-US\mssmbios.sys.mui[MofResource]</Data><Data Name='Details'>LowDateTime:-1221980937,HighDateTime:30727774***Binary mof compiled successfully</Data></EventData></Event><Event xmlns='http://schemas.microsoft.com/win/2004/08/events/event'><System><Provider Name='Microsoft-Windows-Sysmon' Guid='{5770385f-c22a-43e0-bf4c-06f5698ffbd9}'/><EventID>13</EventID><Version>2</Version><Level>4</Level><Task>13</Task><Opcode>0</Opcode><Keywords>0x8000000000000000</Keywords><TimeCreated SystemTime='2020-05-18T06:20:41.349225400Z'/><EventRecordID>4361</EventRecordID><Correlation/><Execution ProcessID='2480' ThreadID='3260'/><Channel>Microsoft-Windows-Sysmon/Operational</Channel><Computer>DESKTOP-P84STH6</Computer><Security UserID='S-1-5-18'/></System><EventData><Data Name='RuleName'>Suspicious,ImageBeginWithBackslash</Data><Data Name='EventType'>SetValue</Data><Data Name='UtcTime'>2020-05-18 06:20:41.346</Data><Data Name='ProcessGuid'>{5d3d98af-28d0-5ec2-0000-0010b7041300}</Data><Data Name='ProcessId'>5688</Data><Data Name='Image'>\\?\C:\Windows\system32\wbem\WMIADAP.EXE</Data><Data Name='TargetObject'>HKLM\SOFTWARE\Microsoft\Wbem\WDM\DREDGE\C:\Windows\System32\drivers\mssmbios.sys[MofResource]</Data><Data Name='Details'>LowDateTime:1637806449,HighDateTime:30727761***Binary mof compiled successfully</Data></EventData></Event><Event xmlns='http://schemas.microsoft.com/win/2004/08/events/event'><System><Provider Name='Microsoft-Windows-Sysmon' Guid='{5770385f-c22a-43e0-bf4c-06f5698ffbd9}'/><EventID>13</EventID><Version>2</Version><Level>4</Level><Task>13</Task><Opcode>0</Opcode><Keywords>0x8000000000000000</Keywords><TimeCreated SystemTime='2020-05-18T06:20:41.349148200Z'/><EventRecordID>4360</EventRecordID><Correlation/><Execution ProcessID='2480' ThreadID='3260'/><Channel>Microsoft-Windows-Sysmon/Operational</Channel><Computer>DESKTOP-P84STH6</Computer><Security UserID='S-1-5-18'/></System><EventData><Data Name='RuleName'>Suspicious,ImageBeginWithBackslash</Data><Data Name='EventType'>SetValue</Data><Data Name='UtcTime'>2020-05-18 06:20:41.346</Data><Data Name='ProcessGuid'>{5d3d98af-28d0-5ec2-0000-0010b7041300}</Data><Data Name='ProcessId'>5688</Data><Data Name='Image'>\\?\C:\Windows\system32\wbem\WMIADAP.EXE</Data><Data Name='TargetObject'>HKLM\SOFTWARE\Microsoft\Wbem\WDM\DREDGE\C:\Windows\System32\drivers\en-US\ACPI.sys.mui[ACPIMOFResource]</Data><Data Name='Details'>LowDateTime:-1229438816,HighDateTime:30727774***Binary mof compiled successfully</Data></EventData></Event><Event xmlns='http://schemas.microsoft.com/win/2004/08/events/event'><System><Provider Name='Microsoft-Windows-Sysmon' Guid='{5770385f-c22a-43e0-bf4c-06f5698ffbd9}'/><EventID>13</EventID><Version>2</Version><Level>4</Level><Task>13</Task><Opcode>0</Opcode><Keywords>0x8000000000000000</Keywords><TimeCreated SystemTime='2020-05-18T06:20:41.349052900Z'/><EventRecordID>4359</EventRecordID><Correlation/><Execution ProcessID='2480' ThreadID='3260'/><Channel>Microsoft-Windows-Sysmon/Operational</Channel><Computer>DESKTOP-P84STH6</Computer><Security UserID='S-1-5-18'/></System><EventData><Data Name='RuleName'>Suspicious,ImageBeginWithBackslash</Data><Data Name='EventType'>SetValue</Data><Data Name='UtcTime'>2020-05-18 06:20:41.346</Data><Data Name='ProcessGuid'>{5d3d98af-28d0-5ec2-0000-0010b7041300}</Data><Data Name='ProcessId'>5688</Data><Data Name='Image'>\\?\C:\Windows\system32\wbem\WMIADAP.EXE</Data><Data Name='TargetObject'>HKLM\SOFTWARE\Microsoft\Wbem\WDM\DREDGE\C:\Windows\System32\drivers\ACPI.sys[ACPIMOFResource]</Data><Data Name='Details'>LowDateTime:-888819150,HighDateTime:30768381***Binary mof compiled successfully</Data></EventData></Event><Event xmlns='http://schemas.microsoft.com/win/2004/08/events/event'><System><Provider Name='Microsoft-Windows-Sysmon' Guid='{5770385f-c22a-43e0-bf4c-06f5698ffbd9}'/><EventID>13</EventID><Version>2</Version><Level>4</Level><Task>13</Task><Opcode>0</Opcode><Keywords>0x8000000000000000</Keywords><TimeCreated SystemTime='2020-05-18T06:20:41.348980300Z'/><EventRecordID>4358</EventRecordID><Correlation/><Execution ProcessID='2480' ThreadID='3260'/><Channel>Microsoft-Windows-Sysmon/Operational</Channel><Computer>DESKTOP-P84STH6</Computer><Security UserID='S-1-5-18'/></System><EventData><Data Name='RuleName'>Suspicious,ImageBeginWithBackslash</Data><Data Name='EventType'>SetValue</Data><Data Name='UtcTime'>2020-05-18 06:20:41.346</Data><Data Name='ProcessGuid'>{5d3d98af-28d0-5ec2-0000-0010b7041300}</Data><Data Name='ProcessId'>5688</Data><Data Name='Image'>\\?\C:\Windows\system32\wbem\WMIADAP.EXE</Data><Data Name='TargetObject'>HKLM\SOFTWARE\Microsoft\Wbem\WDM\DREDGE\C:\Windows\system32\en-US\kernelbase.dll.mui[MofResourceName]</Data><Data Name='Details'>LowDateTime:-130180202,HighDateTime:30768381***Binary mof compiled successfully</Data></EventData></Event><Event xmlns='http://schemas.microsoft.com/win/2004/08/events/event'><System><Provider Name='Microsoft-Windows-Sysmon' Guid='{5770385f-c22a-43e0-bf4c-06f5698ffbd9}'/><EventID>13</EventID><Version>2</Version><Level>4</Level><Task>13</Task><Opcode>0</Opcode><Keywords>0x8000000000000000</Keywords><TimeCreated SystemTime='2020-05-18T06:20:41.348906300Z'/><EventRecordID>4357</EventRecordID><Correlation/><Execution ProcessID='2480' ThreadID='3260'/><Channel>Microsoft-Windows-Sysmon/Operational</Channel><Computer>DESKTOP-P84STH6</Computer><Security UserID='S-1-5-18'/></System><EventData><Data Name='RuleName'>Suspicious,ImageBeginWithBackslash</Data><Data Name='EventType'>SetValue</Data><Data Name='UtcTime'>2020-05-18 06:20:41.346</Data><Data Name='ProcessGuid'>{5d3d98af-28d0-5ec2-0000-0010b7041300}</Data><Data Name='ProcessId'>5688</Data><Data Name='Image'>\\?\C:\Windows\system32\wbem\WMIADAP.EXE</Data><Data Name='TargetObject'>HKLM\SOFTWARE\Microsoft\Wbem\WDM\DREDGE\C:\Windows\system32\kernelbase.dll[MofResourceName]</Data><Data Name='Details'>LowDateTime:-2105814191,HighDateTime:30813469***Binary mof compiled successfully</Data></EventData></Event><Event xmlns='http://schemas.microsoft.com/win/2004/08/events/event'><System><Provider Name='Microsoft-Windows-Sysmon' Guid='{5770385f-c22a-43e0-bf4c-06f5698ffbd9}'/><EventID>12</EventID><Version>2</Version><Level>4</Level><Task>12</Task><Opcode>0</Opcode><Keywords>0x8000000000000000</Keywords><TimeCreated SystemTime='2020-05-18T06:20:41.348764900Z'/><EventRecordID>4356</EventRecordID><Correlation/><Execution ProcessID='2480' ThreadID='3260'/><Channel>Microsoft-Windows-Sysmon/Operational</Channel><Computer>DESKTOP-P84STH6</Computer><Security UserID='S-1-5-18'/></System><EventData><Data Name='RuleName'>Suspicious,ImageBeginWithBackslash</Data><Data Name='EventType'>DeleteKey</Data><Data Name='UtcTime'>2020-05-18 06:20:41.346</Data><Data Name='ProcessGuid'>{5d3d98af-28d0-5ec2-0000-0010b7041300}</Data><Data Name='ProcessId'>5688</Data><Data Name='Image'>\\?\C:\Windows\system32\wbem\WMIADAP.EXE</Data><Data Name='TargetObject'>HKLM\SOFTWARE\Microsoft\Wbem\WDM\DREDGE</Data></EventData></Event>