<Event xmlns='http://schemas.microsoft.com/win/2004/08/events/event'><System><Provider Name='Microsoft-Windows-Sysmon' Guid='{5770385f-c22a-43e0-bf4c-06f5698ffbd9}'/><EventID>11</EventID><Version>2</Version><Level>4</Level><Task>11</Task><Opcode>0</Opcode><Keywords>0x8000000000000000</Keywords><TimeCreated SystemTime='2020-05-18T06:28:56.660681600Z'/><EventRecordID>4434</EventRecordID><Correlation/><Execution ProcessID='2480' ThreadID='3260'/><Channel>Microsoft-Windows-Sysmon/Operational</Channel><Computer>DESKTOP-P84STH6</Computer><Security UserID='S-1-5-18'/></System><EventData><Data Name='RuleName'>DLL</Data><Data Name='UtcTime'>2020-05-18 06:28:56.656</Data><Data Name='ProcessGuid'>{5d3d98af-2b28-5ec2-0000-0010e3992e00}</Data><Data Name='ProcessId'>6448</Data><Data Name='Image'>C:\Windows\SoftwareDistribution\Download\Install\updateplatform.exe</Data><Data Name='TargetFilename'>C:\Windows\Temp\6F7645D0-EFB9-4DEF-A093-A502997B0080\MpDetours.dll</Data><Data Name='CreationUtcTime'>2020-05-18 06:28:56.656</Data></EventData></Event><Event xmlns='http://schemas.microsoft.com/win/2004/08/events/event'><System><Provider Name='Microsoft-Windows-Sysmon' Guid='{5770385f-c22a-43e0-bf4c-06f5698ffbd9}'/><EventID>11</EventID><Version>2</Version><Level>4</Level><Task>11</Task><Opcode>0</Opcode><Keywords>0x8000000000000000</Keywords><TimeCreated SystemTime='2020-05-18T06:28:56.648075800Z'/><EventRecordID>4433</EventRecordID><Correlation/><Execution ProcessID='2480' ThreadID='3260'/><Channel>Microsoft-Windows-Sysmon/Operational</Channel><Computer>DESKTOP-P84STH6</Computer><Security UserID='S-1-5-18'/></System><EventData><Data Name='RuleName'>DLL</Data><Data Name='UtcTime'>2020-05-18 06:28:56.640</Data><Data Name='ProcessGuid'>{5d3d98af-2b28-5ec2-0000-0010e3992e00}</Data><Data Name='ProcessId'>6448</Data><Data Name='Image'>C:\Windows\SoftwareDistribution\Download\Install\updateplatform.exe</Data><Data Name='TargetFilename'>C:\Windows\Temp\6F7645D0-EFB9-4DEF-A093-A502997B0080\MpCommu.dll</Data><Data Name='CreationUtcTime'>2020-05-18 06:28:56.640</Data></EventData></Event><Event xmlns='http://schemas.microsoft.com/win/2004/08/events/event'><System><Provider Name='Microsoft-Windows-Sysmon' Guid='{5770385f-c22a-43e0-bf4c-06f5698ffbd9}'/><EventID>11</EventID><Version>2</Version><Level>4</Level><Task>11</Task><Opcode>0</Opcode><Keywords>0x8000000000000000</Keywords><TimeCreated SystemTime='2020-05-18T06:28:56.610812700Z'/><EventRecordID>4432</EventRecordID><Correlation/><Execution ProcessID='2480' ThreadID='3260'/><Channel>Microsoft-Windows-Sysmon/Operational</Channel><Computer>DESKTOP-P84STH6</Computer><Security UserID='S-1-5-18'/></System><EventData><Data Name='RuleName'>DLL</Data><Data Name='UtcTime'>2020-05-18 06:28:56.584</Data><Data Name='ProcessGuid'>{5d3d98af-2b28-5ec2-0000-0010e3992e00}</Data><Data Name='ProcessId'>6448</Data><Data Name='Image'>C:\Windows\SoftwareDistribution\Download\Install\updateplatform.exe</Data><Data Name='TargetFilename'>C:\Windows\Temp\6F7645D0-EFB9-4DEF-A093-A502997B0080\MpClient.dll</Data><Data Name='CreationUtcTime'>2020-05-18 06:28:56.584</Data></EventData></Event><Event xmlns='http://schemas.microsoft.com/win/2004/08/events/event'><System><Provider Name='Microsoft-Windows-Sysmon' Guid='{5770385f-c22a-43e0-bf4c-06f5698ffbd9}'/><EventID>11</EventID><Version>2</Version><Level>4</Level><Task>11</Task><Opcode>0</Opcode><Keywords>0x8000000000000000</Keywords><TimeCreated SystemTime='2020-05-18T06:28:56.486296300Z'/><EventRecordID>4431</EventRecordID><Correlation/><Execution ProcessID='2480' ThreadID='3260'/><Channel>Microsoft-Windows-Sysmon/Operational</Channel><Computer>DESKTOP-P84STH6</Computer><Security UserID='S-1-5-18'/></System><EventData><Data Name='RuleName'>DLL</Data><Data Name='UtcTime'>2020-05-18 06:28:56.443</Data><Data Name='ProcessGuid'>{5d3d98af-2b28-5ec2-0000-0010e3992e00}</Data><Data Name='ProcessId'>6448</Data><Data Name='Image'>C:\Windows\SoftwareDistribution\Download\Install\updateplatform.exe</Data><Data Name='TargetFilename'>C:\Windows\Temp\6F7645D0-EFB9-4DEF-A093-A502997B0080\MpAzSubmit.dll</Data><Data Name='CreationUtcTime'>2020-05-18 06:28:56.443</Data></EventData></Event><Event xmlns='http://schemas.microsoft.com/win/2004/08/events/event'><System><Provider Name='Microsoft-Windows-Sysmon' Guid='{5770385f-c22a-43e0-bf4c-06f5698ffbd9}'/><EventID>11</EventID><Version>2</Version><Level>4</Level><Task>11</Task><Opcode>0</Opcode><Keywords>0x8000000000000000</Keywords><TimeCreated SystemTime='2020-05-18T06:28:56.429481800Z'/><EventRecordID>4430</EventRecordID><Correlation/><Execution ProcessID='2480' ThreadID='3260'/><Channel>Microsoft-Windows-Sysmon/Operational</Channel><Computer>DESKTOP-P84STH6</Computer><Security UserID='S-1-5-18'/></System><EventData><Data Name='RuleName'>DLL</Data><Data Name='UtcTime'>2020-05-18 06:28:56.423</Data><Data Name='ProcessGuid'>{5d3d98af-2b28-5ec2-0000-0010e3992e00}</Data><Data Name='ProcessId'>6448</Data><Data Name='Image'>C:\Windows\SoftwareDistribution\Download\Install\updateplatform.exe</Data><Data Name='TargetFilename'>C:\Windows\Temp\6F7645D0-EFB9-4DEF-A093-A502997B0080\DefenderCSP.dll</Data><Data Name='CreationUtcTime'>2020-05-18 06:28:56.423</Data></EventData></Event><Event xmlns='http://schemas.microsoft.com/win/2004/08/events/event'><System><Provider Name='Microsoft-Windows-Sysmon' Guid='{5770385f-c22a-43e0-bf4c-06f5698ffbd9}'/><EventID>1</EventID><Version>5</Version><Level>4</Level><Task>1</Task><Opcode>0</Opcode><Keywords>0x8000000000000000</Keywords><TimeCreated SystemTime='2020-05-18T06:28:56.232533800Z'/><EventRecordID>4429</EventRecordID><Correlation/><Execution ProcessID='2480' ThreadID='3260'/><Channel>Microsoft-Windows-Sysmon/Operational</Channel><Computer>DESKTOP-P84STH6</Computer><Security UserID='S-1-5-18'/></System><EventData><Data Name='RuleName'></Data><Data Name='UtcTime'>2020-05-18 06:28:56.055</Data><Data Name='ProcessGuid'>{5d3d98af-2b28-5ec2-0000-0010e3992e00}</Data><Data Name='ProcessId'>6448</Data><Data Name='Image'>C:\Windows\SoftwareDistribution\Download\Install\updateplatform.exe</Data><Data Name='FileVersion'>4.18.2005.4</Data><Data Name='Description'>AntiMalware Platform Update (amd64fre)</Data><Data Name='Product'>Microsoft Malware Protection</Data><Data Name='Company'>Microsoft Corporation</Data><Data Name='OriginalFileName'>UpdatePlatform.exe</Data><Data Name='CommandLine'>"C:\Windows\SoftwareDistribution\Download\Install\updateplatform.exe" </Data><Data Name='CurrentDirectory'>C:\Windows\SoftwareDistribution\Download\Install\</Data><Data Name='User'>NT AUTHORITY\SYSTEM</Data><Data Name='LogonGuid'>{5d3d98af-27d7-5ec2-0000-0020e7030000}</Data><Data Name='LogonId'>0x3e7</Data><Data Name='TerminalSessionId'>0</Data><Data Name='IntegrityLevel'>System</Data><Data Name='Hashes'>MD5=011509545DC2A68B64E77510EF29DBFD,SHA256=46D0791D3DF520E4BA3B47E32A5FC65F8A98FF6F58193FB0FD489B308C37C7B5,IMPHASH=17227F67AA67F513DB63F8CDD338A772</Data><Data Name='ParentProcessGuid'>{5d3d98af-2b27-5ec2-0000-00106f962e00}</Data><Data Name='ParentProcessId'>4404</Data><Data Name='ParentImage'>C:\Windows\System32\wuauclt.exe</Data><Data Name='ParentCommandLine'>"C:\Windows\system32\wuauclt.exe" /UpdateDeploymentProvider wuaueng.dll /RunHandlerComServer</Data></EventData></Event><Event xmlns='http://schemas.microsoft.com/win/2004/08/events/event'><System><Provider Name='Microsoft-Windows-Sysmon' Guid='{5770385f-c22a-43e0-bf4c-06f5698ffbd9}'/><EventID>11</EventID><Version>2</Version><Level>4</Level><Task>11</Task><Opcode>0</Opcode><Keywords>0x8000000000000000</Keywords><TimeCreated SystemTime='2020-05-18T06:28:55.925239200Z'/><EventRecordID>4428</EventRecordID><Correlation/><Execution ProcessID='2480' ThreadID='3260'/><Channel>Microsoft-Windows-Sysmon/Operational</Channel><Computer>DESKTOP-P84STH6</Computer><Security UserID='S-1-5-18'/></System><EventData><Data Name='RuleName'>EXE</Data><Data Name='UtcTime'>2020-05-18 06:28:55.923</Data><Data Name='ProcessGuid'>{5d3d98af-294b-5ec2-0000-00106b811f00}</Data><Data Name='ProcessId'>5704</Data><Data Name='Image'>C:\Windows\system32\svchost.exe</Data><Data Name='TargetFilename'>C:\Windows\SoftwareDistribution\Download\Install\updateplatform.exe</Data><Data Name='CreationUtcTime'>2020-05-18 06:28:55.922</Data></EventData></Event><Event xmlns='http://schemas.microsoft.com/win/2004/08/events/event'><System><Provider Name='Microsoft-Windows-Sysmon' Guid='{5770385f-c22a-43e0-bf4c-06f5698ffbd9}'/><EventID>1</EventID><Version>5</Version><Level>4</Level><Task>1</Task><Opcode>0</Opcode><Keywords>0x8000000000000000</Keywords><TimeCreated SystemTime='2020-05-18T06:28:55.737614400Z'/><EventRecordID>4427</EventRecordID><Correlation/><Execution ProcessID='2480' ThreadID='3260'/><Channel>Microsoft-Windows-Sysmon/Operational</Channel><Computer>DESKTOP-P84STH6</Computer><Security UserID='S-1-5-18'/></System><EventData><Data Name='RuleName'></Data><Data Name='UtcTime'>2020-05-18 06:28:55.720</Data><Data Name='ProcessGuid'>{5d3d98af-2b27-5ec2-0000-00106f962e00}</Data><Data Name='ProcessId'>4404</Data><Data Name='Image'>C:\Windows\System32\wuauclt.exe</Data><Data Name='FileVersion'>10.0.18362.836 (WinBuild.160101.0800)</Data><Data Name='Description'>Windows Update</Data><Data Name='Product'>Microsoft® Windows® Operating System</Data><Data Name='Company'>Microsoft Corporation</Data><Data Name='OriginalFileName'>wuauclt.exe</Data><Data Name='CommandLine'>"C:\Windows\system32\wuauclt.exe" /UpdateDeploymentProvider wuaueng.dll /RunHandlerComServer</Data><Data Name='CurrentDirectory'>C:\Windows\system32\</Data><Data Name='User'>NT AUTHORITY\SYSTEM</Data><Data Name='LogonGuid'>{5d3d98af-27d7-5ec2-0000-0020e7030000}</Data><Data Name='LogonId'>0x3e7</Data><Data Name='TerminalSessionId'>0</Data><Data Name='IntegrityLevel'>System</Data><Data Name='Hashes'>MD5=312589BDC4DEE2214DB910CA6D0C0E4D,SHA256=62AFF13B933C69C3CF2DBC4D29FE2D7C19E15226D65652455726B08BE66AD94C,IMPHASH=BE9B473C189DDACB39D5DEE749A544E5</Data><Data Name='ParentProcessGuid'>{5d3d98af-294b-5ec2-0000-00106b811f00}</Data><Data Name='ParentProcessId'>5704</Data><Data Name='ParentImage'>C:\Windows\System32\svchost.exe</Data><Data Name='ParentCommandLine'>C:\Windows\system32\svchost.exe -k netsvcs -p -s wuauserv</Data></EventData></Event><Event xmlns='http://schemas.microsoft.com/win/2004/08/events/event'><System><Provider Name='Microsoft-Windows-Sysmon' Guid='{5770385f-c22a-43e0-bf4c-06f5698ffbd9}'/><EventID>22</EventID><Version>5</Version><Level>4</Level><Task>22</Task><Opcode>0</Opcode><Keywords>0x8000000000000000</Keywords><TimeCreated SystemTime='2020-05-18T06:27:30.178294800Z'/><EventRecordID>4426</EventRecordID><Correlation/><Execution ProcessID='2480' ThreadID='2496'/><Channel>Microsoft-Windows-Sysmon/Operational</Channel><Computer>DESKTOP-P84STH6</Computer><Security UserID='S-1-5-18'/></System><EventData><Data Name='RuleName'></Data><Data Name='UtcTime'>2020-05-18 06:27:29.266</Data><Data Name='ProcessGuid'>{5d3d98af-2942-5ec2-0000-00100ad31d00}</Data><Data Name='ProcessId'>6552</Data><Data Name='QueryName'>syndication.twitter.com</Data><Data Name='QueryStatus'>0</Data><Data Name='QueryResults'>104.244.42.200;104.244.42.136;104.244.42.72;104.244.42.8;</Data><Data Name='Image'>C:\Program Files (x86)\Google\Chrome\Application\chrome.exe</Data></EventData></Event><Event xmlns='http://schemas.microsoft.com/win/2004/08/events/event'><System><Provider Name='Microsoft-Windows-Sysmon' Guid='{5770385f-c22a-43e0-bf4c-06f5698ffbd9}'/><EventID>22</EventID><Version>5</Version><Level>4</Level><Task>22</Task><Opcode>0</Opcode><Keywords>0x8000000000000000</Keywords><TimeCreated SystemTime='2020-05-18T06:27:29.181987500Z'/><EventRecordID>4425</EventRecordID><Correlation/><Execution ProcessID='2480' ThreadID='2496'/><Channel>Microsoft-Windows-Sysmon/Operational</Channel><Computer>DESKTOP-P84STH6</Computer><Security UserID='S-1-5-18'/></System><EventData><Data Name='RuleName'></Data><Data Name='UtcTime'>2020-05-18 06:27:28.671</Data><Data Name='ProcessGuid'>{5d3d98af-2942-5ec2-0000-00100ad31d00}</Data><Data Name='ProcessId'>6552</Data><Data Name='QueryName'>ag.innovid.com</Data><Data Name='QueryStatus'>0</Data><Data Name='QueryResults'>type:  5 ag-5-split.ag.innovid.com.akadns.net;type:  5 aws-oreg-cali-virg.ag.innovid.com.akadns.net;type:  5 aragorn-oreg-prod.inbake.com;type:  5 aragornapp-prod-or-lbj.inbake.com;type:  5 servingpr-aragorna-1r7of9fkz4kos-735852295.us-west-2.elb.amazonaws.com;52.89.85.38;52.24.19.120;52.35.234.126;35.163.10.224;52.42.217.121;52.41.141.254;44.228.1.37;34.210.114.153;</Data><Data Name='Image'>C:\Program Files (x86)\Google\Chrome\Application\chrome.exe</Data></EventData></Event><Event xmlns='http://schemas.microsoft.com/win/2004/08/events/event'><System><Provider Name='Microsoft-Windows-Sysmon' Guid='{5770385f-c22a-43e0-bf4c-06f5698ffbd9}'/><EventID>22</EventID><Version>5</Version><Level>4</Level><Task>22</Task><Opcode>0</Opcode><Keywords>0x8000000000000000</Keywords><TimeCreated SystemTime='2020-05-18T06:27:29.181799500Z'/><EventRecordID>4424</EventRecordID><Correlation/><Execution ProcessID='2480' ThreadID='2496'/><Channel>Microsoft-Windows-Sysmon/Operational</Channel><Computer>DESKTOP-P84STH6</Computer><Security UserID='S-1-5-18'/></System><EventData><Data Name='RuleName'></Data><Data Name='UtcTime'>2020-05-18 06:27:28.433</Data><Data Name='ProcessGuid'>{5d3d98af-2942-5ec2-0000-00100ad31d00}</Data><Data Name='ProcessId'>6552</Data><Data Name='QueryName'>cc.adingo.jp</Data><Data Name='QueryStatus'>0</Data><Data Name='QueryResults'>3.225.92.69;3.217.164.228;52.72.195.204;34.195.91.242;34.206.225.118;54.164.34.2;100.25.225.218;54.242.44.147;</Data><Data Name='Image'>C:\Program Files (x86)\Google\Chrome\Application\chrome.exe</Data></EventData></Event><Event xmlns='http://schemas.microsoft.com/win/2004/08/events/event'><System><Provider Name='Microsoft-Windows-Sysmon' Guid='{5770385f-c22a-43e0-bf4c-06f5698ffbd9}'/><EventID>22</EventID><Version>5</Version><Level>4</Level><Task>22</Task><Opcode>0</Opcode><Keywords>0x8000000000000000</Keywords><TimeCreated SystemTime='2020-05-18T06:27:28.197441300Z'/><EventRecordID>4423</EventRecordID><Correlation/><Execution ProcessID='2480' ThreadID='2496'/><Channel>Microsoft-Windows-Sysmon/Operational</Channel><Computer>DESKTOP-P84STH6</Computer><Security UserID='S-1-5-18'/></System><EventData><Data Name='RuleName'></Data><Data Name='UtcTime'>2020-05-18 06:27:28.186</Data><Data Name='ProcessGuid'>{5d3d98af-2942-5ec2-0000-00100ad31d00}</Data><Data Name='ProcessId'>6552</Data><Data Name='QueryName'>fcmatch.youtube.com</Data><Data Name='QueryStatus'>0</Data><Data Name='QueryResults'>216.58.200.46;</Data><Data Name='Image'>C:\Program Files (x86)\Google\Chrome\Application\chrome.exe</Data></EventData></Event><Event xmlns='http://schemas.microsoft.com/win/2004/08/events/event'><System><Provider Name='Microsoft-Windows-Sysmon' Guid='{5770385f-c22a-43e0-bf4c-06f5698ffbd9}'/><EventID>22</EventID><Version>5</Version><Level>4</Level><Task>22</Task><Opcode>0</Opcode><Keywords>0x8000000000000000</Keywords><TimeCreated SystemTime='2020-05-18T06:27:27.177075600Z'/><EventRecordID>4422</EventRecordID><Correlation/><Execution ProcessID='2480' ThreadID='2496'/><Channel>Microsoft-Windows-Sysmon/Operational</Channel><Computer>DESKTOP-P84STH6</Computer><Security UserID='S-1-5-18'/></System><EventData><Data Name='RuleName'></Data><Data Name='UtcTime'>2020-05-18 06:27:26.738</Data><Data Name='ProcessGuid'>{5d3d98af-2942-5ec2-0000-00100ad31d00}</Data><Data Name='ProcessId'>6552</Data><Data Name='QueryName'>neutralx0.net</Data><Data Name='QueryStatus'>0</Data><Data Name='QueryResults'>182.48.10.221;</Data><Data Name='Image'>C:\Program Files (x86)\Google\Chrome\Application\chrome.exe</Data></EventData></Event><Event xmlns='http://schemas.microsoft.com/win/2004/08/events/event'><System><Provider Name='Microsoft-Windows-Sysmon' Guid='{5770385f-c22a-43e0-bf4c-06f5698ffbd9}'/><EventID>22</EventID><Version>5</Version><Level>4</Level><Task>22</Task><Opcode>0</Opcode><Keywords>0x8000000000000000</Keywords><TimeCreated SystemTime='2020-05-18T06:27:27.176946500Z'/><EventRecordID>4421</EventRecordID><Correlation/><Execution ProcessID='2480' ThreadID='2496'/><Channel>Microsoft-Windows-Sysmon/Operational</Channel><Computer>DESKTOP-P84STH6</Computer><Security UserID='S-1-5-18'/></System><EventData><Data Name='RuleName'></Data><Data Name='UtcTime'>2020-05-18 06:27:26.452</Data><Data Name='ProcessGuid'>{5d3d98af-2942-5ec2-0000-00100ad31d00}</Data><Data Name='ProcessId'>6552</Data><Data Name='QueryName'>twitter.com</Data><Data Name='QueryStatus'>0</Data><Data Name='QueryResults'>104.244.42.1;104.244.42.193;</Data><Data Name='Image'>C:\Program Files (x86)\Google\Chrome\Application\chrome.exe</Data></EventData></Event><Event xmlns='http://schemas.microsoft.com/win/2004/08/events/event'><System><Provider Name='Microsoft-Windows-Sysmon' Guid='{5770385f-c22a-43e0-bf4c-06f5698ffbd9}'/><EventID>22</EventID><Version>5</Version><Level>4</Level><Task>22</Task><Opcode>0</Opcode><Keywords>0x8000000000000000</Keywords><TimeCreated SystemTime='2020-05-18T06:27:27.176853300Z'/><EventRecordID>4420</EventRecordID><Correlation/><Execution ProcessID='2480' ThreadID='2496'/><Channel>Microsoft-Windows-Sysmon/Operational</Channel><Computer>DESKTOP-P84STH6</Computer><Security UserID='S-1-5-18'/></System><EventData><Data Name='RuleName'></Data><Data Name='UtcTime'>2020-05-18 06:27:26.451</Data><Data Name='ProcessGuid'>{5d3d98af-2942-5ec2-0000-00100ad31d00}</Data><Data Name='ProcessId'>6552</Data><Data Name='QueryName'>platform.tumblr.com</Data><Data Name='QueryStatus'>0</Data><Data Name='QueryResults'>type:  5 cs1143.wpc.chicdn.net;152.199.43.87;</Data><Data Name='Image'>C:\Program Files (x86)\Google\Chrome\Application\chrome.exe</Data></EventData></Event><Event xmlns='http://schemas.microsoft.com/win/2004/08/events/event'><System><Provider Name='Microsoft-Windows-Sysmon' Guid='{5770385f-c22a-43e0-bf4c-06f5698ffbd9}'/><EventID>22</EventID><Version>5</Version><Level>4</Level><Task>22</Task><Opcode>0</Opcode><Keywords>0x8000000000000000</Keywords><TimeCreated SystemTime='2020-05-18T06:27:27.176761600Z'/><EventRecordID>4419</EventRecordID><Correlation/><Execution ProcessID='2480' ThreadID='2496'/><Channel>Microsoft-Windows-Sysmon/Operational</Channel><Computer>DESKTOP-P84STH6</Computer><Security UserID='S-1-5-18'/></System><EventData><Data Name='RuleName'></Data><Data Name='UtcTime'>2020-05-18 06:27:26.451</Data><Data Name='ProcessGuid'>{5d3d98af-2942-5ec2-0000-00100ad31d00}</Data><Data Name='ProcessId'>6552</Data><Data Name='QueryName'>www.tumblr.com</Data><Data Name='QueryStatus'>0</Data><Data Name='QueryResults'>type:  5 cs1143.wpc.chicdn.net;152.199.43.87;</Data><Data Name='Image'>C:\Program Files (x86)\Google\Chrome\Application\chrome.exe</Data></EventData></Event><Event xmlns='http://schemas.microsoft.com/win/2004/08/events/event'><System><Provider Name='Microsoft-Windows-Sysmon' Guid='{5770385f-c22a-43e0-bf4c-06f5698ffbd9}'/><EventID>22</EventID><Version>5</Version><Level>4</Level><Task>22</Task><Opcode>0</Opcode><Keywords>0x8000000000000000</Keywords><TimeCreated SystemTime='2020-05-18T06:27:26.411852100Z'/><EventRecordID>4418</EventRecordID><Correlation/><Execution ProcessID='2480' ThreadID='2496'/><Channel>Microsoft-Windows-Sysmon/Operational</Channel><Computer>DESKTOP-P84STH6</Computer><Security UserID='S-1-5-18'/></System><EventData><Data Name='RuleName'></Data><Data Name='UtcTime'>2020-05-18 06:27:26.195</Data><Data Name='ProcessGuid'>{5d3d98af-2942-5ec2-0000-00100ad31d00}</Data><Data Name='ProcessId'>6552</Data><Data Name='QueryName'>neutralxe.blogspot.com</Data><Data Name='QueryStatus'>0</Data><Data Name='QueryResults'>type:  5 blogspot.l.googleusercontent.com;172.217.24.1;</Data><Data Name='Image'>C:\Program Files (x86)\Google\Chrome\Application\chrome.exe</Data></EventData></Event><Event xmlns='http://schemas.microsoft.com/win/2004/08/events/event'><System><Provider Name='Microsoft-Windows-Sysmon' Guid='{5770385f-c22a-43e0-bf4c-06f5698ffbd9}'/><EventID>22</EventID><Version>5</Version><Level>4</Level><Task>22</Task><Opcode>0</Opcode><Keywords>0x8000000000000000</Keywords><TimeCreated SystemTime='2020-05-18T06:27:26.411766400Z'/><EventRecordID>4417</EventRecordID><Correlation/><Execution ProcessID='2480' ThreadID='2496'/><Channel>Microsoft-Windows-Sysmon/Operational</Channel><Computer>DESKTOP-P84STH6</Computer><Security UserID='S-1-5-18'/></System><EventData><Data Name='RuleName'></Data><Data Name='UtcTime'>2020-05-18 06:27:25.857</Data><Data Name='ProcessGuid'>{5d3d98af-2942-5ec2-0000-00100ad31d00}</Data><Data Name='ProcessId'>6552</Data><Data Name='QueryName'>platform.twitter.com</Data><Data Name='QueryStatus'>0</Data><Data Name='QueryResults'>type:  5 cs472.wac.edgecastcdn.net;type:  5 cs1-apr-8315.wac.edgecastcdn.net;type:  5 wac.apr-8315.edgecastdns.net;type:  5 cs1-lb-as.8315.ecdns.net;type:  5 cs155.wac.edgecastcdn.net;192.229.237.25;</Data><Data Name='Image'>C:\Program Files (x86)\Google\Chrome\Application\chrome.exe</Data></EventData></Event><Event xmlns='http://schemas.microsoft.com/win/2004/08/events/event'><System><Provider Name='Microsoft-Windows-Sysmon' Guid='{5770385f-c22a-43e0-bf4c-06f5698ffbd9}'/><EventID>22</EventID><Version>5</Version><Level>4</Level><Task>22</Task><Opcode>0</Opcode><Keywords>0x8000000000000000</Keywords><TimeCreated SystemTime='2020-05-18T06:27:26.411676800Z'/><EventRecordID>4416</EventRecordID><Correlation/><Execution ProcessID='2480' ThreadID='2496'/><Channel>Microsoft-Windows-Sysmon/Operational</Channel><Computer>DESKTOP-P84STH6</Computer><Security UserID='S-1-5-18'/></System><EventData><Data Name='RuleName'></Data><Data Name='UtcTime'>2020-05-18 06:27:25.465</Data><Data Name='ProcessGuid'>{5d3d98af-2942-5ec2-0000-00100ad31d00}</Data><Data Name='ProcessId'>6552</Data><Data Name='QueryName'>www.facebook.com</Data><Data Name='QueryStatus'>0</Data><Data Name='QueryResults'>type:  5 star-mini.c10r.facebook.com;31.13.87.36;</Data><Data Name='Image'>C:\Program Files (x86)\Google\Chrome\Application\chrome.exe</Data></EventData></Event><Event xmlns='http://schemas.microsoft.com/win/2004/08/events/event'><System><Provider Name='Microsoft-Windows-Sysmon' Guid='{5770385f-c22a-43e0-bf4c-06f5698ffbd9}'/><EventID>22</EventID><Version>5</Version><Level>4</Level><Task>22</Task><Opcode>0</Opcode><Keywords>0x8000000000000000</Keywords><TimeCreated SystemTime='2020-05-18T06:27:24.212181900Z'/><EventRecordID>4415</EventRecordID><Correlation/><Execution ProcessID='2480' ThreadID='2496'/><Channel>Microsoft-Windows-Sysmon/Operational</Channel><Computer>DESKTOP-P84STH6</Computer><Security UserID='S-1-5-18'/></System><EventData><Data Name='RuleName'></Data><Data Name='UtcTime'>2020-05-18 06:27:23.339</Data><Data Name='ProcessGuid'>{5d3d98af-2942-5ec2-0000-00100ad31d00}</Data><Data Name='ProcessId'>6552</Data><Data Name='QueryName'>neutralxe.net</Data><Data Name='QueryStatus'>0</Data><Data Name='QueryResults'>182.48.10.221;</Data><Data Name='Image'>C:\Program Files (x86)\Google\Chrome\Application\chrome.exe</Data></EventData></Event><Event xmlns='http://schemas.microsoft.com/win/2004/08/events/event'><System><Provider Name='Microsoft-Windows-Sysmon' Guid='{5770385f-c22a-43e0-bf4c-06f5698ffbd9}'/><EventID>22</EventID><Version>5</Version><Level>4</Level><Task>22</Task><Opcode>0</Opcode><Keywords>0x8000000000000000</Keywords><TimeCreated SystemTime='2020-05-18T06:27:20.046410900Z'/><EventRecordID>4414</EventRecordID><Correlation/><Execution ProcessID='2480' ThreadID='2496'/><Channel>Microsoft-Windows-Sysmon/Operational</Channel><Computer>DESKTOP-P84STH6</Computer><Security UserID='S-1-5-18'/></System><EventData><Data Name='RuleName'></Data><Data Name='UtcTime'>2020-05-18 06:27:19.412</Data><Data Name='ProcessGuid'>{5d3d98af-2942-5ec2-0000-00100ad31d00}</Data><Data Name='ProcessId'>6552</Data><Data Name='QueryName'>neutral</Data><Data Name='QueryStatus'>123</Data><Data Name='QueryResults'></Data><Data Name='Image'>C:\Program Files (x86)\Google\Chrome\Application\chrome.exe</Data></EventData></Event><Event xmlns='http://schemas.microsoft.com/win/2004/08/events/event'><System><Provider Name='Microsoft-Windows-Sysmon' Guid='{5770385f-c22a-43e0-bf4c-06f5698ffbd9}'/><EventID>22</EventID><Version>5</Version><Level>4</Level><Task>22</Task><Opcode>0</Opcode><Keywords>0x8000000000000000</Keywords><TimeCreated SystemTime='2020-05-18T06:27:19.044507400Z'/><EventRecordID>4413</EventRecordID><Correlation/><Execution ProcessID='2480' ThreadID='2496'/><Channel>Microsoft-Windows-Sysmon/Operational</Channel><Computer>DESKTOP-P84STH6</Computer><Security UserID='S-1-5-18'/></System><EventData><Data Name='RuleName'></Data><Data Name='UtcTime'>2020-05-18 06:27:18.209</Data><Data Name='ProcessGuid'>{5d3d98af-2942-5ec2-0000-00100ad31d00}</Data><Data Name='ProcessId'>6552</Data><Data Name='QueryName'>content-autofill.googleapis.com</Data><Data Name='QueryStatus'>0</Data><Data Name='QueryResults'>216.58.200.234;</Data><Data Name='Image'>C:\Program Files (x86)\Google\Chrome\Application\chrome.exe</Data></EventData></Event><Event xmlns='http://schemas.microsoft.com/win/2004/08/events/event'><System><Provider Name='Microsoft-Windows-Sysmon' Guid='{5770385f-c22a-43e0-bf4c-06f5698ffbd9}'/><EventID>22</EventID><Version>5</Version><Level>4</Level><Task>22</Task><Opcode>0</Opcode><Keywords>0x8000000000000000</Keywords><TimeCreated SystemTime='2020-05-18T06:27:18.069618400Z'/><EventRecordID>4412</EventRecordID><Correlation/><Execution ProcessID='2480' ThreadID='2496'/><Channel>Microsoft-Windows-Sysmon/Operational</Channel><Computer>DESKTOP-P84STH6</Computer><Security UserID='S-1-5-18'/></System><EventData><Data Name='RuleName'></Data><Data Name='UtcTime'>2020-05-18 06:27:17.116</Data><Data Name='ProcessGuid'>{5d3d98af-2942-5ec2-0000-00100ad31d00}</Data><Data Name='ProcessId'>6552</Data><Data Name='QueryName'>apis.google.com</Data><Data Name='QueryStatus'>0</Data><Data Name='QueryResults'>type:  5 plus.l.google.com;216.58.200.238;</Data><Data Name='Image'>C:\Program Files (x86)\Google\Chrome\Application\chrome.exe</Data></EventData></Event><Event xmlns='http://schemas.microsoft.com/win/2004/08/events/event'><System><Provider Name='Microsoft-Windows-Sysmon' Guid='{5770385f-c22a-43e0-bf4c-06f5698ffbd9}'/><EventID>22</EventID><Version>5</Version><Level>4</Level><Task>22</Task><Opcode>0</Opcode><Keywords>0x8000000000000000</Keywords><TimeCreated SystemTime='2020-05-18T06:27:13.487737500Z'/><EventRecordID>4411</EventRecordID><Correlation/><Execution ProcessID='2480' ThreadID='2496'/><Channel>Microsoft-Windows-Sysmon/Operational</Channel><Computer>DESKTOP-P84STH6</Computer><Security UserID='S-1-5-18'/></System><EventData><Data Name='RuleName'></Data><Data Name='UtcTime'>2020-05-18 06:27:12.516</Data><Data Name='ProcessGuid'>{5d3d98af-2942-5ec2-0000-00100ad31d00}</Data><Data Name='ProcessId'>6552</Data><Data Name='QueryName'>www.google.com</Data><Data Name='QueryStatus'>0</Data><Data Name='QueryResults'>172.217.160.68;</Data><Data Name='Image'>C:\Program Files (x86)\Google\Chrome\Application\chrome.exe</Data></EventData></Event><Event xmlns='http://schemas.microsoft.com/win/2004/08/events/event'><System><Provider Name='Microsoft-Windows-Sysmon' Guid='{5770385f-c22a-43e0-bf4c-06f5698ffbd9}'/><EventID>1</EventID><Version>5</Version><Level>4</Level><Task>1</Task><Opcode>0</Opcode><Keywords>0x8000000000000000</Keywords><TimeCreated SystemTime='2020-05-18T06:25:11.228059500Z'/><EventRecordID>4410</EventRecordID><Correlation/><Execution ProcessID='2480' ThreadID='3260'/><Channel>Microsoft-Windows-Sysmon/Operational</Channel><Computer>DESKTOP-P84STH6</Computer><Security UserID='S-1-5-18'/></System><EventData><Data Name='RuleName'></Data><Data Name='UtcTime'>2020-05-18 06:25:11.225</Data><Data Name='ProcessGuid'>{5d3d98af-2a47-5ec2-0000-0010159d2b00}</Data><Data Name='ProcessId'>5628</Data><Data Name='Image'>C:\Program Files\Windows Defender\MpCmdRun.exe</Data><Data Name='FileVersion'>4.18.1902.5 (GitEnlistment(winpbld).190221-1742)</Data><Data Name='Description'>Microsoft Malware Protection Command Line Utility</Data><Data Name='Product'>Microsoft® Windows® Operating System</Data><Data Name='Company'>Microsoft Corporation</Data><Data Name='OriginalFileName'>MpCmdRun.exe</Data><Data Name='CommandLine'>"C:\Program Files\Windows Defender\MpCmdRun.exe" SignaturesUpdateService -ScheduleJob -UnmanagedUpdate</Data><Data Name='CurrentDirectory'>C:\Windows\system32\</Data><Data Name='User'>NT AUTHORITY\SYSTEM</Data><Data Name='LogonGuid'>{5d3d98af-27d7-5ec2-0000-0020e7030000}</Data><Data Name='LogonId'>0x3e7</Data><Data Name='TerminalSessionId'>0</Data><Data Name='IntegrityLevel'>System</Data><Data Name='Hashes'>MD5=CC4F6CBDE75F08AFDCEFB95087149A5D,SHA256=885557BE148DE55F6A127EA26AC457B9415E3E3BAF30266D82B9D19B89E78EE4,IMPHASH=B34FCC4C232A80C59EEDF422ACC8372D</Data><Data Name='ParentProcessGuid'>{5d3d98af-27de-5ec2-0000-0010808c0200}</Data><Data Name='ParentProcessId'>2548</Data><Data Name='ParentImage'>C:\Program Files\Windows Defender\MsMpEng.exe</Data><Data Name='ParentCommandLine'>"C:\Program Files\Windows Defender\MsMpEng.exe"</Data></EventData></Event><Event xmlns='http://schemas.microsoft.com/win/2004/08/events/event'><System><Provider Name='Microsoft-Windows-Sysmon' Guid='{5770385f-c22a-43e0-bf4c-06f5698ffbd9}'/><EventID>1</EventID><Version>5</Version><Level>4</Level><Task>1</Task><Opcode>0</Opcode><Keywords>0x8000000000000000</Keywords><TimeCreated SystemTime='2020-05-18T06:25:11.172629900Z'/><EventRecordID>4409</EventRecordID><Correlation/><Execution ProcessID='2480' ThreadID='3260'/><Channel>Microsoft-Windows-Sysmon/Operational</Channel><Computer>DESKTOP-P84STH6</Computer><Security UserID='S-1-5-18'/></System><EventData><Data Name='RuleName'></Data><Data Name='UtcTime'>2020-05-18 06:25:11.170</Data><Data Name='ProcessGuid'>{5d3d98af-2a47-5ec2-0000-001006992b00}</Data><Data Name='ProcessId'>1668</Data><Data Name='Image'>C:\Program Files\Windows Defender\MpCmdRun.exe</Data><Data Name='FileVersion'>4.18.1902.5 (GitEnlistment(winpbld).190221-1742)</Data><Data Name='Description'>Microsoft Malware Protection Command Line Utility</Data><Data Name='Product'>Microsoft® Windows® Operating System</Data><Data Name='Company'>Microsoft Corporation</Data><Data Name='OriginalFileName'>MpCmdRun.exe</Data><Data Name='CommandLine'>"C:\Program Files\Windows Defender\MpCmdRun.exe" SignatureUpdate -ScheduleJob -RestrictPrivileges -Reinvoke</Data><Data Name='CurrentDirectory'>C:\Windows\system32\</Data><Data Name='User'>NT AUTHORITY\NETWORK SERVICE</Data><Data Name='LogonGuid'>{5d3d98af-27d8-5ec2-0000-0020e4030000}</Data><Data Name='LogonId'>0x3e4</Data><Data Name='TerminalSessionId'>0</Data><Data Name='IntegrityLevel'>System</Data><Data Name='Hashes'>MD5=CC4F6CBDE75F08AFDCEFB95087149A5D,SHA256=885557BE148DE55F6A127EA26AC457B9415E3E3BAF30266D82B9D19B89E78EE4,IMPHASH=B34FCC4C232A80C59EEDF422ACC8372D</Data><Data Name='ParentProcessGuid'>{5d3d98af-2a47-5ec2-0000-001078942b00}</Data><Data Name='ParentProcessId'>4940</Data><Data Name='ParentImage'>C:\Program Files\Windows Defender\MpCmdRun.exe</Data><Data Name='ParentCommandLine'>"C:\Program Files\Windows Defender\MpCmdRun.exe" SignatureUpdate -ScheduleJob -RestrictPrivileges</Data></EventData></Event><Event xmlns='http://schemas.microsoft.com/win/2004/08/events/event'><System><Provider Name='Microsoft-Windows-Sysmon' Guid='{5770385f-c22a-43e0-bf4c-06f5698ffbd9}'/><EventID>1</EventID><Version>5</Version><Level>4</Level><Task>1</Task><Opcode>0</Opcode><Keywords>0x8000000000000000</Keywords><TimeCreated SystemTime='2020-05-18T06:25:11.105462200Z'/><EventRecordID>4408</EventRecordID><Correlation/><Execution ProcessID='2480' ThreadID='3260'/><Channel>Microsoft-Windows-Sysmon/Operational</Channel><Computer>DESKTOP-P84STH6</Computer><Security UserID='S-1-5-18'/></System><EventData><Data Name='RuleName'></Data><Data Name='UtcTime'>2020-05-18 06:25:11.067</Data><Data Name='ProcessGuid'>{5d3d98af-2a47-5ec2-0000-001078942b00}</Data><Data Name='ProcessId'>4940</Data><Data Name='Image'>C:\Program Files\Windows Defender\MpCmdRun.exe</Data><Data Name='FileVersion'>4.18.1902.5 (GitEnlistment(winpbld).190221-1742)</Data><Data Name='Description'>Microsoft Malware Protection Command Line Utility</Data><Data Name='Product'>Microsoft® Windows® Operating System</Data><Data Name='Company'>Microsoft Corporation</Data><Data Name='OriginalFileName'>MpCmdRun.exe</Data><Data Name='CommandLine'>"C:\Program Files\Windows Defender\MpCmdRun.exe" SignatureUpdate -ScheduleJob -RestrictPrivileges</Data><Data Name='CurrentDirectory'>C:\Windows\system32\</Data><Data Name='User'>NT AUTHORITY\SYSTEM</Data><Data Name='LogonGuid'>{5d3d98af-27d7-5ec2-0000-0020e7030000}</Data><Data Name='LogonId'>0x3e7</Data><Data Name='TerminalSessionId'>0</Data><Data Name='IntegrityLevel'>System</Data><Data Name='Hashes'>MD5=CC4F6CBDE75F08AFDCEFB95087149A5D,SHA256=885557BE148DE55F6A127EA26AC457B9415E3E3BAF30266D82B9D19B89E78EE4,IMPHASH=B34FCC4C232A80C59EEDF422ACC8372D</Data><Data Name='ParentProcessGuid'>{5d3d98af-27de-5ec2-0000-0010808c0200}</Data><Data Name='ParentProcessId'>2548</Data><Data Name='ParentImage'>C:\Program Files\Windows Defender\MsMpEng.exe</Data><Data Name='ParentCommandLine'>"C:\Program Files\Windows Defender\MsMpEng.exe"</Data></EventData></Event><Event xmlns='http://schemas.microsoft.com/win/2004/08/events/event'><System><Provider Name='Microsoft-Windows-Sysmon' Guid='{5770385f-c22a-43e0-bf4c-06f5698ffbd9}'/><EventID>22</EventID><Version>5</Version><Level>4</Level><Task>22</Task><Opcode>0</Opcode><Keywords>0x8000000000000000</Keywords><TimeCreated SystemTime='2020-05-18T06:24:57.531665800Z'/><EventRecordID>4407</EventRecordID><Correlation/><Execution ProcessID='2480' ThreadID='2496'/><Channel>Microsoft-Windows-Sysmon/Operational</Channel><Computer>DESKTOP-P84STH6</Computer><Security UserID='S-1-5-18'/></System><EventData><Data Name='RuleName'></Data><Data Name='UtcTime'>2020-05-18 06:24:56.760</Data><Data Name='ProcessGuid'>{5d3d98af-2942-5ec2-0000-00100ad31d00}</Data><Data Name='ProcessId'>6552</Data><Data Name='QueryName'>d.agkn.com</Data><Data Name='QueryStatus'>0</Data><Data Name='QueryResults'>type:  5 data.agkn.com;type:  5 d2ctznuk6ro1vp.cloudfront.net;13.35.7.52;13.35.7.30;13.35.7.15;13.35.7.92;</Data><Data Name='Image'>C:\Program Files (x86)\Google\Chrome\Application\chrome.exe</Data></EventData></Event><Event xmlns='http://schemas.microsoft.com/win/2004/08/events/event'><System><Provider Name='Microsoft-Windows-Sysmon' Guid='{5770385f-c22a-43e0-bf4c-06f5698ffbd9}'/><EventID>22</EventID><Version>5</Version><Level>4</Level><Task>22</Task><Opcode>0</Opcode><Keywords>0x8000000000000000</Keywords><TimeCreated SystemTime='2020-05-18T06:24:49.577932800Z'/><EventRecordID>4406</EventRecordID><Correlation/><Execution ProcessID='2480' ThreadID='2496'/><Channel>Microsoft-Windows-Sysmon/Operational</Channel><Computer>DESKTOP-P84STH6</Computer><Security UserID='S-1-5-18'/></System><EventData><Data Name='RuleName'></Data><Data Name='UtcTime'>2020-05-18 06:24:48.698</Data><Data Name='ProcessGuid'>{5d3d98af-2942-5ec2-0000-00100ad31d00}</Data><Data Name='ProcessId'>6552</Data><Data Name='QueryName'>fcmatch.youtube.com</Data><Data Name='QueryStatus'>0</Data><Data Name='QueryResults'>172.217.160.78;</Data><Data Name='Image'>C:\Program Files (x86)\Google\Chrome\Application\chrome.exe</Data></EventData></Event><Event xmlns='http://schemas.microsoft.com/win/2004/08/events/event'><System><Provider Name='Microsoft-Windows-Sysmon' Guid='{5770385f-c22a-43e0-bf4c-06f5698ffbd9}'/><EventID>22</EventID><Version>5</Version><Level>4</Level><Task>22</Task><Opcode>0</Opcode><Keywords>0x8000000000000000</Keywords><TimeCreated SystemTime='2020-05-18T06:24:48.603473500Z'/><EventRecordID>4405</EventRecordID><Correlation/><Execution ProcessID='2480' ThreadID='2496'/><Channel>Microsoft-Windows-Sysmon/Operational</Channel><Computer>DESKTOP-P84STH6</Computer><Security UserID='S-1-5-18'/></System><EventData><Data Name='RuleName'></Data><Data Name='UtcTime'>2020-05-18 06:24:48.542</Data><Data Name='ProcessGuid'>{5d3d98af-2942-5ec2-0000-00100ad31d00}</Data><Data Name='ProcessId'>6552</Data><Data Name='QueryName'>fcmatch.google.com</Data><Data Name='QueryStatus'>0</Data><Data Name='QueryResults'>172.217.160.110;</Data><Data Name='Image'>C:\Program Files (x86)\Google\Chrome\Application\chrome.exe</Data></EventData></Event><Event xmlns='http://schemas.microsoft.com/win/2004/08/events/event'><System><Provider Name='Microsoft-Windows-Sysmon' Guid='{5770385f-c22a-43e0-bf4c-06f5698ffbd9}'/><EventID>22</EventID><Version>5</Version><Level>4</Level><Task>22</Task><Opcode>0</Opcode><Keywords>0x8000000000000000</Keywords><TimeCreated SystemTime='2020-05-18T06:24:48.602964900Z'/><EventRecordID>4404</EventRecordID><Correlation/><Execution ProcessID='2480' ThreadID='2496'/><Channel>Microsoft-Windows-Sysmon/Operational</Channel><Computer>DESKTOP-P84STH6</Computer><Security UserID='S-1-5-18'/></System><EventData><Data Name='RuleName'></Data><Data Name='UtcTime'>2020-05-18 06:24:47.857</Data><Data Name='ProcessGuid'>{5d3d98af-2942-5ec2-0000-00100ad31d00}</Data><Data Name='ProcessId'>6552</Data><Data Name='QueryName'>cc.adingo.jp</Data><Data Name='QueryStatus'>0</Data><Data Name='QueryResults'>54.164.34.2;34.195.91.242;54.242.44.147;100.25.225.218;54.85.202.116;3.217.164.228;52.72.195.204;3.225.92.69;</Data><Data Name='Image'>C:\Program Files (x86)\Google\Chrome\Application\chrome.exe</Data></EventData></Event><Event xmlns='http://schemas.microsoft.com/win/2004/08/events/event'><System><Provider Name='Microsoft-Windows-Sysmon' Guid='{5770385f-c22a-43e0-bf4c-06f5698ffbd9}'/><EventID>22</EventID><Version>5</Version><Level>4</Level><Task>22</Task><Opcode>0</Opcode><Keywords>0x8000000000000000</Keywords><TimeCreated SystemTime='2020-05-18T06:24:47.742313500Z'/><EventRecordID>4403</EventRecordID><Correlation/><Execution ProcessID='2480' ThreadID='2496'/><Channel>Microsoft-Windows-Sysmon/Operational</Channel><Computer>DESKTOP-P84STH6</Computer><Security UserID='S-1-5-18'/></System><EventData><Data Name='RuleName'></Data><Data Name='UtcTime'>2020-05-18 06:24:47.319</Data><Data Name='ProcessGuid'>{5d3d98af-2942-5ec2-0000-00100ad31d00}</Data><Data Name='ProcessId'>6552</Data><Data Name='QueryName'>beacon.walmart.com</Data><Data Name='QueryStatus'>0</Data><Data Name='QueryResults'>type:  5 beacon-cdn.walmart.com.akadns.net;52.248.89.84;</Data><Data Name='Image'>C:\Program Files (x86)\Google\Chrome\Application\chrome.exe</Data></EventData></Event><Event xmlns='http://schemas.microsoft.com/win/2004/08/events/event'><System><Provider Name='Microsoft-Windows-Sysmon' Guid='{5770385f-c22a-43e0-bf4c-06f5698ffbd9}'/><EventID>22</EventID><Version>5</Version><Level>4</Level><Task>22</Task><Opcode>0</Opcode><Keywords>0x8000000000000000</Keywords><TimeCreated SystemTime='2020-05-18T06:24:44.743096500Z'/><EventRecordID>4402</EventRecordID><Correlation/><Execution ProcessID='2480' ThreadID='2496'/><Channel>Microsoft-Windows-Sysmon/Operational</Channel><Computer>DESKTOP-P84STH6</Computer><Security UserID='S-1-5-18'/></System><EventData><Data Name='RuleName'></Data><Data Name='UtcTime'>2020-05-18 06:24:43.648</Data><Data Name='ProcessGuid'>{5d3d98af-2942-5ec2-0000-00100ad31d00}</Data><Data Name='ProcessId'>6552</Data><Data Name='QueryName'>adservice.google.com.tw</Data><Data Name='QueryStatus'>0</Data><Data Name='QueryResults'>type:  5 pagead46.l.doubleclick.net;216.58.200.226;</Data><Data Name='Image'>C:\Program Files (x86)\Google\Chrome\Application\chrome.exe</Data></EventData></Event><Event xmlns='http://schemas.microsoft.com/win/2004/08/events/event'><System><Provider Name='Microsoft-Windows-Sysmon' Guid='{5770385f-c22a-43e0-bf4c-06f5698ffbd9}'/><EventID>22</EventID><Version>5</Version><Level>4</Level><Task>22</Task><Opcode>0</Opcode><Keywords>0x8000000000000000</Keywords><TimeCreated SystemTime='2020-05-18T06:24:43.636993300Z'/><EventRecordID>4401</EventRecordID><Correlation/><Execution ProcessID='2480' ThreadID='2496'/><Channel>Microsoft-Windows-Sysmon/Operational</Channel><Computer>DESKTOP-P84STH6</Computer><Security UserID='S-1-5-18'/></System><EventData><Data Name='RuleName'></Data><Data Name='UtcTime'>2020-05-18 06:24:43.440</Data><Data Name='ProcessGuid'>{5d3d98af-2942-5ec2-0000-00100ad31d00}</Data><Data Name='ProcessId'>6552</Data><Data Name='QueryName'>translate.googleapis.com</Data><Data Name='QueryStatus'>0</Data><Data Name='QueryResults'>216.58.200.42;</Data><Data Name='Image'>C:\Program Files (x86)\Google\Chrome\Application\chrome.exe</Data></EventData></Event><Event xmlns='http://schemas.microsoft.com/win/2004/08/events/event'><System><Provider Name='Microsoft-Windows-Sysmon' Guid='{5770385f-c22a-43e0-bf4c-06f5698ffbd9}'/><EventID>22</EventID><Version>5</Version><Level>4</Level><Task>22</Task><Opcode>0</Opcode><Keywords>0x8000000000000000</Keywords><TimeCreated SystemTime='2020-05-18T06:24:42.560276100Z'/><EventRecordID>4400</EventRecordID><Correlation/><Execution ProcessID='2480' ThreadID='2496'/><Channel>Microsoft-Windows-Sysmon/Operational</Channel><Computer>DESKTOP-P84STH6</Computer><Security UserID='S-1-5-18'/></System><EventData><Data Name='RuleName'></Data><Data Name='UtcTime'>2020-05-18 06:24:42.062</Data><Data Name='ProcessGuid'>{5d3d98af-2942-5ec2-0000-00100ad31d00}</Data><Data Name='ProcessId'>6552</Data><Data Name='QueryName'>www.banxia.co</Data><Data Name='QueryStatus'>0</Data><Data Name='QueryResults'>104.27.179.60;104.27.178.60;</Data><Data Name='Image'>C:\Program Files (x86)\Google\Chrome\Application\chrome.exe</Data></EventData></Event><Event xmlns='http://schemas.microsoft.com/win/2004/08/events/event'><System><Provider Name='Microsoft-Windows-Sysmon' Guid='{5770385f-c22a-43e0-bf4c-06f5698ffbd9}'/><EventID>22</EventID><Version>5</Version><Level>4</Level><Task>22</Task><Opcode>0</Opcode><Keywords>0x8000000000000000</Keywords><TimeCreated SystemTime='2020-05-18T06:24:42.560148300Z'/><EventRecordID>4399</EventRecordID><Correlation/><Execution ProcessID='2480' ThreadID='2496'/><Channel>Microsoft-Windows-Sysmon/Operational</Channel><Computer>DESKTOP-P84STH6</Computer><Security UserID='S-1-5-18'/></System><EventData><Data Name='RuleName'></Data><Data Name='UtcTime'>2020-05-18 06:24:41.612</Data><Data Name='ProcessGuid'>{5d3d98af-2942-5ec2-0000-00100ad31d00}</Data><Data Name='ProcessId'>6552</Data><Data Name='QueryName'>banxia.co</Data><Data Name='QueryStatus'>0</Data><Data Name='QueryResults'>104.27.178.60;104.27.179.60;</Data><Data Name='Image'>C:\Program Files (x86)\Google\Chrome\Application\chrome.exe</Data></EventData></Event><Event xmlns='http://schemas.microsoft.com/win/2004/08/events/event'><System><Provider Name='Microsoft-Windows-Sysmon' Guid='{5770385f-c22a-43e0-bf4c-06f5698ffbd9}'/><EventID>13</EventID><Version>2</Version><Level>4</Level><Task>13</Task><Opcode>0</Opcode><Keywords>0x8000000000000000</Keywords><TimeCreated SystemTime='2020-05-18T06:23:51.057428100Z'/><EventRecordID>4398</EventRecordID><Correlation/><Execution ProcessID='2480' ThreadID='3260'/><Channel>Microsoft-Windows-Sysmon/Operational</Channel><Computer>DESKTOP-P84STH6</Computer><Security UserID='S-1-5-18'/></System><EventData><Data Name='RuleName'>T1042</Data><Data Name='EventType'>SetValue</Data><Data Name='UtcTime'>2020-05-18 06:23:51.031</Data><Data Name='ProcessGuid'>{5d3d98af-287c-5ec2-0000-001009b00b00}</Data><Data Name='ProcessId'>1816</Data><Data Name='Image'>C:\Windows\Explorer.EXE</Data><Data Name='TargetObject'>HKU\S-1-5-21-223836497-1760142647-788189203-1001\Software\Microsoft\Windows\CurrentVersion\Explorer\FileExts\.exe\OpenWithProgids\exefile</Data><Data Name='Details'>Binary Data</Data></EventData></Event><Event xmlns='http://schemas.microsoft.com/win/2004/08/events/event'><System><Provider Name='Microsoft-Windows-Sysmon' Guid='{5770385f-c22a-43e0-bf4c-06f5698ffbd9}'/><EventID>22</EventID><Version>5</Version><Level>4</Level><Task>22</Task><Opcode>0</Opcode><Keywords>0x8000000000000000</Keywords><TimeCreated SystemTime='2020-05-18T06:22:58.277816300Z'/><EventRecordID>4397</EventRecordID><Correlation/><Execution ProcessID='2480' ThreadID='2496'/><Channel>Microsoft-Windows-Sysmon/Operational</Channel><Computer>DESKTOP-P84STH6</Computer><Security UserID='S-1-5-18'/></System><EventData><Data Name='RuleName'></Data><Data Name='UtcTime'>2020-05-18 06:22:57.304</Data><Data Name='ProcessGuid'>{5d3d98af-2942-5ec2-0000-00100ad31d00}</Data><Data Name='ProcessId'>6552</Data><Data Name='QueryName'>www.google.com</Data><Data Name='QueryStatus'>0</Data><Data Name='QueryResults'>172.217.27.132;</Data><Data Name='Image'>C:\Program Files (x86)\Google\Chrome\Application\chrome.exe</Data></EventData></Event><Event xmlns='http://schemas.microsoft.com/win/2004/08/events/event'><System><Provider Name='Microsoft-Windows-Sysmon' Guid='{5770385f-c22a-43e0-bf4c-06f5698ffbd9}'/><EventID>13</EventID><Version>2</Version><Level>4</Level><Task>13</Task><Opcode>0</Opcode><Keywords>0x8000000000000000</Keywords><TimeCreated SystemTime='2020-05-18T06:22:54.246799000Z'/><EventRecordID>4396</EventRecordID><Correlation/><Execution ProcessID='2480' ThreadID='3260'/><Channel>Microsoft-Windows-Sysmon/Operational</Channel><Computer>DESKTOP-P84STH6</Computer><Security UserID='S-1-5-18'/></System><EventData><Data Name='RuleName'></Data><Data Name='EventType'>SetValue</Data><Data Name='UtcTime'>2020-05-18 06:22:54.235</Data><Data Name='ProcessGuid'>{5d3d98af-2999-5ec2-0000-00102dce2400}</Data><Data Name='ProcessId'>1164</Data><Data Name='Image'>C:\Windows\system32\SearchProtocolHost.exe</Data><Data Name='TargetObject'>HKU\.DEFAULT\Software\Microsoft\Windows\CurrentVersion\Shell Extensions\Cached\{AE424E85-F6DF-4910-A6A9-438797986431} {886D8EEB-8CF2-4446-8D02-CDBA1DBDCF99} 0xFFFF</Data><Data Name='Details'>Binary Data</Data></EventData></Event><Event xmlns='http://schemas.microsoft.com/win/2004/08/events/event'><System><Provider Name='Microsoft-Windows-Sysmon' Guid='{5770385f-c22a-43e0-bf4c-06f5698ffbd9}'/><EventID>22</EventID><Version>5</Version><Level>4</Level><Task>22</Task><Opcode>0</Opcode><Keywords>0x8000000000000000</Keywords><TimeCreated SystemTime='2020-05-18T06:22:16.953743100Z'/><EventRecordID>4395</EventRecordID><Correlation/><Execution ProcessID='2480' ThreadID='2496'/><Channel>Microsoft-Windows-Sysmon/Operational</Channel><Computer>DESKTOP-P84STH6</Computer><Security UserID='S-1-5-18'/></System><EventData><Data Name='RuleName'></Data><Data Name='UtcTime'>2020-05-18 06:22:15.955</Data><Data Name='ProcessGuid'>{5d3d98af-291f-5ec2-0000-001058e51c00}</Data><Data Name='ProcessId'>2880</Data><Data Name='QueryName'>DESKTOP-P84STH6</Data><Data Name='QueryStatus'>0</Data><Data Name='QueryResults'>fe80::9827:fcec:1acc:615d;::ffff:10.0.2.15;</Data><Data Name='Image'>C:\Program Files\LibreOffice\program\soffice.bin</Data></EventData></Event><Event xmlns='http://schemas.microsoft.com/win/2004/08/events/event'><System><Provider Name='Microsoft-Windows-Sysmon' Guid='{5770385f-c22a-43e0-bf4c-06f5698ffbd9}'/><EventID>13</EventID><Version>2</Version><Level>4</Level><Task>13</Task><Opcode>0</Opcode><Keywords>0x8000000000000000</Keywords><TimeCreated SystemTime='2020-05-18T06:22:16.763145100Z'/><EventRecordID>4394</EventRecordID><Correlation/><Execution ProcessID='2480' ThreadID='3260'/><Channel>Microsoft-Windows-Sysmon/Operational</Channel><Computer>DESKTOP-P84STH6</Computer><Security UserID='S-1-5-18'/></System><EventData><Data Name='RuleName'></Data><Data Name='EventType'>SetValue</Data><Data Name='UtcTime'>2020-05-18 06:22:16.750</Data><Data Name='ProcessGuid'>{5d3d98af-287c-5ec2-0000-001009b00b00}</Data><Data Name='ProcessId'>1816</Data><Data Name='Image'>C:\Windows\Explorer.EXE</Data><Data Name='TargetObject'>HKU\S-1-5-21-223836497-1760142647-788189203-1001\Software\Microsoft\Windows\CurrentVersion\Shell Extensions\Cached\{3B092F0C-7696-40E3-A80F-68D74DA84210} {BB2E617C-0920-11D1-9A0B-00C04FC2D6C1} 0xFFFF</Data><Data Name='Details'>Binary Data</Data></EventData></Event>