<Event xmlns='http://schemas.microsoft.com/win/2004/08/events/event'><System><Provider Name='Microsoft-Windows-Sysmon' Guid='{5770385f-c22a-43e0-bf4c-06f5698ffbd9}'/><EventID>22</EventID><Version>5</Version><Level>4</Level><Task>22</Task><Opcode>0</Opcode><Keywords>0x8000000000000000</Keywords><TimeCreated SystemTime='2020-05-18T06:57:39.971284300Z'/><EventRecordID>4626</EventRecordID><Correlation/><Execution ProcessID='2480' ThreadID='2496'/><Channel>Microsoft-Windows-Sysmon/Operational</Channel><Computer>DESKTOP-P84STH6</Computer><Security UserID='S-1-5-18'/></System><EventData><Data Name='RuleName'></Data><Data Name='UtcTime'>2020-05-18 06:57:38.986</Data><Data Name='ProcessGuid'>{5d3d98af-31e1-5ec2-0000-001058ce4e00}</Data><Data Name='ProcessId'>5656</Data><Data Name='QueryName'>DESKTOP-P84STH6</Data><Data Name='QueryStatus'>0</Data><Data Name='QueryResults'>fe80::9827:fcec:1acc:615d;::ffff:10.0.2.15;</Data><Data Name='Image'>C:\Program Files\LibreOffice\program\soffice.bin</Data></EventData></Event><Event xmlns='http://schemas.microsoft.com/win/2004/08/events/event'><System><Provider Name='Microsoft-Windows-Sysmon' Guid='{5770385f-c22a-43e0-bf4c-06f5698ffbd9}'/><EventID>11</EventID><Version>2</Version><Level>4</Level><Task>11</Task><Opcode>0</Opcode><Keywords>0x8000000000000000</Keywords><TimeCreated SystemTime='2020-05-18T06:57:38.003208700Z'/><EventRecordID>4625</EventRecordID><Correlation/><Execution ProcessID='2480' ThreadID='3260'/><Channel>Microsoft-Windows-Sysmon/Operational</Channel><Computer>DESKTOP-P84STH6</Computer><Security UserID='S-1-5-18'/></System><EventData><Data Name='RuleName'></Data><Data Name='UtcTime'>2020-05-18 06:57:37.968</Data><Data Name='ProcessGuid'>{5d3d98af-31e1-5ec2-0000-001058ce4e00}</Data><Data Name='ProcessId'>5656</Data><Data Name='Image'>C:\Program Files\LibreOffice\program\soffice.bin</Data><Data Name='TargetFilename'>C:\Users\NS\AppData\Roaming\LibreOffice\4\user\extensions\tmp\stamp.sys</Data><Data Name='CreationUtcTime'>2020-05-18 06:57:37.968</Data></EventData></Event><Event xmlns='http://schemas.microsoft.com/win/2004/08/events/event'><System><Provider Name='Microsoft-Windows-Sysmon' Guid='{5770385f-c22a-43e0-bf4c-06f5698ffbd9}'/><EventID>11</EventID><Version>2</Version><Level>4</Level><Task>11</Task><Opcode>0</Opcode><Keywords>0x8000000000000000</Keywords><TimeCreated SystemTime='2020-05-18T06:57:38.003166200Z'/><EventRecordID>4624</EventRecordID><Correlation/><Execution ProcessID='2480' ThreadID='3260'/><Channel>Microsoft-Windows-Sysmon/Operational</Channel><Computer>DESKTOP-P84STH6</Computer><Security UserID='S-1-5-18'/></System><EventData><Data Name='RuleName'></Data><Data Name='UtcTime'>2020-05-18 06:57:37.952</Data><Data Name='ProcessGuid'>{5d3d98af-31e1-5ec2-0000-001058ce4e00}</Data><Data Name='ProcessId'>5656</Data><Data Name='Image'>C:\Program Files\LibreOffice\program\soffice.bin</Data><Data Name='TargetFilename'>C:\Users\NS\AppData\Roaming\LibreOffice\4\user\uno_packages\cache\stamp.sys</Data><Data Name='CreationUtcTime'>2020-05-18 06:57:37.952</Data></EventData></Event><Event xmlns='http://schemas.microsoft.com/win/2004/08/events/event'><System><Provider Name='Microsoft-Windows-Sysmon' Guid='{5770385f-c22a-43e0-bf4c-06f5698ffbd9}'/><EventID>1</EventID><Version>5</Version><Level>4</Level><Task>1</Task><Opcode>0</Opcode><Keywords>0x8000000000000000</Keywords><TimeCreated SystemTime='2020-05-18T06:57:37.132704900Z'/><EventRecordID>4623</EventRecordID><Correlation/><Execution ProcessID='2480' ThreadID='3260'/><Channel>Microsoft-Windows-Sysmon/Operational</Channel><Computer>DESKTOP-P84STH6</Computer><Security UserID='S-1-5-18'/></System><EventData><Data Name='RuleName'></Data><Data Name='UtcTime'>2020-05-18 06:57:37.129</Data><Data Name='ProcessGuid'>{5d3d98af-31e1-5ec2-0000-001058ce4e00}</Data><Data Name='ProcessId'>5656</Data><Data Name='Image'>C:\Program Files\LibreOffice\program\soffice.bin</Data><Data Name='FileVersion'>6.4.3.2</Data><Data Name='Description'>LibreOffice</Data><Data Name='Product'>LibreOffice</Data><Data Name='Company'>The Document Foundation</Data><Data Name='OriginalFileName'>soffice.bin</Data><Data Name='CommandLine'>"C:\Program Files\LibreOffice\program\soffice.exe" "-o" "C:\Users\NS\Documents\May_monthly_report.odt" "-env:OOO_CWD=2C:\\Users\\NS\\Documents"</Data><Data Name='CurrentDirectory'>C:\Program Files\LibreOffice\program\</Data><Data Name='User'>DESKTOP-P84STH6\NS</Data><Data Name='LogonGuid'>{5d3d98af-2879-5ec2-0000-00206fe00a00}</Data><Data Name='LogonId'>0xae06f</Data><Data Name='TerminalSessionId'>1</Data><Data Name='IntegrityLevel'>Medium</Data><Data Name='Hashes'>MD5=A54CE11106949A7C09C89A1D5BDE3A6C,SHA256=EAE863409129250D8233F4BAD3324D84FC2F2104A8214DD236E2B0DA11F3DEB1,IMPHASH=644125BCD0D2433BA8E7B5DD6F754235</Data><Data Name='ParentProcessGuid'>{5d3d98af-31e1-5ec2-0000-0010b4cb4e00}</Data><Data Name='ParentProcessId'>1908</Data><Data Name='ParentImage'>C:\Program Files\LibreOffice\program\soffice.exe</Data><Data Name='ParentCommandLine'>"C:\Program Files\LibreOffice\program\soffice.exe" -o "C:\Users\NS\Documents\May_monthly_report.odt"</Data></EventData></Event><Event xmlns='http://schemas.microsoft.com/win/2004/08/events/event'><System><Provider Name='Microsoft-Windows-Sysmon' Guid='{5770385f-c22a-43e0-bf4c-06f5698ffbd9}'/><EventID>1</EventID><Version>5</Version><Level>4</Level><Task>1</Task><Opcode>0</Opcode><Keywords>0x8000000000000000</Keywords><TimeCreated SystemTime='2020-05-18T06:57:37.118141700Z'/><EventRecordID>4622</EventRecordID><Correlation/><Execution ProcessID='2480' ThreadID='3260'/><Channel>Microsoft-Windows-Sysmon/Operational</Channel><Computer>DESKTOP-P84STH6</Computer><Security UserID='S-1-5-18'/></System><EventData><Data Name='RuleName'></Data><Data Name='UtcTime'>2020-05-18 06:57:37.071</Data><Data Name='ProcessGuid'>{5d3d98af-31e1-5ec2-0000-0010b4cb4e00}</Data><Data Name='ProcessId'>1908</Data><Data Name='Image'>C:\Program Files\LibreOffice\program\soffice.exe</Data><Data Name='FileVersion'>6.4.3.2</Data><Data Name='Description'>LibreOffice</Data><Data Name='Product'>LibreOffice</Data><Data Name='Company'>The Document Foundation</Data><Data Name='OriginalFileName'>soffice.exe</Data><Data Name='CommandLine'>"C:\Program Files\LibreOffice\program\soffice.exe" -o "C:\Users\NS\Documents\May_monthly_report.odt"</Data><Data Name='CurrentDirectory'>C:\Users\NS\Documents\</Data><Data Name='User'>DESKTOP-P84STH6\NS</Data><Data Name='LogonGuid'>{5d3d98af-2879-5ec2-0000-00206fe00a00}</Data><Data Name='LogonId'>0xae06f</Data><Data Name='TerminalSessionId'>1</Data><Data Name='IntegrityLevel'>Medium</Data><Data Name='Hashes'>MD5=E5FC029088043740D1048D7B63E5178E,SHA256=651C42014129F7E0B68CB462C47781435ADF3F306B03D900B99B1028F1BC97BD,IMPHASH=F4ED29FA917E61CD795A8C815BDCCB2B</Data><Data Name='ParentProcessGuid'>{5d3d98af-287c-5ec2-0000-001009b00b00}</Data><Data Name='ParentProcessId'>1816</Data><Data Name='ParentImage'>C:\Windows\explorer.exe</Data><Data Name='ParentCommandLine'>C:\Windows\Explorer.EXE</Data></EventData></Event><Event xmlns='http://schemas.microsoft.com/win/2004/08/events/event'><System><Provider Name='Microsoft-Windows-Sysmon' Guid='{5770385f-c22a-43e0-bf4c-06f5698ffbd9}'/><EventID>13</EventID><Version>2</Version><Level>4</Level><Task>13</Task><Opcode>0</Opcode><Keywords>0x8000000000000000</Keywords><TimeCreated SystemTime='2020-05-18T06:57:18.009492900Z'/><EventRecordID>4621</EventRecordID><Correlation/><Execution ProcessID='2480' ThreadID='3260'/><Channel>Microsoft-Windows-Sysmon/Operational</Channel><Computer>DESKTOP-P84STH6</Computer><Security UserID='S-1-5-18'/></System><EventData><Data Name='RuleName'></Data><Data Name='EventType'>SetValue</Data><Data Name='UtcTime'>2020-05-18 06:57:18.003</Data><Data Name='ProcessGuid'>{5d3d98af-287c-5ec2-0000-001009b00b00}</Data><Data Name='ProcessId'>1816</Data><Data Name='Image'>C:\Windows\Explorer.EXE</Data><Data Name='TargetObject'>HKU\S-1-5-21-223836497-1760142647-788189203-1001\Software\Microsoft\Windows\CurrentVersion\Shell Extensions\Cached\{AE424E85-F6DF-4910-A6A9-438797986431} {886D8EEB-8CF2-4446-8D02-CDBA1DBDCF99} 0xFFFF</Data><Data Name='Details'>Binary Data</Data></EventData></Event><Event xmlns='http://schemas.microsoft.com/win/2004/08/events/event'><System><Provider Name='Microsoft-Windows-Sysmon' Guid='{5770385f-c22a-43e0-bf4c-06f5698ffbd9}'/><EventID>1</EventID><Version>5</Version><Level>4</Level><Task>1</Task><Opcode>0</Opcode><Keywords>0x8000000000000000</Keywords><TimeCreated SystemTime='2020-05-18T06:57:12.554779500Z'/><EventRecordID>4620</EventRecordID><Correlation/><Execution ProcessID='2480' ThreadID='3260'/><Channel>Microsoft-Windows-Sysmon/Operational</Channel><Computer>DESKTOP-P84STH6</Computer><Security UserID='S-1-5-18'/></System><EventData><Data Name='RuleName'></Data><Data Name='UtcTime'>2020-05-18 06:57:12.529</Data><Data Name='ProcessGuid'>{5d3d98af-31c8-5ec2-0000-001033024e00}</Data><Data Name='ProcessId'>4048</Data><Data Name='Image'>C:\Windows\System32\rundll32.exe</Data><Data Name='FileVersion'>10.0.18362.1 (WinBuild.160101.0800)</Data><Data Name='Description'>Windows host process (Rundll32)</Data><Data Name='Product'>Microsoft® Windows® Operating System</Data><Data Name='Company'>Microsoft Corporation</Data><Data Name='OriginalFileName'>RUNDLL32.EXE</Data><Data Name='CommandLine'>C:\Windows\System32\rundll32.exe C:\Windows\System32\shell32.dll,SHCreateLocalServerRunDll {9aa46009-3ce0-458a-a354-715610a075e6} -Embedding</Data><Data Name='CurrentDirectory'>C:\Windows\system32\</Data><Data Name='User'>DESKTOP-P84STH6\NS</Data><Data Name='LogonGuid'>{5d3d98af-2879-5ec2-0000-00206fe00a00}</Data><Data Name='LogonId'>0xae06f</Data><Data Name='TerminalSessionId'>1</Data><Data Name='IntegrityLevel'>Medium</Data><Data Name='Hashes'>MD5=F68AF942FD7CCC0E7BAB1A2335D2AD26,SHA256=11064E9EDC605BD5B0C0A505538A0D5FD7DE53883AF342F091687CAE8628ACD0,IMPHASH=F27A7FC3A53E74F45BE370131953896A</Data><Data Name='ParentProcessGuid'>{5d3d98af-27d7-5ec2-0000-0010a3710000}</Data><Data Name='ParentProcessId'>784</Data><Data Name='ParentImage'>C:\Windows\System32\svchost.exe</Data><Data Name='ParentCommandLine'>C:\Windows\system32\svchost.exe -k DcomLaunch -p</Data></EventData></Event><Event xmlns='http://schemas.microsoft.com/win/2004/08/events/event'><System><Provider Name='Microsoft-Windows-Sysmon' Guid='{5770385f-c22a-43e0-bf4c-06f5698ffbd9}'/><EventID>13</EventID><Version>2</Version><Level>4</Level><Task>13</Task><Opcode>0</Opcode><Keywords>0x8000000000000000</Keywords><TimeCreated SystemTime='2020-05-18T06:57:07.345004300Z'/><EventRecordID>4619</EventRecordID><Correlation/><Execution ProcessID='2480' ThreadID='3260'/><Channel>Microsoft-Windows-Sysmon/Operational</Channel><Computer>DESKTOP-P84STH6</Computer><Security UserID='S-1-5-18'/></System><EventData><Data Name='RuleName'>InvDB</Data><Data Name='EventType'>SetValue</Data><Data Name='UtcTime'>2020-05-18 06:57:07.343</Data><Data Name='ProcessGuid'>{5d3d98af-2816-5ec2-0000-0010443b0700}</Data><Data Name='ProcessId'>3756</Data><Data Name='Image'>C:\Windows\system32\svchost.exe</Data><Data Name='TargetObject'>HKU\S-1-5-21-223836497-1760142647-788189203-1001\Software\Microsoft\Windows NT\CurrentVersion\AppCompatFlags\Compatibility Assistant\Store\C:\Program Files\LibreOffice\program\soffice.exe</Data><Data Name='Details'>Binary Data</Data></EventData></Event><Event xmlns='http://schemas.microsoft.com/win/2004/08/events/event'><System><Provider Name='Microsoft-Windows-Sysmon' Guid='{5770385f-c22a-43e0-bf4c-06f5698ffbd9}'/><EventID>13</EventID><Version>2</Version><Level>4</Level><Task>13</Task><Opcode>0</Opcode><Keywords>0x8000000000000000</Keywords><TimeCreated SystemTime='2020-05-18T06:57:02.005828200Z'/><EventRecordID>4618</EventRecordID><Correlation/><Execution ProcessID='2480' ThreadID='3260'/><Channel>Microsoft-Windows-Sysmon/Operational</Channel><Computer>DESKTOP-P84STH6</Computer><Security UserID='S-1-5-18'/></System><EventData><Data Name='RuleName'>InvDB</Data><Data Name='EventType'>SetValue</Data><Data Name='UtcTime'>2020-05-18 06:57:02.000</Data><Data Name='ProcessGuid'>{5d3d98af-2816-5ec2-0000-0010443b0700}</Data><Data Name='ProcessId'>3756</Data><Data Name='Image'>C:\Windows\system32\svchost.exe</Data><Data Name='TargetObject'>HKU\S-1-5-21-223836497-1760142647-788189203-1001\Software\Microsoft\Windows NT\CurrentVersion\AppCompatFlags\Compatibility Assistant\Store\C:\Program Files\LibreOffice\program\soffice.exe</Data><Data Name='Details'>Binary Data</Data></EventData></Event><Event xmlns='http://schemas.microsoft.com/win/2004/08/events/event'><System><Provider Name='Microsoft-Windows-Sysmon' Guid='{5770385f-c22a-43e0-bf4c-06f5698ffbd9}'/><EventID>22</EventID><Version>5</Version><Level>4</Level><Task>22</Task><Opcode>0</Opcode><Keywords>0x8000000000000000</Keywords><TimeCreated SystemTime='2020-05-18T06:56:54.664701300Z'/><EventRecordID>4617</EventRecordID><Correlation/><Execution ProcessID='2480' ThreadID='2496'/><Channel>Microsoft-Windows-Sysmon/Operational</Channel><Computer>DESKTOP-P84STH6</Computer><Security UserID='S-1-5-18'/></System><EventData><Data Name='RuleName'></Data><Data Name='UtcTime'>2020-05-18 06:56:53.705</Data><Data Name='ProcessGuid'>{5d3d98af-31af-5ec2-0000-0010d77a4c00}</Data><Data Name='ProcessId'>916</Data><Data Name='QueryName'>DESKTOP-P84STH6</Data><Data Name='QueryStatus'>0</Data><Data Name='QueryResults'>fe80::9827:fcec:1acc:615d;::ffff:10.0.2.15;</Data><Data Name='Image'>C:\Program Files\LibreOffice\program\soffice.bin</Data></EventData></Event><Event xmlns='http://schemas.microsoft.com/win/2004/08/events/event'><System><Provider Name='Microsoft-Windows-Sysmon' Guid='{5770385f-c22a-43e0-bf4c-06f5698ffbd9}'/><EventID>11</EventID><Version>2</Version><Level>4</Level><Task>11</Task><Opcode>0</Opcode><Keywords>0x8000000000000000</Keywords><TimeCreated SystemTime='2020-05-18T06:56:51.293982400Z'/><EventRecordID>4616</EventRecordID><Correlation/><Execution ProcessID='2480' ThreadID='3260'/><Channel>Microsoft-Windows-Sysmon/Operational</Channel><Computer>DESKTOP-P84STH6</Computer><Security UserID='S-1-5-18'/></System><EventData><Data Name='RuleName'></Data><Data Name='UtcTime'>2020-05-18 06:56:51.281</Data><Data Name='ProcessGuid'>{5d3d98af-31af-5ec2-0000-0010d77a4c00}</Data><Data Name='ProcessId'>916</Data><Data Name='Image'>C:\Program Files\LibreOffice\program\soffice.bin</Data><Data Name='TargetFilename'>C:\Users\NS\AppData\Roaming\LibreOffice\4\user\extensions\tmp\stamp.sys</Data><Data Name='CreationUtcTime'>2020-05-18 06:56:51.281</Data></EventData></Event><Event xmlns='http://schemas.microsoft.com/win/2004/08/events/event'><System><Provider Name='Microsoft-Windows-Sysmon' Guid='{5770385f-c22a-43e0-bf4c-06f5698ffbd9}'/><EventID>11</EventID><Version>2</Version><Level>4</Level><Task>11</Task><Opcode>0</Opcode><Keywords>0x8000000000000000</Keywords><TimeCreated SystemTime='2020-05-18T06:56:51.220921600Z'/><EventRecordID>4615</EventRecordID><Correlation/><Execution ProcessID='2480' ThreadID='3260'/><Channel>Microsoft-Windows-Sysmon/Operational</Channel><Computer>DESKTOP-P84STH6</Computer><Security UserID='S-1-5-18'/></System><EventData><Data Name='RuleName'></Data><Data Name='UtcTime'>2020-05-18 06:56:51.218</Data><Data Name='ProcessGuid'>{5d3d98af-31af-5ec2-0000-0010d77a4c00}</Data><Data Name='ProcessId'>916</Data><Data Name='Image'>C:\Program Files\LibreOffice\program\soffice.bin</Data><Data Name='TargetFilename'>C:\Users\NS\AppData\Roaming\LibreOffice\4\user\uno_packages\cache\stamp.sys</Data><Data Name='CreationUtcTime'>2020-05-18 06:56:51.218</Data></EventData></Event><Event xmlns='http://schemas.microsoft.com/win/2004/08/events/event'><System><Provider Name='Microsoft-Windows-Sysmon' Guid='{5770385f-c22a-43e0-bf4c-06f5698ffbd9}'/><EventID>1</EventID><Version>5</Version><Level>4</Level><Task>1</Task><Opcode>0</Opcode><Keywords>0x8000000000000000</Keywords><TimeCreated SystemTime='2020-05-18T06:56:49.685936100Z'/><EventRecordID>4614</EventRecordID><Correlation/><Execution ProcessID='2480' ThreadID='3260'/><Channel>Microsoft-Windows-Sysmon/Operational</Channel><Computer>DESKTOP-P84STH6</Computer><Security UserID='S-1-5-18'/></System><EventData><Data Name='RuleName'></Data><Data Name='UtcTime'>2020-05-18 06:56:49.644</Data><Data Name='ProcessGuid'>{5d3d98af-31b1-5ec2-0000-0010dc954c00}</Data><Data Name='ProcessId'>1480</Data><Data Name='Image'>C:\Program Files\LibreOffice\program\soffice.bin</Data><Data Name='FileVersion'>6.4.3.2</Data><Data Name='Description'>LibreOffice</Data><Data Name='Product'>LibreOffice</Data><Data Name='Company'>The Document Foundation</Data><Data Name='OriginalFileName'>soffice.bin</Data><Data Name='CommandLine'>"C:\Program Files\LibreOffice\program\soffice.exe" "-o" "C:\Users\NS\Desktop\monthly_report.odt" "-env:OOO_CWD=2C:\\Users\\NS\\Desktop"</Data><Data Name='CurrentDirectory'>C:\Program Files\LibreOffice\program\</Data><Data Name='User'>DESKTOP-P84STH6\NS</Data><Data Name='LogonGuid'>{5d3d98af-2879-5ec2-0000-00206fe00a00}</Data><Data Name='LogonId'>0xae06f</Data><Data Name='TerminalSessionId'>1</Data><Data Name='IntegrityLevel'>Medium</Data><Data Name='Hashes'>MD5=A54CE11106949A7C09C89A1D5BDE3A6C,SHA256=EAE863409129250D8233F4BAD3324D84FC2F2104A8214DD236E2B0DA11F3DEB1,IMPHASH=644125BCD0D2433BA8E7B5DD6F754235</Data><Data Name='ParentProcessGuid'>{5d3d98af-31b1-5ec2-0000-001017924c00}</Data><Data Name='ParentProcessId'>3664</Data><Data Name='ParentImage'>C:\Program Files\LibreOffice\program\soffice.exe</Data><Data Name='ParentCommandLine'>"C:\Program Files\LibreOffice\program\soffice.exe" -o "C:\Users\NS\Desktop\monthly_report.odt"</Data></EventData></Event><Event xmlns='http://schemas.microsoft.com/win/2004/08/events/event'><System><Provider Name='Microsoft-Windows-Sysmon' Guid='{5770385f-c22a-43e0-bf4c-06f5698ffbd9}'/><EventID>1</EventID><Version>5</Version><Level>4</Level><Task>1</Task><Opcode>0</Opcode><Keywords>0x8000000000000000</Keywords><TimeCreated SystemTime='2020-05-18T06:56:49.617789400Z'/><EventRecordID>4613</EventRecordID><Correlation/><Execution ProcessID='2480' ThreadID='3260'/><Channel>Microsoft-Windows-Sysmon/Operational</Channel><Computer>DESKTOP-P84STH6</Computer><Security UserID='S-1-5-18'/></System><EventData><Data Name='RuleName'></Data><Data Name='UtcTime'>2020-05-18 06:56:49.563</Data><Data Name='ProcessGuid'>{5d3d98af-31b1-5ec2-0000-001017924c00}</Data><Data Name='ProcessId'>3664</Data><Data Name='Image'>C:\Program Files\LibreOffice\program\soffice.exe</Data><Data Name='FileVersion'>6.4.3.2</Data><Data Name='Description'>LibreOffice</Data><Data Name='Product'>LibreOffice</Data><Data Name='Company'>The Document Foundation</Data><Data Name='OriginalFileName'>soffice.exe</Data><Data Name='CommandLine'>"C:\Program Files\LibreOffice\program\soffice.exe" -o "C:\Users\NS\Desktop\monthly_report.odt"</Data><Data Name='CurrentDirectory'>C:\Users\NS\Desktop\</Data><Data Name='User'>DESKTOP-P84STH6\NS</Data><Data Name='LogonGuid'>{5d3d98af-2879-5ec2-0000-00206fe00a00}</Data><Data Name='LogonId'>0xae06f</Data><Data Name='TerminalSessionId'>1</Data><Data Name='IntegrityLevel'>Medium</Data><Data Name='Hashes'>MD5=E5FC029088043740D1048D7B63E5178E,SHA256=651C42014129F7E0B68CB462C47781435ADF3F306B03D900B99B1028F1BC97BD,IMPHASH=F4ED29FA917E61CD795A8C815BDCCB2B</Data><Data Name='ParentProcessGuid'>{5d3d98af-287c-5ec2-0000-001009b00b00}</Data><Data Name='ParentProcessId'>1816</Data><Data Name='ParentImage'>C:\Windows\explorer.exe</Data><Data Name='ParentCommandLine'>C:\Windows\Explorer.EXE</Data></EventData></Event><Event xmlns='http://schemas.microsoft.com/win/2004/08/events/event'><System><Provider Name='Microsoft-Windows-Sysmon' Guid='{5770385f-c22a-43e0-bf4c-06f5698ffbd9}'/><EventID>1</EventID><Version>5</Version><Level>4</Level><Task>1</Task><Opcode>0</Opcode><Keywords>0x8000000000000000</Keywords><TimeCreated SystemTime='2020-05-18T06:56:47.097280100Z'/><EventRecordID>4612</EventRecordID><Correlation/><Execution ProcessID='2480' ThreadID='3260'/><Channel>Microsoft-Windows-Sysmon/Operational</Channel><Computer>DESKTOP-P84STH6</Computer><Security UserID='S-1-5-18'/></System><EventData><Data Name='RuleName'></Data><Data Name='UtcTime'>2020-05-18 06:56:47.087</Data><Data Name='ProcessGuid'>{5d3d98af-31af-5ec2-0000-0010d77a4c00}</Data><Data Name='ProcessId'>916</Data><Data Name='Image'>C:\Program Files\LibreOffice\program\soffice.bin</Data><Data Name='FileVersion'>6.4.3.2</Data><Data Name='Description'>LibreOffice</Data><Data Name='Product'>LibreOffice</Data><Data Name='Company'>The Document Foundation</Data><Data Name='OriginalFileName'>soffice.bin</Data><Data Name='CommandLine'>"C:\Program Files\LibreOffice\program\soffice.exe" "-o" "C:\Users\NS\Desktop\monthly_report.odt" "-env:OOO_CWD=2C:\\Users\\NS\\Desktop"</Data><Data Name='CurrentDirectory'>C:\Program Files\LibreOffice\program\</Data><Data Name='User'>DESKTOP-P84STH6\NS</Data><Data Name='LogonGuid'>{5d3d98af-2879-5ec2-0000-00206fe00a00}</Data><Data Name='LogonId'>0xae06f</Data><Data Name='TerminalSessionId'>1</Data><Data Name='IntegrityLevel'>Medium</Data><Data Name='Hashes'>MD5=A54CE11106949A7C09C89A1D5BDE3A6C,SHA256=EAE863409129250D8233F4BAD3324D84FC2F2104A8214DD236E2B0DA11F3DEB1,IMPHASH=644125BCD0D2433BA8E7B5DD6F754235</Data><Data Name='ParentProcessGuid'>{5d3d98af-31ae-5ec2-0000-0010d5704c00}</Data><Data Name='ParentProcessId'>4576</Data><Data Name='ParentImage'>C:\Program Files\LibreOffice\program\soffice.exe</Data><Data Name='ParentCommandLine'>"C:\Program Files\LibreOffice\program\soffice.exe" -o "C:\Users\NS\Desktop\monthly_report.odt"</Data></EventData></Event><Event xmlns='http://schemas.microsoft.com/win/2004/08/events/event'><System><Provider Name='Microsoft-Windows-Sysmon' Guid='{5770385f-c22a-43e0-bf4c-06f5698ffbd9}'/><EventID>1</EventID><Version>5</Version><Level>4</Level><Task>1</Task><Opcode>0</Opcode><Keywords>0x8000000000000000</Keywords><TimeCreated SystemTime='2020-05-18T06:56:46.978466900Z'/><EventRecordID>4611</EventRecordID><Correlation/><Execution ProcessID='2480' ThreadID='3260'/><Channel>Microsoft-Windows-Sysmon/Operational</Channel><Computer>DESKTOP-P84STH6</Computer><Security UserID='S-1-5-18'/></System><EventData><Data Name='RuleName'></Data><Data Name='UtcTime'>2020-05-18 06:56:46.973</Data><Data Name='ProcessGuid'>{5d3d98af-31ae-5ec2-0000-0010d5704c00}</Data><Data Name='ProcessId'>4576</Data><Data Name='Image'>C:\Program Files\LibreOffice\program\soffice.exe</Data><Data Name='FileVersion'>6.4.3.2</Data><Data Name='Description'>LibreOffice</Data><Data Name='Product'>LibreOffice</Data><Data Name='Company'>The Document Foundation</Data><Data Name='OriginalFileName'>soffice.exe</Data><Data Name='CommandLine'>"C:\Program Files\LibreOffice\program\soffice.exe" -o "C:\Users\NS\Desktop\monthly_report.odt"</Data><Data Name='CurrentDirectory'>C:\Users\NS\Desktop\</Data><Data Name='User'>DESKTOP-P84STH6\NS</Data><Data Name='LogonGuid'>{5d3d98af-2879-5ec2-0000-00206fe00a00}</Data><Data Name='LogonId'>0xae06f</Data><Data Name='TerminalSessionId'>1</Data><Data Name='IntegrityLevel'>Medium</Data><Data Name='Hashes'>MD5=E5FC029088043740D1048D7B63E5178E,SHA256=651C42014129F7E0B68CB462C47781435ADF3F306B03D900B99B1028F1BC97BD,IMPHASH=F4ED29FA917E61CD795A8C815BDCCB2B</Data><Data Name='ParentProcessGuid'>{5d3d98af-287c-5ec2-0000-001009b00b00}</Data><Data Name='ParentProcessId'>1816</Data><Data Name='ParentImage'>C:\Windows\explorer.exe</Data><Data Name='ParentCommandLine'>C:\Windows\Explorer.EXE</Data></EventData></Event><Event xmlns='http://schemas.microsoft.com/win/2004/08/events/event'><System><Provider Name='Microsoft-Windows-Sysmon' Guid='{5770385f-c22a-43e0-bf4c-06f5698ffbd9}'/><EventID>1</EventID><Version>5</Version><Level>4</Level><Task>1</Task><Opcode>0</Opcode><Keywords>0x8000000000000000</Keywords><TimeCreated SystemTime='2020-05-18T06:56:46.898851000Z'/><EventRecordID>4610</EventRecordID><Correlation/><Execution ProcessID='2480' ThreadID='3260'/><Channel>Microsoft-Windows-Sysmon/Operational</Channel><Computer>DESKTOP-P84STH6</Computer><Security UserID='S-1-5-18'/></System><EventData><Data Name='RuleName'></Data><Data Name='UtcTime'>2020-05-18 06:56:46.894</Data><Data Name='ProcessGuid'>{5d3d98af-31ae-5ec2-0000-00105b6c4c00}</Data><Data Name='ProcessId'>2960</Data><Data Name='Image'>C:\Windows\System32\smartscreen.exe</Data><Data Name='FileVersion'>10.0.18362.836 (WinBuild.160101.0800)</Data><Data Name='Description'>Windows Defender SmartScreen</Data><Data Name='Product'>Microsoft® Windows® Operating System</Data><Data Name='Company'>Microsoft Corporation</Data><Data Name='OriginalFileName'>smartscreen.exe</Data><Data Name='CommandLine'>C:\Windows\System32\smartscreen.exe -Embedding</Data><Data Name='CurrentDirectory'>C:\Windows\system32\</Data><Data Name='User'>DESKTOP-P84STH6\NS</Data><Data Name='LogonGuid'>{5d3d98af-2879-5ec2-0000-00206fe00a00}</Data><Data Name='LogonId'>0xae06f</Data><Data Name='TerminalSessionId'>1</Data><Data Name='IntegrityLevel'>Medium</Data><Data Name='Hashes'>MD5=6033F55F30364319ED5B7E1C6E6C9ED4,SHA256=533A950B1B8A63226573E93604C11C241AB1AE34E1BE47D9919882A1681ACB42,IMPHASH=1CF27DAF6490453338CA3A6A3792FBBF</Data><Data Name='ParentProcessGuid'>{5d3d98af-27d7-5ec2-0000-0010a3710000}</Data><Data Name='ParentProcessId'>784</Data><Data Name='ParentImage'>C:\Windows\System32\svchost.exe</Data><Data Name='ParentCommandLine'>C:\Windows\system32\svchost.exe -k DcomLaunch -p</Data></EventData></Event><Event xmlns='http://schemas.microsoft.com/win/2004/08/events/event'><System><Provider Name='Microsoft-Windows-Sysmon' Guid='{5770385f-c22a-43e0-bf4c-06f5698ffbd9}'/><EventID>13</EventID><Version>2</Version><Level>4</Level><Task>13</Task><Opcode>0</Opcode><Keywords>0x8000000000000000</Keywords><TimeCreated SystemTime='2020-05-18T06:56:46.397411600Z'/><EventRecordID>4609</EventRecordID><Correlation/><Execution ProcessID='2480' ThreadID='3260'/><Channel>Microsoft-Windows-Sysmon/Operational</Channel><Computer>DESKTOP-P84STH6</Computer><Security UserID='S-1-5-18'/></System><EventData><Data Name='RuleName'></Data><Data Name='EventType'>SetValue</Data><Data Name='UtcTime'>2020-05-18 06:56:46.390</Data><Data Name='ProcessGuid'>{5d3d98af-287c-5ec2-0000-001009b00b00}</Data><Data Name='ProcessId'>1816</Data><Data Name='Image'>C:\Windows\Explorer.EXE</Data><Data Name='TargetObject'>HKU\S-1-5-21-223836497-1760142647-788189203-1001\Software\Microsoft\Windows\CurrentVersion\Shell Extensions\Cached\{087B3AE3-E237-4467-B8DB-5A38AB959AC9} {00021500-0000-0000-C000-000000000046} 0xFFFF</Data><Data Name='Details'>Binary Data</Data></EventData></Event><Event xmlns='http://schemas.microsoft.com/win/2004/08/events/event'><System><Provider Name='Microsoft-Windows-Sysmon' Guid='{5770385f-c22a-43e0-bf4c-06f5698ffbd9}'/><EventID>13</EventID><Version>2</Version><Level>4</Level><Task>13</Task><Opcode>0</Opcode><Keywords>0x8000000000000000</Keywords><TimeCreated SystemTime='2020-05-18T06:56:44.420506200Z'/><EventRecordID>4608</EventRecordID><Correlation/><Execution ProcessID='2480' ThreadID='3260'/><Channel>Microsoft-Windows-Sysmon/Operational</Channel><Computer>DESKTOP-P84STH6</Computer><Security UserID='S-1-5-18'/></System><EventData><Data Name='RuleName'>InvDB-Ver</Data><Data Name='EventType'>SetValue</Data><Data Name='UtcTime'>2020-05-18 06:56:44.405</Data><Data Name='ProcessGuid'>{5d3d98af-2816-5ec2-0000-0010443b0700}</Data><Data Name='ProcessId'>3756</Data><Data Name='Image'>C:\Windows\system32\svchost.exe</Data><Data Name='TargetObject'>\REGISTRY\A\{3628c0a7-e230-bdb4-d986-0d339bfb00eb}\Root\InventoryApplicationFile\soffice.exe|77a6800db327a187\BinProductVersion</Data><Data Name='Details'>6.4.3.2</Data></EventData></Event><Event xmlns='http://schemas.microsoft.com/win/2004/08/events/event'><System><Provider Name='Microsoft-Windows-Sysmon' Guid='{5770385f-c22a-43e0-bf4c-06f5698ffbd9}'/><EventID>13</EventID><Version>2</Version><Level>4</Level><Task>13</Task><Opcode>0</Opcode><Keywords>0x8000000000000000</Keywords><TimeCreated SystemTime='2020-05-18T06:56:44.420243700Z'/><EventRecordID>4607</EventRecordID><Correlation/><Execution ProcessID='2480' ThreadID='3260'/><Channel>Microsoft-Windows-Sysmon/Operational</Channel><Computer>DESKTOP-P84STH6</Computer><Security UserID='S-1-5-18'/></System><EventData><Data Name='RuleName'>InvDB-CompileTimeClaim</Data><Data Name='EventType'>SetValue</Data><Data Name='UtcTime'>2020-05-18 06:56:44.405</Data><Data Name='ProcessGuid'>{5d3d98af-2816-5ec2-0000-0010443b0700}</Data><Data Name='ProcessId'>3756</Data><Data Name='Image'>C:\Windows\system32\svchost.exe</Data><Data Name='TargetObject'>\REGISTRY\A\{3628c0a7-e230-bdb4-d986-0d339bfb00eb}\Root\InventoryApplicationFile\soffice.exe|77a6800db327a187\LinkDate</Data><Data Name='Details'>04/07/2020 16:32:50</Data></EventData></Event><Event xmlns='http://schemas.microsoft.com/win/2004/08/events/event'><System><Provider Name='Microsoft-Windows-Sysmon' Guid='{5770385f-c22a-43e0-bf4c-06f5698ffbd9}'/><EventID>13</EventID><Version>2</Version><Level>4</Level><Task>13</Task><Opcode>0</Opcode><Keywords>0x8000000000000000</Keywords><TimeCreated SystemTime='2020-05-18T06:56:44.418616100Z'/><EventRecordID>4606</EventRecordID><Correlation/><Execution ProcessID='2480' ThreadID='3260'/><Channel>Microsoft-Windows-Sysmon/Operational</Channel><Computer>DESKTOP-P84STH6</Computer><Security UserID='S-1-5-18'/></System><EventData><Data Name='RuleName'>InvDB-Pub</Data><Data Name='EventType'>SetValue</Data><Data Name='UtcTime'>2020-05-18 06:56:44.405</Data><Data Name='ProcessGuid'>{5d3d98af-2816-5ec2-0000-0010443b0700}</Data><Data Name='ProcessId'>3756</Data><Data Name='Image'>C:\Windows\system32\svchost.exe</Data><Data Name='TargetObject'>\REGISTRY\A\{3628c0a7-e230-bdb4-d986-0d339bfb00eb}\Root\InventoryApplicationFile\soffice.exe|77a6800db327a187\Publisher</Data><Data Name='Details'>the document foundation</Data></EventData></Event><Event xmlns='http://schemas.microsoft.com/win/2004/08/events/event'><System><Provider Name='Microsoft-Windows-Sysmon' Guid='{5770385f-c22a-43e0-bf4c-06f5698ffbd9}'/><EventID>13</EventID><Version>2</Version><Level>4</Level><Task>13</Task><Opcode>0</Opcode><Keywords>0x8000000000000000</Keywords><TimeCreated SystemTime='2020-05-18T06:56:44.417810800Z'/><EventRecordID>4605</EventRecordID><Correlation/><Execution ProcessID='2480' ThreadID='3260'/><Channel>Microsoft-Windows-Sysmon/Operational</Channel><Computer>DESKTOP-P84STH6</Computer><Security UserID='S-1-5-18'/></System><EventData><Data Name='RuleName'>InvDB-Path</Data><Data Name='EventType'>SetValue</Data><Data Name='UtcTime'>2020-05-18 06:56:44.405</Data><Data Name='ProcessGuid'>{5d3d98af-2816-5ec2-0000-0010443b0700}</Data><Data Name='ProcessId'>3756</Data><Data Name='Image'>C:\Windows\system32\svchost.exe</Data><Data Name='TargetObject'>\REGISTRY\A\{3628c0a7-e230-bdb4-d986-0d339bfb00eb}\Root\InventoryApplicationFile\soffice.exe|77a6800db327a187\LowerCaseLongPath</Data><Data Name='Details'>c:\program files\libreoffice\program\soffice.exe</Data></EventData></Event><Event xmlns='http://schemas.microsoft.com/win/2004/08/events/event'><System><Provider Name='Microsoft-Windows-Sysmon' Guid='{5770385f-c22a-43e0-bf4c-06f5698ffbd9}'/><EventID>13</EventID><Version>2</Version><Level>4</Level><Task>13</Task><Opcode>0</Opcode><Keywords>0x8000000000000000</Keywords><TimeCreated SystemTime='2020-05-18T06:56:44.409444300Z'/><EventRecordID>4604</EventRecordID><Correlation/><Execution ProcessID='2480' ThreadID='3260'/><Channel>Microsoft-Windows-Sysmon/Operational</Channel><Computer>DESKTOP-P84STH6</Computer><Security UserID='S-1-5-18'/></System><EventData><Data Name='RuleName'>InvDB</Data><Data Name='EventType'>SetValue</Data><Data Name='UtcTime'>2020-05-18 06:56:44.405</Data><Data Name='ProcessGuid'>{5d3d98af-2816-5ec2-0000-0010443b0700}</Data><Data Name='ProcessId'>3756</Data><Data Name='Image'>C:\Windows\system32\svchost.exe</Data><Data Name='TargetObject'>HKU\S-1-5-21-223836497-1760142647-788189203-1001\Software\Microsoft\Windows NT\CurrentVersion\AppCompatFlags\Compatibility Assistant\Store\C:\Program Files\LibreOffice\program\soffice.exe</Data><Data Name='Details'>Binary Data</Data></EventData></Event><Event xmlns='http://schemas.microsoft.com/win/2004/08/events/event'><System><Provider Name='Microsoft-Windows-Sysmon' Guid='{5770385f-c22a-43e0-bf4c-06f5698ffbd9}'/><EventID>22</EventID><Version>5</Version><Level>4</Level><Task>22</Task><Opcode>0</Opcode><Keywords>0x8000000000000000</Keywords><TimeCreated SystemTime='2020-05-18T06:56:15.159314900Z'/><EventRecordID>4603</EventRecordID><Correlation/><Execution ProcessID='2480' ThreadID='2496'/><Channel>Microsoft-Windows-Sysmon/Operational</Channel><Computer>DESKTOP-P84STH6</Computer><Security UserID='S-1-5-18'/></System><EventData><Data Name='RuleName'></Data><Data Name='UtcTime'>2020-05-18 06:56:14.500</Data><Data Name='ProcessGuid'>{5d3d98af-2942-5ec2-0000-00100ad31d00}</Data><Data Name='ProcessId'>6552</Data><Data Name='QueryName'>d.agkn.com</Data><Data Name='QueryStatus'>0</Data><Data Name='QueryResults'>type:  5 data.agkn.com;type:  5 d2ctznuk6ro1vp.cloudfront.net;13.35.37.99;13.35.37.57;13.35.37.14;13.35.37.23;</Data><Data Name='Image'>C:\Program Files (x86)\Google\Chrome\Application\chrome.exe</Data></EventData></Event><Event xmlns='http://schemas.microsoft.com/win/2004/08/events/event'><System><Provider Name='Microsoft-Windows-Sysmon' Guid='{5770385f-c22a-43e0-bf4c-06f5698ffbd9}'/><EventID>22</EventID><Version>5</Version><Level>4</Level><Task>22</Task><Opcode>0</Opcode><Keywords>0x8000000000000000</Keywords><TimeCreated SystemTime='2020-05-18T06:56:15.159220500Z'/><EventRecordID>4602</EventRecordID><Correlation/><Execution ProcessID='2480' ThreadID='2496'/><Channel>Microsoft-Windows-Sysmon/Operational</Channel><Computer>DESKTOP-P84STH6</Computer><Security UserID='S-1-5-18'/></System><EventData><Data Name='RuleName'></Data><Data Name='UtcTime'>2020-05-18 06:56:14.448</Data><Data Name='ProcessGuid'>{5d3d98af-2942-5ec2-0000-00100ad31d00}</Data><Data Name='ProcessId'>6552</Data><Data Name='QueryName'>cc.adingo.jp</Data><Data Name='QueryStatus'>0</Data><Data Name='QueryResults'>100.25.225.218;3.217.164.228;34.195.91.242;54.164.34.2;34.206.225.118;52.72.195.204;3.225.92.69;54.85.202.116;</Data><Data Name='Image'>C:\Program Files (x86)\Google\Chrome\Application\chrome.exe</Data></EventData></Event><Event xmlns='http://schemas.microsoft.com/win/2004/08/events/event'><System><Provider Name='Microsoft-Windows-Sysmon' Guid='{5770385f-c22a-43e0-bf4c-06f5698ffbd9}'/><EventID>22</EventID><Version>5</Version><Level>4</Level><Task>22</Task><Opcode>0</Opcode><Keywords>0x8000000000000000</Keywords><TimeCreated SystemTime='2020-05-18T06:56:15.159079700Z'/><EventRecordID>4601</EventRecordID><Correlation/><Execution ProcessID='2480' ThreadID='2496'/><Channel>Microsoft-Windows-Sysmon/Operational</Channel><Computer>DESKTOP-P84STH6</Computer><Security UserID='S-1-5-18'/></System><EventData><Data Name='RuleName'></Data><Data Name='UtcTime'>2020-05-18 06:56:14.341</Data><Data Name='ProcessGuid'>{5d3d98af-2942-5ec2-0000-00100ad31d00}</Data><Data Name='ProcessId'>6552</Data><Data Name='QueryName'>www.google.com</Data><Data Name='QueryStatus'>0</Data><Data Name='QueryResults'>216.58.200.36;</Data><Data Name='Image'>C:\Program Files (x86)\Google\Chrome\Application\chrome.exe</Data></EventData></Event><Event xmlns='http://schemas.microsoft.com/win/2004/08/events/event'><System><Provider Name='Microsoft-Windows-Sysmon' Guid='{5770385f-c22a-43e0-bf4c-06f5698ffbd9}'/><EventID>22</EventID><Version>5</Version><Level>4</Level><Task>22</Task><Opcode>0</Opcode><Keywords>0x8000000000000000</Keywords><TimeCreated SystemTime='2020-05-18T06:53:34.784887200Z'/><EventRecordID>4600</EventRecordID><Correlation/><Execution ProcessID='2480' ThreadID='2496'/><Channel>Microsoft-Windows-Sysmon/Operational</Channel><Computer>DESKTOP-P84STH6</Computer><Security UserID='S-1-5-18'/></System><EventData><Data Name='RuleName'></Data><Data Name='UtcTime'>2020-05-18 06:53:34.394</Data><Data Name='ProcessGuid'>{5d3d98af-2942-5ec2-0000-00100ad31d00}</Data><Data Name='ProcessId'>6552</Data><Data Name='QueryName'>gkpoibqa</Data><Data Name='QueryStatus'>123</Data><Data Name='QueryResults'></Data><Data Name='Image'>C:\Program Files (x86)\Google\Chrome\Application\chrome.exe</Data></EventData></Event><Event xmlns='http://schemas.microsoft.com/win/2004/08/events/event'><System><Provider Name='Microsoft-Windows-Sysmon' Guid='{5770385f-c22a-43e0-bf4c-06f5698ffbd9}'/><EventID>22</EventID><Version>5</Version><Level>4</Level><Task>22</Task><Opcode>0</Opcode><Keywords>0x8000000000000000</Keywords><TimeCreated SystemTime='2020-05-18T06:53:34.784801200Z'/><EventRecordID>4599</EventRecordID><Correlation/><Execution ProcessID='2480' ThreadID='2496'/><Channel>Microsoft-Windows-Sysmon/Operational</Channel><Computer>DESKTOP-P84STH6</Computer><Security UserID='S-1-5-18'/></System><EventData><Data Name='RuleName'></Data><Data Name='UtcTime'>2020-05-18 06:53:34.394</Data><Data Name='ProcessGuid'>{5d3d98af-2942-5ec2-0000-00100ad31d00}</Data><Data Name='ProcessId'>6552</Data><Data Name='QueryName'>rfihohvxvnu</Data><Data Name='QueryStatus'>123</Data><Data Name='QueryResults'></Data><Data Name='Image'>C:\Program Files (x86)\Google\Chrome\Application\chrome.exe</Data></EventData></Event><Event xmlns='http://schemas.microsoft.com/win/2004/08/events/event'><System><Provider Name='Microsoft-Windows-Sysmon' Guid='{5770385f-c22a-43e0-bf4c-06f5698ffbd9}'/><EventID>22</EventID><Version>5</Version><Level>4</Level><Task>22</Task><Opcode>0</Opcode><Keywords>0x8000000000000000</Keywords><TimeCreated SystemTime='2020-05-18T06:53:34.784700000Z'/><EventRecordID>4598</EventRecordID><Correlation/><Execution ProcessID='2480' ThreadID='2496'/><Channel>Microsoft-Windows-Sysmon/Operational</Channel><Computer>DESKTOP-P84STH6</Computer><Security UserID='S-1-5-18'/></System><EventData><Data Name='RuleName'></Data><Data Name='UtcTime'>2020-05-18 06:53:34.394</Data><Data Name='ProcessGuid'>{5d3d98af-2942-5ec2-0000-00100ad31d00}</Data><Data Name='ProcessId'>6552</Data><Data Name='QueryName'>pcfzdxgcjl</Data><Data Name='QueryStatus'>123</Data><Data Name='QueryResults'></Data><Data Name='Image'>C:\Program Files (x86)\Google\Chrome\Application\chrome.exe</Data></EventData></Event><Event xmlns='http://schemas.microsoft.com/win/2004/08/events/event'><System><Provider Name='Microsoft-Windows-Sysmon' Guid='{5770385f-c22a-43e0-bf4c-06f5698ffbd9}'/><EventID>22</EventID><Version>5</Version><Level>4</Level><Task>22</Task><Opcode>0</Opcode><Keywords>0x8000000000000000</Keywords><TimeCreated SystemTime='2020-05-18T06:53:34.784485900Z'/><EventRecordID>4597</EventRecordID><Correlation/><Execution ProcessID='2480' ThreadID='2496'/><Channel>Microsoft-Windows-Sysmon/Operational</Channel><Computer>DESKTOP-P84STH6</Computer><Security UserID='S-1-5-18'/></System><EventData><Data Name='RuleName'></Data><Data Name='UtcTime'>2020-05-18 06:53:33.892</Data><Data Name='ProcessGuid'>{5d3d98af-2942-5ec2-0000-00100ad31d00}</Data><Data Name='ProcessId'>6552</Data><Data Name='QueryName'>maxoidri</Data><Data Name='QueryStatus'>123</Data><Data Name='QueryResults'></Data><Data Name='Image'>C:\Program Files (x86)\Google\Chrome\Application\chrome.exe</Data></EventData></Event><Event xmlns='http://schemas.microsoft.com/win/2004/08/events/event'><System><Provider Name='Microsoft-Windows-Sysmon' Guid='{5770385f-c22a-43e0-bf4c-06f5698ffbd9}'/><EventID>22</EventID><Version>5</Version><Level>4</Level><Task>22</Task><Opcode>0</Opcode><Keywords>0x8000000000000000</Keywords><TimeCreated SystemTime='2020-05-18T06:53:34.784400600Z'/><EventRecordID>4596</EventRecordID><Correlation/><Execution ProcessID='2480' ThreadID='2496'/><Channel>Microsoft-Windows-Sysmon/Operational</Channel><Computer>DESKTOP-P84STH6</Computer><Security UserID='S-1-5-18'/></System><EventData><Data Name='RuleName'></Data><Data Name='UtcTime'>2020-05-18 06:53:33.892</Data><Data Name='ProcessGuid'>{5d3d98af-2942-5ec2-0000-00100ad31d00}</Data><Data Name='ProcessId'>6552</Data><Data Name='QueryName'>cgbrlrvtcqb</Data><Data Name='QueryStatus'>123</Data><Data Name='QueryResults'></Data><Data Name='Image'>C:\Program Files (x86)\Google\Chrome\Application\chrome.exe</Data></EventData></Event><Event xmlns='http://schemas.microsoft.com/win/2004/08/events/event'><System><Provider Name='Microsoft-Windows-Sysmon' Guid='{5770385f-c22a-43e0-bf4c-06f5698ffbd9}'/><EventID>22</EventID><Version>5</Version><Level>4</Level><Task>22</Task><Opcode>0</Opcode><Keywords>0x8000000000000000</Keywords><TimeCreated SystemTime='2020-05-18T06:53:34.784296000Z'/><EventRecordID>4595</EventRecordID><Correlation/><Execution ProcessID='2480' ThreadID='2496'/><Channel>Microsoft-Windows-Sysmon/Operational</Channel><Computer>DESKTOP-P84STH6</Computer><Security UserID='S-1-5-18'/></System><EventData><Data Name='RuleName'></Data><Data Name='UtcTime'>2020-05-18 06:53:33.887</Data><Data Name='ProcessGuid'>{5d3d98af-2942-5ec2-0000-00100ad31d00}</Data><Data Name='ProcessId'>6552</Data><Data Name='QueryName'>ljnmtafmzzo</Data><Data Name='QueryStatus'>123</Data><Data Name='QueryResults'></Data><Data Name='Image'>C:\Program Files (x86)\Google\Chrome\Application\chrome.exe</Data></EventData></Event><Event xmlns='http://schemas.microsoft.com/win/2004/08/events/event'><System><Provider Name='Microsoft-Windows-Sysmon' Guid='{5770385f-c22a-43e0-bf4c-06f5698ffbd9}'/><EventID>22</EventID><Version>5</Version><Level>4</Level><Task>22</Task><Opcode>0</Opcode><Keywords>0x8000000000000000</Keywords><TimeCreated SystemTime='2020-05-18T06:53:31.771624100Z'/><EventRecordID>4594</EventRecordID><Correlation/><Execution ProcessID='2480' ThreadID='2496'/><Channel>Microsoft-Windows-Sysmon/Operational</Channel><Computer>DESKTOP-P84STH6</Computer><Security UserID='S-1-5-18'/></System><EventData><Data Name='RuleName'></Data><Data Name='UtcTime'>2020-05-18 06:53:30.828</Data><Data Name='ProcessGuid'>{5d3d98af-2942-5ec2-0000-00100ad31d00}</Data><Data Name='ProcessId'>6552</Data><Data Name='QueryName'>fvlwvmrqgqhhq</Data><Data Name='QueryStatus'>123</Data><Data Name='QueryResults'></Data><Data Name='Image'>C:\Program Files (x86)\Google\Chrome\Application\chrome.exe</Data></EventData></Event><Event xmlns='http://schemas.microsoft.com/win/2004/08/events/event'><System><Provider Name='Microsoft-Windows-Sysmon' Guid='{5770385f-c22a-43e0-bf4c-06f5698ffbd9}'/><EventID>22</EventID><Version>5</Version><Level>4</Level><Task>22</Task><Opcode>0</Opcode><Keywords>0x8000000000000000</Keywords><TimeCreated SystemTime='2020-05-18T06:53:31.771467100Z'/><EventRecordID>4593</EventRecordID><Correlation/><Execution ProcessID='2480' ThreadID='2496'/><Channel>Microsoft-Windows-Sysmon/Operational</Channel><Computer>DESKTOP-P84STH6</Computer><Security UserID='S-1-5-18'/></System><EventData><Data Name='RuleName'></Data><Data Name='UtcTime'>2020-05-18 06:53:30.828</Data><Data Name='ProcessGuid'>{5d3d98af-2942-5ec2-0000-00100ad31d00}</Data><Data Name='ProcessId'>6552</Data><Data Name='QueryName'>iyajqkg</Data><Data Name='QueryStatus'>123</Data><Data Name='QueryResults'></Data><Data Name='Image'>C:\Program Files (x86)\Google\Chrome\Application\chrome.exe</Data></EventData></Event><Event xmlns='http://schemas.microsoft.com/win/2004/08/events/event'><System><Provider Name='Microsoft-Windows-Sysmon' Guid='{5770385f-c22a-43e0-bf4c-06f5698ffbd9}'/><EventID>22</EventID><Version>5</Version><Level>4</Level><Task>22</Task><Opcode>0</Opcode><Keywords>0x8000000000000000</Keywords><TimeCreated SystemTime='2020-05-18T06:53:31.771372500Z'/><EventRecordID>4592</EventRecordID><Correlation/><Execution ProcessID='2480' ThreadID='2496'/><Channel>Microsoft-Windows-Sysmon/Operational</Channel><Computer>DESKTOP-P84STH6</Computer><Security UserID='S-1-5-18'/></System><EventData><Data Name='RuleName'></Data><Data Name='UtcTime'>2020-05-18 06:53:30.828</Data><Data Name='ProcessGuid'>{5d3d98af-2942-5ec2-0000-00100ad31d00}</Data><Data Name='ProcessId'>6552</Data><Data Name='QueryName'>vxdkgkonctdsokk</Data><Data Name='QueryStatus'>123</Data><Data Name='QueryResults'></Data><Data Name='Image'>C:\Program Files (x86)\Google\Chrome\Application\chrome.exe</Data></EventData></Event><Event xmlns='http://schemas.microsoft.com/win/2004/08/events/event'><System><Provider Name='Microsoft-Windows-Sysmon' Guid='{5770385f-c22a-43e0-bf4c-06f5698ffbd9}'/><EventID>22</EventID><Version>5</Version><Level>4</Level><Task>22</Task><Opcode>0</Opcode><Keywords>0x8000000000000000</Keywords><TimeCreated SystemTime='2020-05-18T06:53:28.749011100Z'/><EventRecordID>4591</EventRecordID><Correlation/><Execution ProcessID='2480' ThreadID='2496'/><Channel>Microsoft-Windows-Sysmon/Operational</Channel><Computer>DESKTOP-P84STH6</Computer><Security UserID='S-1-5-18'/></System><EventData><Data Name='RuleName'></Data><Data Name='UtcTime'>2020-05-18 06:53:27.971</Data><Data Name='ProcessGuid'>{5d3d98af-30e7-5ec2-0000-0010a57e4a00}</Data><Data Name='ProcessId'>6684</Data><Data Name='QueryName'>_VLMCS._TCP</Data><Data Name='QueryStatus'>123</Data><Data Name='QueryResults'></Data><Data Name='Image'>C:\Windows\System32\SppExtComObj.Exe</Data></EventData></Event><Event xmlns='http://schemas.microsoft.com/win/2004/08/events/event'><System><Provider Name='Microsoft-Windows-Sysmon' Guid='{5770385f-c22a-43e0-bf4c-06f5698ffbd9}'/><EventID>22</EventID><Version>5</Version><Level>4</Level><Task>22</Task><Opcode>0</Opcode><Keywords>0x8000000000000000</Keywords><TimeCreated SystemTime='2020-05-18T06:53:28.748919100Z'/><EventRecordID>4590</EventRecordID><Correlation/><Execution ProcessID='2480' ThreadID='2496'/><Channel>Microsoft-Windows-Sysmon/Operational</Channel><Computer>DESKTOP-P84STH6</Computer><Security UserID='S-1-5-18'/></System><EventData><Data Name='RuleName'></Data><Data Name='UtcTime'>2020-05-18 06:53:27.909</Data><Data Name='ProcessGuid'>{5d3d98af-30e7-5ec2-0000-0010a57e4a00}</Data><Data Name='ProcessId'>6684</Data><Data Name='QueryName'>_ldap._tcp.dc._msdcs.WORKGROUP</Data><Data Name='QueryStatus'>123</Data><Data Name='QueryResults'></Data><Data Name='Image'>C:\Windows\System32\SppExtComObj.Exe</Data></EventData></Event><Event xmlns='http://schemas.microsoft.com/win/2004/08/events/event'><System><Provider Name='Microsoft-Windows-Sysmon' Guid='{5770385f-c22a-43e0-bf4c-06f5698ffbd9}'/><EventID>1</EventID><Version>5</Version><Level>4</Level><Task>1</Task><Opcode>0</Opcode><Keywords>0x8000000000000000</Keywords><TimeCreated SystemTime='2020-05-18T06:53:28.492404600Z'/><EventRecordID>4589</EventRecordID><Correlation/><Execution ProcessID='2480' ThreadID='3260'/><Channel>Microsoft-Windows-Sysmon/Operational</Channel><Computer>DESKTOP-P84STH6</Computer><Security UserID='S-1-5-18'/></System><EventData><Data Name='RuleName'></Data><Data Name='UtcTime'>2020-05-18 06:53:28.444</Data><Data Name='ProcessGuid'>{5d3d98af-30e8-5ec2-0000-001091994a00}</Data><Data Name='ProcessId'>3808</Data><Data Name='Image'>C:\Windows\System32\slui.exe</Data><Data Name='FileVersion'>10.0.18362.815 (WinBuild.160101.0800)</Data><Data Name='Description'>Windows Activation Client</Data><Data Name='Product'>Microsoft® Windows® Operating System</Data><Data Name='Company'>Microsoft Corporation</Data><Data Name='OriginalFileName'>slui.exe</Data><Data Name='CommandLine'>C:\Windows\System32\slui.exe -Embedding</Data><Data Name='CurrentDirectory'>C:\Windows\system32\</Data><Data Name='User'>DESKTOP-P84STH6\NS</Data><Data Name='LogonGuid'>{5d3d98af-2879-5ec2-0000-00206fe00a00}</Data><Data Name='LogonId'>0xae06f</Data><Data Name='TerminalSessionId'>1</Data><Data Name='IntegrityLevel'>Medium</Data><Data Name='Hashes'>MD5=0A26DC4E016E6614991E26CE20DC9466,SHA256=39D924020BA5C09BB5AB2021C973B86C29E756B5F6D3B3FCD0F3CF5C74636CE4,IMPHASH=9AB4A350435A84E9B807A58C3EE9469A</Data><Data Name='ParentProcessGuid'>{5d3d98af-27d7-5ec2-0000-0010a3710000}</Data><Data Name='ParentProcessId'>784</Data><Data Name='ParentImage'>C:\Windows\System32\svchost.exe</Data><Data Name='ParentCommandLine'>C:\Windows\system32\svchost.exe -k DcomLaunch -p</Data></EventData></Event>