<Event xmlns='http://schemas.microsoft.com/win/2004/08/events/event'><System><Provider Name='Microsoft-Windows-Sysmon' Guid='{5770385f-c22a-43e0-bf4c-06f5698ffbd9}'/><EventID>11</EventID><Version>2</Version><Level>4</Level><Task>11</Task><Opcode>0</Opcode><Keywords>0x8000000000000000</Keywords><TimeCreated SystemTime='2020-05-18T06:29:22.713892500Z'/><EventRecordID>4479</EventRecordID><Correlation/><Execution ProcessID='2480' ThreadID='3260'/><Channel>Microsoft-Windows-Sysmon/Operational</Channel><Computer>DESKTOP-P84STH6</Computer><Security UserID='S-1-5-18'/></System><EventData><Data Name='RuleName'>DLL</Data><Data Name='UtcTime'>2020-05-18 06:29:22.690</Data><Data Name='ProcessGuid'>{5d3d98af-27de-5ec2-0000-0010808c0200}</Data><Data Name='ProcessId'>2548</Data><Data Name='Image'>C:\Program Files\Windows Defender\MsMpEng.exe</Data><Data Name='TargetFilename'>C:\ProgramData\Microsoft\Windows Defender\Platform\4.18.2005.4-0\endpointdlp.dll</Data><Data Name='CreationUtcTime'>2020-05-18 06:29:22.690</Data></EventData></Event><Event xmlns='http://schemas.microsoft.com/win/2004/08/events/event'><System><Provider Name='Microsoft-Windows-Sysmon' Guid='{5770385f-c22a-43e0-bf4c-06f5698ffbd9}'/><EventID>11</EventID><Version>2</Version><Level>4</Level><Task>11</Task><Opcode>0</Opcode><Keywords>0x8000000000000000</Keywords><TimeCreated SystemTime='2020-05-18T06:29:22.713851600Z'/><EventRecordID>4478</EventRecordID><Correlation/><Execution ProcessID='2480' ThreadID='3260'/><Channel>Microsoft-Windows-Sysmon/Operational</Channel><Computer>DESKTOP-P84STH6</Computer><Security UserID='S-1-5-18'/></System><EventData><Data Name='RuleName'></Data><Data Name='UtcTime'>2020-05-18 06:29:22.690</Data><Data Name='ProcessGuid'>{5d3d98af-27de-5ec2-0000-0010808c0200}</Data><Data Name='ProcessId'>2548</Data><Data Name='Image'>C:\Program Files\Windows Defender\MsMpEng.exe</Data><Data Name='TargetFilename'>C:\ProgramData\Microsoft\Windows Defender\Platform\4.18.2005.4-0\Drivers\WdNisDrv.sys</Data><Data Name='CreationUtcTime'>2020-05-18 06:29:22.690</Data></EventData></Event><Event xmlns='http://schemas.microsoft.com/win/2004/08/events/event'><System><Provider Name='Microsoft-Windows-Sysmon' Guid='{5770385f-c22a-43e0-bf4c-06f5698ffbd9}'/><EventID>11</EventID><Version>2</Version><Level>4</Level><Task>11</Task><Opcode>0</Opcode><Keywords>0x8000000000000000</Keywords><TimeCreated SystemTime='2020-05-18T06:29:22.713802300Z'/><EventRecordID>4477</EventRecordID><Correlation/><Execution ProcessID='2480' ThreadID='3260'/><Channel>Microsoft-Windows-Sysmon/Operational</Channel><Computer>DESKTOP-P84STH6</Computer><Security UserID='S-1-5-18'/></System><EventData><Data Name='RuleName'></Data><Data Name='UtcTime'>2020-05-18 06:29:22.689</Data><Data Name='ProcessGuid'>{5d3d98af-27de-5ec2-0000-0010808c0200}</Data><Data Name='ProcessId'>2548</Data><Data Name='Image'>C:\Program Files\Windows Defender\MsMpEng.exe</Data><Data Name='TargetFilename'>C:\ProgramData\Microsoft\Windows Defender\Platform\4.18.2005.4-0\Drivers\WdFilter.sys</Data><Data Name='CreationUtcTime'>2020-05-18 06:29:22.689</Data></EventData></Event><Event xmlns='http://schemas.microsoft.com/win/2004/08/events/event'><System><Provider Name='Microsoft-Windows-Sysmon' Guid='{5770385f-c22a-43e0-bf4c-06f5698ffbd9}'/><EventID>11</EventID><Version>2</Version><Level>4</Level><Task>11</Task><Opcode>0</Opcode><Keywords>0x8000000000000000</Keywords><TimeCreated SystemTime='2020-05-18T06:29:22.713663900Z'/><EventRecordID>4476</EventRecordID><Correlation/><Execution ProcessID='2480' ThreadID='3260'/><Channel>Microsoft-Windows-Sysmon/Operational</Channel><Computer>DESKTOP-P84STH6</Computer><Security UserID='S-1-5-18'/></System><EventData><Data Name='RuleName'></Data><Data Name='UtcTime'>2020-05-18 06:29:22.689</Data><Data Name='ProcessGuid'>{5d3d98af-27de-5ec2-0000-0010808c0200}</Data><Data Name='ProcessId'>2548</Data><Data Name='Image'>C:\Program Files\Windows Defender\MsMpEng.exe</Data><Data Name='TargetFilename'>C:\ProgramData\Microsoft\Windows Defender\Platform\4.18.2005.4-0\Drivers\WdBoot.sys</Data><Data Name='CreationUtcTime'>2020-05-18 06:29:22.689</Data></EventData></Event><Event xmlns='http://schemas.microsoft.com/win/2004/08/events/event'><System><Provider Name='Microsoft-Windows-Sysmon' Guid='{5770385f-c22a-43e0-bf4c-06f5698ffbd9}'/><EventID>11</EventID><Version>2</Version><Level>4</Level><Task>11</Task><Opcode>0</Opcode><Keywords>0x8000000000000000</Keywords><TimeCreated SystemTime='2020-05-18T06:29:22.713419000Z'/><EventRecordID>4475</EventRecordID><Correlation/><Execution ProcessID='2480' ThreadID='3260'/><Channel>Microsoft-Windows-Sysmon/Operational</Channel><Computer>DESKTOP-P84STH6</Computer><Security UserID='S-1-5-18'/></System><EventData><Data Name='RuleName'>DLL</Data><Data Name='UtcTime'>2020-05-18 06:29:22.686</Data><Data Name='ProcessGuid'>{5d3d98af-27de-5ec2-0000-0010808c0200}</Data><Data Name='ProcessId'>2548</Data><Data Name='Image'>C:\Program Files\Windows Defender\MsMpEng.exe</Data><Data Name='TargetFilename'>C:\ProgramData\Microsoft\Windows Defender\Platform\4.18.2005.4-0\ProtectionManagement.dll</Data><Data Name='CreationUtcTime'>2020-05-18 06:29:22.686</Data></EventData></Event><Event xmlns='http://schemas.microsoft.com/win/2004/08/events/event'><System><Provider Name='Microsoft-Windows-Sysmon' Guid='{5770385f-c22a-43e0-bf4c-06f5698ffbd9}'/><EventID>11</EventID><Version>2</Version><Level>4</Level><Task>11</Task><Opcode>0</Opcode><Keywords>0x8000000000000000</Keywords><TimeCreated SystemTime='2020-05-18T06:29:22.713233500Z'/><EventRecordID>4474</EventRecordID><Correlation/><Execution ProcessID='2480' ThreadID='3260'/><Channel>Microsoft-Windows-Sysmon/Operational</Channel><Computer>DESKTOP-P84STH6</Computer><Security UserID='S-1-5-18'/></System><EventData><Data Name='RuleName'>DLL</Data><Data Name='UtcTime'>2020-05-18 06:29:22.685</Data><Data Name='ProcessGuid'>{5d3d98af-27de-5ec2-0000-0010808c0200}</Data><Data Name='ProcessId'>2548</Data><Data Name='Image'>C:\Program Files\Windows Defender\MsMpEng.exe</Data><Data Name='TargetFilename'>C:\ProgramData\Microsoft\Windows Defender\Platform\4.18.2005.4-0\DefenderCSP.dll</Data><Data Name='CreationUtcTime'>2020-05-18 06:29:22.685</Data></EventData></Event><Event xmlns='http://schemas.microsoft.com/win/2004/08/events/event'><System><Provider Name='Microsoft-Windows-Sysmon' Guid='{5770385f-c22a-43e0-bf4c-06f5698ffbd9}'/><EventID>11</EventID><Version>2</Version><Level>4</Level><Task>11</Task><Opcode>0</Opcode><Keywords>0x8000000000000000</Keywords><TimeCreated SystemTime='2020-05-18T06:29:22.619930100Z'/><EventRecordID>4473</EventRecordID><Correlation/><Execution ProcessID='2480' ThreadID='3260'/><Channel>Microsoft-Windows-Sysmon/Operational</Channel><Computer>DESKTOP-P84STH6</Computer><Security UserID='S-1-5-18'/></System><EventData><Data Name='RuleName'>EXE</Data><Data Name='UtcTime'>2020-05-18 06:29:22.594</Data><Data Name='ProcessGuid'>{5d3d98af-27de-5ec2-0000-0010808c0200}</Data><Data Name='ProcessId'>2548</Data><Data Name='Image'>C:\Program Files\Windows Defender\MsMpEng.exe</Data><Data Name='TargetFilename'>C:\ProgramData\Microsoft\Windows Defender\Platform\4.18.2005.4-0\NisSrv.exe</Data><Data Name='CreationUtcTime'>2020-05-18 06:29:22.594</Data></EventData></Event><Event xmlns='http://schemas.microsoft.com/win/2004/08/events/event'><System><Provider Name='Microsoft-Windows-Sysmon' Guid='{5770385f-c22a-43e0-bf4c-06f5698ffbd9}'/><EventID>11</EventID><Version>2</Version><Level>4</Level><Task>11</Task><Opcode>0</Opcode><Keywords>0x8000000000000000</Keywords><TimeCreated SystemTime='2020-05-18T06:29:22.619892900Z'/><EventRecordID>4472</EventRecordID><Correlation/><Execution ProcessID='2480' ThreadID='3260'/><Channel>Microsoft-Windows-Sysmon/Operational</Channel><Computer>DESKTOP-P84STH6</Computer><Security UserID='S-1-5-18'/></System><EventData><Data Name='RuleName'>DLL</Data><Data Name='UtcTime'>2020-05-18 06:29:22.594</Data><Data Name='ProcessGuid'>{5d3d98af-27de-5ec2-0000-0010808c0200}</Data><Data Name='ProcessId'>2548</Data><Data Name='Image'>C:\Program Files\Windows Defender\MsMpEng.exe</Data><Data Name='TargetFilename'>C:\ProgramData\Microsoft\Windows Defender\Platform\4.18.2005.4-0\MsMpLics.dll</Data><Data Name='CreationUtcTime'>2020-05-18 06:29:22.594</Data></EventData></Event><Event xmlns='http://schemas.microsoft.com/win/2004/08/events/event'><System><Provider Name='Microsoft-Windows-Sysmon' Guid='{5770385f-c22a-43e0-bf4c-06f5698ffbd9}'/><EventID>11</EventID><Version>2</Version><Level>4</Level><Task>11</Task><Opcode>0</Opcode><Keywords>0x8000000000000000</Keywords><TimeCreated SystemTime='2020-05-18T06:29:22.619855800Z'/><EventRecordID>4471</EventRecordID><Correlation/><Execution ProcessID='2480' ThreadID='3260'/><Channel>Microsoft-Windows-Sysmon/Operational</Channel><Computer>DESKTOP-P84STH6</Computer><Security UserID='S-1-5-18'/></System><EventData><Data Name='RuleName'>EXE</Data><Data Name='UtcTime'>2020-05-18 06:29:22.594</Data><Data Name='ProcessGuid'>{5d3d98af-27de-5ec2-0000-0010808c0200}</Data><Data Name='ProcessId'>2548</Data><Data Name='Image'>C:\Program Files\Windows Defender\MsMpEng.exe</Data><Data Name='TargetFilename'>C:\ProgramData\Microsoft\Windows Defender\Platform\4.18.2005.4-0\MsMpEng.exe</Data><Data Name='CreationUtcTime'>2020-05-18 06:29:22.594</Data></EventData></Event><Event xmlns='http://schemas.microsoft.com/win/2004/08/events/event'><System><Provider Name='Microsoft-Windows-Sysmon' Guid='{5770385f-c22a-43e0-bf4c-06f5698ffbd9}'/><EventID>11</EventID><Version>2</Version><Level>4</Level><Task>11</Task><Opcode>0</Opcode><Keywords>0x8000000000000000</Keywords><TimeCreated SystemTime='2020-05-18T06:29:22.619818100Z'/><EventRecordID>4470</EventRecordID><Correlation/><Execution ProcessID='2480' ThreadID='3260'/><Channel>Microsoft-Windows-Sysmon/Operational</Channel><Computer>DESKTOP-P84STH6</Computer><Security UserID='S-1-5-18'/></System><EventData><Data Name='RuleName'>DLL</Data><Data Name='UtcTime'>2020-05-18 06:29:22.594</Data><Data Name='ProcessGuid'>{5d3d98af-27de-5ec2-0000-0010808c0200}</Data><Data Name='ProcessId'>2548</Data><Data Name='Image'>C:\Program Files\Windows Defender\MsMpEng.exe</Data><Data Name='TargetFilename'>C:\ProgramData\Microsoft\Windows Defender\Platform\4.18.2005.4-0\MpUpdate.dll</Data><Data Name='CreationUtcTime'>2020-05-18 06:29:22.594</Data></EventData></Event><Event xmlns='http://schemas.microsoft.com/win/2004/08/events/event'><System><Provider Name='Microsoft-Windows-Sysmon' Guid='{5770385f-c22a-43e0-bf4c-06f5698ffbd9}'/><EventID>11</EventID><Version>2</Version><Level>4</Level><Task>11</Task><Opcode>0</Opcode><Keywords>0x8000000000000000</Keywords><TimeCreated SystemTime='2020-05-18T06:29:22.619780600Z'/><EventRecordID>4469</EventRecordID><Correlation/><Execution ProcessID='2480' ThreadID='3260'/><Channel>Microsoft-Windows-Sysmon/Operational</Channel><Computer>DESKTOP-P84STH6</Computer><Security UserID='S-1-5-18'/></System><EventData><Data Name='RuleName'>DLL</Data><Data Name='UtcTime'>2020-05-18 06:29:22.594</Data><Data Name='ProcessGuid'>{5d3d98af-27de-5ec2-0000-0010808c0200}</Data><Data Name='ProcessId'>2548</Data><Data Name='Image'>C:\Program Files\Windows Defender\MsMpEng.exe</Data><Data Name='TargetFilename'>C:\ProgramData\Microsoft\Windows Defender\Platform\4.18.2005.4-0\MpSvc.dll</Data><Data Name='CreationUtcTime'>2020-05-18 06:29:22.594</Data></EventData></Event><Event xmlns='http://schemas.microsoft.com/win/2004/08/events/event'><System><Provider Name='Microsoft-Windows-Sysmon' Guid='{5770385f-c22a-43e0-bf4c-06f5698ffbd9}'/><EventID>11</EventID><Version>2</Version><Level>4</Level><Task>11</Task><Opcode>0</Opcode><Keywords>0x8000000000000000</Keywords><TimeCreated SystemTime='2020-05-18T06:29:22.619743400Z'/><EventRecordID>4468</EventRecordID><Correlation/><Execution ProcessID='2480' ThreadID='3260'/><Channel>Microsoft-Windows-Sysmon/Operational</Channel><Computer>DESKTOP-P84STH6</Computer><Security UserID='S-1-5-18'/></System><EventData><Data Name='RuleName'>DLL</Data><Data Name='UtcTime'>2020-05-18 06:29:22.594</Data><Data Name='ProcessGuid'>{5d3d98af-27de-5ec2-0000-0010808c0200}</Data><Data Name='ProcessId'>2548</Data><Data Name='Image'>C:\Program Files\Windows Defender\MsMpEng.exe</Data><Data Name='TargetFilename'>C:\ProgramData\Microsoft\Windows Defender\Platform\4.18.2005.4-0\MpRtp.dll</Data><Data Name='CreationUtcTime'>2020-05-18 06:29:22.594</Data></EventData></Event><Event xmlns='http://schemas.microsoft.com/win/2004/08/events/event'><System><Provider Name='Microsoft-Windows-Sysmon' Guid='{5770385f-c22a-43e0-bf4c-06f5698ffbd9}'/><EventID>11</EventID><Version>2</Version><Level>4</Level><Task>11</Task><Opcode>0</Opcode><Keywords>0x8000000000000000</Keywords><TimeCreated SystemTime='2020-05-18T06:29:22.619706500Z'/><EventRecordID>4467</EventRecordID><Correlation/><Execution ProcessID='2480' ThreadID='3260'/><Channel>Microsoft-Windows-Sysmon/Operational</Channel><Computer>DESKTOP-P84STH6</Computer><Security UserID='S-1-5-18'/></System><EventData><Data Name='RuleName'>DLL</Data><Data Name='UtcTime'>2020-05-18 06:29:22.594</Data><Data Name='ProcessGuid'>{5d3d98af-27de-5ec2-0000-0010808c0200}</Data><Data Name='ProcessId'>2548</Data><Data Name='Image'>C:\Program Files\Windows Defender\MsMpEng.exe</Data><Data Name='TargetFilename'>C:\ProgramData\Microsoft\Windows Defender\Platform\4.18.2005.4-0\MpOAV.dll</Data><Data Name='CreationUtcTime'>2020-05-18 06:29:22.594</Data></EventData></Event><Event xmlns='http://schemas.microsoft.com/win/2004/08/events/event'><System><Provider Name='Microsoft-Windows-Sysmon' Guid='{5770385f-c22a-43e0-bf4c-06f5698ffbd9}'/><EventID>11</EventID><Version>2</Version><Level>4</Level><Task>11</Task><Opcode>0</Opcode><Keywords>0x8000000000000000</Keywords><TimeCreated SystemTime='2020-05-18T06:29:22.619669000Z'/><EventRecordID>4466</EventRecordID><Correlation/><Execution ProcessID='2480' ThreadID='3260'/><Channel>Microsoft-Windows-Sysmon/Operational</Channel><Computer>DESKTOP-P84STH6</Computer><Security UserID='S-1-5-18'/></System><EventData><Data Name='RuleName'>DLL</Data><Data Name='UtcTime'>2020-05-18 06:29:22.594</Data><Data Name='ProcessGuid'>{5d3d98af-27de-5ec2-0000-0010808c0200}</Data><Data Name='ProcessId'>2548</Data><Data Name='Image'>C:\Program Files\Windows Defender\MsMpEng.exe</Data><Data Name='TargetFilename'>C:\ProgramData\Microsoft\Windows Defender\Platform\4.18.2005.4-0\MpDetours.dll</Data><Data Name='CreationUtcTime'>2020-05-18 06:29:22.594</Data></EventData></Event><Event xmlns='http://schemas.microsoft.com/win/2004/08/events/event'><System><Provider Name='Microsoft-Windows-Sysmon' Guid='{5770385f-c22a-43e0-bf4c-06f5698ffbd9}'/><EventID>11</EventID><Version>2</Version><Level>4</Level><Task>11</Task><Opcode>0</Opcode><Keywords>0x8000000000000000</Keywords><TimeCreated SystemTime='2020-05-18T06:29:22.619627900Z'/><EventRecordID>4465</EventRecordID><Correlation/><Execution ProcessID='2480' ThreadID='3260'/><Channel>Microsoft-Windows-Sysmon/Operational</Channel><Computer>DESKTOP-P84STH6</Computer><Security UserID='S-1-5-18'/></System><EventData><Data Name='RuleName'>DLL</Data><Data Name='UtcTime'>2020-05-18 06:29:22.585</Data><Data Name='ProcessGuid'>{5d3d98af-27de-5ec2-0000-0010808c0200}</Data><Data Name='ProcessId'>2548</Data><Data Name='Image'>C:\Program Files\Windows Defender\MsMpEng.exe</Data><Data Name='TargetFilename'>C:\ProgramData\Microsoft\Windows Defender\Platform\4.18.2005.4-0\MpCommu.dll</Data><Data Name='CreationUtcTime'>2020-05-18 06:29:22.585</Data></EventData></Event><Event xmlns='http://schemas.microsoft.com/win/2004/08/events/event'><System><Provider Name='Microsoft-Windows-Sysmon' Guid='{5770385f-c22a-43e0-bf4c-06f5698ffbd9}'/><EventID>11</EventID><Version>2</Version><Level>4</Level><Task>11</Task><Opcode>0</Opcode><Keywords>0x8000000000000000</Keywords><TimeCreated SystemTime='2020-05-18T06:29:22.619560500Z'/><EventRecordID>4464</EventRecordID><Correlation/><Execution ProcessID='2480' ThreadID='3260'/><Channel>Microsoft-Windows-Sysmon/Operational</Channel><Computer>DESKTOP-P84STH6</Computer><Security UserID='S-1-5-18'/></System><EventData><Data Name='RuleName'>EXE</Data><Data Name='UtcTime'>2020-05-18 06:29:22.585</Data><Data Name='ProcessGuid'>{5d3d98af-27de-5ec2-0000-0010808c0200}</Data><Data Name='ProcessId'>2548</Data><Data Name='Image'>C:\Program Files\Windows Defender\MsMpEng.exe</Data><Data Name='TargetFilename'>C:\ProgramData\Microsoft\Windows Defender\Platform\4.18.2005.4-0\MpCmdRun.exe</Data><Data Name='CreationUtcTime'>2020-05-18 06:29:22.585</Data></EventData></Event><Event xmlns='http://schemas.microsoft.com/win/2004/08/events/event'><System><Provider Name='Microsoft-Windows-Sysmon' Guid='{5770385f-c22a-43e0-bf4c-06f5698ffbd9}'/><EventID>11</EventID><Version>2</Version><Level>4</Level><Task>11</Task><Opcode>0</Opcode><Keywords>0x8000000000000000</Keywords><TimeCreated SystemTime='2020-05-18T06:29:22.619523200Z'/><EventRecordID>4463</EventRecordID><Correlation/><Execution ProcessID='2480' ThreadID='3260'/><Channel>Microsoft-Windows-Sysmon/Operational</Channel><Computer>DESKTOP-P84STH6</Computer><Security UserID='S-1-5-18'/></System><EventData><Data Name='RuleName'>DLL</Data><Data Name='UtcTime'>2020-05-18 06:29:22.583</Data><Data Name='ProcessGuid'>{5d3d98af-27de-5ec2-0000-0010808c0200}</Data><Data Name='ProcessId'>2548</Data><Data Name='Image'>C:\Program Files\Windows Defender\MsMpEng.exe</Data><Data Name='TargetFilename'>C:\ProgramData\Microsoft\Windows Defender\Platform\4.18.2005.4-0\MpClient.dll</Data><Data Name='CreationUtcTime'>2020-05-18 06:29:22.583</Data></EventData></Event><Event xmlns='http://schemas.microsoft.com/win/2004/08/events/event'><System><Provider Name='Microsoft-Windows-Sysmon' Guid='{5770385f-c22a-43e0-bf4c-06f5698ffbd9}'/><EventID>11</EventID><Version>2</Version><Level>4</Level><Task>11</Task><Opcode>0</Opcode><Keywords>0x8000000000000000</Keywords><TimeCreated SystemTime='2020-05-18T06:29:22.619486100Z'/><EventRecordID>4462</EventRecordID><Correlation/><Execution ProcessID='2480' ThreadID='3260'/><Channel>Microsoft-Windows-Sysmon/Operational</Channel><Computer>DESKTOP-P84STH6</Computer><Security UserID='S-1-5-18'/></System><EventData><Data Name='RuleName'>DLL</Data><Data Name='UtcTime'>2020-05-18 06:29:22.583</Data><Data Name='ProcessGuid'>{5d3d98af-27de-5ec2-0000-0010808c0200}</Data><Data Name='ProcessId'>2548</Data><Data Name='Image'>C:\Program Files\Windows Defender\MsMpEng.exe</Data><Data Name='TargetFilename'>C:\ProgramData\Microsoft\Windows Defender\Platform\4.18.2005.4-0\MpAzSubmit.dll</Data><Data Name='CreationUtcTime'>2020-05-18 06:29:22.583</Data></EventData></Event><Event xmlns='http://schemas.microsoft.com/win/2004/08/events/event'><System><Provider Name='Microsoft-Windows-Sysmon' Guid='{5770385f-c22a-43e0-bf4c-06f5698ffbd9}'/><EventID>11</EventID><Version>2</Version><Level>4</Level><Task>11</Task><Opcode>0</Opcode><Keywords>0x8000000000000000</Keywords><TimeCreated SystemTime='2020-05-18T06:29:22.619448000Z'/><EventRecordID>4461</EventRecordID><Correlation/><Execution ProcessID='2480' ThreadID='3260'/><Channel>Microsoft-Windows-Sysmon/Operational</Channel><Computer>DESKTOP-P84STH6</Computer><Security UserID='S-1-5-18'/></System><EventData><Data Name='RuleName'>DLL</Data><Data Name='UtcTime'>2020-05-18 06:29:22.582</Data><Data Name='ProcessGuid'>{5d3d98af-27de-5ec2-0000-0010808c0200}</Data><Data Name='ProcessId'>2548</Data><Data Name='Image'>C:\Program Files\Windows Defender\MsMpEng.exe</Data><Data Name='TargetFilename'>C:\ProgramData\Microsoft\Windows Defender\Platform\4.18.2005.4-0\MpAsDesc.dll</Data><Data Name='CreationUtcTime'>2020-05-18 06:29:22.582</Data></EventData></Event><Event xmlns='http://schemas.microsoft.com/win/2004/08/events/event'><System><Provider Name='Microsoft-Windows-Sysmon' Guid='{5770385f-c22a-43e0-bf4c-06f5698ffbd9}'/><EventID>11</EventID><Version>2</Version><Level>4</Level><Task>11</Task><Opcode>0</Opcode><Keywords>0x8000000000000000</Keywords><TimeCreated SystemTime='2020-05-18T06:29:22.619409600Z'/><EventRecordID>4460</EventRecordID><Correlation/><Execution ProcessID='2480' ThreadID='3260'/><Channel>Microsoft-Windows-Sysmon/Operational</Channel><Computer>DESKTOP-P84STH6</Computer><Security UserID='S-1-5-18'/></System><EventData><Data Name='RuleName'>EXE</Data><Data Name='UtcTime'>2020-05-18 06:29:22.581</Data><Data Name='ProcessGuid'>{5d3d98af-27de-5ec2-0000-0010808c0200}</Data><Data Name='ProcessId'>2548</Data><Data Name='Image'>C:\Program Files\Windows Defender\MsMpEng.exe</Data><Data Name='TargetFilename'>C:\ProgramData\Microsoft\Windows Defender\Platform\4.18.2005.4-0\ConfigSecurityPolicy.exe</Data><Data Name='CreationUtcTime'>2020-05-18 06:29:22.581</Data></EventData></Event><Event xmlns='http://schemas.microsoft.com/win/2004/08/events/event'><System><Provider Name='Microsoft-Windows-Sysmon' Guid='{5770385f-c22a-43e0-bf4c-06f5698ffbd9}'/><EventID>13</EventID><Version>2</Version><Level>4</Level><Task>13</Task><Opcode>0</Opcode><Keywords>0x8000000000000000</Keywords><TimeCreated SystemTime='2020-05-18T06:29:22.619304200Z'/><EventRecordID>4459</EventRecordID><Correlation/><Execution ProcessID='2480' ThreadID='3260'/><Channel>Microsoft-Windows-Sysmon/Operational</Channel><Computer>DESKTOP-P84STH6</Computer><Security UserID='S-1-5-18'/></System><EventData><Data Name='RuleName'>T1031,T1050</Data><Data Name='EventType'>SetValue</Data><Data Name='UtcTime'>2020-05-18 06:29:22.556</Data><Data Name='ProcessGuid'>{5d3d98af-27d6-5ec2-0000-001090590000}</Data><Data Name='ProcessId'>588</Data><Data Name='Image'>C:\Windows\system32\services.exe</Data><Data Name='TargetObject'>HKLM\System\CurrentControlSet\Services\WdNisDrv\Start</Data><Data Name='Details'>DWORD (0x00000003)</Data></EventData></Event><Event xmlns='http://schemas.microsoft.com/win/2004/08/events/event'><System><Provider Name='Microsoft-Windows-Sysmon' Guid='{5770385f-c22a-43e0-bf4c-06f5698ffbd9}'/><EventID>1</EventID><Version>5</Version><Level>4</Level><Task>1</Task><Opcode>0</Opcode><Keywords>0x8000000000000000</Keywords><TimeCreated SystemTime='2020-05-18T06:29:15.168682500Z'/><EventRecordID>4458</EventRecordID><Correlation/><Execution ProcessID='2480' ThreadID='3260'/><Channel>Microsoft-Windows-Sysmon/Operational</Channel><Computer>DESKTOP-P84STH6</Computer><Security UserID='S-1-5-18'/></System><EventData><Data Name='RuleName'></Data><Data Name='UtcTime'>2020-05-18 06:29:15.141</Data><Data Name='ProcessGuid'>{5d3d98af-2b3b-5ec2-0000-0010fe3d3600}</Data><Data Name='ProcessId'>4872</Data><Data Name='Image'>C:\Windows\System32\taskhostw.exe</Data><Data Name='FileVersion'>10.0.18362.387 (WinBuild.160101.0800)</Data><Data Name='Description'>Host Process for Windows Tasks</Data><Data Name='Product'>Microsoft® Windows® Operating System</Data><Data Name='Company'>Microsoft Corporation</Data><Data Name='OriginalFileName'>taskhostw.exe</Data><Data Name='CommandLine'>taskhostw.exe -RegisterDevice -ProtectionStateChanged -FreeNetworkOnly</Data><Data Name='CurrentDirectory'>C:\Windows\system32\</Data><Data Name='User'>NT AUTHORITY\SYSTEM</Data><Data Name='LogonGuid'>{5d3d98af-27d7-5ec2-0000-0020e7030000}</Data><Data Name='LogonId'>0x3e7</Data><Data Name='TerminalSessionId'>0</Data><Data Name='IntegrityLevel'>System</Data><Data Name='Hashes'>MD5=8AC325C757FA721B272ECEA19EBCF745,SHA256=0BEC3128B241FA533DC5A9D3F62AA41323D205DEFC30DCDE228C5ECC2D1E50A9,IMPHASH=9CB27CAED52CB0AFFB32788922A0D083</Data><Data Name='ParentProcessGuid'>{5d3d98af-27d9-5ec2-0000-001001f30000}</Data><Data Name='ParentProcessId'>1156</Data><Data Name='ParentImage'>C:\Windows\System32\svchost.exe</Data><Data Name='ParentCommandLine'>C:\Windows\system32\svchost.exe -k netsvcs -p -s Schedule</Data></EventData></Event><Event xmlns='http://schemas.microsoft.com/win/2004/08/events/event'><System><Provider Name='Microsoft-Windows-Sysmon' Guid='{5770385f-c22a-43e0-bf4c-06f5698ffbd9}'/><EventID>13</EventID><Version>2</Version><Level>4</Level><Task>13</Task><Opcode>0</Opcode><Keywords>0x8000000000000000</Keywords><TimeCreated SystemTime='2020-05-18T06:29:05.935588500Z'/><EventRecordID>4457</EventRecordID><Correlation/><Execution ProcessID='2480' ThreadID='3260'/><Channel>Microsoft-Windows-Sysmon/Operational</Channel><Computer>DESKTOP-P84STH6</Computer><Security UserID='S-1-5-18'/></System><EventData><Data Name='RuleName'>T1031,T1050</Data><Data Name='EventType'>SetValue</Data><Data Name='UtcTime'>2020-05-18 06:29:04.217</Data><Data Name='ProcessGuid'>{5d3d98af-27d6-5ec2-0000-001090590000}</Data><Data Name='ProcessId'>588</Data><Data Name='Image'>C:\Windows\system32\services.exe</Data><Data Name='TargetObject'>HKLM\System\CurrentControlSet\Services\WdNisDrv\Start</Data><Data Name='Details'>DWORD (0x00000003)</Data></EventData></Event><Event xmlns='http://schemas.microsoft.com/win/2004/08/events/event'><System><Provider Name='Microsoft-Windows-Sysmon' Guid='{5770385f-c22a-43e0-bf4c-06f5698ffbd9}'/><EventID>1</EventID><Version>5</Version><Level>4</Level><Task>1</Task><Opcode>0</Opcode><Keywords>0x8000000000000000</Keywords><TimeCreated SystemTime='2020-05-18T06:28:57.333444900Z'/><EventRecordID>4456</EventRecordID><Correlation/><Execution ProcessID='2480' ThreadID='3260'/><Channel>Microsoft-Windows-Sysmon/Operational</Channel><Computer>DESKTOP-P84STH6</Computer><Security UserID='S-1-5-18'/></System><EventData><Data Name='RuleName'></Data><Data Name='UtcTime'>2020-05-18 06:28:57.318</Data><Data Name='ProcessGuid'>{5d3d98af-2b29-5ec2-0000-001098ae2e00}</Data><Data Name='ProcessId'>5052</Data><Data Name='Image'>C:\Windows\Temp\6F7645D0-EFB9-4DEF-A093-A502997B0080\MpSigStub.exe</Data><Data Name='FileVersion'>1.1.16900.5 (f6fe444569f9663015a6e1992ed19388cf741704)</Data><Data Name='Description'>Microsoft Malware Protection Signature Update Stub</Data><Data Name='Product'>Microsoft Malware Protection</Data><Data Name='Company'>Microsoft Corporation</Data><Data Name='OriginalFileName'>MpSigStub.exe</Data><Data Name='CommandLine'>C:\Windows\TEMP\6F7645D0-EFB9-4DEF-A093-A502997B0080\MpSigStub.exe /stub 1.1.16900.5 /payload 4.18.2005.4 /program C:\Windows\SoftwareDistribution\Download\Install\updateplatform.exe</Data><Data Name='CurrentDirectory'>C:\Windows\TEMP\6F7645D0-EFB9-4DEF-A093-A502997B0080\</Data><Data Name='User'>NT AUTHORITY\SYSTEM</Data><Data Name='LogonGuid'>{5d3d98af-27d7-5ec2-0000-0020e7030000}</Data><Data Name='LogonId'>0x3e7</Data><Data Name='TerminalSessionId'>0</Data><Data Name='IntegrityLevel'>System</Data><Data Name='Hashes'>MD5=89614F78EABF194EF6586F7807B6A1BC,SHA256=D0772BFB0687E068D4D21749C90DBAC7FB7F71F74F3A8CAF6D69CAC483A1C17F,IMPHASH=9EC6E03165E3120AE00585DA50B9B538</Data><Data Name='ParentProcessGuid'>{5d3d98af-2b28-5ec2-0000-0010e3992e00}</Data><Data Name='ParentProcessId'>6448</Data><Data Name='ParentImage'>C:\Windows\SoftwareDistribution\Download\Install\updateplatform.exe</Data><Data Name='ParentCommandLine'>"C:\Windows\SoftwareDistribution\Download\Install\updateplatform.exe" </Data></EventData></Event><Event xmlns='http://schemas.microsoft.com/win/2004/08/events/event'><System><Provider Name='Microsoft-Windows-Sysmon' Guid='{5770385f-c22a-43e0-bf4c-06f5698ffbd9}'/><EventID>11</EventID><Version>2</Version><Level>4</Level><Task>11</Task><Opcode>0</Opcode><Keywords>0x8000000000000000</Keywords><TimeCreated SystemTime='2020-05-18T06:28:57.217460800Z'/><EventRecordID>4455</EventRecordID><Correlation/><Execution ProcessID='2480' ThreadID='3260'/><Channel>Microsoft-Windows-Sysmon/Operational</Channel><Computer>DESKTOP-P84STH6</Computer><Security UserID='S-1-5-18'/></System><EventData><Data Name='RuleName'></Data><Data Name='UtcTime'>2020-05-18 06:28:57.215</Data><Data Name='ProcessGuid'>{5d3d98af-2b28-5ec2-0000-0010e3992e00}</Data><Data Name='ProcessId'>6448</Data><Data Name='Image'>C:\Windows\SoftwareDistribution\Download\Install\updateplatform.exe</Data><Data Name='TargetFilename'>C:\Windows\Temp\6F7645D0-EFB9-4DEF-A093-A502997B0080\Drivers\WdNisDrv.sys</Data><Data Name='CreationUtcTime'>2020-05-18 06:28:57.215</Data></EventData></Event><Event xmlns='http://schemas.microsoft.com/win/2004/08/events/event'><System><Provider Name='Microsoft-Windows-Sysmon' Guid='{5770385f-c22a-43e0-bf4c-06f5698ffbd9}'/><EventID>11</EventID><Version>2</Version><Level>4</Level><Task>11</Task><Opcode>0</Opcode><Keywords>0x8000000000000000</Keywords><TimeCreated SystemTime='2020-05-18T06:28:57.194668000Z'/><EventRecordID>4454</EventRecordID><Correlation/><Execution ProcessID='2480' ThreadID='3260'/><Channel>Microsoft-Windows-Sysmon/Operational</Channel><Computer>DESKTOP-P84STH6</Computer><Security UserID='S-1-5-18'/></System><EventData><Data Name='RuleName'></Data><Data Name='UtcTime'>2020-05-18 06:28:57.185</Data><Data Name='ProcessGuid'>{5d3d98af-2b28-5ec2-0000-0010e3992e00}</Data><Data Name='ProcessId'>6448</Data><Data Name='Image'>C:\Windows\SoftwareDistribution\Download\Install\updateplatform.exe</Data><Data Name='TargetFilename'>C:\Windows\Temp\6F7645D0-EFB9-4DEF-A093-A502997B0080\Drivers\WdFilter.sys</Data><Data Name='CreationUtcTime'>2020-05-18 06:28:57.185</Data></EventData></Event><Event xmlns='http://schemas.microsoft.com/win/2004/08/events/event'><System><Provider Name='Microsoft-Windows-Sysmon' Guid='{5770385f-c22a-43e0-bf4c-06f5698ffbd9}'/><EventID>11</EventID><Version>2</Version><Level>4</Level><Task>11</Task><Opcode>0</Opcode><Keywords>0x8000000000000000</Keywords><TimeCreated SystemTime='2020-05-18T06:28:57.180898800Z'/><EventRecordID>4453</EventRecordID><Correlation/><Execution ProcessID='2480' ThreadID='3260'/><Channel>Microsoft-Windows-Sysmon/Operational</Channel><Computer>DESKTOP-P84STH6</Computer><Security UserID='S-1-5-18'/></System><EventData><Data Name='RuleName'></Data><Data Name='UtcTime'>2020-05-18 06:28:57.176</Data><Data Name='ProcessGuid'>{5d3d98af-2b28-5ec2-0000-0010e3992e00}</Data><Data Name='ProcessId'>6448</Data><Data Name='Image'>C:\Windows\SoftwareDistribution\Download\Install\updateplatform.exe</Data><Data Name='TargetFilename'>C:\Windows\Temp\6F7645D0-EFB9-4DEF-A093-A502997B0080\Drivers\WdBoot.sys</Data><Data Name='CreationUtcTime'>2020-05-18 06:28:57.176</Data></EventData></Event><Event xmlns='http://schemas.microsoft.com/win/2004/08/events/event'><System><Provider Name='Microsoft-Windows-Sysmon' Guid='{5770385f-c22a-43e0-bf4c-06f5698ffbd9}'/><EventID>11</EventID><Version>2</Version><Level>4</Level><Task>11</Task><Opcode>0</Opcode><Keywords>0x8000000000000000</Keywords><TimeCreated SystemTime='2020-05-18T06:28:57.114185200Z'/><EventRecordID>4452</EventRecordID><Correlation/><Execution ProcessID='2480' ThreadID='3260'/><Channel>Microsoft-Windows-Sysmon/Operational</Channel><Computer>DESKTOP-P84STH6</Computer><Security UserID='S-1-5-18'/></System><EventData><Data Name='RuleName'>EXE</Data><Data Name='UtcTime'>2020-05-18 06:28:57.093</Data><Data Name='ProcessGuid'>{5d3d98af-2b28-5ec2-0000-0010e3992e00}</Data><Data Name='ProcessId'>6448</Data><Data Name='Image'>C:\Windows\SoftwareDistribution\Download\Install\updateplatform.exe</Data><Data Name='TargetFilename'>C:\Windows\Temp\6F7645D0-EFB9-4DEF-A093-A502997B0080\x86\MpCmdRun.exe</Data><Data Name='CreationUtcTime'>2020-05-18 06:28:57.093</Data></EventData></Event><Event xmlns='http://schemas.microsoft.com/win/2004/08/events/event'><System><Provider Name='Microsoft-Windows-Sysmon' Guid='{5770385f-c22a-43e0-bf4c-06f5698ffbd9}'/><EventID>11</EventID><Version>2</Version><Level>4</Level><Task>11</Task><Opcode>0</Opcode><Keywords>0x8000000000000000</Keywords><TimeCreated SystemTime='2020-05-18T06:28:57.057369000Z'/><EventRecordID>4451</EventRecordID><Correlation/><Execution ProcessID='2480' ThreadID='3260'/><Channel>Microsoft-Windows-Sysmon/Operational</Channel><Computer>DESKTOP-P84STH6</Computer><Security UserID='S-1-5-18'/></System><EventData><Data Name='RuleName'>EXE</Data><Data Name='UtcTime'>2020-05-18 06:28:57.015</Data><Data Name='ProcessGuid'>{5d3d98af-2b28-5ec2-0000-0010e3992e00}</Data><Data Name='ProcessId'>6448</Data><Data Name='Image'>C:\Windows\SoftwareDistribution\Download\Install\updateplatform.exe</Data><Data Name='TargetFilename'>C:\Windows\Temp\6F7645D0-EFB9-4DEF-A093-A502997B0080\NisSrv.exe</Data><Data Name='CreationUtcTime'>2020-05-18 06:28:57.015</Data></EventData></Event><Event xmlns='http://schemas.microsoft.com/win/2004/08/events/event'><System><Provider Name='Microsoft-Windows-Sysmon' Guid='{5770385f-c22a-43e0-bf4c-06f5698ffbd9}'/><EventID>11</EventID><Version>2</Version><Level>4</Level><Task>11</Task><Opcode>0</Opcode><Keywords>0x8000000000000000</Keywords><TimeCreated SystemTime='2020-05-18T06:28:57.023655100Z'/><EventRecordID>4450</EventRecordID><Correlation/><Execution ProcessID='2480' ThreadID='3260'/><Channel>Microsoft-Windows-Sysmon/Operational</Channel><Computer>DESKTOP-P84STH6</Computer><Security UserID='S-1-5-18'/></System><EventData><Data Name='RuleName'>EXE</Data><Data Name='UtcTime'>2020-05-18 06:28:57.015</Data><Data Name='ProcessGuid'>{5d3d98af-2b28-5ec2-0000-0010e3992e00}</Data><Data Name='ProcessId'>6448</Data><Data Name='Image'>C:\Windows\SoftwareDistribution\Download\Install\updateplatform.exe</Data><Data Name='TargetFilename'>C:\Windows\Temp\6F7645D0-EFB9-4DEF-A093-A502997B0080\MsMpEng.exe</Data><Data Name='CreationUtcTime'>2020-05-18 06:28:57.015</Data></EventData></Event><Event xmlns='http://schemas.microsoft.com/win/2004/08/events/event'><System><Provider Name='Microsoft-Windows-Sysmon' Guid='{5770385f-c22a-43e0-bf4c-06f5698ffbd9}'/><EventID>11</EventID><Version>2</Version><Level>4</Level><Task>11</Task><Opcode>0</Opcode><Keywords>0x8000000000000000</Keywords><TimeCreated SystemTime='2020-05-18T06:28:57.011842900Z'/><EventRecordID>4449</EventRecordID><Correlation/><Execution ProcessID='2480' ThreadID='3260'/><Channel>Microsoft-Windows-Sysmon/Operational</Channel><Computer>DESKTOP-P84STH6</Computer><Security UserID='S-1-5-18'/></System><EventData><Data Name='RuleName'>EXE</Data><Data Name='UtcTime'>2020-05-18 06:28:56.999</Data><Data Name='ProcessGuid'>{5d3d98af-2b28-5ec2-0000-0010e3992e00}</Data><Data Name='ProcessId'>6448</Data><Data Name='Image'>C:\Windows\SoftwareDistribution\Download\Install\updateplatform.exe</Data><Data Name='TargetFilename'>C:\Windows\Temp\6F7645D0-EFB9-4DEF-A093-A502997B0080\MpSigStub.exe</Data><Data Name='CreationUtcTime'>2020-05-18 06:28:56.999</Data></EventData></Event><Event xmlns='http://schemas.microsoft.com/win/2004/08/events/event'><System><Provider Name='Microsoft-Windows-Sysmon' Guid='{5770385f-c22a-43e0-bf4c-06f5698ffbd9}'/><EventID>11</EventID><Version>2</Version><Level>4</Level><Task>11</Task><Opcode>0</Opcode><Keywords>0x8000000000000000</Keywords><TimeCreated SystemTime='2020-05-18T06:28:56.992807100Z'/><EventRecordID>4448</EventRecordID><Correlation/><Execution ProcessID='2480' ThreadID='3260'/><Channel>Microsoft-Windows-Sysmon/Operational</Channel><Computer>DESKTOP-P84STH6</Computer><Security UserID='S-1-5-18'/></System><EventData><Data Name='RuleName'>EXE</Data><Data Name='UtcTime'>2020-05-18 06:28:56.984</Data><Data Name='ProcessGuid'>{5d3d98af-2b28-5ec2-0000-0010e3992e00}</Data><Data Name='ProcessId'>6448</Data><Data Name='Image'>C:\Windows\SoftwareDistribution\Download\Install\updateplatform.exe</Data><Data Name='TargetFilename'>C:\Windows\Temp\6F7645D0-EFB9-4DEF-A093-A502997B0080\MpDlpCmd.exe</Data><Data Name='CreationUtcTime'>2020-05-18 06:28:56.984</Data></EventData></Event><Event xmlns='http://schemas.microsoft.com/win/2004/08/events/event'><System><Provider Name='Microsoft-Windows-Sysmon' Guid='{5770385f-c22a-43e0-bf4c-06f5698ffbd9}'/><EventID>11</EventID><Version>2</Version><Level>4</Level><Task>11</Task><Opcode>0</Opcode><Keywords>0x8000000000000000</Keywords><TimeCreated SystemTime='2020-05-18T06:28:56.978972400Z'/><EventRecordID>4447</EventRecordID><Correlation/><Execution ProcessID='2480' ThreadID='3260'/><Channel>Microsoft-Windows-Sysmon/Operational</Channel><Computer>DESKTOP-P84STH6</Computer><Security UserID='S-1-5-18'/></System><EventData><Data Name='RuleName'>EXE</Data><Data Name='UtcTime'>2020-05-18 06:28:56.968</Data><Data Name='ProcessGuid'>{5d3d98af-2b28-5ec2-0000-0010e3992e00}</Data><Data Name='ProcessId'>6448</Data><Data Name='Image'>C:\Windows\SoftwareDistribution\Download\Install\updateplatform.exe</Data><Data Name='TargetFilename'>C:\Windows\Temp\6F7645D0-EFB9-4DEF-A093-A502997B0080\MpCmdRun.exe</Data><Data Name='CreationUtcTime'>2020-05-18 06:28:56.968</Data></EventData></Event><Event xmlns='http://schemas.microsoft.com/win/2004/08/events/event'><System><Provider Name='Microsoft-Windows-Sysmon' Guid='{5770385f-c22a-43e0-bf4c-06f5698ffbd9}'/><EventID>11</EventID><Version>2</Version><Level>4</Level><Task>11</Task><Opcode>0</Opcode><Keywords>0x8000000000000000</Keywords><TimeCreated SystemTime='2020-05-18T06:28:56.967267800Z'/><EventRecordID>4446</EventRecordID><Correlation/><Execution ProcessID='2480' ThreadID='3260'/><Channel>Microsoft-Windows-Sysmon/Operational</Channel><Computer>DESKTOP-P84STH6</Computer><Security UserID='S-1-5-18'/></System><EventData><Data Name='RuleName'>DLL</Data><Data Name='UtcTime'>2020-05-18 06:28:56.953</Data><Data Name='ProcessGuid'>{5d3d98af-2b28-5ec2-0000-0010e3992e00}</Data><Data Name='ProcessId'>6448</Data><Data Name='Image'>C:\Windows\SoftwareDistribution\Download\Install\updateplatform.exe</Data><Data Name='TargetFilename'>C:\Windows\Temp\6F7645D0-EFB9-4DEF-A093-A502997B0080\x86\MsMpLics.dll</Data><Data Name='CreationUtcTime'>2020-05-18 06:28:56.953</Data></EventData></Event><Event xmlns='http://schemas.microsoft.com/win/2004/08/events/event'><System><Provider Name='Microsoft-Windows-Sysmon' Guid='{5770385f-c22a-43e0-bf4c-06f5698ffbd9}'/><EventID>11</EventID><Version>2</Version><Level>4</Level><Task>11</Task><Opcode>0</Opcode><Keywords>0x8000000000000000</Keywords><TimeCreated SystemTime='2020-05-18T06:28:56.958874200Z'/><EventRecordID>4445</EventRecordID><Correlation/><Execution ProcessID='2480' ThreadID='3260'/><Channel>Microsoft-Windows-Sysmon/Operational</Channel><Computer>DESKTOP-P84STH6</Computer><Security UserID='S-1-5-18'/></System><EventData><Data Name='RuleName'>DLL</Data><Data Name='UtcTime'>2020-05-18 06:28:56.953</Data><Data Name='ProcessGuid'>{5d3d98af-2b28-5ec2-0000-0010e3992e00}</Data><Data Name='ProcessId'>6448</Data><Data Name='Image'>C:\Windows\SoftwareDistribution\Download\Install\updateplatform.exe</Data><Data Name='TargetFilename'>C:\Windows\Temp\6F7645D0-EFB9-4DEF-A093-A502997B0080\x86\MpOAV.dll</Data><Data Name='CreationUtcTime'>2020-05-18 06:28:56.953</Data></EventData></Event><Event xmlns='http://schemas.microsoft.com/win/2004/08/events/event'><System><Provider Name='Microsoft-Windows-Sysmon' Guid='{5770385f-c22a-43e0-bf4c-06f5698ffbd9}'/><EventID>11</EventID><Version>2</Version><Level>4</Level><Task>11</Task><Opcode>0</Opcode><Keywords>0x8000000000000000</Keywords><TimeCreated SystemTime='2020-05-18T06:28:56.949425400Z'/><EventRecordID>4444</EventRecordID><Correlation/><Execution ProcessID='2480' ThreadID='3260'/><Channel>Microsoft-Windows-Sysmon/Operational</Channel><Computer>DESKTOP-P84STH6</Computer><Security UserID='S-1-5-18'/></System><EventData><Data Name='RuleName'>DLL</Data><Data Name='UtcTime'>2020-05-18 06:28:56.938</Data><Data Name='ProcessGuid'>{5d3d98af-2b28-5ec2-0000-0010e3992e00}</Data><Data Name='ProcessId'>6448</Data><Data Name='Image'>C:\Windows\SoftwareDistribution\Download\Install\updateplatform.exe</Data><Data Name='TargetFilename'>C:\Windows\Temp\6F7645D0-EFB9-4DEF-A093-A502997B0080\x86\MpDetours.dll</Data><Data Name='CreationUtcTime'>2020-05-18 06:28:56.938</Data></EventData></Event><Event xmlns='http://schemas.microsoft.com/win/2004/08/events/event'><System><Provider Name='Microsoft-Windows-Sysmon' Guid='{5770385f-c22a-43e0-bf4c-06f5698ffbd9}'/><EventID>11</EventID><Version>2</Version><Level>4</Level><Task>11</Task><Opcode>0</Opcode><Keywords>0x8000000000000000</Keywords><TimeCreated SystemTime='2020-05-18T06:28:56.916785200Z'/><EventRecordID>4443</EventRecordID><Correlation/><Execution ProcessID='2480' ThreadID='3260'/><Channel>Microsoft-Windows-Sysmon/Operational</Channel><Computer>DESKTOP-P84STH6</Computer><Security UserID='S-1-5-18'/></System><EventData><Data Name='RuleName'>DLL</Data><Data Name='UtcTime'>2020-05-18 06:28:56.874</Data><Data Name='ProcessGuid'>{5d3d98af-2b28-5ec2-0000-0010e3992e00}</Data><Data Name='ProcessId'>6448</Data><Data Name='Image'>C:\Windows\SoftwareDistribution\Download\Install\updateplatform.exe</Data><Data Name='TargetFilename'>C:\Windows\Temp\6F7645D0-EFB9-4DEF-A093-A502997B0080\x86\MpClient.dll</Data><Data Name='CreationUtcTime'>2020-05-18 06:28:56.874</Data></EventData></Event><Event xmlns='http://schemas.microsoft.com/win/2004/08/events/event'><System><Provider Name='Microsoft-Windows-Sysmon' Guid='{5770385f-c22a-43e0-bf4c-06f5698ffbd9}'/><EventID>11</EventID><Version>2</Version><Level>4</Level><Task>11</Task><Opcode>0</Opcode><Keywords>0x8000000000000000</Keywords><TimeCreated SystemTime='2020-05-18T06:28:56.872954900Z'/><EventRecordID>4442</EventRecordID><Correlation/><Execution ProcessID='2480' ThreadID='3260'/><Channel>Microsoft-Windows-Sysmon/Operational</Channel><Computer>DESKTOP-P84STH6</Computer><Security UserID='S-1-5-18'/></System><EventData><Data Name='RuleName'>DLL</Data><Data Name='UtcTime'>2020-05-18 06:28:56.864</Data><Data Name='ProcessGuid'>{5d3d98af-2b28-5ec2-0000-0010e3992e00}</Data><Data Name='ProcessId'>6448</Data><Data Name='Image'>C:\Windows\SoftwareDistribution\Download\Install\updateplatform.exe</Data><Data Name='TargetFilename'>C:\Windows\Temp\6F7645D0-EFB9-4DEF-A093-A502997B0080\endpointdlp.dll</Data><Data Name='CreationUtcTime'>2020-05-18 06:28:56.864</Data></EventData></Event><Event xmlns='http://schemas.microsoft.com/win/2004/08/events/event'><System><Provider Name='Microsoft-Windows-Sysmon' Guid='{5770385f-c22a-43e0-bf4c-06f5698ffbd9}'/><EventID>11</EventID><Version>2</Version><Level>4</Level><Task>11</Task><Opcode>0</Opcode><Keywords>0x8000000000000000</Keywords><TimeCreated SystemTime='2020-05-18T06:28:56.842310000Z'/><EventRecordID>4441</EventRecordID><Correlation/><Execution ProcessID='2480' ThreadID='3260'/><Channel>Microsoft-Windows-Sysmon/Operational</Channel><Computer>DESKTOP-P84STH6</Computer><Security UserID='S-1-5-18'/></System><EventData><Data Name='RuleName'>DLL</Data><Data Name='UtcTime'>2020-05-18 06:28:56.832</Data><Data Name='ProcessGuid'>{5d3d98af-2b28-5ec2-0000-0010e3992e00}</Data><Data Name='ProcessId'>6448</Data><Data Name='Image'>C:\Windows\SoftwareDistribution\Download\Install\updateplatform.exe</Data><Data Name='TargetFilename'>C:\Windows\Temp\6F7645D0-EFB9-4DEF-A093-A502997B0080\ProtectionManagement.dll</Data><Data Name='CreationUtcTime'>2020-05-18 06:28:56.832</Data></EventData></Event><Event xmlns='http://schemas.microsoft.com/win/2004/08/events/event'><System><Provider Name='Microsoft-Windows-Sysmon' Guid='{5770385f-c22a-43e0-bf4c-06f5698ffbd9}'/><EventID>11</EventID><Version>2</Version><Level>4</Level><Task>11</Task><Opcode>0</Opcode><Keywords>0x8000000000000000</Keywords><TimeCreated SystemTime='2020-05-18T06:28:56.829199100Z'/><EventRecordID>4440</EventRecordID><Correlation/><Execution ProcessID='2480' ThreadID='3260'/><Channel>Microsoft-Windows-Sysmon/Operational</Channel><Computer>DESKTOP-P84STH6</Computer><Security UserID='S-1-5-18'/></System><EventData><Data Name='RuleName'>DLL</Data><Data Name='UtcTime'>2020-05-18 06:28:56.825</Data><Data Name='ProcessGuid'>{5d3d98af-2b28-5ec2-0000-0010e3992e00}</Data><Data Name='ProcessId'>6448</Data><Data Name='Image'>C:\Windows\SoftwareDistribution\Download\Install\updateplatform.exe</Data><Data Name='TargetFilename'>C:\Windows\Temp\6F7645D0-EFB9-4DEF-A093-A502997B0080\MsMpLics.dll</Data><Data Name='CreationUtcTime'>2020-05-18 06:28:56.825</Data></EventData></Event><Event xmlns='http://schemas.microsoft.com/win/2004/08/events/event'><System><Provider Name='Microsoft-Windows-Sysmon' Guid='{5770385f-c22a-43e0-bf4c-06f5698ffbd9}'/><EventID>11</EventID><Version>2</Version><Level>4</Level><Task>11</Task><Opcode>0</Opcode><Keywords>0x8000000000000000</Keywords><TimeCreated SystemTime='2020-05-18T06:28:56.819481700Z'/><EventRecordID>4439</EventRecordID><Correlation/><Execution ProcessID='2480' ThreadID='3260'/><Channel>Microsoft-Windows-Sysmon/Operational</Channel><Computer>DESKTOP-P84STH6</Computer><Security UserID='S-1-5-18'/></System><EventData><Data Name='RuleName'>DLL</Data><Data Name='UtcTime'>2020-05-18 06:28:56.809</Data><Data Name='ProcessGuid'>{5d3d98af-2b28-5ec2-0000-0010e3992e00}</Data><Data Name='ProcessId'>6448</Data><Data Name='Image'>C:\Windows\SoftwareDistribution\Download\Install\updateplatform.exe</Data><Data Name='TargetFilename'>C:\Windows\Temp\6F7645D0-EFB9-4DEF-A093-A502997B0080\MpUpdate.dll</Data><Data Name='CreationUtcTime'>2020-05-18 06:28:56.809</Data></EventData></Event><Event xmlns='http://schemas.microsoft.com/win/2004/08/events/event'><System><Provider Name='Microsoft-Windows-Sysmon' Guid='{5770385f-c22a-43e0-bf4c-06f5698ffbd9}'/><EventID>11</EventID><Version>2</Version><Level>4</Level><Task>11</Task><Opcode>0</Opcode><Keywords>0x8000000000000000</Keywords><TimeCreated SystemTime='2020-05-18T06:28:56.765236400Z'/><EventRecordID>4438</EventRecordID><Correlation/><Execution ProcessID='2480' ThreadID='3260'/><Channel>Microsoft-Windows-Sysmon/Operational</Channel><Computer>DESKTOP-P84STH6</Computer><Security UserID='S-1-5-18'/></System><EventData><Data Name='RuleName'>DLL</Data><Data Name='UtcTime'>2020-05-18 06:28:56.719</Data><Data Name='ProcessGuid'>{5d3d98af-2b28-5ec2-0000-0010e3992e00}</Data><Data Name='ProcessId'>6448</Data><Data Name='Image'>C:\Windows\SoftwareDistribution\Download\Install\updateplatform.exe</Data><Data Name='TargetFilename'>C:\Windows\Temp\6F7645D0-EFB9-4DEF-A093-A502997B0080\MpSvc.dll</Data><Data Name='CreationUtcTime'>2020-05-18 06:28:56.719</Data></EventData></Event><Event xmlns='http://schemas.microsoft.com/win/2004/08/events/event'><System><Provider Name='Microsoft-Windows-Sysmon' Guid='{5770385f-c22a-43e0-bf4c-06f5698ffbd9}'/><EventID>11</EventID><Version>2</Version><Level>4</Level><Task>11</Task><Opcode>0</Opcode><Keywords>0x8000000000000000</Keywords><TimeCreated SystemTime='2020-05-18T06:28:56.709451600Z'/><EventRecordID>4437</EventRecordID><Correlation/><Execution ProcessID='2480' ThreadID='3260'/><Channel>Microsoft-Windows-Sysmon/Operational</Channel><Computer>DESKTOP-P84STH6</Computer><Security UserID='S-1-5-18'/></System><EventData><Data Name='RuleName'>DLL</Data><Data Name='UtcTime'>2020-05-18 06:28:56.687</Data><Data Name='ProcessGuid'>{5d3d98af-2b28-5ec2-0000-0010e3992e00}</Data><Data Name='ProcessId'>6448</Data><Data Name='Image'>C:\Windows\SoftwareDistribution\Download\Install\updateplatform.exe</Data><Data Name='TargetFilename'>C:\Windows\Temp\6F7645D0-EFB9-4DEF-A093-A502997B0080\MpRtp.dll</Data><Data Name='CreationUtcTime'>2020-05-18 06:28:56.687</Data></EventData></Event><Event xmlns='http://schemas.microsoft.com/win/2004/08/events/event'><System><Provider Name='Microsoft-Windows-Sysmon' Guid='{5770385f-c22a-43e0-bf4c-06f5698ffbd9}'/><EventID>11</EventID><Version>2</Version><Level>4</Level><Task>11</Task><Opcode>0</Opcode><Keywords>0x8000000000000000</Keywords><TimeCreated SystemTime='2020-05-18T06:28:56.681476800Z'/><EventRecordID>4436</EventRecordID><Correlation/><Execution ProcessID='2480' ThreadID='3260'/><Channel>Microsoft-Windows-Sysmon/Operational</Channel><Computer>DESKTOP-P84STH6</Computer><Security UserID='S-1-5-18'/></System><EventData><Data Name='RuleName'>DLL</Data><Data Name='UtcTime'>2020-05-18 06:28:56.671</Data><Data Name='ProcessGuid'>{5d3d98af-2b28-5ec2-0000-0010e3992e00}</Data><Data Name='ProcessId'>6448</Data><Data Name='Image'>C:\Windows\SoftwareDistribution\Download\Install\updateplatform.exe</Data><Data Name='TargetFilename'>C:\Windows\Temp\6F7645D0-EFB9-4DEF-A093-A502997B0080\MpPrintFlt.dll</Data><Data Name='CreationUtcTime'>2020-05-18 06:28:56.671</Data></EventData></Event><Event xmlns='http://schemas.microsoft.com/win/2004/08/events/event'><System><Provider Name='Microsoft-Windows-Sysmon' Guid='{5770385f-c22a-43e0-bf4c-06f5698ffbd9}'/><EventID>11</EventID><Version>2</Version><Level>4</Level><Task>11</Task><Opcode>0</Opcode><Keywords>0x8000000000000000</Keywords><TimeCreated SystemTime='2020-05-18T06:28:56.670366100Z'/><EventRecordID>4435</EventRecordID><Correlation/><Execution ProcessID='2480' ThreadID='3260'/><Channel>Microsoft-Windows-Sysmon/Operational</Channel><Computer>DESKTOP-P84STH6</Computer><Security UserID='S-1-5-18'/></System><EventData><Data Name='RuleName'>DLL</Data><Data Name='UtcTime'>2020-05-18 06:28:56.656</Data><Data Name='ProcessGuid'>{5d3d98af-2b28-5ec2-0000-0010e3992e00}</Data><Data Name='ProcessId'>6448</Data><Data Name='Image'>C:\Windows\SoftwareDistribution\Download\Install\updateplatform.exe</Data><Data Name='TargetFilename'>C:\Windows\Temp\6F7645D0-EFB9-4DEF-A093-A502997B0080\MpOAV.dll</Data><Data Name='CreationUtcTime'>2020-05-18 06:28:56.656</Data></EventData></Event>