<Event xmlns='http://schemas.microsoft.com/win/2004/08/events/event'><System><Provider Name='Microsoft-Windows-Sysmon' Guid='{5770385f-c22a-43e0-bf4c-06f5698ffbd9}'/><EventID>1</EventID><Version>5</Version><Level>4</Level><Task>1</Task><Opcode>0</Opcode><Keywords>0x8000000000000000</Keywords><TimeCreated SystemTime='2020-05-18T06:53:27.318210500Z'/><EventRecordID>4588</EventRecordID><Correlation/><Execution ProcessID='2480' ThreadID='3260'/><Channel>Microsoft-Windows-Sysmon/Operational</Channel><Computer>DESKTOP-P84STH6</Computer><Security UserID='S-1-5-18'/></System><EventData><Data Name='RuleName'></Data><Data Name='UtcTime'>2020-05-18 06:53:27.313</Data><Data Name='ProcessGuid'>{5d3d98af-30e7-5ec2-0000-0010e9824a00}</Data><Data Name='ProcessId'>956</Data><Data Name='Image'>C:\Windows\System32\slui.exe</Data><Data Name='FileVersion'>10.0.18362.815 (WinBuild.160101.0800)</Data><Data Name='Description'>Windows Activation Client</Data><Data Name='Product'>Microsoft® Windows® Operating System</Data><Data Name='Company'>Microsoft Corporation</Data><Data Name='OriginalFileName'>slui.exe</Data><Data Name='CommandLine'>"C:\Windows\System32\SLUI.exe" RuleId=eeba1977-569e-4571-b639-7623d8bfecc0;Action=AutoActivate;AppId=55c92734-d682-4d71-983e-d6ec3f16059f;SkuId=2de67392-b7a7-462a-b1ca-108dd189f588;NotificationInterval=1440;Trigger=NetworkAvailable</Data><Data Name='CurrentDirectory'>C:\Windows\system32\</Data><Data Name='User'>NT AUTHORITY\NETWORK SERVICE</Data><Data Name='LogonGuid'>{5d3d98af-27d8-5ec2-0000-0020e4030000}</Data><Data Name='LogonId'>0x3e4</Data><Data Name='TerminalSessionId'>0</Data><Data Name='IntegrityLevel'>System</Data><Data Name='Hashes'>MD5=0A26DC4E016E6614991E26CE20DC9466,SHA256=39D924020BA5C09BB5AB2021C973B86C29E756B5F6D3B3FCD0F3CF5C74636CE4,IMPHASH=9AB4A350435A84E9B807A58C3EE9469A</Data><Data Name='ParentProcessGuid'>{5d3d98af-30e7-5ec2-0000-0010a57e4a00}</Data><Data Name='ParentProcessId'>6684</Data><Data Name='ParentImage'>C:\Windows\System32\SppExtComObj.Exe</Data><Data Name='ParentCommandLine'>C:\Windows\system32\SppExtComObj.exe -Embedding</Data></EventData></Event><Event xmlns='http://schemas.microsoft.com/win/2004/08/events/event'><System><Provider Name='Microsoft-Windows-Sysmon' Guid='{5770385f-c22a-43e0-bf4c-06f5698ffbd9}'/><EventID>22</EventID><Version>5</Version><Level>4</Level><Task>22</Task><Opcode>0</Opcode><Keywords>0x8000000000000000</Keywords><TimeCreated SystemTime='2020-05-18T06:53:26.720029400Z'/><EventRecordID>4587</EventRecordID><Correlation/><Execution ProcessID='2480' ThreadID='2496'/><Channel>Microsoft-Windows-Sysmon/Operational</Channel><Computer>DESKTOP-P84STH6</Computer><Security UserID='S-1-5-18'/></System><EventData><Data Name='RuleName'></Data><Data Name='UtcTime'>2020-05-18 06:53:26.463</Data><Data Name='ProcessGuid'>{5d3d98af-27d9-5ec2-0000-0010cff80000}</Data><Data Name='ProcessId'>1232</Data><Data Name='QueryName'>DESKTOP-P84STH6</Data><Data Name='QueryStatus'>0</Data><Data Name='QueryResults'>fe80::9827:fcec:1acc:615d;10.0.2.15;</Data><Data Name='Image'>C:\Windows\System32\svchost.exe</Data></EventData></Event><Event xmlns='http://schemas.microsoft.com/win/2004/08/events/event'><System><Provider Name='Microsoft-Windows-Sysmon' Guid='{5770385f-c22a-43e0-bf4c-06f5698ffbd9}'/><EventID>22</EventID><Version>5</Version><Level>4</Level><Task>22</Task><Opcode>0</Opcode><Keywords>0x8000000000000000</Keywords><TimeCreated SystemTime='2020-05-18T06:53:26.719943700Z'/><EventRecordID>4586</EventRecordID><Correlation/><Execution ProcessID='2480' ThreadID='2496'/><Channel>Microsoft-Windows-Sysmon/Operational</Channel><Computer>DESKTOP-P84STH6</Computer><Security UserID='S-1-5-18'/></System><EventData><Data Name='RuleName'></Data><Data Name='UtcTime'>2020-05-18 06:53:26.460</Data><Data Name='ProcessGuid'>{5d3d98af-27d9-5ec2-0000-0010cff80000}</Data><Data Name='ProcessId'>1232</Data><Data Name='QueryName'>DESKTOP-P84STH6</Data><Data Name='QueryStatus'>1460</Data><Data Name='QueryResults'></Data><Data Name='Image'>C:\Windows\System32\svchost.exe</Data></EventData></Event><Event xmlns='http://schemas.microsoft.com/win/2004/08/events/event'><System><Provider Name='Microsoft-Windows-Sysmon' Guid='{5770385f-c22a-43e0-bf4c-06f5698ffbd9}'/><EventID>1</EventID><Version>5</Version><Level>4</Level><Task>1</Task><Opcode>0</Opcode><Keywords>0x8000000000000000</Keywords><TimeCreated SystemTime='2020-05-18T06:53:26.595358800Z'/><EventRecordID>4585</EventRecordID><Correlation/><Execution ProcessID='2480' ThreadID='3260'/><Channel>Microsoft-Windows-Sysmon/Operational</Channel><Computer>DESKTOP-P84STH6</Computer><Security UserID='S-1-5-18'/></System><EventData><Data Name='RuleName'></Data><Data Name='UtcTime'>2020-05-18 06:53:26.589</Data><Data Name='ProcessGuid'>{5d3d98af-30e6-5ec2-0000-0010ff644a00}</Data><Data Name='ProcessId'>248</Data><Data Name='Image'>C:\Windows\System32\taskhostw.exe</Data><Data Name='FileVersion'>10.0.18362.387 (WinBuild.160101.0800)</Data><Data Name='Description'>Host Process for Windows Tasks</Data><Data Name='Product'>Microsoft® Windows® Operating System</Data><Data Name='Company'>Microsoft Corporation</Data><Data Name='OriginalFileName'>taskhostw.exe</Data><Data Name='CommandLine'>taskhostw.exe network</Data><Data Name='CurrentDirectory'>C:\Windows\system32\</Data><Data Name='User'>NT AUTHORITY\NETWORK SERVICE</Data><Data Name='LogonGuid'>{5d3d98af-27d8-5ec2-0000-0020e4030000}</Data><Data Name='LogonId'>0x3e4</Data><Data Name='TerminalSessionId'>0</Data><Data Name='IntegrityLevel'>System</Data><Data Name='Hashes'>MD5=8AC325C757FA721B272ECEA19EBCF745,SHA256=0BEC3128B241FA533DC5A9D3F62AA41323D205DEFC30DCDE228C5ECC2D1E50A9,IMPHASH=9CB27CAED52CB0AFFB32788922A0D083</Data><Data Name='ParentProcessGuid'>{5d3d98af-27d9-5ec2-0000-001001f30000}</Data><Data Name='ParentProcessId'>1156</Data><Data Name='ParentImage'>C:\Windows\System32\svchost.exe</Data><Data Name='ParentCommandLine'>C:\Windows\system32\svchost.exe -k netsvcs -p -s Schedule</Data></EventData></Event><Event xmlns='http://schemas.microsoft.com/win/2004/08/events/event'><System><Provider Name='Microsoft-Windows-Sysmon' Guid='{5770385f-c22a-43e0-bf4c-06f5698ffbd9}'/><EventID>1</EventID><Version>5</Version><Level>4</Level><Task>1</Task><Opcode>0</Opcode><Keywords>0x8000000000000000</Keywords><TimeCreated SystemTime='2020-05-18T06:53:26.472002200Z'/><EventRecordID>4584</EventRecordID><Correlation/><Execution ProcessID='2480' ThreadID='3260'/><Channel>Microsoft-Windows-Sysmon/Operational</Channel><Computer>DESKTOP-P84STH6</Computer><Security UserID='S-1-5-18'/></System><EventData><Data Name='RuleName'></Data><Data Name='UtcTime'>2020-05-18 06:53:26.445</Data><Data Name='ProcessGuid'>{5d3d98af-30e6-5ec2-0000-00104d5e4a00}</Data><Data Name='ProcessId'>7100</Data><Data Name='Image'>C:\Windows\System32\svchost.exe</Data><Data Name='FileVersion'>10.0.18362.1 (WinBuild.160101.0800)</Data><Data Name='Description'>Host Process for Windows Services</Data><Data Name='Product'>Microsoft® Windows® Operating System</Data><Data Name='Company'>Microsoft Corporation</Data><Data Name='OriginalFileName'>svchost.exe</Data><Data Name='CommandLine'>C:\Windows\System32\svchost.exe -k LocalServiceNetworkRestricted -p -s lmhosts</Data><Data Name='CurrentDirectory'>C:\Windows\system32\</Data><Data Name='User'>NT AUTHORITY\LOCAL SERVICE</Data><Data Name='LogonGuid'>{5d3d98af-27d8-5ec2-0000-0020e5030000}</Data><Data Name='LogonId'>0x3e5</Data><Data Name='TerminalSessionId'>0</Data><Data Name='IntegrityLevel'>System</Data><Data Name='Hashes'>MD5=9520A99E77D6196D0D09833146424113,SHA256=DD191A5B23DF92E12A8852291F9FB5ED594B76A28A5A464418442584AFD1E048,IMPHASH=247B9220E5D9B720A82B2C8B5069AD69</Data><Data Name='ParentProcessGuid'>{5d3d98af-27d6-5ec2-0000-001090590000}</Data><Data Name='ParentProcessId'>588</Data><Data Name='ParentImage'>C:\Windows\System32\services.exe</Data><Data Name='ParentCommandLine'>C:\Windows\system32\services.exe</Data></EventData></Event><Event xmlns='http://schemas.microsoft.com/win/2004/08/events/event'><System><Provider Name='Microsoft-Windows-Sysmon' Guid='{5770385f-c22a-43e0-bf4c-06f5698ffbd9}'/><EventID>1</EventID><Version>5</Version><Level>4</Level><Task>1</Task><Opcode>0</Opcode><Keywords>0x8000000000000000</Keywords><TimeCreated SystemTime='2020-05-18T06:53:26.417209600Z'/><EventRecordID>4583</EventRecordID><Correlation/><Execution ProcessID='2480' ThreadID='3260'/><Channel>Microsoft-Windows-Sysmon/Operational</Channel><Computer>DESKTOP-P84STH6</Computer><Security UserID='S-1-5-18'/></System><EventData><Data Name='RuleName'></Data><Data Name='UtcTime'>2020-05-18 06:53:26.404</Data><Data Name='ProcessGuid'>{5d3d98af-30e6-5ec2-0000-0010495b4a00}</Data><Data Name='ProcessId'>6352</Data><Data Name='Image'>C:\Windows\System32\taskhostw.exe</Data><Data Name='FileVersion'>10.0.18362.387 (WinBuild.160101.0800)</Data><Data Name='Description'>Host Process for Windows Tasks</Data><Data Name='Product'>Microsoft® Windows® Operating System</Data><Data Name='Company'>Microsoft Corporation</Data><Data Name='OriginalFileName'>taskhostw.exe</Data><Data Name='CommandLine'>taskhostw.exe</Data><Data Name='CurrentDirectory'>C:\Windows\system32\</Data><Data Name='User'>DESKTOP-P84STH6\NS</Data><Data Name='LogonGuid'>{5d3d98af-2879-5ec2-0000-00206fe00a00}</Data><Data Name='LogonId'>0xae06f</Data><Data Name='TerminalSessionId'>1</Data><Data Name='IntegrityLevel'>Medium</Data><Data Name='Hashes'>MD5=8AC325C757FA721B272ECEA19EBCF745,SHA256=0BEC3128B241FA533DC5A9D3F62AA41323D205DEFC30DCDE228C5ECC2D1E50A9,IMPHASH=9CB27CAED52CB0AFFB32788922A0D083</Data><Data Name='ParentProcessGuid'>{5d3d98af-27d9-5ec2-0000-001001f30000}</Data><Data Name='ParentProcessId'>1156</Data><Data Name='ParentImage'>C:\Windows\System32\svchost.exe</Data><Data Name='ParentCommandLine'>C:\Windows\system32\svchost.exe -k netsvcs -p -s Schedule</Data></EventData></Event><Event xmlns='http://schemas.microsoft.com/win/2004/08/events/event'><System><Provider Name='Microsoft-Windows-Sysmon' Guid='{5770385f-c22a-43e0-bf4c-06f5698ffbd9}'/><EventID>13</EventID><Version>2</Version><Level>4</Level><Task>13</Task><Opcode>0</Opcode><Keywords>0x8000000000000000</Keywords><TimeCreated SystemTime='2020-05-18T06:53:25.732700100Z'/><EventRecordID>4582</EventRecordID><Correlation/><Execution ProcessID='2480' ThreadID='3260'/><Channel>Microsoft-Windows-Sysmon/Operational</Channel><Computer>DESKTOP-P84STH6</Computer><Security UserID='S-1-5-18'/></System><EventData><Data Name='RuleName'></Data><Data Name='EventType'>SetValue</Data><Data Name='UtcTime'>2020-05-18 06:53:25.708</Data><Data Name='ProcessGuid'>{5d3d98af-27da-5ec2-0000-0010fa1a0100}</Data><Data Name='ProcessId'>1556</Data><Data Name='Image'>C:\Windows\System32\svchost.exe</Data><Data Name='TargetObject'>HKLM\SOFTWARE\Microsoft\Windows NT\CurrentVersion\NetworkList\Profiles\{D5CE016D-04BB-463B-B71D-DDD7DE9BDC5C}\DateLastConnected</Data><Data Name='Details'>Binary Data</Data></EventData></Event><Event xmlns='http://schemas.microsoft.com/win/2004/08/events/event'><System><Provider Name='Microsoft-Windows-Sysmon' Guid='{5770385f-c22a-43e0-bf4c-06f5698ffbd9}'/><EventID>22</EventID><Version>5</Version><Level>4</Level><Task>22</Task><Opcode>0</Opcode><Keywords>0x8000000000000000</Keywords><TimeCreated SystemTime='2020-05-18T06:53:25.714488400Z'/><EventRecordID>4581</EventRecordID><Correlation/><Execution ProcessID='2480' ThreadID='2496'/><Channel>Microsoft-Windows-Sysmon/Operational</Channel><Computer>DESKTOP-P84STH6</Computer><Security UserID='S-1-5-18'/></System><EventData><Data Name='RuleName'></Data><Data Name='UtcTime'>2020-05-18 06:53:24.750</Data><Data Name='ProcessGuid'>{5d3d98af-2942-5ec2-0000-00100ad31d00}</Data><Data Name='ProcessId'>6552</Data><Data Name='QueryName'>btfeqxgx</Data><Data Name='QueryStatus'>123</Data><Data Name='QueryResults'></Data><Data Name='Image'>C:\Program Files (x86)\Google\Chrome\Application\chrome.exe</Data></EventData></Event><Event xmlns='http://schemas.microsoft.com/win/2004/08/events/event'><System><Provider Name='Microsoft-Windows-Sysmon' Guid='{5770385f-c22a-43e0-bf4c-06f5698ffbd9}'/><EventID>22</EventID><Version>5</Version><Level>4</Level><Task>22</Task><Opcode>0</Opcode><Keywords>0x8000000000000000</Keywords><TimeCreated SystemTime='2020-05-18T06:53:25.714397900Z'/><EventRecordID>4580</EventRecordID><Correlation/><Execution ProcessID='2480' ThreadID='2496'/><Channel>Microsoft-Windows-Sysmon/Operational</Channel><Computer>DESKTOP-P84STH6</Computer><Security UserID='S-1-5-18'/></System><EventData><Data Name='RuleName'></Data><Data Name='UtcTime'>2020-05-18 06:53:24.750</Data><Data Name='ProcessGuid'>{5d3d98af-2942-5ec2-0000-00100ad31d00}</Data><Data Name='ProcessId'>6552</Data><Data Name='QueryName'>qwxpspgwkgglq</Data><Data Name='QueryStatus'>123</Data><Data Name='QueryResults'></Data><Data Name='Image'>C:\Program Files (x86)\Google\Chrome\Application\chrome.exe</Data></EventData></Event><Event xmlns='http://schemas.microsoft.com/win/2004/08/events/event'><System><Provider Name='Microsoft-Windows-Sysmon' Guid='{5770385f-c22a-43e0-bf4c-06f5698ffbd9}'/><EventID>22</EventID><Version>5</Version><Level>4</Level><Task>22</Task><Opcode>0</Opcode><Keywords>0x8000000000000000</Keywords><TimeCreated SystemTime='2020-05-18T06:53:25.714270300Z'/><EventRecordID>4579</EventRecordID><Correlation/><Execution ProcessID='2480' ThreadID='2496'/><Channel>Microsoft-Windows-Sysmon/Operational</Channel><Computer>DESKTOP-P84STH6</Computer><Security UserID='S-1-5-18'/></System><EventData><Data Name='RuleName'></Data><Data Name='UtcTime'>2020-05-18 06:53:24.750</Data><Data Name='ProcessGuid'>{5d3d98af-2942-5ec2-0000-00100ad31d00}</Data><Data Name='ProcessId'>6552</Data><Data Name='QueryName'>tgjvouo</Data><Data Name='QueryStatus'>123</Data><Data Name='QueryResults'></Data><Data Name='Image'>C:\Program Files (x86)\Google\Chrome\Application\chrome.exe</Data></EventData></Event><Event xmlns='http://schemas.microsoft.com/win/2004/08/events/event'><System><Provider Name='Microsoft-Windows-Sysmon' Guid='{5770385f-c22a-43e0-bf4c-06f5698ffbd9}'/><EventID>22</EventID><Version>5</Version><Level>4</Level><Task>22</Task><Opcode>0</Opcode><Keywords>0x8000000000000000</Keywords><TimeCreated SystemTime='2020-05-18T06:53:23.543055200Z'/><EventRecordID>4578</EventRecordID><Correlation/><Execution ProcessID='2480' ThreadID='2496'/><Channel>Microsoft-Windows-Sysmon/Operational</Channel><Computer>DESKTOP-P84STH6</Computer><Security UserID='S-1-5-18'/></System><EventData><Data Name='RuleName'></Data><Data Name='UtcTime'>2020-05-18 06:53:22.566</Data><Data Name='ProcessGuid'>{5d3d98af-27db-5ec2-0000-00103f5c0100}</Data><Data Name='ProcessId'>1984</Data><Data Name='QueryName'>wpad</Data><Data Name='QueryStatus'>9852</Data><Data Name='QueryResults'></Data><Data Name='Image'>C:\Windows\System32\svchost.exe</Data></EventData></Event><Event xmlns='http://schemas.microsoft.com/win/2004/08/events/event'><System><Provider Name='Microsoft-Windows-Sysmon' Guid='{5770385f-c22a-43e0-bf4c-06f5698ffbd9}'/><EventID>1</EventID><Version>5</Version><Level>4</Level><Task>1</Task><Opcode>0</Opcode><Keywords>0x8000000000000000</Keywords><TimeCreated SystemTime='2020-05-18T06:52:50.004165000Z'/><EventRecordID>4577</EventRecordID><Correlation/><Execution ProcessID='2480' ThreadID='3260'/><Channel>Microsoft-Windows-Sysmon/Operational</Channel><Computer>DESKTOP-P84STH6</Computer><Security UserID='S-1-5-18'/></System><EventData><Data Name='RuleName'></Data><Data Name='UtcTime'>2020-05-18 06:52:49.996</Data><Data Name='ProcessGuid'>{5d3d98af-30c1-5ec2-0000-0010b68a4900}</Data><Data Name='ProcessId'>920</Data><Data Name='Image'>C:\Windows\System32\svchost.exe</Data><Data Name='FileVersion'>10.0.18362.1 (WinBuild.160101.0800)</Data><Data Name='Description'>Host Process for Windows Services</Data><Data Name='Product'>Microsoft® Windows® Operating System</Data><Data Name='Company'>Microsoft Corporation</Data><Data Name='OriginalFileName'>svchost.exe</Data><Data Name='CommandLine'>C:\Windows\System32\svchost.exe -k LocalSystemNetworkRestricted -p -s DsSvc</Data><Data Name='CurrentDirectory'>C:\Windows\system32\</Data><Data Name='User'>NT AUTHORITY\SYSTEM</Data><Data Name='LogonGuid'>{5d3d98af-27d7-5ec2-0000-0020e7030000}</Data><Data Name='LogonId'>0x3e7</Data><Data Name='TerminalSessionId'>0</Data><Data Name='IntegrityLevel'>System</Data><Data Name='Hashes'>MD5=9520A99E77D6196D0D09833146424113,SHA256=DD191A5B23DF92E12A8852291F9FB5ED594B76A28A5A464418442584AFD1E048,IMPHASH=247B9220E5D9B720A82B2C8B5069AD69</Data><Data Name='ParentProcessGuid'>{5d3d98af-27d6-5ec2-0000-001090590000}</Data><Data Name='ParentProcessId'>588</Data><Data Name='ParentImage'>C:\Windows\System32\services.exe</Data><Data Name='ParentCommandLine'>C:\Windows\system32\services.exe</Data></EventData></Event><Event xmlns='http://schemas.microsoft.com/win/2004/08/events/event'><System><Provider Name='Microsoft-Windows-Sysmon' Guid='{5770385f-c22a-43e0-bf4c-06f5698ffbd9}'/><EventID>13</EventID><Version>2</Version><Level>4</Level><Task>13</Task><Opcode>0</Opcode><Keywords>0x8000000000000000</Keywords><TimeCreated SystemTime='2020-05-18T06:52:49.835551100Z'/><EventRecordID>4576</EventRecordID><Correlation/><Execution ProcessID='2480' ThreadID='3260'/><Channel>Microsoft-Windows-Sysmon/Operational</Channel><Computer>DESKTOP-P84STH6</Computer><Security UserID='S-1-5-18'/></System><EventData><Data Name='RuleName'></Data><Data Name='EventType'>SetValue</Data><Data Name='UtcTime'>2020-05-18 06:52:49.819</Data><Data Name='ProcessGuid'>{5d3d98af-30be-5ec2-0000-00103f354900}</Data><Data Name='ProcessId'>6012</Data><Data Name='Image'>C:\Windows\System32\RuntimeBroker.exe</Data><Data Name='TargetObject'>HKU\S-1-5-21-223836497-1760142647-788189203-1001\Software\Microsoft\Windows\CurrentVersion\Shell Extensions\Cached\{A38B883C-1682-497E-97B0-0A3A9E801682} {886D8EEB-8CF2-4446-8D02-CDBA1DBDCF99} 0xFFFF</Data><Data Name='Details'>Binary Data</Data></EventData></Event><Event xmlns='http://schemas.microsoft.com/win/2004/08/events/event'><System><Provider Name='Microsoft-Windows-Sysmon' Guid='{5770385f-c22a-43e0-bf4c-06f5698ffbd9}'/><EventID>1</EventID><Version>5</Version><Level>4</Level><Task>1</Task><Opcode>0</Opcode><Keywords>0x8000000000000000</Keywords><TimeCreated SystemTime='2020-05-18T06:51:43.050296500Z'/><EventRecordID>4575</EventRecordID><Correlation/><Execution ProcessID='2480' ThreadID='3260'/><Channel>Microsoft-Windows-Sysmon/Operational</Channel><Computer>DESKTOP-P84STH6</Computer><Security UserID='S-1-5-18'/></System><EventData><Data Name='RuleName'></Data><Data Name='UtcTime'>2020-05-18 06:51:43.045</Data><Data Name='ProcessGuid'>{5d3d98af-307f-5ec2-0000-0010d5714800}</Data><Data Name='ProcessId'>1708</Data><Data Name='Image'>C:\Windows\System32\sc.exe</Data><Data Name='FileVersion'>10.0.18362.1 (WinBuild.160101.0800)</Data><Data Name='Description'>Service Control Manager Configuration Tool</Data><Data Name='Product'>Microsoft® Windows® Operating System</Data><Data Name='Company'>Microsoft Corporation</Data><Data Name='OriginalFileName'>sc.exe</Data><Data Name='CommandLine'>C:\Windows\system32\sc.exe start wuauserv</Data><Data Name='CurrentDirectory'>C:\Windows\system32\</Data><Data Name='User'>NT AUTHORITY\SYSTEM</Data><Data Name='LogonGuid'>{5d3d98af-27d7-5ec2-0000-0020e7030000}</Data><Data Name='LogonId'>0x3e7</Data><Data Name='TerminalSessionId'>0</Data><Data Name='IntegrityLevel'>System</Data><Data Name='Hashes'>MD5=E46C638010C25479F66BACBE8596CA76,SHA256=39C59C362649090B4D34E5C8221C6E86552C07FE2DF3478D591A68B70917BC0A,IMPHASH=35A7FFDE18D444A92D32C8B2879450FF</Data><Data Name='ParentProcessGuid'>{5d3d98af-27d9-5ec2-0000-001001f30000}</Data><Data Name='ParentProcessId'>1156</Data><Data Name='ParentImage'>C:\Windows\System32\svchost.exe</Data><Data Name='ParentCommandLine'>C:\Windows\system32\svchost.exe -k netsvcs -p -s Schedule</Data></EventData></Event><Event xmlns='http://schemas.microsoft.com/win/2004/08/events/event'><System><Provider Name='Microsoft-Windows-Sysmon' Guid='{5770385f-c22a-43e0-bf4c-06f5698ffbd9}'/><EventID>22</EventID><Version>5</Version><Level>4</Level><Task>22</Task><Opcode>0</Opcode><Keywords>0x8000000000000000</Keywords><TimeCreated SystemTime='2020-05-18T06:49:47.052717300Z'/><EventRecordID>4574</EventRecordID><Correlation/><Execution ProcessID='2480' ThreadID='2496'/><Channel>Microsoft-Windows-Sysmon/Operational</Channel><Computer>DESKTOP-P84STH6</Computer><Security UserID='S-1-5-18'/></System><EventData><Data Name='RuleName'></Data><Data Name='UtcTime'>2020-05-18 06:49:46.099</Data><Data Name='ProcessGuid'>{5d3d98af-2942-5ec2-0000-00100ad31d00}</Data><Data Name='ProcessId'>6552</Data><Data Name='QueryName'>cc.adingo.jp</Data><Data Name='QueryStatus'>0</Data><Data Name='QueryResults'>52.72.195.204;54.85.202.116;34.206.225.118;54.242.44.147;54.164.34.2;100.25.225.218;34.195.91.242;3.225.92.69;</Data><Data Name='Image'>C:\Program Files (x86)\Google\Chrome\Application\chrome.exe</Data></EventData></Event><Event xmlns='http://schemas.microsoft.com/win/2004/08/events/event'><System><Provider Name='Microsoft-Windows-Sysmon' Guid='{5770385f-c22a-43e0-bf4c-06f5698ffbd9}'/><EventID>22</EventID><Version>5</Version><Level>4</Level><Task>22</Task><Opcode>0</Opcode><Keywords>0x8000000000000000</Keywords><TimeCreated SystemTime='2020-05-18T06:49:45.032628900Z'/><EventRecordID>4573</EventRecordID><Correlation/><Execution ProcessID='2480' ThreadID='2496'/><Channel>Microsoft-Windows-Sysmon/Operational</Channel><Computer>DESKTOP-P84STH6</Computer><Security UserID='S-1-5-18'/></System><EventData><Data Name='RuleName'></Data><Data Name='UtcTime'>2020-05-18 06:49:44.266</Data><Data Name='ProcessGuid'>{5d3d98af-2942-5ec2-0000-00100ad31d00}</Data><Data Name='ProcessId'>6552</Data><Data Name='QueryName'>www.banxia.co</Data><Data Name='QueryStatus'>0</Data><Data Name='QueryResults'>104.27.178.60;104.27.179.60;</Data><Data Name='Image'>C:\Program Files (x86)\Google\Chrome\Application\chrome.exe</Data></EventData></Event><Event xmlns='http://schemas.microsoft.com/win/2004/08/events/event'><System><Provider Name='Microsoft-Windows-Sysmon' Guid='{5770385f-c22a-43e0-bf4c-06f5698ffbd9}'/><EventID>22</EventID><Version>5</Version><Level>4</Level><Task>22</Task><Opcode>0</Opcode><Keywords>0x8000000000000000</Keywords><TimeCreated SystemTime='2020-05-18T06:49:45.032473300Z'/><EventRecordID>4572</EventRecordID><Correlation/><Execution ProcessID='2480' ThreadID='2496'/><Channel>Microsoft-Windows-Sysmon/Operational</Channel><Computer>DESKTOP-P84STH6</Computer><Security UserID='S-1-5-18'/></System><EventData><Data Name='RuleName'></Data><Data Name='UtcTime'>2020-05-18 06:49:44.158</Data><Data Name='ProcessGuid'>{5d3d98af-2942-5ec2-0000-00100ad31d00}</Data><Data Name='ProcessId'>6552</Data><Data Name='QueryName'>adservice.google.com.tw</Data><Data Name='QueryStatus'>0</Data><Data Name='QueryResults'>type:  5 pagead46.l.doubleclick.net;172.217.160.66;</Data><Data Name='Image'>C:\Program Files (x86)\Google\Chrome\Application\chrome.exe</Data></EventData></Event><Event xmlns='http://schemas.microsoft.com/win/2004/08/events/event'><System><Provider Name='Microsoft-Windows-Sysmon' Guid='{5770385f-c22a-43e0-bf4c-06f5698ffbd9}'/><EventID>1</EventID><Version>5</Version><Level>4</Level><Task>1</Task><Opcode>0</Opcode><Keywords>0x8000000000000000</Keywords><TimeCreated SystemTime='2020-05-18T06:49:36.172775100Z'/><EventRecordID>4571</EventRecordID><Correlation/><Execution ProcessID='2480' ThreadID='3260'/><Channel>Microsoft-Windows-Sysmon/Operational</Channel><Computer>DESKTOP-P84STH6</Computer><Security UserID='S-1-5-18'/></System><EventData><Data Name='RuleName'></Data><Data Name='UtcTime'>2020-05-18 06:49:36.155</Data><Data Name='ProcessGuid'>{5d3d98af-3000-5ec2-0000-0010e33b4700}</Data><Data Name='ProcessId'>4540</Data><Data Name='Image'>C:\Windows\System32\smartscreen.exe</Data><Data Name='FileVersion'>10.0.18362.836 (WinBuild.160101.0800)</Data><Data Name='Description'>Windows Defender SmartScreen</Data><Data Name='Product'>Microsoft® Windows® Operating System</Data><Data Name='Company'>Microsoft Corporation</Data><Data Name='OriginalFileName'>smartscreen.exe</Data><Data Name='CommandLine'>C:\Windows\System32\smartscreen.exe -Embedding</Data><Data Name='CurrentDirectory'>C:\Windows\system32\</Data><Data Name='User'>DESKTOP-P84STH6\NS</Data><Data Name='LogonGuid'>{5d3d98af-2879-5ec2-0000-00206fe00a00}</Data><Data Name='LogonId'>0xae06f</Data><Data Name='TerminalSessionId'>1</Data><Data Name='IntegrityLevel'>Medium</Data><Data Name='Hashes'>MD5=6033F55F30364319ED5B7E1C6E6C9ED4,SHA256=533A950B1B8A63226573E93604C11C241AB1AE34E1BE47D9919882A1681ACB42,IMPHASH=1CF27DAF6490453338CA3A6A3792FBBF</Data><Data Name='ParentProcessGuid'>{5d3d98af-27d7-5ec2-0000-0010a3710000}</Data><Data Name='ParentProcessId'>784</Data><Data Name='ParentImage'>C:\Windows\System32\svchost.exe</Data><Data Name='ParentCommandLine'>C:\Windows\system32\svchost.exe -k DcomLaunch -p</Data></EventData></Event><Event xmlns='http://schemas.microsoft.com/win/2004/08/events/event'><System><Provider Name='Microsoft-Windows-Sysmon' Guid='{5770385f-c22a-43e0-bf4c-06f5698ffbd9}'/><EventID>1</EventID><Version>5</Version><Level>4</Level><Task>1</Task><Opcode>0</Opcode><Keywords>0x8000000000000000</Keywords><TimeCreated SystemTime='2020-05-18T06:49:36.003912300Z'/><EventRecordID>4570</EventRecordID><Correlation/><Execution ProcessID='2480' ThreadID='3260'/><Channel>Microsoft-Windows-Sysmon/Operational</Channel><Computer>DESKTOP-P84STH6</Computer><Security UserID='S-1-5-18'/></System><EventData><Data Name='RuleName'></Data><Data Name='UtcTime'>2020-05-18 06:49:36.000</Data><Data Name='ProcessGuid'>{5d3d98af-3000-5ec2-0000-00108b2e4700}</Data><Data Name='ProcessId'>3600</Data><Data Name='Image'>C:\Windows\System32\svchost.exe</Data><Data Name='FileVersion'>10.0.18362.1 (WinBuild.160101.0800)</Data><Data Name='Description'>Host Process for Windows Services</Data><Data Name='Product'>Microsoft® Windows® Operating System</Data><Data Name='Company'>Microsoft Corporation</Data><Data Name='OriginalFileName'>svchost.exe</Data><Data Name='CommandLine'>C:\Windows\system32\svchost.exe -k netsvcs -p -s gpsvc</Data><Data Name='CurrentDirectory'>C:\Windows\system32\</Data><Data Name='User'>NT AUTHORITY\SYSTEM</Data><Data Name='LogonGuid'>{5d3d98af-27d7-5ec2-0000-0020e7030000}</Data><Data Name='LogonId'>0x3e7</Data><Data Name='TerminalSessionId'>0</Data><Data Name='IntegrityLevel'>System</Data><Data Name='Hashes'>MD5=9520A99E77D6196D0D09833146424113,SHA256=DD191A5B23DF92E12A8852291F9FB5ED594B76A28A5A464418442584AFD1E048,IMPHASH=247B9220E5D9B720A82B2C8B5069AD69</Data><Data Name='ParentProcessGuid'>{5d3d98af-27d6-5ec2-0000-001090590000}</Data><Data Name='ParentProcessId'>588</Data><Data Name='ParentImage'>C:\Windows\System32\services.exe</Data><Data Name='ParentCommandLine'>C:\Windows\system32\services.exe</Data></EventData></Event><Event xmlns='http://schemas.microsoft.com/win/2004/08/events/event'><System><Provider Name='Microsoft-Windows-Sysmon' Guid='{5770385f-c22a-43e0-bf4c-06f5698ffbd9}'/><EventID>1</EventID><Version>5</Version><Level>4</Level><Task>1</Task><Opcode>0</Opcode><Keywords>0x8000000000000000</Keywords><TimeCreated SystemTime='2020-05-18T06:49:35.833245700Z'/><EventRecordID>4569</EventRecordID><Correlation/><Execution ProcessID='2480' ThreadID='3260'/><Channel>Microsoft-Windows-Sysmon/Operational</Channel><Computer>DESKTOP-P84STH6</Computer><Security UserID='S-1-5-18'/></System><EventData><Data Name='RuleName'></Data><Data Name='UtcTime'>2020-05-18 06:49:35.830</Data><Data Name='ProcessGuid'>{5d3d98af-2fff-5ec2-0000-00103d234700}</Data><Data Name='ProcessId'>4704</Data><Data Name='Image'>C:\Windows\System32\taskhostw.exe</Data><Data Name='FileVersion'>10.0.18362.387 (WinBuild.160101.0800)</Data><Data Name='Description'>Host Process for Windows Tasks</Data><Data Name='Product'>Microsoft® Windows® Operating System</Data><Data Name='Company'>Microsoft Corporation</Data><Data Name='OriginalFileName'>taskhostw.exe</Data><Data Name='CommandLine'>taskhostw.exe -RegisterDevice -ProtectionStateChanged -FreeNetworkOnly</Data><Data Name='CurrentDirectory'>C:\Windows\system32\</Data><Data Name='User'>NT AUTHORITY\SYSTEM</Data><Data Name='LogonGuid'>{5d3d98af-27d7-5ec2-0000-0020e7030000}</Data><Data Name='LogonId'>0x3e7</Data><Data Name='TerminalSessionId'>0</Data><Data Name='IntegrityLevel'>System</Data><Data Name='Hashes'>MD5=8AC325C757FA721B272ECEA19EBCF745,SHA256=0BEC3128B241FA533DC5A9D3F62AA41323D205DEFC30DCDE228C5ECC2D1E50A9,IMPHASH=9CB27CAED52CB0AFFB32788922A0D083</Data><Data Name='ParentProcessGuid'>{5d3d98af-27d9-5ec2-0000-001001f30000}</Data><Data Name='ParentProcessId'>1156</Data><Data Name='ParentImage'>C:\Windows\System32\svchost.exe</Data><Data Name='ParentCommandLine'>C:\Windows\system32\svchost.exe -k netsvcs -p -s Schedule</Data></EventData></Event><Event xmlns='http://schemas.microsoft.com/win/2004/08/events/event'><System><Provider Name='Microsoft-Windows-Sysmon' Guid='{5770385f-c22a-43e0-bf4c-06f5698ffbd9}'/><EventID>22</EventID><Version>5</Version><Level>4</Level><Task>22</Task><Opcode>0</Opcode><Keywords>0x8000000000000000</Keywords><TimeCreated SystemTime='2020-05-18T06:47:26.832940900Z'/><EventRecordID>4568</EventRecordID><Correlation/><Execution ProcessID='2480' ThreadID='2496'/><Channel>Microsoft-Windows-Sysmon/Operational</Channel><Computer>DESKTOP-P84STH6</Computer><Security UserID='S-1-5-18'/></System><EventData><Data Name='RuleName'></Data><Data Name='UtcTime'>2020-05-18 06:47:26.809</Data><Data Name='ProcessGuid'>{5d3d98af-2942-5ec2-0000-00100ad31d00}</Data><Data Name='ProcessId'>6552</Data><Data Name='QueryName'>cc.adingo.jp</Data><Data Name='QueryStatus'>0</Data><Data Name='QueryResults'>34.195.91.242;52.72.195.204;3.225.92.69;54.242.44.147;34.206.225.118;3.217.164.228;100.25.225.218;54.85.202.116;</Data><Data Name='Image'>C:\Program Files (x86)\Google\Chrome\Application\chrome.exe</Data></EventData></Event><Event xmlns='http://schemas.microsoft.com/win/2004/08/events/event'><System><Provider Name='Microsoft-Windows-Sysmon' Guid='{5770385f-c22a-43e0-bf4c-06f5698ffbd9}'/><EventID>22</EventID><Version>5</Version><Level>4</Level><Task>22</Task><Opcode>0</Opcode><Keywords>0x8000000000000000</Keywords><TimeCreated SystemTime='2020-05-18T06:47:26.832852800Z'/><EventRecordID>4567</EventRecordID><Correlation/><Execution ProcessID='2480' ThreadID='2496'/><Channel>Microsoft-Windows-Sysmon/Operational</Channel><Computer>DESKTOP-P84STH6</Computer><Security UserID='S-1-5-18'/></System><EventData><Data Name='RuleName'></Data><Data Name='UtcTime'>2020-05-18 06:47:26.807</Data><Data Name='ProcessGuid'>{5d3d98af-2942-5ec2-0000-00100ad31d00}</Data><Data Name='ProcessId'>6552</Data><Data Name='QueryName'>d.agkn.com</Data><Data Name='QueryStatus'>0</Data><Data Name='QueryResults'>type:  5 data.agkn.com;type:  5 d2ctznuk6ro1vp.cloudfront.net;13.35.7.30;13.35.7.15;13.35.7.52;13.35.7.92;</Data><Data Name='Image'>C:\Program Files (x86)\Google\Chrome\Application\chrome.exe</Data></EventData></Event><Event xmlns='http://schemas.microsoft.com/win/2004/08/events/event'><System><Provider Name='Microsoft-Windows-Sysmon' Guid='{5770385f-c22a-43e0-bf4c-06f5698ffbd9}'/><EventID>22</EventID><Version>5</Version><Level>4</Level><Task>22</Task><Opcode>0</Opcode><Keywords>0x8000000000000000</Keywords><TimeCreated SystemTime='2020-05-18T06:43:12.933560200Z'/><EventRecordID>4566</EventRecordID><Correlation/><Execution ProcessID='2480' ThreadID='2496'/><Channel>Microsoft-Windows-Sysmon/Operational</Channel><Computer>DESKTOP-P84STH6</Computer><Security UserID='S-1-5-18'/></System><EventData><Data Name='RuleName'></Data><Data Name='UtcTime'>2020-05-18 06:43:12.468</Data><Data Name='ProcessGuid'>{5d3d98af-2942-5ec2-0000-00100ad31d00}</Data><Data Name='ProcessId'>6552</Data><Data Name='QueryName'>sync-dsp.ad-m.asia</Data><Data Name='QueryStatus'>0</Data><Data Name='QueryResults'>202.131.200.84;</Data><Data Name='Image'>C:\Program Files (x86)\Google\Chrome\Application\chrome.exe</Data></EventData></Event><Event xmlns='http://schemas.microsoft.com/win/2004/08/events/event'><System><Provider Name='Microsoft-Windows-Sysmon' Guid='{5770385f-c22a-43e0-bf4c-06f5698ffbd9}'/><EventID>22</EventID><Version>5</Version><Level>4</Level><Task>22</Task><Opcode>0</Opcode><Keywords>0x8000000000000000</Keywords><TimeCreated SystemTime='2020-05-18T06:43:12.933384900Z'/><EventRecordID>4565</EventRecordID><Correlation/><Execution ProcessID='2480' ThreadID='2496'/><Channel>Microsoft-Windows-Sysmon/Operational</Channel><Computer>DESKTOP-P84STH6</Computer><Security UserID='S-1-5-18'/></System><EventData><Data Name='RuleName'></Data><Data Name='UtcTime'>2020-05-18 06:43:11.882</Data><Data Name='ProcessGuid'>{5d3d98af-2942-5ec2-0000-00100ad31d00}</Data><Data Name='ProcessId'>6552</Data><Data Name='QueryName'>cc.adingo.jp</Data><Data Name='QueryStatus'>0</Data><Data Name='QueryResults'>34.195.91.242;100.25.225.218;3.217.164.228;3.225.92.69;52.72.195.204;54.164.34.2;54.242.44.147;54.85.202.116;</Data><Data Name='Image'>C:\Program Files (x86)\Google\Chrome\Application\chrome.exe</Data></EventData></Event><Event xmlns='http://schemas.microsoft.com/win/2004/08/events/event'><System><Provider Name='Microsoft-Windows-Sysmon' Guid='{5770385f-c22a-43e0-bf4c-06f5698ffbd9}'/><EventID>22</EventID><Version>5</Version><Level>4</Level><Task>22</Task><Opcode>0</Opcode><Keywords>0x8000000000000000</Keywords><TimeCreated SystemTime='2020-05-18T06:43:11.919519000Z'/><EventRecordID>4564</EventRecordID><Correlation/><Execution ProcessID='2480' ThreadID='2496'/><Channel>Microsoft-Windows-Sysmon/Operational</Channel><Computer>DESKTOP-P84STH6</Computer><Security UserID='S-1-5-18'/></System><EventData><Data Name='RuleName'></Data><Data Name='UtcTime'>2020-05-18 06:43:11.679</Data><Data Name='ProcessGuid'>{5d3d98af-2942-5ec2-0000-00100ad31d00}</Data><Data Name='ProcessId'>6552</Data><Data Name='QueryName'>d.agkn.com</Data><Data Name='QueryStatus'>0</Data><Data Name='QueryResults'>type:  5 data.agkn.com;type:  5 d2ctznuk6ro1vp.cloudfront.net;13.35.7.15;13.35.7.52;13.35.7.30;13.35.7.92;</Data><Data Name='Image'>C:\Program Files (x86)\Google\Chrome\Application\chrome.exe</Data></EventData></Event><Event xmlns='http://schemas.microsoft.com/win/2004/08/events/event'><System><Provider Name='Microsoft-Windows-Sysmon' Guid='{5770385f-c22a-43e0-bf4c-06f5698ffbd9}'/><EventID>1</EventID><Version>5</Version><Level>4</Level><Task>1</Task><Opcode>0</Opcode><Keywords>0x8000000000000000</Keywords><TimeCreated SystemTime='2020-05-18T06:39:35.469690900Z'/><EventRecordID>4563</EventRecordID><Correlation/><Execution ProcessID='2480' ThreadID='3260'/><Channel>Microsoft-Windows-Sysmon/Operational</Channel><Computer>DESKTOP-P84STH6</Computer><Security UserID='S-1-5-18'/></System><EventData><Data Name='RuleName'></Data><Data Name='UtcTime'>2020-05-18 06:39:35.467</Data><Data Name='ProcessGuid'>{5d3d98af-2da7-5ec2-0000-0010a7354100}</Data><Data Name='ProcessId'>1064</Data><Data Name='Image'>C:\ProgramData\Microsoft\Windows Defender\Platform\4.18.2005.4-0\MpCmdRun.exe</Data><Data Name='FileVersion'>4.18.2005.4 (WinBuild.160101.0800)</Data><Data Name='Description'>Microsoft Malware Protection Command Line Utility</Data><Data Name='Product'>Microsoft® Windows® Operating System</Data><Data Name='Company'>Microsoft Corporation</Data><Data Name='OriginalFileName'>MpCmdRun.exe</Data><Data Name='CommandLine'>"C:\ProgramData\Microsoft\Windows Defender\platform\4.18.2005.4-0\MpCmdRun.exe" SignaturesUpdateService -ScheduleJob -UnmanagedUpdate</Data><Data Name='CurrentDirectory'>C:\Windows\system32\</Data><Data Name='User'>NT AUTHORITY\SYSTEM</Data><Data Name='LogonGuid'>{5d3d98af-27d7-5ec2-0000-0020e7030000}</Data><Data Name='LogonId'>0x3e7</Data><Data Name='TerminalSessionId'>0</Data><Data Name='IntegrityLevel'>System</Data><Data Name='Hashes'>MD5=6098F51A806CEE0B1DECAD696ABEF35C,SHA256=7E8F6FF0129CE4ED73F2835916C27D3D89D26A43F8B3E9FEDB7530382A02797C,IMPHASH=F6DF3D838F28802D38226A6C60945DDD</Data><Data Name='ParentProcessGuid'>{5d3d98af-2b4a-5ec2-0000-00107c623a00}</Data><Data Name='ParentProcessId'>6208</Data><Data Name='ParentImage'>C:\ProgramData\Microsoft\Windows Defender\Platform\4.18.2005.4-0\MsMpEng.exe</Data><Data Name='ParentCommandLine'>"C:\ProgramData\Microsoft\Windows Defender\platform\4.18.2005.4-0\MsMpEng.exe"</Data></EventData></Event><Event xmlns='http://schemas.microsoft.com/win/2004/08/events/event'><System><Provider Name='Microsoft-Windows-Sysmon' Guid='{5770385f-c22a-43e0-bf4c-06f5698ffbd9}'/><EventID>1</EventID><Version>5</Version><Level>4</Level><Task>1</Task><Opcode>0</Opcode><Keywords>0x8000000000000000</Keywords><TimeCreated SystemTime='2020-05-18T06:39:35.421231200Z'/><EventRecordID>4562</EventRecordID><Correlation/><Execution ProcessID='2480' ThreadID='3260'/><Channel>Microsoft-Windows-Sysmon/Operational</Channel><Computer>DESKTOP-P84STH6</Computer><Security UserID='S-1-5-18'/></System><EventData><Data Name='RuleName'></Data><Data Name='UtcTime'>2020-05-18 06:39:35.418</Data><Data Name='ProcessGuid'>{5d3d98af-2da7-5ec2-0000-00103a334100}</Data><Data Name='ProcessId'>6244</Data><Data Name='Image'>C:\ProgramData\Microsoft\Windows Defender\Platform\4.18.2005.4-0\MpCmdRun.exe</Data><Data Name='FileVersion'>4.18.2005.4 (WinBuild.160101.0800)</Data><Data Name='Description'>Microsoft Malware Protection Command Line Utility</Data><Data Name='Product'>Microsoft® Windows® Operating System</Data><Data Name='Company'>Microsoft Corporation</Data><Data Name='OriginalFileName'>MpCmdRun.exe</Data><Data Name='CommandLine'>"C:\ProgramData\Microsoft\Windows Defender\platform\4.18.2005.4-0\MpCmdRun.exe" SignatureUpdate -ScheduleJob -RestrictPrivileges -Reinvoke</Data><Data Name='CurrentDirectory'>C:\Windows\system32\</Data><Data Name='User'>NT AUTHORITY\NETWORK SERVICE</Data><Data Name='LogonGuid'>{5d3d98af-27d8-5ec2-0000-0020e4030000}</Data><Data Name='LogonId'>0x3e4</Data><Data Name='TerminalSessionId'>0</Data><Data Name='IntegrityLevel'>System</Data><Data Name='Hashes'>MD5=6098F51A806CEE0B1DECAD696ABEF35C,SHA256=7E8F6FF0129CE4ED73F2835916C27D3D89D26A43F8B3E9FEDB7530382A02797C,IMPHASH=F6DF3D838F28802D38226A6C60945DDD</Data><Data Name='ParentProcessGuid'>{5d3d98af-2da7-5ec2-0000-00100e274100}</Data><Data Name='ParentProcessId'>3144</Data><Data Name='ParentImage'>C:\ProgramData\Microsoft\Windows Defender\Platform\4.18.2005.4-0\MpCmdRun.exe</Data><Data Name='ParentCommandLine'>"C:\ProgramData\Microsoft\Windows Defender\platform\4.18.2005.4-0\MpCmdRun.exe" SignatureUpdate -ScheduleJob -RestrictPrivileges</Data></EventData></Event><Event xmlns='http://schemas.microsoft.com/win/2004/08/events/event'><System><Provider Name='Microsoft-Windows-Sysmon' Guid='{5770385f-c22a-43e0-bf4c-06f5698ffbd9}'/><EventID>1</EventID><Version>5</Version><Level>4</Level><Task>1</Task><Opcode>0</Opcode><Keywords>0x8000000000000000</Keywords><TimeCreated SystemTime='2020-05-18T06:39:35.350379500Z'/><EventRecordID>4561</EventRecordID><Correlation/><Execution ProcessID='2480' ThreadID='3260'/><Channel>Microsoft-Windows-Sysmon/Operational</Channel><Computer>DESKTOP-P84STH6</Computer><Security UserID='S-1-5-18'/></System><EventData><Data Name='RuleName'></Data><Data Name='UtcTime'>2020-05-18 06:39:35.343</Data><Data Name='ProcessGuid'>{5d3d98af-2da7-5ec2-0000-00100e274100}</Data><Data Name='ProcessId'>3144</Data><Data Name='Image'>C:\ProgramData\Microsoft\Windows Defender\Platform\4.18.2005.4-0\MpCmdRun.exe</Data><Data Name='FileVersion'>4.18.2005.4 (WinBuild.160101.0800)</Data><Data Name='Description'>Microsoft Malware Protection Command Line Utility</Data><Data Name='Product'>Microsoft® Windows® Operating System</Data><Data Name='Company'>Microsoft Corporation</Data><Data Name='OriginalFileName'>MpCmdRun.exe</Data><Data Name='CommandLine'>"C:\ProgramData\Microsoft\Windows Defender\platform\4.18.2005.4-0\MpCmdRun.exe" SignatureUpdate -ScheduleJob -RestrictPrivileges</Data><Data Name='CurrentDirectory'>C:\Windows\system32\</Data><Data Name='User'>NT AUTHORITY\SYSTEM</Data><Data Name='LogonGuid'>{5d3d98af-27d7-5ec2-0000-0020e7030000}</Data><Data Name='LogonId'>0x3e7</Data><Data Name='TerminalSessionId'>0</Data><Data Name='IntegrityLevel'>System</Data><Data Name='Hashes'>MD5=6098F51A806CEE0B1DECAD696ABEF35C,SHA256=7E8F6FF0129CE4ED73F2835916C27D3D89D26A43F8B3E9FEDB7530382A02797C,IMPHASH=F6DF3D838F28802D38226A6C60945DDD</Data><Data Name='ParentProcessGuid'>{5d3d98af-2b4a-5ec2-0000-00107c623a00}</Data><Data Name='ParentProcessId'>6208</Data><Data Name='ParentImage'>C:\ProgramData\Microsoft\Windows Defender\Platform\4.18.2005.4-0\MsMpEng.exe</Data><Data Name='ParentCommandLine'>"C:\ProgramData\Microsoft\Windows Defender\platform\4.18.2005.4-0\MsMpEng.exe"</Data></EventData></Event><Event xmlns='http://schemas.microsoft.com/win/2004/08/events/event'><System><Provider Name='Microsoft-Windows-Sysmon' Guid='{5770385f-c22a-43e0-bf4c-06f5698ffbd9}'/><EventID>11</EventID><Version>2</Version><Level>4</Level><Task>11</Task><Opcode>0</Opcode><Keywords>0x8000000000000000</Keywords><TimeCreated SystemTime='2020-05-18T06:39:35.258965300Z'/><EventRecordID>4560</EventRecordID><Correlation/><Execution ProcessID='2480' ThreadID='3260'/><Channel>Microsoft-Windows-Sysmon/Operational</Channel><Computer>DESKTOP-P84STH6</Computer><Security UserID='S-1-5-18'/></System><EventData><Data Name='RuleName'>T1053</Data><Data Name='UtcTime'>2020-05-18 06:39:35.251</Data><Data Name='ProcessGuid'>{5d3d98af-27d9-5ec2-0000-001001f30000}</Data><Data Name='ProcessId'>1156</Data><Data Name='Image'>C:\Windows\system32\svchost.exe</Data><Data Name='TargetFilename'>C:\Windows\System32\Tasks\Microsoft\Windows\Windows Defender\Windows Defender Scheduled Scan</Data><Data Name='CreationUtcTime'>2020-04-18 07:35:04.364</Data></EventData></Event><Event xmlns='http://schemas.microsoft.com/win/2004/08/events/event'><System><Provider Name='Microsoft-Windows-Sysmon' Guid='{5770385f-c22a-43e0-bf4c-06f5698ffbd9}'/><EventID>11</EventID><Version>2</Version><Level>4</Level><Task>11</Task><Opcode>0</Opcode><Keywords>0x8000000000000000</Keywords><TimeCreated SystemTime='2020-05-18T06:39:35.229808400Z'/><EventRecordID>4559</EventRecordID><Correlation/><Execution ProcessID='2480' ThreadID='3260'/><Channel>Microsoft-Windows-Sysmon/Operational</Channel><Computer>DESKTOP-P84STH6</Computer><Security UserID='S-1-5-18'/></System><EventData><Data Name='RuleName'>T1053</Data><Data Name='UtcTime'>2020-05-18 06:39:35.219</Data><Data Name='ProcessGuid'>{5d3d98af-27d9-5ec2-0000-001001f30000}</Data><Data Name='ProcessId'>1156</Data><Data Name='Image'>C:\Windows\system32\svchost.exe</Data><Data Name='TargetFilename'>C:\Windows\System32\Tasks\Microsoft\Windows\Windows Defender\Windows Defender Cleanup</Data><Data Name='CreationUtcTime'>2020-04-18 07:35:04.880</Data></EventData></Event><Event xmlns='http://schemas.microsoft.com/win/2004/08/events/event'><System><Provider Name='Microsoft-Windows-Sysmon' Guid='{5770385f-c22a-43e0-bf4c-06f5698ffbd9}'/><EventID>11</EventID><Version>2</Version><Level>4</Level><Task>11</Task><Opcode>0</Opcode><Keywords>0x8000000000000000</Keywords><TimeCreated SystemTime='2020-05-18T06:39:35.194521100Z'/><EventRecordID>4558</EventRecordID><Correlation/><Execution ProcessID='2480' ThreadID='3260'/><Channel>Microsoft-Windows-Sysmon/Operational</Channel><Computer>DESKTOP-P84STH6</Computer><Security UserID='S-1-5-18'/></System><EventData><Data Name='RuleName'>T1053</Data><Data Name='UtcTime'>2020-05-18 06:39:35.188</Data><Data Name='ProcessGuid'>{5d3d98af-27d9-5ec2-0000-001001f30000}</Data><Data Name='ProcessId'>1156</Data><Data Name='Image'>C:\Windows\system32\svchost.exe</Data><Data Name='TargetFilename'>C:\Windows\System32\Tasks\Microsoft\Windows\Windows Defender\Windows Defender Cache Maintenance</Data><Data Name='CreationUtcTime'>2020-04-18 07:34:52.864</Data></EventData></Event><Event xmlns='http://schemas.microsoft.com/win/2004/08/events/event'><System><Provider Name='Microsoft-Windows-Sysmon' Guid='{5770385f-c22a-43e0-bf4c-06f5698ffbd9}'/><EventID>11</EventID><Version>2</Version><Level>4</Level><Task>11</Task><Opcode>0</Opcode><Keywords>0x8000000000000000</Keywords><TimeCreated SystemTime='2020-05-18T06:39:35.164656700Z'/><EventRecordID>4557</EventRecordID><Correlation/><Execution ProcessID='2480' ThreadID='3260'/><Channel>Microsoft-Windows-Sysmon/Operational</Channel><Computer>DESKTOP-P84STH6</Computer><Security UserID='S-1-5-18'/></System><EventData><Data Name='RuleName'>T1053</Data><Data Name='UtcTime'>2020-05-18 06:39:35.141</Data><Data Name='ProcessGuid'>{5d3d98af-27d9-5ec2-0000-001001f30000}</Data><Data Name='ProcessId'>1156</Data><Data Name='Image'>C:\Windows\system32\svchost.exe</Data><Data Name='TargetFilename'>C:\Windows\System32\Tasks\Microsoft\Windows\Windows Defender\Windows Defender Verification</Data><Data Name='CreationUtcTime'>2020-04-18 07:35:09.521</Data></EventData></Event><Event xmlns='http://schemas.microsoft.com/win/2004/08/events/event'><System><Provider Name='Microsoft-Windows-Sysmon' Guid='{5770385f-c22a-43e0-bf4c-06f5698ffbd9}'/><EventID>1</EventID><Version>5</Version><Level>4</Level><Task>1</Task><Opcode>0</Opcode><Keywords>0x8000000000000000</Keywords><TimeCreated SystemTime='2020-05-18T06:39:23.310480500Z'/><EventRecordID>4556</EventRecordID><Correlation/><Execution ProcessID='2480' ThreadID='3260'/><Channel>Microsoft-Windows-Sysmon/Operational</Channel><Computer>DESKTOP-P84STH6</Computer><Security UserID='S-1-5-18'/></System><EventData><Data Name='RuleName'></Data><Data Name='UtcTime'>2020-05-18 06:39:23.306</Data><Data Name='ProcessGuid'>{5d3d98af-2d9b-5ec2-0000-0010bd0f4100}</Data><Data Name='ProcessId'>1080</Data><Data Name='Image'>C:\Windows\System32\smartscreen.exe</Data><Data Name='FileVersion'>10.0.18362.836 (WinBuild.160101.0800)</Data><Data Name='Description'>Windows Defender SmartScreen</Data><Data Name='Product'>Microsoft® Windows® Operating System</Data><Data Name='Company'>Microsoft Corporation</Data><Data Name='OriginalFileName'>smartscreen.exe</Data><Data Name='CommandLine'>C:\Windows\System32\smartscreen.exe -Embedding</Data><Data Name='CurrentDirectory'>C:\Windows\system32\</Data><Data Name='User'>DESKTOP-P84STH6\NS</Data><Data Name='LogonGuid'>{5d3d98af-2879-5ec2-0000-00206fe00a00}</Data><Data Name='LogonId'>0xae06f</Data><Data Name='TerminalSessionId'>1</Data><Data Name='IntegrityLevel'>Medium</Data><Data Name='Hashes'>MD5=6033F55F30364319ED5B7E1C6E6C9ED4,SHA256=533A950B1B8A63226573E93604C11C241AB1AE34E1BE47D9919882A1681ACB42,IMPHASH=1CF27DAF6490453338CA3A6A3792FBBF</Data><Data Name='ParentProcessGuid'>{5d3d98af-27d7-5ec2-0000-0010a3710000}</Data><Data Name='ParentProcessId'>784</Data><Data Name='ParentImage'>C:\Windows\System32\svchost.exe</Data><Data Name='ParentCommandLine'>C:\Windows\system32\svchost.exe -k DcomLaunch -p</Data></EventData></Event><Event xmlns='http://schemas.microsoft.com/win/2004/08/events/event'><System><Provider Name='Microsoft-Windows-Sysmon' Guid='{5770385f-c22a-43e0-bf4c-06f5698ffbd9}'/><EventID>1</EventID><Version>5</Version><Level>4</Level><Task>1</Task><Opcode>0</Opcode><Keywords>0x8000000000000000</Keywords><TimeCreated SystemTime='2020-05-18T06:39:23.012491200Z'/><EventRecordID>4555</EventRecordID><Correlation/><Execution ProcessID='2480' ThreadID='3260'/><Channel>Microsoft-Windows-Sysmon/Operational</Channel><Computer>DESKTOP-P84STH6</Computer><Security UserID='S-1-5-18'/></System><EventData><Data Name='RuleName'></Data><Data Name='UtcTime'>2020-05-18 06:39:23.009</Data><Data Name='ProcessGuid'>{5d3d98af-2d9b-5ec2-0000-0010fef94000}</Data><Data Name='ProcessId'>1636</Data><Data Name='Image'>C:\Windows\System32\taskhostw.exe</Data><Data Name='FileVersion'>10.0.18362.387 (WinBuild.160101.0800)</Data><Data Name='Description'>Host Process for Windows Tasks</Data><Data Name='Product'>Microsoft® Windows® Operating System</Data><Data Name='Company'>Microsoft Corporation</Data><Data Name='OriginalFileName'>taskhostw.exe</Data><Data Name='CommandLine'>taskhostw.exe -RegisterDevice -ProtectionStateChanged -FreeNetworkOnly</Data><Data Name='CurrentDirectory'>C:\Windows\system32\</Data><Data Name='User'>NT AUTHORITY\SYSTEM</Data><Data Name='LogonGuid'>{5d3d98af-27d7-5ec2-0000-0020e7030000}</Data><Data Name='LogonId'>0x3e7</Data><Data Name='TerminalSessionId'>0</Data><Data Name='IntegrityLevel'>System</Data><Data Name='Hashes'>MD5=8AC325C757FA721B272ECEA19EBCF745,SHA256=0BEC3128B241FA533DC5A9D3F62AA41323D205DEFC30DCDE228C5ECC2D1E50A9,IMPHASH=9CB27CAED52CB0AFFB32788922A0D083</Data><Data Name='ParentProcessGuid'>{5d3d98af-27d9-5ec2-0000-001001f30000}</Data><Data Name='ParentProcessId'>1156</Data><Data Name='ParentImage'>C:\Windows\System32\svchost.exe</Data><Data Name='ParentCommandLine'>C:\Windows\system32\svchost.exe -k netsvcs -p -s Schedule</Data></EventData></Event>