<Event xmlns='http://schemas.microsoft.com/win/2004/08/events/event'><System><Provider Name='Microsoft-Windows-Sysmon' Guid='{5770385f-c22a-43e0-bf4c-06f5698ffbd9}'/><EventID>13</EventID><Version>2</Version><Level>4</Level><Task>13</Task><Opcode>0</Opcode><Keywords>0x8000000000000000</Keywords><TimeCreated SystemTime='2020-05-18T06:20:41.348648400Z'/><EventRecordID>4355</EventRecordID><Correlation/><Execution ProcessID='2480' ThreadID='3260'/><Channel>Microsoft-Windows-Sysmon/Operational</Channel><Computer>DESKTOP-P84STH6</Computer><Security UserID='S-1-5-18'/></System><EventData><Data Name='RuleName'>Suspicious,ImageBeginWithBackslash</Data><Data Name='EventType'>SetValue</Data><Data Name='UtcTime'>2020-05-18 06:20:41.346</Data><Data Name='ProcessGuid'>{5d3d98af-28d0-5ec2-0000-0010b7041300}</Data><Data Name='ProcessId'>5688</Data><Data Name='Image'>\\?\C:\Windows\system32\wbem\WMIADAP.EXE</Data><Data Name='TargetObject'>HKLM\SOFTWARE\Microsoft\Wbem\PROVIDERS\Performance\Performance Data</Data><Data Name='Details'>Binary Data</Data></EventData></Event><Event xmlns='http://schemas.microsoft.com/win/2004/08/events/event'><System><Provider Name='Microsoft-Windows-Sysmon' Guid='{5770385f-c22a-43e0-bf4c-06f5698ffbd9}'/><EventID>12</EventID><Version>2</Version><Level>4</Level><Task>12</Task><Opcode>0</Opcode><Keywords>0x8000000000000000</Keywords><TimeCreated SystemTime='2020-05-18T06:20:36.632413000Z'/><EventRecordID>4354</EventRecordID><Correlation/><Execution ProcessID='2480' ThreadID='3260'/><Channel>Microsoft-Windows-Sysmon/Operational</Channel><Computer>DESKTOP-P84STH6</Computer><Security UserID='S-1-5-18'/></System><EventData><Data Name='RuleName'>Suspicious,ImageBeginWithBackslash</Data><Data Name='EventType'>DeleteValue</Data><Data Name='UtcTime'>2020-05-18 06:20:36.609</Data><Data Name='ProcessGuid'>{5d3d98af-28d0-5ec2-0000-0010b7041300}</Data><Data Name='ProcessId'>5688</Data><Data Name='Image'>\\?\C:\Windows\system32\wbem\WMIADAP.EXE</Data><Data Name='TargetObject'>HKLM\SOFTWARE\Microsoft\Windows NT\CurrentVersion\Perflib\Updating</Data></EventData></Event><Event xmlns='http://schemas.microsoft.com/win/2004/08/events/event'><System><Provider Name='Microsoft-Windows-Sysmon' Guid='{5770385f-c22a-43e0-bf4c-06f5698ffbd9}'/><EventID>13</EventID><Version>2</Version><Level>4</Level><Task>13</Task><Opcode>0</Opcode><Keywords>0x8000000000000000</Keywords><TimeCreated SystemTime='2020-05-18T06:20:36.632343100Z'/><EventRecordID>4353</EventRecordID><Correlation/><Execution ProcessID='2480' ThreadID='3260'/><Channel>Microsoft-Windows-Sysmon/Operational</Channel><Computer>DESKTOP-P84STH6</Computer><Security UserID='S-1-5-18'/></System><EventData><Data Name='RuleName'>Suspicious,ImageBeginWithBackslash</Data><Data Name='EventType'>SetValue</Data><Data Name='UtcTime'>2020-05-18 06:20:36.609</Data><Data Name='ProcessGuid'>{5d3d98af-28d0-5ec2-0000-0010b7041300}</Data><Data Name='ProcessId'>5688</Data><Data Name='Image'>\\?\C:\Windows\system32\wbem\WMIADAP.EXE</Data><Data Name='TargetObject'>HKLM\System\CurrentControlSet\Services\WmiApRpl\Performance\Object List</Data><Data Name='Details'>10924 10930 10940 10950 10970 11014 11024 11062 11068 11084</Data></EventData></Event><Event xmlns='http://schemas.microsoft.com/win/2004/08/events/event'><System><Provider Name='Microsoft-Windows-Sysmon' Guid='{5770385f-c22a-43e0-bf4c-06f5698ffbd9}'/><EventID>13</EventID><Version>2</Version><Level>4</Level><Task>13</Task><Opcode>0</Opcode><Keywords>0x8000000000000000</Keywords><TimeCreated SystemTime='2020-05-18T06:20:36.632275000Z'/><EventRecordID>4352</EventRecordID><Correlation/><Execution ProcessID='2480' ThreadID='3260'/><Channel>Microsoft-Windows-Sysmon/Operational</Channel><Computer>DESKTOP-P84STH6</Computer><Security UserID='S-1-5-18'/></System><EventData><Data Name='RuleName'>Suspicious,ImageBeginWithBackslash</Data><Data Name='EventType'>SetValue</Data><Data Name='UtcTime'>2020-05-18 06:20:36.609</Data><Data Name='ProcessGuid'>{5d3d98af-28d0-5ec2-0000-0010b7041300}</Data><Data Name='ProcessId'>5688</Data><Data Name='Image'>\\?\C:\Windows\system32\wbem\WMIADAP.EXE</Data><Data Name='TargetObject'>HKLM\System\CurrentControlSet\Services\WmiApRpl\Performance\First Help</Data><Data Name='Details'>DWORD (0x00002aad)</Data></EventData></Event><Event xmlns='http://schemas.microsoft.com/win/2004/08/events/event'><System><Provider Name='Microsoft-Windows-Sysmon' Guid='{5770385f-c22a-43e0-bf4c-06f5698ffbd9}'/><EventID>13</EventID><Version>2</Version><Level>4</Level><Task>13</Task><Opcode>0</Opcode><Keywords>0x8000000000000000</Keywords><TimeCreated SystemTime='2020-05-18T06:20:36.632207300Z'/><EventRecordID>4351</EventRecordID><Correlation/><Execution ProcessID='2480' ThreadID='3260'/><Channel>Microsoft-Windows-Sysmon/Operational</Channel><Computer>DESKTOP-P84STH6</Computer><Security UserID='S-1-5-18'/></System><EventData><Data Name='RuleName'>Suspicious,ImageBeginWithBackslash</Data><Data Name='EventType'>SetValue</Data><Data Name='UtcTime'>2020-05-18 06:20:36.609</Data><Data Name='ProcessGuid'>{5d3d98af-28d0-5ec2-0000-0010b7041300}</Data><Data Name='ProcessId'>5688</Data><Data Name='Image'>\\?\C:\Windows\system32\wbem\WMIADAP.EXE</Data><Data Name='TargetObject'>HKLM\System\CurrentControlSet\Services\WmiApRpl\Performance\First Counter</Data><Data Name='Details'>DWORD (0x00002aac)</Data></EventData></Event><Event xmlns='http://schemas.microsoft.com/win/2004/08/events/event'><System><Provider Name='Microsoft-Windows-Sysmon' Guid='{5770385f-c22a-43e0-bf4c-06f5698ffbd9}'/><EventID>13</EventID><Version>2</Version><Level>4</Level><Task>13</Task><Opcode>0</Opcode><Keywords>0x8000000000000000</Keywords><TimeCreated SystemTime='2020-05-18T06:20:36.632138700Z'/><EventRecordID>4350</EventRecordID><Correlation/><Execution ProcessID='2480' ThreadID='3260'/><Channel>Microsoft-Windows-Sysmon/Operational</Channel><Computer>DESKTOP-P84STH6</Computer><Security UserID='S-1-5-18'/></System><EventData><Data Name='RuleName'>Suspicious,ImageBeginWithBackslash</Data><Data Name='EventType'>SetValue</Data><Data Name='UtcTime'>2020-05-18 06:20:36.609</Data><Data Name='ProcessGuid'>{5d3d98af-28d0-5ec2-0000-0010b7041300}</Data><Data Name='ProcessId'>5688</Data><Data Name='Image'>\\?\C:\Windows\system32\wbem\WMIADAP.EXE</Data><Data Name='TargetObject'>HKLM\System\CurrentControlSet\Services\WmiApRpl\Performance\Last Help</Data><Data Name='Details'>DWORD (0x00002b53)</Data></EventData></Event><Event xmlns='http://schemas.microsoft.com/win/2004/08/events/event'><System><Provider Name='Microsoft-Windows-Sysmon' Guid='{5770385f-c22a-43e0-bf4c-06f5698ffbd9}'/><EventID>13</EventID><Version>2</Version><Level>4</Level><Task>13</Task><Opcode>0</Opcode><Keywords>0x8000000000000000</Keywords><TimeCreated SystemTime='2020-05-18T06:20:36.632063800Z'/><EventRecordID>4349</EventRecordID><Correlation/><Execution ProcessID='2480' ThreadID='3260'/><Channel>Microsoft-Windows-Sysmon/Operational</Channel><Computer>DESKTOP-P84STH6</Computer><Security UserID='S-1-5-18'/></System><EventData><Data Name='RuleName'>Suspicious,ImageBeginWithBackslash</Data><Data Name='EventType'>SetValue</Data><Data Name='UtcTime'>2020-05-18 06:20:36.609</Data><Data Name='ProcessGuid'>{5d3d98af-28d0-5ec2-0000-0010b7041300}</Data><Data Name='ProcessId'>5688</Data><Data Name='Image'>\\?\C:\Windows\system32\wbem\WMIADAP.EXE</Data><Data Name='TargetObject'>HKLM\System\CurrentControlSet\Services\WmiApRpl\Performance\Last Counter</Data><Data Name='Details'>DWORD (0x00002b52)</Data></EventData></Event><Event xmlns='http://schemas.microsoft.com/win/2004/08/events/event'><System><Provider Name='Microsoft-Windows-Sysmon' Guid='{5770385f-c22a-43e0-bf4c-06f5698ffbd9}'/><EventID>13</EventID><Version>2</Version><Level>4</Level><Task>13</Task><Opcode>0</Opcode><Keywords>0x8000000000000000</Keywords><TimeCreated SystemTime='2020-05-18T06:20:36.631953000Z'/><EventRecordID>4348</EventRecordID><Correlation/><Execution ProcessID='2480' ThreadID='3260'/><Channel>Microsoft-Windows-Sysmon/Operational</Channel><Computer>DESKTOP-P84STH6</Computer><Security UserID='S-1-5-18'/></System><EventData><Data Name='RuleName'>Suspicious,ImageBeginWithBackslash</Data><Data Name='EventType'>SetValue</Data><Data Name='UtcTime'>2020-05-18 06:20:36.609</Data><Data Name='ProcessGuid'>{5d3d98af-28d0-5ec2-0000-0010b7041300}</Data><Data Name='ProcessId'>5688</Data><Data Name='Image'>\\?\C:\Windows\system32\wbem\WMIADAP.EXE</Data><Data Name='TargetObject'>HKLM\SOFTWARE\Microsoft\Windows NT\CurrentVersion\Perflib\Last Help</Data><Data Name='Details'>DWORD (0x00002b53)</Data></EventData></Event><Event xmlns='http://schemas.microsoft.com/win/2004/08/events/event'><System><Provider Name='Microsoft-Windows-Sysmon' Guid='{5770385f-c22a-43e0-bf4c-06f5698ffbd9}'/><EventID>13</EventID><Version>2</Version><Level>4</Level><Task>13</Task><Opcode>0</Opcode><Keywords>0x8000000000000000</Keywords><TimeCreated SystemTime='2020-05-18T06:20:36.631867700Z'/><EventRecordID>4347</EventRecordID><Correlation/><Execution ProcessID='2480' ThreadID='3260'/><Channel>Microsoft-Windows-Sysmon/Operational</Channel><Computer>DESKTOP-P84STH6</Computer><Security UserID='S-1-5-18'/></System><EventData><Data Name='RuleName'>Suspicious,ImageBeginWithBackslash</Data><Data Name='EventType'>SetValue</Data><Data Name='UtcTime'>2020-05-18 06:20:36.609</Data><Data Name='ProcessGuid'>{5d3d98af-28d0-5ec2-0000-0010b7041300}</Data><Data Name='ProcessId'>5688</Data><Data Name='Image'>\\?\C:\Windows\system32\wbem\WMIADAP.EXE</Data><Data Name='TargetObject'>HKLM\SOFTWARE\Microsoft\Windows NT\CurrentVersion\Perflib\Last Counter</Data><Data Name='Details'>DWORD (0x00002b52)</Data></EventData></Event><Event xmlns='http://schemas.microsoft.com/win/2004/08/events/event'><System><Provider Name='Microsoft-Windows-Sysmon' Guid='{5770385f-c22a-43e0-bf4c-06f5698ffbd9}'/><EventID>13</EventID><Version>2</Version><Level>4</Level><Task>13</Task><Opcode>0</Opcode><Keywords>0x8000000000000000</Keywords><TimeCreated SystemTime='2020-05-18T06:20:36.575165700Z'/><EventRecordID>4346</EventRecordID><Correlation/><Execution ProcessID='2480' ThreadID='3260'/><Channel>Microsoft-Windows-Sysmon/Operational</Channel><Computer>DESKTOP-P84STH6</Computer><Security UserID='S-1-5-18'/></System><EventData><Data Name='RuleName'>Suspicious,ImageBeginWithBackslash</Data><Data Name='EventType'>SetValue</Data><Data Name='UtcTime'>2020-05-18 06:20:36.569</Data><Data Name='ProcessGuid'>{5d3d98af-28d0-5ec2-0000-0010b7041300}</Data><Data Name='ProcessId'>5688</Data><Data Name='Image'>\\?\C:\Windows\system32\wbem\WMIADAP.EXE</Data><Data Name='TargetObject'>HKLM\SOFTWARE\Microsoft\Windows NT\CurrentVersion\Perflib\Updating</Data><Data Name='Details'>WmiApRpl</Data></EventData></Event><Event xmlns='http://schemas.microsoft.com/win/2004/08/events/event'><System><Provider Name='Microsoft-Windows-Sysmon' Guid='{5770385f-c22a-43e0-bf4c-06f5698ffbd9}'/><EventID>13</EventID><Version>2</Version><Level>4</Level><Task>13</Task><Opcode>0</Opcode><Keywords>0x8000000000000000</Keywords><TimeCreated SystemTime='2020-05-18T06:20:36.575092100Z'/><EventRecordID>4345</EventRecordID><Correlation/><Execution ProcessID='2480' ThreadID='3260'/><Channel>Microsoft-Windows-Sysmon/Operational</Channel><Computer>DESKTOP-P84STH6</Computer><Security UserID='S-1-5-18'/></System><EventData><Data Name='RuleName'>Suspicious,ImageBeginWithBackslash</Data><Data Name='EventType'>SetValue</Data><Data Name='UtcTime'>2020-05-18 06:20:36.569</Data><Data Name='ProcessGuid'>{5d3d98af-28d0-5ec2-0000-0010b7041300}</Data><Data Name='ProcessId'>5688</Data><Data Name='Image'>\\?\C:\Windows\system32\wbem\WMIADAP.EXE</Data><Data Name='TargetObject'>HKLM\System\CurrentControlSet\Services\WmiApRpl\Performance\PerfIniFile</Data><Data Name='Details'>WmiApRpl.ini</Data></EventData></Event><Event xmlns='http://schemas.microsoft.com/win/2004/08/events/event'><System><Provider Name='Microsoft-Windows-Sysmon' Guid='{5770385f-c22a-43e0-bf4c-06f5698ffbd9}'/><EventID>12</EventID><Version>2</Version><Level>4</Level><Task>12</Task><Opcode>0</Opcode><Keywords>0x8000000000000000</Keywords><TimeCreated SystemTime='2020-05-18T06:20:36.563103900Z'/><EventRecordID>4344</EventRecordID><Correlation/><Execution ProcessID='2480' ThreadID='3260'/><Channel>Microsoft-Windows-Sysmon/Operational</Channel><Computer>DESKTOP-P84STH6</Computer><Security UserID='S-1-5-18'/></System><EventData><Data Name='RuleName'>Suspicious,ImageBeginWithBackslash</Data><Data Name='EventType'>DeleteValue</Data><Data Name='UtcTime'>2020-05-18 06:20:36.558</Data><Data Name='ProcessGuid'>{5d3d98af-28d0-5ec2-0000-0010b7041300}</Data><Data Name='ProcessId'>5688</Data><Data Name='Image'>\\?\C:\Windows\system32\wbem\WMIADAP.EXE</Data><Data Name='TargetObject'>HKLM\SOFTWARE\Microsoft\Windows NT\CurrentVersion\Perflib\Updating</Data></EventData></Event><Event xmlns='http://schemas.microsoft.com/win/2004/08/events/event'><System><Provider Name='Microsoft-Windows-Sysmon' Guid='{5770385f-c22a-43e0-bf4c-06f5698ffbd9}'/><EventID>12</EventID><Version>2</Version><Level>4</Level><Task>12</Task><Opcode>0</Opcode><Keywords>0x8000000000000000</Keywords><TimeCreated SystemTime='2020-05-18T06:20:36.563036900Z'/><EventRecordID>4343</EventRecordID><Correlation/><Execution ProcessID='2480' ThreadID='3260'/><Channel>Microsoft-Windows-Sysmon/Operational</Channel><Computer>DESKTOP-P84STH6</Computer><Security UserID='S-1-5-18'/></System><EventData><Data Name='RuleName'>Suspicious,ImageBeginWithBackslash</Data><Data Name='EventType'>DeleteValue</Data><Data Name='UtcTime'>2020-05-18 06:20:36.558</Data><Data Name='ProcessGuid'>{5d3d98af-28d0-5ec2-0000-0010b7041300}</Data><Data Name='ProcessId'>5688</Data><Data Name='Image'>\\?\C:\Windows\system32\wbem\WMIADAP.EXE</Data><Data Name='TargetObject'>HKLM\System\CurrentControlSet\Services\WmiApRpl\Performance\Object List</Data></EventData></Event><Event xmlns='http://schemas.microsoft.com/win/2004/08/events/event'><System><Provider Name='Microsoft-Windows-Sysmon' Guid='{5770385f-c22a-43e0-bf4c-06f5698ffbd9}'/><EventID>12</EventID><Version>2</Version><Level>4</Level><Task>12</Task><Opcode>0</Opcode><Keywords>0x8000000000000000</Keywords><TimeCreated SystemTime='2020-05-18T06:20:36.562965700Z'/><EventRecordID>4342</EventRecordID><Correlation/><Execution ProcessID='2480' ThreadID='3260'/><Channel>Microsoft-Windows-Sysmon/Operational</Channel><Computer>DESKTOP-P84STH6</Computer><Security UserID='S-1-5-18'/></System><EventData><Data Name='RuleName'>Suspicious,ImageBeginWithBackslash</Data><Data Name='EventType'>DeleteValue</Data><Data Name='UtcTime'>2020-05-18 06:20:36.558</Data><Data Name='ProcessGuid'>{5d3d98af-28d0-5ec2-0000-0010b7041300}</Data><Data Name='ProcessId'>5688</Data><Data Name='Image'>\\?\C:\Windows\system32\wbem\WMIADAP.EXE</Data><Data Name='TargetObject'>HKLM\System\CurrentControlSet\Services\WmiApRpl\Performance\Last Help</Data></EventData></Event><Event xmlns='http://schemas.microsoft.com/win/2004/08/events/event'><System><Provider Name='Microsoft-Windows-Sysmon' Guid='{5770385f-c22a-43e0-bf4c-06f5698ffbd9}'/><EventID>12</EventID><Version>2</Version><Level>4</Level><Task>12</Task><Opcode>0</Opcode><Keywords>0x8000000000000000</Keywords><TimeCreated SystemTime='2020-05-18T06:20:36.562881000Z'/><EventRecordID>4341</EventRecordID><Correlation/><Execution ProcessID='2480' ThreadID='3260'/><Channel>Microsoft-Windows-Sysmon/Operational</Channel><Computer>DESKTOP-P84STH6</Computer><Security UserID='S-1-5-18'/></System><EventData><Data Name='RuleName'>Suspicious,ImageBeginWithBackslash</Data><Data Name='EventType'>DeleteValue</Data><Data Name='UtcTime'>2020-05-18 06:20:36.558</Data><Data Name='ProcessGuid'>{5d3d98af-28d0-5ec2-0000-0010b7041300}</Data><Data Name='ProcessId'>5688</Data><Data Name='Image'>\\?\C:\Windows\system32\wbem\WMIADAP.EXE</Data><Data Name='TargetObject'>HKLM\System\CurrentControlSet\Services\WmiApRpl\Performance\First Help</Data></EventData></Event><Event xmlns='http://schemas.microsoft.com/win/2004/08/events/event'><System><Provider Name='Microsoft-Windows-Sysmon' Guid='{5770385f-c22a-43e0-bf4c-06f5698ffbd9}'/><EventID>12</EventID><Version>2</Version><Level>4</Level><Task>12</Task><Opcode>0</Opcode><Keywords>0x8000000000000000</Keywords><TimeCreated SystemTime='2020-05-18T06:20:36.562784800Z'/><EventRecordID>4340</EventRecordID><Correlation/><Execution ProcessID='2480' ThreadID='3260'/><Channel>Microsoft-Windows-Sysmon/Operational</Channel><Computer>DESKTOP-P84STH6</Computer><Security UserID='S-1-5-18'/></System><EventData><Data Name='RuleName'>Suspicious,ImageBeginWithBackslash</Data><Data Name='EventType'>DeleteValue</Data><Data Name='UtcTime'>2020-05-18 06:20:36.558</Data><Data Name='ProcessGuid'>{5d3d98af-28d0-5ec2-0000-0010b7041300}</Data><Data Name='ProcessId'>5688</Data><Data Name='Image'>\\?\C:\Windows\system32\wbem\WMIADAP.EXE</Data><Data Name='TargetObject'>HKLM\System\CurrentControlSet\Services\WmiApRpl\Performance\Last Counter</Data></EventData></Event><Event xmlns='http://schemas.microsoft.com/win/2004/08/events/event'><System><Provider Name='Microsoft-Windows-Sysmon' Guid='{5770385f-c22a-43e0-bf4c-06f5698ffbd9}'/><EventID>12</EventID><Version>2</Version><Level>4</Level><Task>12</Task><Opcode>0</Opcode><Keywords>0x8000000000000000</Keywords><TimeCreated SystemTime='2020-05-18T06:20:36.562716900Z'/><EventRecordID>4339</EventRecordID><Correlation/><Execution ProcessID='2480' ThreadID='3260'/><Channel>Microsoft-Windows-Sysmon/Operational</Channel><Computer>DESKTOP-P84STH6</Computer><Security UserID='S-1-5-18'/></System><EventData><Data Name='RuleName'>Suspicious,ImageBeginWithBackslash</Data><Data Name='EventType'>DeleteValue</Data><Data Name='UtcTime'>2020-05-18 06:20:36.558</Data><Data Name='ProcessGuid'>{5d3d98af-28d0-5ec2-0000-0010b7041300}</Data><Data Name='ProcessId'>5688</Data><Data Name='Image'>\\?\C:\Windows\system32\wbem\WMIADAP.EXE</Data><Data Name='TargetObject'>HKLM\System\CurrentControlSet\Services\WmiApRpl\Performance\First Counter</Data></EventData></Event><Event xmlns='http://schemas.microsoft.com/win/2004/08/events/event'><System><Provider Name='Microsoft-Windows-Sysmon' Guid='{5770385f-c22a-43e0-bf4c-06f5698ffbd9}'/><EventID>13</EventID><Version>2</Version><Level>4</Level><Task>13</Task><Opcode>0</Opcode><Keywords>0x8000000000000000</Keywords><TimeCreated SystemTime='2020-05-18T06:20:36.562643500Z'/><EventRecordID>4338</EventRecordID><Correlation/><Execution ProcessID='2480' ThreadID='3260'/><Channel>Microsoft-Windows-Sysmon/Operational</Channel><Computer>DESKTOP-P84STH6</Computer><Security UserID='S-1-5-18'/></System><EventData><Data Name='RuleName'>Suspicious,ImageBeginWithBackslash</Data><Data Name='EventType'>SetValue</Data><Data Name='UtcTime'>2020-05-18 06:20:36.558</Data><Data Name='ProcessGuid'>{5d3d98af-28d0-5ec2-0000-0010b7041300}</Data><Data Name='ProcessId'>5688</Data><Data Name='Image'>\\?\C:\Windows\system32\wbem\WMIADAP.EXE</Data><Data Name='TargetObject'>HKLM\SOFTWARE\Microsoft\Windows NT\CurrentVersion\Perflib\Last Help</Data><Data Name='Details'>DWORD (0x00002aab)</Data></EventData></Event><Event xmlns='http://schemas.microsoft.com/win/2004/08/events/event'><System><Provider Name='Microsoft-Windows-Sysmon' Guid='{5770385f-c22a-43e0-bf4c-06f5698ffbd9}'/><EventID>13</EventID><Version>2</Version><Level>4</Level><Task>13</Task><Opcode>0</Opcode><Keywords>0x8000000000000000</Keywords><TimeCreated SystemTime='2020-05-18T06:20:36.562558800Z'/><EventRecordID>4337</EventRecordID><Correlation/><Execution ProcessID='2480' ThreadID='3260'/><Channel>Microsoft-Windows-Sysmon/Operational</Channel><Computer>DESKTOP-P84STH6</Computer><Security UserID='S-1-5-18'/></System><EventData><Data Name='RuleName'>Suspicious,ImageBeginWithBackslash</Data><Data Name='EventType'>SetValue</Data><Data Name='UtcTime'>2020-05-18 06:20:36.558</Data><Data Name='ProcessGuid'>{5d3d98af-28d0-5ec2-0000-0010b7041300}</Data><Data Name='ProcessId'>5688</Data><Data Name='Image'>\\?\C:\Windows\system32\wbem\WMIADAP.EXE</Data><Data Name='TargetObject'>HKLM\SOFTWARE\Microsoft\Windows NT\CurrentVersion\Perflib\Last Counter</Data><Data Name='Details'>DWORD (0x00002aaa)</Data></EventData></Event><Event xmlns='http://schemas.microsoft.com/win/2004/08/events/event'><System><Provider Name='Microsoft-Windows-Sysmon' Guid='{5770385f-c22a-43e0-bf4c-06f5698ffbd9}'/><EventID>13</EventID><Version>2</Version><Level>4</Level><Task>13</Task><Opcode>0</Opcode><Keywords>0x8000000000000000</Keywords><TimeCreated SystemTime='2020-05-18T06:20:36.548690200Z'/><EventRecordID>4336</EventRecordID><Correlation/><Execution ProcessID='2480' ThreadID='3260'/><Channel>Microsoft-Windows-Sysmon/Operational</Channel><Computer>DESKTOP-P84STH6</Computer><Security UserID='S-1-5-18'/></System><EventData><Data Name='RuleName'>Suspicious,ImageBeginWithBackslash</Data><Data Name='EventType'>SetValue</Data><Data Name='UtcTime'>2020-05-18 06:20:36.543</Data><Data Name='ProcessGuid'>{5d3d98af-28d0-5ec2-0000-0010b7041300}</Data><Data Name='ProcessId'>5688</Data><Data Name='Image'>\\?\C:\Windows\system32\wbem\WMIADAP.EXE</Data><Data Name='TargetObject'>HKLM\SOFTWARE\Microsoft\Windows NT\CurrentVersion\Perflib\Updating</Data><Data Name='Details'>WmiApRpl</Data></EventData></Event><Event xmlns='http://schemas.microsoft.com/win/2004/08/events/event'><System><Provider Name='Microsoft-Windows-Sysmon' Guid='{5770385f-c22a-43e0-bf4c-06f5698ffbd9}'/><EventID>1</EventID><Version>5</Version><Level>4</Level><Task>1</Task><Opcode>0</Opcode><Keywords>0x8000000000000000</Keywords><TimeCreated SystemTime='2020-05-18T06:20:31.196553600Z'/><EventRecordID>4335</EventRecordID><Correlation/><Execution ProcessID='2480' ThreadID='3260'/><Channel>Microsoft-Windows-Sysmon/Operational</Channel><Computer>DESKTOP-P84STH6</Computer><Security UserID='S-1-5-18'/></System><EventData><Data Name='RuleName'></Data><Data Name='UtcTime'>2020-05-18 06:20:31.179</Data><Data Name='ProcessGuid'>{5d3d98af-292f-5ec2-0000-001049491d00}</Data><Data Name='ProcessId'>1912</Data><Data Name='Image'>C:\Program Files\Wireshark\dumpcap.exe</Data><Data Name='FileVersion'>3.2.3</Data><Data Name='Description'>Dumpcap</Data><Data Name='Product'>Dumpcap</Data><Data Name='Company'>The Wireshark developer community</Data><Data Name='OriginalFileName'>Dumpcap.exe</Data><Data Name='CommandLine'>"C:\Program Files\Wireshark\dumpcap.exe" -n -i \Device\NPF_{1BF6DE2B-07A9-4FF4-8C4F-79DA555DBF9C} -y EN10MB -Z 7072</Data><Data Name='CurrentDirectory'>C:\Program Files\Wireshark\styles\</Data><Data Name='User'>DESKTOP-P84STH6\NS</Data><Data Name='LogonGuid'>{5d3d98af-2879-5ec2-0000-00206fe00a00}</Data><Data Name='LogonId'>0xae06f</Data><Data Name='TerminalSessionId'>1</Data><Data Name='IntegrityLevel'>Medium</Data><Data Name='Hashes'>MD5=2A801266AB558D2F51333D58F2F3B3B0,SHA256=F74A5A7B97A508E7E241D7A6E77B60F2D3237E55DC74B8684AB5DD87ABF3DBBD,IMPHASH=62C2ADC8A4D23E2D07B7EEB4235EEB0C</Data><Data Name='ParentProcessGuid'>{5d3d98af-2915-5ec2-0000-00100a0b1c00}</Data><Data Name='ParentProcessId'>7072</Data><Data Name='ParentImage'>C:\Program Files\Wireshark\Wireshark.exe</Data><Data Name='ParentCommandLine'>"C:\Program Files\Wireshark\Wireshark.exe" </Data></EventData></Event><Event xmlns='http://schemas.microsoft.com/win/2004/08/events/event'><System><Provider Name='Microsoft-Windows-Sysmon' Guid='{5770385f-c22a-43e0-bf4c-06f5698ffbd9}'/><EventID>11</EventID><Version>2</Version><Level>4</Level><Task>11</Task><Opcode>0</Opcode><Keywords>0x8000000000000000</Keywords><TimeCreated SystemTime='2020-05-18T06:20:16.782672400Z'/><EventRecordID>4334</EventRecordID><Correlation/><Execution ProcessID='2480' ThreadID='3260'/><Channel>Microsoft-Windows-Sysmon/Operational</Channel><Computer>DESKTOP-P84STH6</Computer><Security UserID='S-1-5-18'/></System><EventData><Data Name='RuleName'></Data><Data Name='UtcTime'>2020-05-18 06:20:16.752</Data><Data Name='ProcessGuid'>{5d3d98af-291f-5ec2-0000-001058e51c00}</Data><Data Name='ProcessId'>2880</Data><Data Name='Image'>C:\Program Files\LibreOffice\program\soffice.bin</Data><Data Name='TargetFilename'>C:\Users\NS\AppData\Roaming\LibreOffice\4\user\extensions\tmp\stamp.sys</Data><Data Name='CreationUtcTime'>2020-05-18 06:20:16.752</Data></EventData></Event><Event xmlns='http://schemas.microsoft.com/win/2004/08/events/event'><System><Provider Name='Microsoft-Windows-Sysmon' Guid='{5770385f-c22a-43e0-bf4c-06f5698ffbd9}'/><EventID>11</EventID><Version>2</Version><Level>4</Level><Task>11</Task><Opcode>0</Opcode><Keywords>0x8000000000000000</Keywords><TimeCreated SystemTime='2020-05-18T06:20:16.426471500Z'/><EventRecordID>4333</EventRecordID><Correlation/><Execution ProcessID='2480' ThreadID='3260'/><Channel>Microsoft-Windows-Sysmon/Operational</Channel><Computer>DESKTOP-P84STH6</Computer><Security UserID='S-1-5-18'/></System><EventData><Data Name='RuleName'></Data><Data Name='UtcTime'>2020-05-18 06:20:16.411</Data><Data Name='ProcessGuid'>{5d3d98af-291f-5ec2-0000-001058e51c00}</Data><Data Name='ProcessId'>2880</Data><Data Name='Image'>C:\Program Files\LibreOffice\program\soffice.bin</Data><Data Name='TargetFilename'>C:\Users\NS\AppData\Roaming\LibreOffice\4\user\uno_packages\cache\stamp.sys</Data><Data Name='CreationUtcTime'>2020-05-18 06:20:16.411</Data></EventData></Event><Event xmlns='http://schemas.microsoft.com/win/2004/08/events/event'><System><Provider Name='Microsoft-Windows-Sysmon' Guid='{5770385f-c22a-43e0-bf4c-06f5698ffbd9}'/><EventID>22</EventID><Version>5</Version><Level>4</Level><Task>22</Task><Opcode>0</Opcode><Keywords>0x8000000000000000</Keywords><TimeCreated SystemTime='2020-05-18T06:20:16.120488900Z'/><EventRecordID>4332</EventRecordID><Correlation/><Execution ProcessID='2480' ThreadID='2496'/><Channel>Microsoft-Windows-Sysmon/Operational</Channel><Computer>DESKTOP-P84STH6</Computer><Security UserID='S-1-5-18'/></System><EventData><Data Name='RuleName'></Data><Data Name='UtcTime'>2020-05-18 06:20:11.592</Data><Data Name='ProcessGuid'>{5d3d98af-2915-5ec2-0000-00100a0b1c00}</Data><Data Name='ProcessId'>7072</Data><Data Name='QueryName'>www.wireshark.org</Data><Data Name='QueryStatus'>0</Data><Data Name='QueryResults'>::ffff:104.26.10.240;::ffff:104.26.11.240;</Data><Data Name='Image'>C:\Program Files\Wireshark\Wireshark.exe</Data></EventData></Event><Event xmlns='http://schemas.microsoft.com/win/2004/08/events/event'><System><Provider Name='Microsoft-Windows-Sysmon' Guid='{5770385f-c22a-43e0-bf4c-06f5698ffbd9}'/><EventID>1</EventID><Version>5</Version><Level>4</Level><Task>1</Task><Opcode>0</Opcode><Keywords>0x8000000000000000</Keywords><TimeCreated SystemTime='2020-05-18T06:20:15.539714500Z'/><EventRecordID>4331</EventRecordID><Correlation/><Execution ProcessID='2480' ThreadID='3260'/><Channel>Microsoft-Windows-Sysmon/Operational</Channel><Computer>DESKTOP-P84STH6</Computer><Security UserID='S-1-5-18'/></System><EventData><Data Name='RuleName'></Data><Data Name='UtcTime'>2020-05-18 06:20:15.536</Data><Data Name='ProcessGuid'>{5d3d98af-291f-5ec2-0000-001058e51c00}</Data><Data Name='ProcessId'>2880</Data><Data Name='Image'>C:\Program Files\LibreOffice\program\soffice.bin</Data><Data Name='FileVersion'>6.4.3.2</Data><Data Name='Description'>LibreOffice</Data><Data Name='Product'>LibreOffice</Data><Data Name='Company'>The Document Foundation</Data><Data Name='OriginalFileName'>soffice.bin</Data><Data Name='CommandLine'>"C:\Program Files\LibreOffice\program\soffice.exe" "-env:OOO_CWD=2C:\\Program Files\\LibreOffice"</Data><Data Name='CurrentDirectory'>C:\Program Files\LibreOffice\program\</Data><Data Name='User'>DESKTOP-P84STH6\NS</Data><Data Name='LogonGuid'>{5d3d98af-2879-5ec2-0000-00206fe00a00}</Data><Data Name='LogonId'>0xae06f</Data><Data Name='TerminalSessionId'>1</Data><Data Name='IntegrityLevel'>Medium</Data><Data Name='Hashes'>MD5=A54CE11106949A7C09C89A1D5BDE3A6C,SHA256=EAE863409129250D8233F4BAD3324D84FC2F2104A8214DD236E2B0DA11F3DEB1,IMPHASH=644125BCD0D2433BA8E7B5DD6F754235</Data><Data Name='ParentProcessGuid'>{5d3d98af-2912-5ec2-0000-001037f81b00}</Data><Data Name='ParentProcessId'>7024</Data><Data Name='ParentImage'>C:\Program Files\LibreOffice\program\soffice.exe</Data><Data Name='ParentCommandLine'>"C:\Program Files\LibreOffice\program\soffice.exe" </Data></EventData></Event><Event xmlns='http://schemas.microsoft.com/win/2004/08/events/event'><System><Provider Name='Microsoft-Windows-Sysmon' Guid='{5770385f-c22a-43e0-bf4c-06f5698ffbd9}'/><EventID>1</EventID><Version>5</Version><Level>4</Level><Task>1</Task><Opcode>0</Opcode><Keywords>0x8000000000000000</Keywords><TimeCreated SystemTime='2020-05-18T06:20:14.568554400Z'/><EventRecordID>4330</EventRecordID><Correlation/><Execution ProcessID='2480' ThreadID='3260'/><Channel>Microsoft-Windows-Sysmon/Operational</Channel><Computer>DESKTOP-P84STH6</Computer><Security UserID='S-1-5-18'/></System><EventData><Data Name='RuleName'></Data><Data Name='UtcTime'>2020-05-18 06:20:14.517</Data><Data Name='ProcessGuid'>{5d3d98af-291e-5ec2-0000-001017b61c00}</Data><Data Name='ProcessId'>3312</Data><Data Name='Image'>C:\Program Files\Wireshark\dumpcap.exe</Data><Data Name='FileVersion'>3.2.3</Data><Data Name='Description'>Dumpcap</Data><Data Name='Product'>Dumpcap</Data><Data Name='Company'>The Wireshark developer community</Data><Data Name='OriginalFileName'>Dumpcap.exe</Data><Data Name='CommandLine'>"C:\Program Files\Wireshark\dumpcap.exe" -S -Z 7072.dummy</Data><Data Name='CurrentDirectory'>C:\Program Files\Wireshark\styles\</Data><Data Name='User'>DESKTOP-P84STH6\NS</Data><Data Name='LogonGuid'>{5d3d98af-2879-5ec2-0000-00206fe00a00}</Data><Data Name='LogonId'>0xae06f</Data><Data Name='TerminalSessionId'>1</Data><Data Name='IntegrityLevel'>Medium</Data><Data Name='Hashes'>MD5=2A801266AB558D2F51333D58F2F3B3B0,SHA256=F74A5A7B97A508E7E241D7A6E77B60F2D3237E55DC74B8684AB5DD87ABF3DBBD,IMPHASH=62C2ADC8A4D23E2D07B7EEB4235EEB0C</Data><Data Name='ParentProcessGuid'>{5d3d98af-2915-5ec2-0000-00100a0b1c00}</Data><Data Name='ParentProcessId'>7072</Data><Data Name='ParentImage'>C:\Program Files\Wireshark\Wireshark.exe</Data><Data Name='ParentCommandLine'>"C:\Program Files\Wireshark\Wireshark.exe" </Data></EventData></Event><Event xmlns='http://schemas.microsoft.com/win/2004/08/events/event'><System><Provider Name='Microsoft-Windows-Sysmon' Guid='{5770385f-c22a-43e0-bf4c-06f5698ffbd9}'/><EventID>1</EventID><Version>5</Version><Level>4</Level><Task>1</Task><Opcode>0</Opcode><Keywords>0x8000000000000000</Keywords><TimeCreated SystemTime='2020-05-18T06:20:14.287970100Z'/><EventRecordID>4329</EventRecordID><Correlation/><Execution ProcessID='2480' ThreadID='3260'/><Channel>Microsoft-Windows-Sysmon/Operational</Channel><Computer>DESKTOP-P84STH6</Computer><Security UserID='S-1-5-18'/></System><EventData><Data Name='RuleName'></Data><Data Name='UtcTime'>2020-05-18 06:20:14.275</Data><Data Name='ProcessGuid'>{5d3d98af-291e-5ec2-0000-001042a91c00}</Data><Data Name='ProcessId'>3076</Data><Data Name='Image'>C:\Program Files\Wireshark\dumpcap.exe</Data><Data Name='FileVersion'>3.2.3</Data><Data Name='Description'>Dumpcap</Data><Data Name='Product'>Dumpcap</Data><Data Name='Company'>The Wireshark developer community</Data><Data Name='OriginalFileName'>Dumpcap.exe</Data><Data Name='CommandLine'>"C:\Program Files\Wireshark\dumpcap.exe" -i \Device\NPF_Loopback -L --list-time-stamp-types -Z none</Data><Data Name='CurrentDirectory'>C:\Program Files\Wireshark\styles\</Data><Data Name='User'>DESKTOP-P84STH6\NS</Data><Data Name='LogonGuid'>{5d3d98af-2879-5ec2-0000-00206fe00a00}</Data><Data Name='LogonId'>0xae06f</Data><Data Name='TerminalSessionId'>1</Data><Data Name='IntegrityLevel'>Medium</Data><Data Name='Hashes'>MD5=2A801266AB558D2F51333D58F2F3B3B0,SHA256=F74A5A7B97A508E7E241D7A6E77B60F2D3237E55DC74B8684AB5DD87ABF3DBBD,IMPHASH=62C2ADC8A4D23E2D07B7EEB4235EEB0C</Data><Data Name='ParentProcessGuid'>{5d3d98af-2915-5ec2-0000-00100a0b1c00}</Data><Data Name='ParentProcessId'>7072</Data><Data Name='ParentImage'>C:\Program Files\Wireshark\Wireshark.exe</Data><Data Name='ParentCommandLine'>"C:\Program Files\Wireshark\Wireshark.exe" </Data></EventData></Event><Event xmlns='http://schemas.microsoft.com/win/2004/08/events/event'><System><Provider Name='Microsoft-Windows-Sysmon' Guid='{5770385f-c22a-43e0-bf4c-06f5698ffbd9}'/><EventID>1</EventID><Version>5</Version><Level>4</Level><Task>1</Task><Opcode>0</Opcode><Keywords>0x8000000000000000</Keywords><TimeCreated SystemTime='2020-05-18T06:20:14.079624800Z'/><EventRecordID>4328</EventRecordID><Correlation/><Execution ProcessID='2480' ThreadID='3260'/><Channel>Microsoft-Windows-Sysmon/Operational</Channel><Computer>DESKTOP-P84STH6</Computer><Security UserID='S-1-5-18'/></System><EventData><Data Name='RuleName'></Data><Data Name='UtcTime'>2020-05-18 06:20:14.069</Data><Data Name='ProcessGuid'>{5d3d98af-291e-5ec2-0000-0010819e1c00}</Data><Data Name='ProcessId'>1464</Data><Data Name='Image'>C:\Program Files\Wireshark\dumpcap.exe</Data><Data Name='FileVersion'>3.2.3</Data><Data Name='Description'>Dumpcap</Data><Data Name='Product'>Dumpcap</Data><Data Name='Company'>The Wireshark developer community</Data><Data Name='OriginalFileName'>Dumpcap.exe</Data><Data Name='CommandLine'>"C:\Program Files\Wireshark\dumpcap.exe" -i \Device\NPF_{1BF6DE2B-07A9-4FF4-8C4F-79DA555DBF9C} -L --list-time-stamp-types -Z none</Data><Data Name='CurrentDirectory'>C:\Program Files\Wireshark\styles\</Data><Data Name='User'>DESKTOP-P84STH6\NS</Data><Data Name='LogonGuid'>{5d3d98af-2879-5ec2-0000-00206fe00a00}</Data><Data Name='LogonId'>0xae06f</Data><Data Name='TerminalSessionId'>1</Data><Data Name='IntegrityLevel'>Medium</Data><Data Name='Hashes'>MD5=2A801266AB558D2F51333D58F2F3B3B0,SHA256=F74A5A7B97A508E7E241D7A6E77B60F2D3237E55DC74B8684AB5DD87ABF3DBBD,IMPHASH=62C2ADC8A4D23E2D07B7EEB4235EEB0C</Data><Data Name='ParentProcessGuid'>{5d3d98af-2915-5ec2-0000-00100a0b1c00}</Data><Data Name='ParentProcessId'>7072</Data><Data Name='ParentImage'>C:\Program Files\Wireshark\Wireshark.exe</Data><Data Name='ParentCommandLine'>"C:\Program Files\Wireshark\Wireshark.exe" </Data></EventData></Event><Event xmlns='http://schemas.microsoft.com/win/2004/08/events/event'><System><Provider Name='Microsoft-Windows-Sysmon' Guid='{5770385f-c22a-43e0-bf4c-06f5698ffbd9}'/><EventID>1</EventID><Version>5</Version><Level>4</Level><Task>1</Task><Opcode>0</Opcode><Keywords>0x8000000000000000</Keywords><TimeCreated SystemTime='2020-05-18T06:20:13.529873400Z'/><EventRecordID>4327</EventRecordID><Correlation/><Execution ProcessID='2480' ThreadID='3260'/><Channel>Microsoft-Windows-Sysmon/Operational</Channel><Computer>DESKTOP-P84STH6</Computer><Security UserID='S-1-5-18'/></System><EventData><Data Name='RuleName'></Data><Data Name='UtcTime'>2020-05-18 06:20:13.486</Data><Data Name='ProcessGuid'>{5d3d98af-291d-5ec2-0000-00105f811c00}</Data><Data Name='ProcessId'>500</Data><Data Name='Image'>C:\Program Files\Wireshark\dumpcap.exe</Data><Data Name='FileVersion'>3.2.3</Data><Data Name='Description'>Dumpcap</Data><Data Name='Product'>Dumpcap</Data><Data Name='Company'>The Wireshark developer community</Data><Data Name='OriginalFileName'>Dumpcap.exe</Data><Data Name='CommandLine'>"C:\Program Files\Wireshark\dumpcap.exe" -D -Z none</Data><Data Name='CurrentDirectory'>C:\Program Files\Wireshark\styles\</Data><Data Name='User'>DESKTOP-P84STH6\NS</Data><Data Name='LogonGuid'>{5d3d98af-2879-5ec2-0000-00206fe00a00}</Data><Data Name='LogonId'>0xae06f</Data><Data Name='TerminalSessionId'>1</Data><Data Name='IntegrityLevel'>Medium</Data><Data Name='Hashes'>MD5=2A801266AB558D2F51333D58F2F3B3B0,SHA256=F74A5A7B97A508E7E241D7A6E77B60F2D3237E55DC74B8684AB5DD87ABF3DBBD,IMPHASH=62C2ADC8A4D23E2D07B7EEB4235EEB0C</Data><Data Name='ParentProcessGuid'>{5d3d98af-2915-5ec2-0000-00100a0b1c00}</Data><Data Name='ParentProcessId'>7072</Data><Data Name='ParentImage'>C:\Program Files\Wireshark\Wireshark.exe</Data><Data Name='ParentCommandLine'>"C:\Program Files\Wireshark\Wireshark.exe" </Data></EventData></Event><Event xmlns='http://schemas.microsoft.com/win/2004/08/events/event'><System><Provider Name='Microsoft-Windows-Sysmon' Guid='{5770385f-c22a-43e0-bf4c-06f5698ffbd9}'/><EventID>1</EventID><Version>5</Version><Level>4</Level><Task>1</Task><Opcode>0</Opcode><Keywords>0x8000000000000000</Keywords><TimeCreated SystemTime='2020-05-18T06:20:10.813611200Z'/><EventRecordID>4326</EventRecordID><Correlation/><Execution ProcessID='2480' ThreadID='3260'/><Channel>Microsoft-Windows-Sysmon/Operational</Channel><Computer>DESKTOP-P84STH6</Computer><Security UserID='S-1-5-18'/></System><EventData><Data Name='RuleName'></Data><Data Name='UtcTime'>2020-05-18 06:20:10.770</Data><Data Name='ProcessGuid'>{5d3d98af-291a-5ec2-0000-0010334b1c00}</Data><Data Name='ProcessId'>7152</Data><Data Name='Image'>C:\Program Files\LibreOffice\program\soffice.bin</Data><Data Name='FileVersion'>6.4.3.2</Data><Data Name='Description'>LibreOffice</Data><Data Name='Product'>LibreOffice</Data><Data Name='Company'>The Document Foundation</Data><Data Name='OriginalFileName'>soffice.bin</Data><Data Name='CommandLine'>"C:\Program Files\LibreOffice\program\soffice.exe" "-env:OOO_CWD=2C:\\Program Files\\LibreOffice"</Data><Data Name='CurrentDirectory'>C:\Program Files\LibreOffice\program\</Data><Data Name='User'>DESKTOP-P84STH6\NS</Data><Data Name='LogonGuid'>{5d3d98af-2879-5ec2-0000-00206fe00a00}</Data><Data Name='LogonId'>0xae06f</Data><Data Name='TerminalSessionId'>1</Data><Data Name='IntegrityLevel'>Medium</Data><Data Name='Hashes'>MD5=A54CE11106949A7C09C89A1D5BDE3A6C,SHA256=EAE863409129250D8233F4BAD3324D84FC2F2104A8214DD236E2B0DA11F3DEB1,IMPHASH=644125BCD0D2433BA8E7B5DD6F754235</Data><Data Name='ParentProcessGuid'>{5d3d98af-2912-5ec2-0000-001037f81b00}</Data><Data Name='ParentProcessId'>7024</Data><Data Name='ParentImage'>C:\Program Files\LibreOffice\program\soffice.exe</Data><Data Name='ParentCommandLine'>"C:\Program Files\LibreOffice\program\soffice.exe" </Data></EventData></Event><Event xmlns='http://schemas.microsoft.com/win/2004/08/events/event'><System><Provider Name='Microsoft-Windows-Sysmon' Guid='{5770385f-c22a-43e0-bf4c-06f5698ffbd9}'/><EventID>13</EventID><Version>2</Version><Level>4</Level><Task>13</Task><Opcode>0</Opcode><Keywords>0x8000000000000000</Keywords><TimeCreated SystemTime='2020-05-18T06:20:05.284470600Z'/><EventRecordID>4325</EventRecordID><Correlation/><Execution ProcessID='2480' ThreadID='3260'/><Channel>Microsoft-Windows-Sysmon/Operational</Channel><Computer>DESKTOP-P84STH6</Computer><Security UserID='S-1-5-18'/></System><EventData><Data Name='RuleName'>InvDB</Data><Data Name='EventType'>SetValue</Data><Data Name='UtcTime'>2020-05-18 06:20:05.202</Data><Data Name='ProcessGuid'>{5d3d98af-2816-5ec2-0000-0010443b0700}</Data><Data Name='ProcessId'>3756</Data><Data Name='Image'>C:\Windows\system32\svchost.exe</Data><Data Name='TargetObject'>HKU\S-1-5-21-223836497-1760142647-788189203-1001\Software\Microsoft\Windows NT\CurrentVersion\AppCompatFlags\Compatibility Assistant\Store\C:\Program Files\Wireshark\Wireshark.exe</Data><Data Name='Details'>Binary Data</Data></EventData></Event><Event xmlns='http://schemas.microsoft.com/win/2004/08/events/event'><System><Provider Name='Microsoft-Windows-Sysmon' Guid='{5770385f-c22a-43e0-bf4c-06f5698ffbd9}'/><EventID>1</EventID><Version>5</Version><Level>4</Level><Task>1</Task><Opcode>0</Opcode><Keywords>0x8000000000000000</Keywords><TimeCreated SystemTime='2020-05-18T06:20:05.283926500Z'/><EventRecordID>4324</EventRecordID><Correlation/><Execution ProcessID='2480' ThreadID='3260'/><Channel>Microsoft-Windows-Sysmon/Operational</Channel><Computer>DESKTOP-P84STH6</Computer><Security UserID='S-1-5-18'/></System><EventData><Data Name='RuleName'></Data><Data Name='UtcTime'>2020-05-18 06:20:05.084</Data><Data Name='ProcessGuid'>{5d3d98af-2915-5ec2-0000-00100a0b1c00}</Data><Data Name='ProcessId'>7072</Data><Data Name='Image'>C:\Program Files\Wireshark\Wireshark.exe</Data><Data Name='FileVersion'>3.2.3</Data><Data Name='Description'>Wireshark</Data><Data Name='Product'>Wireshark</Data><Data Name='Company'>The Wireshark developer community, https://www.wireshark.org/</Data><Data Name='OriginalFileName'>Wireshark.exe</Data><Data Name='CommandLine'>"C:\Program Files\Wireshark\Wireshark.exe" </Data><Data Name='CurrentDirectory'>C:\Program Files\Wireshark\styles\</Data><Data Name='User'>DESKTOP-P84STH6\NS</Data><Data Name='LogonGuid'>{5d3d98af-2879-5ec2-0000-00206fe00a00}</Data><Data Name='LogonId'>0xae06f</Data><Data Name='TerminalSessionId'>1</Data><Data Name='IntegrityLevel'>Medium</Data><Data Name='Hashes'>MD5=CBAFA9A32A9E435B3A02A312316272DD,SHA256=4299797DDBEF619082AACBBD2C3DC37F02B136425ACFABAFE5857F1ACE8B68F5,IMPHASH=6719331FB146F5F4AF5DBC0C1B6F6203</Data><Data Name='ParentProcessGuid'>{5d3d98af-287c-5ec2-0000-001009b00b00}</Data><Data Name='ParentProcessId'>1816</Data><Data Name='ParentImage'>C:\Windows\explorer.exe</Data><Data Name='ParentCommandLine'>C:\Windows\Explorer.EXE</Data></EventData></Event><Event xmlns='http://schemas.microsoft.com/win/2004/08/events/event'><System><Provider Name='Microsoft-Windows-Sysmon' Guid='{5770385f-c22a-43e0-bf4c-06f5698ffbd9}'/><EventID>1</EventID><Version>5</Version><Level>4</Level><Task>1</Task><Opcode>0</Opcode><Keywords>0x8000000000000000</Keywords><TimeCreated SystemTime='2020-05-18T06:20:02.744111100Z'/><EventRecordID>4323</EventRecordID><Correlation/><Execution ProcessID='2480' ThreadID='3260'/><Channel>Microsoft-Windows-Sysmon/Operational</Channel><Computer>DESKTOP-P84STH6</Computer><Security UserID='S-1-5-18'/></System><EventData><Data Name='RuleName'></Data><Data Name='UtcTime'>2020-05-18 06:20:02.682</Data><Data Name='ProcessGuid'>{5d3d98af-2912-5ec2-0000-0010a8fd1b00}</Data><Data Name='ProcessId'>7044</Data><Data Name='Image'>C:\Program Files\LibreOffice\program\soffice.bin</Data><Data Name='FileVersion'>6.4.3.2</Data><Data Name='Description'>LibreOffice</Data><Data Name='Product'>LibreOffice</Data><Data Name='Company'>The Document Foundation</Data><Data Name='OriginalFileName'>soffice.bin</Data><Data Name='CommandLine'>"C:\Program Files\LibreOffice\program\soffice.exe" "-env:OOO_CWD=2C:\\Program Files\\LibreOffice"</Data><Data Name='CurrentDirectory'>C:\Program Files\LibreOffice\program\</Data><Data Name='User'>DESKTOP-P84STH6\NS</Data><Data Name='LogonGuid'>{5d3d98af-2879-5ec2-0000-00206fe00a00}</Data><Data Name='LogonId'>0xae06f</Data><Data Name='TerminalSessionId'>1</Data><Data Name='IntegrityLevel'>Medium</Data><Data Name='Hashes'>MD5=A54CE11106949A7C09C89A1D5BDE3A6C,SHA256=EAE863409129250D8233F4BAD3324D84FC2F2104A8214DD236E2B0DA11F3DEB1,IMPHASH=644125BCD0D2433BA8E7B5DD6F754235</Data><Data Name='ParentProcessGuid'>{5d3d98af-2912-5ec2-0000-001037f81b00}</Data><Data Name='ParentProcessId'>7024</Data><Data Name='ParentImage'>C:\Program Files\LibreOffice\program\soffice.exe</Data><Data Name='ParentCommandLine'>"C:\Program Files\LibreOffice\program\soffice.exe" </Data></EventData></Event><Event xmlns='http://schemas.microsoft.com/win/2004/08/events/event'><System><Provider Name='Microsoft-Windows-Sysmon' Guid='{5770385f-c22a-43e0-bf4c-06f5698ffbd9}'/><EventID>13</EventID><Version>2</Version><Level>4</Level><Task>13</Task><Opcode>0</Opcode><Keywords>0x8000000000000000</Keywords><TimeCreated SystemTime='2020-05-18T06:20:02.617224100Z'/><EventRecordID>4322</EventRecordID><Correlation/><Execution ProcessID='2480' ThreadID='3260'/><Channel>Microsoft-Windows-Sysmon/Operational</Channel><Computer>DESKTOP-P84STH6</Computer><Security UserID='S-1-5-18'/></System><EventData><Data Name='RuleName'>InvDB</Data><Data Name='EventType'>SetValue</Data><Data Name='UtcTime'>2020-05-18 06:20:02.601</Data><Data Name='ProcessGuid'>{5d3d98af-2816-5ec2-0000-0010443b0700}</Data><Data Name='ProcessId'>3756</Data><Data Name='Image'>C:\Windows\system32\svchost.exe</Data><Data Name='TargetObject'>HKU\S-1-5-21-223836497-1760142647-788189203-1001\Software\Microsoft\Windows NT\CurrentVersion\AppCompatFlags\Compatibility Assistant\Store\C:\Program Files\LibreOffice\program\soffice.exe</Data><Data Name='Details'>Binary Data</Data></EventData></Event><Event xmlns='http://schemas.microsoft.com/win/2004/08/events/event'><System><Provider Name='Microsoft-Windows-Sysmon' Guid='{5770385f-c22a-43e0-bf4c-06f5698ffbd9}'/><EventID>1</EventID><Version>5</Version><Level>4</Level><Task>1</Task><Opcode>0</Opcode><Keywords>0x8000000000000000</Keywords><TimeCreated SystemTime='2020-05-18T06:20:02.597831000Z'/><EventRecordID>4321</EventRecordID><Correlation/><Execution ProcessID='2480' ThreadID='3260'/><Channel>Microsoft-Windows-Sysmon/Operational</Channel><Computer>DESKTOP-P84STH6</Computer><Security UserID='S-1-5-18'/></System><EventData><Data Name='RuleName'></Data><Data Name='UtcTime'>2020-05-18 06:20:02.580</Data><Data Name='ProcessGuid'>{5d3d98af-2912-5ec2-0000-001037f81b00}</Data><Data Name='ProcessId'>7024</Data><Data Name='Image'>C:\Program Files\LibreOffice\program\soffice.exe</Data><Data Name='FileVersion'>6.4.3.2</Data><Data Name='Description'>LibreOffice</Data><Data Name='Product'>LibreOffice</Data><Data Name='Company'>The Document Foundation</Data><Data Name='OriginalFileName'>soffice.exe</Data><Data Name='CommandLine'>"C:\Program Files\LibreOffice\program\soffice.exe" </Data><Data Name='CurrentDirectory'>C:\Program Files\LibreOffice\</Data><Data Name='User'>DESKTOP-P84STH6\NS</Data><Data Name='LogonGuid'>{5d3d98af-2879-5ec2-0000-00206fe00a00}</Data><Data Name='LogonId'>0xae06f</Data><Data Name='TerminalSessionId'>1</Data><Data Name='IntegrityLevel'>Medium</Data><Data Name='Hashes'>MD5=E5FC029088043740D1048D7B63E5178E,SHA256=651C42014129F7E0B68CB462C47781435ADF3F306B03D900B99B1028F1BC97BD,IMPHASH=F4ED29FA917E61CD795A8C815BDCCB2B</Data><Data Name='ParentProcessGuid'>{5d3d98af-287c-5ec2-0000-001009b00b00}</Data><Data Name='ParentProcessId'>1816</Data><Data Name='ParentImage'>C:\Windows\explorer.exe</Data><Data Name='ParentCommandLine'>C:\Windows\Explorer.EXE</Data></EventData></Event></Events>