<?xml version="1.0" encoding="utf-8" standalone="yes"?>
<Events><Event xmlns='http://schemas.microsoft.com/win/2004/08/events/event'><System><Provider Name='Microsoft-Windows-Sysmon' Guid='{5770385f-c22a-43e0-bf4c-06f5698ffbd9}'/><EventID>22</EventID><Version>5</Version><Level>4</Level><Task>22</Task><Opcode>0</Opcode><Keywords>0x8000000000000000</Keywords><TimeCreated SystemTime='2020-05-18T07:24:13.165353000Z'/><EventRecordID>4114</EventRecordID><Correlation/><Execution ProcessID='2944' ThreadID='3256'/><Channel>Microsoft-Windows-Sysmon/Operational</Channel><Computer>DESKTOP-P84STH6</Computer><Security UserID='S-1-5-18'/></System><EventData><Data Name='RuleName'></Data><Data Name='UtcTime'>2020-05-18 07:24:08.446</Data><Data Name='ProcessGuid'>{5d3d98af-295a-5ec2-0000-00103e1b1600}</Data><Data Name='ProcessId'>7912</Data><Data Name='QueryName'>www.youtube.com</Data><Data Name='QueryStatus'>0</Data><Data Name='QueryResults'>type:  5 youtube-ui.l.google.com;172.217.160.78;216.58.200.46;172.217.160.110;216.58.200.238;</Data><Data Name='Image'>C:\Program Files (x86)\Google\Chrome\Application\chrome.exe</Data></EventData></Event><Event xmlns='http://schemas.microsoft.com/win/2004/08/events/event'><System><Provider Name='Microsoft-Windows-Sysmon' Guid='{5770385f-c22a-43e0-bf4c-06f5698ffbd9}'/><EventID>1</EventID><Version>5</Version><Level>4</Level><Task>1</Task><Opcode>0</Opcode><Keywords>0x8000000000000000</Keywords><TimeCreated SystemTime='2020-05-18T07:23:26.154835400Z'/><EventRecordID>4113</EventRecordID><Correlation/><Execution ProcessID='2944' ThreadID='3260'/><Channel>Microsoft-Windows-Sysmon/Operational</Channel><Computer>DESKTOP-P84STH6</Computer><Security UserID='S-1-5-18'/></System><EventData><Data Name='RuleName'></Data><Data Name='UtcTime'>2020-05-18 07:23:26.152</Data><Data Name='ProcessGuid'>{5d3d98af-37ee-5ec2-0000-00100d67b000}</Data><Data Name='ProcessId'>5732</Data><Data Name='Image'>C:\Program Files\WindowsApps\Microsoft.MicrosoftOfficeHub_18.2004.1162.0_x64__8wekyb3d8bbwe\LocalBridge.exe</Data><Data Name='FileVersion'>18.2004.1162.0</Data><Data Name='Description'>LocalBridge</Data><Data Name='Product'>LocalBridge</Data><Data Name='Company'></Data><Data Name='OriginalFileName'>LocalBridge.exe</Data><Data Name='CommandLine'>"C:\Program Files\WindowsApps\Microsoft.MicrosoftOfficeHub_18.2004.1162.0_x64__8wekyb3d8bbwe\LocalBridge.exe" /InvokerPRAID: Microsoft.MicrosoftOfficeHub notifications</Data><Data Name='CurrentDirectory'>C:\Windows\system32\</Data><Data Name='User'>DESKTOP-P84STH6\NS</Data><Data Name='LogonGuid'>{5d3d98af-2597-5ec2-0000-0020c1900200}</Data><Data Name='LogonId'>0x290c1</Data><Data Name='TerminalSessionId'>1</Data><Data Name='IntegrityLevel'>Medium</Data><Data Name='Hashes'>MD5=2E30D096BB1B4BA69136D4484D2B6375,SHA256=D552BE7A8AD94A8958FCA6687CA8AF3B72786745EA4840B97C3410453D00F3CD,IMPHASH=00000000000000000000000000000000</Data><Data Name='ParentProcessGuid'>{5d3d98af-37ee-5ec2-0000-00105352b000}</Data><Data Name='ParentProcessId'>3184</Data><Data Name='ParentImage'>C:\Windows\System32\RuntimeBroker.exe</Data><Data Name='ParentCommandLine'>C:\Windows\System32\RuntimeBroker.exe -Embedding</Data></EventData></Event><Event xmlns='http://schemas.microsoft.com/win/2004/08/events/event'><System><Provider Name='Microsoft-Windows-Sysmon' Guid='{5770385f-c22a-43e0-bf4c-06f5698ffbd9}'/><EventID>22</EventID><Version>5</Version><Level>4</Level><Task>22</Task><Opcode>0</Opcode><Keywords>0x8000000000000000</Keywords><TimeCreated SystemTime='2020-05-18T07:15:19.566860200Z'/><EventRecordID>4112</EventRecordID><Correlation/><Execution ProcessID='2944' ThreadID='3256'/><Channel>Microsoft-Windows-Sysmon/Operational</Channel><Computer>DESKTOP-P84STH6</Computer><Security UserID='S-1-5-18'/></System><EventData><Data Name='RuleName'></Data><Data Name='UtcTime'>2020-05-18 07:15:14.923</Data><Data Name='ProcessGuid'>{5d3d98af-295a-5ec2-0000-00103e1b1600}</Data><Data Name='ProcessId'>7912</Data><Data Name='QueryName'>www.google.com</Data><Data Name='QueryStatus'>0</Data><Data Name='QueryResults'>172.217.27.132;</Data><Data Name='Image'>C:\Program Files (x86)\Google\Chrome\Application\chrome.exe</Data></EventData></Event><Event xmlns='http://schemas.microsoft.com/win/2004/08/events/event'><System><Provider Name='Microsoft-Windows-Sysmon' Guid='{5770385f-c22a-43e0-bf4c-06f5698ffbd9}'/><EventID>22</EventID><Version>5</Version><Level>4</Level><Task>22</Task><Opcode>0</Opcode><Keywords>0x8000000000000000</Keywords><TimeCreated SystemTime='2020-05-18T07:13:50.731024700Z'/><EventRecordID>4111</EventRecordID><Correlation/><Execution ProcessID='2944' ThreadID='3256'/><Channel>Microsoft-Windows-Sysmon/Operational</Channel><Computer>DESKTOP-P84STH6</Computer><Security UserID='S-1-5-18'/></System><EventData><Data Name='RuleName'></Data><Data Name='UtcTime'>2020-05-18 07:13:45.999</Data><Data Name='ProcessGuid'>{5d3d98af-295a-5ec2-0000-00103e1b1600}</Data><Data Name='ProcessId'>7912</Data><Data Name='QueryName'>play.google.com</Data><Data Name='QueryStatus'>0</Data><Data Name='QueryResults'>172.217.27.142;</Data><Data Name='Image'>C:\Program Files (x86)\Google\Chrome\Application\chrome.exe</Data></EventData></Event><Event xmlns='http://schemas.microsoft.com/win/2004/08/events/event'><System><Provider Name='Microsoft-Windows-Sysmon' Guid='{5770385f-c22a-43e0-bf4c-06f5698ffbd9}'/><EventID>22</EventID><Version>5</Version><Level>4</Level><Task>22</Task><Opcode>0</Opcode><Keywords>0x8000000000000000</Keywords><TimeCreated SystemTime='2020-05-18T07:13:31.202575900Z'/><EventRecordID>4110</EventRecordID><Correlation/><Execution ProcessID='2944' ThreadID='3256'/><Channel>Microsoft-Windows-Sysmon/Operational</Channel><Computer>DESKTOP-P84STH6</Computer><Security UserID='S-1-5-18'/></System><EventData><Data Name='RuleName'></Data><Data Name='UtcTime'>2020-05-18 07:13:26.500</Data><Data Name='ProcessGuid'>{5d3d98af-295a-5ec2-0000-00103e1b1600}</Data><Data Name='ProcessId'>7912</Data><Data Name='QueryName'>www.youtube.com</Data><Data Name='QueryStatus'>0</Data><Data Name='QueryResults'>type:  5 youtube-ui.l.google.com;216.58.200.238;172.217.27.142;172.217.160.110;216.58.200.46;172.217.160.78;</Data><Data Name='Image'>C:\Program Files (x86)\Google\Chrome\Application\chrome.exe</Data></EventData></Event><Event xmlns='http://schemas.microsoft.com/win/2004/08/events/event'><System><Provider Name='Microsoft-Windows-Sysmon' Guid='{5770385f-c22a-43e0-bf4c-06f5698ffbd9}'/><EventID>22</EventID><Version>5</Version><Level>4</Level><Task>22</Task><Opcode>0</Opcode><Keywords>0x8000000000000000</Keywords><TimeCreated SystemTime='2020-05-18T07:12:23.730483900Z'/><EventRecordID>4109</EventRecordID><Correlation/><Execution ProcessID='2944' ThreadID='3256'/><Channel>Microsoft-Windows-Sysmon/Operational</Channel><Computer>DESKTOP-P84STH6</Computer><Security UserID='S-1-5-18'/></System><EventData><Data Name='RuleName'></Data><Data Name='UtcTime'>2020-05-18 07:12:19.021</Data><Data Name='ProcessGuid'>{5d3d98af-295a-5ec2-0000-00103e1b1600}</Data><Data Name='ProcessId'>7912</Data><Data Name='QueryName'>google.com</Data><Data Name='QueryStatus'>0</Data><Data Name='QueryResults'>216.58.200.46;</Data><Data Name='Image'>C:\Program Files (x86)\Google\Chrome\Application\chrome.exe</Data></EventData></Event><Event xmlns='http://schemas.microsoft.com/win/2004/08/events/event'><System><Provider Name='Microsoft-Windows-Sysmon' Guid='{5770385f-c22a-43e0-bf4c-06f5698ffbd9}'/><EventID>22</EventID><Version>5</Version><Level>4</Level><Task>22</Task><Opcode>0</Opcode><Keywords>0x8000000000000000</Keywords><TimeCreated SystemTime='2020-05-18T07:12:04.757961100Z'/><EventRecordID>4108</EventRecordID><Correlation/><Execution ProcessID='2944' ThreadID='3256'/><Channel>Microsoft-Windows-Sysmon/Operational</Channel><Computer>DESKTOP-P84STH6</Computer><Security UserID='S-1-5-18'/></System><EventData><Data Name='RuleName'></Data><Data Name='UtcTime'>2020-05-18 07:12:00.040</Data><Data Name='ProcessGuid'>{5d3d98af-295a-5ec2-0000-00103e1b1600}</Data><Data Name='ProcessId'>7912</Data><Data Name='QueryName'>drive.google.com</Data><Data Name='QueryStatus'>0</Data><Data Name='QueryResults'>172.217.160.110;</Data><Data Name='Image'>C:\Program Files (x86)\Google\Chrome\Application\chrome.exe</Data></EventData></Event><Event xmlns='http://schemas.microsoft.com/win/2004/08/events/event'><System><Provider Name='Microsoft-Windows-Sysmon' Guid='{5770385f-c22a-43e0-bf4c-06f5698ffbd9}'/><EventID>22</EventID><Version>5</Version><Level>4</Level><Task>22</Task><Opcode>0</Opcode><Keywords>0x8000000000000000</Keywords><TimeCreated SystemTime='2020-05-18T07:11:12.296419900Z'/><EventRecordID>4107</EventRecordID><Correlation/><Execution ProcessID='2944' ThreadID='3256'/><Channel>Microsoft-Windows-Sysmon/Operational</Channel><Computer>DESKTOP-P84STH6</Computer><Security UserID='S-1-5-18'/></System><EventData><Data Name='RuleName'></Data><Data Name='UtcTime'>2020-05-18 07:11:07.704</Data><Data Name='ProcessGuid'>{5d3d98af-295a-5ec2-0000-00103e1b1600}</Data><Data Name='ProcessId'>7912</Data><Data Name='QueryName'>taskassist-pa.clients6.google.com</Data><Data Name='QueryStatus'>0</Data><Data Name='QueryResults'>172.217.160.74;</Data><Data Name='Image'>C:\Program Files (x86)\Google\Chrome\Application\chrome.exe</Data></EventData></Event><Event xmlns='http://schemas.microsoft.com/win/2004/08/events/event'><System><Provider Name='Microsoft-Windows-Sysmon' Guid='{5770385f-c22a-43e0-bf4c-06f5698ffbd9}'/><EventID>1</EventID><Version>5</Version><Level>4</Level><Task>1</Task><Opcode>0</Opcode><Keywords>0x8000000000000000</Keywords><TimeCreated SystemTime='2020-05-18T07:10:14.045764900Z'/><EventRecordID>4106</EventRecordID><Correlation/><Execution ProcessID='2944' ThreadID='3260'/><Channel>Microsoft-Windows-Sysmon/Operational</Channel><Computer>DESKTOP-P84STH6</Computer><Security UserID='S-1-5-18'/></System><EventData><Data Name='RuleName'></Data><Data Name='UtcTime'>2020-05-18 07:10:14.044</Data><Data Name='ProcessGuid'>{5d3d98af-34d6-5ec2-0000-0010cb2eab00}</Data><Data Name='ProcessId'>6800</Data><Data Name='Image'>C:\Program Files\WindowsApps\Microsoft.MicrosoftOfficeHub_18.2004.1162.0_x64__8wekyb3d8bbwe\LocalBridge.exe</Data><Data Name='FileVersion'>18.2004.1162.0</Data><Data Name='Description'>LocalBridge</Data><Data Name='Product'>LocalBridge</Data><Data Name='Company'></Data><Data Name='OriginalFileName'>LocalBridge.exe</Data><Data Name='CommandLine'>"C:\Program Files\WindowsApps\Microsoft.MicrosoftOfficeHub_18.2004.1162.0_x64__8wekyb3d8bbwe\LocalBridge.exe" /InvokerPRAID: Microsoft.MicrosoftOfficeHub notifications</Data><Data Name='CurrentDirectory'>C:\Windows\system32\</Data><Data Name='User'>DESKTOP-P84STH6\NS</Data><Data Name='LogonGuid'>{5d3d98af-2597-5ec2-0000-0020c1900200}</Data><Data Name='LogonId'>0x290c1</Data><Data Name='TerminalSessionId'>1</Data><Data Name='IntegrityLevel'>Medium</Data><Data Name='Hashes'>MD5=2E30D096BB1B4BA69136D4484D2B6375,SHA256=D552BE7A8AD94A8958FCA6687CA8AF3B72786745EA4840B97C3410453D00F3CD,IMPHASH=00000000000000000000000000000000</Data><Data Name='ParentProcessGuid'>{5d3d98af-34d5-5ec2-0000-00104e1aab00}</Data><Data Name='ParentProcessId'>1676</Data><Data Name='ParentImage'>C:\Windows\System32\RuntimeBroker.exe</Data><Data Name='ParentCommandLine'>C:\Windows\System32\RuntimeBroker.exe -Embedding</Data></EventData></Event><Event xmlns='http://schemas.microsoft.com/win/2004/08/events/event'><System><Provider Name='Microsoft-Windows-Sysmon' Guid='{5770385f-c22a-43e0-bf4c-06f5698ffbd9}'/><EventID>1</EventID><Version>5</Version><Level>4</Level><Task>1</Task><Opcode>0</Opcode><Keywords>0x8000000000000000</Keywords><TimeCreated SystemTime='2020-05-18T07:10:13.857368700Z'/><EventRecordID>4105</EventRecordID><Correlation/><Execution ProcessID='2944' ThreadID='3260'/><Channel>Microsoft-Windows-Sysmon/Operational</Channel><Computer>DESKTOP-P84STH6</Computer><Security UserID='S-1-5-18'/></System><EventData><Data Name='RuleName'></Data><Data Name='UtcTime'>2020-05-18 07:10:13.849</Data><Data Name='ProcessGuid'>{5d3d98af-34d5-5ec2-0000-00107ff4aa00}</Data><Data Name='ProcessId'>188</Data><Data Name='Image'>C:\Program Files (x86)\Google\Update\GoogleUpdate.exe</Data><Data Name='FileVersion'>1.3.35.451</Data><Data Name='Description'>Google Installer</Data><Data Name='Product'>Google Update</Data><Data Name='Company'>Google LLC</Data><Data Name='OriginalFileName'>GoogleUpdate.exe</Data><Data Name='CommandLine'>"C:\Program Files (x86)\Google\Update\GoogleUpdate.exe" /ua /installsource scheduler</Data><Data Name='CurrentDirectory'>C:\Windows\system32\</Data><Data Name='User'>NT AUTHORITY\SYSTEM</Data><Data Name='LogonGuid'>{5d3d98af-2596-5ec2-0000-0020e7030000}</Data><Data Name='LogonId'>0x3e7</Data><Data Name='TerminalSessionId'>0</Data><Data Name='IntegrityLevel'>System</Data><Data Name='Hashes'>MD5=0BCA3F16DD527B4150648EC1E36CB22A,SHA256=B60E92004D394D0B14A8953A2BA29951C79F2F8A6C94F495E3153DFBBEF115B6,IMPHASH=7DF1816239C5BC855600D41210406C5B</Data><Data Name='ParentProcessGuid'>{5d3d98af-2596-5ec2-0000-0010a6d50000}</Data><Data Name='ParentProcessId'>1080</Data><Data Name='ParentImage'>C:\Windows\System32\svchost.exe</Data><Data Name='ParentCommandLine'>C:\Windows\system32\svchost.exe -k netsvcs -p -s Schedule</Data></EventData></Event><Event xmlns='http://schemas.microsoft.com/win/2004/08/events/event'><System><Provider Name='Microsoft-Windows-Sysmon' Guid='{5770385f-c22a-43e0-bf4c-06f5698ffbd9}'/><EventID>22</EventID><Version>5</Version><Level>4</Level><Task>22</Task><Opcode>0</Opcode><Keywords>0x8000000000000000</Keywords><TimeCreated SystemTime='2020-05-18T07:09:59.707270200Z'/><EventRecordID>4104</EventRecordID><Correlation/><Execution ProcessID='2944' ThreadID='3256'/><Channel>Microsoft-Windows-Sysmon/Operational</Channel><Computer>DESKTOP-P84STH6</Computer><Security UserID='S-1-5-18'/></System><EventData><Data Name='RuleName'></Data><Data Name='UtcTime'>2020-05-18 07:09:53.987</Data><Data Name='ProcessGuid'>{5d3d98af-295a-5ec2-0000-00103e1b1600}</Data><Data Name='ProcessId'>7912</Data><Data Name='QueryName'>www.youtube.com</Data><Data Name='QueryStatus'>0</Data><Data Name='QueryResults'>type:  5 youtube-ui.l.google.com;172.217.160.110;172.217.24.14;216.58.200.46;172.217.160.78;172.217.27.142;</Data><Data Name='Image'>C:\Program Files (x86)\Google\Chrome\Application\chrome.exe</Data></EventData></Event><Event xmlns='http://schemas.microsoft.com/win/2004/08/events/event'><System><Provider Name='Microsoft-Windows-Sysmon' Guid='{5770385f-c22a-43e0-bf4c-06f5698ffbd9}'/><EventID>22</EventID><Version>5</Version><Level>4</Level><Task>22</Task><Opcode>0</Opcode><Keywords>0x8000000000000000</Keywords><TimeCreated SystemTime='2020-05-18T07:07:42.768811500Z'/><EventRecordID>4103</EventRecordID><Correlation/><Execution ProcessID='2944' ThreadID='3256'/><Channel>Microsoft-Windows-Sysmon/Operational</Channel><Computer>DESKTOP-P84STH6</Computer><Security UserID='S-1-5-18'/></System><EventData><Data Name='RuleName'></Data><Data Name='UtcTime'>2020-05-18 07:07:38.219</Data><Data Name='ProcessGuid'>{5d3d98af-295a-5ec2-0000-00103e1b1600}</Data><Data Name='ProcessId'>7912</Data><Data Name='QueryName'>signaler-pa.clients6.google.com</Data><Data Name='QueryStatus'>0</Data><Data Name='QueryResults'>172.217.160.106;</Data><Data Name='Image'>C:\Program Files (x86)\Google\Chrome\Application\chrome.exe</Data></EventData></Event><Event xmlns='http://schemas.microsoft.com/win/2004/08/events/event'><System><Provider Name='Microsoft-Windows-Sysmon' Guid='{5770385f-c22a-43e0-bf4c-06f5698ffbd9}'/><EventID>22</EventID><Version>5</Version><Level>4</Level><Task>22</Task><Opcode>0</Opcode><Keywords>0x8000000000000000</Keywords><TimeCreated SystemTime='2020-05-18T07:07:05.091415200Z'/><EventRecordID>4102</EventRecordID><Correlation/><Execution ProcessID='2944' ThreadID='3256'/><Channel>Microsoft-Windows-Sysmon/Operational</Channel><Computer>DESKTOP-P84STH6</Computer><Security UserID='S-1-5-18'/></System><EventData><Data Name='RuleName'></Data><Data Name='UtcTime'>2020-05-18 07:06:59.846</Data><Data Name='ProcessGuid'>{5d3d98af-295a-5ec2-0000-00103e1b1600}</Data><Data Name='ProcessId'>7912</Data><Data Name='QueryName'>contacts.google.com</Data><Data Name='QueryStatus'>0</Data><Data Name='QueryResults'>type:  5 plus.l.google.com;216.58.200.238;</Data><Data Name='Image'>C:\Program Files (x86)\Google\Chrome\Application\chrome.exe</Data></EventData></Event><Event xmlns='http://schemas.microsoft.com/win/2004/08/events/event'><System><Provider Name='Microsoft-Windows-Sysmon' Guid='{5770385f-c22a-43e0-bf4c-06f5698ffbd9}'/><EventID>22</EventID><Version>5</Version><Level>4</Level><Task>22</Task><Opcode>0</Opcode><Keywords>0x8000000000000000</Keywords><TimeCreated SystemTime='2020-05-18T07:06:35.287469400Z'/><EventRecordID>4101</EventRecordID><Correlation/><Execution ProcessID='2944' ThreadID='3256'/><Channel>Microsoft-Windows-Sysmon/Operational</Channel><Computer>DESKTOP-P84STH6</Computer><Security UserID='S-1-5-18'/></System><EventData><Data Name='RuleName'></Data><Data Name='UtcTime'>2020-05-18 07:06:30.763</Data><Data Name='ProcessGuid'>{5d3d98af-295a-5ec2-0000-00103e1b1600}</Data><Data Name='ProcessId'>7912</Data><Data Name='QueryName'>taskassist-pa.clients6.google.com</Data><Data Name='QueryStatus'>0</Data><Data Name='QueryResults'>216.58.200.42;</Data><Data Name='Image'>C:\Program Files (x86)\Google\Chrome\Application\chrome.exe</Data></EventData></Event><Event xmlns='http://schemas.microsoft.com/win/2004/08/events/event'><System><Provider Name='Microsoft-Windows-Sysmon' Guid='{5770385f-c22a-43e0-bf4c-06f5698ffbd9}'/><EventID>11</EventID><Version>2</Version><Level>4</Level><Task>11</Task><Opcode>0</Opcode><Keywords>0x8000000000000000</Keywords><TimeCreated SystemTime='2020-05-18T07:05:12.040435100Z'/><EventRecordID>4100</EventRecordID><Correlation/><Execution ProcessID='2944' ThreadID='3260'/><Channel>Microsoft-Windows-Sysmon/Operational</Channel><Computer>DESKTOP-P84STH6</Computer><Security UserID='S-1-5-18'/></System><EventData><Data Name='RuleName'>DLL</Data><Data Name='UtcTime'>2020-05-18 07:05:12.040</Data><Data Name='ProcessGuid'>{5d3d98af-33a7-5ec2-0000-0010c24da700}</Data><Data Name='ProcessId'>6276</Data><Data Name='Image'>C:\Windows\Microsoft.NET\Framework64\v4.0.30319\mscorsvw.exe</Data><Data Name='TargetFilename'>C:\Windows\assembly\NativeImages_v4.0.30319_64\Temp\1884-0\System.Runtime.WindowsRuntime.dll</Data><Data Name='CreationUtcTime'>2020-05-18 07:05:12.039</Data></EventData></Event><Event xmlns='http://schemas.microsoft.com/win/2004/08/events/event'><System><Provider Name='Microsoft-Windows-Sysmon' Guid='{5770385f-c22a-43e0-bf4c-06f5698ffbd9}'/><EventID>11</EventID><Version>2</Version><Level>4</Level><Task>11</Task><Opcode>0</Opcode><Keywords>0x8000000000000000</Keywords><TimeCreated SystemTime='2020-05-18T07:05:11.529609500Z'/><EventRecordID>4099</EventRecordID><Correlation/><Execution ProcessID='2944' ThreadID='3260'/><Channel>Microsoft-Windows-Sysmon/Operational</Channel><Computer>DESKTOP-P84STH6</Computer><Security UserID='S-1-5-18'/></System><EventData><Data Name='RuleName'>DLL</Data><Data Name='UtcTime'>2020-05-18 07:05:11.528</Data><Data Name='ProcessGuid'>{5d3d98af-33a7-5ec2-0000-00107c3da700}</Data><Data Name='ProcessId'>4568</Data><Data Name='Image'>C:\Windows\Microsoft.NET\Framework64\v4.0.30319\mscorsvw.exe</Data><Data Name='TargetFilename'>C:\Windows\assembly\NativeImages_v4.0.30319_64\Temp\11d8-0\Windows.Storage.dll</Data><Data Name='CreationUtcTime'>2020-05-18 07:05:11.528</Data></EventData></Event><Event xmlns='http://schemas.microsoft.com/win/2004/08/events/event'><System><Provider Name='Microsoft-Windows-Sysmon' Guid='{5770385f-c22a-43e0-bf4c-06f5698ffbd9}'/><EventID>11</EventID><Version>2</Version><Level>4</Level><Task>11</Task><Opcode>0</Opcode><Keywords>0x8000000000000000</Keywords><TimeCreated SystemTime='2020-05-18T07:05:10.970774700Z'/><EventRecordID>4098</EventRecordID><Correlation/><Execution ProcessID='2944' ThreadID='3260'/><Channel>Microsoft-Windows-Sysmon/Operational</Channel><Computer>DESKTOP-P84STH6</Computer><Security UserID='S-1-5-18'/></System><EventData><Data Name='RuleName'>DLL</Data><Data Name='UtcTime'>2020-05-18 07:05:10.969</Data><Data Name='ProcessGuid'>{5d3d98af-33a6-5ec2-0000-0010ff2ba700}</Data><Data Name='ProcessId'>7004</Data><Data Name='Image'>C:\Windows\Microsoft.NET\Framework64\v4.0.30319\mscorsvw.exe</Data><Data Name='TargetFilename'>C:\Windows\assembly\NativeImages_v4.0.30319_64\Temp\1b5c-0\Windows.System.dll</Data><Data Name='CreationUtcTime'>2020-05-18 07:05:10.969</Data></EventData></Event><Event xmlns='http://schemas.microsoft.com/win/2004/08/events/event'><System><Provider Name='Microsoft-Windows-Sysmon' Guid='{5770385f-c22a-43e0-bf4c-06f5698ffbd9}'/><EventID>11</EventID><Version>2</Version><Level>4</Level><Task>11</Task><Opcode>0</Opcode><Keywords>0x8000000000000000</Keywords><TimeCreated SystemTime='2020-05-18T07:05:10.424202100Z'/><EventRecordID>4097</EventRecordID><Correlation/><Execution ProcessID='2944' ThreadID='3260'/><Channel>Microsoft-Windows-Sysmon/Operational</Channel><Computer>DESKTOP-P84STH6</Computer><Security UserID='S-1-5-18'/></System><EventData><Data Name='RuleName'>DLL</Data><Data Name='UtcTime'>2020-05-18 07:05:10.423</Data><Data Name='ProcessGuid'>{5d3d98af-33a4-5ec2-0000-0010d40ca700}</Data><Data Name='ProcessId'>2876</Data><Data Name='Image'>C:\Windows\Microsoft.NET\Framework64\v4.0.30319\mscorsvw.exe</Data><Data Name='TargetFilename'>C:\Windows\assembly\NativeImages_v4.0.30319_64\Temp\b3c-0\Windows.ApplicationModel.dll</Data><Data Name='CreationUtcTime'>2020-05-18 07:05:10.423</Data></EventData></Event><Event xmlns='http://schemas.microsoft.com/win/2004/08/events/event'><System><Provider Name='Microsoft-Windows-Sysmon' Guid='{5770385f-c22a-43e0-bf4c-06f5698ffbd9}'/><EventID>11</EventID><Version>2</Version><Level>4</Level><Task>11</Task><Opcode>0</Opcode><Keywords>0x8000000000000000</Keywords><TimeCreated SystemTime='2020-05-18T07:05:08.241065900Z'/><EventRecordID>4096</EventRecordID><Correlation/><Execution ProcessID='2944' ThreadID='3260'/><Channel>Microsoft-Windows-Sysmon/Operational</Channel><Computer>DESKTOP-P84STH6</Computer><Security UserID='S-1-5-18'/></System><EventData><Data Name='RuleName'>DLL</Data><Data Name='UtcTime'>2020-05-18 07:05:08.240</Data><Data Name='ProcessGuid'>{5d3d98af-33a3-5ec2-0000-0010d2f8a600}</Data><Data Name='ProcessId'>6700</Data><Data Name='Image'>C:\Windows\Microsoft.NET\Framework64\v4.0.30319\mscorsvw.exe</Data><Data Name='TargetFilename'>C:\Windows\assembly\NativeImages_v4.0.30319_64\Temp\1a2c-0\Windows.UI.dll</Data><Data Name='CreationUtcTime'>2020-05-18 07:05:08.240</Data></EventData></Event><Event xmlns='http://schemas.microsoft.com/win/2004/08/events/event'><System><Provider Name='Microsoft-Windows-Sysmon' Guid='{5770385f-c22a-43e0-bf4c-06f5698ffbd9}'/><EventID>11</EventID><Version>2</Version><Level>4</Level><Task>11</Task><Opcode>0</Opcode><Keywords>0x8000000000000000</Keywords><TimeCreated SystemTime='2020-05-18T07:05:07.012732100Z'/><EventRecordID>4095</EventRecordID><Correlation/><Execution ProcessID='2944' ThreadID='3260'/><Channel>Microsoft-Windows-Sysmon/Operational</Channel><Computer>DESKTOP-P84STH6</Computer><Security UserID='S-1-5-18'/></System><EventData><Data Name='RuleName'>DLL</Data><Data Name='UtcTime'>2020-05-18 07:05:07.011</Data><Data Name='ProcessGuid'>{5d3d98af-33a2-5ec2-0000-001069eaa600}</Data><Data Name='ProcessId'>7212</Data><Data Name='Image'>C:\Windows\Microsoft.NET\Framework64\v4.0.30319\mscorsvw.exe</Data><Data Name='TargetFilename'>C:\Windows\assembly\NativeImages_v4.0.30319_64\Temp\1c2c-0\System.Runtime.InteropServices.WindowsRuntime.dll</Data><Data Name='CreationUtcTime'>2020-05-18 07:05:07.011</Data></EventData></Event><Event xmlns='http://schemas.microsoft.com/win/2004/08/events/event'><System><Provider Name='Microsoft-Windows-Sysmon' Guid='{5770385f-c22a-43e0-bf4c-06f5698ffbd9}'/><EventID>11</EventID><Version>2</Version><Level>4</Level><Task>11</Task><Opcode>0</Opcode><Keywords>0x8000000000000000</Keywords><TimeCreated SystemTime='2020-05-18T07:05:06.926802200Z'/><EventRecordID>4094</EventRecordID><Correlation/><Execution ProcessID='2944' ThreadID='3260'/><Channel>Microsoft-Windows-Sysmon/Operational</Channel><Computer>DESKTOP-P84STH6</Computer><Security UserID='S-1-5-18'/></System><EventData><Data Name='RuleName'>DLL</Data><Data Name='UtcTime'>2020-05-18 07:05:06.926</Data><Data Name='ProcessGuid'>{5d3d98af-33a2-5ec2-0000-00104edea600}</Data><Data Name='ProcessId'>7792</Data><Data Name='Image'>C:\Windows\Microsoft.NET\Framework64\v4.0.30319\mscorsvw.exe</Data><Data Name='TargetFilename'>C:\Windows\assembly\NativeImages_v4.0.30319_64\Temp\1e70-0\System.Runtime.dll</Data><Data Name='CreationUtcTime'>2020-05-18 07:05:06.926</Data></EventData></Event><Event xmlns='http://schemas.microsoft.com/win/2004/08/events/event'><System><Provider Name='Microsoft-Windows-Sysmon' Guid='{5770385f-c22a-43e0-bf4c-06f5698ffbd9}'/><EventID>11</EventID><Version>2</Version><Level>4</Level><Task>11</Task><Opcode>0</Opcode><Keywords>0x8000000000000000</Keywords><TimeCreated SystemTime='2020-05-18T07:05:06.820112300Z'/><EventRecordID>4093</EventRecordID><Correlation/><Execution ProcessID='2944' ThreadID='3260'/><Channel>Microsoft-Windows-Sysmon/Operational</Channel><Computer>DESKTOP-P84STH6</Computer><Security UserID='S-1-5-18'/></System><EventData><Data Name='RuleName'>DLL</Data><Data Name='UtcTime'>2020-05-18 07:05:06.819</Data><Data Name='ProcessGuid'>{5d3d98af-33a2-5ec2-0000-0010adcfa600}</Data><Data Name='ProcessId'>7588</Data><Data Name='Image'>C:\Windows\Microsoft.NET\Framework64\v4.0.30319\mscorsvw.exe</Data><Data Name='TargetFilename'>C:\Windows\assembly\NativeImages_v4.0.30319_64\Temp\1da4-0\Windows.Foundation.dll</Data><Data Name='CreationUtcTime'>2020-05-18 07:05:06.819</Data></EventData></Event><Event xmlns='http://schemas.microsoft.com/win/2004/08/events/event'><System><Provider Name='Microsoft-Windows-Sysmon' Guid='{5770385f-c22a-43e0-bf4c-06f5698ffbd9}'/><EventID>11</EventID><Version>2</Version><Level>4</Level><Task>11</Task><Opcode>0</Opcode><Keywords>0x8000000000000000</Keywords><TimeCreated SystemTime='2020-05-18T07:05:06.461239900Z'/><EventRecordID>4092</EventRecordID><Correlation/><Execution ProcessID='2944' ThreadID='3260'/><Channel>Microsoft-Windows-Sysmon/Operational</Channel><Computer>DESKTOP-P84STH6</Computer><Security UserID='S-1-5-18'/></System><EventData><Data Name='RuleName'>DLL</Data><Data Name='UtcTime'>2020-05-18 07:05:06.460</Data><Data Name='ProcessGuid'>{5d3d98af-33a2-5ec2-0000-001097b5a600}</Data><Data Name='ProcessId'>7928</Data><Data Name='Image'>C:\Windows\Microsoft.NET\Framework\v4.0.30319\mscorsvw.exe</Data><Data Name='TargetFilename'>C:\Windows\assembly\NativeImages_v4.0.30319_32\Temp\1ef8-0\System.Management.dll</Data><Data Name='CreationUtcTime'>2020-05-18 07:05:06.460</Data></EventData></Event><Event xmlns='http://schemas.microsoft.com/win/2004/08/events/event'><System><Provider Name='Microsoft-Windows-Sysmon' Guid='{5770385f-c22a-43e0-bf4c-06f5698ffbd9}'/><EventID>1</EventID><Version>5</Version><Level>4</Level><Task>1</Task><Opcode>0</Opcode><Keywords>0x8000000000000000</Keywords><TimeCreated SystemTime='2020-05-18T07:05:05.805456800Z'/><EventRecordID>4091</EventRecordID><Correlation/><Execution ProcessID='2944' ThreadID='3260'/><Channel>Microsoft-Windows-Sysmon/Operational</Channel><Computer>DESKTOP-P84STH6</Computer><Security UserID='S-1-5-18'/></System><EventData><Data Name='RuleName'></Data><Data Name='UtcTime'>2020-05-18 07:05:05.801</Data><Data Name='ProcessGuid'>{5d3d98af-33a1-5ec2-0000-00100886a600}</Data><Data Name='ProcessId'>5328</Data><Data Name='Image'>C:\Windows\Microsoft.NET\Framework64\v4.0.30319\ngentask.exe</Data><Data Name='FileVersion'>4.8.3752.0 built by: NET48REL1</Data><Data Name='Description'>Microsoft .NET Framework optimization service</Data><Data Name='Product'>Microsoft® .NET Framework</Data><Data Name='Company'>Microsoft Corporation</Data><Data Name='OriginalFileName'>NGenTask.exe</Data><Data Name='CommandLine'>"C:\Windows\Microsoft.NET\Framework64\v4.0.30319\NGenTask.exe" /RuntimeWide /Critical /StopEvent:976</Data><Data Name='CurrentDirectory'>C:\Windows\system32\</Data><Data Name='User'>NT AUTHORITY\SYSTEM</Data><Data Name='LogonGuid'>{5d3d98af-2596-5ec2-0000-0020e7030000}</Data><Data Name='LogonId'>0x3e7</Data><Data Name='TerminalSessionId'>0</Data><Data Name='IntegrityLevel'>System</Data><Data Name='Hashes'>MD5=6E4B6D2AF6D99DCC1DE0E097EA51D43A,SHA256=C4DB063D8DE31C0A64D172950F857509EE97BAA488D8678D48EB6E75B17527B0,IMPHASH=00000000000000000000000000000000</Data><Data Name='ParentProcessGuid'>{5d3d98af-33a1-5ec2-0000-0010217fa600}</Data><Data Name='ParentProcessId'>7228</Data><Data Name='ParentImage'>C:\Windows\System32\taskhostw.exe</Data><Data Name='ParentCommandLine'>taskhostw.exe {222A245B-E637-4AE9-A93F-A59CA119A75E}</Data></EventData></Event><Event xmlns='http://schemas.microsoft.com/win/2004/08/events/event'><System><Provider Name='Microsoft-Windows-Sysmon' Guid='{5770385f-c22a-43e0-bf4c-06f5698ffbd9}'/><EventID>1</EventID><Version>5</Version><Level>4</Level><Task>1</Task><Opcode>0</Opcode><Keywords>0x8000000000000000</Keywords><TimeCreated SystemTime='2020-05-18T07:05:05.799682000Z'/><EventRecordID>4090</EventRecordID><Correlation/><Execution ProcessID='2944' ThreadID='3260'/><Channel>Microsoft-Windows-Sysmon/Operational</Channel><Computer>DESKTOP-P84STH6</Computer><Security UserID='S-1-5-18'/></System><EventData><Data Name='RuleName'></Data><Data Name='UtcTime'>2020-05-18 07:05:05.798</Data><Data Name='ProcessGuid'>{5d3d98af-33a1-5ec2-0000-00106b85a600}</Data><Data Name='ProcessId'>8152</Data><Data Name='Image'>C:\Windows\Microsoft.NET\Framework\v4.0.30319\ngentask.exe</Data><Data Name='FileVersion'>4.8.3752.0 built by: NET48REL1</Data><Data Name='Description'>Microsoft .NET Framework optimization service</Data><Data Name='Product'>Microsoft® .NET Framework</Data><Data Name='Company'>Microsoft Corporation</Data><Data Name='OriginalFileName'>NGenTask.exe</Data><Data Name='CommandLine'>"C:\Windows\Microsoft.NET\Framework\v4.0.30319\NGenTask.exe" /RuntimeWide /Critical /StopEvent:504</Data><Data Name='CurrentDirectory'>C:\Windows\system32\</Data><Data Name='User'>NT AUTHORITY\SYSTEM</Data><Data Name='LogonGuid'>{5d3d98af-2596-5ec2-0000-0020e7030000}</Data><Data Name='LogonId'>0x3e7</Data><Data Name='TerminalSessionId'>0</Data><Data Name='IntegrityLevel'>System</Data><Data Name='Hashes'>MD5=80D254018DB7CBC1EF9DC58F30D997B9,SHA256=4583B06DA707A1B0BDE4D0848BB5BDE9441E71AA2593AAC2BC5C4555B66030C1,IMPHASH=F34D5F2D4577ED6D9CEEC516C1F5A744</Data><Data Name='ParentProcessGuid'>{5d3d98af-33a1-5ec2-0000-0010217fa600}</Data><Data Name='ParentProcessId'>7228</Data><Data Name='ParentImage'>C:\Windows\System32\taskhostw.exe</Data><Data Name='ParentCommandLine'>taskhostw.exe {222A245B-E637-4AE9-A93F-A59CA119A75E}</Data></EventData></Event><Event xmlns='http://schemas.microsoft.com/win/2004/08/events/event'><System><Provider Name='Microsoft-Windows-Sysmon' Guid='{5770385f-c22a-43e0-bf4c-06f5698ffbd9}'/><EventID>1</EventID><Version>5</Version><Level>4</Level><Task>1</Task><Opcode>0</Opcode><Keywords>0x8000000000000000</Keywords><TimeCreated SystemTime='2020-05-18T07:05:05.762787000Z'/><EventRecordID>4089</EventRecordID><Correlation/><Execution ProcessID='2944' ThreadID='3260'/><Channel>Microsoft-Windows-Sysmon/Operational</Channel><Computer>DESKTOP-P84STH6</Computer><Security UserID='S-1-5-18'/></System><EventData><Data Name='RuleName'></Data><Data Name='UtcTime'>2020-05-18 07:05:05.761</Data><Data Name='ProcessGuid'>{5d3d98af-33a1-5ec2-0000-0010217fa600}</Data><Data Name='ProcessId'>7228</Data><Data Name='Image'>C:\Windows\System32\taskhostw.exe</Data><Data Name='FileVersion'>10.0.18362.387 (WinBuild.160101.0800)</Data><Data Name='Description'>Host Process for Windows Tasks</Data><Data Name='Product'>Microsoft® Windows® Operating System</Data><Data Name='Company'>Microsoft Corporation</Data><Data Name='OriginalFileName'>taskhostw.exe</Data><Data Name='CommandLine'>taskhostw.exe {222A245B-E637-4AE9-A93F-A59CA119A75E}</Data><Data Name='CurrentDirectory'>C:\Windows\system32\</Data><Data Name='User'>NT AUTHORITY\SYSTEM</Data><Data Name='LogonGuid'>{5d3d98af-2596-5ec2-0000-0020e7030000}</Data><Data Name='LogonId'>0x3e7</Data><Data Name='TerminalSessionId'>0</Data><Data Name='IntegrityLevel'>System</Data><Data Name='Hashes'>MD5=8AC325C757FA721B272ECEA19EBCF745,SHA256=0BEC3128B241FA533DC5A9D3F62AA41323D205DEFC30DCDE228C5ECC2D1E50A9,IMPHASH=9CB27CAED52CB0AFFB32788922A0D083</Data><Data Name='ParentProcessGuid'>{5d3d98af-2596-5ec2-0000-0010a6d50000}</Data><Data Name='ParentProcessId'>1080</Data><Data Name='ParentImage'>C:\Windows\System32\svchost.exe</Data><Data Name='ParentCommandLine'>C:\Windows\system32\svchost.exe -k netsvcs -p -s Schedule</Data></EventData></Event><Event xmlns='http://schemas.microsoft.com/win/2004/08/events/event'><System><Provider Name='Microsoft-Windows-Sysmon' Guid='{5770385f-c22a-43e0-bf4c-06f5698ffbd9}'/><EventID>1</EventID><Version>5</Version><Level>4</Level><Task>1</Task><Opcode>0</Opcode><Keywords>0x8000000000000000</Keywords><TimeCreated SystemTime='2020-05-18T07:05:05.661637600Z'/><EventRecordID>4088</EventRecordID><Correlation/><Execution ProcessID='2944' ThreadID='3260'/><Channel>Microsoft-Windows-Sysmon/Operational</Channel><Computer>DESKTOP-P84STH6</Computer><Security UserID='S-1-5-18'/></System><EventData><Data Name='RuleName'></Data><Data Name='UtcTime'>2020-05-18 07:05:05.657</Data><Data Name='ProcessGuid'>{5d3d98af-33a1-5ec2-0000-00107c66a600}</Data><Data Name='ProcessId'>1852</Data><Data Name='Image'>C:\Windows\System32\taskhostw.exe</Data><Data Name='FileVersion'>10.0.18362.387 (WinBuild.160101.0800)</Data><Data Name='Description'>Host Process for Windows Tasks</Data><Data Name='Product'>Microsoft® Windows® Operating System</Data><Data Name='Company'>Microsoft Corporation</Data><Data Name='OriginalFileName'>taskhostw.exe</Data><Data Name='CommandLine'>taskhostw.exe Install $(Arg0)</Data><Data Name='CurrentDirectory'>C:\Windows\system32\</Data><Data Name='User'>DESKTOP-P84STH6\NS</Data><Data Name='LogonGuid'>{5d3d98af-2597-5ec2-0000-0020c1900200}</Data><Data Name='LogonId'>0x290c1</Data><Data Name='TerminalSessionId'>1</Data><Data Name='IntegrityLevel'>Medium</Data><Data Name='Hashes'>MD5=8AC325C757FA721B272ECEA19EBCF745,SHA256=0BEC3128B241FA533DC5A9D3F62AA41323D205DEFC30DCDE228C5ECC2D1E50A9,IMPHASH=9CB27CAED52CB0AFFB32788922A0D083</Data><Data Name='ParentProcessGuid'>{5d3d98af-2596-5ec2-0000-0010a6d50000}</Data><Data Name='ParentProcessId'>1080</Data><Data Name='ParentImage'>C:\Windows\System32\svchost.exe</Data><Data Name='ParentCommandLine'>C:\Windows\system32\svchost.exe -k netsvcs -p -s Schedule</Data></EventData></Event><Event xmlns='http://schemas.microsoft.com/win/2004/08/events/event'><System><Provider Name='Microsoft-Windows-Sysmon' Guid='{5770385f-c22a-43e0-bf4c-06f5698ffbd9}'/><EventID>22</EventID><Version>5</Version><Level>4</Level><Task>22</Task><Opcode>0</Opcode><Keywords>0x8000000000000000</Keywords><TimeCreated SystemTime='2020-05-18T07:02:32.204312600Z'/><EventRecordID>4087</EventRecordID><Correlation/><Execution ProcessID='2944' ThreadID='3256'/><Channel>Microsoft-Windows-Sysmon/Operational</Channel><Computer>DESKTOP-P84STH6</Computer><Security UserID='S-1-5-18'/></System><EventData><Data Name='RuleName'></Data><Data Name='UtcTime'>2020-05-18 07:02:27.480</Data><Data Name='ProcessGuid'>{5d3d98af-295a-5ec2-0000-00103e1b1600}</Data><Data Name='ProcessId'>7912</Data><Data Name='QueryName'>play.google.com</Data><Data Name='QueryStatus'>0</Data><Data Name='QueryResults'>216.58.200.238;</Data><Data Name='Image'>C:\Program Files (x86)\Google\Chrome\Application\chrome.exe</Data></EventData></Event><Event xmlns='http://schemas.microsoft.com/win/2004/08/events/event'><System><Provider Name='Microsoft-Windows-Sysmon' Guid='{5770385f-c22a-43e0-bf4c-06f5698ffbd9}'/><EventID>22</EventID><Version>5</Version><Level>4</Level><Task>22</Task><Opcode>0</Opcode><Keywords>0x8000000000000000</Keywords><TimeCreated SystemTime='2020-05-18T07:01:47.329142400Z'/><EventRecordID>4086</EventRecordID><Correlation/><Execution ProcessID='2944' ThreadID='3256'/><Channel>Microsoft-Windows-Sysmon/Operational</Channel><Computer>DESKTOP-P84STH6</Computer><Security UserID='S-1-5-18'/></System><EventData><Data Name='RuleName'></Data><Data Name='UtcTime'>2020-05-18 07:01:42.611</Data><Data Name='ProcessGuid'>{5d3d98af-295a-5ec2-0000-00103e1b1600}</Data><Data Name='ProcessId'>7912</Data><Data Name='QueryName'>chat-pa.clients6.google.com</Data><Data Name='QueryStatus'>0</Data><Data Name='QueryResults'>172.217.160.106;</Data><Data Name='Image'>C:\Program Files (x86)\Google\Chrome\Application\chrome.exe</Data></EventData></Event><Event xmlns='http://schemas.microsoft.com/win/2004/08/events/event'><System><Provider Name='Microsoft-Windows-Sysmon' Guid='{5770385f-c22a-43e0-bf4c-06f5698ffbd9}'/><EventID>22</EventID><Version>5</Version><Level>4</Level><Task>22</Task><Opcode>0</Opcode><Keywords>0x8000000000000000</Keywords><TimeCreated SystemTime='2020-05-18T07:00:55.445871800Z'/><EventRecordID>4085</EventRecordID><Correlation/><Execution ProcessID='2944' ThreadID='3256'/><Channel>Microsoft-Windows-Sysmon/Operational</Channel><Computer>DESKTOP-P84STH6</Computer><Security UserID='S-1-5-18'/></System><EventData><Data Name='RuleName'></Data><Data Name='UtcTime'>2020-05-18 07:00:50.728</Data><Data Name='ProcessGuid'>{5d3d98af-295a-5ec2-0000-00103e1b1600}</Data><Data Name='ProcessId'>7912</Data><Data Name='QueryName'>www.youtube.com</Data><Data Name='QueryStatus'>0</Data><Data Name='QueryResults'>type:  5 youtube-ui.l.google.com;216.58.200.238;172.217.160.110;172.217.24.14;216.58.200.46;172.217.160.78;</Data><Data Name='Image'>C:\Program Files (x86)\Google\Chrome\Application\chrome.exe</Data></EventData></Event><Event xmlns='http://schemas.microsoft.com/win/2004/08/events/event'><System><Provider Name='Microsoft-Windows-Sysmon' Guid='{5770385f-c22a-43e0-bf4c-06f5698ffbd9}'/><EventID>1</EventID><Version>5</Version><Level>4</Level><Task>1</Task><Opcode>0</Opcode><Keywords>0x8000000000000000</Keywords><TimeCreated SystemTime='2020-05-18T07:00:22.789328900Z'/><EventRecordID>4084</EventRecordID><Correlation/><Execution ProcessID='2944' ThreadID='3260'/><Channel>Microsoft-Windows-Sysmon/Operational</Channel><Computer>DESKTOP-P84STH6</Computer><Security UserID='S-1-5-18'/></System><EventData><Data Name='RuleName'></Data><Data Name='UtcTime'>2020-05-18 07:00:22.785</Data><Data Name='ProcessGuid'>{5d3d98af-3286-5ec2-0000-0010e021a400}</Data><Data Name='ProcessId'>8632</Data><Data Name='Image'>C:\Program Files\WindowsApps\Microsoft.MicrosoftOfficeHub_18.2004.1162.0_x64__8wekyb3d8bbwe\LocalBridge.exe</Data><Data Name='FileVersion'>18.2004.1162.0</Data><Data Name='Description'>LocalBridge</Data><Data Name='Product'>LocalBridge</Data><Data Name='Company'></Data><Data Name='OriginalFileName'>LocalBridge.exe</Data><Data Name='CommandLine'>"C:\Program Files\WindowsApps\Microsoft.MicrosoftOfficeHub_18.2004.1162.0_x64__8wekyb3d8bbwe\LocalBridge.exe" /InvokerPRAID: Microsoft.MicrosoftOfficeHub notifications</Data><Data Name='CurrentDirectory'>C:\Windows\system32\</Data><Data Name='User'>DESKTOP-P84STH6\NS</Data><Data Name='LogonGuid'>{5d3d98af-2597-5ec2-0000-0020c1900200}</Data><Data Name='LogonId'>0x290c1</Data><Data Name='TerminalSessionId'>1</Data><Data Name='IntegrityLevel'>Medium</Data><Data Name='Hashes'>MD5=2E30D096BB1B4BA69136D4484D2B6375,SHA256=D552BE7A8AD94A8958FCA6687CA8AF3B72786745EA4840B97C3410453D00F3CD,IMPHASH=00000000000000000000000000000000</Data><Data Name='ParentProcessGuid'>{5d3d98af-3286-5ec2-0000-0010eb07a400}</Data><Data Name='ParentProcessId'>4148</Data><Data Name='ParentImage'>C:\Windows\System32\RuntimeBroker.exe</Data><Data Name='ParentCommandLine'>C:\Windows\System32\RuntimeBroker.exe -Embedding</Data></EventData></Event><Event xmlns='http://schemas.microsoft.com/win/2004/08/events/event'><System><Provider Name='Microsoft-Windows-Sysmon' Guid='{5770385f-c22a-43e0-bf4c-06f5698ffbd9}'/><EventID>22</EventID><Version>5</Version><Level>4</Level><Task>22</Task><Opcode>0</Opcode><Keywords>0x8000000000000000</Keywords><TimeCreated SystemTime='2020-05-18T07:00:02.595421200Z'/><EventRecordID>4083</EventRecordID><Correlation/><Execution ProcessID='2944' ThreadID='3256'/><Channel>Microsoft-Windows-Sysmon/Operational</Channel><Computer>DESKTOP-P84STH6</Computer><Security UserID='S-1-5-18'/></System><EventData><Data Name='RuleName'></Data><Data Name='UtcTime'>2020-05-18 06:59:57.880</Data><Data Name='ProcessGuid'>{5d3d98af-295a-5ec2-0000-00103e1b1600}</Data><Data Name='ProcessId'>7912</Data><Data Name='QueryName'>mail-attachment.googleusercontent.com</Data><Data Name='QueryStatus'>0</Data><Data Name='QueryResults'>type:  5 googlehosted.l.googleusercontent.com;172.217.160.65;</Data><Data Name='Image'>C:\Program Files (x86)\Google\Chrome\Application\chrome.exe</Data></EventData></Event><Event xmlns='http://schemas.microsoft.com/win/2004/08/events/event'><System><Provider Name='Microsoft-Windows-Sysmon' Guid='{5770385f-c22a-43e0-bf4c-06f5698ffbd9}'/><EventID>15</EventID><Version>2</Version><Level>4</Level><Task>15</Task><Opcode>0</Opcode><Keywords>0x8000000000000000</Keywords><TimeCreated SystemTime='2020-05-18T07:00:01.768837900Z'/><EventRecordID>4082</EventRecordID><Correlation/><Execution ProcessID='2944' ThreadID='3260'/><Channel>Microsoft-Windows-Sysmon/Operational</Channel><Computer>DESKTOP-P84STH6</Computer><Security UserID='S-1-5-18'/></System><EventData><Data Name='RuleName'></Data><Data Name='UtcTime'>2020-05-18 07:00:01.768</Data><Data Name='ProcessGuid'>{5d3d98af-295a-5ec2-0000-00107ff41500}</Data><Data Name='ProcessId'>5964</Data><Data Name='Image'>C:\Program Files (x86)\Google\Chrome\Application\chrome.exe</Data><Data Name='TargetFilename'>C:\Users\NS\Downloads\1093RD2629.pdf:Zone.Identifier</Data><Data Name='CreationUtcTime'>2020-05-18 07:00:01.191</Data><Data Name='Hash'>MD5=C978088F04B0D519F04D76E76FB42CD4,SHA256=C4CFC46F50D9A051EEC3375C14E61CFE8B1A0290CAF16DC161B64828BC34CA2A,IMPHASH=00000000000000000000000000000000</Data></EventData></Event><Event xmlns='http://schemas.microsoft.com/win/2004/08/events/event'><System><Provider Name='Microsoft-Windows-Sysmon' Guid='{5770385f-c22a-43e0-bf4c-06f5698ffbd9}'/><EventID>15</EventID><Version>2</Version><Level>4</Level><Task>15</Task><Opcode>0</Opcode><Keywords>0x8000000000000000</Keywords><TimeCreated SystemTime='2020-05-18T07:00:01.768530000Z'/><EventRecordID>4081</EventRecordID><Correlation/><Execution ProcessID='2944' ThreadID='3260'/><Channel>Microsoft-Windows-Sysmon/Operational</Channel><Computer>DESKTOP-P84STH6</Computer><Security UserID='S-1-5-18'/></System><EventData><Data Name='RuleName'></Data><Data Name='UtcTime'>2020-05-18 07:00:01.765</Data><Data Name='ProcessGuid'>{5d3d98af-295a-5ec2-0000-00107ff41500}</Data><Data Name='ProcessId'>5964</Data><Data Name='Image'>C:\Program Files (x86)\Google\Chrome\Application\chrome.exe</Data><Data Name='TargetFilename'>C:\Users\NS\Downloads\1093RD2629.pdf</Data><Data Name='CreationUtcTime'>2020-05-18 07:00:01.191</Data><Data Name='Hash'>MD5=592ED72E3636996BE037E7A26B595895,SHA256=583E892750B46FA7AA6E62FC8A324E4F34D9A7263B9D90CC0229DEEDC900B382,IMPHASH=00000000000000000000000000000000</Data></EventData></Event><Event xmlns='http://schemas.microsoft.com/win/2004/08/events/event'><System><Provider Name='Microsoft-Windows-Sysmon' Guid='{5770385f-c22a-43e0-bf4c-06f5698ffbd9}'/><EventID>15</EventID><Version>2</Version><Level>4</Level><Task>15</Task><Opcode>0</Opcode><Keywords>0x8000000000000000</Keywords><TimeCreated SystemTime='2020-05-18T07:00:01.765305900Z'/><EventRecordID>4080</EventRecordID><Correlation/><Execution ProcessID='2944' ThreadID='3260'/><Channel>Microsoft-Windows-Sysmon/Operational</Channel><Computer>DESKTOP-P84STH6</Computer><Security UserID='S-1-5-18'/></System><EventData><Data Name='RuleName'></Data><Data Name='UtcTime'>2020-05-18 07:00:01.764</Data><Data Name='ProcessGuid'>{5d3d98af-295a-5ec2-0000-00107ff41500}</Data><Data Name='ProcessId'>5964</Data><Data Name='Image'>C:\Program Files (x86)\Google\Chrome\Application\chrome.exe</Data><Data Name='TargetFilename'>C:\Users\NS\Downloads\1093RD2629.pdf:Zone.Identifier</Data><Data Name='CreationUtcTime'>2020-05-18 07:00:01.191</Data><Data Name='Hash'>MD5=BA446AFE6CE2341D9DDE43BD50DA7167,SHA256=E51CAD403CAFA19AE3D19B0B8B5F6AE61F7231047D8041CFF4CFED2F57D4100F,IMPHASH=00000000000000000000000000000000</Data></EventData></Event><Event xmlns='http://schemas.microsoft.com/win/2004/08/events/event'><System><Provider Name='Microsoft-Windows-Sysmon' Guid='{5770385f-c22a-43e0-bf4c-06f5698ffbd9}'/><EventID>15</EventID><Version>2</Version><Level>4</Level><Task>15</Task><Opcode>0</Opcode><Keywords>0x8000000000000000</Keywords><TimeCreated SystemTime='2020-05-18T07:00:01.764469200Z'/><EventRecordID>4079</EventRecordID><Correlation/><Execution ProcessID='2944' ThreadID='3260'/><Channel>Microsoft-Windows-Sysmon/Operational</Channel><Computer>DESKTOP-P84STH6</Computer><Security UserID='S-1-5-18'/></System><EventData><Data Name='RuleName'></Data><Data Name='UtcTime'>2020-05-18 07:00:01.759</Data><Data Name='ProcessGuid'>{5d3d98af-295a-5ec2-0000-00107ff41500}</Data><Data Name='ProcessId'>5964</Data><Data Name='Image'>C:\Program Files (x86)\Google\Chrome\Application\chrome.exe</Data><Data Name='TargetFilename'>C:\Users\NS\Downloads\1093RD2629.pdf</Data><Data Name='CreationUtcTime'>2020-05-18 07:00:01.191</Data><Data Name='Hash'>MD5=592ED72E3636996BE037E7A26B595895,SHA256=583E892750B46FA7AA6E62FC8A324E4F34D9A7263B9D90CC0229DEEDC900B382,IMPHASH=00000000000000000000000000000000</Data></EventData></Event><Event xmlns='http://schemas.microsoft.com/win/2004/08/events/event'><System><Provider Name='Microsoft-Windows-Sysmon' Guid='{5770385f-c22a-43e0-bf4c-06f5698ffbd9}'/><EventID>15</EventID><Version>2</Version><Level>4</Level><Task>15</Task><Opcode>0</Opcode><Keywords>0x8000000000000000</Keywords><TimeCreated SystemTime='2020-05-18T07:00:01.759997800Z'/><EventRecordID>4078</EventRecordID><Correlation/><Execution ProcessID='2944' ThreadID='3260'/><Channel>Microsoft-Windows-Sysmon/Operational</Channel><Computer>DESKTOP-P84STH6</Computer><Security UserID='S-1-5-18'/></System><EventData><Data Name='RuleName'></Data><Data Name='UtcTime'>2020-05-18 07:00:01.759</Data><Data Name='ProcessGuid'>{5d3d98af-295a-5ec2-0000-00107ff41500}</Data><Data Name='ProcessId'>5964</Data><Data Name='Image'>C:\Program Files (x86)\Google\Chrome\Application\chrome.exe</Data><Data Name='TargetFilename'>C:\Users\NS\Downloads\1093RD2629.pdf:Zone.Identifier</Data><Data Name='CreationUtcTime'>2020-05-18 07:00:01.191</Data><Data Name='Hash'>MD5=FBCCF14D504B7B2DBCB5A5BDA75BD93B,SHA256=EACD09517CE90D34BA562171D15AC40D302F0E691B439F91BE1B6406E25F5913,IMPHASH=00000000000000000000000000000000</Data></EventData></Event><Event xmlns='http://schemas.microsoft.com/win/2004/08/events/event'><System><Provider Name='Microsoft-Windows-Sysmon' Guid='{5770385f-c22a-43e0-bf4c-06f5698ffbd9}'/><EventID>11</EventID><Version>2</Version><Level>4</Level><Task>11</Task><Opcode>0</Opcode><Keywords>0x8000000000000000</Keywords><TimeCreated SystemTime='2020-05-18T07:00:01.759778900Z'/><EventRecordID>4077</EventRecordID><Correlation/><Execution ProcessID='2944' ThreadID='3260'/><Channel>Microsoft-Windows-Sysmon/Operational</Channel><Computer>DESKTOP-P84STH6</Computer><Security UserID='S-1-5-18'/></System><EventData><Data Name='RuleName'>Downloads</Data><Data Name='UtcTime'>2020-05-18 07:00:01.759</Data><Data Name='ProcessGuid'>{5d3d98af-295a-5ec2-0000-00107ff41500}</Data><Data Name='ProcessId'>5964</Data><Data Name='Image'>C:\Program Files (x86)\Google\Chrome\Application\chrome.exe</Data><Data Name='TargetFilename'>C:\Users\NS\Downloads\1093RD2629.pdf:Zone.Identifier</Data><Data Name='CreationUtcTime'>2020-05-18 07:00:01.191</Data></EventData></Event><Event xmlns='http://schemas.microsoft.com/win/2004/08/events/event'><System><Provider Name='Microsoft-Windows-Sysmon' Guid='{5770385f-c22a-43e0-bf4c-06f5698ffbd9}'/><EventID>15</EventID><Version>2</Version><Level>4</Level><Task>15</Task><Opcode>0</Opcode><Keywords>0x8000000000000000</Keywords><TimeCreated SystemTime='2020-05-18T07:00:01.759739800Z'/><EventRecordID>4076</EventRecordID><Correlation/><Execution ProcessID='2944' ThreadID='3260'/><Channel>Microsoft-Windows-Sysmon/Operational</Channel><Computer>DESKTOP-P84STH6</Computer><Security UserID='S-1-5-18'/></System><EventData><Data Name='RuleName'></Data><Data Name='UtcTime'>2020-05-18 07:00:01.756</Data><Data Name='ProcessGuid'>{5d3d98af-295a-5ec2-0000-00107ff41500}</Data><Data Name='ProcessId'>5964</Data><Data Name='Image'>C:\Program Files (x86)\Google\Chrome\Application\chrome.exe</Data><Data Name='TargetFilename'>C:\Users\NS\Downloads\1093RD2629.pdf</Data><Data Name='CreationUtcTime'>2020-05-18 07:00:01.191</Data><Data Name='Hash'>MD5=592ED72E3636996BE037E7A26B595895,SHA256=583E892750B46FA7AA6E62FC8A324E4F34D9A7263B9D90CC0229DEEDC900B382,IMPHASH=00000000000000000000000000000000</Data></EventData></Event>