<Event xmlns='http://schemas.microsoft.com/win/2004/08/events/event'><System><Provider Name='Microsoft-Windows-Sysmon' Guid='{5770385f-c22a-43e0-bf4c-06f5698ffbd9}'/><EventID>11</EventID><Version>2</Version><Level>4</Level><Task>11</Task><Opcode>0</Opcode><Keywords>0x8000000000000000</Keywords><TimeCreated SystemTime='2020-05-18T06:50:15.436305400Z'/><EventRecordID>3952</EventRecordID><Correlation/><Execution ProcessID='2944' ThreadID='3260'/><Channel>Microsoft-Windows-Sysmon/Operational</Channel><Computer>DESKTOP-P84STH6</Computer><Security UserID='S-1-5-18'/></System><EventData><Data Name='RuleName'>DLL</Data><Data Name='UtcTime'>2020-05-18 06:50:15.436</Data><Data Name='ProcessGuid'>{5d3d98af-3004-5ec2-0000-0010416a3100}</Data><Data Name='ProcessId'>4540</Data><Data Name='Image'>C:\Windows\system32\svchost.exe</Data><Data Name='TargetFilename'>C:\Windows\SoftwareDistribution\Download\f0c5633a445db42971325d90f8c1fa3a\Metadata\TurboStack.dll</Data><Data Name='CreationUtcTime'>2019-10-05 12:22:54.000</Data></EventData></Event><Event xmlns='http://schemas.microsoft.com/win/2004/08/events/event'><System><Provider Name='Microsoft-Windows-Sysmon' Guid='{5770385f-c22a-43e0-bf4c-06f5698ffbd9}'/><EventID>11</EventID><Version>2</Version><Level>4</Level><Task>11</Task><Opcode>0</Opcode><Keywords>0x8000000000000000</Keywords><TimeCreated SystemTime='2020-05-18T06:50:15.410095800Z'/><EventRecordID>3951</EventRecordID><Correlation/><Execution ProcessID='2944' ThreadID='3260'/><Channel>Microsoft-Windows-Sysmon/Operational</Channel><Computer>DESKTOP-P84STH6</Computer><Security UserID='S-1-5-18'/></System><EventData><Data Name='RuleName'>DLL</Data><Data Name='UtcTime'>2020-05-18 06:50:15.409</Data><Data Name='ProcessGuid'>{5d3d98af-3004-5ec2-0000-0010416a3100}</Data><Data Name='ProcessId'>4540</Data><Data Name='Image'>C:\Windows\system32\svchost.exe</Data><Data Name='TargetFilename'>C:\Windows\SoftwareDistribution\Download\f0c5633a445db42971325d90f8c1fa3a\Metadata\wcp.dll</Data><Data Name='CreationUtcTime'>2019-10-05 12:22:36.000</Data></EventData></Event><Event xmlns='http://schemas.microsoft.com/win/2004/08/events/event'><System><Provider Name='Microsoft-Windows-Sysmon' Guid='{5770385f-c22a-43e0-bf4c-06f5698ffbd9}'/><EventID>11</EventID><Version>2</Version><Level>4</Level><Task>11</Task><Opcode>0</Opcode><Keywords>0x8000000000000000</Keywords><TimeCreated SystemTime='2020-05-18T06:50:15.408395900Z'/><EventRecordID>3950</EventRecordID><Correlation/><Execution ProcessID='2944' ThreadID='3260'/><Channel>Microsoft-Windows-Sysmon/Operational</Channel><Computer>DESKTOP-P84STH6</Computer><Security UserID='S-1-5-18'/></System><EventData><Data Name='RuleName'>DLL</Data><Data Name='UtcTime'>2020-05-18 06:50:15.407</Data><Data Name='ProcessGuid'>{5d3d98af-3004-5ec2-0000-0010416a3100}</Data><Data Name='ProcessId'>4540</Data><Data Name='Image'>C:\Windows\system32\svchost.exe</Data><Data Name='TargetFilename'>C:\Windows\SoftwareDistribution\Download\f0c5633a445db42971325d90f8c1fa3a\Metadata\UAOneSettings.dll</Data><Data Name='CreationUtcTime'>2019-10-05 12:30:24.000</Data></EventData></Event><Event xmlns='http://schemas.microsoft.com/win/2004/08/events/event'><System><Provider Name='Microsoft-Windows-Sysmon' Guid='{5770385f-c22a-43e0-bf4c-06f5698ffbd9}'/><EventID>11</EventID><Version>2</Version><Level>4</Level><Task>11</Task><Opcode>0</Opcode><Keywords>0x8000000000000000</Keywords><TimeCreated SystemTime='2020-05-18T06:50:15.405378200Z'/><EventRecordID>3949</EventRecordID><Correlation/><Execution ProcessID='2944' ThreadID='3260'/><Channel>Microsoft-Windows-Sysmon/Operational</Channel><Computer>DESKTOP-P84STH6</Computer><Security UserID='S-1-5-18'/></System><EventData><Data Name='RuleName'>DLL</Data><Data Name='UtcTime'>2020-05-18 06:50:15.404</Data><Data Name='ProcessGuid'>{5d3d98af-3004-5ec2-0000-0010416a3100}</Data><Data Name='ProcessId'>4540</Data><Data Name='Image'>C:\Windows\system32\svchost.exe</Data><Data Name='TargetFilename'>C:\Windows\SoftwareDistribution\Download\f0c5633a445db42971325d90f8c1fa3a\Metadata\Mitigation.dll</Data><Data Name='CreationUtcTime'>2019-10-05 15:45:26.000</Data></EventData></Event><Event xmlns='http://schemas.microsoft.com/win/2004/08/events/event'><System><Provider Name='Microsoft-Windows-Sysmon' Guid='{5770385f-c22a-43e0-bf4c-06f5698ffbd9}'/><EventID>11</EventID><Version>2</Version><Level>4</Level><Task>11</Task><Opcode>0</Opcode><Keywords>0x8000000000000000</Keywords><TimeCreated SystemTime='2020-05-18T06:50:15.399994000Z'/><EventRecordID>3948</EventRecordID><Correlation/><Execution ProcessID='2944' ThreadID='3260'/><Channel>Microsoft-Windows-Sysmon/Operational</Channel><Computer>DESKTOP-P84STH6</Computer><Security UserID='S-1-5-18'/></System><EventData><Data Name='RuleName'>DLL</Data><Data Name='UtcTime'>2020-05-18 06:50:15.399</Data><Data Name='ProcessGuid'>{5d3d98af-3004-5ec2-0000-0010416a3100}</Data><Data Name='ProcessId'>4540</Data><Data Name='Image'>C:\Windows\system32\svchost.exe</Data><Data Name='TargetFilename'>C:\Windows\SoftwareDistribution\Download\f0c5633a445db42971325d90f8c1fa3a\Metadata\dpx.dll</Data><Data Name='CreationUtcTime'>2019-10-05 12:22:20.000</Data></EventData></Event><Event xmlns='http://schemas.microsoft.com/win/2004/08/events/event'><System><Provider Name='Microsoft-Windows-Sysmon' Guid='{5770385f-c22a-43e0-bf4c-06f5698ffbd9}'/><EventID>11</EventID><Version>2</Version><Level>4</Level><Task>11</Task><Opcode>0</Opcode><Keywords>0x8000000000000000</Keywords><TimeCreated SystemTime='2020-05-18T06:50:15.382885400Z'/><EventRecordID>3947</EventRecordID><Correlation/><Execution ProcessID='2944' ThreadID='3260'/><Channel>Microsoft-Windows-Sysmon/Operational</Channel><Computer>DESKTOP-P84STH6</Computer><Security UserID='S-1-5-18'/></System><EventData><Data Name='RuleName'>DLL</Data><Data Name='UtcTime'>2020-05-18 06:50:15.382</Data><Data Name='ProcessGuid'>{5d3d98af-3004-5ec2-0000-0010416a3100}</Data><Data Name='ProcessId'>4540</Data><Data Name='Image'>C:\Windows\system32\svchost.exe</Data><Data Name='TargetFilename'>C:\Windows\SoftwareDistribution\Download\f0c5633a445db42971325d90f8c1fa3a\Metadata\UpdateAgent.dll</Data><Data Name='CreationUtcTime'>2019-10-05 12:22:34.000</Data></EventData></Event><Event xmlns='http://schemas.microsoft.com/win/2004/08/events/event'><System><Provider Name='Microsoft-Windows-Sysmon' Guid='{5770385f-c22a-43e0-bf4c-06f5698ffbd9}'/><EventID>11</EventID><Version>2</Version><Level>4</Level><Task>11</Task><Opcode>0</Opcode><Keywords>0x8000000000000000</Keywords><TimeCreated SystemTime='2020-05-18T06:50:06.041305100Z'/><EventRecordID>3946</EventRecordID><Correlation/><Execution ProcessID='2944' ThreadID='3260'/><Channel>Microsoft-Windows-Sysmon/Operational</Channel><Computer>DESKTOP-P84STH6</Computer><Security UserID='S-1-5-18'/></System><EventData><Data Name='RuleName'>DLL</Data><Data Name='UtcTime'>2020-05-18 06:50:06.041</Data><Data Name='ProcessGuid'>{5d3d98af-3004-5ec2-0000-0010416a3100}</Data><Data Name='ProcessId'>4540</Data><Data Name='Image'>C:\Windows\system32\svchost.exe</Data><Data Name='TargetFilename'>C:\Windows\SoftwareDistribution\Download\f0c5633a445db42971325d90f8c1fa3a\Metadata\ReserveManager.dll</Data><Data Name='CreationUtcTime'>2020-05-18 06:50:06.040</Data></EventData></Event><Event xmlns='http://schemas.microsoft.com/win/2004/08/events/event'><System><Provider Name='Microsoft-Windows-Sysmon' Guid='{5770385f-c22a-43e0-bf4c-06f5698ffbd9}'/><EventID>11</EventID><Version>2</Version><Level>4</Level><Task>11</Task><Opcode>0</Opcode><Keywords>0x8000000000000000</Keywords><TimeCreated SystemTime='2020-05-18T06:50:06.035745900Z'/><EventRecordID>3945</EventRecordID><Correlation/><Execution ProcessID='2944' ThreadID='3260'/><Channel>Microsoft-Windows-Sysmon/Operational</Channel><Computer>DESKTOP-P84STH6</Computer><Security UserID='S-1-5-18'/></System><EventData><Data Name='RuleName'>DLL</Data><Data Name='UtcTime'>2020-05-18 06:50:06.035</Data><Data Name='ProcessGuid'>{5d3d98af-3004-5ec2-0000-0010416a3100}</Data><Data Name='ProcessId'>4540</Data><Data Name='Image'>C:\Windows\system32\svchost.exe</Data><Data Name='TargetFilename'>C:\Windows\SoftwareDistribution\Download\f0c5633a445db42971325d90f8c1fa3a\Metadata\TurboStack.dll</Data><Data Name='CreationUtcTime'>2020-05-18 06:50:06.035</Data></EventData></Event><Event xmlns='http://schemas.microsoft.com/win/2004/08/events/event'><System><Provider Name='Microsoft-Windows-Sysmon' Guid='{5770385f-c22a-43e0-bf4c-06f5698ffbd9}'/><EventID>11</EventID><Version>2</Version><Level>4</Level><Task>11</Task><Opcode>0</Opcode><Keywords>0x8000000000000000</Keywords><TimeCreated SystemTime='2020-05-18T06:50:06.009067000Z'/><EventRecordID>3944</EventRecordID><Correlation/><Execution ProcessID='2944' ThreadID='3260'/><Channel>Microsoft-Windows-Sysmon/Operational</Channel><Computer>DESKTOP-P84STH6</Computer><Security UserID='S-1-5-18'/></System><EventData><Data Name='RuleName'>DLL</Data><Data Name='UtcTime'>2020-05-18 06:50:06.008</Data><Data Name='ProcessGuid'>{5d3d98af-3004-5ec2-0000-0010416a3100}</Data><Data Name='ProcessId'>4540</Data><Data Name='Image'>C:\Windows\system32\svchost.exe</Data><Data Name='TargetFilename'>C:\Windows\SoftwareDistribution\Download\f0c5633a445db42971325d90f8c1fa3a\Metadata\wcp.dll</Data><Data Name='CreationUtcTime'>2020-05-18 06:50:06.008</Data></EventData></Event><Event xmlns='http://schemas.microsoft.com/win/2004/08/events/event'><System><Provider Name='Microsoft-Windows-Sysmon' Guid='{5770385f-c22a-43e0-bf4c-06f5698ffbd9}'/><EventID>11</EventID><Version>2</Version><Level>4</Level><Task>11</Task><Opcode>0</Opcode><Keywords>0x8000000000000000</Keywords><TimeCreated SystemTime='2020-05-18T06:50:06.007571900Z'/><EventRecordID>3943</EventRecordID><Correlation/><Execution ProcessID='2944' ThreadID='3260'/><Channel>Microsoft-Windows-Sysmon/Operational</Channel><Computer>DESKTOP-P84STH6</Computer><Security UserID='S-1-5-18'/></System><EventData><Data Name='RuleName'>DLL</Data><Data Name='UtcTime'>2020-05-18 06:50:06.007</Data><Data Name='ProcessGuid'>{5d3d98af-3004-5ec2-0000-0010416a3100}</Data><Data Name='ProcessId'>4540</Data><Data Name='Image'>C:\Windows\system32\svchost.exe</Data><Data Name='TargetFilename'>C:\Windows\SoftwareDistribution\Download\f0c5633a445db42971325d90f8c1fa3a\Metadata\UAOneSettings.dll</Data><Data Name='CreationUtcTime'>2020-05-18 06:50:06.007</Data></EventData></Event><Event xmlns='http://schemas.microsoft.com/win/2004/08/events/event'><System><Provider Name='Microsoft-Windows-Sysmon' Guid='{5770385f-c22a-43e0-bf4c-06f5698ffbd9}'/><EventID>11</EventID><Version>2</Version><Level>4</Level><Task>11</Task><Opcode>0</Opcode><Keywords>0x8000000000000000</Keywords><TimeCreated SystemTime='2020-05-18T06:50:06.004672200Z'/><EventRecordID>3942</EventRecordID><Correlation/><Execution ProcessID='2944' ThreadID='3260'/><Channel>Microsoft-Windows-Sysmon/Operational</Channel><Computer>DESKTOP-P84STH6</Computer><Security UserID='S-1-5-18'/></System><EventData><Data Name='RuleName'>DLL</Data><Data Name='UtcTime'>2020-05-18 06:50:06.004</Data><Data Name='ProcessGuid'>{5d3d98af-3004-5ec2-0000-0010416a3100}</Data><Data Name='ProcessId'>4540</Data><Data Name='Image'>C:\Windows\system32\svchost.exe</Data><Data Name='TargetFilename'>C:\Windows\SoftwareDistribution\Download\f0c5633a445db42971325d90f8c1fa3a\Metadata\Mitigation.dll</Data><Data Name='CreationUtcTime'>2020-05-18 06:50:06.004</Data></EventData></Event><Event xmlns='http://schemas.microsoft.com/win/2004/08/events/event'><System><Provider Name='Microsoft-Windows-Sysmon' Guid='{5770385f-c22a-43e0-bf4c-06f5698ffbd9}'/><EventID>11</EventID><Version>2</Version><Level>4</Level><Task>11</Task><Opcode>0</Opcode><Keywords>0x8000000000000000</Keywords><TimeCreated SystemTime='2020-05-18T06:50:05.999203000Z'/><EventRecordID>3941</EventRecordID><Correlation/><Execution ProcessID='2944' ThreadID='3260'/><Channel>Microsoft-Windows-Sysmon/Operational</Channel><Computer>DESKTOP-P84STH6</Computer><Security UserID='S-1-5-18'/></System><EventData><Data Name='RuleName'>DLL</Data><Data Name='UtcTime'>2020-05-18 06:50:05.998</Data><Data Name='ProcessGuid'>{5d3d98af-3004-5ec2-0000-0010416a3100}</Data><Data Name='ProcessId'>4540</Data><Data Name='Image'>C:\Windows\system32\svchost.exe</Data><Data Name='TargetFilename'>C:\Windows\SoftwareDistribution\Download\f0c5633a445db42971325d90f8c1fa3a\Metadata\dpx.dll</Data><Data Name='CreationUtcTime'>2020-05-18 06:50:05.998</Data></EventData></Event><Event xmlns='http://schemas.microsoft.com/win/2004/08/events/event'><System><Provider Name='Microsoft-Windows-Sysmon' Guid='{5770385f-c22a-43e0-bf4c-06f5698ffbd9}'/><EventID>11</EventID><Version>2</Version><Level>4</Level><Task>11</Task><Opcode>0</Opcode><Keywords>0x8000000000000000</Keywords><TimeCreated SystemTime='2020-05-18T06:50:05.981683300Z'/><EventRecordID>3940</EventRecordID><Correlation/><Execution ProcessID='2944' ThreadID='3260'/><Channel>Microsoft-Windows-Sysmon/Operational</Channel><Computer>DESKTOP-P84STH6</Computer><Security UserID='S-1-5-18'/></System><EventData><Data Name='RuleName'>DLL</Data><Data Name='UtcTime'>2020-05-18 06:50:05.980</Data><Data Name='ProcessGuid'>{5d3d98af-3004-5ec2-0000-0010416a3100}</Data><Data Name='ProcessId'>4540</Data><Data Name='Image'>C:\Windows\system32\svchost.exe</Data><Data Name='TargetFilename'>C:\Windows\SoftwareDistribution\Download\f0c5633a445db42971325d90f8c1fa3a\Metadata\UpdateAgent.dll</Data><Data Name='CreationUtcTime'>2020-05-18 06:50:05.980</Data></EventData></Event><Event xmlns='http://schemas.microsoft.com/win/2004/08/events/event'><System><Provider Name='Microsoft-Windows-Sysmon' Guid='{5770385f-c22a-43e0-bf4c-06f5698ffbd9}'/><EventID>13</EventID><Version>2</Version><Level>4</Level><Task>13</Task><Opcode>0</Opcode><Keywords>0x8000000000000000</Keywords><TimeCreated SystemTime='2020-05-18T06:50:02.811237300Z'/><EventRecordID>3939</EventRecordID><Correlation/><Execution ProcessID='2944' ThreadID='3260'/><Channel>Microsoft-Windows-Sysmon/Operational</Channel><Computer>DESKTOP-P84STH6</Computer><Security UserID='S-1-5-18'/></System><EventData><Data Name='RuleName'>Tamper-Winlogon</Data><Data Name='EventType'>SetValue</Data><Data Name='UtcTime'>2020-05-18 06:50:02.810</Data><Data Name='ProcessGuid'>{5d3d98af-3004-5ec2-0000-0010b4693100}</Data><Data Name='ProcessId'>2400</Data><Data Name='Image'>C:\Windows\servicing\TrustedInstaller.exe</Data><Data Name='TargetObject'>HKLM\System\CurrentControlSet\Control\Winlogon\Notifications\Components\TrustedInstaller\Events</Data><Data Name='Details'>CreateSession</Data></EventData></Event><Event xmlns='http://schemas.microsoft.com/win/2004/08/events/event'><System><Provider Name='Microsoft-Windows-Sysmon' Guid='{5770385f-c22a-43e0-bf4c-06f5698ffbd9}'/><EventID>1</EventID><Version>5</Version><Level>4</Level><Task>1</Task><Opcode>0</Opcode><Keywords>0x8000000000000000</Keywords><TimeCreated SystemTime='2020-05-18T06:50:02.691307700Z'/><EventRecordID>3938</EventRecordID><Correlation/><Execution ProcessID='2944' ThreadID='3260'/><Channel>Microsoft-Windows-Sysmon/Operational</Channel><Computer>DESKTOP-P84STH6</Computer><Security UserID='S-1-5-18'/></System><EventData><Data Name='RuleName'></Data><Data Name='UtcTime'>2020-05-18 06:50:02.689</Data><Data Name='ProcessGuid'>{5d3d98af-301a-5ec2-0000-0010d7633600}</Data><Data Name='ProcessId'>7016</Data><Data Name='Image'>C:\Windows\System32\fodhelper.exe</Data><Data Name='FileVersion'>10.0.18362.1 (WinBuild.160101.0800)</Data><Data Name='Description'>Features On Demand Helper</Data><Data Name='Product'>Microsoft® Windows® Operating System</Data><Data Name='Company'>Microsoft Corporation</Data><Data Name='OriginalFileName'>FodHelper.EXE</Data><Data Name='CommandLine'>C:\Windows\System32\FodHelper.exe -Embedding</Data><Data Name='CurrentDirectory'>C:\Windows\system32\</Data><Data Name='User'>DESKTOP-P84STH6\NS</Data><Data Name='LogonGuid'>{5d3d98af-2597-5ec2-0000-0020e18f0200}</Data><Data Name='LogonId'>0x28fe1</Data><Data Name='TerminalSessionId'>1</Data><Data Name='IntegrityLevel'>High</Data><Data Name='Hashes'>MD5=7215C73EC1AAE35B9E4B1F22C811F85C,SHA256=7E80DA8D839DCF05E30317256460ED7A4EE25CAB2750D768569AAAB35E1E8C64,IMPHASH=2BD851C90720C3E5FEE7E3FF3ACFA3D5</Data><Data Name='ParentProcessGuid'>{5d3d98af-2596-5ec2-0000-001078720000}</Data><Data Name='ParentProcessId'>836</Data><Data Name='ParentImage'>C:\Windows\System32\svchost.exe</Data><Data Name='ParentCommandLine'>C:\Windows\system32\svchost.exe -k DcomLaunch -p</Data></EventData></Event><Event xmlns='http://schemas.microsoft.com/win/2004/08/events/event'><System><Provider Name='Microsoft-Windows-Sysmon' Guid='{5770385f-c22a-43e0-bf4c-06f5698ffbd9}'/><EventID>1</EventID><Version>5</Version><Level>4</Level><Task>1</Task><Opcode>0</Opcode><Keywords>0x8000000000000000</Keywords><TimeCreated SystemTime='2020-05-18T06:50:02.631306600Z'/><EventRecordID>3937</EventRecordID><Correlation/><Execution ProcessID='2944' ThreadID='3260'/><Channel>Microsoft-Windows-Sysmon/Operational</Channel><Computer>DESKTOP-P84STH6</Computer><Security UserID='S-1-5-18'/></System><EventData><Data Name='RuleName'></Data><Data Name='UtcTime'>2020-05-18 06:50:02.629</Data><Data Name='ProcessGuid'>{5d3d98af-301a-5ec2-0000-0010ab513600}</Data><Data Name='ProcessId'>2200</Data><Data Name='Image'>C:\Windows\System32\consent.exe</Data><Data Name='FileVersion'>10.0.18362.1 (WinBuild.160101.0800)</Data><Data Name='Description'>Consent UI for administrative applications</Data><Data Name='Product'>Microsoft® Windows® Operating System</Data><Data Name='Company'>Microsoft Corporation</Data><Data Name='OriginalFileName'>consent.exe</Data><Data Name='CommandLine'>consent.exe 5776 322 00000276B9636C60</Data><Data Name='CurrentDirectory'>C:\Windows\system32\</Data><Data Name='User'>NT AUTHORITY\SYSTEM</Data><Data Name='LogonGuid'>{5d3d98af-2596-5ec2-0000-0020e7030000}</Data><Data Name='LogonId'>0x3e7</Data><Data Name='TerminalSessionId'>1</Data><Data Name='IntegrityLevel'>System</Data><Data Name='Hashes'>MD5=EE2A1C85C472F89B146CC8EE598CCCBC,SHA256=19FD0010DA92B654D1CA270247061A39EA13C0A58529FD8257A97E2EF7794911,IMPHASH=522D83761201075834F05037F5307949</Data><Data Name='ParentProcessGuid'>{5d3d98af-2825-5ec2-0000-0010122b1300}</Data><Data Name='ParentProcessId'>5776</Data><Data Name='ParentImage'>C:\Windows\System32\svchost.exe</Data><Data Name='ParentCommandLine'>C:\Windows\system32\svchost.exe -k netsvcs -p -s Appinfo</Data></EventData></Event><Event xmlns='http://schemas.microsoft.com/win/2004/08/events/event'><System><Provider Name='Microsoft-Windows-Sysmon' Guid='{5770385f-c22a-43e0-bf4c-06f5698ffbd9}'/><EventID>1</EventID><Version>5</Version><Level>4</Level><Task>1</Task><Opcode>0</Opcode><Keywords>0x8000000000000000</Keywords><TimeCreated SystemTime='2020-05-18T06:50:02.346665900Z'/><EventRecordID>3936</EventRecordID><Correlation/><Execution ProcessID='2944' ThreadID='3260'/><Channel>Microsoft-Windows-Sysmon/Operational</Channel><Computer>DESKTOP-P84STH6</Computer><Security UserID='S-1-5-18'/></System><EventData><Data Name='RuleName'></Data><Data Name='UtcTime'>2020-05-18 06:50:02.343</Data><Data Name='ProcessGuid'>{5d3d98af-301a-5ec2-0000-00106bfc3500}</Data><Data Name='ProcessId'>544</Data><Data Name='Image'>C:\Windows\System32\taskhostw.exe</Data><Data Name='FileVersion'>10.0.18362.387 (WinBuild.160101.0800)</Data><Data Name='Description'>Host Process for Windows Tasks</Data><Data Name='Product'>Microsoft® Windows® Operating System</Data><Data Name='Company'>Microsoft Corporation</Data><Data Name='OriginalFileName'>taskhostw.exe</Data><Data Name='CommandLine'>taskhostw.exe</Data><Data Name='CurrentDirectory'>C:\Windows\system32\</Data><Data Name='User'>NT AUTHORITY\SYSTEM</Data><Data Name='LogonGuid'>{5d3d98af-2596-5ec2-0000-0020e7030000}</Data><Data Name='LogonId'>0x3e7</Data><Data Name='TerminalSessionId'>0</Data><Data Name='IntegrityLevel'>System</Data><Data Name='Hashes'>MD5=8AC325C757FA721B272ECEA19EBCF745,SHA256=0BEC3128B241FA533DC5A9D3F62AA41323D205DEFC30DCDE228C5ECC2D1E50A9,IMPHASH=9CB27CAED52CB0AFFB32788922A0D083</Data><Data Name='ParentProcessGuid'>{5d3d98af-2596-5ec2-0000-0010a6d50000}</Data><Data Name='ParentProcessId'>1080</Data><Data Name='ParentImage'>C:\Windows\System32\svchost.exe</Data><Data Name='ParentCommandLine'>C:\Windows\system32\svchost.exe -k netsvcs -p -s Schedule</Data></EventData></Event><Event xmlns='http://schemas.microsoft.com/win/2004/08/events/event'><System><Provider Name='Microsoft-Windows-Sysmon' Guid='{5770385f-c22a-43e0-bf4c-06f5698ffbd9}'/><EventID>11</EventID><Version>2</Version><Level>4</Level><Task>11</Task><Opcode>0</Opcode><Keywords>0x8000000000000000</Keywords><TimeCreated SystemTime='2020-05-18T06:49:57.085464100Z'/><EventRecordID>3935</EventRecordID><Correlation/><Execution ProcessID='2944' ThreadID='3260'/><Channel>Microsoft-Windows-Sysmon/Operational</Channel><Computer>DESKTOP-P84STH6</Computer><Security UserID='S-1-5-18'/></System><EventData><Data Name='RuleName'>DLL</Data><Data Name='UtcTime'>2020-05-18 06:49:57.085</Data><Data Name='ProcessGuid'>{5d3d98af-3004-5ec2-0000-0010416a3100}</Data><Data Name='ProcessId'>4540</Data><Data Name='Image'>C:\Windows\system32\svchost.exe</Data><Data Name='TargetFilename'>C:\Windows\SoftwareDistribution\Download\ef9c9908496ef375fa218f652aa0d378\Metadata\ReserveManager.dll</Data><Data Name='CreationUtcTime'>2019-10-05 12:31:16.000</Data></EventData></Event><Event xmlns='http://schemas.microsoft.com/win/2004/08/events/event'><System><Provider Name='Microsoft-Windows-Sysmon' Guid='{5770385f-c22a-43e0-bf4c-06f5698ffbd9}'/><EventID>11</EventID><Version>2</Version><Level>4</Level><Task>11</Task><Opcode>0</Opcode><Keywords>0x8000000000000000</Keywords><TimeCreated SystemTime='2020-05-18T06:49:57.080543900Z'/><EventRecordID>3934</EventRecordID><Correlation/><Execution ProcessID='2944' ThreadID='3260'/><Channel>Microsoft-Windows-Sysmon/Operational</Channel><Computer>DESKTOP-P84STH6</Computer><Security UserID='S-1-5-18'/></System><EventData><Data Name='RuleName'>DLL</Data><Data Name='UtcTime'>2020-05-18 06:49:57.080</Data><Data Name='ProcessGuid'>{5d3d98af-3004-5ec2-0000-0010416a3100}</Data><Data Name='ProcessId'>4540</Data><Data Name='Image'>C:\Windows\system32\svchost.exe</Data><Data Name='TargetFilename'>C:\Windows\SoftwareDistribution\Download\ef9c9908496ef375fa218f652aa0d378\Metadata\TurboStack.dll</Data><Data Name='CreationUtcTime'>2019-10-05 12:22:54.000</Data></EventData></Event><Event xmlns='http://schemas.microsoft.com/win/2004/08/events/event'><System><Provider Name='Microsoft-Windows-Sysmon' Guid='{5770385f-c22a-43e0-bf4c-06f5698ffbd9}'/><EventID>11</EventID><Version>2</Version><Level>4</Level><Task>11</Task><Opcode>0</Opcode><Keywords>0x8000000000000000</Keywords><TimeCreated SystemTime='2020-05-18T06:49:57.053622400Z'/><EventRecordID>3933</EventRecordID><Correlation/><Execution ProcessID='2944' ThreadID='3260'/><Channel>Microsoft-Windows-Sysmon/Operational</Channel><Computer>DESKTOP-P84STH6</Computer><Security UserID='S-1-5-18'/></System><EventData><Data Name='RuleName'>DLL</Data><Data Name='UtcTime'>2020-05-18 06:49:57.052</Data><Data Name='ProcessGuid'>{5d3d98af-3004-5ec2-0000-0010416a3100}</Data><Data Name='ProcessId'>4540</Data><Data Name='Image'>C:\Windows\system32\svchost.exe</Data><Data Name='TargetFilename'>C:\Windows\SoftwareDistribution\Download\ef9c9908496ef375fa218f652aa0d378\Metadata\wcp.dll</Data><Data Name='CreationUtcTime'>2019-10-05 12:22:36.000</Data></EventData></Event><Event xmlns='http://schemas.microsoft.com/win/2004/08/events/event'><System><Provider Name='Microsoft-Windows-Sysmon' Guid='{5770385f-c22a-43e0-bf4c-06f5698ffbd9}'/><EventID>11</EventID><Version>2</Version><Level>4</Level><Task>11</Task><Opcode>0</Opcode><Keywords>0x8000000000000000</Keywords><TimeCreated SystemTime='2020-05-18T06:49:57.051794700Z'/><EventRecordID>3932</EventRecordID><Correlation/><Execution ProcessID='2944' ThreadID='3260'/><Channel>Microsoft-Windows-Sysmon/Operational</Channel><Computer>DESKTOP-P84STH6</Computer><Security UserID='S-1-5-18'/></System><EventData><Data Name='RuleName'>DLL</Data><Data Name='UtcTime'>2020-05-18 06:49:57.050</Data><Data Name='ProcessGuid'>{5d3d98af-3004-5ec2-0000-0010416a3100}</Data><Data Name='ProcessId'>4540</Data><Data Name='Image'>C:\Windows\system32\svchost.exe</Data><Data Name='TargetFilename'>C:\Windows\SoftwareDistribution\Download\ef9c9908496ef375fa218f652aa0d378\Metadata\UAOneSettings.dll</Data><Data Name='CreationUtcTime'>2019-10-05 12:30:24.000</Data></EventData></Event><Event xmlns='http://schemas.microsoft.com/win/2004/08/events/event'><System><Provider Name='Microsoft-Windows-Sysmon' Guid='{5770385f-c22a-43e0-bf4c-06f5698ffbd9}'/><EventID>11</EventID><Version>2</Version><Level>4</Level><Task>11</Task><Opcode>0</Opcode><Keywords>0x8000000000000000</Keywords><TimeCreated SystemTime='2020-05-18T06:49:57.049125400Z'/><EventRecordID>3931</EventRecordID><Correlation/><Execution ProcessID='2944' ThreadID='3260'/><Channel>Microsoft-Windows-Sysmon/Operational</Channel><Computer>DESKTOP-P84STH6</Computer><Security UserID='S-1-5-18'/></System><EventData><Data Name='RuleName'>DLL</Data><Data Name='UtcTime'>2020-05-18 06:49:57.048</Data><Data Name='ProcessGuid'>{5d3d98af-3004-5ec2-0000-0010416a3100}</Data><Data Name='ProcessId'>4540</Data><Data Name='Image'>C:\Windows\system32\svchost.exe</Data><Data Name='TargetFilename'>C:\Windows\SoftwareDistribution\Download\ef9c9908496ef375fa218f652aa0d378\Metadata\Mitigation.dll</Data><Data Name='CreationUtcTime'>2019-10-05 15:45:26.000</Data></EventData></Event><Event xmlns='http://schemas.microsoft.com/win/2004/08/events/event'><System><Provider Name='Microsoft-Windows-Sysmon' Guid='{5770385f-c22a-43e0-bf4c-06f5698ffbd9}'/><EventID>11</EventID><Version>2</Version><Level>4</Level><Task>11</Task><Opcode>0</Opcode><Keywords>0x8000000000000000</Keywords><TimeCreated SystemTime='2020-05-18T06:49:57.043554700Z'/><EventRecordID>3930</EventRecordID><Correlation/><Execution ProcessID='2944' ThreadID='3260'/><Channel>Microsoft-Windows-Sysmon/Operational</Channel><Computer>DESKTOP-P84STH6</Computer><Security UserID='S-1-5-18'/></System><EventData><Data Name='RuleName'>DLL</Data><Data Name='UtcTime'>2020-05-18 06:49:57.043</Data><Data Name='ProcessGuid'>{5d3d98af-3004-5ec2-0000-0010416a3100}</Data><Data Name='ProcessId'>4540</Data><Data Name='Image'>C:\Windows\system32\svchost.exe</Data><Data Name='TargetFilename'>C:\Windows\SoftwareDistribution\Download\ef9c9908496ef375fa218f652aa0d378\Metadata\dpx.dll</Data><Data Name='CreationUtcTime'>2019-10-05 12:22:20.000</Data></EventData></Event><Event xmlns='http://schemas.microsoft.com/win/2004/08/events/event'><System><Provider Name='Microsoft-Windows-Sysmon' Guid='{5770385f-c22a-43e0-bf4c-06f5698ffbd9}'/><EventID>11</EventID><Version>2</Version><Level>4</Level><Task>11</Task><Opcode>0</Opcode><Keywords>0x8000000000000000</Keywords><TimeCreated SystemTime='2020-05-18T06:49:57.025190400Z'/><EventRecordID>3929</EventRecordID><Correlation/><Execution ProcessID='2944' ThreadID='3260'/><Channel>Microsoft-Windows-Sysmon/Operational</Channel><Computer>DESKTOP-P84STH6</Computer><Security UserID='S-1-5-18'/></System><EventData><Data Name='RuleName'>DLL</Data><Data Name='UtcTime'>2020-05-18 06:49:57.024</Data><Data Name='ProcessGuid'>{5d3d98af-3004-5ec2-0000-0010416a3100}</Data><Data Name='ProcessId'>4540</Data><Data Name='Image'>C:\Windows\system32\svchost.exe</Data><Data Name='TargetFilename'>C:\Windows\SoftwareDistribution\Download\ef9c9908496ef375fa218f652aa0d378\Metadata\UpdateAgent.dll</Data><Data Name='CreationUtcTime'>2019-10-05 12:22:34.000</Data></EventData></Event><Event xmlns='http://schemas.microsoft.com/win/2004/08/events/event'><System><Provider Name='Microsoft-Windows-Sysmon' Guid='{5770385f-c22a-43e0-bf4c-06f5698ffbd9}'/><EventID>11</EventID><Version>2</Version><Level>4</Level><Task>11</Task><Opcode>0</Opcode><Keywords>0x8000000000000000</Keywords><TimeCreated SystemTime='2020-05-18T06:49:52.214254900Z'/><EventRecordID>3928</EventRecordID><Correlation/><Execution ProcessID='2944' ThreadID='3260'/><Channel>Microsoft-Windows-Sysmon/Operational</Channel><Computer>DESKTOP-P84STH6</Computer><Security UserID='S-1-5-18'/></System><EventData><Data Name='RuleName'>DLL</Data><Data Name='UtcTime'>2020-05-18 06:49:52.214</Data><Data Name='ProcessGuid'>{5d3d98af-3004-5ec2-0000-0010416a3100}</Data><Data Name='ProcessId'>4540</Data><Data Name='Image'>C:\Windows\system32\svchost.exe</Data><Data Name='TargetFilename'>C:\Windows\SoftwareDistribution\Download\ef9c9908496ef375fa218f652aa0d378\Metadata\ReserveManager.dll</Data><Data Name='CreationUtcTime'>2020-05-18 06:49:52.212</Data></EventData></Event><Event xmlns='http://schemas.microsoft.com/win/2004/08/events/event'><System><Provider Name='Microsoft-Windows-Sysmon' Guid='{5770385f-c22a-43e0-bf4c-06f5698ffbd9}'/><EventID>11</EventID><Version>2</Version><Level>4</Level><Task>11</Task><Opcode>0</Opcode><Keywords>0x8000000000000000</Keywords><TimeCreated SystemTime='2020-05-18T06:49:52.209382500Z'/><EventRecordID>3927</EventRecordID><Correlation/><Execution ProcessID='2944' ThreadID='3260'/><Channel>Microsoft-Windows-Sysmon/Operational</Channel><Computer>DESKTOP-P84STH6</Computer><Security UserID='S-1-5-18'/></System><EventData><Data Name='RuleName'>DLL</Data><Data Name='UtcTime'>2020-05-18 06:49:52.208</Data><Data Name='ProcessGuid'>{5d3d98af-3004-5ec2-0000-0010416a3100}</Data><Data Name='ProcessId'>4540</Data><Data Name='Image'>C:\Windows\system32\svchost.exe</Data><Data Name='TargetFilename'>C:\Windows\SoftwareDistribution\Download\ef9c9908496ef375fa218f652aa0d378\Metadata\TurboStack.dll</Data><Data Name='CreationUtcTime'>2020-05-18 06:49:52.208</Data></EventData></Event><Event xmlns='http://schemas.microsoft.com/win/2004/08/events/event'><System><Provider Name='Microsoft-Windows-Sysmon' Guid='{5770385f-c22a-43e0-bf4c-06f5698ffbd9}'/><EventID>11</EventID><Version>2</Version><Level>4</Level><Task>11</Task><Opcode>0</Opcode><Keywords>0x8000000000000000</Keywords><TimeCreated SystemTime='2020-05-18T06:49:52.184350700Z'/><EventRecordID>3926</EventRecordID><Correlation/><Execution ProcessID='2944' ThreadID='3260'/><Channel>Microsoft-Windows-Sysmon/Operational</Channel><Computer>DESKTOP-P84STH6</Computer><Security UserID='S-1-5-18'/></System><EventData><Data Name='RuleName'>DLL</Data><Data Name='UtcTime'>2020-05-18 06:49:52.183</Data><Data Name='ProcessGuid'>{5d3d98af-3004-5ec2-0000-0010416a3100}</Data><Data Name='ProcessId'>4540</Data><Data Name='Image'>C:\Windows\system32\svchost.exe</Data><Data Name='TargetFilename'>C:\Windows\SoftwareDistribution\Download\ef9c9908496ef375fa218f652aa0d378\Metadata\wcp.dll</Data><Data Name='CreationUtcTime'>2020-05-18 06:49:52.183</Data></EventData></Event><Event xmlns='http://schemas.microsoft.com/win/2004/08/events/event'><System><Provider Name='Microsoft-Windows-Sysmon' Guid='{5770385f-c22a-43e0-bf4c-06f5698ffbd9}'/><EventID>11</EventID><Version>2</Version><Level>4</Level><Task>11</Task><Opcode>0</Opcode><Keywords>0x8000000000000000</Keywords><TimeCreated SystemTime='2020-05-18T06:49:52.182882300Z'/><EventRecordID>3925</EventRecordID><Correlation/><Execution ProcessID='2944' ThreadID='3260'/><Channel>Microsoft-Windows-Sysmon/Operational</Channel><Computer>DESKTOP-P84STH6</Computer><Security UserID='S-1-5-18'/></System><EventData><Data Name='RuleName'>DLL</Data><Data Name='UtcTime'>2020-05-18 06:49:52.182</Data><Data Name='ProcessGuid'>{5d3d98af-3004-5ec2-0000-0010416a3100}</Data><Data Name='ProcessId'>4540</Data><Data Name='Image'>C:\Windows\system32\svchost.exe</Data><Data Name='TargetFilename'>C:\Windows\SoftwareDistribution\Download\ef9c9908496ef375fa218f652aa0d378\Metadata\UAOneSettings.dll</Data><Data Name='CreationUtcTime'>2020-05-18 06:49:52.181</Data></EventData></Event><Event xmlns='http://schemas.microsoft.com/win/2004/08/events/event'><System><Provider Name='Microsoft-Windows-Sysmon' Guid='{5770385f-c22a-43e0-bf4c-06f5698ffbd9}'/><EventID>11</EventID><Version>2</Version><Level>4</Level><Task>11</Task><Opcode>0</Opcode><Keywords>0x8000000000000000</Keywords><TimeCreated SystemTime='2020-05-18T06:49:52.180060200Z'/><EventRecordID>3924</EventRecordID><Correlation/><Execution ProcessID='2944' ThreadID='3260'/><Channel>Microsoft-Windows-Sysmon/Operational</Channel><Computer>DESKTOP-P84STH6</Computer><Security UserID='S-1-5-18'/></System><EventData><Data Name='RuleName'>DLL</Data><Data Name='UtcTime'>2020-05-18 06:49:52.179</Data><Data Name='ProcessGuid'>{5d3d98af-3004-5ec2-0000-0010416a3100}</Data><Data Name='ProcessId'>4540</Data><Data Name='Image'>C:\Windows\system32\svchost.exe</Data><Data Name='TargetFilename'>C:\Windows\SoftwareDistribution\Download\ef9c9908496ef375fa218f652aa0d378\Metadata\Mitigation.dll</Data><Data Name='CreationUtcTime'>2020-05-18 06:49:52.179</Data></EventData></Event><Event xmlns='http://schemas.microsoft.com/win/2004/08/events/event'><System><Provider Name='Microsoft-Windows-Sysmon' Guid='{5770385f-c22a-43e0-bf4c-06f5698ffbd9}'/><EventID>11</EventID><Version>2</Version><Level>4</Level><Task>11</Task><Opcode>0</Opcode><Keywords>0x8000000000000000</Keywords><TimeCreated SystemTime='2020-05-18T06:49:52.174883900Z'/><EventRecordID>3923</EventRecordID><Correlation/><Execution ProcessID='2944' ThreadID='3260'/><Channel>Microsoft-Windows-Sysmon/Operational</Channel><Computer>DESKTOP-P84STH6</Computer><Security UserID='S-1-5-18'/></System><EventData><Data Name='RuleName'>DLL</Data><Data Name='UtcTime'>2020-05-18 06:49:52.173</Data><Data Name='ProcessGuid'>{5d3d98af-3004-5ec2-0000-0010416a3100}</Data><Data Name='ProcessId'>4540</Data><Data Name='Image'>C:\Windows\system32\svchost.exe</Data><Data Name='TargetFilename'>C:\Windows\SoftwareDistribution\Download\ef9c9908496ef375fa218f652aa0d378\Metadata\dpx.dll</Data><Data Name='CreationUtcTime'>2020-05-18 06:49:52.173</Data></EventData></Event><Event xmlns='http://schemas.microsoft.com/win/2004/08/events/event'><System><Provider Name='Microsoft-Windows-Sysmon' Guid='{5770385f-c22a-43e0-bf4c-06f5698ffbd9}'/><EventID>11</EventID><Version>2</Version><Level>4</Level><Task>11</Task><Opcode>0</Opcode><Keywords>0x8000000000000000</Keywords><TimeCreated SystemTime='2020-05-18T06:49:52.158139100Z'/><EventRecordID>3922</EventRecordID><Correlation/><Execution ProcessID='2944' ThreadID='3260'/><Channel>Microsoft-Windows-Sysmon/Operational</Channel><Computer>DESKTOP-P84STH6</Computer><Security UserID='S-1-5-18'/></System><EventData><Data Name='RuleName'>DLL</Data><Data Name='UtcTime'>2020-05-18 06:49:52.157</Data><Data Name='ProcessGuid'>{5d3d98af-3004-5ec2-0000-0010416a3100}</Data><Data Name='ProcessId'>4540</Data><Data Name='Image'>C:\Windows\system32\svchost.exe</Data><Data Name='TargetFilename'>C:\Windows\SoftwareDistribution\Download\ef9c9908496ef375fa218f652aa0d378\Metadata\UpdateAgent.dll</Data><Data Name='CreationUtcTime'>2020-05-18 06:49:52.157</Data></EventData></Event><Event xmlns='http://schemas.microsoft.com/win/2004/08/events/event'><System><Provider Name='Microsoft-Windows-Sysmon' Guid='{5770385f-c22a-43e0-bf4c-06f5698ffbd9}'/><EventID>1</EventID><Version>5</Version><Level>4</Level><Task>1</Task><Opcode>0</Opcode><Keywords>0x8000000000000000</Keywords><TimeCreated SystemTime='2020-05-18T06:49:40.632742600Z'/><EventRecordID>3921</EventRecordID><Correlation/><Execution ProcessID='2944' ThreadID='3260'/><Channel>Microsoft-Windows-Sysmon/Operational</Channel><Computer>DESKTOP-P84STH6</Computer><Security UserID='S-1-5-18'/></System><EventData><Data Name='RuleName'></Data><Data Name='UtcTime'>2020-05-18 06:49:40.630</Data><Data Name='ProcessGuid'>{5d3d98af-3004-5ec2-0000-0010758f3100}</Data><Data Name='ProcessId'>6156</Data><Data Name='Image'>C:\Windows\System32\svchost.exe</Data><Data Name='FileVersion'>10.0.18362.1 (WinBuild.160101.0800)</Data><Data Name='Description'>Host Process for Windows Services</Data><Data Name='Product'>Microsoft® Windows® Operating System</Data><Data Name='Company'>Microsoft Corporation</Data><Data Name='OriginalFileName'>svchost.exe</Data><Data Name='CommandLine'>C:\Windows\system32\svchost.exe -k netsvcs -s LxpSvc</Data><Data Name='CurrentDirectory'>C:\Windows\system32\</Data><Data Name='User'>NT AUTHORITY\SYSTEM</Data><Data Name='LogonGuid'>{5d3d98af-2596-5ec2-0000-0020e7030000}</Data><Data Name='LogonId'>0x3e7</Data><Data Name='TerminalSessionId'>0</Data><Data Name='IntegrityLevel'>System</Data><Data Name='Hashes'>MD5=9520A99E77D6196D0D09833146424113,SHA256=DD191A5B23DF92E12A8852291F9FB5ED594B76A28A5A464418442584AFD1E048,IMPHASH=247B9220E5D9B720A82B2C8B5069AD69</Data><Data Name='ParentProcessGuid'>{5d3d98af-2596-5ec2-0000-0010015c0000}</Data><Data Name='ParentProcessId'>656</Data><Data Name='ParentImage'>C:\Windows\System32\services.exe</Data><Data Name='ParentCommandLine'>C:\Windows\system32\services.exe</Data></EventData></Event><Event xmlns='http://schemas.microsoft.com/win/2004/08/events/event'><System><Provider Name='Microsoft-Windows-Sysmon' Guid='{5770385f-c22a-43e0-bf4c-06f5698ffbd9}'/><EventID>1</EventID><Version>5</Version><Level>4</Level><Task>1</Task><Opcode>0</Opcode><Keywords>0x8000000000000000</Keywords><TimeCreated SystemTime='2020-05-18T06:49:40.496294800Z'/><EventRecordID>3920</EventRecordID><Correlation/><Execution ProcessID='2944' ThreadID='3260'/><Channel>Microsoft-Windows-Sysmon/Operational</Channel><Computer>DESKTOP-P84STH6</Computer><Security UserID='S-1-5-18'/></System><EventData><Data Name='RuleName'></Data><Data Name='UtcTime'>2020-05-18 06:49:40.494</Data><Data Name='ProcessGuid'>{5d3d98af-3004-5ec2-0000-001017703100}</Data><Data Name='ProcessId'>5196</Data><Data Name='Image'>C:\Windows\WinSxS\amd64_microsoft-windows-servicingstack_31bf3856ad364e35_10.0.18362.411_none_5f53d2d858cf8961\TiWorker.exe</Data><Data Name='FileVersion'>10.0.18362.1 (WinBuild.160101.0800)</Data><Data Name='Description'>Windows Modules Installer Worker</Data><Data Name='Product'>Microsoft® Windows® Operating System</Data><Data Name='Company'>Microsoft Corporation</Data><Data Name='OriginalFileName'>TiWorker.exe</Data><Data Name='CommandLine'>C:\Windows\winsxs\amd64_microsoft-windows-servicingstack_31bf3856ad364e35_10.0.18362.411_none_5f53d2d858cf8961\TiWorker.exe -Embedding</Data><Data Name='CurrentDirectory'>C:\Windows\system32\</Data><Data Name='User'>NT AUTHORITY\SYSTEM</Data><Data Name='LogonGuid'>{5d3d98af-2596-5ec2-0000-0020e7030000}</Data><Data Name='LogonId'>0x3e7</Data><Data Name='TerminalSessionId'>0</Data><Data Name='IntegrityLevel'>System</Data><Data Name='Hashes'>MD5=0ECD172646FE879F84FF33DA8FFA9373,SHA256=C26DC49916EE8298F8A8CBF8ACE62A4538775F8D8D5B33322A316BA7555616B6,IMPHASH=5C119443B09CF04CA999CBD8CA2382AC</Data><Data Name='ParentProcessGuid'>{5d3d98af-2596-5ec2-0000-001078720000}</Data><Data Name='ParentProcessId'>836</Data><Data Name='ParentImage'>C:\Windows\System32\svchost.exe</Data><Data Name='ParentCommandLine'>C:\Windows\system32\svchost.exe -k DcomLaunch -p</Data></EventData></Event><Event xmlns='http://schemas.microsoft.com/win/2004/08/events/event'><System><Provider Name='Microsoft-Windows-Sysmon' Guid='{5770385f-c22a-43e0-bf4c-06f5698ffbd9}'/><EventID>1</EventID><Version>5</Version><Level>4</Level><Task>1</Task><Opcode>0</Opcode><Keywords>0x8000000000000000</Keywords><TimeCreated SystemTime='2020-05-18T06:49:40.470786200Z'/><EventRecordID>3919</EventRecordID><Correlation/><Execution ProcessID='2944' ThreadID='3260'/><Channel>Microsoft-Windows-Sysmon/Operational</Channel><Computer>DESKTOP-P84STH6</Computer><Security UserID='S-1-5-18'/></System><EventData><Data Name='RuleName'></Data><Data Name='UtcTime'>2020-05-18 06:49:40.466</Data><Data Name='ProcessGuid'>{5d3d98af-3004-5ec2-0000-0010b4693100}</Data><Data Name='ProcessId'>2400</Data><Data Name='Image'>C:\Windows\servicing\TrustedInstaller.exe</Data><Data Name='FileVersion'>10.0.18362.1 (WinBuild.160101.0800)</Data><Data Name='Description'>Windows Modules Installer</Data><Data Name='Product'>Microsoft® Windows® Operating System</Data><Data Name='Company'>Microsoft Corporation</Data><Data Name='OriginalFileName'>TrustedInstaller.exe</Data><Data Name='CommandLine'>C:\Windows\servicing\TrustedInstaller.exe</Data><Data Name='CurrentDirectory'>C:\Windows\system32\</Data><Data Name='User'>NT AUTHORITY\SYSTEM</Data><Data Name='LogonGuid'>{5d3d98af-2596-5ec2-0000-0020e7030000}</Data><Data Name='LogonId'>0x3e7</Data><Data Name='TerminalSessionId'>0</Data><Data Name='IntegrityLevel'>System</Data><Data Name='Hashes'>MD5=8B5AFFC4987F9AE41DF15940C6EF66CB,SHA256=520273402F22ADA8948F8E1CB0899D0A5B1BC01CFF787747C1227945B336E4C5,IMPHASH=88851E233BD15333933A93A6EDD4788A</Data><Data Name='ParentProcessGuid'>{5d3d98af-2596-5ec2-0000-0010015c0000}</Data><Data Name='ParentProcessId'>656</Data><Data Name='ParentImage'>C:\Windows\System32\services.exe</Data><Data Name='ParentCommandLine'>C:\Windows\system32\services.exe</Data></EventData></Event><Event xmlns='http://schemas.microsoft.com/win/2004/08/events/event'><System><Provider Name='Microsoft-Windows-Sysmon' Guid='{5770385f-c22a-43e0-bf4c-06f5698ffbd9}'/><EventID>22</EventID><Version>5</Version><Level>4</Level><Task>22</Task><Opcode>0</Opcode><Keywords>0x8000000000000000</Keywords><TimeCreated SystemTime='2020-05-18T06:49:40.019554500Z'/><EventRecordID>3918</EventRecordID><Correlation/><Execution ProcessID='2944' ThreadID='3256'/><Channel>Microsoft-Windows-Sysmon/Operational</Channel><Computer>DESKTOP-P84STH6</Computer><Security UserID='S-1-5-18'/></System><EventData><Data Name='RuleName'></Data><Data Name='UtcTime'>2020-05-18 06:49:35.299</Data><Data Name='ProcessGuid'>{5d3d98af-2fd1-5ec2-0000-00108c053000}</Data><Data Name='ProcessId'>6172</Data><Data Name='QueryName'>onecs-live.azureedge.net</Data><Data Name='QueryStatus'>0</Data><Data Name='QueryResults'>type:  5 onecs-live.ec.azureedge.net;type:  5 cs9.wpc.v0cdn.net;::ffff:117.18.232.200;</Data><Data Name='Image'>C:\Windows\ImmersiveControlPanel\SystemSettings.exe</Data></EventData></Event><Event xmlns='http://schemas.microsoft.com/win/2004/08/events/event'><System><Provider Name='Microsoft-Windows-Sysmon' Guid='{5770385f-c22a-43e0-bf4c-06f5698ffbd9}'/><EventID>22</EventID><Version>5</Version><Level>4</Level><Task>22</Task><Opcode>0</Opcode><Keywords>0x8000000000000000</Keywords><TimeCreated SystemTime='2020-05-18T06:48:52.867314100Z'/><EventRecordID>3917</EventRecordID><Correlation/><Execution ProcessID='2944' ThreadID='3256'/><Channel>Microsoft-Windows-Sysmon/Operational</Channel><Computer>DESKTOP-P84STH6</Computer><Security UserID='S-1-5-18'/></System><EventData><Data Name='RuleName'></Data><Data Name='UtcTime'>2020-05-18 06:48:48.762</Data><Data Name='ProcessGuid'>{5d3d98af-259a-5ec2-0000-0010c3f80500}</Data><Data Name='ProcessId'>5264</Data><Data Name='QueryName'>f7b2d832b0dd611131704e563794be69.clo.footprintdns.com</Data><Data Name='QueryStatus'>0</Data><Data Name='QueryResults'>type:  5 canary.trafficmanager.net;type:  5 os1prdapp01-canary.cloudapp.net;::ffff:104.46.237.164;</Data><Data Name='Image'>C:\Windows\SystemApps\Microsoft.Windows.Cortana_cw5n1h2txyewy\SearchUI.exe</Data></EventData></Event><Event xmlns='http://schemas.microsoft.com/win/2004/08/events/event'><System><Provider Name='Microsoft-Windows-Sysmon' Guid='{5770385f-c22a-43e0-bf4c-06f5698ffbd9}'/><EventID>1</EventID><Version>5</Version><Level>4</Level><Task>1</Task><Opcode>0</Opcode><Keywords>0x8000000000000000</Keywords><TimeCreated SystemTime='2020-05-18T06:48:49.814733100Z'/><EventRecordID>3916</EventRecordID><Correlation/><Execution ProcessID='2944' ThreadID='3260'/><Channel>Microsoft-Windows-Sysmon/Operational</Channel><Computer>DESKTOP-P84STH6</Computer><Security UserID='S-1-5-18'/></System><EventData><Data Name='RuleName'></Data><Data Name='UtcTime'>2020-05-18 06:48:49.813</Data><Data Name='ProcessGuid'>{5d3d98af-2fd1-5ec2-0000-001016aa3000}</Data><Data Name='ProcessId'>3512</Data><Data Name='Image'>C:\Windows\System32\svchost.exe</Data><Data Name='FileVersion'>10.0.18362.1 (WinBuild.160101.0800)</Data><Data Name='Description'>Host Process for Windows Services</Data><Data Name='Product'>Microsoft® Windows® Operating System</Data><Data Name='Company'>Microsoft Corporation</Data><Data Name='OriginalFileName'>svchost.exe</Data><Data Name='CommandLine'>C:\Windows\system32\svchost.exe -k BcastDVRUserService -s BcastDVRUserService</Data><Data Name='CurrentDirectory'>C:\Windows\system32\</Data><Data Name='User'>DESKTOP-P84STH6\NS</Data><Data Name='LogonGuid'>{5d3d98af-2597-5ec2-0000-0020c1900200}</Data><Data Name='LogonId'>0x290c1</Data><Data Name='TerminalSessionId'>1</Data><Data Name='IntegrityLevel'>Medium</Data><Data Name='Hashes'>MD5=9520A99E77D6196D0D09833146424113,SHA256=DD191A5B23DF92E12A8852291F9FB5ED594B76A28A5A464418442584AFD1E048,IMPHASH=247B9220E5D9B720A82B2C8B5069AD69</Data><Data Name='ParentProcessGuid'>{5d3d98af-2596-5ec2-0000-0010015c0000}</Data><Data Name='ParentProcessId'>656</Data><Data Name='ParentImage'>C:\Windows\System32\services.exe</Data><Data Name='ParentCommandLine'>C:\Windows\system32\services.exe</Data></EventData></Event><Event xmlns='http://schemas.microsoft.com/win/2004/08/events/event'><System><Provider Name='Microsoft-Windows-Sysmon' Guid='{5770385f-c22a-43e0-bf4c-06f5698ffbd9}'/><EventID>1</EventID><Version>5</Version><Level>4</Level><Task>1</Task><Opcode>0</Opcode><Keywords>0x8000000000000000</Keywords><TimeCreated SystemTime='2020-05-18T06:48:49.650664100Z'/><EventRecordID>3915</EventRecordID><Correlation/><Execution ProcessID='2944' ThreadID='3260'/><Channel>Microsoft-Windows-Sysmon/Operational</Channel><Computer>DESKTOP-P84STH6</Computer><Security UserID='S-1-5-18'/></System><EventData><Data Name='RuleName'></Data><Data Name='UtcTime'>2020-05-18 06:48:49.649</Data><Data Name='ProcessGuid'>{5d3d98af-2fd1-5ec2-0000-0010787a3000}</Data><Data Name='ProcessId'>808</Data><Data Name='Image'>C:\Windows\System32\Speech_OneCore\common\SpeechRuntime.exe</Data><Data Name='FileVersion'>10.0.18362.1 (WinBuild.160101.0800)</Data><Data Name='Description'>Speech Runtime Executable</Data><Data Name='Product'>Microsoft® Windows® Operating System</Data><Data Name='Company'>Microsoft Corporation</Data><Data Name='OriginalFileName'>SpeechRuntime.exe</Data><Data Name='CommandLine'>C:\Windows\System32\Speech_OneCore\Common\SpeechRuntime.exe -Embedding</Data><Data Name='CurrentDirectory'>C:\Windows\system32\</Data><Data Name='User'>DESKTOP-P84STH6\NS</Data><Data Name='LogonGuid'>{5d3d98af-2597-5ec2-0000-0020c1900200}</Data><Data Name='LogonId'>0x290c1</Data><Data Name='TerminalSessionId'>1</Data><Data Name='IntegrityLevel'>Medium</Data><Data Name='Hashes'>MD5=61334FA917EAE557B7B77DB5B7BD328F,SHA256=DD45C37C39FBEE84E245B67AFF8970A652D53FC6DD78BFBE36D1F8A04D21D582,IMPHASH=124C4CEEFDDEE73D1EB21D543ABAC203</Data><Data Name='ParentProcessGuid'>{5d3d98af-2596-5ec2-0000-001078720000}</Data><Data Name='ParentProcessId'>836</Data><Data Name='ParentImage'>C:\Windows\System32\svchost.exe</Data><Data Name='ParentCommandLine'>C:\Windows\system32\svchost.exe -k DcomLaunch -p</Data></EventData></Event><Event xmlns='http://schemas.microsoft.com/win/2004/08/events/event'><System><Provider Name='Microsoft-Windows-Sysmon' Guid='{5770385f-c22a-43e0-bf4c-06f5698ffbd9}'/><EventID>1</EventID><Version>5</Version><Level>4</Level><Task>1</Task><Opcode>0</Opcode><Keywords>0x8000000000000000</Keywords><TimeCreated SystemTime='2020-05-18T06:48:49.188689400Z'/><EventRecordID>3914</EventRecordID><Correlation/><Execution ProcessID='2944' ThreadID='3260'/><Channel>Microsoft-Windows-Sysmon/Operational</Channel><Computer>DESKTOP-P84STH6</Computer><Security UserID='S-1-5-18'/></System><EventData><Data Name='RuleName'></Data><Data Name='UtcTime'>2020-05-18 06:48:49.186</Data><Data Name='ProcessGuid'>{5d3d98af-2fd1-5ec2-0000-00108c053000}</Data><Data Name='ProcessId'>6172</Data><Data Name='Image'>C:\Windows\ImmersiveControlPanel\SystemSettings.exe</Data><Data Name='FileVersion'>10.0.18362.387 (WinBuild.160101.0800)</Data><Data Name='Description'>Settings</Data><Data Name='Product'>Microsoft® Windows® Operating System</Data><Data Name='Company'>Microsoft Corporation</Data><Data Name='OriginalFileName'>SystemSettings.exe</Data><Data Name='CommandLine'>"C:\Windows\ImmersiveControlPanel\SystemSettings.exe" -ServerName:microsoft.windows.immersivecontrolpanel</Data><Data Name='CurrentDirectory'>C:\Windows\ImmersiveControlPanel\</Data><Data Name='User'>DESKTOP-P84STH6\NS</Data><Data Name='LogonGuid'>{5d3d98af-2597-5ec2-0000-0020c1900200}</Data><Data Name='LogonId'>0x290c1</Data><Data Name='TerminalSessionId'>1</Data><Data Name='IntegrityLevel'>Medium</Data><Data Name='Hashes'>MD5=370FF523E530887FDAEB537EE3764E9E,SHA256=880DEA11F75380E300BFD5C8054A655EACB2AA0DA2C0D89FEF3C32666DF9A533,IMPHASH=EC87C68A546FB4BDECF11BCB83E7D0E5</Data><Data Name='ParentProcessGuid'>{5d3d98af-2596-5ec2-0000-001078720000}</Data><Data Name='ParentProcessId'>836</Data><Data Name='ParentImage'>C:\Windows\System32\svchost.exe</Data><Data Name='ParentCommandLine'>C:\Windows\system32\svchost.exe -k DcomLaunch -p</Data></EventData></Event>