<Event xmlns='http://schemas.microsoft.com/win/2004/08/events/event'><System><Provider Name='Microsoft-Windows-Sysmon' Guid='{5770385f-c22a-43e0-bf4c-06f5698ffbd9}'/><EventID>1</EventID><Version>5</Version><Level>4</Level><Task>1</Task><Opcode>0</Opcode><Keywords>0x8000000000000000</Keywords><TimeCreated SystemTime='2020-05-18T06:35:16.503492500Z'/><EventRecordID>3792</EventRecordID><Correlation/><Execution ProcessID='2944' ThreadID='3260'/><Channel>Microsoft-Windows-Sysmon/Operational</Channel><Computer>DESKTOP-P84STH6</Computer><Security UserID='S-1-5-18'/></System><EventData><Data Name='RuleName'></Data><Data Name='UtcTime'>2020-05-18 06:35:16.501</Data><Data Name='ProcessGuid'>{5d3d98af-2ca4-5ec2-0000-0010b3b31e00}</Data><Data Name='ProcessId'>3972</Data><Data Name='Image'>C:\Windows\System32\svchost.exe</Data><Data Name='FileVersion'>10.0.18362.1 (WinBuild.160101.0800)</Data><Data Name='Description'>Host Process for Windows Services</Data><Data Name='Product'>Microsoft® Windows® Operating System</Data><Data Name='Company'>Microsoft Corporation</Data><Data Name='OriginalFileName'>svchost.exe</Data><Data Name='CommandLine'>C:\Windows\System32\svchost.exe -k netsvcs -p</Data><Data Name='CurrentDirectory'>C:\Windows\system32\</Data><Data Name='User'>NT AUTHORITY\SYSTEM</Data><Data Name='LogonGuid'>{5d3d98af-2596-5ec2-0000-0020e7030000}</Data><Data Name='LogonId'>0x3e7</Data><Data Name='TerminalSessionId'>0</Data><Data Name='IntegrityLevel'>System</Data><Data Name='Hashes'>MD5=9520A99E77D6196D0D09833146424113,SHA256=DD191A5B23DF92E12A8852291F9FB5ED594B76A28A5A464418442584AFD1E048,IMPHASH=247B9220E5D9B720A82B2C8B5069AD69</Data><Data Name='ParentProcessGuid'>{5d3d98af-2596-5ec2-0000-0010015c0000}</Data><Data Name='ParentProcessId'>656</Data><Data Name='ParentImage'>C:\Windows\System32\services.exe</Data><Data Name='ParentCommandLine'>C:\Windows\system32\services.exe</Data></EventData></Event><Event xmlns='http://schemas.microsoft.com/win/2004/08/events/event'><System><Provider Name='Microsoft-Windows-Sysmon' Guid='{5770385f-c22a-43e0-bf4c-06f5698ffbd9}'/><EventID>22</EventID><Version>5</Version><Level>4</Level><Task>22</Task><Opcode>0</Opcode><Keywords>0x8000000000000000</Keywords><TimeCreated SystemTime='2020-05-18T06:32:33.431961900Z'/><EventRecordID>3791</EventRecordID><Correlation/><Execution ProcessID='2944' ThreadID='3256'/><Channel>Microsoft-Windows-Sysmon/Operational</Channel><Computer>DESKTOP-P84STH6</Computer><Security UserID='S-1-5-18'/></System><EventData><Data Name='RuleName'></Data><Data Name='UtcTime'>2020-05-18 06:32:28.503</Data><Data Name='ProcessGuid'>{5d3d98af-295a-5ec2-0000-00103e1b1600}</Data><Data Name='ProcessId'>7912</Data><Data Name='QueryName'>chat-pa.clients6.google.com</Data><Data Name='QueryStatus'>0</Data><Data Name='QueryResults'>172.217.24.10;</Data><Data Name='Image'>C:\Program Files (x86)\Google\Chrome\Application\chrome.exe</Data></EventData></Event><Event xmlns='http://schemas.microsoft.com/win/2004/08/events/event'><System><Provider Name='Microsoft-Windows-Sysmon' Guid='{5770385f-c22a-43e0-bf4c-06f5698ffbd9}'/><EventID>22</EventID><Version>5</Version><Level>4</Level><Task>22</Task><Opcode>0</Opcode><Keywords>0x8000000000000000</Keywords><TimeCreated SystemTime='2020-05-18T06:28:32.635910100Z'/><EventRecordID>3790</EventRecordID><Correlation/><Execution ProcessID='2944' ThreadID='3256'/><Channel>Microsoft-Windows-Sysmon/Operational</Channel><Computer>DESKTOP-P84STH6</Computer><Security UserID='S-1-5-18'/></System><EventData><Data Name='RuleName'></Data><Data Name='UtcTime'>2020-05-18 06:28:27.703</Data><Data Name='ProcessGuid'>{5d3d98af-295a-5ec2-0000-00103e1b1600}</Data><Data Name='ProcessId'>7912</Data><Data Name='QueryName'>chat-pa.clients6.google.com</Data><Data Name='QueryStatus'>0</Data><Data Name='QueryResults'>172.217.160.74;</Data><Data Name='Image'>C:\Program Files (x86)\Google\Chrome\Application\chrome.exe</Data></EventData></Event><Event xmlns='http://schemas.microsoft.com/win/2004/08/events/event'><System><Provider Name='Microsoft-Windows-Sysmon' Guid='{5770385f-c22a-43e0-bf4c-06f5698ffbd9}'/><EventID>1</EventID><Version>5</Version><Level>4</Level><Task>1</Task><Opcode>0</Opcode><Keywords>0x8000000000000000</Keywords><TimeCreated SystemTime='2020-05-18T06:27:58.015427200Z'/><EventRecordID>3789</EventRecordID><Correlation/><Execution ProcessID='2944' ThreadID='3260'/><Channel>Microsoft-Windows-Sysmon/Operational</Channel><Computer>DESKTOP-P84STH6</Computer><Security UserID='S-1-5-18'/></System><EventData><Data Name='RuleName'></Data><Data Name='UtcTime'>2020-05-18 06:27:58.006</Data><Data Name='ProcessGuid'>{5d3d98af-2aee-5ec2-0000-00105afd1a00}</Data><Data Name='ProcessId'>8176</Data><Data Name='Image'>C:\Windows\System32\sc.exe</Data><Data Name='FileVersion'>10.0.18362.1 (WinBuild.160101.0800)</Data><Data Name='Description'>Service Control Manager Configuration Tool</Data><Data Name='Product'>Microsoft® Windows® Operating System</Data><Data Name='Company'>Microsoft Corporation</Data><Data Name='OriginalFileName'>sc.exe</Data><Data Name='CommandLine'>C:\Windows\system32\sc.exe start wuauserv</Data><Data Name='CurrentDirectory'>C:\Windows\system32\</Data><Data Name='User'>NT AUTHORITY\SYSTEM</Data><Data Name='LogonGuid'>{5d3d98af-2596-5ec2-0000-0020e7030000}</Data><Data Name='LogonId'>0x3e7</Data><Data Name='TerminalSessionId'>0</Data><Data Name='IntegrityLevel'>System</Data><Data Name='Hashes'>MD5=E46C638010C25479F66BACBE8596CA76,SHA256=39C59C362649090B4D34E5C8221C6E86552C07FE2DF3478D591A68B70917BC0A,IMPHASH=35A7FFDE18D444A92D32C8B2879450FF</Data><Data Name='ParentProcessGuid'>{5d3d98af-2596-5ec2-0000-0010a6d50000}</Data><Data Name='ParentProcessId'>1080</Data><Data Name='ParentImage'>C:\Windows\System32\svchost.exe</Data><Data Name='ParentCommandLine'>C:\Windows\system32\svchost.exe -k netsvcs -p -s Schedule</Data></EventData></Event><Event xmlns='http://schemas.microsoft.com/win/2004/08/events/event'><System><Provider Name='Microsoft-Windows-Sysmon' Guid='{5770385f-c22a-43e0-bf4c-06f5698ffbd9}'/><EventID>22</EventID><Version>5</Version><Level>4</Level><Task>22</Task><Opcode>0</Opcode><Keywords>0x8000000000000000</Keywords><TimeCreated SystemTime='2020-05-18T06:27:30.741458600Z'/><EventRecordID>3788</EventRecordID><Correlation/><Execution ProcessID='2944' ThreadID='3256'/><Channel>Microsoft-Windows-Sysmon/Operational</Channel><Computer>DESKTOP-P84STH6</Computer><Security UserID='S-1-5-18'/></System><EventData><Data Name='RuleName'></Data><Data Name='UtcTime'>2020-05-18 06:27:25.809</Data><Data Name='ProcessGuid'>{5d3d98af-295a-5ec2-0000-00103e1b1600}</Data><Data Name='ProcessId'>7912</Data><Data Name='QueryName'>play.google.com</Data><Data Name='QueryStatus'>0</Data><Data Name='QueryResults'>172.217.160.78;</Data><Data Name='Image'>C:\Program Files (x86)\Google\Chrome\Application\chrome.exe</Data></EventData></Event><Event xmlns='http://schemas.microsoft.com/win/2004/08/events/event'><System><Provider Name='Microsoft-Windows-Sysmon' Guid='{5770385f-c22a-43e0-bf4c-06f5698ffbd9}'/><EventID>22</EventID><Version>5</Version><Level>4</Level><Task>22</Task><Opcode>0</Opcode><Keywords>0x8000000000000000</Keywords><TimeCreated SystemTime='2020-05-18T06:27:27.162893500Z'/><EventRecordID>3787</EventRecordID><Correlation/><Execution ProcessID='2944' ThreadID='3256'/><Channel>Microsoft-Windows-Sysmon/Operational</Channel><Computer>DESKTOP-P84STH6</Computer><Security UserID='S-1-5-18'/></System><EventData><Data Name='RuleName'></Data><Data Name='UtcTime'>2020-05-18 06:27:21.229</Data><Data Name='ProcessGuid'>{5d3d98af-295a-5ec2-0000-00103e1b1600}</Data><Data Name='ProcessId'>7912</Data><Data Name='QueryName'>www.google.com</Data><Data Name='QueryStatus'>0</Data><Data Name='QueryResults'>172.217.160.68;</Data><Data Name='Image'>C:\Program Files (x86)\Google\Chrome\Application\chrome.exe</Data></EventData></Event><Event xmlns='http://schemas.microsoft.com/win/2004/08/events/event'><System><Provider Name='Microsoft-Windows-Sysmon' Guid='{5770385f-c22a-43e0-bf4c-06f5698ffbd9}'/><EventID>22</EventID><Version>5</Version><Level>4</Level><Task>22</Task><Opcode>0</Opcode><Keywords>0x8000000000000000</Keywords><TimeCreated SystemTime='2020-05-18T06:27:11.546518800Z'/><EventRecordID>3786</EventRecordID><Correlation/><Execution ProcessID='2944' ThreadID='3256'/><Channel>Microsoft-Windows-Sysmon/Operational</Channel><Computer>DESKTOP-P84STH6</Computer><Security UserID='S-1-5-18'/></System><EventData><Data Name='RuleName'></Data><Data Name='UtcTime'>2020-05-18 06:27:06.616</Data><Data Name='ProcessGuid'>{5d3d98af-295a-5ec2-0000-00103e1b1600}</Data><Data Name='ProcessId'>7912</Data><Data Name='QueryName'>www.youtube.com</Data><Data Name='QueryStatus'>0</Data><Data Name='QueryResults'>type:  5 youtube-ui.l.google.com;216.58.200.238;172.217.27.142;172.217.160.110;</Data><Data Name='Image'>C:\Program Files (x86)\Google\Chrome\Application\chrome.exe</Data></EventData></Event><Event xmlns='http://schemas.microsoft.com/win/2004/08/events/event'><System><Provider Name='Microsoft-Windows-Sysmon' Guid='{5770385f-c22a-43e0-bf4c-06f5698ffbd9}'/><EventID>22</EventID><Version>5</Version><Level>4</Level><Task>22</Task><Opcode>0</Opcode><Keywords>0x8000000000000000</Keywords><TimeCreated SystemTime='2020-05-18T06:25:32.442434800Z'/><EventRecordID>3785</EventRecordID><Correlation/><Execution ProcessID='2944' ThreadID='3256'/><Channel>Microsoft-Windows-Sysmon/Operational</Channel><Computer>DESKTOP-P84STH6</Computer><Security UserID='S-1-5-18'/></System><EventData><Data Name='RuleName'></Data><Data Name='UtcTime'>2020-05-18 06:25:27.534</Data><Data Name='ProcessGuid'>{5d3d98af-295a-5ec2-0000-00103e1b1600}</Data><Data Name='ProcessId'>7912</Data><Data Name='QueryName'>beacons5.gvt3.com</Data><Data Name='QueryStatus'>0</Data><Data Name='QueryResults'>type:  5 beacons.gvt2.com;172.217.27.131;</Data><Data Name='Image'>C:\Program Files (x86)\Google\Chrome\Application\chrome.exe</Data></EventData></Event><Event xmlns='http://schemas.microsoft.com/win/2004/08/events/event'><System><Provider Name='Microsoft-Windows-Sysmon' Guid='{5770385f-c22a-43e0-bf4c-06f5698ffbd9}'/><EventID>22</EventID><Version>5</Version><Level>4</Level><Task>22</Task><Opcode>0</Opcode><Keywords>0x8000000000000000</Keywords><TimeCreated SystemTime='2020-05-18T06:24:00.844749300Z'/><EventRecordID>3784</EventRecordID><Correlation/><Execution ProcessID='2944' ThreadID='3256'/><Channel>Microsoft-Windows-Sysmon/Operational</Channel><Computer>DESKTOP-P84STH6</Computer><Security UserID='S-1-5-18'/></System><EventData><Data Name='RuleName'></Data><Data Name='UtcTime'>2020-05-18 06:23:56.099</Data><Data Name='ProcessGuid'>{5d3d98af-295a-5ec2-0000-00103e1b1600}</Data><Data Name='ProcessId'>7912</Data><Data Name='QueryName'>www.youtube.com</Data><Data Name='QueryStatus'>0</Data><Data Name='QueryResults'>type:  5 youtube-ui.l.google.com;172.217.160.78;172.217.27.142;172.217.160.110;172.217.24.14;216.58.200.46;</Data><Data Name='Image'>C:\Program Files (x86)\Google\Chrome\Application\chrome.exe</Data></EventData></Event><Event xmlns='http://schemas.microsoft.com/win/2004/08/events/event'><System><Provider Name='Microsoft-Windows-Sysmon' Guid='{5770385f-c22a-43e0-bf4c-06f5698ffbd9}'/><EventID>22</EventID><Version>5</Version><Level>4</Level><Task>22</Task><Opcode>0</Opcode><Keywords>0x8000000000000000</Keywords><TimeCreated SystemTime='2020-05-18T06:23:26.659249800Z'/><EventRecordID>3783</EventRecordID><Correlation/><Execution ProcessID='2944' ThreadID='3256'/><Channel>Microsoft-Windows-Sysmon/Operational</Channel><Computer>DESKTOP-P84STH6</Computer><Security UserID='S-1-5-18'/></System><EventData><Data Name='RuleName'></Data><Data Name='UtcTime'>2020-05-18 06:23:21.765</Data><Data Name='ProcessGuid'>{5d3d98af-295a-5ec2-0000-00103e1b1600}</Data><Data Name='ProcessId'>7912</Data><Data Name='QueryName'>ci6.googleusercontent.com</Data><Data Name='QueryStatus'>0</Data><Data Name='QueryResults'>172.217.160.65;</Data><Data Name='Image'>C:\Program Files (x86)\Google\Chrome\Application\chrome.exe</Data></EventData></Event><Event xmlns='http://schemas.microsoft.com/win/2004/08/events/event'><System><Provider Name='Microsoft-Windows-Sysmon' Guid='{5770385f-c22a-43e0-bf4c-06f5698ffbd9}'/><EventID>22</EventID><Version>5</Version><Level>4</Level><Task>22</Task><Opcode>0</Opcode><Keywords>0x8000000000000000</Keywords><TimeCreated SystemTime='2020-05-18T06:23:25.658234500Z'/><EventRecordID>3782</EventRecordID><Correlation/><Execution ProcessID='2944' ThreadID='3256'/><Channel>Microsoft-Windows-Sysmon/Operational</Channel><Computer>DESKTOP-P84STH6</Computer><Security UserID='S-1-5-18'/></System><EventData><Data Name='RuleName'></Data><Data Name='UtcTime'>2020-05-18 06:23:21.765</Data><Data Name='ProcessGuid'>{5d3d98af-295a-5ec2-0000-00103e1b1600}</Data><Data Name='ProcessId'>7912</Data><Data Name='QueryName'>ci4.googleusercontent.com</Data><Data Name='QueryStatus'>0</Data><Data Name='QueryResults'>172.217.27.129;</Data><Data Name='Image'>C:\Program Files (x86)\Google\Chrome\Application\chrome.exe</Data></EventData></Event><Event xmlns='http://schemas.microsoft.com/win/2004/08/events/event'><System><Provider Name='Microsoft-Windows-Sysmon' Guid='{5770385f-c22a-43e0-bf4c-06f5698ffbd9}'/><EventID>22</EventID><Version>5</Version><Level>4</Level><Task>22</Task><Opcode>0</Opcode><Keywords>0x8000000000000000</Keywords><TimeCreated SystemTime='2020-05-18T06:23:25.658184100Z'/><EventRecordID>3781</EventRecordID><Correlation/><Execution ProcessID='2944' ThreadID='3256'/><Channel>Microsoft-Windows-Sysmon/Operational</Channel><Computer>DESKTOP-P84STH6</Computer><Security UserID='S-1-5-18'/></System><EventData><Data Name='RuleName'></Data><Data Name='UtcTime'>2020-05-18 06:23:21.731</Data><Data Name='ProcessGuid'>{5d3d98af-295a-5ec2-0000-00103e1b1600}</Data><Data Name='ProcessId'>7912</Data><Data Name='QueryName'>ci5.googleusercontent.com</Data><Data Name='QueryStatus'>0</Data><Data Name='QueryResults'>172.217.160.97;</Data><Data Name='Image'>C:\Program Files (x86)\Google\Chrome\Application\chrome.exe</Data></EventData></Event><Event xmlns='http://schemas.microsoft.com/win/2004/08/events/event'><System><Provider Name='Microsoft-Windows-Sysmon' Guid='{5770385f-c22a-43e0-bf4c-06f5698ffbd9}'/><EventID>22</EventID><Version>5</Version><Level>4</Level><Task>22</Task><Opcode>0</Opcode><Keywords>0x8000000000000000</Keywords><TimeCreated SystemTime='2020-05-18T06:23:01.980862500Z'/><EventRecordID>3780</EventRecordID><Correlation/><Execution ProcessID='2944' ThreadID='3256'/><Channel>Microsoft-Windows-Sysmon/Operational</Channel><Computer>DESKTOP-P84STH6</Computer><Security UserID='S-1-5-18'/></System><EventData><Data Name='RuleName'></Data><Data Name='UtcTime'>2020-05-18 06:22:57.150</Data><Data Name='ProcessGuid'>{5d3d98af-295a-5ec2-0000-00103e1b1600}</Data><Data Name='ProcessId'>7912</Data><Data Name='QueryName'>gm1.ggpht.com</Data><Data Name='QueryStatus'>0</Data><Data Name='QueryResults'>type:  5 photos-ugc.l.googleusercontent.com;172.217.24.1;</Data><Data Name='Image'>C:\Program Files (x86)\Google\Chrome\Application\chrome.exe</Data></EventData></Event><Event xmlns='http://schemas.microsoft.com/win/2004/08/events/event'><System><Provider Name='Microsoft-Windows-Sysmon' Guid='{5770385f-c22a-43e0-bf4c-06f5698ffbd9}'/><EventID>22</EventID><Version>5</Version><Level>4</Level><Task>22</Task><Opcode>0</Opcode><Keywords>0x8000000000000000</Keywords><TimeCreated SystemTime='2020-05-18T06:23:01.980436600Z'/><EventRecordID>3779</EventRecordID><Correlation/><Execution ProcessID='2944' ThreadID='3256'/><Channel>Microsoft-Windows-Sysmon/Operational</Channel><Computer>DESKTOP-P84STH6</Computer><Security UserID='S-1-5-18'/></System><EventData><Data Name='RuleName'></Data><Data Name='UtcTime'>2020-05-18 06:22:56.841</Data><Data Name='ProcessGuid'>{5d3d98af-295a-5ec2-0000-00103e1b1600}</Data><Data Name='ProcessId'>7912</Data><Data Name='QueryName'>ci3.googleusercontent.com</Data><Data Name='QueryStatus'>0</Data><Data Name='QueryResults'>172.217.24.1;</Data><Data Name='Image'>C:\Program Files (x86)\Google\Chrome\Application\chrome.exe</Data></EventData></Event><Event xmlns='http://schemas.microsoft.com/win/2004/08/events/event'><System><Provider Name='Microsoft-Windows-Sysmon' Guid='{5770385f-c22a-43e0-bf4c-06f5698ffbd9}'/><EventID>22</EventID><Version>5</Version><Level>4</Level><Task>22</Task><Opcode>0</Opcode><Keywords>0x8000000000000000</Keywords><TimeCreated SystemTime='2020-05-18T06:23:00.979720500Z'/><EventRecordID>3778</EventRecordID><Correlation/><Execution ProcessID='2944' ThreadID='3256'/><Channel>Microsoft-Windows-Sysmon/Operational</Channel><Computer>DESKTOP-P84STH6</Computer><Security UserID='S-1-5-18'/></System><EventData><Data Name='RuleName'></Data><Data Name='UtcTime'>2020-05-18 06:22:56.051</Data><Data Name='ProcessGuid'>{5d3d98af-295a-5ec2-0000-00103e1b1600}</Data><Data Name='ProcessId'>7912</Data><Data Name='QueryName'>beacons5.gvt3.com</Data><Data Name='QueryStatus'>0</Data><Data Name='QueryResults'>type:  5 beacons.gvt2.com;172.217.160.67;</Data><Data Name='Image'>C:\Program Files (x86)\Google\Chrome\Application\chrome.exe</Data></EventData></Event><Event xmlns='http://schemas.microsoft.com/win/2004/08/events/event'><System><Provider Name='Microsoft-Windows-Sysmon' Guid='{5770385f-c22a-43e0-bf4c-06f5698ffbd9}'/><EventID>22</EventID><Version>5</Version><Level>4</Level><Task>22</Task><Opcode>0</Opcode><Keywords>0x8000000000000000</Keywords><TimeCreated SystemTime='2020-05-18T06:22:51.377091900Z'/><EventRecordID>3777</EventRecordID><Correlation/><Execution ProcessID='2944' ThreadID='3256'/><Channel>Microsoft-Windows-Sysmon/Operational</Channel><Computer>DESKTOP-P84STH6</Computer><Security UserID='S-1-5-18'/></System><EventData><Data Name='RuleName'></Data><Data Name='UtcTime'>2020-05-18 06:22:46.446</Data><Data Name='ProcessGuid'>{5d3d98af-295a-5ec2-0000-00103e1b1600}</Data><Data Name='ProcessId'>7912</Data><Data Name='QueryName'>signaler-pa.clients6.google.com</Data><Data Name='QueryStatus'>0</Data><Data Name='QueryResults'>172.217.24.10;</Data><Data Name='Image'>C:\Program Files (x86)\Google\Chrome\Application\chrome.exe</Data></EventData></Event><Event xmlns='http://schemas.microsoft.com/win/2004/08/events/event'><System><Provider Name='Microsoft-Windows-Sysmon' Guid='{5770385f-c22a-43e0-bf4c-06f5698ffbd9}'/><EventID>22</EventID><Version>5</Version><Level>4</Level><Task>22</Task><Opcode>0</Opcode><Keywords>0x8000000000000000</Keywords><TimeCreated SystemTime='2020-05-18T06:22:36.060814800Z'/><EventRecordID>3776</EventRecordID><Correlation/><Execution ProcessID='2944' ThreadID='3256'/><Channel>Microsoft-Windows-Sysmon/Operational</Channel><Computer>DESKTOP-P84STH6</Computer><Security UserID='S-1-5-18'/></System><EventData><Data Name='RuleName'></Data><Data Name='UtcTime'>2020-05-18 06:22:30.538</Data><Data Name='ProcessGuid'>{5d3d98af-295a-5ec2-0000-00103e1b1600}</Data><Data Name='ProcessId'>7912</Data><Data Name='QueryName'>ogs.google.com</Data><Data Name='QueryStatus'>0</Data><Data Name='QueryResults'>type:  5 www3.l.google.com;216.58.200.238;</Data><Data Name='Image'>C:\Program Files (x86)\Google\Chrome\Application\chrome.exe</Data></EventData></Event><Event xmlns='http://schemas.microsoft.com/win/2004/08/events/event'><System><Provider Name='Microsoft-Windows-Sysmon' Guid='{5770385f-c22a-43e0-bf4c-06f5698ffbd9}'/><EventID>22</EventID><Version>5</Version><Level>4</Level><Task>22</Task><Opcode>0</Opcode><Keywords>0x8000000000000000</Keywords><TimeCreated SystemTime='2020-05-18T06:22:32.055473000Z'/><EventRecordID>3775</EventRecordID><Correlation/><Execution ProcessID='2944' ThreadID='3256'/><Channel>Microsoft-Windows-Sysmon/Operational</Channel><Computer>DESKTOP-P84STH6</Computer><Security UserID='S-1-5-18'/></System><EventData><Data Name='RuleName'></Data><Data Name='UtcTime'>2020-05-18 06:22:27.957</Data><Data Name='ProcessGuid'>{5d3d98af-295a-5ec2-0000-00103e1b1600}</Data><Data Name='ProcessId'>7912</Data><Data Name='QueryName'>0.client-channel.google.com</Data><Data Name='QueryStatus'>0</Data><Data Name='QueryResults'>74.125.23.189;</Data><Data Name='Image'>C:\Program Files (x86)\Google\Chrome\Application\chrome.exe</Data></EventData></Event><Event xmlns='http://schemas.microsoft.com/win/2004/08/events/event'><System><Provider Name='Microsoft-Windows-Sysmon' Guid='{5770385f-c22a-43e0-bf4c-06f5698ffbd9}'/><EventID>22</EventID><Version>5</Version><Level>4</Level><Task>22</Task><Opcode>0</Opcode><Keywords>0x8000000000000000</Keywords><TimeCreated SystemTime='2020-05-18T06:22:32.055383600Z'/><EventRecordID>3774</EventRecordID><Correlation/><Execution ProcessID='2944' ThreadID='3256'/><Channel>Microsoft-Windows-Sysmon/Operational</Channel><Computer>DESKTOP-P84STH6</Computer><Security UserID='S-1-5-18'/></System><EventData><Data Name='RuleName'></Data><Data Name='UtcTime'>2020-05-18 06:22:27.303</Data><Data Name='ProcessGuid'>{5d3d98af-295a-5ec2-0000-00103e1b1600}</Data><Data Name='ProcessId'>7912</Data><Data Name='QueryName'>chat-pa.clients6.google.com</Data><Data Name='QueryStatus'>0</Data><Data Name='QueryResults'>216.58.200.234;</Data><Data Name='Image'>C:\Program Files (x86)\Google\Chrome\Application\chrome.exe</Data></EventData></Event><Event xmlns='http://schemas.microsoft.com/win/2004/08/events/event'><System><Provider Name='Microsoft-Windows-Sysmon' Guid='{5770385f-c22a-43e0-bf4c-06f5698ffbd9}'/><EventID>22</EventID><Version>5</Version><Level>4</Level><Task>22</Task><Opcode>0</Opcode><Keywords>0x8000000000000000</Keywords><TimeCreated SystemTime='2020-05-18T06:22:32.055312900Z'/><EventRecordID>3773</EventRecordID><Correlation/><Execution ProcessID='2944' ThreadID='3256'/><Channel>Microsoft-Windows-Sysmon/Operational</Channel><Computer>DESKTOP-P84STH6</Computer><Security UserID='S-1-5-18'/></System><EventData><Data Name='RuleName'></Data><Data Name='UtcTime'>2020-05-18 06:22:27.301</Data><Data Name='ProcessGuid'>{5d3d98af-295a-5ec2-0000-00103e1b1600}</Data><Data Name='ProcessId'>7912</Data><Data Name='QueryName'>people-pa.clients6.google.com</Data><Data Name='QueryStatus'>0</Data><Data Name='QueryResults'>172.217.160.74;</Data><Data Name='Image'>C:\Program Files (x86)\Google\Chrome\Application\chrome.exe</Data></EventData></Event><Event xmlns='http://schemas.microsoft.com/win/2004/08/events/event'><System><Provider Name='Microsoft-Windows-Sysmon' Guid='{5770385f-c22a-43e0-bf4c-06f5698ffbd9}'/><EventID>22</EventID><Version>5</Version><Level>4</Level><Task>22</Task><Opcode>0</Opcode><Keywords>0x8000000000000000</Keywords><TimeCreated SystemTime='2020-05-18T06:22:32.055121200Z'/><EventRecordID>3772</EventRecordID><Correlation/><Execution ProcessID='2944' ThreadID='3256'/><Channel>Microsoft-Windows-Sysmon/Operational</Channel><Computer>DESKTOP-P84STH6</Computer><Security UserID='S-1-5-18'/></System><EventData><Data Name='RuleName'></Data><Data Name='UtcTime'>2020-05-18 06:22:27.120</Data><Data Name='ProcessGuid'>{5d3d98af-295a-5ec2-0000-00103e1b1600}</Data><Data Name='ProcessId'>7912</Data><Data Name='QueryName'>mail-ads.google.com</Data><Data Name='QueryStatus'>0</Data><Data Name='QueryResults'>type:  5 googlemail.l.google.com;172.217.160.69;</Data><Data Name='Image'>C:\Program Files (x86)\Google\Chrome\Application\chrome.exe</Data></EventData></Event><Event xmlns='http://schemas.microsoft.com/win/2004/08/events/event'><System><Provider Name='Microsoft-Windows-Sysmon' Guid='{5770385f-c22a-43e0-bf4c-06f5698ffbd9}'/><EventID>22</EventID><Version>5</Version><Level>4</Level><Task>22</Task><Opcode>0</Opcode><Keywords>0x8000000000000000</Keywords><TimeCreated SystemTime='2020-05-18T06:22:31.054260000Z'/><EventRecordID>3771</EventRecordID><Correlation/><Execution ProcessID='2944' ThreadID='3256'/><Channel>Microsoft-Windows-Sysmon/Operational</Channel><Computer>DESKTOP-P84STH6</Computer><Security UserID='S-1-5-18'/></System><EventData><Data Name='RuleName'></Data><Data Name='UtcTime'>2020-05-18 06:22:26.715</Data><Data Name='ProcessGuid'>{5d3d98af-295a-5ec2-0000-00103e1b1600}</Data><Data Name='ProcessId'>7912</Data><Data Name='QueryName'>hangouts.google.com</Data><Data Name='QueryStatus'>0</Data><Data Name='QueryResults'>type:  5 www3.l.google.com;216.58.200.238;</Data><Data Name='Image'>C:\Program Files (x86)\Google\Chrome\Application\chrome.exe</Data></EventData></Event><Event xmlns='http://schemas.microsoft.com/win/2004/08/events/event'><System><Provider Name='Microsoft-Windows-Sysmon' Guid='{5770385f-c22a-43e0-bf4c-06f5698ffbd9}'/><EventID>22</EventID><Version>5</Version><Level>4</Level><Task>22</Task><Opcode>0</Opcode><Keywords>0x8000000000000000</Keywords><TimeCreated SystemTime='2020-05-18T06:22:31.054052100Z'/><EventRecordID>3770</EventRecordID><Correlation/><Execution ProcessID='2944' ThreadID='3256'/><Channel>Microsoft-Windows-Sysmon/Operational</Channel><Computer>DESKTOP-P84STH6</Computer><Security UserID='S-1-5-18'/></System><EventData><Data Name='RuleName'></Data><Data Name='UtcTime'>2020-05-18 06:22:26.115</Data><Data Name='ProcessGuid'>{5d3d98af-295a-5ec2-0000-00103e1b1600}</Data><Data Name='ProcessId'>7912</Data><Data Name='QueryName'>contacts.google.com</Data><Data Name='QueryStatus'>0</Data><Data Name='QueryResults'>type:  5 plus.l.google.com;172.217.160.78;</Data><Data Name='Image'>C:\Program Files (x86)\Google\Chrome\Application\chrome.exe</Data></EventData></Event><Event xmlns='http://schemas.microsoft.com/win/2004/08/events/event'><System><Provider Name='Microsoft-Windows-Sysmon' Guid='{5770385f-c22a-43e0-bf4c-06f5698ffbd9}'/><EventID>22</EventID><Version>5</Version><Level>4</Level><Task>22</Task><Opcode>0</Opcode><Keywords>0x8000000000000000</Keywords><TimeCreated SystemTime='2020-05-18T06:22:30.050774900Z'/><EventRecordID>3769</EventRecordID><Correlation/><Execution ProcessID='2944' ThreadID='3256'/><Channel>Microsoft-Windows-Sysmon/Operational</Channel><Computer>DESKTOP-P84STH6</Computer><Security UserID='S-1-5-18'/></System><EventData><Data Name='RuleName'></Data><Data Name='UtcTime'>2020-05-18 06:22:25.783</Data><Data Name='ProcessGuid'>{5d3d98af-295a-5ec2-0000-00103e1b1600}</Data><Data Name='ProcessId'>7912</Data><Data Name='QueryName'>aa.google.com</Data><Data Name='QueryStatus'>0</Data><Data Name='QueryResults'>type:  5 www3.l.google.com;216.58.200.238;</Data><Data Name='Image'>C:\Program Files (x86)\Google\Chrome\Application\chrome.exe</Data></EventData></Event><Event xmlns='http://schemas.microsoft.com/win/2004/08/events/event'><System><Provider Name='Microsoft-Windows-Sysmon' Guid='{5770385f-c22a-43e0-bf4c-06f5698ffbd9}'/><EventID>22</EventID><Version>5</Version><Level>4</Level><Task>22</Task><Opcode>0</Opcode><Keywords>0x8000000000000000</Keywords><TimeCreated SystemTime='2020-05-18T06:22:29.049211900Z'/><EventRecordID>3768</EventRecordID><Correlation/><Execution ProcessID='2944' ThreadID='3256'/><Channel>Microsoft-Windows-Sysmon/Operational</Channel><Computer>DESKTOP-P84STH6</Computer><Security UserID='S-1-5-18'/></System><EventData><Data Name='RuleName'></Data><Data Name='UtcTime'>2020-05-18 06:22:25.768</Data><Data Name='ProcessGuid'>{5d3d98af-295a-5ec2-0000-00103e1b1600}</Data><Data Name='ProcessId'>7912</Data><Data Name='QueryName'>apis.google.com</Data><Data Name='QueryStatus'>0</Data><Data Name='QueryResults'>type:  5 plus.l.google.com;172.217.160.78;</Data><Data Name='Image'>C:\Program Files (x86)\Google\Chrome\Application\chrome.exe</Data></EventData></Event><Event xmlns='http://schemas.microsoft.com/win/2004/08/events/event'><System><Provider Name='Microsoft-Windows-Sysmon' Guid='{5770385f-c22a-43e0-bf4c-06f5698ffbd9}'/><EventID>22</EventID><Version>5</Version><Level>4</Level><Task>22</Task><Opcode>0</Opcode><Keywords>0x8000000000000000</Keywords><TimeCreated SystemTime='2020-05-18T06:22:29.048965600Z'/><EventRecordID>3767</EventRecordID><Correlation/><Execution ProcessID='2944' ThreadID='3256'/><Channel>Microsoft-Windows-Sysmon/Operational</Channel><Computer>DESKTOP-P84STH6</Computer><Security UserID='S-1-5-18'/></System><EventData><Data Name='RuleName'></Data><Data Name='UtcTime'>2020-05-18 06:22:25.747</Data><Data Name='ProcessGuid'>{5d3d98af-295a-5ec2-0000-00103e1b1600}</Data><Data Name='ProcessId'>7912</Data><Data Name='QueryName'>www.google.com</Data><Data Name='QueryStatus'>0</Data><Data Name='QueryResults'>172.217.160.100;</Data><Data Name='Image'>C:\Program Files (x86)\Google\Chrome\Application\chrome.exe</Data></EventData></Event><Event xmlns='http://schemas.microsoft.com/win/2004/08/events/event'><System><Provider Name='Microsoft-Windows-Sysmon' Guid='{5770385f-c22a-43e0-bf4c-06f5698ffbd9}'/><EventID>22</EventID><Version>5</Version><Level>4</Level><Task>22</Task><Opcode>0</Opcode><Keywords>0x8000000000000000</Keywords><TimeCreated SystemTime='2020-05-18T06:22:28.044587500Z'/><EventRecordID>3766</EventRecordID><Correlation/><Execution ProcessID='2944' ThreadID='3256'/><Channel>Microsoft-Windows-Sysmon/Operational</Channel><Computer>DESKTOP-P84STH6</Computer><Security UserID='S-1-5-18'/></System><EventData><Data Name='RuleName'></Data><Data Name='UtcTime'>2020-05-18 06:22:23.130</Data><Data Name='ProcessGuid'>{5d3d98af-295a-5ec2-0000-00103e1b1600}</Data><Data Name='ProcessId'>7912</Data><Data Name='QueryName'>google.com</Data><Data Name='QueryStatus'>0</Data><Data Name='QueryResults'>172.217.160.78;</Data><Data Name='Image'>C:\Program Files (x86)\Google\Chrome\Application\chrome.exe</Data></EventData></Event><Event xmlns='http://schemas.microsoft.com/win/2004/08/events/event'><System><Provider Name='Microsoft-Windows-Sysmon' Guid='{5770385f-c22a-43e0-bf4c-06f5698ffbd9}'/><EventID>22</EventID><Version>5</Version><Level>4</Level><Task>22</Task><Opcode>0</Opcode><Keywords>0x8000000000000000</Keywords><TimeCreated SystemTime='2020-05-18T06:22:25.794880700Z'/><EventRecordID>3765</EventRecordID><Correlation/><Execution ProcessID='2944' ThreadID='3256'/><Channel>Microsoft-Windows-Sysmon/Operational</Channel><Computer>DESKTOP-P84STH6</Computer><Security UserID='S-1-5-18'/></System><EventData><Data Name='RuleName'></Data><Data Name='UtcTime'>2020-05-18 06:22:20.870</Data><Data Name='ProcessGuid'>{5d3d98af-295a-5ec2-0000-00103e1b1600}</Data><Data Name='ProcessId'>7912</Data><Data Name='QueryName'>accounts.google.com.tw</Data><Data Name='QueryStatus'>0</Data><Data Name='QueryResults'>type:  5 accounts-cctld.l.google.com;172.217.27.131;</Data><Data Name='Image'>C:\Program Files (x86)\Google\Chrome\Application\chrome.exe</Data></EventData></Event><Event xmlns='http://schemas.microsoft.com/win/2004/08/events/event'><System><Provider Name='Microsoft-Windows-Sysmon' Guid='{5770385f-c22a-43e0-bf4c-06f5698ffbd9}'/><EventID>22</EventID><Version>5</Version><Level>4</Level><Task>22</Task><Opcode>0</Opcode><Keywords>0x8000000000000000</Keywords><TimeCreated SystemTime='2020-05-18T06:22:21.345898300Z'/><EventRecordID>3764</EventRecordID><Correlation/><Execution ProcessID='2944' ThreadID='3256'/><Channel>Microsoft-Windows-Sysmon/Operational</Channel><Computer>DESKTOP-P84STH6</Computer><Security UserID='S-1-5-18'/></System><EventData><Data Name='RuleName'></Data><Data Name='UtcTime'>2020-05-18 06:22:16.357</Data><Data Name='ProcessGuid'>{5d3d98af-295a-5ec2-0000-00103e1b1600}</Data><Data Name='ProcessId'>7912</Data><Data Name='QueryName'>firebaseperusertopics-pa.googleapis.com</Data><Data Name='QueryStatus'>0</Data><Data Name='QueryResults'>216.58.200.234;</Data><Data Name='Image'>C:\Program Files (x86)\Google\Chrome\Application\chrome.exe</Data></EventData></Event><Event xmlns='http://schemas.microsoft.com/win/2004/08/events/event'><System><Provider Name='Microsoft-Windows-Sysmon' Guid='{5770385f-c22a-43e0-bf4c-06f5698ffbd9}'/><EventID>22</EventID><Version>5</Version><Level>4</Level><Task>22</Task><Opcode>0</Opcode><Keywords>0x8000000000000000</Keywords><TimeCreated SystemTime='2020-05-18T06:22:20.341900000Z'/><EventRecordID>3763</EventRecordID><Correlation/><Execution ProcessID='2944' ThreadID='3256'/><Channel>Microsoft-Windows-Sysmon/Operational</Channel><Computer>DESKTOP-P84STH6</Computer><Security UserID='S-1-5-18'/></System><EventData><Data Name='RuleName'></Data><Data Name='UtcTime'>2020-05-18 06:22:16.126</Data><Data Name='ProcessGuid'>{5d3d98af-295a-5ec2-0000-00103e1b1600}</Data><Data Name='ProcessId'>7912</Data><Data Name='QueryName'>passwordsleakcheck-pa.googleapis.com</Data><Data Name='QueryStatus'>0</Data><Data Name='QueryResults'>216.58.200.234;</Data><Data Name='Image'>C:\Program Files (x86)\Google\Chrome\Application\chrome.exe</Data></EventData></Event><Event xmlns='http://schemas.microsoft.com/win/2004/08/events/event'><System><Provider Name='Microsoft-Windows-Sysmon' Guid='{5770385f-c22a-43e0-bf4c-06f5698ffbd9}'/><EventID>22</EventID><Version>5</Version><Level>4</Level><Task>22</Task><Opcode>0</Opcode><Keywords>0x8000000000000000</Keywords><TimeCreated SystemTime='2020-05-18T06:22:19.337085000Z'/><EventRecordID>3762</EventRecordID><Correlation/><Execution ProcessID='2944' ThreadID='3256'/><Channel>Microsoft-Windows-Sysmon/Operational</Channel><Computer>DESKTOP-P84STH6</Computer><Security UserID='S-1-5-18'/></System><EventData><Data Name='RuleName'></Data><Data Name='UtcTime'>2020-05-18 06:22:15.698</Data><Data Name='ProcessGuid'>{5d3d98af-295a-5ec2-0000-00103e1b1600}</Data><Data Name='ProcessId'>7912</Data><Data Name='QueryName'>gds.google.com</Data><Data Name='QueryStatus'>0</Data><Data Name='QueryResults'>172.217.160.110;</Data><Data Name='Image'>C:\Program Files (x86)\Google\Chrome\Application\chrome.exe</Data></EventData></Event><Event xmlns='http://schemas.microsoft.com/win/2004/08/events/event'><System><Provider Name='Microsoft-Windows-Sysmon' Guid='{5770385f-c22a-43e0-bf4c-06f5698ffbd9}'/><EventID>22</EventID><Version>5</Version><Level>4</Level><Task>22</Task><Opcode>0</Opcode><Keywords>0x8000000000000000</Keywords><TimeCreated SystemTime='2020-05-18T06:22:19.336978600Z'/><EventRecordID>3761</EventRecordID><Correlation/><Execution ProcessID='2944' ThreadID='3256'/><Channel>Microsoft-Windows-Sysmon/Operational</Channel><Computer>DESKTOP-P84STH6</Computer><Security UserID='S-1-5-18'/></System><EventData><Data Name='RuleName'></Data><Data Name='UtcTime'>2020-05-18 06:22:15.633</Data><Data Name='ProcessGuid'>{5d3d98af-295a-5ec2-0000-00103e1b1600}</Data><Data Name='ProcessId'>7912</Data><Data Name='QueryName'>myaccount.google.com</Data><Data Name='QueryStatus'>0</Data><Data Name='QueryResults'>type:  5 www3.l.google.com;216.58.200.238;</Data><Data Name='Image'>C:\Program Files (x86)\Google\Chrome\Application\chrome.exe</Data></EventData></Event><Event xmlns='http://schemas.microsoft.com/win/2004/08/events/event'><System><Provider Name='Microsoft-Windows-Sysmon' Guid='{5770385f-c22a-43e0-bf4c-06f5698ffbd9}'/><EventID>22</EventID><Version>5</Version><Level>4</Level><Task>22</Task><Opcode>0</Opcode><Keywords>0x8000000000000000</Keywords><TimeCreated SystemTime='2020-05-18T06:22:19.336919100Z'/><EventRecordID>3760</EventRecordID><Correlation/><Execution ProcessID='2944' ThreadID='3256'/><Channel>Microsoft-Windows-Sysmon/Operational</Channel><Computer>DESKTOP-P84STH6</Computer><Security UserID='S-1-5-18'/></System><EventData><Data Name='RuleName'></Data><Data Name='UtcTime'>2020-05-18 06:22:15.606</Data><Data Name='ProcessGuid'>{5d3d98af-295a-5ec2-0000-00103e1b1600}</Data><Data Name='ProcessId'>7912</Data><Data Name='QueryName'>oauthaccountmanager.googleapis.com</Data><Data Name='QueryStatus'>0</Data><Data Name='QueryResults'>172.217.160.74;</Data><Data Name='Image'>C:\Program Files (x86)\Google\Chrome\Application\chrome.exe</Data></EventData></Event><Event xmlns='http://schemas.microsoft.com/win/2004/08/events/event'><System><Provider Name='Microsoft-Windows-Sysmon' Guid='{5770385f-c22a-43e0-bf4c-06f5698ffbd9}'/><EventID>22</EventID><Version>5</Version><Level>4</Level><Task>22</Task><Opcode>0</Opcode><Keywords>0x8000000000000000</Keywords><TimeCreated SystemTime='2020-05-18T06:22:19.336856300Z'/><EventRecordID>3759</EventRecordID><Correlation/><Execution ProcessID='2944' ThreadID='3256'/><Channel>Microsoft-Windows-Sysmon/Operational</Channel><Computer>DESKTOP-P84STH6</Computer><Security UserID='S-1-5-18'/></System><EventData><Data Name='RuleName'></Data><Data Name='UtcTime'>2020-05-18 06:22:15.492</Data><Data Name='ProcessGuid'>{5d3d98af-295a-5ec2-0000-00103e1b1600}</Data><Data Name='ProcessId'>7912</Data><Data Name='QueryName'>android.clients.google.com</Data><Data Name='QueryStatus'>0</Data><Data Name='QueryResults'>type:  5 android.l.google.com;172.217.160.110;172.217.27.142;172.217.160.78;172.217.24.14;</Data><Data Name='Image'>C:\Program Files (x86)\Google\Chrome\Application\chrome.exe</Data></EventData></Event><Event xmlns='http://schemas.microsoft.com/win/2004/08/events/event'><System><Provider Name='Microsoft-Windows-Sysmon' Guid='{5770385f-c22a-43e0-bf4c-06f5698ffbd9}'/><EventID>22</EventID><Version>5</Version><Level>4</Level><Task>22</Task><Opcode>0</Opcode><Keywords>0x8000000000000000</Keywords><TimeCreated SystemTime='2020-05-18T06:22:19.336738600Z'/><EventRecordID>3758</EventRecordID><Correlation/><Execution ProcessID='2944' ThreadID='3256'/><Channel>Microsoft-Windows-Sysmon/Operational</Channel><Computer>DESKTOP-P84STH6</Computer><Security UserID='S-1-5-18'/></System><EventData><Data Name='RuleName'></Data><Data Name='UtcTime'>2020-05-18 06:22:15.438</Data><Data Name='ProcessGuid'>{5d3d98af-295a-5ec2-0000-00103e1b1600}</Data><Data Name='ProcessId'>7912</Data><Data Name='QueryName'>accounts.google.com</Data><Data Name='QueryStatus'>0</Data><Data Name='QueryResults'>172.217.160.109;</Data><Data Name='Image'>C:\Program Files (x86)\Google\Chrome\Application\chrome.exe</Data></EventData></Event><Event xmlns='http://schemas.microsoft.com/win/2004/08/events/event'><System><Provider Name='Microsoft-Windows-Sysmon' Guid='{5770385f-c22a-43e0-bf4c-06f5698ffbd9}'/><EventID>22</EventID><Version>5</Version><Level>4</Level><Task>22</Task><Opcode>0</Opcode><Keywords>0x8000000000000000</Keywords><TimeCreated SystemTime='2020-05-18T06:22:19.336605800Z'/><EventRecordID>3757</EventRecordID><Correlation/><Execution ProcessID='2944' ThreadID='3256'/><Channel>Microsoft-Windows-Sysmon/Operational</Channel><Computer>DESKTOP-P84STH6</Computer><Security UserID='S-1-5-18'/></System><EventData><Data Name='RuleName'></Data><Data Name='UtcTime'>2020-05-18 06:22:15.408</Data><Data Name='ProcessGuid'>{5d3d98af-295a-5ec2-0000-00103e1b1600}</Data><Data Name='ProcessId'>7912</Data><Data Name='QueryName'>www.googleapis.com</Data><Data Name='QueryStatus'>0</Data><Data Name='QueryResults'>216.58.200.234;172.217.27.138;172.217.160.106;172.217.24.10;172.217.160.74;</Data><Data Name='Image'>C:\Program Files (x86)\Google\Chrome\Application\chrome.exe</Data></EventData></Event><Event xmlns='http://schemas.microsoft.com/win/2004/08/events/event'><System><Provider Name='Microsoft-Windows-Sysmon' Guid='{5770385f-c22a-43e0-bf4c-06f5698ffbd9}'/><EventID>22</EventID><Version>5</Version><Level>4</Level><Task>22</Task><Opcode>0</Opcode><Keywords>0x8000000000000000</Keywords><TimeCreated SystemTime='2020-05-18T06:22:04.308954900Z'/><EventRecordID>3756</EventRecordID><Correlation/><Execution ProcessID='2944' ThreadID='3256'/><Channel>Microsoft-Windows-Sysmon/Operational</Channel><Computer>DESKTOP-P84STH6</Computer><Security UserID='S-1-5-18'/></System><EventData><Data Name='RuleName'></Data><Data Name='UtcTime'>2020-05-18 06:21:59.651</Data><Data Name='ProcessGuid'>{5d3d98af-295a-5ec2-0000-00103e1b1600}</Data><Data Name='ProcessId'>7912</Data><Data Name='QueryName'>play.google.com</Data><Data Name='QueryStatus'>0</Data><Data Name='QueryResults'>216.58.200.46;</Data><Data Name='Image'>C:\Program Files (x86)\Google\Chrome\Application\chrome.exe</Data></EventData></Event><Event xmlns='http://schemas.microsoft.com/win/2004/08/events/event'><System><Provider Name='Microsoft-Windows-Sysmon' Guid='{5770385f-c22a-43e0-bf4c-06f5698ffbd9}'/><EventID>22</EventID><Version>5</Version><Level>4</Level><Task>22</Task><Opcode>0</Opcode><Keywords>0x8000000000000000</Keywords><TimeCreated SystemTime='2020-05-18T06:22:03.309211600Z'/><EventRecordID>3755</EventRecordID><Correlation/><Execution ProcessID='2944' ThreadID='3256'/><Channel>Microsoft-Windows-Sysmon/Operational</Channel><Computer>DESKTOP-P84STH6</Computer><Security UserID='S-1-5-18'/></System><EventData><Data Name='RuleName'></Data><Data Name='UtcTime'>2020-05-18 06:21:59.447</Data><Data Name='ProcessGuid'>{5d3d98af-295a-5ec2-0000-00103e1b1600}</Data><Data Name='ProcessId'>7912</Data><Data Name='QueryName'>accounts.youtube.com</Data><Data Name='QueryStatus'>0</Data><Data Name='QueryResults'>type:  5 www3.l.google.com;216.58.200.238;</Data><Data Name='Image'>C:\Program Files (x86)\Google\Chrome\Application\chrome.exe</Data></EventData></Event><Event xmlns='http://schemas.microsoft.com/win/2004/08/events/event'><System><Provider Name='Microsoft-Windows-Sysmon' Guid='{5770385f-c22a-43e0-bf4c-06f5698ffbd9}'/><EventID>22</EventID><Version>5</Version><Level>4</Level><Task>22</Task><Opcode>0</Opcode><Keywords>0x8000000000000000</Keywords><TimeCreated SystemTime='2020-05-18T06:22:03.308684700Z'/><EventRecordID>3754</EventRecordID><Correlation/><Execution ProcessID='2944' ThreadID='3256'/><Channel>Microsoft-Windows-Sysmon/Operational</Channel><Computer>DESKTOP-P84STH6</Computer><Security UserID='S-1-5-18'/></System><EventData><Data Name='RuleName'></Data><Data Name='UtcTime'>2020-05-18 06:21:59.310</Data><Data Name='ProcessGuid'>{5d3d98af-295a-5ec2-0000-00103e1b1600}</Data><Data Name='ProcessId'>7912</Data><Data Name='QueryName'>content-autofill.googleapis.com</Data><Data Name='QueryStatus'>0</Data><Data Name='QueryResults'>172.217.24.10;</Data><Data Name='Image'>C:\Program Files (x86)\Google\Chrome\Application\chrome.exe</Data></EventData></Event><Event xmlns='http://schemas.microsoft.com/win/2004/08/events/event'><System><Provider Name='Microsoft-Windows-Sysmon' Guid='{5770385f-c22a-43e0-bf4c-06f5698ffbd9}'/><EventID>22</EventID><Version>5</Version><Level>4</Level><Task>22</Task><Opcode>0</Opcode><Keywords>0x8000000000000000</Keywords><TimeCreated SystemTime='2020-05-18T06:21:59.224716800Z'/><EventRecordID>3753</EventRecordID><Correlation/><Execution ProcessID='2944' ThreadID='3256'/><Channel>Microsoft-Windows-Sysmon/Operational</Channel><Computer>DESKTOP-P84STH6</Computer><Security UserID='S-1-5-18'/></System><EventData><Data Name='RuleName'></Data><Data Name='UtcTime'>2020-05-18 06:21:55.150</Data><Data Name='ProcessGuid'>{5d3d98af-295a-5ec2-0000-00103e1b1600}</Data><Data Name='ProcessId'>7912</Data><Data Name='QueryName'>gmail</Data><Data Name='QueryStatus'>123</Data><Data Name='QueryResults'></Data><Data Name='Image'>C:\Program Files (x86)\Google\Chrome\Application\chrome.exe</Data></EventData></Event><Event xmlns='http://schemas.microsoft.com/win/2004/08/events/event'><System><Provider Name='Microsoft-Windows-Sysmon' Guid='{5770385f-c22a-43e0-bf4c-06f5698ffbd9}'/><EventID>22</EventID><Version>5</Version><Level>4</Level><Task>22</Task><Opcode>0</Opcode><Keywords>0x8000000000000000</Keywords><TimeCreated SystemTime='2020-05-18T06:21:58.222223100Z'/><EventRecordID>3752</EventRecordID><Correlation/><Execution ProcessID='2944' ThreadID='3256'/><Channel>Microsoft-Windows-Sysmon/Operational</Channel><Computer>DESKTOP-P84STH6</Computer><Security UserID='S-1-5-18'/></System><EventData><Data Name='RuleName'></Data><Data Name='UtcTime'>2020-05-18 06:21:55.123</Data><Data Name='ProcessGuid'>{5d3d98af-295a-5ec2-0000-00103e1b1600}</Data><Data Name='ProcessId'>7912</Data><Data Name='QueryName'>translate.googleapis.com</Data><Data Name='QueryStatus'>0</Data><Data Name='QueryResults'>216.58.200.42;</Data><Data Name='Image'>C:\Program Files (x86)\Google\Chrome\Application\chrome.exe</Data></EventData></Event><Event xmlns='http://schemas.microsoft.com/win/2004/08/events/event'><System><Provider Name='Microsoft-Windows-Sysmon' Guid='{5770385f-c22a-43e0-bf4c-06f5698ffbd9}'/><EventID>22</EventID><Version>5</Version><Level>4</Level><Task>22</Task><Opcode>0</Opcode><Keywords>0x8000000000000000</Keywords><TimeCreated SystemTime='2020-05-18T06:21:58.222141600Z'/><EventRecordID>3751</EventRecordID><Correlation/><Execution ProcessID='2944' ThreadID='3256'/><Channel>Microsoft-Windows-Sysmon/Operational</Channel><Computer>DESKTOP-P84STH6</Computer><Security UserID='S-1-5-18'/></System><EventData><Data Name='RuleName'></Data><Data Name='UtcTime'>2020-05-18 06:21:54.846</Data><Data Name='ProcessGuid'>{5d3d98af-295a-5ec2-0000-00103e1b1600}</Data><Data Name='ProcessId'>7912</Data><Data Name='QueryName'>lh3.googleusercontent.com</Data><Data Name='QueryStatus'>0</Data><Data Name='QueryResults'>type:  5 googlehosted.l.googleusercontent.com;172.217.160.65;</Data><Data Name='Image'>C:\Program Files (x86)\Google\Chrome\Application\chrome.exe</Data></EventData></Event><Event xmlns='http://schemas.microsoft.com/win/2004/08/events/event'><System><Provider Name='Microsoft-Windows-Sysmon' Guid='{5770385f-c22a-43e0-bf4c-06f5698ffbd9}'/><EventID>22</EventID><Version>5</Version><Level>4</Level><Task>22</Task><Opcode>0</Opcode><Keywords>0x8000000000000000</Keywords><TimeCreated SystemTime='2020-05-18T06:21:58.222050600Z'/><EventRecordID>3750</EventRecordID><Correlation/><Execution ProcessID='2944' ThreadID='3256'/><Channel>Microsoft-Windows-Sysmon/Operational</Channel><Computer>DESKTOP-P84STH6</Computer><Security UserID='S-1-5-18'/></System><EventData><Data Name='RuleName'></Data><Data Name='UtcTime'>2020-05-18 06:21:54.458</Data><Data Name='ProcessGuid'>{5d3d98af-295a-5ec2-0000-00103e1b1600}</Data><Data Name='ProcessId'>7912</Data><Data Name='QueryName'>mail.google.com</Data><Data Name='QueryStatus'>0</Data><Data Name='QueryResults'>type:  5 googlemail.l.google.com;216.58.200.229;</Data><Data Name='Image'>C:\Program Files (x86)\Google\Chrome\Application\chrome.exe</Data></EventData></Event><Event xmlns='http://schemas.microsoft.com/win/2004/08/events/event'><System><Provider Name='Microsoft-Windows-Sysmon' Guid='{5770385f-c22a-43e0-bf4c-06f5698ffbd9}'/><EventID>1</EventID><Version>5</Version><Level>4</Level><Task>1</Task><Opcode>0</Opcode><Keywords>0x8000000000000000</Keywords><TimeCreated SystemTime='2020-05-18T06:21:54.689256000Z'/><EventRecordID>3749</EventRecordID><Correlation/><Execution ProcessID='2944' ThreadID='3260'/><Channel>Microsoft-Windows-Sysmon/Operational</Channel><Computer>DESKTOP-P84STH6</Computer><Security UserID='S-1-5-18'/></System><EventData><Data Name='RuleName'></Data><Data Name='UtcTime'>2020-05-18 06:21:54.679</Data><Data Name='ProcessGuid'>{5d3d98af-2982-5ec2-0000-0010075c1700}</Data><Data Name='ProcessId'>5360</Data><Data Name='Image'>C:\Windows\System32\dmclient.exe</Data><Data Name='FileVersion'>10.0.18362.1 (WinBuild.160101.0800)</Data><Data Name='Description'>Microsoft Feedback SIUF Deployment Manager Client</Data><Data Name='Product'>Microsoft® Windows® Operating System</Data><Data Name='Company'>Microsoft Corporation</Data><Data Name='OriginalFileName'>dmclient.exe</Data><Data Name='CommandLine'>C:\Windows\system32\dmclient.exe utcwnf</Data><Data Name='CurrentDirectory'>C:\Windows\system32\</Data><Data Name='User'>NT AUTHORITY\SYSTEM</Data><Data Name='LogonGuid'>{5d3d98af-2596-5ec2-0000-0020e7030000}</Data><Data Name='LogonId'>0x3e7</Data><Data Name='TerminalSessionId'>0</Data><Data Name='IntegrityLevel'>System</Data><Data Name='Hashes'>MD5=F75A111BDD09F49FD954AD0C148A123B,SHA256=D9F4EC9052D0C8B799660E7D74B41BA18366016AC361F7A85FE0FBB03637CB47,IMPHASH=8C17DBD4EE43E74FB5E09C8EC8F5271F</Data><Data Name='ParentProcessGuid'>{5d3d98af-2596-5ec2-0000-0010a6d50000}</Data><Data Name='ParentProcessId'>1080</Data><Data Name='ParentImage'>C:\Windows\System32\svchost.exe</Data><Data Name='ParentCommandLine'>C:\Windows\system32\svchost.exe -k netsvcs -p -s Schedule</Data></EventData></Event><Event xmlns='http://schemas.microsoft.com/win/2004/08/events/event'><System><Provider Name='Microsoft-Windows-Sysmon' Guid='{5770385f-c22a-43e0-bf4c-06f5698ffbd9}'/><EventID>22</EventID><Version>5</Version><Level>4</Level><Task>22</Task><Opcode>0</Opcode><Keywords>0x8000000000000000</Keywords><TimeCreated SystemTime='2020-05-18T06:21:41.812037100Z'/><EventRecordID>3748</EventRecordID><Correlation/><Execution ProcessID='2944' ThreadID='3256'/><Channel>Microsoft-Windows-Sysmon/Operational</Channel><Computer>DESKTOP-P84STH6</Computer><Security UserID='S-1-5-18'/></System><EventData><Data Name='RuleName'></Data><Data Name='UtcTime'>2020-05-18 06:21:36.448</Data><Data Name='ProcessGuid'>{5d3d98af-295a-5ec2-0000-00103e1b1600}</Data><Data Name='ProcessId'>7912</Data><Data Name='QueryName'>yt3.ggpht.com</Data><Data Name='QueryStatus'>0</Data><Data Name='QueryResults'>type:  5 photos-ugc.l.googleusercontent.com;172.217.24.1;</Data><Data Name='Image'>C:\Program Files (x86)\Google\Chrome\Application\chrome.exe</Data></EventData></Event><Event xmlns='http://schemas.microsoft.com/win/2004/08/events/event'><System><Provider Name='Microsoft-Windows-Sysmon' Guid='{5770385f-c22a-43e0-bf4c-06f5698ffbd9}'/><EventID>22</EventID><Version>5</Version><Level>4</Level><Task>22</Task><Opcode>0</Opcode><Keywords>0x8000000000000000</Keywords><TimeCreated SystemTime='2020-05-18T06:21:29.781322500Z'/><EventRecordID>3747</EventRecordID><Correlation/><Execution ProcessID='2944' ThreadID='3256'/><Channel>Microsoft-Windows-Sysmon/Operational</Channel><Computer>DESKTOP-P84STH6</Computer><Security UserID='S-1-5-18'/></System><EventData><Data Name='RuleName'></Data><Data Name='UtcTime'>2020-05-18 06:21:25.131</Data><Data Name='ProcessGuid'>{5d3d98af-295a-5ec2-0000-00103e1b1600}</Data><Data Name='ProcessId'>7912</Data><Data Name='QueryName'>www.google.com.tw</Data><Data Name='QueryStatus'>0</Data><Data Name='QueryResults'>172.217.160.67;</Data><Data Name='Image'>C:\Program Files (x86)\Google\Chrome\Application\chrome.exe</Data></EventData></Event>