<Event xmlns='http://schemas.microsoft.com/win/2004/08/events/event'><System><Provider Name='Microsoft-Windows-Sysmon' Guid='{5770385f-c22a-43e0-bf4c-06f5698ffbd9}'/><EventID>11</EventID><Version>2</Version><Level>4</Level><Task>11</Task><Opcode>0</Opcode><Keywords>0x8000000000000000</Keywords><TimeCreated SystemTime='2020-05-18T06:36:33.457981600Z'/><EventRecordID>3827</EventRecordID><Correlation/><Execution ProcessID='2944' ThreadID='3260'/><Channel>Microsoft-Windows-Sysmon/Operational</Channel><Computer>DESKTOP-P84STH6</Computer><Security UserID='S-1-5-18'/></System><EventData><Data Name='RuleName'>DLL</Data><Data Name='UtcTime'>2020-05-18 06:36:33.457</Data><Data Name='ProcessGuid'>{5d3d98af-2cf0-5ec2-0000-0010780d2100}</Data><Data Name='ProcessId'>3884</Data><Data Name='Image'>C:\Windows\system32\cleanmgr.exe</Data><Data Name='TargetFilename'>C:\Users\NS\AppData\Local\Temp\0382BCFF-ED5E-4E04-8A6C-ABEB982406BA\ProvProvider.dll</Data><Data Name='CreationUtcTime'>2020-05-18 06:36:33.457</Data></EventData></Event><Event xmlns='http://schemas.microsoft.com/win/2004/08/events/event'><System><Provider Name='Microsoft-Windows-Sysmon' Guid='{5770385f-c22a-43e0-bf4c-06f5698ffbd9}'/><EventID>11</EventID><Version>2</Version><Level>4</Level><Task>11</Task><Opcode>0</Opcode><Keywords>0x8000000000000000</Keywords><TimeCreated SystemTime='2020-05-18T06:36:33.456523400Z'/><EventRecordID>3826</EventRecordID><Correlation/><Execution ProcessID='2944' ThreadID='3260'/><Channel>Microsoft-Windows-Sysmon/Operational</Channel><Computer>DESKTOP-P84STH6</Computer><Security UserID='S-1-5-18'/></System><EventData><Data Name='RuleName'>DLL</Data><Data Name='UtcTime'>2020-05-18 06:36:33.455</Data><Data Name='ProcessGuid'>{5d3d98af-2cf0-5ec2-0000-0010780d2100}</Data><Data Name='ProcessId'>3884</Data><Data Name='Image'>C:\Windows\system32\cleanmgr.exe</Data><Data Name='TargetFilename'>C:\Users\NS\AppData\Local\Temp\0382BCFF-ED5E-4E04-8A6C-ABEB982406BA\OSProvider.dll</Data><Data Name='CreationUtcTime'>2020-05-18 06:36:33.455</Data></EventData></Event><Event xmlns='http://schemas.microsoft.com/win/2004/08/events/event'><System><Provider Name='Microsoft-Windows-Sysmon' Guid='{5770385f-c22a-43e0-bf4c-06f5698ffbd9}'/><EventID>11</EventID><Version>2</Version><Level>4</Level><Task>11</Task><Opcode>0</Opcode><Keywords>0x8000000000000000</Keywords><TimeCreated SystemTime='2020-05-18T06:36:33.454604800Z'/><EventRecordID>3825</EventRecordID><Correlation/><Execution ProcessID='2944' ThreadID='3260'/><Channel>Microsoft-Windows-Sysmon/Operational</Channel><Computer>DESKTOP-P84STH6</Computer><Security UserID='S-1-5-18'/></System><EventData><Data Name='RuleName'>DLL</Data><Data Name='UtcTime'>2020-05-18 06:36:33.453</Data><Data Name='ProcessGuid'>{5d3d98af-2cf0-5ec2-0000-0010780d2100}</Data><Data Name='ProcessId'>3884</Data><Data Name='Image'>C:\Windows\system32\cleanmgr.exe</Data><Data Name='TargetFilename'>C:\Users\NS\AppData\Local\Temp\0382BCFF-ED5E-4E04-8A6C-ABEB982406BA\OfflineSetupProvider.dll</Data><Data Name='CreationUtcTime'>2020-05-18 06:36:33.453</Data></EventData></Event><Event xmlns='http://schemas.microsoft.com/win/2004/08/events/event'><System><Provider Name='Microsoft-Windows-Sysmon' Guid='{5770385f-c22a-43e0-bf4c-06f5698ffbd9}'/><EventID>11</EventID><Version>2</Version><Level>4</Level><Task>11</Task><Opcode>0</Opcode><Keywords>0x8000000000000000</Keywords><TimeCreated SystemTime='2020-05-18T06:36:33.452699200Z'/><EventRecordID>3824</EventRecordID><Correlation/><Execution ProcessID='2944' ThreadID='3260'/><Channel>Microsoft-Windows-Sysmon/Operational</Channel><Computer>DESKTOP-P84STH6</Computer><Security UserID='S-1-5-18'/></System><EventData><Data Name='RuleName'>DLL</Data><Data Name='UtcTime'>2020-05-18 06:36:33.452</Data><Data Name='ProcessGuid'>{5d3d98af-2cf0-5ec2-0000-0010780d2100}</Data><Data Name='ProcessId'>3884</Data><Data Name='Image'>C:\Windows\system32\cleanmgr.exe</Data><Data Name='TargetFilename'>C:\Users\NS\AppData\Local\Temp\0382BCFF-ED5E-4E04-8A6C-ABEB982406BA\MsiProvider.dll</Data><Data Name='CreationUtcTime'>2020-05-18 06:36:33.452</Data></EventData></Event><Event xmlns='http://schemas.microsoft.com/win/2004/08/events/event'><System><Provider Name='Microsoft-Windows-Sysmon' Guid='{5770385f-c22a-43e0-bf4c-06f5698ffbd9}'/><EventID>11</EventID><Version>2</Version><Level>4</Level><Task>11</Task><Opcode>0</Opcode><Keywords>0x8000000000000000</Keywords><TimeCreated SystemTime='2020-05-18T06:36:33.451362100Z'/><EventRecordID>3823</EventRecordID><Correlation/><Execution ProcessID='2944' ThreadID='3260'/><Channel>Microsoft-Windows-Sysmon/Operational</Channel><Computer>DESKTOP-P84STH6</Computer><Security UserID='S-1-5-18'/></System><EventData><Data Name='RuleName'>DLL</Data><Data Name='UtcTime'>2020-05-18 06:36:33.451</Data><Data Name='ProcessGuid'>{5d3d98af-2cf0-5ec2-0000-0010780d2100}</Data><Data Name='ProcessId'>3884</Data><Data Name='Image'>C:\Windows\system32\cleanmgr.exe</Data><Data Name='TargetFilename'>C:\Users\NS\AppData\Local\Temp\0382BCFF-ED5E-4E04-8A6C-ABEB982406BA\LogProvider.dll</Data><Data Name='CreationUtcTime'>2020-05-18 06:36:33.450</Data></EventData></Event><Event xmlns='http://schemas.microsoft.com/win/2004/08/events/event'><System><Provider Name='Microsoft-Windows-Sysmon' Guid='{5770385f-c22a-43e0-bf4c-06f5698ffbd9}'/><EventID>11</EventID><Version>2</Version><Level>4</Level><Task>11</Task><Opcode>0</Opcode><Keywords>0x8000000000000000</Keywords><TimeCreated SystemTime='2020-05-18T06:36:33.448775300Z'/><EventRecordID>3822</EventRecordID><Correlation/><Execution ProcessID='2944' ThreadID='3260'/><Channel>Microsoft-Windows-Sysmon/Operational</Channel><Computer>DESKTOP-P84STH6</Computer><Security UserID='S-1-5-18'/></System><EventData><Data Name='RuleName'>DLL</Data><Data Name='UtcTime'>2020-05-18 06:36:33.448</Data><Data Name='ProcessGuid'>{5d3d98af-2cf0-5ec2-0000-0010780d2100}</Data><Data Name='ProcessId'>3884</Data><Data Name='Image'>C:\Windows\system32\cleanmgr.exe</Data><Data Name='TargetFilename'>C:\Users\NS\AppData\Local\Temp\0382BCFF-ED5E-4E04-8A6C-ABEB982406BA\IntlProvider.dll</Data><Data Name='CreationUtcTime'>2020-05-18 06:36:33.447</Data></EventData></Event><Event xmlns='http://schemas.microsoft.com/win/2004/08/events/event'><System><Provider Name='Microsoft-Windows-Sysmon' Guid='{5770385f-c22a-43e0-bf4c-06f5698ffbd9}'/><EventID>11</EventID><Version>2</Version><Level>4</Level><Task>11</Task><Opcode>0</Opcode><Keywords>0x8000000000000000</Keywords><TimeCreated SystemTime='2020-05-18T06:36:33.446833800Z'/><EventRecordID>3821</EventRecordID><Correlation/><Execution ProcessID='2944' ThreadID='3260'/><Channel>Microsoft-Windows-Sysmon/Operational</Channel><Computer>DESKTOP-P84STH6</Computer><Security UserID='S-1-5-18'/></System><EventData><Data Name='RuleName'>DLL</Data><Data Name='UtcTime'>2020-05-18 06:36:33.446</Data><Data Name='ProcessGuid'>{5d3d98af-2cf0-5ec2-0000-0010780d2100}</Data><Data Name='ProcessId'>3884</Data><Data Name='Image'>C:\Windows\system32\cleanmgr.exe</Data><Data Name='TargetFilename'>C:\Users\NS\AppData\Local\Temp\0382BCFF-ED5E-4E04-8A6C-ABEB982406BA\ImagingProvider.dll</Data><Data Name='CreationUtcTime'>2020-05-18 06:36:33.446</Data></EventData></Event><Event xmlns='http://schemas.microsoft.com/win/2004/08/events/event'><System><Provider Name='Microsoft-Windows-Sysmon' Guid='{5770385f-c22a-43e0-bf4c-06f5698ffbd9}'/><EventID>11</EventID><Version>2</Version><Level>4</Level><Task>11</Task><Opcode>0</Opcode><Keywords>0x8000000000000000</Keywords><TimeCreated SystemTime='2020-05-18T06:36:33.432979200Z'/><EventRecordID>3820</EventRecordID><Correlation/><Execution ProcessID='2944' ThreadID='3260'/><Channel>Microsoft-Windows-Sysmon/Operational</Channel><Computer>DESKTOP-P84STH6</Computer><Security UserID='S-1-5-18'/></System><EventData><Data Name='RuleName'>DLL</Data><Data Name='UtcTime'>2020-05-18 06:36:33.432</Data><Data Name='ProcessGuid'>{5d3d98af-2cf0-5ec2-0000-0010780d2100}</Data><Data Name='ProcessId'>3884</Data><Data Name='Image'>C:\Windows\system32\cleanmgr.exe</Data><Data Name='TargetFilename'>C:\Users\NS\AppData\Local\Temp\0382BCFF-ED5E-4E04-8A6C-ABEB982406BA\IBSProvider.dll</Data><Data Name='CreationUtcTime'>2020-05-18 06:36:33.432</Data></EventData></Event><Event xmlns='http://schemas.microsoft.com/win/2004/08/events/event'><System><Provider Name='Microsoft-Windows-Sysmon' Guid='{5770385f-c22a-43e0-bf4c-06f5698ffbd9}'/><EventID>11</EventID><Version>2</Version><Level>4</Level><Task>11</Task><Opcode>0</Opcode><Keywords>0x8000000000000000</Keywords><TimeCreated SystemTime='2020-05-18T06:36:33.432134100Z'/><EventRecordID>3819</EventRecordID><Correlation/><Execution ProcessID='2944' ThreadID='3260'/><Channel>Microsoft-Windows-Sysmon/Operational</Channel><Computer>DESKTOP-P84STH6</Computer><Security UserID='S-1-5-18'/></System><EventData><Data Name='RuleName'>DLL</Data><Data Name='UtcTime'>2020-05-18 06:36:33.431</Data><Data Name='ProcessGuid'>{5d3d98af-2cf0-5ec2-0000-0010780d2100}</Data><Data Name='ProcessId'>3884</Data><Data Name='Image'>C:\Windows\system32\cleanmgr.exe</Data><Data Name='TargetFilename'>C:\Users\NS\AppData\Local\Temp\0382BCFF-ED5E-4E04-8A6C-ABEB982406BA\GenericProvider.dll</Data><Data Name='CreationUtcTime'>2020-05-18 06:36:33.431</Data></EventData></Event><Event xmlns='http://schemas.microsoft.com/win/2004/08/events/event'><System><Provider Name='Microsoft-Windows-Sysmon' Guid='{5770385f-c22a-43e0-bf4c-06f5698ffbd9}'/><EventID>11</EventID><Version>2</Version><Level>4</Level><Task>11</Task><Opcode>0</Opcode><Keywords>0x8000000000000000</Keywords><TimeCreated SystemTime='2020-05-18T06:36:33.431028900Z'/><EventRecordID>3818</EventRecordID><Correlation/><Execution ProcessID='2944' ThreadID='3260'/><Channel>Microsoft-Windows-Sysmon/Operational</Channel><Computer>DESKTOP-P84STH6</Computer><Security UserID='S-1-5-18'/></System><EventData><Data Name='RuleName'>DLL</Data><Data Name='UtcTime'>2020-05-18 06:36:33.428</Data><Data Name='ProcessGuid'>{5d3d98af-2cf0-5ec2-0000-0010780d2100}</Data><Data Name='ProcessId'>3884</Data><Data Name='Image'>C:\Windows\system32\cleanmgr.exe</Data><Data Name='TargetFilename'>C:\Users\NS\AppData\Local\Temp\0382BCFF-ED5E-4E04-8A6C-ABEB982406BA\FolderProvider.dll</Data><Data Name='CreationUtcTime'>2020-05-18 06:36:33.428</Data></EventData></Event><Event xmlns='http://schemas.microsoft.com/win/2004/08/events/event'><System><Provider Name='Microsoft-Windows-Sysmon' Guid='{5770385f-c22a-43e0-bf4c-06f5698ffbd9}'/><EventID>11</EventID><Version>2</Version><Level>4</Level><Task>11</Task><Opcode>0</Opcode><Keywords>0x8000000000000000</Keywords><TimeCreated SystemTime='2020-05-18T06:36:33.428134100Z'/><EventRecordID>3817</EventRecordID><Correlation/><Execution ProcessID='2944' ThreadID='3260'/><Channel>Microsoft-Windows-Sysmon/Operational</Channel><Computer>DESKTOP-P84STH6</Computer><Security UserID='S-1-5-18'/></System><EventData><Data Name='RuleName'>DLL</Data><Data Name='UtcTime'>2020-05-18 06:36:33.427</Data><Data Name='ProcessGuid'>{5d3d98af-2cf0-5ec2-0000-0010780d2100}</Data><Data Name='ProcessId'>3884</Data><Data Name='Image'>C:\Windows\system32\cleanmgr.exe</Data><Data Name='TargetFilename'>C:\Users\NS\AppData\Local\Temp\0382BCFF-ED5E-4E04-8A6C-ABEB982406BA\FfuProvider.dll</Data><Data Name='CreationUtcTime'>2020-05-18 06:36:33.427</Data></EventData></Event><Event xmlns='http://schemas.microsoft.com/win/2004/08/events/event'><System><Provider Name='Microsoft-Windows-Sysmon' Guid='{5770385f-c22a-43e0-bf4c-06f5698ffbd9}'/><EventID>11</EventID><Version>2</Version><Level>4</Level><Task>11</Task><Opcode>0</Opcode><Keywords>0x8000000000000000</Keywords><TimeCreated SystemTime='2020-05-18T06:36:33.366691100Z'/><EventRecordID>3816</EventRecordID><Correlation/><Execution ProcessID='2944' ThreadID='3260'/><Channel>Microsoft-Windows-Sysmon/Operational</Channel><Computer>DESKTOP-P84STH6</Computer><Security UserID='S-1-5-18'/></System><EventData><Data Name='RuleName'>DLL</Data><Data Name='UtcTime'>2020-05-18 06:36:33.366</Data><Data Name='ProcessGuid'>{5d3d98af-2cf0-5ec2-0000-0010780d2100}</Data><Data Name='ProcessId'>3884</Data><Data Name='Image'>C:\Windows\system32\cleanmgr.exe</Data><Data Name='TargetFilename'>C:\Users\NS\AppData\Local\Temp\0382BCFF-ED5E-4E04-8A6C-ABEB982406BA\DmiProvider.dll</Data><Data Name='CreationUtcTime'>2020-05-18 06:36:33.366</Data></EventData></Event><Event xmlns='http://schemas.microsoft.com/win/2004/08/events/event'><System><Provider Name='Microsoft-Windows-Sysmon' Guid='{5770385f-c22a-43e0-bf4c-06f5698ffbd9}'/><EventID>11</EventID><Version>2</Version><Level>4</Level><Task>11</Task><Opcode>0</Opcode><Keywords>0x8000000000000000</Keywords><TimeCreated SystemTime='2020-05-18T06:36:33.364893500Z'/><EventRecordID>3815</EventRecordID><Correlation/><Execution ProcessID='2944' ThreadID='3260'/><Channel>Microsoft-Windows-Sysmon/Operational</Channel><Computer>DESKTOP-P84STH6</Computer><Security UserID='S-1-5-18'/></System><EventData><Data Name='RuleName'>DLL</Data><Data Name='UtcTime'>2020-05-18 06:36:33.364</Data><Data Name='ProcessGuid'>{5d3d98af-2cf0-5ec2-0000-0010780d2100}</Data><Data Name='ProcessId'>3884</Data><Data Name='Image'>C:\Windows\system32\cleanmgr.exe</Data><Data Name='TargetFilename'>C:\Users\NS\AppData\Local\Temp\0382BCFF-ED5E-4E04-8A6C-ABEB982406BA\DismProv.dll</Data><Data Name='CreationUtcTime'>2020-05-18 06:36:33.364</Data></EventData></Event><Event xmlns='http://schemas.microsoft.com/win/2004/08/events/event'><System><Provider Name='Microsoft-Windows-Sysmon' Guid='{5770385f-c22a-43e0-bf4c-06f5698ffbd9}'/><EventID>11</EventID><Version>2</Version><Level>4</Level><Task>11</Task><Opcode>0</Opcode><Keywords>0x8000000000000000</Keywords><TimeCreated SystemTime='2020-05-18T06:36:33.350376500Z'/><EventRecordID>3814</EventRecordID><Correlation/><Execution ProcessID='2944' ThreadID='3260'/><Channel>Microsoft-Windows-Sysmon/Operational</Channel><Computer>DESKTOP-P84STH6</Computer><Security UserID='S-1-5-18'/></System><EventData><Data Name='RuleName'>EXE</Data><Data Name='UtcTime'>2020-05-18 06:36:33.349</Data><Data Name='ProcessGuid'>{5d3d98af-2cf0-5ec2-0000-0010780d2100}</Data><Data Name='ProcessId'>3884</Data><Data Name='Image'>C:\Windows\system32\cleanmgr.exe</Data><Data Name='TargetFilename'>C:\Users\NS\AppData\Local\Temp\0382BCFF-ED5E-4E04-8A6C-ABEB982406BA\DismHost.exe</Data><Data Name='CreationUtcTime'>2020-05-18 06:36:33.349</Data></EventData></Event><Event xmlns='http://schemas.microsoft.com/win/2004/08/events/event'><System><Provider Name='Microsoft-Windows-Sysmon' Guid='{5770385f-c22a-43e0-bf4c-06f5698ffbd9}'/><EventID>11</EventID><Version>2</Version><Level>4</Level><Task>11</Task><Opcode>0</Opcode><Keywords>0x8000000000000000</Keywords><TimeCreated SystemTime='2020-05-18T06:36:33.348259800Z'/><EventRecordID>3813</EventRecordID><Correlation/><Execution ProcessID='2944' ThreadID='3260'/><Channel>Microsoft-Windows-Sysmon/Operational</Channel><Computer>DESKTOP-P84STH6</Computer><Security UserID='S-1-5-18'/></System><EventData><Data Name='RuleName'>DLL</Data><Data Name='UtcTime'>2020-05-18 06:36:33.347</Data><Data Name='ProcessGuid'>{5d3d98af-2cf0-5ec2-0000-0010780d2100}</Data><Data Name='ProcessId'>3884</Data><Data Name='Image'>C:\Windows\system32\cleanmgr.exe</Data><Data Name='TargetFilename'>C:\Users\NS\AppData\Local\Temp\0382BCFF-ED5E-4E04-8A6C-ABEB982406BA\DismCorePS.dll</Data><Data Name='CreationUtcTime'>2020-05-18 06:36:33.347</Data></EventData></Event><Event xmlns='http://schemas.microsoft.com/win/2004/08/events/event'><System><Provider Name='Microsoft-Windows-Sysmon' Guid='{5770385f-c22a-43e0-bf4c-06f5698ffbd9}'/><EventID>11</EventID><Version>2</Version><Level>4</Level><Task>11</Task><Opcode>0</Opcode><Keywords>0x8000000000000000</Keywords><TimeCreated SystemTime='2020-05-18T06:36:33.346084300Z'/><EventRecordID>3812</EventRecordID><Correlation/><Execution ProcessID='2944' ThreadID='3260'/><Channel>Microsoft-Windows-Sysmon/Operational</Channel><Computer>DESKTOP-P84STH6</Computer><Security UserID='S-1-5-18'/></System><EventData><Data Name='RuleName'>DLL</Data><Data Name='UtcTime'>2020-05-18 06:36:33.345</Data><Data Name='ProcessGuid'>{5d3d98af-2cf0-5ec2-0000-0010780d2100}</Data><Data Name='ProcessId'>3884</Data><Data Name='Image'>C:\Windows\system32\cleanmgr.exe</Data><Data Name='TargetFilename'>C:\Users\NS\AppData\Local\Temp\0382BCFF-ED5E-4E04-8A6C-ABEB982406BA\DismCore.dll</Data><Data Name='CreationUtcTime'>2020-05-18 06:36:33.345</Data></EventData></Event><Event xmlns='http://schemas.microsoft.com/win/2004/08/events/event'><System><Provider Name='Microsoft-Windows-Sysmon' Guid='{5770385f-c22a-43e0-bf4c-06f5698ffbd9}'/><EventID>11</EventID><Version>2</Version><Level>4</Level><Task>11</Task><Opcode>0</Opcode><Keywords>0x8000000000000000</Keywords><TimeCreated SystemTime='2020-05-18T06:36:33.342922100Z'/><EventRecordID>3811</EventRecordID><Correlation/><Execution ProcessID='2944' ThreadID='3260'/><Channel>Microsoft-Windows-Sysmon/Operational</Channel><Computer>DESKTOP-P84STH6</Computer><Security UserID='S-1-5-18'/></System><EventData><Data Name='RuleName'>DLL</Data><Data Name='UtcTime'>2020-05-18 06:36:33.341</Data><Data Name='ProcessGuid'>{5d3d98af-2cf0-5ec2-0000-0010780d2100}</Data><Data Name='ProcessId'>3884</Data><Data Name='Image'>C:\Windows\system32\cleanmgr.exe</Data><Data Name='TargetFilename'>C:\Users\NS\AppData\Local\Temp\0382BCFF-ED5E-4E04-8A6C-ABEB982406BA\CbsProvider.dll</Data><Data Name='CreationUtcTime'>2020-05-18 06:36:33.341</Data></EventData></Event><Event xmlns='http://schemas.microsoft.com/win/2004/08/events/event'><System><Provider Name='Microsoft-Windows-Sysmon' Guid='{5770385f-c22a-43e0-bf4c-06f5698ffbd9}'/><EventID>11</EventID><Version>2</Version><Level>4</Level><Task>11</Task><Opcode>0</Opcode><Keywords>0x8000000000000000</Keywords><TimeCreated SystemTime='2020-05-18T06:36:33.341566500Z'/><EventRecordID>3810</EventRecordID><Correlation/><Execution ProcessID='2944' ThreadID='3260'/><Channel>Microsoft-Windows-Sysmon/Operational</Channel><Computer>DESKTOP-P84STH6</Computer><Security UserID='S-1-5-18'/></System><EventData><Data Name='RuleName'>DLL</Data><Data Name='UtcTime'>2020-05-18 06:36:33.341</Data><Data Name='ProcessGuid'>{5d3d98af-2cf0-5ec2-0000-0010780d2100}</Data><Data Name='ProcessId'>3884</Data><Data Name='Image'>C:\Windows\system32\cleanmgr.exe</Data><Data Name='TargetFilename'>C:\Users\NS\AppData\Local\Temp\0382BCFF-ED5E-4E04-8A6C-ABEB982406BA\AssocProvider.dll</Data><Data Name='CreationUtcTime'>2020-05-18 06:36:33.341</Data></EventData></Event><Event xmlns='http://schemas.microsoft.com/win/2004/08/events/event'><System><Provider Name='Microsoft-Windows-Sysmon' Guid='{5770385f-c22a-43e0-bf4c-06f5698ffbd9}'/><EventID>11</EventID><Version>2</Version><Level>4</Level><Task>11</Task><Opcode>0</Opcode><Keywords>0x8000000000000000</Keywords><TimeCreated SystemTime='2020-05-18T06:36:33.338137700Z'/><EventRecordID>3809</EventRecordID><Correlation/><Execution ProcessID='2944' ThreadID='3260'/><Channel>Microsoft-Windows-Sysmon/Operational</Channel><Computer>DESKTOP-P84STH6</Computer><Security UserID='S-1-5-18'/></System><EventData><Data Name='RuleName'>DLL</Data><Data Name='UtcTime'>2020-05-18 06:36:33.337</Data><Data Name='ProcessGuid'>{5d3d98af-2cf0-5ec2-0000-0010780d2100}</Data><Data Name='ProcessId'>3884</Data><Data Name='Image'>C:\Windows\system32\cleanmgr.exe</Data><Data Name='TargetFilename'>C:\Users\NS\AppData\Local\Temp\0382BCFF-ED5E-4E04-8A6C-ABEB982406BA\AppxProvider.dll</Data><Data Name='CreationUtcTime'>2020-05-18 06:36:33.337</Data></EventData></Event><Event xmlns='http://schemas.microsoft.com/win/2004/08/events/event'><System><Provider Name='Microsoft-Windows-Sysmon' Guid='{5770385f-c22a-43e0-bf4c-06f5698ffbd9}'/><EventID>1</EventID><Version>5</Version><Level>4</Level><Task>1</Task><Opcode>0</Opcode><Keywords>0x8000000000000000</Keywords><TimeCreated SystemTime='2020-05-18T06:36:33.204128900Z'/><EventRecordID>3808</EventRecordID><Correlation/><Execution ProcessID='2944' ThreadID='3260'/><Channel>Microsoft-Windows-Sysmon/Operational</Channel><Computer>DESKTOP-P84STH6</Computer><Security UserID='S-1-5-18'/></System><EventData><Data Name='RuleName'></Data><Data Name='UtcTime'>2020-05-18 06:36:33.202</Data><Data Name='ProcessGuid'>{5d3d98af-2cf1-5ec2-0000-001034652100}</Data><Data Name='ProcessId'>1068</Data><Data Name='Image'>C:\Windows\System32\svchost.exe</Data><Data Name='FileVersion'>10.0.18362.1 (WinBuild.160101.0800)</Data><Data Name='Description'>Host Process for Windows Services</Data><Data Name='Product'>Microsoft® Windows® Operating System</Data><Data Name='Company'>Microsoft Corporation</Data><Data Name='OriginalFileName'>svchost.exe</Data><Data Name='CommandLine'>C:\Windows\system32\svchost.exe -k netsvcs -p -s gpsvc</Data><Data Name='CurrentDirectory'>C:\Windows\system32\</Data><Data Name='User'>NT AUTHORITY\SYSTEM</Data><Data Name='LogonGuid'>{5d3d98af-2596-5ec2-0000-0020e7030000}</Data><Data Name='LogonId'>0x3e7</Data><Data Name='TerminalSessionId'>0</Data><Data Name='IntegrityLevel'>System</Data><Data Name='Hashes'>MD5=9520A99E77D6196D0D09833146424113,SHA256=DD191A5B23DF92E12A8852291F9FB5ED594B76A28A5A464418442584AFD1E048,IMPHASH=247B9220E5D9B720A82B2C8B5069AD69</Data><Data Name='ParentProcessGuid'>{5d3d98af-2596-5ec2-0000-0010015c0000}</Data><Data Name='ParentProcessId'>656</Data><Data Name='ParentImage'>C:\Windows\System32\services.exe</Data><Data Name='ParentCommandLine'>C:\Windows\system32\services.exe</Data></EventData></Event><Event xmlns='http://schemas.microsoft.com/win/2004/08/events/event'><System><Provider Name='Microsoft-Windows-Sysmon' Guid='{5770385f-c22a-43e0-bf4c-06f5698ffbd9}'/><EventID>1</EventID><Version>5</Version><Level>4</Level><Task>1</Task><Opcode>0</Opcode><Keywords>0x8000000000000000</Keywords><TimeCreated SystemTime='2020-05-18T06:36:32.800309100Z'/><EventRecordID>3807</EventRecordID><Correlation/><Execution ProcessID='2944' ThreadID='3260'/><Channel>Microsoft-Windows-Sysmon/Operational</Channel><Computer>DESKTOP-P84STH6</Computer><Security UserID='S-1-5-18'/></System><EventData><Data Name='RuleName'></Data><Data Name='UtcTime'>2020-05-18 06:36:32.798</Data><Data Name='ProcessGuid'>{5d3d98af-2cf0-5ec2-0000-0010d72d2100}</Data><Data Name='ProcessId'>7100</Data><Data Name='Image'>C:\Windows\System32\slui.exe</Data><Data Name='FileVersion'>10.0.18362.1 (WinBuild.160101.0800)</Data><Data Name='Description'>Windows Activation Client</Data><Data Name='Product'>Microsoft® Windows® Operating System</Data><Data Name='Company'>Microsoft Corporation</Data><Data Name='OriginalFileName'>slui.exe</Data><Data Name='CommandLine'>"C:\Windows\System32\SLUI.exe" RuleId=eeba1977-569e-4571-b639-7623d8bfecc0;Action=AutoActivate;AppId=55c92734-d682-4d71-983e-d6ec3f16059f;SkuId=2de67392-b7a7-462a-b1ca-108dd189f588;NotificationInterval=1440;Trigger=NetworkAvailable</Data><Data Name='CurrentDirectory'>C:\Windows\system32\</Data><Data Name='User'>NT AUTHORITY\NETWORK SERVICE</Data><Data Name='LogonGuid'>{5d3d98af-2596-5ec2-0000-0020e4030000}</Data><Data Name='LogonId'>0x3e4</Data><Data Name='TerminalSessionId'>0</Data><Data Name='IntegrityLevel'>System</Data><Data Name='Hashes'>MD5=28E32F800AA2522C5DDDF5CB29AD7536,SHA256=C19A3BF8557FD648AE6750CBBDFA736DFC630D94AE6356C8CD9F04F0D3C28B42,IMPHASH=A7D9AE5981DB25E498B7E31387AF81BF</Data><Data Name='ParentProcessGuid'>{5d3d98af-2cf0-5ec2-0000-0010c42a2100}</Data><Data Name='ParentProcessId'>3396</Data><Data Name='ParentImage'>C:\Windows\System32\SppExtComObj.Exe</Data><Data Name='ParentCommandLine'>C:\Windows\system32\SppExtComObj.exe -Embedding</Data></EventData></Event><Event xmlns='http://schemas.microsoft.com/win/2004/08/events/event'><System><Provider Name='Microsoft-Windows-Sysmon' Guid='{5770385f-c22a-43e0-bf4c-06f5698ffbd9}'/><EventID>1</EventID><Version>5</Version><Level>4</Level><Task>1</Task><Opcode>0</Opcode><Keywords>0x8000000000000000</Keywords><TimeCreated SystemTime='2020-05-18T06:36:32.657993000Z'/><EventRecordID>3806</EventRecordID><Correlation/><Execution ProcessID='2944' ThreadID='3260'/><Channel>Microsoft-Windows-Sysmon/Operational</Channel><Computer>DESKTOP-P84STH6</Computer><Security UserID='S-1-5-18'/></System><EventData><Data Name='RuleName'></Data><Data Name='UtcTime'>2020-05-18 06:36:32.654</Data><Data Name='ProcessGuid'>{5d3d98af-2cf0-5ec2-0000-0010fd222100}</Data><Data Name='ProcessId'>1160</Data><Data Name='Image'>C:\Windows\Microsoft.NET\Framework\v4.0.30319\ngentask.exe</Data><Data Name='FileVersion'>4.8.3752.0 built by: NET48REL1</Data><Data Name='Description'>Microsoft .NET Framework optimization service</Data><Data Name='Product'>Microsoft® .NET Framework</Data><Data Name='Company'>Microsoft Corporation</Data><Data Name='OriginalFileName'>NGenTask.exe</Data><Data Name='CommandLine'>"C:\Windows\Microsoft.NET\Framework\v4.0.30319\NGenTask.exe" /RuntimeWide /StopEvent:936</Data><Data Name='CurrentDirectory'>C:\Windows\system32\</Data><Data Name='User'>NT AUTHORITY\SYSTEM</Data><Data Name='LogonGuid'>{5d3d98af-2596-5ec2-0000-0020e7030000}</Data><Data Name='LogonId'>0x3e7</Data><Data Name='TerminalSessionId'>0</Data><Data Name='IntegrityLevel'>System</Data><Data Name='Hashes'>MD5=80D254018DB7CBC1EF9DC58F30D997B9,SHA256=4583B06DA707A1B0BDE4D0848BB5BDE9441E71AA2593AAC2BC5C4555B66030C1,IMPHASH=F34D5F2D4577ED6D9CEEC516C1F5A744</Data><Data Name='ParentProcessGuid'>{5d3d98af-2cf0-5ec2-0000-0010420a2100}</Data><Data Name='ParentProcessId'>4168</Data><Data Name='ParentImage'>C:\Windows\System32\taskhostw.exe</Data><Data Name='ParentCommandLine'>taskhostw.exe</Data></EventData></Event><Event xmlns='http://schemas.microsoft.com/win/2004/08/events/event'><System><Provider Name='Microsoft-Windows-Sysmon' Guid='{5770385f-c22a-43e0-bf4c-06f5698ffbd9}'/><EventID>13</EventID><Version>2</Version><Level>4</Level><Task>13</Task><Opcode>0</Opcode><Keywords>0x8000000000000000</Keywords><TimeCreated SystemTime='2020-05-18T06:36:32.512389300Z'/><EventRecordID>3805</EventRecordID><Correlation/><Execution ProcessID='2944' ThreadID='3260'/><Channel>Microsoft-Windows-Sysmon/Operational</Channel><Computer>DESKTOP-P84STH6</Computer><Security UserID='S-1-5-18'/></System><EventData><Data Name='RuleName'>Tamper-Winlogon</Data><Data Name='EventType'>SetValue</Data><Data Name='UtcTime'>2020-05-18 06:36:32.511</Data><Data Name='ProcessGuid'>{5d3d98af-2cef-5ec2-0000-001066742000}</Data><Data Name='ProcessId'>6840</Data><Data Name='Image'>C:\Windows\servicing\TrustedInstaller.exe</Data><Data Name='TargetObject'>HKLM\System\CurrentControlSet\Control\Winlogon\Notifications\Components\TrustedInstaller\Events</Data><Data Name='Details'>CreateSession</Data></EventData></Event><Event xmlns='http://schemas.microsoft.com/win/2004/08/events/event'><System><Provider Name='Microsoft-Windows-Sysmon' Guid='{5770385f-c22a-43e0-bf4c-06f5698ffbd9}'/><EventID>1</EventID><Version>5</Version><Level>4</Level><Task>1</Task><Opcode>0</Opcode><Keywords>0x8000000000000000</Keywords><TimeCreated SystemTime='2020-05-18T06:36:32.498748400Z'/><EventRecordID>3804</EventRecordID><Correlation/><Execution ProcessID='2944' ThreadID='3260'/><Channel>Microsoft-Windows-Sysmon/Operational</Channel><Computer>DESKTOP-P84STH6</Computer><Security UserID='S-1-5-18'/></System><EventData><Data Name='RuleName'></Data><Data Name='UtcTime'>2020-05-18 06:36:32.497</Data><Data Name='ProcessGuid'>{5d3d98af-2cf0-5ec2-0000-0010c9112100}</Data><Data Name='ProcessId'>5848</Data><Data Name='Image'>C:\Windows\System32\taskhostw.exe</Data><Data Name='FileVersion'>10.0.18362.387 (WinBuild.160101.0800)</Data><Data Name='Description'>Host Process for Windows Tasks</Data><Data Name='Product'>Microsoft® Windows® Operating System</Data><Data Name='Company'>Microsoft Corporation</Data><Data Name='OriginalFileName'>taskhostw.exe</Data><Data Name='CommandLine'>taskhostw.exe Time</Data><Data Name='CurrentDirectory'>C:\Windows\system32\</Data><Data Name='User'>DESKTOP-P84STH6\NS</Data><Data Name='LogonGuid'>{5d3d98af-2597-5ec2-0000-0020e18f0200}</Data><Data Name='LogonId'>0x28fe1</Data><Data Name='TerminalSessionId'>1</Data><Data Name='IntegrityLevel'>High</Data><Data Name='Hashes'>MD5=8AC325C757FA721B272ECEA19EBCF745,SHA256=0BEC3128B241FA533DC5A9D3F62AA41323D205DEFC30DCDE228C5ECC2D1E50A9,IMPHASH=9CB27CAED52CB0AFFB32788922A0D083</Data><Data Name='ParentProcessGuid'>{5d3d98af-2596-5ec2-0000-0010a6d50000}</Data><Data Name='ParentProcessId'>1080</Data><Data Name='ParentImage'>C:\Windows\System32\svchost.exe</Data><Data Name='ParentCommandLine'>C:\Windows\system32\svchost.exe -k netsvcs -p -s Schedule</Data></EventData></Event><Event xmlns='http://schemas.microsoft.com/win/2004/08/events/event'><System><Provider Name='Microsoft-Windows-Sysmon' Guid='{5770385f-c22a-43e0-bf4c-06f5698ffbd9}'/><EventID>1</EventID><Version>5</Version><Level>4</Level><Task>1</Task><Opcode>0</Opcode><Keywords>0x8000000000000000</Keywords><TimeCreated SystemTime='2020-05-18T06:36:32.495697200Z'/><EventRecordID>3803</EventRecordID><Correlation/><Execution ProcessID='2944' ThreadID='3260'/><Channel>Microsoft-Windows-Sysmon/Operational</Channel><Computer>DESKTOP-P84STH6</Computer><Security UserID='S-1-5-18'/></System><EventData><Data Name='RuleName'></Data><Data Name='UtcTime'>2020-05-18 06:36:32.493</Data><Data Name='ProcessGuid'>{5d3d98af-2cf0-5ec2-0000-00105e0f2100}</Data><Data Name='ProcessId'>7328</Data><Data Name='Image'>C:\Windows\System32\taskhostw.exe</Data><Data Name='FileVersion'>10.0.18362.387 (WinBuild.160101.0800)</Data><Data Name='Description'>Host Process for Windows Tasks</Data><Data Name='Product'>Microsoft® Windows® Operating System</Data><Data Name='Company'>Microsoft Corporation</Data><Data Name='OriginalFileName'>taskhostw.exe</Data><Data Name='CommandLine'>taskhostw.exe network</Data><Data Name='CurrentDirectory'>C:\Windows\system32\</Data><Data Name='User'>NT AUTHORITY\NETWORK SERVICE</Data><Data Name='LogonGuid'>{5d3d98af-2596-5ec2-0000-0020e4030000}</Data><Data Name='LogonId'>0x3e4</Data><Data Name='TerminalSessionId'>0</Data><Data Name='IntegrityLevel'>System</Data><Data Name='Hashes'>MD5=8AC325C757FA721B272ECEA19EBCF745,SHA256=0BEC3128B241FA533DC5A9D3F62AA41323D205DEFC30DCDE228C5ECC2D1E50A9,IMPHASH=9CB27CAED52CB0AFFB32788922A0D083</Data><Data Name='ParentProcessGuid'>{5d3d98af-2596-5ec2-0000-0010a6d50000}</Data><Data Name='ParentProcessId'>1080</Data><Data Name='ParentImage'>C:\Windows\System32\svchost.exe</Data><Data Name='ParentCommandLine'>C:\Windows\system32\svchost.exe -k netsvcs -p -s Schedule</Data></EventData></Event><Event xmlns='http://schemas.microsoft.com/win/2004/08/events/event'><System><Provider Name='Microsoft-Windows-Sysmon' Guid='{5770385f-c22a-43e0-bf4c-06f5698ffbd9}'/><EventID>1</EventID><Version>5</Version><Level>4</Level><Task>1</Task><Opcode>0</Opcode><Keywords>0x8000000000000000</Keywords><TimeCreated SystemTime='2020-05-18T06:36:32.494774600Z'/><EventRecordID>3802</EventRecordID><Correlation/><Execution ProcessID='2944' ThreadID='3260'/><Channel>Microsoft-Windows-Sysmon/Operational</Channel><Computer>DESKTOP-P84STH6</Computer><Security UserID='S-1-5-18'/></System><EventData><Data Name='RuleName'></Data><Data Name='UtcTime'>2020-05-18 06:36:32.491</Data><Data Name='ProcessGuid'>{5d3d98af-2cf0-5ec2-0000-0010780d2100}</Data><Data Name='ProcessId'>3884</Data><Data Name='Image'>C:\Windows\System32\cleanmgr.exe</Data><Data Name='FileVersion'>10.0.18362.1 (WinBuild.160101.0800)</Data><Data Name='Description'>Disk Space Cleanup Manager for Windows</Data><Data Name='Product'>Microsoft® Windows® Operating System</Data><Data Name='Company'>Microsoft Corporation</Data><Data Name='OriginalFileName'>CLEANMGR.DLL</Data><Data Name='CommandLine'>C:\Windows\system32\cleanmgr.exe /autoclean /d C:</Data><Data Name='CurrentDirectory'>C:\Windows\system32\</Data><Data Name='User'>DESKTOP-P84STH6\NS</Data><Data Name='LogonGuid'>{5d3d98af-2597-5ec2-0000-0020e18f0200}</Data><Data Name='LogonId'>0x28fe1</Data><Data Name='TerminalSessionId'>1</Data><Data Name='IntegrityLevel'>High</Data><Data Name='Hashes'>MD5=1920470998932423575D36C07F8BC97E,SHA256=B8555DF84BE369161FD26A72C416E981DE1259C319C9BD08E576F24DD43C8684,IMPHASH=01C3E0BDF36CDCCD09EE9D71D7D7A4F1</Data><Data Name='ParentProcessGuid'>{5d3d98af-2596-5ec2-0000-0010a6d50000}</Data><Data Name='ParentProcessId'>1080</Data><Data Name='ParentImage'>C:\Windows\System32\svchost.exe</Data><Data Name='ParentCommandLine'>C:\Windows\system32\svchost.exe -k netsvcs -p -s Schedule</Data></EventData></Event><Event xmlns='http://schemas.microsoft.com/win/2004/08/events/event'><System><Provider Name='Microsoft-Windows-Sysmon' Guid='{5770385f-c22a-43e0-bf4c-06f5698ffbd9}'/><EventID>1</EventID><Version>5</Version><Level>4</Level><Task>1</Task><Opcode>0</Opcode><Keywords>0x8000000000000000</Keywords><TimeCreated SystemTime='2020-05-18T06:36:32.487873600Z'/><EventRecordID>3801</EventRecordID><Correlation/><Execution ProcessID='2944' ThreadID='3260'/><Channel>Microsoft-Windows-Sysmon/Operational</Channel><Computer>DESKTOP-P84STH6</Computer><Security UserID='S-1-5-18'/></System><EventData><Data Name='RuleName'></Data><Data Name='UtcTime'>2020-05-18 06:36:32.486</Data><Data Name='ProcessGuid'>{5d3d98af-2cf0-5ec2-0000-0010420a2100}</Data><Data Name='ProcessId'>4168</Data><Data Name='Image'>C:\Windows\System32\taskhostw.exe</Data><Data Name='FileVersion'>10.0.18362.387 (WinBuild.160101.0800)</Data><Data Name='Description'>Host Process for Windows Tasks</Data><Data Name='Product'>Microsoft® Windows® Operating System</Data><Data Name='Company'>Microsoft Corporation</Data><Data Name='OriginalFileName'>taskhostw.exe</Data><Data Name='CommandLine'>taskhostw.exe</Data><Data Name='CurrentDirectory'>C:\Windows\system32\</Data><Data Name='User'>NT AUTHORITY\SYSTEM</Data><Data Name='LogonGuid'>{5d3d98af-2596-5ec2-0000-0020e7030000}</Data><Data Name='LogonId'>0x3e7</Data><Data Name='TerminalSessionId'>0</Data><Data Name='IntegrityLevel'>System</Data><Data Name='Hashes'>MD5=8AC325C757FA721B272ECEA19EBCF745,SHA256=0BEC3128B241FA533DC5A9D3F62AA41323D205DEFC30DCDE228C5ECC2D1E50A9,IMPHASH=9CB27CAED52CB0AFFB32788922A0D083</Data><Data Name='ParentProcessGuid'>{5d3d98af-2596-5ec2-0000-0010a6d50000}</Data><Data Name='ParentProcessId'>1080</Data><Data Name='ParentImage'>C:\Windows\System32\svchost.exe</Data><Data Name='ParentCommandLine'>C:\Windows\system32\svchost.exe -k netsvcs -p -s Schedule</Data></EventData></Event><Event xmlns='http://schemas.microsoft.com/win/2004/08/events/event'><System><Provider Name='Microsoft-Windows-Sysmon' Guid='{5770385f-c22a-43e0-bf4c-06f5698ffbd9}'/><EventID>13</EventID><Version>2</Version><Level>4</Level><Task>13</Task><Opcode>0</Opcode><Keywords>0x8000000000000000</Keywords><TimeCreated SystemTime='2020-05-18T06:36:32.414779700Z'/><EventRecordID>3800</EventRecordID><Correlation/><Execution ProcessID='2944' ThreadID='3260'/><Channel>Microsoft-Windows-Sysmon/Operational</Channel><Computer>DESKTOP-P84STH6</Computer><Security UserID='S-1-5-18'/></System><EventData><Data Name='RuleName'></Data><Data Name='EventType'>SetValue</Data><Data Name='UtcTime'>2020-05-18 06:36:32.409</Data><Data Name='ProcessGuid'>{5d3d98af-2596-5ec2-0000-001082300100}</Data><Data Name='ProcessId'>2012</Data><Data Name='Image'>C:\Windows\System32\svchost.exe</Data><Data Name='TargetObject'>HKLM\SOFTWARE\Microsoft\Windows NT\CurrentVersion\NetworkList\Profiles\{D5CE016D-04BB-463B-B71D-DDD7DE9BDC5C}\DateLastConnected</Data><Data Name='Details'>Binary Data</Data></EventData></Event><Event xmlns='http://schemas.microsoft.com/win/2004/08/events/event'><System><Provider Name='Microsoft-Windows-Sysmon' Guid='{5770385f-c22a-43e0-bf4c-06f5698ffbd9}'/><EventID>1</EventID><Version>5</Version><Level>4</Level><Task>1</Task><Opcode>0</Opcode><Keywords>0x8000000000000000</Keywords><TimeCreated SystemTime='2020-05-18T06:36:32.081701100Z'/><EventRecordID>3799</EventRecordID><Correlation/><Execution ProcessID='2944' ThreadID='3260'/><Channel>Microsoft-Windows-Sysmon/Operational</Channel><Computer>DESKTOP-P84STH6</Computer><Security UserID='S-1-5-18'/></System><EventData><Data Name='RuleName'></Data><Data Name='UtcTime'>2020-05-18 06:36:32.077</Data><Data Name='ProcessGuid'>{5d3d98af-2cf0-5ec2-0000-001051b82000}</Data><Data Name='ProcessId'>5384</Data><Data Name='Image'>C:\Windows\System32\svchost.exe</Data><Data Name='FileVersion'>10.0.18362.1 (WinBuild.160101.0800)</Data><Data Name='Description'>Host Process for Windows Services</Data><Data Name='Product'>Microsoft® Windows® Operating System</Data><Data Name='Company'>Microsoft Corporation</Data><Data Name='OriginalFileName'>svchost.exe</Data><Data Name='CommandLine'>C:\Windows\system32\svchost.exe -k LocalServiceNetworkRestricted -p -s SmsRouter</Data><Data Name='CurrentDirectory'>C:\Windows\system32\</Data><Data Name='User'>NT AUTHORITY\LOCAL SERVICE</Data><Data Name='LogonGuid'>{5d3d98af-2596-5ec2-0000-0020e5030000}</Data><Data Name='LogonId'>0x3e5</Data><Data Name='TerminalSessionId'>0</Data><Data Name='IntegrityLevel'>System</Data><Data Name='Hashes'>MD5=9520A99E77D6196D0D09833146424113,SHA256=DD191A5B23DF92E12A8852291F9FB5ED594B76A28A5A464418442584AFD1E048,IMPHASH=247B9220E5D9B720A82B2C8B5069AD69</Data><Data Name='ParentProcessGuid'>{5d3d98af-2596-5ec2-0000-0010015c0000}</Data><Data Name='ParentProcessId'>656</Data><Data Name='ParentImage'>C:\Windows\System32\services.exe</Data><Data Name='ParentCommandLine'>C:\Windows\system32\services.exe</Data></EventData></Event><Event xmlns='http://schemas.microsoft.com/win/2004/08/events/event'><System><Provider Name='Microsoft-Windows-Sysmon' Guid='{5770385f-c22a-43e0-bf4c-06f5698ffbd9}'/><EventID>1</EventID><Version>5</Version><Level>4</Level><Task>1</Task><Opcode>0</Opcode><Keywords>0x8000000000000000</Keywords><TimeCreated SystemTime='2020-05-18T06:36:32.067987800Z'/><EventRecordID>3798</EventRecordID><Correlation/><Execution ProcessID='2944' ThreadID='3260'/><Channel>Microsoft-Windows-Sysmon/Operational</Channel><Computer>DESKTOP-P84STH6</Computer><Security UserID='S-1-5-18'/></System><EventData><Data Name='RuleName'></Data><Data Name='UtcTime'>2020-05-18 06:36:32.063</Data><Data Name='ProcessGuid'>{5d3d98af-2cf0-5ec2-0000-00108bb52000}</Data><Data Name='ProcessId'>6564</Data><Data Name='Image'>C:\Windows\System32\Defrag.exe</Data><Data Name='FileVersion'>10.0.18362.1 (WinBuild.160101.0800)</Data><Data Name='Description'>Disk Defragmenter Module</Data><Data Name='Product'>Windows Drive Optimizer</Data><Data Name='Company'>Microsoft Corp.</Data><Data Name='OriginalFileName'>Defrag.EXE</Data><Data Name='CommandLine'>"C:\Windows\system32\defrag.exe" -p 71c -s 00000000000003F8 -b C:</Data><Data Name='CurrentDirectory'>C:\Windows\system32\</Data><Data Name='User'>NT AUTHORITY\SYSTEM</Data><Data Name='LogonGuid'>{5d3d98af-2596-5ec2-0000-0020e7030000}</Data><Data Name='LogonId'>0x3e7</Data><Data Name='TerminalSessionId'>0</Data><Data Name='IntegrityLevel'>System</Data><Data Name='Hashes'>MD5=1EF37E629AB62F327728713D9E964FD5,SHA256=E3682C4487424B3484C57C66D4450B0FC6EF33B12F333487BD52FCFF810EEE24,IMPHASH=C451FEB9457D50EB689BA55A85F91B2C</Data><Data Name='ParentProcessGuid'>{5d3d98af-2596-5ec2-0000-00103f1d0100}</Data><Data Name='ParentProcessId'>1820</Data><Data Name='ParentImage'>C:\Windows\System32\svchost.exe</Data><Data Name='ParentCommandLine'>C:\Windows\system32\svchost.exe -k LocalSystemNetworkRestricted -p -s SysMain</Data></EventData></Event><Event xmlns='http://schemas.microsoft.com/win/2004/08/events/event'><System><Provider Name='Microsoft-Windows-Sysmon' Guid='{5770385f-c22a-43e0-bf4c-06f5698ffbd9}'/><EventID>1</EventID><Version>5</Version><Level>4</Level><Task>1</Task><Opcode>0</Opcode><Keywords>0x8000000000000000</Keywords><TimeCreated SystemTime='2020-05-18T06:36:32.037155900Z'/><EventRecordID>3797</EventRecordID><Correlation/><Execution ProcessID='2944' ThreadID='3260'/><Channel>Microsoft-Windows-Sysmon/Operational</Channel><Computer>DESKTOP-P84STH6</Computer><Security UserID='S-1-5-18'/></System><EventData><Data Name='RuleName'></Data><Data Name='UtcTime'>2020-05-18 06:36:32.035</Data><Data Name='ProcessGuid'>{5d3d98af-2cf0-5ec2-0000-00104dad2000}</Data><Data Name='ProcessId'>4540</Data><Data Name='Image'>C:\Windows\System32\svchost.exe</Data><Data Name='FileVersion'>10.0.18362.1 (WinBuild.160101.0800)</Data><Data Name='Description'>Host Process for Windows Services</Data><Data Name='Product'>Microsoft® Windows® Operating System</Data><Data Name='Company'>Microsoft Corporation</Data><Data Name='OriginalFileName'>svchost.exe</Data><Data Name='CommandLine'>C:\Windows\system32\svchost.exe -k netsvcs -p -s dmwappushservice</Data><Data Name='CurrentDirectory'>C:\Windows\system32\</Data><Data Name='User'>NT AUTHORITY\SYSTEM</Data><Data Name='LogonGuid'>{5d3d98af-2596-5ec2-0000-0020e7030000}</Data><Data Name='LogonId'>0x3e7</Data><Data Name='TerminalSessionId'>0</Data><Data Name='IntegrityLevel'>System</Data><Data Name='Hashes'>MD5=9520A99E77D6196D0D09833146424113,SHA256=DD191A5B23DF92E12A8852291F9FB5ED594B76A28A5A464418442584AFD1E048,IMPHASH=247B9220E5D9B720A82B2C8B5069AD69</Data><Data Name='ParentProcessGuid'>{5d3d98af-2596-5ec2-0000-0010015c0000}</Data><Data Name='ParentProcessId'>656</Data><Data Name='ParentImage'>C:\Windows\System32\services.exe</Data><Data Name='ParentCommandLine'>C:\Windows\system32\services.exe</Data></EventData></Event><Event xmlns='http://schemas.microsoft.com/win/2004/08/events/event'><System><Provider Name='Microsoft-Windows-Sysmon' Guid='{5770385f-c22a-43e0-bf4c-06f5698ffbd9}'/><EventID>1</EventID><Version>5</Version><Level>4</Level><Task>1</Task><Opcode>0</Opcode><Keywords>0x8000000000000000</Keywords><TimeCreated SystemTime='2020-05-18T06:36:31.541193500Z'/><EventRecordID>3796</EventRecordID><Correlation/><Execution ProcessID='2944' ThreadID='3260'/><Channel>Microsoft-Windows-Sysmon/Operational</Channel><Computer>DESKTOP-P84STH6</Computer><Security UserID='S-1-5-18'/></System><EventData><Data Name='RuleName'></Data><Data Name='UtcTime'>2020-05-18 06:36:31.539</Data><Data Name='ProcessGuid'>{5d3d98af-2cef-5ec2-0000-0010627a2000}</Data><Data Name='ProcessId'>2136</Data><Data Name='Image'>C:\Windows\WinSxS\amd64_microsoft-windows-servicingstack_31bf3856ad364e35_10.0.18362.411_none_5f53d2d858cf8961\TiWorker.exe</Data><Data Name='FileVersion'>10.0.18362.1 (WinBuild.160101.0800)</Data><Data Name='Description'>Windows Modules Installer Worker</Data><Data Name='Product'>Microsoft® Windows® Operating System</Data><Data Name='Company'>Microsoft Corporation</Data><Data Name='OriginalFileName'>TiWorker.exe</Data><Data Name='CommandLine'>C:\Windows\winsxs\amd64_microsoft-windows-servicingstack_31bf3856ad364e35_10.0.18362.411_none_5f53d2d858cf8961\TiWorker.exe -Embedding</Data><Data Name='CurrentDirectory'>C:\Windows\system32\</Data><Data Name='User'>NT AUTHORITY\SYSTEM</Data><Data Name='LogonGuid'>{5d3d98af-2596-5ec2-0000-0020e7030000}</Data><Data Name='LogonId'>0x3e7</Data><Data Name='TerminalSessionId'>0</Data><Data Name='IntegrityLevel'>System</Data><Data Name='Hashes'>MD5=0ECD172646FE879F84FF33DA8FFA9373,SHA256=C26DC49916EE8298F8A8CBF8ACE62A4538775F8D8D5B33322A316BA7555616B6,IMPHASH=5C119443B09CF04CA999CBD8CA2382AC</Data><Data Name='ParentProcessGuid'>{5d3d98af-2596-5ec2-0000-001078720000}</Data><Data Name='ParentProcessId'>836</Data><Data Name='ParentImage'>C:\Windows\System32\svchost.exe</Data><Data Name='ParentCommandLine'>C:\Windows\system32\svchost.exe -k DcomLaunch -p</Data></EventData></Event><Event xmlns='http://schemas.microsoft.com/win/2004/08/events/event'><System><Provider Name='Microsoft-Windows-Sysmon' Guid='{5770385f-c22a-43e0-bf4c-06f5698ffbd9}'/><EventID>1</EventID><Version>5</Version><Level>4</Level><Task>1</Task><Opcode>0</Opcode><Keywords>0x8000000000000000</Keywords><TimeCreated SystemTime='2020-05-18T06:36:31.526724800Z'/><EventRecordID>3795</EventRecordID><Correlation/><Execution ProcessID='2944' ThreadID='3260'/><Channel>Microsoft-Windows-Sysmon/Operational</Channel><Computer>DESKTOP-P84STH6</Computer><Security UserID='S-1-5-18'/></System><EventData><Data Name='RuleName'></Data><Data Name='UtcTime'>2020-05-18 06:36:31.522</Data><Data Name='ProcessGuid'>{5d3d98af-2cef-5ec2-0000-001066742000}</Data><Data Name='ProcessId'>6840</Data><Data Name='Image'>C:\Windows\servicing\TrustedInstaller.exe</Data><Data Name='FileVersion'>10.0.18362.1 (WinBuild.160101.0800)</Data><Data Name='Description'>Windows Modules Installer</Data><Data Name='Product'>Microsoft® Windows® Operating System</Data><Data Name='Company'>Microsoft Corporation</Data><Data Name='OriginalFileName'>TrustedInstaller.exe</Data><Data Name='CommandLine'>C:\Windows\servicing\TrustedInstaller.exe</Data><Data Name='CurrentDirectory'>C:\Windows\system32\</Data><Data Name='User'>NT AUTHORITY\SYSTEM</Data><Data Name='LogonGuid'>{5d3d98af-2596-5ec2-0000-0020e7030000}</Data><Data Name='LogonId'>0x3e7</Data><Data Name='TerminalSessionId'>0</Data><Data Name='IntegrityLevel'>System</Data><Data Name='Hashes'>MD5=8B5AFFC4987F9AE41DF15940C6EF66CB,SHA256=520273402F22ADA8948F8E1CB0899D0A5B1BC01CFF787747C1227945B336E4C5,IMPHASH=88851E233BD15333933A93A6EDD4788A</Data><Data Name='ParentProcessGuid'>{5d3d98af-2596-5ec2-0000-0010015c0000}</Data><Data Name='ParentProcessId'>656</Data><Data Name='ParentImage'>C:\Windows\System32\services.exe</Data><Data Name='ParentCommandLine'>C:\Windows\system32\services.exe</Data></EventData></Event><Event xmlns='http://schemas.microsoft.com/win/2004/08/events/event'><System><Provider Name='Microsoft-Windows-Sysmon' Guid='{5770385f-c22a-43e0-bf4c-06f5698ffbd9}'/><EventID>1</EventID><Version>5</Version><Level>4</Level><Task>1</Task><Opcode>0</Opcode><Keywords>0x8000000000000000</Keywords><TimeCreated SystemTime='2020-05-18T06:36:31.510482000Z'/><EventRecordID>3794</EventRecordID><Correlation/><Execution ProcessID='2944' ThreadID='3260'/><Channel>Microsoft-Windows-Sysmon/Operational</Channel><Computer>DESKTOP-P84STH6</Computer><Security UserID='S-1-5-18'/></System><EventData><Data Name='RuleName'></Data><Data Name='UtcTime'>2020-05-18 06:36:31.497</Data><Data Name='ProcessGuid'>{5d3d98af-2cef-5ec2-0000-0010565e2000}</Data><Data Name='ProcessId'>7012</Data><Data Name='Image'>C:\Windows\System32\taskhostw.exe</Data><Data Name='FileVersion'>10.0.18362.387 (WinBuild.160101.0800)</Data><Data Name='Description'>Host Process for Windows Tasks</Data><Data Name='Product'>Microsoft® Windows® Operating System</Data><Data Name='Company'>Microsoft Corporation</Data><Data Name='OriginalFileName'>taskhostw.exe</Data><Data Name='CommandLine'>taskhostw.exe Install $(Arg0)</Data><Data Name='CurrentDirectory'>C:\Windows\system32\</Data><Data Name='User'>DESKTOP-P84STH6\NS</Data><Data Name='LogonGuid'>{5d3d98af-2597-5ec2-0000-0020c1900200}</Data><Data Name='LogonId'>0x290c1</Data><Data Name='TerminalSessionId'>1</Data><Data Name='IntegrityLevel'>Medium</Data><Data Name='Hashes'>MD5=8AC325C757FA721B272ECEA19EBCF745,SHA256=0BEC3128B241FA533DC5A9D3F62AA41323D205DEFC30DCDE228C5ECC2D1E50A9,IMPHASH=9CB27CAED52CB0AFFB32788922A0D083</Data><Data Name='ParentProcessGuid'>{5d3d98af-2596-5ec2-0000-0010a6d50000}</Data><Data Name='ParentProcessId'>1080</Data><Data Name='ParentImage'>C:\Windows\System32\svchost.exe</Data><Data Name='ParentCommandLine'>C:\Windows\system32\svchost.exe -k netsvcs -p -s Schedule</Data></EventData></Event><Event xmlns='http://schemas.microsoft.com/win/2004/08/events/event'><System><Provider Name='Microsoft-Windows-Sysmon' Guid='{5770385f-c22a-43e0-bf4c-06f5698ffbd9}'/><EventID>1</EventID><Version>5</Version><Level>4</Level><Task>1</Task><Opcode>0</Opcode><Keywords>0x8000000000000000</Keywords><TimeCreated SystemTime='2020-05-18T06:36:31.485581100Z'/><EventRecordID>3793</EventRecordID><Correlation/><Execution ProcessID='2944' ThreadID='3260'/><Channel>Microsoft-Windows-Sysmon/Operational</Channel><Computer>DESKTOP-P84STH6</Computer><Security UserID='S-1-5-18'/></System><EventData><Data Name='RuleName'></Data><Data Name='UtcTime'>2020-05-18 06:36:31.479</Data><Data Name='ProcessGuid'>{5d3d98af-2cef-5ec2-0000-001057512000}</Data><Data Name='ProcessId'>5332</Data><Data Name='Image'>C:\Windows\System32\provtool.exe</Data><Data Name='FileVersion'>10.0.18362.329 (WinBuild.160101.0800)</Data><Data Name='Description'>Provisioning package runtime processing tool</Data><Data Name='Product'>Microsoft® Windows® Operating System</Data><Data Name='Company'>Microsoft Corporation</Data><Data Name='OriginalFileName'>provtool</Data><Data Name='CommandLine'>C:\Windows\system32\ProvTool.exe /turn 5 /source LogonIdleTask</Data><Data Name='CurrentDirectory'>C:\Windows\system32\</Data><Data Name='User'>NT AUTHORITY\SYSTEM</Data><Data Name='LogonGuid'>{5d3d98af-2596-5ec2-0000-0020e7030000}</Data><Data Name='LogonId'>0x3e7</Data><Data Name='TerminalSessionId'>0</Data><Data Name='IntegrityLevel'>System</Data><Data Name='Hashes'>MD5=059922B58B75F4B9F286BAC87258B0EF,SHA256=33BAE078921EB8AD794EB2A4EDF08C33D4FBF2E4BC2FA84F07066FC23BBCDA4C,IMPHASH=F7E4CB1D938025DAF4D359E1A9BC607E</Data><Data Name='ParentProcessGuid'>{5d3d98af-2596-5ec2-0000-0010a6d50000}</Data><Data Name='ParentProcessId'>1080</Data><Data Name='ParentImage'>C:\Windows\System32\svchost.exe</Data><Data Name='ParentCommandLine'>C:\Windows\system32\svchost.exe -k netsvcs -p -s Schedule</Data></EventData></Event>