<Event xmlns='http://schemas.microsoft.com/win/2004/08/events/event'><System><Provider Name='Microsoft-Windows-Sysmon' Guid='{5770385f-c22a-43e0-bf4c-06f5698ffbd9}'/><EventID>11</EventID><Version>2</Version><Level>4</Level><Task>11</Task><Opcode>0</Opcode><Keywords>0x8000000000000000</Keywords><TimeCreated SystemTime='2020-05-18T07:00:01.192474300Z'/><EventRecordID>4075</EventRecordID><Correlation/><Execution ProcessID='2944' ThreadID='3260'/><Channel>Microsoft-Windows-Sysmon/Operational</Channel><Computer>DESKTOP-P84STH6</Computer><Security UserID='S-1-5-18'/></System><EventData><Data Name='RuleName'>Downloads</Data><Data Name='UtcTime'>2020-05-18 07:00:01.191</Data><Data Name='ProcessGuid'>{5d3d98af-295a-5ec2-0000-00107ff41500}</Data><Data Name='ProcessId'>5964</Data><Data Name='Image'>C:\Program Files (x86)\Google\Chrome\Application\chrome.exe</Data><Data Name='TargetFilename'>C:\Users\NS\Downloads\bdae5598-5c06-4522-8e0e-d857da259802.tmp</Data><Data Name='CreationUtcTime'>2020-05-18 07:00:01.191</Data></EventData></Event><Event xmlns='http://schemas.microsoft.com/win/2004/08/events/event'><System><Provider Name='Microsoft-Windows-Sysmon' Guid='{5770385f-c22a-43e0-bf4c-06f5698ffbd9}'/><EventID>22</EventID><Version>5</Version><Level>4</Level><Task>22</Task><Opcode>0</Opcode><Keywords>0x8000000000000000</Keywords><TimeCreated SystemTime='2020-05-18T06:58:04.127725300Z'/><EventRecordID>4074</EventRecordID><Correlation/><Execution ProcessID='2944' ThreadID='3256'/><Channel>Microsoft-Windows-Sysmon/Operational</Channel><Computer>DESKTOP-P84STH6</Computer><Security UserID='S-1-5-18'/></System><EventData><Data Name='RuleName'></Data><Data Name='UtcTime'>2020-05-18 06:57:59.532</Data><Data Name='ProcessGuid'>{5d3d98af-295a-5ec2-0000-00103e1b1600}</Data><Data Name='ProcessId'>7912</Data><Data Name='QueryName'>www.google.com.tw</Data><Data Name='QueryStatus'>0</Data><Data Name='QueryResults'>216.58.200.227;</Data><Data Name='Image'>C:\Program Files (x86)\Google\Chrome\Application\chrome.exe</Data></EventData></Event><Event xmlns='http://schemas.microsoft.com/win/2004/08/events/event'><System><Provider Name='Microsoft-Windows-Sysmon' Guid='{5770385f-c22a-43e0-bf4c-06f5698ffbd9}'/><EventID>22</EventID><Version>5</Version><Level>4</Level><Task>22</Task><Opcode>0</Opcode><Keywords>0x8000000000000000</Keywords><TimeCreated SystemTime='2020-05-18T06:57:32.270578200Z'/><EventRecordID>4073</EventRecordID><Correlation/><Execution ProcessID='2944' ThreadID='3256'/><Channel>Microsoft-Windows-Sysmon/Operational</Channel><Computer>DESKTOP-P84STH6</Computer><Security UserID='S-1-5-18'/></System><EventData><Data Name='RuleName'></Data><Data Name='UtcTime'>2020-05-18 06:57:27.543</Data><Data Name='ProcessGuid'>{5d3d98af-295a-5ec2-0000-00103e1b1600}</Data><Data Name='ProcessId'>7912</Data><Data Name='QueryName'>play.google.com</Data><Data Name='QueryStatus'>0</Data><Data Name='QueryResults'>172.217.160.110;</Data><Data Name='Image'>C:\Program Files (x86)\Google\Chrome\Application\chrome.exe</Data></EventData></Event><Event xmlns='http://schemas.microsoft.com/win/2004/08/events/event'><System><Provider Name='Microsoft-Windows-Sysmon' Guid='{5770385f-c22a-43e0-bf4c-06f5698ffbd9}'/><EventID>22</EventID><Version>5</Version><Level>4</Level><Task>22</Task><Opcode>0</Opcode><Keywords>0x8000000000000000</Keywords><TimeCreated SystemTime='2020-05-18T06:57:18.296118200Z'/><EventRecordID>4072</EventRecordID><Correlation/><Execution ProcessID='2944' ThreadID='3256'/><Channel>Microsoft-Windows-Sysmon/Operational</Channel><Computer>DESKTOP-P84STH6</Computer><Security UserID='S-1-5-18'/></System><EventData><Data Name='RuleName'></Data><Data Name='UtcTime'>2020-05-18 06:57:13.873</Data><Data Name='ProcessGuid'>{5d3d98af-295a-5ec2-0000-00103e1b1600}</Data><Data Name='ProcessId'>7912</Data><Data Name='QueryName'>content-autofill.googleapis.com</Data><Data Name='QueryStatus'>0</Data><Data Name='QueryResults'>216.58.200.42;</Data><Data Name='Image'>C:\Program Files (x86)\Google\Chrome\Application\chrome.exe</Data></EventData></Event><Event xmlns='http://schemas.microsoft.com/win/2004/08/events/event'><System><Provider Name='Microsoft-Windows-Sysmon' Guid='{5770385f-c22a-43e0-bf4c-06f5698ffbd9}'/><EventID>22</EventID><Version>5</Version><Level>4</Level><Task>22</Task><Opcode>0</Opcode><Keywords>0x8000000000000000</Keywords><TimeCreated SystemTime='2020-05-18T06:57:18.296016500Z'/><EventRecordID>4071</EventRecordID><Correlation/><Execution ProcessID='2944' ThreadID='3256'/><Channel>Microsoft-Windows-Sysmon/Operational</Channel><Computer>DESKTOP-P84STH6</Computer><Security UserID='S-1-5-18'/></System><EventData><Data Name='RuleName'></Data><Data Name='UtcTime'>2020-05-18 06:57:13.586</Data><Data Name='ProcessGuid'>{5d3d98af-295a-5ec2-0000-00103e1b1600}</Data><Data Name='ProcessId'>7912</Data><Data Name='QueryName'>content.googleapis.com</Data><Data Name='QueryStatus'>0</Data><Data Name='QueryResults'>216.58.200.42;</Data><Data Name='Image'>C:\Program Files (x86)\Google\Chrome\Application\chrome.exe</Data></EventData></Event><Event xmlns='http://schemas.microsoft.com/win/2004/08/events/event'><System><Provider Name='Microsoft-Windows-Sysmon' Guid='{5770385f-c22a-43e0-bf4c-06f5698ffbd9}'/><EventID>22</EventID><Version>5</Version><Level>4</Level><Task>22</Task><Opcode>0</Opcode><Keywords>0x8000000000000000</Keywords><TimeCreated SystemTime='2020-05-18T06:57:05.020888700Z'/><EventRecordID>4070</EventRecordID><Correlation/><Execution ProcessID='2944' ThreadID='3256'/><Channel>Microsoft-Windows-Sysmon/Operational</Channel><Computer>DESKTOP-P84STH6</Computer><Security UserID='S-1-5-18'/></System><EventData><Data Name='RuleName'></Data><Data Name='UtcTime'>2020-05-18 06:57:00.711</Data><Data Name='ProcessGuid'>{5d3d98af-295a-5ec2-0000-00103e1b1600}</Data><Data Name='ProcessId'>7912</Data><Data Name='QueryName'>drive.google.com</Data><Data Name='QueryStatus'>0</Data><Data Name='QueryResults'>172.217.24.14;</Data><Data Name='Image'>C:\Program Files (x86)\Google\Chrome\Application\chrome.exe</Data></EventData></Event><Event xmlns='http://schemas.microsoft.com/win/2004/08/events/event'><System><Provider Name='Microsoft-Windows-Sysmon' Guid='{5770385f-c22a-43e0-bf4c-06f5698ffbd9}'/><EventID>22</EventID><Version>5</Version><Level>4</Level><Task>22</Task><Opcode>0</Opcode><Keywords>0x8000000000000000</Keywords><TimeCreated SystemTime='2020-05-18T06:57:05.020683200Z'/><EventRecordID>4069</EventRecordID><Correlation/><Execution ProcessID='2944' ThreadID='3256'/><Channel>Microsoft-Windows-Sysmon/Operational</Channel><Computer>DESKTOP-P84STH6</Computer><Security UserID='S-1-5-18'/></System><EventData><Data Name='RuleName'></Data><Data Name='UtcTime'>2020-05-18 06:57:00.397</Data><Data Name='ProcessGuid'>{5d3d98af-295a-5ec2-0000-00103e1b1600}</Data><Data Name='ProcessId'>7912</Data><Data Name='QueryName'>people-pa.clients6.google.com</Data><Data Name='QueryStatus'>0</Data><Data Name='QueryResults'>216.58.200.234;</Data><Data Name='Image'>C:\Program Files (x86)\Google\Chrome\Application\chrome.exe</Data></EventData></Event><Event xmlns='http://schemas.microsoft.com/win/2004/08/events/event'><System><Provider Name='Microsoft-Windows-Sysmon' Guid='{5770385f-c22a-43e0-bf4c-06f5698ffbd9}'/><EventID>1</EventID><Version>5</Version><Level>4</Level><Task>1</Task><Opcode>0</Opcode><Keywords>0x8000000000000000</Keywords><TimeCreated SystemTime='2020-05-18T06:55:26.672503700Z'/><EventRecordID>4068</EventRecordID><Correlation/><Execution ProcessID='2944' ThreadID='3260'/><Channel>Microsoft-Windows-Sysmon/Operational</Channel><Computer>DESKTOP-P84STH6</Computer><Security UserID='S-1-5-18'/></System><EventData><Data Name='RuleName'></Data><Data Name='UtcTime'>2020-05-18 06:55:26.661</Data><Data Name='ProcessGuid'>{5d3d98af-315e-5ec2-0000-0010690da100}</Data><Data Name='ProcessId'>2072</Data><Data Name='Image'>C:\Windows\System32\IME\SHARED\ImeBroker.exe</Data><Data Name='FileVersion'>10.0.18362.1 (WinBuild.160101.0800)</Data><Data Name='Description'>Microsoft IME</Data><Data Name='Product'>Microsoft® Windows® Operating System</Data><Data Name='Company'>Microsoft Corporation</Data><Data Name='OriginalFileName'>ImeBroker.exe</Data><Data Name='CommandLine'>C:\Windows\System32\IME\SHARED\imebroker.exe -Embedding</Data><Data Name='CurrentDirectory'>C:\Windows\system32\</Data><Data Name='User'>DESKTOP-P84STH6\NS</Data><Data Name='LogonGuid'>{5d3d98af-2597-5ec2-0000-0020c1900200}</Data><Data Name='LogonId'>0x290c1</Data><Data Name='TerminalSessionId'>1</Data><Data Name='IntegrityLevel'>Medium</Data><Data Name='Hashes'>MD5=AEBF503D5F223018775B08709605A601,SHA256=8B16065BD9479896708D77BE1981E4677C76CA658E9EEE70376B4992FB05CE5D,IMPHASH=7A17B1A6CB5CBF7573C5CDAF866FCCB0</Data><Data Name='ParentProcessGuid'>{5d3d98af-2596-5ec2-0000-001078720000}</Data><Data Name='ParentProcessId'>836</Data><Data Name='ParentImage'>C:\Windows\System32\svchost.exe</Data><Data Name='ParentCommandLine'>C:\Windows\system32\svchost.exe -k DcomLaunch -p</Data></EventData></Event><Event xmlns='http://schemas.microsoft.com/win/2004/08/events/event'><System><Provider Name='Microsoft-Windows-Sysmon' Guid='{5770385f-c22a-43e0-bf4c-06f5698ffbd9}'/><EventID>1</EventID><Version>5</Version><Level>4</Level><Task>1</Task><Opcode>0</Opcode><Keywords>0x8000000000000000</Keywords><TimeCreated SystemTime='2020-05-18T06:55:16.300221500Z'/><EventRecordID>4067</EventRecordID><Correlation/><Execution ProcessID='2944' ThreadID='3260'/><Channel>Microsoft-Windows-Sysmon/Operational</Channel><Computer>DESKTOP-P84STH6</Computer><Security UserID='S-1-5-18'/></System><EventData><Data Name='RuleName'></Data><Data Name='UtcTime'>2020-05-18 06:55:16.291</Data><Data Name='ProcessGuid'>{5d3d98af-3154-5ec2-0000-0010aae0a000}</Data><Data Name='ProcessId'>1028</Data><Data Name='Image'>C:\Windows\System32\taskhostw.exe</Data><Data Name='FileVersion'>10.0.18362.387 (WinBuild.160101.0800)</Data><Data Name='Description'>Host Process for Windows Tasks</Data><Data Name='Product'>Microsoft® Windows® Operating System</Data><Data Name='Company'>Microsoft Corporation</Data><Data Name='OriginalFileName'>taskhostw.exe</Data><Data Name='CommandLine'>taskhostw.exe</Data><Data Name='CurrentDirectory'>C:\Windows\system32\</Data><Data Name='User'>DESKTOP-P84STH6\NS</Data><Data Name='LogonGuid'>{5d3d98af-2597-5ec2-0000-0020e18f0200}</Data><Data Name='LogonId'>0x28fe1</Data><Data Name='TerminalSessionId'>1</Data><Data Name='IntegrityLevel'>High</Data><Data Name='Hashes'>MD5=8AC325C757FA721B272ECEA19EBCF745,SHA256=0BEC3128B241FA533DC5A9D3F62AA41323D205DEFC30DCDE228C5ECC2D1E50A9,IMPHASH=9CB27CAED52CB0AFFB32788922A0D083</Data><Data Name='ParentProcessGuid'>{5d3d98af-2596-5ec2-0000-0010a6d50000}</Data><Data Name='ParentProcessId'>1080</Data><Data Name='ParentImage'>C:\Windows\System32\svchost.exe</Data><Data Name='ParentCommandLine'>C:\Windows\system32\svchost.exe -k netsvcs -p -s Schedule</Data></EventData></Event><Event xmlns='http://schemas.microsoft.com/win/2004/08/events/event'><System><Provider Name='Microsoft-Windows-Sysmon' Guid='{5770385f-c22a-43e0-bf4c-06f5698ffbd9}'/><EventID>1</EventID><Version>5</Version><Level>4</Level><Task>1</Task><Opcode>0</Opcode><Keywords>0x8000000000000000</Keywords><TimeCreated SystemTime='2020-05-18T06:54:29.659470300Z'/><EventRecordID>4066</EventRecordID><Correlation/><Execution ProcessID='2944' ThreadID='3260'/><Channel>Microsoft-Windows-Sysmon/Operational</Channel><Computer>DESKTOP-P84STH6</Computer><Security UserID='S-1-5-18'/></System><EventData><Data Name='RuleName'></Data><Data Name='UtcTime'>2020-05-18 06:54:29.628</Data><Data Name='ProcessGuid'>{5d3d98af-3125-5ec2-0000-00109e7da000}</Data><Data Name='ProcessId'>4972</Data><Data Name='Image'>C:\Windows\System32\IME\SHARED\ImeBroker.exe</Data><Data Name='FileVersion'>10.0.18362.1 (WinBuild.160101.0800)</Data><Data Name='Description'>Microsoft IME</Data><Data Name='Product'>Microsoft® Windows® Operating System</Data><Data Name='Company'>Microsoft Corporation</Data><Data Name='OriginalFileName'>ImeBroker.exe</Data><Data Name='CommandLine'>C:\Windows\System32\IME\SHARED\imebroker.exe -Embedding</Data><Data Name='CurrentDirectory'>C:\Windows\system32\</Data><Data Name='User'>DESKTOP-P84STH6\NS</Data><Data Name='LogonGuid'>{5d3d98af-2597-5ec2-0000-0020c1900200}</Data><Data Name='LogonId'>0x290c1</Data><Data Name='TerminalSessionId'>1</Data><Data Name='IntegrityLevel'>Medium</Data><Data Name='Hashes'>MD5=AEBF503D5F223018775B08709605A601,SHA256=8B16065BD9479896708D77BE1981E4677C76CA658E9EEE70376B4992FB05CE5D,IMPHASH=7A17B1A6CB5CBF7573C5CDAF866FCCB0</Data><Data Name='ParentProcessGuid'>{5d3d98af-2596-5ec2-0000-001078720000}</Data><Data Name='ParentProcessId'>836</Data><Data Name='ParentImage'>C:\Windows\System32\svchost.exe</Data><Data Name='ParentCommandLine'>C:\Windows\system32\svchost.exe -k DcomLaunch -p</Data></EventData></Event><Event xmlns='http://schemas.microsoft.com/win/2004/08/events/event'><System><Provider Name='Microsoft-Windows-Sysmon' Guid='{5770385f-c22a-43e0-bf4c-06f5698ffbd9}'/><EventID>1</EventID><Version>5</Version><Level>4</Level><Task>1</Task><Opcode>0</Opcode><Keywords>0x8000000000000000</Keywords><TimeCreated SystemTime='2020-05-18T06:52:46.843696300Z'/><EventRecordID>4065</EventRecordID><Correlation/><Execution ProcessID='2944' ThreadID='3260'/><Channel>Microsoft-Windows-Sysmon/Operational</Channel><Computer>DESKTOP-P84STH6</Computer><Security UserID='S-1-5-18'/></System><EventData><Data Name='RuleName'></Data><Data Name='UtcTime'>2020-05-18 06:52:46.841</Data><Data Name='ProcessGuid'>{5d3d98af-30be-5ec2-0000-0010d4709f00}</Data><Data Name='ProcessId'>8896</Data><Data Name='Image'>C:\Windows\System32\AppHostRegistrationVerifier.exe</Data><Data Name='FileVersion'>10.0.18362.1 (WinBuild.160101.0800)</Data><Data Name='Description'>App Uri Handlers Registration Verifier</Data><Data Name='Product'>Microsoft® Windows® Operating System</Data><Data Name='Company'>Microsoft Corporation</Data><Data Name='OriginalFileName'>AppHostNameRegistrationVerifier.exe</Data><Data Name='CommandLine'>C:\Windows\system32\AppHostRegistrationVerifier.exe</Data><Data Name='CurrentDirectory'>C:\Windows\system32\</Data><Data Name='User'>DESKTOP-P84STH6\NS</Data><Data Name='LogonGuid'>{5d3d98af-2597-5ec2-0000-0020c1900200}</Data><Data Name='LogonId'>0x290c1</Data><Data Name='TerminalSessionId'>1</Data><Data Name='IntegrityLevel'>Medium</Data><Data Name='Hashes'>MD5=777196069FBA62003DD3DC69039934CD,SHA256=11454C4445776C8F03FA68F231522DECBE191404C1E8309DF357B45B58C2BD84,IMPHASH=2081980DD352D52CF670E95D94429F38</Data><Data Name='ParentProcessGuid'>{5d3d98af-2596-5ec2-0000-0010a6d50000}</Data><Data Name='ParentProcessId'>1080</Data><Data Name='ParentImage'>C:\Windows\System32\svchost.exe</Data><Data Name='ParentCommandLine'>C:\Windows\system32\svchost.exe -k netsvcs -p -s Schedule</Data></EventData></Event><Event xmlns='http://schemas.microsoft.com/win/2004/08/events/event'><System><Provider Name='Microsoft-Windows-Sysmon' Guid='{5770385f-c22a-43e0-bf4c-06f5698ffbd9}'/><EventID>1</EventID><Version>5</Version><Level>4</Level><Task>1</Task><Opcode>0</Opcode><Keywords>0x8000000000000000</Keywords><TimeCreated SystemTime='2020-05-18T06:52:46.807710800Z'/><EventRecordID>4064</EventRecordID><Correlation/><Execution ProcessID='2944' ThreadID='3260'/><Channel>Microsoft-Windows-Sysmon/Operational</Channel><Computer>DESKTOP-P84STH6</Computer><Security UserID='S-1-5-18'/></System><EventData><Data Name='RuleName'></Data><Data Name='UtcTime'>2020-05-18 06:52:46.802</Data><Data Name='ProcessGuid'>{5d3d98af-30be-5ec2-0000-00106b6c9f00}</Data><Data Name='ProcessId'>8072</Data><Data Name='Image'>C:\Windows\System32\AppHostRegistrationVerifier.exe</Data><Data Name='FileVersion'>10.0.18362.1 (WinBuild.160101.0800)</Data><Data Name='Description'>App Uri Handlers Registration Verifier</Data><Data Name='Product'>Microsoft® Windows® Operating System</Data><Data Name='Company'>Microsoft Corporation</Data><Data Name='OriginalFileName'>AppHostNameRegistrationVerifier.exe</Data><Data Name='CommandLine'>C:\Windows\system32\AppHostRegistrationVerifier.exe</Data><Data Name='CurrentDirectory'>C:\Windows\system32\</Data><Data Name='User'>DESKTOP-P84STH6\NS</Data><Data Name='LogonGuid'>{5d3d98af-2597-5ec2-0000-0020c1900200}</Data><Data Name='LogonId'>0x290c1</Data><Data Name='TerminalSessionId'>1</Data><Data Name='IntegrityLevel'>Medium</Data><Data Name='Hashes'>MD5=777196069FBA62003DD3DC69039934CD,SHA256=11454C4445776C8F03FA68F231522DECBE191404C1E8309DF357B45B58C2BD84,IMPHASH=2081980DD352D52CF670E95D94429F38</Data><Data Name='ParentProcessGuid'>{5d3d98af-2596-5ec2-0000-0010a6d50000}</Data><Data Name='ParentProcessId'>1080</Data><Data Name='ParentImage'>C:\Windows\System32\svchost.exe</Data><Data Name='ParentCommandLine'>C:\Windows\system32\svchost.exe -k netsvcs -p -s Schedule</Data></EventData></Event><Event xmlns='http://schemas.microsoft.com/win/2004/08/events/event'><System><Provider Name='Microsoft-Windows-Sysmon' Guid='{5770385f-c22a-43e0-bf4c-06f5698ffbd9}'/><EventID>22</EventID><Version>5</Version><Level>4</Level><Task>22</Task><Opcode>0</Opcode><Keywords>0x8000000000000000</Keywords><TimeCreated SystemTime='2020-05-18T06:52:32.630417800Z'/><EventRecordID>4063</EventRecordID><Correlation/><Execution ProcessID='2944' ThreadID='3256'/><Channel>Microsoft-Windows-Sysmon/Operational</Channel><Computer>DESKTOP-P84STH6</Computer><Security UserID='S-1-5-18'/></System><EventData><Data Name='RuleName'></Data><Data Name='UtcTime'>2020-05-18 06:52:28.456</Data><Data Name='ProcessGuid'>{5d3d98af-295a-5ec2-0000-00103e1b1600}</Data><Data Name='ProcessId'>7912</Data><Data Name='QueryName'>people-pa.clients6.google.com</Data><Data Name='QueryStatus'>0</Data><Data Name='QueryResults'>216.58.200.42;</Data><Data Name='Image'>C:\Program Files (x86)\Google\Chrome\Application\chrome.exe</Data></EventData></Event><Event xmlns='http://schemas.microsoft.com/win/2004/08/events/event'><System><Provider Name='Microsoft-Windows-Sysmon' Guid='{5770385f-c22a-43e0-bf4c-06f5698ffbd9}'/><EventID>13</EventID><Version>2</Version><Level>4</Level><Task>13</Task><Opcode>0</Opcode><Keywords>0x8000000000000000</Keywords><TimeCreated SystemTime='2020-05-18T06:52:07.785824100Z'/><EventRecordID>4062</EventRecordID><Correlation/><Execution ProcessID='2944' ThreadID='3260'/><Channel>Microsoft-Windows-Sysmon/Operational</Channel><Computer>DESKTOP-P84STH6</Computer><Security UserID='S-1-5-18'/></System><EventData><Data Name='RuleName'>Tamper-Winlogon</Data><Data Name='EventType'>SetValue</Data><Data Name='UtcTime'>2020-05-18 06:52:07.415</Data><Data Name='ProcessGuid'>{5d3d98af-3004-5ec2-0000-0010b4693100}</Data><Data Name='ProcessId'>2400</Data><Data Name='Image'>C:\Windows\servicing\TrustedInstaller.exe</Data><Data Name='TargetObject'>HKLM\System\CurrentControlSet\Control\Winlogon\Notifications\Components\TrustedInstaller\Events</Data><Data Name='Details'>(Empty)</Data></EventData></Event><Event xmlns='http://schemas.microsoft.com/win/2004/08/events/event'><System><Provider Name='Microsoft-Windows-Sysmon' Guid='{5770385f-c22a-43e0-bf4c-06f5698ffbd9}'/><EventID>1</EventID><Version>5</Version><Level>4</Level><Task>1</Task><Opcode>0</Opcode><Keywords>0x8000000000000000</Keywords><TimeCreated SystemTime='2020-05-18T06:51:54.975368200Z'/><EventRecordID>4061</EventRecordID><Correlation/><Execution ProcessID='2944' ThreadID='3260'/><Channel>Microsoft-Windows-Sysmon/Operational</Channel><Computer>DESKTOP-P84STH6</Computer><Security UserID='S-1-5-18'/></System><EventData><Data Name='RuleName'></Data><Data Name='UtcTime'>2020-05-18 06:51:54.973</Data><Data Name='ProcessGuid'>{5d3d98af-308a-5ec2-0000-00102fa99900}</Data><Data Name='ProcessId'>1332</Data><Data Name='Image'>C:\Windows\System32\dmclient.exe</Data><Data Name='FileVersion'>10.0.18362.1 (WinBuild.160101.0800)</Data><Data Name='Description'>Microsoft Feedback SIUF Deployment Manager Client</Data><Data Name='Product'>Microsoft® Windows® Operating System</Data><Data Name='Company'>Microsoft Corporation</Data><Data Name='OriginalFileName'>dmclient.exe</Data><Data Name='CommandLine'>C:\Windows\system32\dmclient.exe utcwnf</Data><Data Name='CurrentDirectory'>C:\Windows\system32\</Data><Data Name='User'>NT AUTHORITY\SYSTEM</Data><Data Name='LogonGuid'>{5d3d98af-2596-5ec2-0000-0020e7030000}</Data><Data Name='LogonId'>0x3e7</Data><Data Name='TerminalSessionId'>0</Data><Data Name='IntegrityLevel'>System</Data><Data Name='Hashes'>MD5=F75A111BDD09F49FD954AD0C148A123B,SHA256=D9F4EC9052D0C8B799660E7D74B41BA18366016AC361F7A85FE0FBB03637CB47,IMPHASH=8C17DBD4EE43E74FB5E09C8EC8F5271F</Data><Data Name='ParentProcessGuid'>{5d3d98af-2596-5ec2-0000-0010a6d50000}</Data><Data Name='ParentProcessId'>1080</Data><Data Name='ParentImage'>C:\Windows\System32\svchost.exe</Data><Data Name='ParentCommandLine'>C:\Windows\system32\svchost.exe -k netsvcs -p -s Schedule</Data></EventData></Event><Event xmlns='http://schemas.microsoft.com/win/2004/08/events/event'><System><Provider Name='Microsoft-Windows-Sysmon' Guid='{5770385f-c22a-43e0-bf4c-06f5698ffbd9}'/><EventID>13</EventID><Version>2</Version><Level>4</Level><Task>13</Task><Opcode>0</Opcode><Keywords>0x8000000000000000</Keywords><TimeCreated SystemTime='2020-05-18T06:51:35.286439800Z'/><EventRecordID>4060</EventRecordID><Correlation/><Execution ProcessID='2944' ThreadID='3260'/><Channel>Microsoft-Windows-Sysmon/Operational</Channel><Computer>DESKTOP-P84STH6</Computer><Security UserID='S-1-5-18'/></System><EventData><Data Name='RuleName'>InvDB-DriverVer</Data><Data Name='EventType'>SetValue</Data><Data Name='UtcTime'>2020-05-18 06:51:35.282</Data><Data Name='ProcessGuid'>{5d3d98af-2801-5ec2-0000-0010c8b81100}</Data><Data Name='ProcessId'>3464</Data><Data Name='Image'>C:\Windows\system32\svchost.exe</Data><Data Name='TargetObject'>\REGISTRY\A\{c653374c-ddc7-c112-1b22-8c956185ae28}\Root\InventoryDevicePnp\swd/printenum/{efbd4f0b-706b-4f75-ba16-6d771a4a7b4e}\DriverVerVersion</Data><Data Name='Details'>10.0.18362.1</Data></EventData></Event><Event xmlns='http://schemas.microsoft.com/win/2004/08/events/event'><System><Provider Name='Microsoft-Windows-Sysmon' Guid='{5770385f-c22a-43e0-bf4c-06f5698ffbd9}'/><EventID>11</EventID><Version>2</Version><Level>4</Level><Task>11</Task><Opcode>0</Opcode><Keywords>0x8000000000000000</Keywords><TimeCreated SystemTime='2020-05-18T06:51:32.040359000Z'/><EventRecordID>4059</EventRecordID><Correlation/><Execution ProcessID='2944' ThreadID='3260'/><Channel>Microsoft-Windows-Sysmon/Operational</Channel><Computer>DESKTOP-P84STH6</Computer><Security UserID='S-1-5-18'/></System><EventData><Data Name='RuleName'>EXE</Data><Data Name='UtcTime'>2020-05-18 06:51:32.040</Data><Data Name='ProcessGuid'>{5d3d98af-2fdb-5ec2-0000-0010e0fc3000}</Data><Data Name='ProcessId'>2168</Data><Data Name='Image'>C:\Windows\system32\svchost.exe</Data><Data Name='TargetFilename'>C:\Users\NS\AppData\Local\Microsoft\WindowsApps\Microsoft.DesktopAppInstaller_8wekyb3d8bbwe\python.exe</Data><Data Name='CreationUtcTime'>2020-05-18 06:51:32.040</Data></EventData></Event><Event xmlns='http://schemas.microsoft.com/win/2004/08/events/event'><System><Provider Name='Microsoft-Windows-Sysmon' Guid='{5770385f-c22a-43e0-bf4c-06f5698ffbd9}'/><EventID>11</EventID><Version>2</Version><Level>4</Level><Task>11</Task><Opcode>0</Opcode><Keywords>0x8000000000000000</Keywords><TimeCreated SystemTime='2020-05-18T06:51:32.039897700Z'/><EventRecordID>4058</EventRecordID><Correlation/><Execution ProcessID='2944' ThreadID='3260'/><Channel>Microsoft-Windows-Sysmon/Operational</Channel><Computer>DESKTOP-P84STH6</Computer><Security UserID='S-1-5-18'/></System><EventData><Data Name='RuleName'>EXE</Data><Data Name='UtcTime'>2020-05-18 06:51:32.039</Data><Data Name='ProcessGuid'>{5d3d98af-2fdb-5ec2-0000-0010e0fc3000}</Data><Data Name='ProcessId'>2168</Data><Data Name='Image'>C:\Windows\system32\svchost.exe</Data><Data Name='TargetFilename'>C:\Users\NS\AppData\Local\Microsoft\WindowsApps\python.exe</Data><Data Name='CreationUtcTime'>2020-04-18 08:11:21.056</Data></EventData></Event><Event xmlns='http://schemas.microsoft.com/win/2004/08/events/event'><System><Provider Name='Microsoft-Windows-Sysmon' Guid='{5770385f-c22a-43e0-bf4c-06f5698ffbd9}'/><EventID>11</EventID><Version>2</Version><Level>4</Level><Task>11</Task><Opcode>0</Opcode><Keywords>0x8000000000000000</Keywords><TimeCreated SystemTime='2020-05-18T06:51:32.034408000Z'/><EventRecordID>4057</EventRecordID><Correlation/><Execution ProcessID='2944' ThreadID='3260'/><Channel>Microsoft-Windows-Sysmon/Operational</Channel><Computer>DESKTOP-P84STH6</Computer><Security UserID='S-1-5-18'/></System><EventData><Data Name='RuleName'>EXE</Data><Data Name='UtcTime'>2020-05-18 06:51:32.033</Data><Data Name='ProcessGuid'>{5d3d98af-2fdb-5ec2-0000-0010e0fc3000}</Data><Data Name='ProcessId'>2168</Data><Data Name='Image'>C:\Windows\system32\svchost.exe</Data><Data Name='TargetFilename'>C:\Users\NS\AppData\Local\Microsoft\WindowsApps\Microsoft.DesktopAppInstaller_8wekyb3d8bbwe\python3.exe</Data><Data Name='CreationUtcTime'>2020-05-18 06:51:32.033</Data></EventData></Event><Event xmlns='http://schemas.microsoft.com/win/2004/08/events/event'><System><Provider Name='Microsoft-Windows-Sysmon' Guid='{5770385f-c22a-43e0-bf4c-06f5698ffbd9}'/><EventID>11</EventID><Version>2</Version><Level>4</Level><Task>11</Task><Opcode>0</Opcode><Keywords>0x8000000000000000</Keywords><TimeCreated SystemTime='2020-05-18T06:51:32.033286700Z'/><EventRecordID>4056</EventRecordID><Correlation/><Execution ProcessID='2944' ThreadID='3260'/><Channel>Microsoft-Windows-Sysmon/Operational</Channel><Computer>DESKTOP-P84STH6</Computer><Security UserID='S-1-5-18'/></System><EventData><Data Name='RuleName'>EXE</Data><Data Name='UtcTime'>2020-05-18 06:51:32.032</Data><Data Name='ProcessGuid'>{5d3d98af-2fdb-5ec2-0000-0010e0fc3000}</Data><Data Name='ProcessId'>2168</Data><Data Name='Image'>C:\Windows\system32\svchost.exe</Data><Data Name='TargetFilename'>C:\Users\NS\AppData\Local\Microsoft\WindowsApps\python3.exe</Data><Data Name='CreationUtcTime'>2020-04-18 08:11:21.042</Data></EventData></Event><Event xmlns='http://schemas.microsoft.com/win/2004/08/events/event'><System><Provider Name='Microsoft-Windows-Sysmon' Guid='{5770385f-c22a-43e0-bf4c-06f5698ffbd9}'/><EventID>11</EventID><Version>2</Version><Level>4</Level><Task>11</Task><Opcode>0</Opcode><Keywords>0x8000000000000000</Keywords><TimeCreated SystemTime='2020-05-18T06:51:31.868994200Z'/><EventRecordID>4055</EventRecordID><Correlation/><Execution ProcessID='2944' ThreadID='3260'/><Channel>Microsoft-Windows-Sysmon/Operational</Channel><Computer>DESKTOP-P84STH6</Computer><Security UserID='S-1-5-18'/></System><EventData><Data Name='RuleName'>EXE</Data><Data Name='UtcTime'>2020-05-18 06:51:31.868</Data><Data Name='ProcessGuid'>{5d3d98af-2fdb-5ec2-0000-0010e0fc3000}</Data><Data Name='ProcessId'>2168</Data><Data Name='Image'>C:\Windows\system32\svchost.exe</Data><Data Name='TargetFilename'>C:\Users\NS\AppData\Local\Microsoft\WindowsApps\Backup\Microsoft.DesktopAppInstaller_8wekyb3d8bbwe\python.exe</Data><Data Name='CreationUtcTime'>2020-05-18 06:51:31.868</Data></EventData></Event><Event xmlns='http://schemas.microsoft.com/win/2004/08/events/event'><System><Provider Name='Microsoft-Windows-Sysmon' Guid='{5770385f-c22a-43e0-bf4c-06f5698ffbd9}'/><EventID>11</EventID><Version>2</Version><Level>4</Level><Task>11</Task><Opcode>0</Opcode><Keywords>0x8000000000000000</Keywords><TimeCreated SystemTime='2020-05-18T06:51:31.868580000Z'/><EventRecordID>4054</EventRecordID><Correlation/><Execution ProcessID='2944' ThreadID='3260'/><Channel>Microsoft-Windows-Sysmon/Operational</Channel><Computer>DESKTOP-P84STH6</Computer><Security UserID='S-1-5-18'/></System><EventData><Data Name='RuleName'>EXE</Data><Data Name='UtcTime'>2020-05-18 06:51:31.867</Data><Data Name='ProcessGuid'>{5d3d98af-2fdb-5ec2-0000-0010e0fc3000}</Data><Data Name='ProcessId'>2168</Data><Data Name='Image'>C:\Windows\system32\svchost.exe</Data><Data Name='TargetFilename'>C:\Users\NS\AppData\Local\Microsoft\WindowsApps\Backup\python.exe</Data><Data Name='CreationUtcTime'>2020-05-18 06:51:31.867</Data></EventData></Event><Event xmlns='http://schemas.microsoft.com/win/2004/08/events/event'><System><Provider Name='Microsoft-Windows-Sysmon' Guid='{5770385f-c22a-43e0-bf4c-06f5698ffbd9}'/><EventID>11</EventID><Version>2</Version><Level>4</Level><Task>11</Task><Opcode>0</Opcode><Keywords>0x8000000000000000</Keywords><TimeCreated SystemTime='2020-05-18T06:51:31.867689900Z'/><EventRecordID>4053</EventRecordID><Correlation/><Execution ProcessID='2944' ThreadID='3260'/><Channel>Microsoft-Windows-Sysmon/Operational</Channel><Computer>DESKTOP-P84STH6</Computer><Security UserID='S-1-5-18'/></System><EventData><Data Name='RuleName'>EXE</Data><Data Name='UtcTime'>2020-05-18 06:51:31.866</Data><Data Name='ProcessGuid'>{5d3d98af-2fdb-5ec2-0000-0010e0fc3000}</Data><Data Name='ProcessId'>2168</Data><Data Name='Image'>C:\Windows\system32\svchost.exe</Data><Data Name='TargetFilename'>C:\Users\NS\AppData\Local\Microsoft\WindowsApps\Backup\Microsoft.DesktopAppInstaller_8wekyb3d8bbwe\python3.exe</Data><Data Name='CreationUtcTime'>2020-05-18 06:51:31.866</Data></EventData></Event><Event xmlns='http://schemas.microsoft.com/win/2004/08/events/event'><System><Provider Name='Microsoft-Windows-Sysmon' Guid='{5770385f-c22a-43e0-bf4c-06f5698ffbd9}'/><EventID>11</EventID><Version>2</Version><Level>4</Level><Task>11</Task><Opcode>0</Opcode><Keywords>0x8000000000000000</Keywords><TimeCreated SystemTime='2020-05-18T06:51:31.867243500Z'/><EventRecordID>4052</EventRecordID><Correlation/><Execution ProcessID='2944' ThreadID='3260'/><Channel>Microsoft-Windows-Sysmon/Operational</Channel><Computer>DESKTOP-P84STH6</Computer><Security UserID='S-1-5-18'/></System><EventData><Data Name='RuleName'>EXE</Data><Data Name='UtcTime'>2020-05-18 06:51:31.865</Data><Data Name='ProcessGuid'>{5d3d98af-2fdb-5ec2-0000-0010e0fc3000}</Data><Data Name='ProcessId'>2168</Data><Data Name='Image'>C:\Windows\system32\svchost.exe</Data><Data Name='TargetFilename'>C:\Users\NS\AppData\Local\Microsoft\WindowsApps\Backup\python3.exe</Data><Data Name='CreationUtcTime'>2020-05-18 06:51:31.865</Data></EventData></Event><Event xmlns='http://schemas.microsoft.com/win/2004/08/events/event'><System><Provider Name='Microsoft-Windows-Sysmon' Guid='{5770385f-c22a-43e0-bf4c-06f5698ffbd9}'/><EventID>13</EventID><Version>2</Version><Level>4</Level><Task>13</Task><Opcode>0</Opcode><Keywords>0x8000000000000000</Keywords><TimeCreated SystemTime='2020-05-18T06:51:25.280597000Z'/><EventRecordID>4051</EventRecordID><Correlation/><Execution ProcessID='2944' ThreadID='3260'/><Channel>Microsoft-Windows-Sysmon/Operational</Channel><Computer>DESKTOP-P84STH6</Computer><Security UserID='S-1-5-18'/></System><EventData><Data Name='RuleName'>Context,DeviceConntectedOrUpdated</Data><Data Name='EventType'>SetValue</Data><Data Name='UtcTime'>2020-05-18 06:51:25.268</Data><Data Name='ProcessGuid'>{5d3d98af-2596-5ec2-0000-00103f830100}</Data><Data Name='ProcessId'>2564</Data><Data Name='Image'>C:\Windows\System32\spoolsv.exe</Data><Data Name='TargetObject'>HKLM\System\CurrentControlSet\Control\DeviceClasses\{0ecef634-6ef0-472a-8085-5ad023ecbccd}\##?#SWD#PRINTENUM#{EFBD4F0B-706B-4F75-BA16-6D771A4A7B4E}#{0ecef634-6ef0-472a-8085-5ad023ecbccd}\#\Device Parameters\FriendlyName</Data><Data Name='Details'>OneNote for Windows 10</Data></EventData></Event><Event xmlns='http://schemas.microsoft.com/win/2004/08/events/event'><System><Provider Name='Microsoft-Windows-Sysmon' Guid='{5770385f-c22a-43e0-bf4c-06f5698ffbd9}'/><EventID>13</EventID><Version>2</Version><Level>4</Level><Task>13</Task><Opcode>0</Opcode><Keywords>0x8000000000000000</Keywords><TimeCreated SystemTime='2020-05-18T06:51:25.276075800Z'/><EventRecordID>4050</EventRecordID><Correlation/><Execution ProcessID='2944' ThreadID='3260'/><Channel>Microsoft-Windows-Sysmon/Operational</Channel><Computer>DESKTOP-P84STH6</Computer><Security UserID='S-1-5-18'/></System><EventData><Data Name='RuleName'>Context,DeviceConntectedOrUpdated</Data><Data Name='EventType'>SetValue</Data><Data Name='UtcTime'>2020-05-18 06:51:25.265</Data><Data Name='ProcessGuid'>{5d3d98af-2594-5ec2-0000-0010eb030000}</Data><Data Name='ProcessId'>4</Data><Data Name='Image'>System</Data><Data Name='TargetObject'>HKLM\System\CurrentControlSet\Enum\SWD\PRINTENUM\{EFBD4F0B-706B-4F75-BA16-6D771A4A7B4E}\FriendlyName</Data><Data Name='Details'>OneNote for Windows 10</Data></EventData></Event><Event xmlns='http://schemas.microsoft.com/win/2004/08/events/event'><System><Provider Name='Microsoft-Windows-Sysmon' Guid='{5770385f-c22a-43e0-bf4c-06f5698ffbd9}'/><EventID>1</EventID><Version>5</Version><Level>4</Level><Task>1</Task><Opcode>0</Opcode><Keywords>0x8000000000000000</Keywords><TimeCreated SystemTime='2020-05-18T06:51:25.275388900Z'/><EventRecordID>4049</EventRecordID><Correlation/><Execution ProcessID='2944' ThreadID='3260'/><Channel>Microsoft-Windows-Sysmon/Operational</Channel><Computer>DESKTOP-P84STH6</Computer><Security UserID='S-1-5-18'/></System><EventData><Data Name='RuleName'></Data><Data Name='UtcTime'>2020-05-18 06:51:25.265</Data><Data Name='ProcessGuid'>{5d3d98af-306d-5ec2-0000-001055427c00}</Data><Data Name='ProcessId'>7580</Data><Data Name='Image'>C:\Windows\System32\svchost.exe</Data><Data Name='FileVersion'>10.0.18362.1 (WinBuild.160101.0800)</Data><Data Name='Description'>Host Process for Windows Services</Data><Data Name='Product'>Microsoft® Windows® Operating System</Data><Data Name='Company'>Microsoft Corporation</Data><Data Name='OriginalFileName'>svchost.exe</Data><Data Name='CommandLine'>C:\Windows\system32\svchost.exe -k netsvcs -p -s DsmSvc</Data><Data Name='CurrentDirectory'>C:\Windows\system32\</Data><Data Name='User'>NT AUTHORITY\SYSTEM</Data><Data Name='LogonGuid'>{5d3d98af-2596-5ec2-0000-0020e7030000}</Data><Data Name='LogonId'>0x3e7</Data><Data Name='TerminalSessionId'>0</Data><Data Name='IntegrityLevel'>System</Data><Data Name='Hashes'>MD5=9520A99E77D6196D0D09833146424113,SHA256=DD191A5B23DF92E12A8852291F9FB5ED594B76A28A5A464418442584AFD1E048,IMPHASH=247B9220E5D9B720A82B2C8B5069AD69</Data><Data Name='ParentProcessGuid'>{5d3d98af-2596-5ec2-0000-0010015c0000}</Data><Data Name='ParentProcessId'>656</Data><Data Name='ParentImage'>C:\Windows\System32\services.exe</Data><Data Name='ParentCommandLine'>C:\Windows\system32\services.exe</Data></EventData></Event><Event xmlns='http://schemas.microsoft.com/win/2004/08/events/event'><System><Provider Name='Microsoft-Windows-Sysmon' Guid='{5770385f-c22a-43e0-bf4c-06f5698ffbd9}'/><EventID>13</EventID><Version>2</Version><Level>4</Level><Task>13</Task><Opcode>0</Opcode><Keywords>0x8000000000000000</Keywords><TimeCreated SystemTime='2020-05-18T06:51:25.270904700Z'/><EventRecordID>4048</EventRecordID><Correlation/><Execution ProcessID='2944' ThreadID='3260'/><Channel>Microsoft-Windows-Sysmon/Operational</Channel><Computer>DESKTOP-P84STH6</Computer><Security UserID='S-1-5-18'/></System><EventData><Data Name='RuleName'>InvDB-DriverVer</Data><Data Name='EventType'>SetValue</Data><Data Name='UtcTime'>2020-05-18 06:51:25.264</Data><Data Name='ProcessGuid'>{5d3d98af-2594-5ec2-0000-0010eb030000}</Data><Data Name='ProcessId'>4</Data><Data Name='Image'>System</Data><Data Name='TargetObject'>HKLM\System\CurrentControlSet\Control\Class\{1ed2bbf9-11f0-4084-b21f-ad83a8e6dcdc}\0004\DriverVersion</Data><Data Name='Details'>10.0.18362.1</Data></EventData></Event><Event xmlns='http://schemas.microsoft.com/win/2004/08/events/event'><System><Provider Name='Microsoft-Windows-Sysmon' Guid='{5770385f-c22a-43e0-bf4c-06f5698ffbd9}'/><EventID>13</EventID><Version>2</Version><Level>4</Level><Task>13</Task><Opcode>0</Opcode><Keywords>0x8000000000000000</Keywords><TimeCreated SystemTime='2020-05-18T06:51:25.259382600Z'/><EventRecordID>4047</EventRecordID><Correlation/><Execution ProcessID='2944' ThreadID='3260'/><Channel>Microsoft-Windows-Sysmon/Operational</Channel><Computer>DESKTOP-P84STH6</Computer><Security UserID='S-1-5-18'/></System><EventData><Data Name='RuleName'>InvDB-DriverVer</Data><Data Name='EventType'>SetValue</Data><Data Name='UtcTime'>2020-05-18 06:51:25.258</Data><Data Name='ProcessGuid'>{5d3d98af-2596-5ec2-0000-00103f830100}</Data><Data Name='ProcessId'>2564</Data><Data Name='Image'>C:\Windows\System32\spoolsv.exe</Data><Data Name='TargetObject'>HKLM\SOFTWARE\Microsoft\Windows NT\CurrentVersion\Print\Printers\S-1-5-21-223836497-1760142647-788189203-1001:OneNote for Windows 10\DsDriver\driverVersion</Data><Data Name='Details'>DWORD (0x00000401)</Data></EventData></Event><Event xmlns='http://schemas.microsoft.com/win/2004/08/events/event'><System><Provider Name='Microsoft-Windows-Sysmon' Guid='{5770385f-c22a-43e0-bf4c-06f5698ffbd9}'/><EventID>13</EventID><Version>2</Version><Level>4</Level><Task>13</Task><Opcode>0</Opcode><Keywords>0x8000000000000000</Keywords><TimeCreated SystemTime='2020-05-18T06:51:24.978303900Z'/><EventRecordID>4046</EventRecordID><Correlation/><Execution ProcessID='2944' ThreadID='3260'/><Channel>Microsoft-Windows-Sysmon/Operational</Channel><Computer>DESKTOP-P84STH6</Computer><Security UserID='S-1-5-18'/></System><EventData><Data Name='RuleName'>InvDB-DriverVer</Data><Data Name='EventType'>SetValue</Data><Data Name='UtcTime'>2020-05-18 06:51:24.933</Data><Data Name='ProcessGuid'>{5d3d98af-2596-5ec2-0000-00103f830100}</Data><Data Name='ProcessId'>2564</Data><Data Name='Image'>C:\Windows\System32\spoolsv.exe</Data><Data Name='TargetObject'>HKLM\SOFTWARE\Microsoft\Windows NT\CurrentVersion\Print\Printers\S-1-5-21-223836497-1760142647-788189203-1001:OneNote for Windows 10,0\DsDriver\driverVersion</Data><Data Name='Details'>DWORD (0x00000401)</Data></EventData></Event><Event xmlns='http://schemas.microsoft.com/win/2004/08/events/event'><System><Provider Name='Microsoft-Windows-Sysmon' Guid='{5770385f-c22a-43e0-bf4c-06f5698ffbd9}'/><EventID>12</EventID><Version>2</Version><Level>4</Level><Task>12</Task><Opcode>0</Opcode><Keywords>0x8000000000000000</Keywords><TimeCreated SystemTime='2020-05-18T06:51:24.966336100Z'/><EventRecordID>4045</EventRecordID><Correlation/><Execution ProcessID='2944' ThreadID='3260'/><Channel>Microsoft-Windows-Sysmon/Operational</Channel><Computer>DESKTOP-P84STH6</Computer><Security UserID='S-1-5-18'/></System><EventData><Data Name='RuleName'>Context,DeviceConntectedOrUpdated</Data><Data Name='EventType'>DeleteValue</Data><Data Name='UtcTime'>2020-05-18 06:51:24.929</Data><Data Name='ProcessGuid'>{5d3d98af-2596-5ec2-0000-00103f830100}</Data><Data Name='ProcessId'>2564</Data><Data Name='Image'>C:\Windows\System32\spoolsv.exe</Data><Data Name='TargetObject'>HKLM\System\CurrentControlSet\Enum\SWD\PRINTENUM\{08CF8829-BCB3-4AF5-994C-E269891EFBFB}\FriendlyName</Data></EventData></Event><Event xmlns='http://schemas.microsoft.com/win/2004/08/events/event'><System><Provider Name='Microsoft-Windows-Sysmon' Guid='{5770385f-c22a-43e0-bf4c-06f5698ffbd9}'/><EventID>12</EventID><Version>2</Version><Level>4</Level><Task>12</Task><Opcode>0</Opcode><Keywords>0x8000000000000000</Keywords><TimeCreated SystemTime='2020-05-18T06:51:24.961462200Z'/><EventRecordID>4044</EventRecordID><Correlation/><Execution ProcessID='2944' ThreadID='3260'/><Channel>Microsoft-Windows-Sysmon/Operational</Channel><Computer>DESKTOP-P84STH6</Computer><Security UserID='S-1-5-18'/></System><EventData><Data Name='RuleName'>InvDB-DriverVer</Data><Data Name='EventType'>DeleteValue</Data><Data Name='UtcTime'>2020-05-18 06:51:24.929</Data><Data Name='ProcessGuid'>{5d3d98af-2596-5ec2-0000-00103f830100}</Data><Data Name='ProcessId'>2564</Data><Data Name='Image'>C:\Windows\System32\spoolsv.exe</Data><Data Name='TargetObject'>HKLM\System\CurrentControlSet\Control\Class\{1ed2bbf9-11f0-4084-b21f-ad83a8e6dcdc}\0004\DriverVersion</Data></EventData></Event><Event xmlns='http://schemas.microsoft.com/win/2004/08/events/event'><System><Provider Name='Microsoft-Windows-Sysmon' Guid='{5770385f-c22a-43e0-bf4c-06f5698ffbd9}'/><EventID>12</EventID><Version>2</Version><Level>4</Level><Task>12</Task><Opcode>0</Opcode><Keywords>0x8000000000000000</Keywords><TimeCreated SystemTime='2020-05-18T06:51:24.955763200Z'/><EventRecordID>4043</EventRecordID><Correlation/><Execution ProcessID='2944' ThreadID='3260'/><Channel>Microsoft-Windows-Sysmon/Operational</Channel><Computer>DESKTOP-P84STH6</Computer><Security UserID='S-1-5-18'/></System><EventData><Data Name='RuleName'>Context,DeviceConntectedOrUpdated</Data><Data Name='EventType'>DeleteValue</Data><Data Name='UtcTime'>2020-05-18 06:51:24.926</Data><Data Name='ProcessGuid'>{5d3d98af-2596-5ec2-0000-00103f830100}</Data><Data Name='ProcessId'>2564</Data><Data Name='Image'>C:\Windows\System32\spoolsv.exe</Data><Data Name='TargetObject'>HKLM\System\CurrentControlSet\Control\DeviceClasses\{0ecef634-6ef0-472a-8085-5ad023ecbccd}\##?#SWD#PRINTENUM#{08CF8829-BCB3-4AF5-994C-E269891EFBFB}#{0ecef634-6ef0-472a-8085-5ad023ecbccd}\#\Device Parameters\FriendlyName</Data></EventData></Event><Event xmlns='http://schemas.microsoft.com/win/2004/08/events/event'><System><Provider Name='Microsoft-Windows-Sysmon' Guid='{5770385f-c22a-43e0-bf4c-06f5698ffbd9}'/><EventID>22</EventID><Version>5</Version><Level>4</Level><Task>22</Task><Opcode>0</Opcode><Keywords>0x8000000000000000</Keywords><TimeCreated SystemTime='2020-05-18T06:51:22.550575500Z'/><EventRecordID>4042</EventRecordID><Correlation/><Execution ProcessID='2944' ThreadID='3256'/><Channel>Microsoft-Windows-Sysmon/Operational</Channel><Computer>DESKTOP-P84STH6</Computer><Security UserID='S-1-5-18'/></System><EventData><Data Name='RuleName'></Data><Data Name='UtcTime'>2020-05-18 06:51:18.833</Data><Data Name='ProcessGuid'>{5d3d98af-295a-5ec2-0000-00103e1b1600}</Data><Data Name='ProcessId'>7912</Data><Data Name='QueryName'>www.youtube.com</Data><Data Name='QueryStatus'>0</Data><Data Name='QueryResults'>type:  5 youtube-ui.l.google.com;172.217.160.78;216.58.200.238;172.217.160.110;172.217.24.14;216.58.200.46;</Data><Data Name='Image'>C:\Program Files (x86)\Google\Chrome\Application\chrome.exe</Data></EventData></Event><Event xmlns='http://schemas.microsoft.com/win/2004/08/events/event'><System><Provider Name='Microsoft-Windows-Sysmon' Guid='{5770385f-c22a-43e0-bf4c-06f5698ffbd9}'/><EventID>11</EventID><Version>2</Version><Level>4</Level><Task>11</Task><Opcode>0</Opcode><Keywords>0x8000000000000000</Keywords><TimeCreated SystemTime='2020-05-18T06:51:22.247015000Z'/><EventRecordID>4041</EventRecordID><Correlation/><Execution ProcessID='2944' ThreadID='3260'/><Channel>Microsoft-Windows-Sysmon/Operational</Channel><Computer>DESKTOP-P84STH6</Computer><Security UserID='S-1-5-18'/></System><EventData><Data Name='RuleName'>DLL</Data><Data Name='UtcTime'>2020-05-18 06:51:22.246</Data><Data Name='ProcessGuid'>{5d3d98af-2fdb-5ec2-0000-0010e0fc3000}</Data><Data Name='ProcessId'>2168</Data><Data Name='Image'>C:\Windows\system32\svchost.exe</Data><Data Name='TargetFilename'>C:\Program Files\WindowsApps\Microsoft.Office.OneNote_16001.12730.20190.0_neutral_zh-tw_8wekyb3d8bbwe\zh-tw\osfintlimm.dll</Data><Data Name='CreationUtcTime'>2020-05-18 06:51:22.246</Data></EventData></Event><Event xmlns='http://schemas.microsoft.com/win/2004/08/events/event'><System><Provider Name='Microsoft-Windows-Sysmon' Guid='{5770385f-c22a-43e0-bf4c-06f5698ffbd9}'/><EventID>11</EventID><Version>2</Version><Level>4</Level><Task>11</Task><Opcode>0</Opcode><Keywords>0x8000000000000000</Keywords><TimeCreated SystemTime='2020-05-18T06:51:22.246728000Z'/><EventRecordID>4040</EventRecordID><Correlation/><Execution ProcessID='2944' ThreadID='3260'/><Channel>Microsoft-Windows-Sysmon/Operational</Channel><Computer>DESKTOP-P84STH6</Computer><Security UserID='S-1-5-18'/></System><EventData><Data Name='RuleName'>DLL</Data><Data Name='UtcTime'>2020-05-18 06:51:22.246</Data><Data Name='ProcessGuid'>{5d3d98af-2fdb-5ec2-0000-0010e0fc3000}</Data><Data Name='ProcessId'>2168</Data><Data Name='Image'>C:\Windows\system32\svchost.exe</Data><Data Name='TargetFilename'>C:\Program Files\WindowsApps\Microsoft.Office.OneNote_16001.12730.20190.0_neutral_zh-tw_8wekyb3d8bbwe\zh-tw\onintlim.dll</Data><Data Name='CreationUtcTime'>2020-05-18 06:51:22.246</Data></EventData></Event><Event xmlns='http://schemas.microsoft.com/win/2004/08/events/event'><System><Provider Name='Microsoft-Windows-Sysmon' Guid='{5770385f-c22a-43e0-bf4c-06f5698ffbd9}'/><EventID>11</EventID><Version>2</Version><Level>4</Level><Task>11</Task><Opcode>0</Opcode><Keywords>0x8000000000000000</Keywords><TimeCreated SystemTime='2020-05-18T06:51:22.246170300Z'/><EventRecordID>4039</EventRecordID><Correlation/><Execution ProcessID='2944' ThreadID='3260'/><Channel>Microsoft-Windows-Sysmon/Operational</Channel><Computer>DESKTOP-P84STH6</Computer><Security UserID='S-1-5-18'/></System><EventData><Data Name='RuleName'>DLL</Data><Data Name='UtcTime'>2020-05-18 06:51:22.245</Data><Data Name='ProcessGuid'>{5d3d98af-2fdb-5ec2-0000-0010e0fc3000}</Data><Data Name='ProcessId'>2168</Data><Data Name='Image'>C:\Windows\system32\svchost.exe</Data><Data Name='TargetFilename'>C:\Program Files\WindowsApps\Microsoft.Office.OneNote_16001.12730.20190.0_neutral_zh-tw_8wekyb3d8bbwe\zh-tw\omsautintlimm.dll</Data><Data Name='CreationUtcTime'>2020-05-18 06:51:22.245</Data></EventData></Event><Event xmlns='http://schemas.microsoft.com/win/2004/08/events/event'><System><Provider Name='Microsoft-Windows-Sysmon' Guid='{5770385f-c22a-43e0-bf4c-06f5698ffbd9}'/><EventID>11</EventID><Version>2</Version><Level>4</Level><Task>11</Task><Opcode>0</Opcode><Keywords>0x8000000000000000</Keywords><TimeCreated SystemTime='2020-05-18T06:51:22.245612700Z'/><EventRecordID>4038</EventRecordID><Correlation/><Execution ProcessID='2944' ThreadID='3260'/><Channel>Microsoft-Windows-Sysmon/Operational</Channel><Computer>DESKTOP-P84STH6</Computer><Security UserID='S-1-5-18'/></System><EventData><Data Name='RuleName'>DLL</Data><Data Name='UtcTime'>2020-05-18 06:51:22.245</Data><Data Name='ProcessGuid'>{5d3d98af-2fdb-5ec2-0000-0010e0fc3000}</Data><Data Name='ProcessId'>2168</Data><Data Name='Image'>C:\Windows\system32\svchost.exe</Data><Data Name='TargetFilename'>C:\Program Files\WindowsApps\Microsoft.Office.OneNote_16001.12730.20190.0_neutral_zh-tw_8wekyb3d8bbwe\zh-tw\msointlimm.dll</Data><Data Name='CreationUtcTime'>2020-05-18 06:51:22.245</Data></EventData></Event><Event xmlns='http://schemas.microsoft.com/win/2004/08/events/event'><System><Provider Name='Microsoft-Windows-Sysmon' Guid='{5770385f-c22a-43e0-bf4c-06f5698ffbd9}'/><EventID>11</EventID><Version>2</Version><Level>4</Level><Task>11</Task><Opcode>0</Opcode><Keywords>0x8000000000000000</Keywords><TimeCreated SystemTime='2020-05-18T06:51:22.245231200Z'/><EventRecordID>4037</EventRecordID><Correlation/><Execution ProcessID='2944' ThreadID='3260'/><Channel>Microsoft-Windows-Sysmon/Operational</Channel><Computer>DESKTOP-P84STH6</Computer><Security UserID='S-1-5-18'/></System><EventData><Data Name='RuleName'>DLL</Data><Data Name='UtcTime'>2020-05-18 06:51:22.245</Data><Data Name='ProcessGuid'>{5d3d98af-2fdb-5ec2-0000-0010e0fc3000}</Data><Data Name='ProcessId'>2168</Data><Data Name='Image'>C:\Windows\system32\svchost.exe</Data><Data Name='TargetFilename'>C:\Program Files\WindowsApps\Microsoft.Office.OneNote_16001.12730.20190.0_neutral_zh-tw_8wekyb3d8bbwe\zh-tw\msointl30_winrt.dll</Data><Data Name='CreationUtcTime'>2020-05-18 06:51:22.244</Data></EventData></Event><Event xmlns='http://schemas.microsoft.com/win/2004/08/events/event'><System><Provider Name='Microsoft-Windows-Sysmon' Guid='{5770385f-c22a-43e0-bf4c-06f5698ffbd9}'/><EventID>11</EventID><Version>2</Version><Level>4</Level><Task>11</Task><Opcode>0</Opcode><Keywords>0x8000000000000000</Keywords><TimeCreated SystemTime='2020-05-18T06:51:19.045747100Z'/><EventRecordID>4036</EventRecordID><Correlation/><Execution ProcessID='2944' ThreadID='3260'/><Channel>Microsoft-Windows-Sysmon/Operational</Channel><Computer>DESKTOP-P84STH6</Computer><Security UserID='S-1-5-18'/></System><EventData><Data Name='RuleName'>EXE</Data><Data Name='UtcTime'>2020-05-18 06:51:19.045</Data><Data Name='ProcessGuid'>{5d3d98af-2fdb-5ec2-0000-0010e0fc3000}</Data><Data Name='ProcessId'>2168</Data><Data Name='Image'>C:\Windows\system32\svchost.exe</Data><Data Name='TargetFilename'>C:\Users\NS\AppData\Local\Microsoft\WindowsApps\Microsoft.XboxGamingOverlay_8wekyb3d8bbwe\GameBarElevatedFT_Alias.exe</Data><Data Name='CreationUtcTime'>2020-05-18 06:51:19.045</Data></EventData></Event><Event xmlns='http://schemas.microsoft.com/win/2004/08/events/event'><System><Provider Name='Microsoft-Windows-Sysmon' Guid='{5770385f-c22a-43e0-bf4c-06f5698ffbd9}'/><EventID>11</EventID><Version>2</Version><Level>4</Level><Task>11</Task><Opcode>0</Opcode><Keywords>0x8000000000000000</Keywords><TimeCreated SystemTime='2020-05-18T06:51:19.043811200Z'/><EventRecordID>4035</EventRecordID><Correlation/><Execution ProcessID='2944' ThreadID='3260'/><Channel>Microsoft-Windows-Sysmon/Operational</Channel><Computer>DESKTOP-P84STH6</Computer><Security UserID='S-1-5-18'/></System><EventData><Data Name='RuleName'>EXE</Data><Data Name='UtcTime'>2020-05-18 06:51:19.043</Data><Data Name='ProcessGuid'>{5d3d98af-2fdb-5ec2-0000-0010e0fc3000}</Data><Data Name='ProcessId'>2168</Data><Data Name='Image'>C:\Windows\system32\svchost.exe</Data><Data Name='TargetFilename'>C:\Users\NS\AppData\Local\Microsoft\WindowsApps\GameBarElevatedFT_Alias.exe</Data><Data Name='CreationUtcTime'>2020-05-18 05:39:27.208</Data></EventData></Event>